[2024-06-25T12:44:13.958+0000] {local_task_job_runner.py:120} INFO - ::group::Pre task execution logs
[2024-06-25T12:44:13.972+0000] {taskinstance.py:2076} INFO - Dependencies all met for dep_context=non-requeueable deps ti=<TaskInstance: windturbine.get_data manual__2024-06-25T12:44:11.588824+00:00 [queued]>
[2024-06-25T12:44:13.977+0000] {taskinstance.py:2076} INFO - Dependencies all met for dep_context=requeueable deps ti=<TaskInstance: windturbine.get_data manual__2024-06-25T12:44:11.588824+00:00 [queued]>
[2024-06-25T12:44:13.977+0000] {taskinstance.py:2306} INFO - Starting attempt 1 of 2
[2024-06-25T12:44:13.984+0000] {taskinstance.py:2330} INFO - Executing <Task(PythonOperator): get_data> on 2024-06-25 12:44:11.588824+00:00
[2024-06-25T12:44:13.988+0000] {warnings.py:112} WARNING - /home/***/.local/lib/python3.12/site-packages/***/task/task_runner/standard_task_runner.py:61: DeprecationWarning: This process (pid=1072) is multi-threaded, use of fork() may lead to deadlocks in the child.
  pid = os.fork()

[2024-06-25T12:44:13.989+0000] {standard_task_runner.py:63} INFO - Started process 1074 to run task
[2024-06-25T12:44:13.989+0000] {standard_task_runner.py:90} INFO - Running: ['***', 'tasks', 'run', 'windturbine', 'get_data', 'manual__2024-06-25T12:44:11.588824+00:00', '--job-id', '482', '--raw', '--subdir', 'DAGS_FOLDER/windturbine.py', '--cfg-path', '/tmp/tmpa6h8j_a2']
[2024-06-25T12:44:13.991+0000] {standard_task_runner.py:91} INFO - Job 482: Subtask get_data
[2024-06-25T12:44:14.014+0000] {task_command.py:426} INFO - Running <TaskInstance: windturbine.get_data manual__2024-06-25T12:44:11.588824+00:00 [running]> on host 8f35bebe2893
[2024-06-25T12:44:14.055+0000] {taskinstance.py:2648} INFO - Exporting env vars: AIRFLOW_CTX_DAG_EMAIL='liviataina.ltab@gmail.com' AIRFLOW_CTX_DAG_OWNER='***' AIRFLOW_CTX_DAG_ID='windturbine' AIRFLOW_CTX_TASK_ID='get_data' AIRFLOW_CTX_EXECUTION_DATE='2024-06-25T12:44:11.588824+00:00' AIRFLOW_CTX_TRY_NUMBER='1' AIRFLOW_CTX_DAG_RUN_ID='manual__2024-06-25T12:44:11.588824+00:00'
[2024-06-25T12:44:14.056+0000] {taskinstance.py:430} INFO - ::endgroup::
[2024-06-25T12:44:14.098+0000] {python.py:237} INFO - Done. Returned value was: None
[2024-06-25T12:44:14.098+0000] {taskinstance.py:441} INFO - ::group::Post task execution logs
[2024-06-25T12:44:14.106+0000] {taskinstance.py:1206} INFO - Marking task as SUCCESS. dag_id=windturbine, task_id=get_data, run_id=manual__2024-06-25T12:44:11.588824+00:00, execution_date=20240625T124411, start_date=20240625T124413, end_date=20240625T124414
[2024-06-25T12:44:14.122+0000] {local_task_job_runner.py:240} INFO - Task exited with return code 0
[2024-06-25T12:44:14.127+0000] {warnings.py:112} WARNING - /home/***/.local/lib/python3.12/site-packages/***/models/baseoperator.py:1297: AirflowProviderDeprecationWarning: Call to deprecated class PostgresOperator. (Please use `***.providers.common.sql.operators.sql.SQLExecuteQueryOperator`.Also, you can provide `hook_params={'schema': <database>}`.)
  result = cls.__new__(cls)

[2024-06-25T12:44:14.139+0000] {taskinstance.py:3503} INFO - 2 downstream tasks scheduled from follow-on schedule check
[2024-06-25T12:44:14.140+0000] {local_task_job_runner.py:222} INFO - ::endgroup::
