[2024-06-20T11:00:12.635+0000] {local_task_job_runner.py:120} INFO - ::group::Pre task execution logs
[2024-06-20T11:00:12.648+0000] {taskinstance.py:2076} INFO - Dependencies all met for dep_context=non-requeueable deps ti=<TaskInstance: default_args.task3 scheduled__2024-06-20T10:00:00+00:00 [queued]>
[2024-06-20T11:00:12.652+0000] {taskinstance.py:2076} INFO - Dependencies all met for dep_context=requeueable deps ti=<TaskInstance: default_args.task3 scheduled__2024-06-20T10:00:00+00:00 [queued]>
[2024-06-20T11:00:12.653+0000] {taskinstance.py:2306} INFO - Starting attempt 1 of 2
[2024-06-20T11:00:12.661+0000] {taskinstance.py:2330} INFO - Executing <Task(BashOperator): task3> on 2024-06-20 10:00:00+00:00
[2024-06-20T11:00:12.664+0000] {warnings.py:112} WARNING - /home/***/.local/lib/python3.12/site-packages/***/task/task_runner/standard_task_runner.py:61: DeprecationWarning: This process (pid=681) is multi-threaded, use of fork() may lead to deadlocks in the child.
  pid = os.fork()

[2024-06-20T11:00:12.665+0000] {standard_task_runner.py:63} INFO - Started process 682 to run task
[2024-06-20T11:00:12.665+0000] {standard_task_runner.py:90} INFO - Running: ['***', 'tasks', 'run', 'default_args', 'task3', 'scheduled__2024-06-20T10:00:00+00:00', '--job-id', '203', '--raw', '--subdir', 'DAGS_FOLDER/defaultargs.py', '--cfg-path', '/tmp/tmpxi3oebw6']
[2024-06-20T11:00:12.666+0000] {standard_task_runner.py:91} INFO - Job 203: Subtask task3
[2024-06-20T11:00:12.689+0000] {task_command.py:426} INFO - Running <TaskInstance: default_args.task3 scheduled__2024-06-20T10:00:00+00:00 [running]> on host 9eff92391446
[2024-06-20T11:00:12.735+0000] {taskinstance.py:2648} INFO - Exporting env vars: AIRFLOW_CTX_DAG_EMAIL='teste@gmail.com' AIRFLOW_CTX_DAG_OWNER='***' AIRFLOW_CTX_DAG_ID='default_args' AIRFLOW_CTX_TASK_ID='task3' AIRFLOW_CTX_EXECUTION_DATE='2024-06-20T10:00:00+00:00' AIRFLOW_CTX_TRY_NUMBER='1' AIRFLOW_CTX_DAG_RUN_ID='scheduled__2024-06-20T10:00:00+00:00'
[2024-06-20T11:00:12.735+0000] {taskinstance.py:430} INFO - ::endgroup::
[2024-06-20T11:00:12.742+0000] {subprocess.py:63} INFO - Tmp dir root location: /tmp
[2024-06-20T11:00:12.743+0000] {subprocess.py:75} INFO - Running command: ['/usr/bin/bash', '-c', 'sleep 5']
[2024-06-20T11:00:12.748+0000] {subprocess.py:86} INFO - Output:
[2024-06-20T11:00:17.750+0000] {subprocess.py:97} INFO - Command exited with return code 0
[2024-06-20T11:00:17.751+0000] {taskinstance.py:441} INFO - ::group::Post task execution logs
[2024-06-20T11:00:17.766+0000] {taskinstance.py:1206} INFO - Marking task as SUCCESS. dag_id=default_args, task_id=task3, run_id=scheduled__2024-06-20T10:00:00+00:00, execution_date=20240620T100000, start_date=20240620T110012, end_date=20240620T110017
[2024-06-20T11:00:17.813+0000] {local_task_job_runner.py:240} INFO - Task exited with return code 0
[2024-06-20T11:00:17.822+0000] {taskinstance.py:3503} INFO - 0 downstream tasks scheduled from follow-on schedule check
[2024-06-20T11:00:17.823+0000] {local_task_job_runner.py:222} INFO - ::endgroup::
