[2024-06-20T15:10:05.466+0000] {local_task_job_runner.py:120} INFO - ::group::Pre task execution logs
[2024-06-20T15:10:05.479+0000] {taskinstance.py:2076} INFO - Dependencies all met for dep_context=non-requeueable deps ti=<TaskInstance: pool.task4 manual__2024-06-20T15:09:46.183124+00:00 [queued]>
[2024-06-20T15:10:05.484+0000] {taskinstance.py:2076} INFO - Dependencies all met for dep_context=requeueable deps ti=<TaskInstance: pool.task4 manual__2024-06-20T15:09:46.183124+00:00 [queued]>
[2024-06-20T15:10:05.484+0000] {taskinstance.py:2306} INFO - Starting attempt 1 of 1
[2024-06-20T15:10:05.492+0000] {taskinstance.py:2330} INFO - Executing <Task(BashOperator): task4> on 2024-06-20 15:09:46.183124+00:00
[2024-06-20T15:10:05.496+0000] {warnings.py:112} WARNING - /home/***/.local/lib/python3.12/site-packages/***/task/task_runner/standard_task_runner.py:61: DeprecationWarning: This process (pid=1175) is multi-threaded, use of fork() may lead to deadlocks in the child.
  pid = os.fork()

[2024-06-20T15:10:05.497+0000] {standard_task_runner.py:63} INFO - Started process 1176 to run task
[2024-06-20T15:10:05.497+0000] {standard_task_runner.py:90} INFO - Running: ['***', 'tasks', 'run', 'pool', 'task4', 'manual__2024-06-20T15:09:46.183124+00:00', '--job-id', '393', '--raw', '--subdir', 'DAGS_FOLDER/pooltest.py', '--cfg-path', '/tmp/tmp3d_mzfe4']
[2024-06-20T15:10:05.498+0000] {standard_task_runner.py:91} INFO - Job 393: Subtask task4
[2024-06-20T15:10:05.523+0000] {task_command.py:426} INFO - Running <TaskInstance: pool.task4 manual__2024-06-20T15:09:46.183124+00:00 [running]> on host ab8e160a89c3
[2024-06-20T15:10:05.574+0000] {taskinstance.py:2648} INFO - Exporting env vars: AIRFLOW_CTX_DAG_OWNER='***' AIRFLOW_CTX_DAG_ID='pool' AIRFLOW_CTX_TASK_ID='task4' AIRFLOW_CTX_EXECUTION_DATE='2024-06-20T15:09:46.183124+00:00' AIRFLOW_CTX_TRY_NUMBER='1' AIRFLOW_CTX_DAG_RUN_ID='manual__2024-06-20T15:09:46.183124+00:00'
[2024-06-20T15:10:05.574+0000] {taskinstance.py:430} INFO - ::endgroup::
[2024-06-20T15:10:05.582+0000] {subprocess.py:63} INFO - Tmp dir root location: /tmp
[2024-06-20T15:10:05.583+0000] {subprocess.py:75} INFO - Running command: ['/usr/bin/bash', '-c', 'sleep 5']
[2024-06-20T15:10:05.590+0000] {subprocess.py:86} INFO - Output:
[2024-06-20T15:10:10.592+0000] {subprocess.py:97} INFO - Command exited with return code 0
[2024-06-20T15:10:10.594+0000] {taskinstance.py:441} INFO - ::group::Post task execution logs
[2024-06-20T15:10:10.636+0000] {taskinstance.py:1206} INFO - Marking task as SUCCESS. dag_id=pool, task_id=task4, run_id=manual__2024-06-20T15:09:46.183124+00:00, execution_date=20240620T150946, start_date=20240620T151005, end_date=20240620T151010
[2024-06-20T15:10:10.674+0000] {local_task_job_runner.py:240} INFO - Task exited with return code 0
[2024-06-20T15:10:10.687+0000] {local_task_job_runner.py:222} INFO - ::endgroup::
