[2024-06-19T11:51:50.357+0000] {local_task_job_runner.py:120} INFO - ::group::Pre task execution logs
[2024-06-19T11:51:50.373+0000] {taskinstance.py:2076} INFO - Dependencies all met for dep_context=non-requeueable deps ti=<TaskInstance: dagcomplexa.task3 manual__2024-06-19T11:51:49.919633+00:00 [queued]>
[2024-06-19T11:51:50.379+0000] {taskinstance.py:2076} INFO - Dependencies all met for dep_context=requeueable deps ti=<TaskInstance: dagcomplexa.task3 manual__2024-06-19T11:51:49.919633+00:00 [queued]>
[2024-06-19T11:51:50.380+0000] {taskinstance.py:2306} INFO - Starting attempt 1 of 1
[2024-06-19T11:51:50.390+0000] {taskinstance.py:2330} INFO - Executing <Task(BashOperator): task3> on 2024-06-19 11:51:49.919633+00:00
[2024-06-19T11:51:50.395+0000] {warnings.py:112} WARNING - /home/***/.local/lib/python3.12/site-packages/***/task/task_runner/standard_task_runner.py:61: DeprecationWarning: This process (pid=997) is multi-threaded, use of fork() may lead to deadlocks in the child.
  pid = os.fork()

[2024-06-19T11:51:50.396+0000] {standard_task_runner.py:63} INFO - Started process 1000 to run task
[2024-06-19T11:51:50.397+0000] {standard_task_runner.py:90} INFO - Running: ['***', 'tasks', 'run', 'dagcomplexa', 'task3', 'manual__2024-06-19T11:51:49.919633+00:00', '--job-id', '49', '--raw', '--subdir', 'DAGS_FOLDER/dagcomplexa.py', '--cfg-path', '/tmp/tmpq9o6fih0']
[2024-06-19T11:51:50.398+0000] {standard_task_runner.py:91} INFO - Job 49: Subtask task3
[2024-06-19T11:51:50.431+0000] {task_command.py:426} INFO - Running <TaskInstance: dagcomplexa.task3 manual__2024-06-19T11:51:49.919633+00:00 [running]> on host 61c28926c6e1
[2024-06-19T11:51:50.486+0000] {taskinstance.py:2648} INFO - Exporting env vars: AIRFLOW_CTX_DAG_OWNER='***' AIRFLOW_CTX_DAG_ID='dagcomplexa' AIRFLOW_CTX_TASK_ID='task3' AIRFLOW_CTX_EXECUTION_DATE='2024-06-19T11:51:49.919633+00:00' AIRFLOW_CTX_TRY_NUMBER='1' AIRFLOW_CTX_DAG_RUN_ID='manual__2024-06-19T11:51:49.919633+00:00'
[2024-06-19T11:51:50.486+0000] {taskinstance.py:430} INFO - ::endgroup::
[2024-06-19T11:51:50.497+0000] {subprocess.py:63} INFO - Tmp dir root location: /tmp
[2024-06-19T11:51:50.497+0000] {subprocess.py:75} INFO - Running command: ['/usr/bin/bash', '-c', 'sleep 5']
[2024-06-19T11:51:50.505+0000] {subprocess.py:86} INFO - Output:
[2024-06-19T11:51:55.507+0000] {subprocess.py:97} INFO - Command exited with return code 0
[2024-06-19T11:51:55.508+0000] {taskinstance.py:441} INFO - ::group::Post task execution logs
[2024-06-19T11:51:55.523+0000] {taskinstance.py:1206} INFO - Marking task as SUCCESS. dag_id=dagcomplexa, task_id=task3, run_id=manual__2024-06-19T11:51:49.919633+00:00, execution_date=20240619T115149, start_date=20240619T115150, end_date=20240619T115155
[2024-06-19T11:51:55.573+0000] {local_task_job_runner.py:240} INFO - Task exited with return code 0
[2024-06-19T11:51:55.577+0000] {local_task_job_runner.py:222} INFO - ::endgroup::
