[2024-06-25T12:47:23.760+0000] {local_task_job_runner.py:120} INFO - ::group::Pre task execution logs
[2024-06-25T12:47:23.775+0000] {taskinstance.py:2076} INFO - Dependencies all met for dep_context=non-requeueable deps ti=<TaskInstance: windturbine.group_check_temp.send_email_normal scheduled__2024-06-25T12:42:00+00:00 [queued]>
[2024-06-25T12:47:23.780+0000] {taskinstance.py:2076} INFO - Dependencies all met for dep_context=requeueable deps ti=<TaskInstance: windturbine.group_check_temp.send_email_normal scheduled__2024-06-25T12:42:00+00:00 [queued]>
[2024-06-25T12:47:23.780+0000] {taskinstance.py:2306} INFO - Starting attempt 1 of 2
[2024-06-25T12:47:23.788+0000] {taskinstance.py:2330} INFO - Executing <Task(EmailOperator): group_check_temp.send_email_normal> on 2024-06-25 12:42:00+00:00
[2024-06-25T12:47:23.793+0000] {warnings.py:112} WARNING - /home/***/.local/lib/python3.12/site-packages/***/task/task_runner/standard_task_runner.py:61: DeprecationWarning: This process (pid=1140) is multi-threaded, use of fork() may lead to deadlocks in the child.
  pid = os.fork()

[2024-06-25T12:47:23.793+0000] {standard_task_runner.py:63} INFO - Started process 1145 to run task
[2024-06-25T12:47:23.794+0000] {standard_task_runner.py:90} INFO - Running: ['***', 'tasks', 'run', 'windturbine', 'group_check_temp.send_email_normal', 'scheduled__2024-06-25T12:42:00+00:00', '--job-id', '492', '--raw', '--subdir', 'DAGS_FOLDER/windturbine.py', '--cfg-path', '/tmp/tmp8_y2n1k5']
[2024-06-25T12:47:23.795+0000] {standard_task_runner.py:91} INFO - Job 492: Subtask group_check_temp.send_email_normal
[2024-06-25T12:47:23.819+0000] {task_command.py:426} INFO - Running <TaskInstance: windturbine.group_check_temp.send_email_normal scheduled__2024-06-25T12:42:00+00:00 [running]> on host 8f35bebe2893
[2024-06-25T12:47:23.861+0000] {taskinstance.py:2648} INFO - Exporting env vars: AIRFLOW_CTX_DAG_EMAIL='liviataina.ltab@gmail.com' AIRFLOW_CTX_DAG_OWNER='***' AIRFLOW_CTX_DAG_ID='windturbine' AIRFLOW_CTX_TASK_ID='group_check_temp.send_email_normal' AIRFLOW_CTX_EXECUTION_DATE='2024-06-25T12:42:00+00:00' AIRFLOW_CTX_TRY_NUMBER='1' AIRFLOW_CTX_DAG_RUN_ID='scheduled__2024-06-25T12:42:00+00:00'
[2024-06-25T12:47:23.862+0000] {taskinstance.py:430} INFO - ::endgroup::
[2024-06-25T12:47:23.873+0000] {warnings.py:112} WARNING - /home/***/.local/lib/python3.12/site-packages/***/utils/email.py:154: RemovedInAirflow3Warning: Fetching SMTP credentials from configuration variables will be deprecated in a future release. Please set credentials using a connection instead.
  send_mime_email(e_from=mail_from, e_to=recipients, mime_msg=msg, conn_id=conn_id, dryrun=dryrun)

[2024-06-25T12:47:23.874+0000] {email.py:271} INFO - Email alerting: attempt 1
[2024-06-25T12:47:27.353+0000] {email.py:282} INFO - Sent an alert email to ['liviataina.ltab@gmail.com']
[2024-06-25T12:47:28.878+0000] {taskinstance.py:441} INFO - ::group::Post task execution logs
[2024-06-25T12:47:28.894+0000] {taskinstance.py:1206} INFO - Marking task as SUCCESS. dag_id=windturbine, task_id=group_check_temp.send_email_normal, run_id=scheduled__2024-06-25T12:42:00+00:00, execution_date=20240625T124200, start_date=20240625T124723, end_date=20240625T124728
[2024-06-25T12:47:28.945+0000] {local_task_job_runner.py:240} INFO - Task exited with return code 0
[2024-06-25T12:47:28.975+0000] {taskinstance.py:3503} INFO - 0 downstream tasks scheduled from follow-on schedule check
[2024-06-25T12:47:28.978+0000] {local_task_job_runner.py:222} INFO - ::endgroup::
