[2024-06-19T12:28:21.503+0000] {local_task_job_runner.py:120} INFO - ::group::Pre task execution logs
[2024-06-19T12:28:21.518+0000] {taskinstance.py:2076} INFO - Dependencies all met for dep_context=non-requeueable deps ti=<TaskInstance: dagrundag2.task2 manual__2024-06-19T12:28:14.636008+00:00 [queued]>
[2024-06-19T12:28:21.523+0000] {taskinstance.py:2076} INFO - Dependencies all met for dep_context=requeueable deps ti=<TaskInstance: dagrundag2.task2 manual__2024-06-19T12:28:14.636008+00:00 [queued]>
[2024-06-19T12:28:21.524+0000] {taskinstance.py:2306} INFO - Starting attempt 1 of 1
[2024-06-19T12:28:21.532+0000] {taskinstance.py:2330} INFO - Executing <Task(BashOperator): task2> on 2024-06-19 12:28:14.636008+00:00
[2024-06-19T12:28:21.538+0000] {warnings.py:112} WARNING - /home/***/.local/lib/python3.12/site-packages/***/task/task_runner/standard_task_runner.py:61: DeprecationWarning: This process (pid=1601) is multi-threaded, use of fork() may lead to deadlocks in the child.
  pid = os.fork()

[2024-06-19T12:28:21.538+0000] {standard_task_runner.py:63} INFO - Started process 1602 to run task
[2024-06-19T12:28:21.539+0000] {standard_task_runner.py:90} INFO - Running: ['***', 'tasks', 'run', 'dagrundag2', 'task2', 'manual__2024-06-19T12:28:14.636008+00:00', '--job-id', '89', '--raw', '--subdir', 'DAGS_FOLDER/dagruandag2.py', '--cfg-path', '/tmp/tmp0eaaq5p4']
[2024-06-19T12:28:21.539+0000] {standard_task_runner.py:91} INFO - Job 89: Subtask task2
[2024-06-19T12:28:21.563+0000] {task_command.py:426} INFO - Running <TaskInstance: dagrundag2.task2 manual__2024-06-19T12:28:14.636008+00:00 [running]> on host 61c28926c6e1
[2024-06-19T12:28:21.616+0000] {taskinstance.py:2648} INFO - Exporting env vars: AIRFLOW_CTX_DAG_OWNER='***' AIRFLOW_CTX_DAG_ID='dagrundag2' AIRFLOW_CTX_TASK_ID='task2' AIRFLOW_CTX_EXECUTION_DATE='2024-06-19T12:28:14.636008+00:00' AIRFLOW_CTX_TRY_NUMBER='1' AIRFLOW_CTX_DAG_RUN_ID='manual__2024-06-19T12:28:14.636008+00:00'
[2024-06-19T12:28:21.616+0000] {taskinstance.py:430} INFO - ::endgroup::
[2024-06-19T12:28:21.625+0000] {subprocess.py:63} INFO - Tmp dir root location: /tmp
[2024-06-19T12:28:21.625+0000] {subprocess.py:75} INFO - Running command: ['/usr/bin/bash', '-c', 'sleep 5']
[2024-06-19T12:28:21.631+0000] {subprocess.py:86} INFO - Output:
[2024-06-19T12:28:26.633+0000] {subprocess.py:97} INFO - Command exited with return code 0
[2024-06-19T12:28:26.635+0000] {taskinstance.py:441} INFO - ::group::Post task execution logs
[2024-06-19T12:28:26.676+0000] {taskinstance.py:1206} INFO - Marking task as SUCCESS. dag_id=dagrundag2, task_id=task2, run_id=manual__2024-06-19T12:28:14.636008+00:00, execution_date=20240619T122814, start_date=20240619T122821, end_date=20240619T122826
[2024-06-19T12:28:26.712+0000] {local_task_job_runner.py:240} INFO - Task exited with return code 0
[2024-06-19T12:28:26.735+0000] {taskinstance.py:3503} INFO - 0 downstream tasks scheduled from follow-on schedule check
[2024-06-19T12:28:26.737+0000] {local_task_job_runner.py:222} INFO - ::endgroup::
