[2024-06-25T12:47:22.617+0000] {local_task_job_runner.py:120} INFO - ::group::Pre task execution logs
[2024-06-25T12:47:22.628+0000] {taskinstance.py:2076} INFO - Dependencies all met for dep_context=non-requeueable deps ti=<TaskInstance: windturbine.group_check_temp.check_temp_branch scheduled__2024-06-25T12:42:00+00:00 [queued]>
[2024-06-25T12:47:22.632+0000] {taskinstance.py:2076} INFO - Dependencies all met for dep_context=requeueable deps ti=<TaskInstance: windturbine.group_check_temp.check_temp_branch scheduled__2024-06-25T12:42:00+00:00 [queued]>
[2024-06-25T12:47:22.632+0000] {taskinstance.py:2306} INFO - Starting attempt 1 of 2
[2024-06-25T12:47:22.639+0000] {taskinstance.py:2330} INFO - Executing <Task(BranchPythonOperator): group_check_temp.check_temp_branch> on 2024-06-25 12:42:00+00:00
[2024-06-25T12:47:22.644+0000] {warnings.py:112} WARNING - /home/***/.local/lib/python3.12/site-packages/***/task/task_runner/standard_task_runner.py:61: DeprecationWarning: This process (pid=1134) is multi-threaded, use of fork() may lead to deadlocks in the child.
  pid = os.fork()

[2024-06-25T12:47:22.645+0000] {standard_task_runner.py:63} INFO - Started process 1138 to run task
[2024-06-25T12:47:22.645+0000] {standard_task_runner.py:90} INFO - Running: ['***', 'tasks', 'run', 'windturbine', 'group_check_temp.check_temp_branch', 'scheduled__2024-06-25T12:42:00+00:00', '--job-id', '490', '--raw', '--subdir', 'DAGS_FOLDER/windturbine.py', '--cfg-path', '/tmp/tmp3x5mz6n0']
[2024-06-25T12:47:22.646+0000] {standard_task_runner.py:91} INFO - Job 490: Subtask group_check_temp.check_temp_branch
[2024-06-25T12:47:22.671+0000] {task_command.py:426} INFO - Running <TaskInstance: windturbine.group_check_temp.check_temp_branch scheduled__2024-06-25T12:42:00+00:00 [running]> on host 8f35bebe2893
[2024-06-25T12:47:22.716+0000] {taskinstance.py:2648} INFO - Exporting env vars: AIRFLOW_CTX_DAG_EMAIL='liviataina.ltab@gmail.com' AIRFLOW_CTX_DAG_OWNER='***' AIRFLOW_CTX_DAG_ID='windturbine' AIRFLOW_CTX_TASK_ID='group_check_temp.check_temp_branch' AIRFLOW_CTX_EXECUTION_DATE='2024-06-25T12:42:00+00:00' AIRFLOW_CTX_TRY_NUMBER='1' AIRFLOW_CTX_DAG_RUN_ID='scheduled__2024-06-25T12:42:00+00:00'
[2024-06-25T12:47:22.717+0000] {taskinstance.py:430} INFO - ::endgroup::
[2024-06-25T12:47:22.724+0000] {baseoperator.py:400} WARNING - BranchPythonOperator.execute cannot be called outside TaskInstance!
[2024-06-25T12:47:22.729+0000] {python.py:237} INFO - Done. Returned value was: group_check_temp.send_email_normal
[2024-06-25T12:47:22.729+0000] {branch.py:36} INFO - Branch into group_check_temp.send_email_normal
[2024-06-25T12:47:22.730+0000] {skipmixin.py:178} INFO - Following branch group_check_temp.send_email_normal
[2024-06-25T12:47:22.739+0000] {skipmixin.py:246} INFO - Skipping tasks [('group_check_temp.send_email_alert', -1)]
[2024-06-25T12:47:22.752+0000] {taskinstance.py:441} INFO - ::group::Post task execution logs
[2024-06-25T12:47:22.764+0000] {taskinstance.py:1206} INFO - Marking task as SUCCESS. dag_id=windturbine, task_id=group_check_temp.check_temp_branch, run_id=scheduled__2024-06-25T12:42:00+00:00, execution_date=20240625T124200, start_date=20240625T124722, end_date=20240625T124722
[2024-06-25T12:47:22.817+0000] {local_task_job_runner.py:240} INFO - Task exited with return code 0
[2024-06-25T12:47:22.827+0000] {warnings.py:112} WARNING - /home/***/.local/lib/python3.12/site-packages/***/models/baseoperator.py:1297: AirflowProviderDeprecationWarning: Call to deprecated class PostgresOperator. (Please use `***.providers.common.sql.operators.sql.SQLExecuteQueryOperator`.Also, you can provide `hook_params={'schema': <database>}`.)
  result = cls.__new__(cls)

[2024-06-25T12:47:22.841+0000] {taskinstance.py:3503} INFO - 1 downstream tasks scheduled from follow-on schedule check
[2024-06-25T12:47:22.843+0000] {local_task_job_runner.py:222} INFO - ::endgroup::
