[2024-06-19T11:59:57.497+0000] {local_task_job_runner.py:120} INFO - ::group::Pre task execution logs
[2024-06-19T11:59:57.513+0000] {taskinstance.py:2076} INFO - Dependencies all met for dep_context=non-requeueable deps ti=<TaskInstance: daggroup.task3 manual__2024-06-19T11:59:56.538659+00:00 [queued]>
[2024-06-19T11:59:57.520+0000] {taskinstance.py:2076} INFO - Dependencies all met for dep_context=requeueable deps ti=<TaskInstance: daggroup.task3 manual__2024-06-19T11:59:56.538659+00:00 [queued]>
[2024-06-19T11:59:57.521+0000] {taskinstance.py:2306} INFO - Starting attempt 1 of 1
[2024-06-19T11:59:57.532+0000] {taskinstance.py:2330} INFO - Executing <Task(BashOperator): task3> on 2024-06-19 11:59:56.538659+00:00
[2024-06-19T11:59:57.538+0000] {warnings.py:112} WARNING - /home/***/.local/lib/python3.12/site-packages/***/task/task_runner/standard_task_runner.py:61: DeprecationWarning: This process (pid=1126) is multi-threaded, use of fork() may lead to deadlocks in the child.
  pid = os.fork()

[2024-06-19T11:59:57.539+0000] {standard_task_runner.py:63} INFO - Started process 1129 to run task
[2024-06-19T11:59:57.539+0000] {standard_task_runner.py:90} INFO - Running: ['***', 'tasks', 'run', 'daggroup', 'task3', 'manual__2024-06-19T11:59:56.538659+00:00', '--job-id', '56', '--raw', '--subdir', 'DAGS_FOLDER/daggroup.py', '--cfg-path', '/tmp/tmpfv0rart7']
[2024-06-19T11:59:57.540+0000] {standard_task_runner.py:91} INFO - Job 56: Subtask task3
[2024-06-19T11:59:57.571+0000] {task_command.py:426} INFO - Running <TaskInstance: daggroup.task3 manual__2024-06-19T11:59:56.538659+00:00 [running]> on host 61c28926c6e1
[2024-06-19T11:59:57.625+0000] {taskinstance.py:2648} INFO - Exporting env vars: AIRFLOW_CTX_DAG_OWNER='***' AIRFLOW_CTX_DAG_ID='daggroup' AIRFLOW_CTX_TASK_ID='task3' AIRFLOW_CTX_EXECUTION_DATE='2024-06-19T11:59:56.538659+00:00' AIRFLOW_CTX_TRY_NUMBER='1' AIRFLOW_CTX_DAG_RUN_ID='manual__2024-06-19T11:59:56.538659+00:00'
[2024-06-19T11:59:57.626+0000] {taskinstance.py:430} INFO - ::endgroup::
[2024-06-19T11:59:57.636+0000] {subprocess.py:63} INFO - Tmp dir root location: /tmp
[2024-06-19T11:59:57.636+0000] {subprocess.py:75} INFO - Running command: ['/usr/bin/bash', '-c', 'sleep 5']
[2024-06-19T11:59:57.642+0000] {subprocess.py:86} INFO - Output:
[2024-06-19T12:00:02.644+0000] {subprocess.py:97} INFO - Command exited with return code 0
[2024-06-19T12:00:02.645+0000] {taskinstance.py:441} INFO - ::group::Post task execution logs
[2024-06-19T12:00:02.665+0000] {taskinstance.py:1206} INFO - Marking task as SUCCESS. dag_id=daggroup, task_id=task3, run_id=manual__2024-06-19T11:59:56.538659+00:00, execution_date=20240619T115956, start_date=20240619T115957, end_date=20240619T120002
[2024-06-19T12:00:02.707+0000] {local_task_job_runner.py:240} INFO - Task exited with return code 0
[2024-06-19T12:00:02.739+0000] {taskinstance.py:3503} INFO - 1 downstream tasks scheduled from follow-on schedule check
[2024-06-19T12:00:02.741+0000] {local_task_job_runner.py:222} INFO - ::endgroup::
