[2024-06-26T14:33:13.163+0000] {local_task_job_runner.py:120} INFO - ::group::Pre task execution logs
[2024-06-26T14:33:13.177+0000] {taskinstance.py:2076} INFO - Dependencies all met for dep_context=non-requeueable deps ti=<TaskInstance: windturbine.get_data scheduled__2024-06-26T14:30:00+00:00 [queued]>
[2024-06-26T14:33:13.183+0000] {taskinstance.py:2076} INFO - Dependencies all met for dep_context=requeueable deps ti=<TaskInstance: windturbine.get_data scheduled__2024-06-26T14:30:00+00:00 [queued]>
[2024-06-26T14:33:13.183+0000] {taskinstance.py:2306} INFO - Starting attempt 2 of 2
[2024-06-26T14:33:13.190+0000] {taskinstance.py:2330} INFO - Executing <Task(PythonOperator): get_data> on 2024-06-26 14:30:00+00:00
[2024-06-26T14:33:13.194+0000] {warnings.py:112} WARNING - /home/***/.local/lib/python3.12/site-packages/***/task/task_runner/standard_task_runner.py:61: DeprecationWarning: This process (pid=136) is multi-threaded, use of fork() may lead to deadlocks in the child.
  pid = os.fork()

[2024-06-26T14:33:13.195+0000] {standard_task_runner.py:63} INFO - Started process 138 to run task
[2024-06-26T14:33:13.195+0000] {standard_task_runner.py:90} INFO - Running: ['***', 'tasks', 'run', 'windturbine', 'get_data', 'scheduled__2024-06-26T14:30:00+00:00', '--job-id', '578', '--raw', '--subdir', 'DAGS_FOLDER/windturbine.py', '--cfg-path', '/tmp/tmptti0ktux']
[2024-06-26T14:33:13.197+0000] {standard_task_runner.py:91} INFO - Job 578: Subtask get_data
[2024-06-26T14:33:13.222+0000] {task_command.py:426} INFO - Running <TaskInstance: windturbine.get_data scheduled__2024-06-26T14:30:00+00:00 [running]> on host 98350b7a6ca8
[2024-06-26T14:33:13.285+0000] {taskinstance.py:2648} INFO - Exporting env vars: AIRFLOW_CTX_DAG_EMAIL='liviataina.ltab@gmail.com' AIRFLOW_CTX_DAG_OWNER='***' AIRFLOW_CTX_DAG_ID='windturbine' AIRFLOW_CTX_TASK_ID='get_data' AIRFLOW_CTX_EXECUTION_DATE='2024-06-26T14:30:00+00:00' AIRFLOW_CTX_TRY_NUMBER='2' AIRFLOW_CTX_DAG_RUN_ID='scheduled__2024-06-26T14:30:00+00:00'
[2024-06-26T14:33:13.286+0000] {taskinstance.py:430} INFO - ::endgroup::
[2024-06-26T14:33:13.298+0000] {taskinstance.py:441} INFO - ::group::Post task execution logs
[2024-06-26T14:33:13.298+0000] {taskinstance.py:2905} ERROR - Task failed with exception
Traceback (most recent call last):
  File "/home/airflow/.local/lib/python3.12/site-packages/airflow/models/taskinstance.py", line 465, in _execute_task
    result = _execute_callable(context=context, **execute_callable_kwargs)
             ^^^^^^^^^^^^^^^^^^^^^^^^^^^^^^^^^^^^^^^^^^^^^^^^^^^^^^^^^^^^^
  File "/home/airflow/.local/lib/python3.12/site-packages/airflow/models/taskinstance.py", line 432, in _execute_callable
    return execute_callable(context=context, **execute_callable_kwargs)
           ^^^^^^^^^^^^^^^^^^^^^^^^^^^^^^^^^^^^^^^^^^^^^^^^^^^^^^^^^^^^
  File "/home/airflow/.local/lib/python3.12/site-packages/airflow/models/baseoperator.py", line 401, in wrapper
    return func(self, *args, **kwargs)
           ^^^^^^^^^^^^^^^^^^^^^^^^^^^
  File "/home/airflow/.local/lib/python3.12/site-packages/airflow/operators/python.py", line 235, in execute
    return_value = self.execute_callable()
                   ^^^^^^^^^^^^^^^^^^^^^^^
  File "/home/airflow/.local/lib/python3.12/site-packages/airflow/operators/python.py", line 252, in execute_callable
    return self.python_callable(*self.op_args, **self.op_kwargs)
           ^^^^^^^^^^^^^^^^^^^^^^^^^^^^^^^^^^^^^^^^^^^^^^^^^^^^^
  File "/opt/airflow/dags/windturbine.py", line 42, in process_file
    with open(Variable.get("path_file_json"), "r") as file:
         ^^^^^^^^^^^^^^^^^^^^^^^^^^^^^^^^^^^^^^^^^
FileNotFoundError: [Errno 2] No such file or directory: '/opt/airflow/data/data.json'
[2024-06-26T14:33:13.302+0000] {taskinstance.py:1206} INFO - Marking task as FAILED. dag_id=windturbine, task_id=get_data, run_id=scheduled__2024-06-26T14:30:00+00:00, execution_date=20240626T143000, start_date=20240626T143313, end_date=20240626T143313
[2024-06-26T14:33:13.312+0000] {warnings.py:112} WARNING - /home/***/.local/lib/python3.12/site-packages/***/utils/email.py:154: RemovedInAirflow3Warning: Fetching SMTP credentials from configuration variables will be deprecated in a future release. Please set credentials using a connection instead.
  send_mime_email(e_from=mail_from, e_to=recipients, mime_msg=msg, conn_id=conn_id, dryrun=dryrun)

[2024-06-26T14:33:13.312+0000] {email.py:271} INFO - Email alerting: attempt 1
[2024-06-26T14:33:16.810+0000] {email.py:282} INFO - Sent an alert email to ['liviataina.ltab@gmail.com']
[2024-06-26T14:33:18.322+0000] {standard_task_runner.py:110} ERROR - Failed to execute job 578 for task get_data ([Errno 2] No such file or directory: '/opt/airflow/data/data.json'; 138)
[2024-06-26T14:33:18.356+0000] {local_task_job_runner.py:240} INFO - Task exited with return code 1
[2024-06-26T14:33:18.371+0000] {warnings.py:112} WARNING - /home/***/.local/lib/python3.12/site-packages/***/models/baseoperator.py:1297: AirflowProviderDeprecationWarning: Call to deprecated class PostgresOperator. (Please use `***.providers.common.sql.operators.sql.SQLExecuteQueryOperator`.Also, you can provide `hook_params={'schema': <database>}`.)
  result = cls.__new__(cls)

[2024-06-26T14:33:18.389+0000] {taskinstance.py:3503} INFO - 0 downstream tasks scheduled from follow-on schedule check
[2024-06-26T14:33:18.392+0000] {local_task_job_runner.py:222} INFO - ::endgroup::
