[2024-06-18T13:51:37.815+0000] {local_task_job_runner.py:120} INFO - ::group::Pre task execution logs
[2024-06-18T13:51:37.828+0000] {taskinstance.py:2076} INFO - Dependencies all met for dep_context=non-requeueable deps ti=<TaskInstance: thirddag.task1 manual__2024-06-18T13:51:36.652165+00:00 [queued]>
[2024-06-18T13:51:37.832+0000] {taskinstance.py:2076} INFO - Dependencies all met for dep_context=requeueable deps ti=<TaskInstance: thirddag.task1 manual__2024-06-18T13:51:36.652165+00:00 [queued]>
[2024-06-18T13:51:37.832+0000] {taskinstance.py:2306} INFO - Starting attempt 1 of 1
[2024-06-18T13:51:37.839+0000] {taskinstance.py:2330} INFO - Executing <Task(BashOperator): task1> on 2024-06-18 13:51:36.652165+00:00
[2024-06-18T13:51:37.844+0000] {warnings.py:112} WARNING - /home/***/.local/lib/python3.12/site-packages/***/task/task_runner/standard_task_runner.py:61: DeprecationWarning: This process (pid=589) is multi-threaded, use of fork() may lead to deadlocks in the child.
  pid = os.fork()

[2024-06-18T13:51:37.845+0000] {standard_task_runner.py:63} INFO - Started process 592 to run task
[2024-06-18T13:51:37.846+0000] {standard_task_runner.py:90} INFO - Running: ['***', 'tasks', 'run', 'thirddag', 'task1', 'manual__2024-06-18T13:51:36.652165+00:00', '--job-id', '30', '--raw', '--subdir', 'DAGS_FOLDER/thriddag.py', '--cfg-path', '/tmp/tmpb1newo8_']
[2024-06-18T13:51:37.847+0000] {standard_task_runner.py:91} INFO - Job 30: Subtask task1
[2024-06-18T13:51:37.875+0000] {task_command.py:426} INFO - Running <TaskInstance: thirddag.task1 manual__2024-06-18T13:51:36.652165+00:00 [running]> on host a6ae00f47896
[2024-06-18T13:51:37.919+0000] {taskinstance.py:2648} INFO - Exporting env vars: AIRFLOW_CTX_DAG_OWNER='***' AIRFLOW_CTX_DAG_ID='thirddag' AIRFLOW_CTX_TASK_ID='task1' AIRFLOW_CTX_EXECUTION_DATE='2024-06-18T13:51:36.652165+00:00' AIRFLOW_CTX_TRY_NUMBER='1' AIRFLOW_CTX_DAG_RUN_ID='manual__2024-06-18T13:51:36.652165+00:00'
[2024-06-18T13:51:37.919+0000] {taskinstance.py:430} INFO - ::endgroup::
[2024-06-18T13:51:37.930+0000] {subprocess.py:63} INFO - Tmp dir root location: /tmp
[2024-06-18T13:51:37.931+0000] {subprocess.py:75} INFO - Running command: ['/usr/bin/bash', '-c', 'sleep 5']
[2024-06-18T13:51:37.937+0000] {subprocess.py:86} INFO - Output:
[2024-06-18T13:51:42.939+0000] {subprocess.py:97} INFO - Command exited with return code 0
[2024-06-18T13:51:42.941+0000] {taskinstance.py:441} INFO - ::group::Post task execution logs
[2024-06-18T13:51:42.977+0000] {taskinstance.py:1206} INFO - Marking task as SUCCESS. dag_id=thirddag, task_id=task1, run_id=manual__2024-06-18T13:51:36.652165+00:00, execution_date=20240618T135136, start_date=20240618T135137, end_date=20240618T135142
[2024-06-18T13:51:43.026+0000] {local_task_job_runner.py:240} INFO - Task exited with return code 0
[2024-06-18T13:51:43.058+0000] {taskinstance.py:3503} INFO - 1 downstream tasks scheduled from follow-on schedule check
[2024-06-18T13:51:43.060+0000] {local_task_job_runner.py:222} INFO - ::endgroup::
