[2024-06-20T13:00:00.840+0000] {local_task_job_runner.py:120} INFO - ::group::Pre task execution logs
[2024-06-20T13:00:00.853+0000] {taskinstance.py:2076} INFO - Dependencies all met for dep_context=non-requeueable deps ti=<TaskInstance: default_args.task1 scheduled__2024-06-20T12:00:00+00:00 [queued]>
[2024-06-20T13:00:00.858+0000] {taskinstance.py:2076} INFO - Dependencies all met for dep_context=requeueable deps ti=<TaskInstance: default_args.task1 scheduled__2024-06-20T12:00:00+00:00 [queued]>
[2024-06-20T13:00:00.858+0000] {taskinstance.py:2306} INFO - Starting attempt 1 of 4
[2024-06-20T13:00:00.868+0000] {taskinstance.py:2330} INFO - Executing <Task(BashOperator): task1> on 2024-06-20 12:00:00+00:00
[2024-06-20T13:00:00.872+0000] {warnings.py:112} WARNING - /home/***/.local/lib/python3.12/site-packages/***/task/task_runner/standard_task_runner.py:61: DeprecationWarning: This process (pid=93) is multi-threaded, use of fork() may lead to deadlocks in the child.
  pid = os.fork()

[2024-06-20T13:00:00.873+0000] {standard_task_runner.py:63} INFO - Started process 94 to run task
[2024-06-20T13:00:00.873+0000] {standard_task_runner.py:90} INFO - Running: ['***', 'tasks', 'run', 'default_args', 'task1', 'scheduled__2024-06-20T12:00:00+00:00', '--job-id', '317', '--raw', '--subdir', 'DAGS_FOLDER/defaultargs.py', '--cfg-path', '/tmp/tmpao8nvspl']
[2024-06-20T13:00:00.874+0000] {standard_task_runner.py:91} INFO - Job 317: Subtask task1
[2024-06-20T13:00:00.900+0000] {task_command.py:426} INFO - Running <TaskInstance: default_args.task1 scheduled__2024-06-20T12:00:00+00:00 [running]> on host 22bade8d9d37
[2024-06-20T13:00:00.954+0000] {taskinstance.py:2648} INFO - Exporting env vars: AIRFLOW_CTX_DAG_EMAIL='teste@gmail.com' AIRFLOW_CTX_DAG_OWNER='***' AIRFLOW_CTX_DAG_ID='default_args' AIRFLOW_CTX_TASK_ID='task1' AIRFLOW_CTX_EXECUTION_DATE='2024-06-20T12:00:00+00:00' AIRFLOW_CTX_TRY_NUMBER='1' AIRFLOW_CTX_DAG_RUN_ID='scheduled__2024-06-20T12:00:00+00:00'
[2024-06-20T13:00:00.955+0000] {taskinstance.py:430} INFO - ::endgroup::
[2024-06-20T13:00:00.963+0000] {subprocess.py:63} INFO - Tmp dir root location: /tmp
[2024-06-20T13:00:00.963+0000] {subprocess.py:75} INFO - Running command: ['/usr/bin/bash', '-c', 'sleep 5']
[2024-06-20T13:00:00.970+0000] {subprocess.py:86} INFO - Output:
[2024-06-20T13:00:05.972+0000] {subprocess.py:97} INFO - Command exited with return code 0
[2024-06-20T13:00:05.974+0000] {taskinstance.py:441} INFO - ::group::Post task execution logs
[2024-06-20T13:00:06.021+0000] {taskinstance.py:1206} INFO - Marking task as SUCCESS. dag_id=default_args, task_id=task1, run_id=scheduled__2024-06-20T12:00:00+00:00, execution_date=20240620T120000, start_date=20240620T130000, end_date=20240620T130006
[2024-06-20T13:00:06.076+0000] {local_task_job_runner.py:240} INFO - Task exited with return code 0
[2024-06-20T13:00:06.092+0000] {taskinstance.py:3503} INFO - 1 downstream tasks scheduled from follow-on schedule check
[2024-06-20T13:00:06.093+0000] {local_task_job_runner.py:222} INFO - ::endgroup::
