[2024-06-18T13:45:31.603+0000] {local_task_job_runner.py:120} INFO - ::group::Pre task execution logs
[2024-06-18T13:45:31.617+0000] {taskinstance.py:2076} INFO - Dependencies all met for dep_context=non-requeueable deps ti=<TaskInstance: seconddag.task3 manual__2024-06-18T13:45:25.017156+00:00 [queued]>
[2024-06-18T13:45:31.622+0000] {taskinstance.py:2076} INFO - Dependencies all met for dep_context=requeueable deps ti=<TaskInstance: seconddag.task3 manual__2024-06-18T13:45:25.017156+00:00 [queued]>
[2024-06-18T13:45:31.622+0000] {taskinstance.py:2306} INFO - Starting attempt 1 of 1
[2024-06-18T13:45:31.629+0000] {taskinstance.py:2330} INFO - Executing <Task(BashOperator): task3> on 2024-06-18 13:45:25.017156+00:00
[2024-06-18T13:45:31.633+0000] {warnings.py:112} WARNING - /home/***/.local/lib/python3.12/site-packages/***/task/task_runner/standard_task_runner.py:61: DeprecationWarning: This process (pid=506) is multi-threaded, use of fork() may lead to deadlocks in the child.
  pid = os.fork()

[2024-06-18T13:45:31.634+0000] {standard_task_runner.py:63} INFO - Started process 508 to run task
[2024-06-18T13:45:31.634+0000] {standard_task_runner.py:90} INFO - Running: ['***', 'tasks', 'run', 'seconddag', 'task3', 'manual__2024-06-18T13:45:25.017156+00:00', '--job-id', '27', '--raw', '--subdir', 'DAGS_FOLDER/seconddag.py', '--cfg-path', '/tmp/tmp7s_e7lcd']
[2024-06-18T13:45:31.635+0000] {standard_task_runner.py:91} INFO - Job 27: Subtask task3
[2024-06-18T13:45:31.661+0000] {task_command.py:426} INFO - Running <TaskInstance: seconddag.task3 manual__2024-06-18T13:45:25.017156+00:00 [running]> on host a6ae00f47896
[2024-06-18T13:45:31.707+0000] {taskinstance.py:2648} INFO - Exporting env vars: AIRFLOW_CTX_DAG_OWNER='***' AIRFLOW_CTX_DAG_ID='seconddag' AIRFLOW_CTX_TASK_ID='task3' AIRFLOW_CTX_EXECUTION_DATE='2024-06-18T13:45:25.017156+00:00' AIRFLOW_CTX_TRY_NUMBER='1' AIRFLOW_CTX_DAG_RUN_ID='manual__2024-06-18T13:45:25.017156+00:00'
[2024-06-18T13:45:31.708+0000] {taskinstance.py:430} INFO - ::endgroup::
[2024-06-18T13:45:31.716+0000] {subprocess.py:63} INFO - Tmp dir root location: /tmp
[2024-06-18T13:45:31.716+0000] {subprocess.py:75} INFO - Running command: ['/usr/bin/bash', '-c', 'sleep 5']
[2024-06-18T13:45:31.723+0000] {subprocess.py:86} INFO - Output:
[2024-06-18T13:45:36.726+0000] {subprocess.py:97} INFO - Command exited with return code 0
[2024-06-18T13:45:36.727+0000] {taskinstance.py:441} INFO - ::group::Post task execution logs
[2024-06-18T13:45:36.754+0000] {taskinstance.py:1206} INFO - Marking task as SUCCESS. dag_id=seconddag, task_id=task3, run_id=manual__2024-06-18T13:45:25.017156+00:00, execution_date=20240618T134525, start_date=20240618T134531, end_date=20240618T134536
[2024-06-18T13:45:36.807+0000] {local_task_job_runner.py:240} INFO - Task exited with return code 0
[2024-06-18T13:45:36.824+0000] {local_task_job_runner.py:222} INFO - ::endgroup::
