[2024-06-20T13:00:13.169+0000] {local_task_job_runner.py:120} INFO - ::group::Pre task execution logs
[2024-06-20T13:00:13.190+0000] {taskinstance.py:2076} INFO - Dependencies all met for dep_context=non-requeueable deps ti=<TaskInstance: default_args.task3 scheduled__2024-06-20T12:00:00+00:00 [queued]>
[2024-06-20T13:00:13.197+0000] {taskinstance.py:2076} INFO - Dependencies all met for dep_context=requeueable deps ti=<TaskInstance: default_args.task3 scheduled__2024-06-20T12:00:00+00:00 [queued]>
[2024-06-20T13:00:13.197+0000] {taskinstance.py:2306} INFO - Starting attempt 1 of 2
[2024-06-20T13:00:13.211+0000] {taskinstance.py:2330} INFO - Executing <Task(BashOperator): task3> on 2024-06-20 12:00:00+00:00
[2024-06-20T13:00:13.217+0000] {warnings.py:112} WARNING - /home/***/.local/lib/python3.12/site-packages/***/task/task_runner/standard_task_runner.py:61: DeprecationWarning: This process (pid=99) is multi-threaded, use of fork() may lead to deadlocks in the child.
  pid = os.fork()

[2024-06-20T13:00:13.218+0000] {standard_task_runner.py:63} INFO - Started process 100 to run task
[2024-06-20T13:00:13.218+0000] {standard_task_runner.py:90} INFO - Running: ['***', 'tasks', 'run', 'default_args', 'task3', 'scheduled__2024-06-20T12:00:00+00:00', '--job-id', '319', '--raw', '--subdir', 'DAGS_FOLDER/defaultargs.py', '--cfg-path', '/tmp/tmp4xh0_sn4']
[2024-06-20T13:00:13.219+0000] {standard_task_runner.py:91} INFO - Job 319: Subtask task3
[2024-06-20T13:00:13.246+0000] {task_command.py:426} INFO - Running <TaskInstance: default_args.task3 scheduled__2024-06-20T12:00:00+00:00 [running]> on host 22bade8d9d37
[2024-06-20T13:00:13.305+0000] {taskinstance.py:2648} INFO - Exporting env vars: AIRFLOW_CTX_DAG_EMAIL='teste@gmail.com' AIRFLOW_CTX_DAG_OWNER='***' AIRFLOW_CTX_DAG_ID='default_args' AIRFLOW_CTX_TASK_ID='task3' AIRFLOW_CTX_EXECUTION_DATE='2024-06-20T12:00:00+00:00' AIRFLOW_CTX_TRY_NUMBER='1' AIRFLOW_CTX_DAG_RUN_ID='scheduled__2024-06-20T12:00:00+00:00'
[2024-06-20T13:00:13.305+0000] {taskinstance.py:430} INFO - ::endgroup::
[2024-06-20T13:00:13.314+0000] {subprocess.py:63} INFO - Tmp dir root location: /tmp
[2024-06-20T13:00:13.314+0000] {subprocess.py:75} INFO - Running command: ['/usr/bin/bash', '-c', 'sleep 5']
[2024-06-20T13:00:13.323+0000] {subprocess.py:86} INFO - Output:
[2024-06-20T13:00:18.325+0000] {subprocess.py:97} INFO - Command exited with return code 0
[2024-06-20T13:00:18.326+0000] {taskinstance.py:441} INFO - ::group::Post task execution logs
[2024-06-20T13:00:18.342+0000] {taskinstance.py:1206} INFO - Marking task as SUCCESS. dag_id=default_args, task_id=task3, run_id=scheduled__2024-06-20T12:00:00+00:00, execution_date=20240620T120000, start_date=20240620T130013, end_date=20240620T130018
[2024-06-20T13:00:18.394+0000] {local_task_job_runner.py:240} INFO - Task exited with return code 0
[2024-06-20T13:00:18.403+0000] {taskinstance.py:3503} INFO - 0 downstream tasks scheduled from follow-on schedule check
[2024-06-20T13:00:18.405+0000] {local_task_job_runner.py:222} INFO - ::endgroup::
