[2024-06-26T14:13:56.626+0000] {local_task_job_runner.py:120} INFO - ::group::Pre task execution logs
[2024-06-26T14:13:56.677+0000] {taskinstance.py:2076} INFO - Dependencies all met for dep_context=non-requeueable deps ti=<TaskInstance: windturbine.file_sensor_task scheduled__2024-06-25T13:00:00+00:00 [queued]>
[2024-06-26T14:13:56.698+0000] {taskinstance.py:2076} INFO - Dependencies all met for dep_context=requeueable deps ti=<TaskInstance: windturbine.file_sensor_task scheduled__2024-06-25T13:00:00+00:00 [queued]>
[2024-06-26T14:13:56.698+0000] {taskinstance.py:2306} INFO - Starting attempt 2 of 2
[2024-06-26T14:13:56.732+0000] {taskinstance.py:2330} INFO - Executing <Task(FileSensor): file_sensor_task> on 2024-06-25 13:00:00+00:00
[2024-06-26T14:13:56.746+0000] {warnings.py:112} WARNING - /home/***/.local/lib/python3.12/site-packages/***/task/task_runner/standard_task_runner.py:61: DeprecationWarning: This process (pid=63) is multi-threaded, use of fork() may lead to deadlocks in the child.
  pid = os.fork()

[2024-06-26T14:13:56.748+0000] {standard_task_runner.py:63} INFO - Started process 102 to run task
[2024-06-26T14:13:56.753+0000] {standard_task_runner.py:90} INFO - Running: ['***', 'tasks', 'run', 'windturbine', 'file_sensor_task', 'scheduled__2024-06-25T13:00:00+00:00', '--job-id', '520', '--raw', '--subdir', 'DAGS_FOLDER/windturbine.py', '--cfg-path', '/tmp/tmpf3dr1uu9']
[2024-06-26T14:13:56.756+0000] {standard_task_runner.py:91} INFO - Job 520: Subtask file_sensor_task
[2024-06-26T14:13:56.824+0000] {task_command.py:426} INFO - Running <TaskInstance: windturbine.file_sensor_task scheduled__2024-06-25T13:00:00+00:00 [running]> on host 24f7195278eb
[2024-06-26T14:13:56.910+0000] {taskinstance.py:2648} INFO - Exporting env vars: AIRFLOW_CTX_DAG_EMAIL='liviataina.ltab@gmail.com' AIRFLOW_CTX_DAG_OWNER='***' AIRFLOW_CTX_DAG_ID='windturbine' AIRFLOW_CTX_TASK_ID='file_sensor_task' AIRFLOW_CTX_EXECUTION_DATE='2024-06-25T13:00:00+00:00' AIRFLOW_CTX_TRY_NUMBER='2' AIRFLOW_CTX_DAG_RUN_ID='scheduled__2024-06-25T13:00:00+00:00'
[2024-06-26T14:13:56.911+0000] {taskinstance.py:430} INFO - ::endgroup::
[2024-06-26T14:13:56.919+0000] {baseoperator.py:400} WARNING - FileSensor.execute cannot be called outside TaskInstance!
[2024-06-26T14:13:56.927+0000] {base.py:84} INFO - Using connection ID 'fs_default' for task execution.
[2024-06-26T14:13:56.928+0000] {filesystem.py:85} INFO - Poking for file /opt/***/data/data.json
[2024-06-26T14:14:06.928+0000] {filesystem.py:85} INFO - Poking for file /opt/***/data/data.json
[2024-06-26T14:14:16.929+0000] {filesystem.py:85} INFO - Poking for file /opt/***/data/data.json
[2024-06-26T14:14:26.930+0000] {filesystem.py:85} INFO - Poking for file /opt/***/data/data.json
[2024-06-26T14:14:36.931+0000] {filesystem.py:85} INFO - Poking for file /opt/***/data/data.json
[2024-06-26T14:14:46.932+0000] {filesystem.py:85} INFO - Poking for file /opt/***/data/data.json
[2024-06-26T14:14:56.933+0000] {filesystem.py:85} INFO - Poking for file /opt/***/data/data.json
[2024-06-26T14:15:06.933+0000] {filesystem.py:85} INFO - Poking for file /opt/***/data/data.json
[2024-06-26T14:15:16.934+0000] {filesystem.py:85} INFO - Poking for file /opt/***/data/data.json
[2024-06-26T14:15:26.935+0000] {filesystem.py:85} INFO - Poking for file /opt/***/data/data.json
[2024-06-26T14:15:36.936+0000] {filesystem.py:85} INFO - Poking for file /opt/***/data/data.json
[2024-06-26T14:15:46.937+0000] {filesystem.py:85} INFO - Poking for file /opt/***/data/data.json
[2024-06-26T14:15:56.937+0000] {filesystem.py:85} INFO - Poking for file /opt/***/data/data.json
[2024-06-26T14:16:06.938+0000] {filesystem.py:85} INFO - Poking for file /opt/***/data/data.json
[2024-06-26T14:16:16.938+0000] {filesystem.py:85} INFO - Poking for file /opt/***/data/data.json
[2024-06-26T14:16:26.939+0000] {filesystem.py:85} INFO - Poking for file /opt/***/data/data.json
[2024-06-26T14:16:36.940+0000] {filesystem.py:85} INFO - Poking for file /opt/***/data/data.json
[2024-06-26T14:16:46.940+0000] {filesystem.py:85} INFO - Poking for file /opt/***/data/data.json
[2024-06-26T14:16:56.941+0000] {filesystem.py:85} INFO - Poking for file /opt/***/data/data.json
[2024-06-26T14:17:06.942+0000] {filesystem.py:85} INFO - Poking for file /opt/***/data/data.json
[2024-06-26T14:17:16.943+0000] {filesystem.py:85} INFO - Poking for file /opt/***/data/data.json
[2024-06-26T14:17:26.944+0000] {filesystem.py:85} INFO - Poking for file /opt/***/data/data.json
[2024-06-26T14:17:36.944+0000] {filesystem.py:85} INFO - Poking for file /opt/***/data/data.json
[2024-06-26T14:17:46.945+0000] {filesystem.py:85} INFO - Poking for file /opt/***/data/data.json
[2024-06-26T14:17:56.946+0000] {filesystem.py:85} INFO - Poking for file /opt/***/data/data.json
[2024-06-26T14:18:06.947+0000] {filesystem.py:85} INFO - Poking for file /opt/***/data/data.json
[2024-06-26T14:18:16.948+0000] {filesystem.py:85} INFO - Poking for file /opt/***/data/data.json
[2024-06-26T14:18:26.949+0000] {filesystem.py:85} INFO - Poking for file /opt/***/data/data.json
[2024-06-26T14:18:36.950+0000] {filesystem.py:85} INFO - Poking for file /opt/***/data/data.json
[2024-06-26T14:18:46.951+0000] {filesystem.py:85} INFO - Poking for file /opt/***/data/data.json
[2024-06-26T14:18:56.951+0000] {filesystem.py:85} INFO - Poking for file /opt/***/data/data.json
[2024-06-26T14:19:06.952+0000] {filesystem.py:85} INFO - Poking for file /opt/***/data/data.json
[2024-06-26T14:19:16.952+0000] {filesystem.py:85} INFO - Poking for file /opt/***/data/data.json
[2024-06-26T14:19:26.953+0000] {filesystem.py:85} INFO - Poking for file /opt/***/data/data.json
[2024-06-26T14:19:36.953+0000] {filesystem.py:85} INFO - Poking for file /opt/***/data/data.json
[2024-06-26T14:19:46.954+0000] {filesystem.py:85} INFO - Poking for file /opt/***/data/data.json
[2024-06-26T14:19:56.955+0000] {filesystem.py:85} INFO - Poking for file /opt/***/data/data.json
[2024-06-26T14:20:06.955+0000] {filesystem.py:85} INFO - Poking for file /opt/***/data/data.json
