[2024-06-20T15:09:25.466+0000] {local_task_job_runner.py:120} INFO - ::group::Pre task execution logs
[2024-06-20T15:09:25.480+0000] {taskinstance.py:2076} INFO - Dependencies all met for dep_context=non-requeueable deps ti=<TaskInstance: pool.task3 manual__2024-06-20T15:09:24.667326+00:00 [queued]>
[2024-06-20T15:09:25.484+0000] {taskinstance.py:2076} INFO - Dependencies all met for dep_context=requeueable deps ti=<TaskInstance: pool.task3 manual__2024-06-20T15:09:24.667326+00:00 [queued]>
[2024-06-20T15:09:25.484+0000] {taskinstance.py:2306} INFO - Starting attempt 1 of 1
[2024-06-20T15:09:25.494+0000] {taskinstance.py:2330} INFO - Executing <Task(BashOperator): task3> on 2024-06-20 15:09:24.667326+00:00
[2024-06-20T15:09:25.500+0000] {warnings.py:112} WARNING - /home/***/.local/lib/python3.12/site-packages/***/task/task_runner/standard_task_runner.py:61: DeprecationWarning: This process (pid=1139) is multi-threaded, use of fork() may lead to deadlocks in the child.
  pid = os.fork()

[2024-06-20T15:09:25.501+0000] {standard_task_runner.py:63} INFO - Started process 1140 to run task
[2024-06-20T15:09:25.502+0000] {standard_task_runner.py:90} INFO - Running: ['***', 'tasks', 'run', 'pool', 'task3', 'manual__2024-06-20T15:09:24.667326+00:00', '--job-id', '386', '--raw', '--subdir', 'DAGS_FOLDER/pooltest.py', '--cfg-path', '/tmp/tmpig6nxt35']
[2024-06-20T15:09:25.502+0000] {standard_task_runner.py:91} INFO - Job 386: Subtask task3
[2024-06-20T15:09:25.531+0000] {task_command.py:426} INFO - Running <TaskInstance: pool.task3 manual__2024-06-20T15:09:24.667326+00:00 [running]> on host ab8e160a89c3
[2024-06-20T15:09:25.577+0000] {taskinstance.py:2648} INFO - Exporting env vars: AIRFLOW_CTX_DAG_OWNER='***' AIRFLOW_CTX_DAG_ID='pool' AIRFLOW_CTX_TASK_ID='task3' AIRFLOW_CTX_EXECUTION_DATE='2024-06-20T15:09:24.667326+00:00' AIRFLOW_CTX_TRY_NUMBER='1' AIRFLOW_CTX_DAG_RUN_ID='manual__2024-06-20T15:09:24.667326+00:00'
[2024-06-20T15:09:25.577+0000] {taskinstance.py:430} INFO - ::endgroup::
[2024-06-20T15:09:25.585+0000] {subprocess.py:63} INFO - Tmp dir root location: /tmp
[2024-06-20T15:09:25.585+0000] {subprocess.py:75} INFO - Running command: ['/usr/bin/bash', '-c', 'sleep 5']
[2024-06-20T15:09:25.592+0000] {subprocess.py:86} INFO - Output:
[2024-06-20T15:09:30.595+0000] {subprocess.py:97} INFO - Command exited with return code 0
[2024-06-20T15:09:30.596+0000] {taskinstance.py:441} INFO - ::group::Post task execution logs
[2024-06-20T15:09:30.637+0000] {taskinstance.py:1206} INFO - Marking task as SUCCESS. dag_id=pool, task_id=task3, run_id=manual__2024-06-20T15:09:24.667326+00:00, execution_date=20240620T150924, start_date=20240620T150925, end_date=20240620T150930
[2024-06-20T15:09:30.665+0000] {local_task_job_runner.py:240} INFO - Task exited with return code 0
[2024-06-20T15:09:30.675+0000] {taskinstance.py:3503} INFO - 0 downstream tasks scheduled from follow-on schedule check
[2024-06-20T15:09:30.677+0000] {local_task_job_runner.py:222} INFO - ::endgroup::
