[2024-06-20T15:09:48.605+0000] {local_task_job_runner.py:120} INFO - ::group::Pre task execution logs
[2024-06-20T15:09:48.619+0000] {taskinstance.py:2076} INFO - Dependencies all met for dep_context=non-requeueable deps ti=<TaskInstance: pool.task3 manual__2024-06-20T15:09:46.183124+00:00 [queued]>
[2024-06-20T15:09:48.624+0000] {taskinstance.py:2076} INFO - Dependencies all met for dep_context=requeueable deps ti=<TaskInstance: pool.task3 manual__2024-06-20T15:09:46.183124+00:00 [queued]>
[2024-06-20T15:09:48.624+0000] {taskinstance.py:2306} INFO - Starting attempt 1 of 1
[2024-06-20T15:09:48.633+0000] {taskinstance.py:2330} INFO - Executing <Task(BashOperator): task3> on 2024-06-20 15:09:46.183124+00:00
[2024-06-20T15:09:48.637+0000] {warnings.py:112} WARNING - /home/***/.local/lib/python3.12/site-packages/***/task/task_runner/standard_task_runner.py:61: DeprecationWarning: This process (pid=1159) is multi-threaded, use of fork() may lead to deadlocks in the child.
  pid = os.fork()

[2024-06-20T15:09:48.638+0000] {standard_task_runner.py:63} INFO - Started process 1160 to run task
[2024-06-20T15:09:48.639+0000] {standard_task_runner.py:90} INFO - Running: ['***', 'tasks', 'run', 'pool', 'task3', 'manual__2024-06-20T15:09:46.183124+00:00', '--job-id', '390', '--raw', '--subdir', 'DAGS_FOLDER/pooltest.py', '--cfg-path', '/tmp/tmppql3lgmv']
[2024-06-20T15:09:48.639+0000] {standard_task_runner.py:91} INFO - Job 390: Subtask task3
[2024-06-20T15:09:48.663+0000] {task_command.py:426} INFO - Running <TaskInstance: pool.task3 manual__2024-06-20T15:09:46.183124+00:00 [running]> on host ab8e160a89c3
[2024-06-20T15:09:48.714+0000] {taskinstance.py:2648} INFO - Exporting env vars: AIRFLOW_CTX_DAG_OWNER='***' AIRFLOW_CTX_DAG_ID='pool' AIRFLOW_CTX_TASK_ID='task3' AIRFLOW_CTX_EXECUTION_DATE='2024-06-20T15:09:46.183124+00:00' AIRFLOW_CTX_TRY_NUMBER='1' AIRFLOW_CTX_DAG_RUN_ID='manual__2024-06-20T15:09:46.183124+00:00'
[2024-06-20T15:09:48.715+0000] {taskinstance.py:430} INFO - ::endgroup::
[2024-06-20T15:09:48.723+0000] {subprocess.py:63} INFO - Tmp dir root location: /tmp
[2024-06-20T15:09:48.723+0000] {subprocess.py:75} INFO - Running command: ['/usr/bin/bash', '-c', 'sleep 5']
[2024-06-20T15:09:48.730+0000] {subprocess.py:86} INFO - Output:
[2024-06-20T15:09:53.732+0000] {subprocess.py:97} INFO - Command exited with return code 0
[2024-06-20T15:09:53.733+0000] {taskinstance.py:441} INFO - ::group::Post task execution logs
[2024-06-20T15:09:53.749+0000] {taskinstance.py:1206} INFO - Marking task as SUCCESS. dag_id=pool, task_id=task3, run_id=manual__2024-06-20T15:09:46.183124+00:00, execution_date=20240620T150946, start_date=20240620T150948, end_date=20240620T150953
[2024-06-20T15:09:53.793+0000] {local_task_job_runner.py:240} INFO - Task exited with return code 0
[2024-06-20T15:09:53.817+0000] {taskinstance.py:3503} INFO - 0 downstream tasks scheduled from follow-on schedule check
[2024-06-20T15:09:53.819+0000] {local_task_job_runner.py:222} INFO - ::endgroup::
