[2024-06-20T15:09:59.709+0000] {local_task_job_runner.py:120} INFO - ::group::Pre task execution logs
[2024-06-20T15:09:59.722+0000] {taskinstance.py:2076} INFO - Dependencies all met for dep_context=non-requeueable deps ti=<TaskInstance: pool.task2 manual__2024-06-20T15:09:46.183124+00:00 [queued]>
[2024-06-20T15:09:59.727+0000] {taskinstance.py:2076} INFO - Dependencies all met for dep_context=requeueable deps ti=<TaskInstance: pool.task2 manual__2024-06-20T15:09:46.183124+00:00 [queued]>
[2024-06-20T15:09:59.727+0000] {taskinstance.py:2306} INFO - Starting attempt 1 of 1
[2024-06-20T15:09:59.736+0000] {taskinstance.py:2330} INFO - Executing <Task(BashOperator): task2> on 2024-06-20 15:09:46.183124+00:00
[2024-06-20T15:09:59.739+0000] {warnings.py:112} WARNING - /home/***/.local/lib/python3.12/site-packages/***/task/task_runner/standard_task_runner.py:61: DeprecationWarning: This process (pid=1172) is multi-threaded, use of fork() may lead to deadlocks in the child.
  pid = os.fork()

[2024-06-20T15:09:59.740+0000] {standard_task_runner.py:63} INFO - Started process 1173 to run task
[2024-06-20T15:09:59.741+0000] {standard_task_runner.py:90} INFO - Running: ['***', 'tasks', 'run', 'pool', 'task2', 'manual__2024-06-20T15:09:46.183124+00:00', '--job-id', '392', '--raw', '--subdir', 'DAGS_FOLDER/pooltest.py', '--cfg-path', '/tmp/tmpe6luz8vk']
[2024-06-20T15:09:59.741+0000] {standard_task_runner.py:91} INFO - Job 392: Subtask task2
[2024-06-20T15:09:59.766+0000] {task_command.py:426} INFO - Running <TaskInstance: pool.task2 manual__2024-06-20T15:09:46.183124+00:00 [running]> on host ab8e160a89c3
[2024-06-20T15:09:59.832+0000] {taskinstance.py:2648} INFO - Exporting env vars: AIRFLOW_CTX_DAG_OWNER='***' AIRFLOW_CTX_DAG_ID='pool' AIRFLOW_CTX_TASK_ID='task2' AIRFLOW_CTX_EXECUTION_DATE='2024-06-20T15:09:46.183124+00:00' AIRFLOW_CTX_TRY_NUMBER='1' AIRFLOW_CTX_DAG_RUN_ID='manual__2024-06-20T15:09:46.183124+00:00'
[2024-06-20T15:09:59.832+0000] {taskinstance.py:430} INFO - ::endgroup::
[2024-06-20T15:09:59.840+0000] {subprocess.py:63} INFO - Tmp dir root location: /tmp
[2024-06-20T15:09:59.840+0000] {subprocess.py:75} INFO - Running command: ['/usr/bin/bash', '-c', 'sleep 5']
[2024-06-20T15:09:59.847+0000] {subprocess.py:86} INFO - Output:
[2024-06-20T15:10:04.849+0000] {subprocess.py:97} INFO - Command exited with return code 0
[2024-06-20T15:10:04.851+0000] {taskinstance.py:441} INFO - ::group::Post task execution logs
[2024-06-20T15:10:04.898+0000] {taskinstance.py:1206} INFO - Marking task as SUCCESS. dag_id=pool, task_id=task2, run_id=manual__2024-06-20T15:09:46.183124+00:00, execution_date=20240620T150946, start_date=20240620T150959, end_date=20240620T151004
[2024-06-20T15:10:04.951+0000] {local_task_job_runner.py:240} INFO - Task exited with return code 0
[2024-06-20T15:10:04.979+0000] {taskinstance.py:3503} INFO - 0 downstream tasks scheduled from follow-on schedule check
[2024-06-20T15:10:04.982+0000] {local_task_job_runner.py:222} INFO - ::endgroup::
