[2024-06-25T13:27:01.473+0000] {local_task_job_runner.py:120} INFO - ::group::Pre task execution logs
[2024-06-25T13:27:01.486+0000] {taskinstance.py:2076} INFO - Dependencies all met for dep_context=non-requeueable deps ti=<TaskInstance: windturbine.file_sensor_task scheduled__2024-06-25T13:24:00+00:00 [queued]>
[2024-06-25T13:27:01.490+0000] {taskinstance.py:2076} INFO - Dependencies all met for dep_context=requeueable deps ti=<TaskInstance: windturbine.file_sensor_task scheduled__2024-06-25T13:24:00+00:00 [queued]>
[2024-06-25T13:27:01.490+0000] {taskinstance.py:2306} INFO - Starting attempt 1 of 2
[2024-06-25T13:27:01.497+0000] {taskinstance.py:2330} INFO - Executing <Task(FileSensor): file_sensor_task> on 2024-06-25 13:24:00+00:00
[2024-06-25T13:27:01.502+0000] {warnings.py:112} WARNING - /home/***/.local/lib/python3.12/site-packages/***/task/task_runner/standard_task_runner.py:61: DeprecationWarning: This process (pid=1717) is multi-threaded, use of fork() may lead to deadlocks in the child.
  pid = os.fork()

[2024-06-25T13:27:01.502+0000] {standard_task_runner.py:63} INFO - Started process 1719 to run task
[2024-06-25T13:27:01.503+0000] {standard_task_runner.py:90} INFO - Running: ['***', 'tasks', 'run', 'windturbine', 'file_sensor_task', 'scheduled__2024-06-25T13:24:00+00:00', '--job-id', '506', '--raw', '--subdir', 'DAGS_FOLDER/windturbine.py', '--cfg-path', '/tmp/tmpcjwmhm16']
[2024-06-25T13:27:01.504+0000] {standard_task_runner.py:91} INFO - Job 506: Subtask file_sensor_task
[2024-06-25T13:27:01.527+0000] {task_command.py:426} INFO - Running <TaskInstance: windturbine.file_sensor_task scheduled__2024-06-25T13:24:00+00:00 [running]> on host 8f35bebe2893
[2024-06-25T13:27:01.573+0000] {taskinstance.py:2648} INFO - Exporting env vars: AIRFLOW_CTX_DAG_EMAIL='liviataina.ltab@gmail.com' AIRFLOW_CTX_DAG_OWNER='***' AIRFLOW_CTX_DAG_ID='windturbine' AIRFLOW_CTX_TASK_ID='file_sensor_task' AIRFLOW_CTX_EXECUTION_DATE='2024-06-25T13:24:00+00:00' AIRFLOW_CTX_TRY_NUMBER='1' AIRFLOW_CTX_DAG_RUN_ID='scheduled__2024-06-25T13:24:00+00:00'
[2024-06-25T13:27:01.574+0000] {taskinstance.py:430} INFO - ::endgroup::
[2024-06-25T13:27:01.580+0000] {baseoperator.py:400} WARNING - FileSensor.execute cannot be called outside TaskInstance!
[2024-06-25T13:27:01.585+0000] {base.py:84} INFO - Using connection ID 'fs_default' for task execution.
[2024-06-25T13:27:01.585+0000] {filesystem.py:85} INFO - Poking for file /opt/***/data/data.json
[2024-06-25T13:27:11.585+0000] {filesystem.py:85} INFO - Poking for file /opt/***/data/data.json
[2024-06-25T13:27:21.586+0000] {filesystem.py:85} INFO - Poking for file /opt/***/data/data.json
[2024-06-25T13:27:31.587+0000] {filesystem.py:85} INFO - Poking for file /opt/***/data/data.json
[2024-06-25T13:27:41.588+0000] {filesystem.py:85} INFO - Poking for file /opt/***/data/data.json
[2024-06-25T13:27:51.589+0000] {filesystem.py:85} INFO - Poking for file /opt/***/data/data.json
[2024-06-25T13:28:01.590+0000] {filesystem.py:85} INFO - Poking for file /opt/***/data/data.json
[2024-06-25T13:28:11.591+0000] {filesystem.py:85} INFO - Poking for file /opt/***/data/data.json
[2024-06-25T13:28:21.592+0000] {filesystem.py:85} INFO - Poking for file /opt/***/data/data.json
[2024-06-25T13:28:31.592+0000] {filesystem.py:85} INFO - Poking for file /opt/***/data/data.json
[2024-06-25T13:28:41.593+0000] {filesystem.py:85} INFO - Poking for file /opt/***/data/data.json
[2024-06-25T13:28:51.594+0000] {filesystem.py:85} INFO - Poking for file /opt/***/data/data.json
[2024-06-25T13:29:01.595+0000] {filesystem.py:85} INFO - Poking for file /opt/***/data/data.json
[2024-06-25T13:29:11.596+0000] {filesystem.py:85} INFO - Poking for file /opt/***/data/data.json
[2024-06-25T13:29:21.596+0000] {filesystem.py:85} INFO - Poking for file /opt/***/data/data.json
[2024-06-25T13:29:31.597+0000] {filesystem.py:85} INFO - Poking for file /opt/***/data/data.json
[2024-06-25T13:29:41.598+0000] {filesystem.py:85} INFO - Poking for file /opt/***/data/data.json
[2024-06-25T13:29:51.599+0000] {filesystem.py:85} INFO - Poking for file /opt/***/data/data.json
[2024-06-25T13:30:01.599+0000] {filesystem.py:85} INFO - Poking for file /opt/***/data/data.json
[2024-06-25T13:30:11.600+0000] {filesystem.py:85} INFO - Poking for file /opt/***/data/data.json
[2024-06-25T13:30:21.601+0000] {filesystem.py:85} INFO - Poking for file /opt/***/data/data.json
[2024-06-25T13:30:31.602+0000] {filesystem.py:85} INFO - Poking for file /opt/***/data/data.json
[2024-06-25T13:30:41.602+0000] {filesystem.py:85} INFO - Poking for file /opt/***/data/data.json
[2024-06-25T13:30:51.603+0000] {filesystem.py:85} INFO - Poking for file /opt/***/data/data.json
[2024-06-25T13:31:01.604+0000] {filesystem.py:85} INFO - Poking for file /opt/***/data/data.json
[2024-06-25T13:31:11.605+0000] {filesystem.py:85} INFO - Poking for file /opt/***/data/data.json
[2024-06-25T13:31:21.605+0000] {filesystem.py:85} INFO - Poking for file /opt/***/data/data.json
[2024-06-25T13:31:31.606+0000] {filesystem.py:85} INFO - Poking for file /opt/***/data/data.json
[2024-06-25T13:31:41.607+0000] {filesystem.py:85} INFO - Poking for file /opt/***/data/data.json
[2024-06-25T13:31:51.608+0000] {filesystem.py:85} INFO - Poking for file /opt/***/data/data.json
[2024-06-25T13:32:01.608+0000] {filesystem.py:85} INFO - Poking for file /opt/***/data/data.json
[2024-06-25T13:32:11.608+0000] {filesystem.py:85} INFO - Poking for file /opt/***/data/data.json
[2024-06-25T13:32:21.609+0000] {filesystem.py:85} INFO - Poking for file /opt/***/data/data.json
[2024-06-25T13:32:31.610+0000] {filesystem.py:85} INFO - Poking for file /opt/***/data/data.json
[2024-06-25T13:32:41.611+0000] {filesystem.py:85} INFO - Poking for file /opt/***/data/data.json
[2024-06-25T13:32:51.612+0000] {filesystem.py:85} INFO - Poking for file /opt/***/data/data.json
[2024-06-25T13:33:01.613+0000] {filesystem.py:85} INFO - Poking for file /opt/***/data/data.json
[2024-06-25T13:33:11.614+0000] {filesystem.py:85} INFO - Poking for file /opt/***/data/data.json
[2024-06-25T13:33:21.615+0000] {filesystem.py:85} INFO - Poking for file /opt/***/data/data.json
[2024-06-25T13:33:31.616+0000] {filesystem.py:85} INFO - Poking for file /opt/***/data/data.json
[2024-06-25T13:33:41.617+0000] {filesystem.py:85} INFO - Poking for file /opt/***/data/data.json
[2024-06-25T13:33:51.618+0000] {filesystem.py:85} INFO - Poking for file /opt/***/data/data.json
[2024-06-25T13:34:01.618+0000] {filesystem.py:85} INFO - Poking for file /opt/***/data/data.json
[2024-06-25T13:34:11.619+0000] {filesystem.py:85} INFO - Poking for file /opt/***/data/data.json
[2024-06-25T13:34:21.620+0000] {filesystem.py:85} INFO - Poking for file /opt/***/data/data.json
[2024-06-25T13:34:31.621+0000] {filesystem.py:85} INFO - Poking for file /opt/***/data/data.json
[2024-06-25T13:34:41.622+0000] {filesystem.py:85} INFO - Poking for file /opt/***/data/data.json
[2024-06-25T13:34:51.622+0000] {filesystem.py:85} INFO - Poking for file /opt/***/data/data.json
[2024-06-25T13:35:01.623+0000] {filesystem.py:85} INFO - Poking for file /opt/***/data/data.json
[2024-06-25T13:35:11.624+0000] {filesystem.py:85} INFO - Poking for file /opt/***/data/data.json
[2024-06-25T13:35:21.624+0000] {filesystem.py:85} INFO - Poking for file /opt/***/data/data.json
[2024-06-25T13:35:31.624+0000] {filesystem.py:85} INFO - Poking for file /opt/***/data/data.json
[2024-06-25T13:35:41.625+0000] {filesystem.py:85} INFO - Poking for file /opt/***/data/data.json
[2024-06-25T13:35:51.626+0000] {filesystem.py:85} INFO - Poking for file /opt/***/data/data.json
[2024-06-25T13:36:01.626+0000] {filesystem.py:85} INFO - Poking for file /opt/***/data/data.json
[2024-06-25T13:36:11.627+0000] {filesystem.py:85} INFO - Poking for file /opt/***/data/data.json
[2024-06-25T13:36:21.628+0000] {filesystem.py:85} INFO - Poking for file /opt/***/data/data.json
[2024-06-25T13:36:31.629+0000] {filesystem.py:85} INFO - Poking for file /opt/***/data/data.json
[2024-06-25T13:36:41.630+0000] {filesystem.py:85} INFO - Poking for file /opt/***/data/data.json
[2024-06-25T13:36:51.631+0000] {filesystem.py:85} INFO - Poking for file /opt/***/data/data.json
[2024-06-25T13:37:01.632+0000] {filesystem.py:85} INFO - Poking for file /opt/***/data/data.json
[2024-06-25T13:37:11.632+0000] {filesystem.py:85} INFO - Poking for file /opt/***/data/data.json
[2024-06-25T13:37:21.633+0000] {filesystem.py:85} INFO - Poking for file /opt/***/data/data.json
[2024-06-25T13:37:31.634+0000] {filesystem.py:85} INFO - Poking for file /opt/***/data/data.json
[2024-06-25T13:37:41.635+0000] {filesystem.py:85} INFO - Poking for file /opt/***/data/data.json
[2024-06-25T13:37:51.635+0000] {filesystem.py:85} INFO - Poking for file /opt/***/data/data.json
[2024-06-25T13:38:01.636+0000] {filesystem.py:85} INFO - Poking for file /opt/***/data/data.json
[2024-06-25T13:38:11.636+0000] {filesystem.py:85} INFO - Poking for file /opt/***/data/data.json
[2024-06-25T13:38:21.637+0000] {filesystem.py:85} INFO - Poking for file /opt/***/data/data.json
[2024-06-25T13:38:31.638+0000] {filesystem.py:85} INFO - Poking for file /opt/***/data/data.json
[2024-06-25T13:38:41.638+0000] {filesystem.py:85} INFO - Poking for file /opt/***/data/data.json
[2024-06-25T13:38:51.639+0000] {filesystem.py:85} INFO - Poking for file /opt/***/data/data.json
[2024-06-25T13:39:01.639+0000] {filesystem.py:85} INFO - Poking for file /opt/***/data/data.json
[2024-06-25T13:39:11.641+0000] {filesystem.py:85} INFO - Poking for file /opt/***/data/data.json
[2024-06-25T13:39:21.642+0000] {filesystem.py:85} INFO - Poking for file /opt/***/data/data.json
[2024-06-25T13:39:31.643+0000] {filesystem.py:85} INFO - Poking for file /opt/***/data/data.json
[2024-06-25T13:39:41.644+0000] {filesystem.py:85} INFO - Poking for file /opt/***/data/data.json
[2024-06-25T13:39:51.644+0000] {filesystem.py:85} INFO - Poking for file /opt/***/data/data.json
[2024-06-25T13:40:01.645+0000] {filesystem.py:85} INFO - Poking for file /opt/***/data/data.json
[2024-06-25T13:40:11.646+0000] {filesystem.py:85} INFO - Poking for file /opt/***/data/data.json
[2024-06-25T13:40:21.647+0000] {filesystem.py:85} INFO - Poking for file /opt/***/data/data.json
[2024-06-25T13:40:31.648+0000] {filesystem.py:85} INFO - Poking for file /opt/***/data/data.json
[2024-06-25T13:40:41.649+0000] {filesystem.py:85} INFO - Poking for file /opt/***/data/data.json
[2024-06-25T13:40:51.649+0000] {filesystem.py:85} INFO - Poking for file /opt/***/data/data.json
[2024-06-25T13:41:01.650+0000] {filesystem.py:85} INFO - Poking for file /opt/***/data/data.json
[2024-06-25T13:41:11.651+0000] {filesystem.py:85} INFO - Poking for file /opt/***/data/data.json
[2024-06-25T13:41:21.652+0000] {filesystem.py:85} INFO - Poking for file /opt/***/data/data.json
[2024-06-25T13:41:31.653+0000] {filesystem.py:85} INFO - Poking for file /opt/***/data/data.json
[2024-06-25T13:41:41.653+0000] {filesystem.py:85} INFO - Poking for file /opt/***/data/data.json
[2024-06-25T13:41:51.654+0000] {filesystem.py:85} INFO - Poking for file /opt/***/data/data.json
[2024-06-25T13:42:01.655+0000] {filesystem.py:85} INFO - Poking for file /opt/***/data/data.json
[2024-06-25T13:42:11.656+0000] {filesystem.py:85} INFO - Poking for file /opt/***/data/data.json
[2024-06-25T13:42:21.657+0000] {filesystem.py:85} INFO - Poking for file /opt/***/data/data.json
[2024-06-25T13:42:31.658+0000] {filesystem.py:85} INFO - Poking for file /opt/***/data/data.json
[2024-06-25T13:42:41.659+0000] {filesystem.py:85} INFO - Poking for file /opt/***/data/data.json
[2024-06-25T13:42:51.660+0000] {filesystem.py:85} INFO - Poking for file /opt/***/data/data.json
[2024-06-25T13:43:01.661+0000] {filesystem.py:85} INFO - Poking for file /opt/***/data/data.json
[2024-06-25T13:43:11.661+0000] {filesystem.py:85} INFO - Poking for file /opt/***/data/data.json
[2024-06-25T13:43:21.662+0000] {filesystem.py:85} INFO - Poking for file /opt/***/data/data.json
[2024-06-25T13:43:31.663+0000] {filesystem.py:85} INFO - Poking for file /opt/***/data/data.json
[2024-06-25T13:43:41.664+0000] {filesystem.py:85} INFO - Poking for file /opt/***/data/data.json
[2024-06-25T13:43:51.665+0000] {filesystem.py:85} INFO - Poking for file /opt/***/data/data.json
[2024-06-25T13:44:01.666+0000] {filesystem.py:85} INFO - Poking for file /opt/***/data/data.json
[2024-06-25T13:44:11.667+0000] {filesystem.py:85} INFO - Poking for file /opt/***/data/data.json
[2024-06-25T13:44:21.668+0000] {filesystem.py:85} INFO - Poking for file /opt/***/data/data.json
[2024-06-25T13:44:31.668+0000] {filesystem.py:85} INFO - Poking for file /opt/***/data/data.json
[2024-06-25T13:44:41.669+0000] {filesystem.py:85} INFO - Poking for file /opt/***/data/data.json
[2024-06-25T13:44:51.669+0000] {filesystem.py:85} INFO - Poking for file /opt/***/data/data.json
[2024-06-25T13:45:01.670+0000] {filesystem.py:85} INFO - Poking for file /opt/***/data/data.json
[2024-06-25T13:45:11.671+0000] {filesystem.py:85} INFO - Poking for file /opt/***/data/data.json
[2024-06-25T13:45:21.672+0000] {filesystem.py:85} INFO - Poking for file /opt/***/data/data.json
[2024-06-25T13:45:31.672+0000] {filesystem.py:85} INFO - Poking for file /opt/***/data/data.json
[2024-06-25T13:45:41.673+0000] {filesystem.py:85} INFO - Poking for file /opt/***/data/data.json
[2024-06-25T13:45:51.674+0000] {filesystem.py:85} INFO - Poking for file /opt/***/data/data.json
[2024-06-25T13:46:01.675+0000] {filesystem.py:85} INFO - Poking for file /opt/***/data/data.json
[2024-06-25T13:46:11.676+0000] {filesystem.py:85} INFO - Poking for file /opt/***/data/data.json
[2024-06-25T13:46:21.677+0000] {filesystem.py:85} INFO - Poking for file /opt/***/data/data.json
[2024-06-25T13:46:31.678+0000] {filesystem.py:85} INFO - Poking for file /opt/***/data/data.json
[2024-06-25T13:46:41.679+0000] {filesystem.py:85} INFO - Poking for file /opt/***/data/data.json
[2024-06-25T13:46:51.679+0000] {filesystem.py:85} INFO - Poking for file /opt/***/data/data.json
[2024-06-25T13:47:01.680+0000] {filesystem.py:85} INFO - Poking for file /opt/***/data/data.json
[2024-06-25T13:47:11.681+0000] {filesystem.py:85} INFO - Poking for file /opt/***/data/data.json
[2024-06-25T13:47:21.682+0000] {filesystem.py:85} INFO - Poking for file /opt/***/data/data.json
[2024-06-25T13:47:31.683+0000] {filesystem.py:85} INFO - Poking for file /opt/***/data/data.json
[2024-06-25T13:47:41.684+0000] {filesystem.py:85} INFO - Poking for file /opt/***/data/data.json
[2024-06-25T13:47:51.685+0000] {filesystem.py:85} INFO - Poking for file /opt/***/data/data.json
[2024-06-25T13:48:01.686+0000] {filesystem.py:85} INFO - Poking for file /opt/***/data/data.json
[2024-06-25T13:48:11.686+0000] {filesystem.py:85} INFO - Poking for file /opt/***/data/data.json
[2024-06-25T13:48:21.687+0000] {filesystem.py:85} INFO - Poking for file /opt/***/data/data.json
[2024-06-25T13:48:31.688+0000] {filesystem.py:85} INFO - Poking for file /opt/***/data/data.json
[2024-06-25T13:48:41.689+0000] {filesystem.py:85} INFO - Poking for file /opt/***/data/data.json
[2024-06-25T13:48:51.690+0000] {filesystem.py:85} INFO - Poking for file /opt/***/data/data.json
[2024-06-25T13:49:01.691+0000] {filesystem.py:85} INFO - Poking for file /opt/***/data/data.json
[2024-06-25T13:49:11.691+0000] {filesystem.py:85} INFO - Poking for file /opt/***/data/data.json
[2024-06-25T13:49:21.692+0000] {filesystem.py:85} INFO - Poking for file /opt/***/data/data.json
[2024-06-25T13:49:31.693+0000] {filesystem.py:85} INFO - Poking for file /opt/***/data/data.json
[2024-06-25T13:49:41.694+0000] {filesystem.py:85} INFO - Poking for file /opt/***/data/data.json
[2024-06-25T13:49:51.696+0000] {filesystem.py:85} INFO - Poking for file /opt/***/data/data.json
[2024-06-25T13:50:01.697+0000] {filesystem.py:85} INFO - Poking for file /opt/***/data/data.json
[2024-06-25T13:50:11.697+0000] {filesystem.py:85} INFO - Poking for file /opt/***/data/data.json
[2024-06-25T13:50:21.698+0000] {filesystem.py:85} INFO - Poking for file /opt/***/data/data.json
[2024-06-25T13:50:31.698+0000] {filesystem.py:85} INFO - Poking for file /opt/***/data/data.json
[2024-06-25T13:50:41.699+0000] {filesystem.py:85} INFO - Poking for file /opt/***/data/data.json
[2024-06-25T13:50:51.700+0000] {filesystem.py:85} INFO - Poking for file /opt/***/data/data.json
[2024-06-25T13:51:01.700+0000] {filesystem.py:85} INFO - Poking for file /opt/***/data/data.json
[2024-06-25T13:51:11.701+0000] {filesystem.py:85} INFO - Poking for file /opt/***/data/data.json
[2024-06-25T13:51:21.701+0000] {filesystem.py:85} INFO - Poking for file /opt/***/data/data.json
[2024-06-25T13:51:31.701+0000] {filesystem.py:85} INFO - Poking for file /opt/***/data/data.json
[2024-06-25T13:51:41.702+0000] {filesystem.py:85} INFO - Poking for file /opt/***/data/data.json
[2024-06-25T13:51:51.703+0000] {filesystem.py:85} INFO - Poking for file /opt/***/data/data.json
[2024-06-25T13:52:01.704+0000] {filesystem.py:85} INFO - Poking for file /opt/***/data/data.json
[2024-06-25T13:52:11.705+0000] {filesystem.py:85} INFO - Poking for file /opt/***/data/data.json
[2024-06-25T13:52:21.706+0000] {filesystem.py:85} INFO - Poking for file /opt/***/data/data.json
[2024-06-25T13:52:31.706+0000] {filesystem.py:85} INFO - Poking for file /opt/***/data/data.json
[2024-06-25T13:52:41.707+0000] {filesystem.py:85} INFO - Poking for file /opt/***/data/data.json
[2024-06-25T13:52:51.708+0000] {filesystem.py:85} INFO - Poking for file /opt/***/data/data.json
[2024-06-25T13:53:01.708+0000] {filesystem.py:85} INFO - Poking for file /opt/***/data/data.json
[2024-06-25T13:53:11.709+0000] {filesystem.py:85} INFO - Poking for file /opt/***/data/data.json
[2024-06-25T13:53:21.710+0000] {filesystem.py:85} INFO - Poking for file /opt/***/data/data.json
[2024-06-25T13:53:31.711+0000] {filesystem.py:85} INFO - Poking for file /opt/***/data/data.json
[2024-06-25T13:53:41.712+0000] {filesystem.py:85} INFO - Poking for file /opt/***/data/data.json
[2024-06-25T13:53:51.712+0000] {filesystem.py:85} INFO - Poking for file /opt/***/data/data.json
[2024-06-25T13:54:01.714+0000] {filesystem.py:85} INFO - Poking for file /opt/***/data/data.json
[2024-06-25T13:54:11.715+0000] {filesystem.py:85} INFO - Poking for file /opt/***/data/data.json
[2024-06-25T13:54:21.715+0000] {filesystem.py:85} INFO - Poking for file /opt/***/data/data.json
[2024-06-25T13:54:31.716+0000] {filesystem.py:85} INFO - Poking for file /opt/***/data/data.json
[2024-06-25T13:54:41.717+0000] {filesystem.py:85} INFO - Poking for file /opt/***/data/data.json
[2024-06-25T13:54:51.717+0000] {filesystem.py:85} INFO - Poking for file /opt/***/data/data.json
[2024-06-25T13:55:01.718+0000] {filesystem.py:85} INFO - Poking for file /opt/***/data/data.json
[2024-06-25T13:55:11.720+0000] {filesystem.py:85} INFO - Poking for file /opt/***/data/data.json
[2024-06-25T13:55:21.721+0000] {filesystem.py:85} INFO - Poking for file /opt/***/data/data.json
[2024-06-25T13:55:31.722+0000] {filesystem.py:85} INFO - Poking for file /opt/***/data/data.json
[2024-06-25T13:55:41.722+0000] {filesystem.py:85} INFO - Poking for file /opt/***/data/data.json
[2024-06-25T13:55:51.723+0000] {filesystem.py:85} INFO - Poking for file /opt/***/data/data.json
[2024-06-25T13:56:01.724+0000] {filesystem.py:85} INFO - Poking for file /opt/***/data/data.json
[2024-06-25T13:56:11.725+0000] {filesystem.py:85} INFO - Poking for file /opt/***/data/data.json
[2024-06-25T13:56:21.726+0000] {filesystem.py:85} INFO - Poking for file /opt/***/data/data.json
[2024-06-25T13:56:31.726+0000] {filesystem.py:85} INFO - Poking for file /opt/***/data/data.json
[2024-06-25T13:56:41.727+0000] {filesystem.py:85} INFO - Poking for file /opt/***/data/data.json
[2024-06-25T13:56:51.728+0000] {filesystem.py:85} INFO - Poking for file /opt/***/data/data.json
[2024-06-25T13:57:01.729+0000] {filesystem.py:85} INFO - Poking for file /opt/***/data/data.json
[2024-06-25T13:57:11.730+0000] {filesystem.py:85} INFO - Poking for file /opt/***/data/data.json
[2024-06-25T13:57:21.731+0000] {filesystem.py:85} INFO - Poking for file /opt/***/data/data.json
[2024-06-25T13:57:31.731+0000] {filesystem.py:85} INFO - Poking for file /opt/***/data/data.json
[2024-06-25T13:57:41.733+0000] {filesystem.py:85} INFO - Poking for file /opt/***/data/data.json
[2024-06-25T13:57:51.734+0000] {filesystem.py:85} INFO - Poking for file /opt/***/data/data.json
[2024-06-25T13:58:01.735+0000] {filesystem.py:85} INFO - Poking for file /opt/***/data/data.json
[2024-06-25T13:58:11.735+0000] {filesystem.py:85} INFO - Poking for file /opt/***/data/data.json
[2024-06-25T13:58:21.736+0000] {filesystem.py:85} INFO - Poking for file /opt/***/data/data.json
[2024-06-25T13:58:31.737+0000] {filesystem.py:85} INFO - Poking for file /opt/***/data/data.json
[2024-06-25T13:58:41.738+0000] {filesystem.py:85} INFO - Poking for file /opt/***/data/data.json
[2024-06-25T13:58:51.738+0000] {filesystem.py:85} INFO - Poking for file /opt/***/data/data.json
[2024-06-25T13:59:01.739+0000] {filesystem.py:85} INFO - Poking for file /opt/***/data/data.json
[2024-06-25T13:59:11.740+0000] {filesystem.py:85} INFO - Poking for file /opt/***/data/data.json
[2024-06-25T13:59:21.740+0000] {filesystem.py:85} INFO - Poking for file /opt/***/data/data.json
[2024-06-25T13:59:31.741+0000] {filesystem.py:85} INFO - Poking for file /opt/***/data/data.json
[2024-06-25T13:59:41.742+0000] {filesystem.py:85} INFO - Poking for file /opt/***/data/data.json
[2024-06-25T13:59:51.743+0000] {filesystem.py:85} INFO - Poking for file /opt/***/data/data.json
[2024-06-25T14:00:01.744+0000] {filesystem.py:85} INFO - Poking for file /opt/***/data/data.json
[2024-06-25T14:00:11.745+0000] {filesystem.py:85} INFO - Poking for file /opt/***/data/data.json
[2024-06-25T14:00:21.746+0000] {filesystem.py:85} INFO - Poking for file /opt/***/data/data.json
[2024-06-25T14:00:31.746+0000] {filesystem.py:85} INFO - Poking for file /opt/***/data/data.json
[2024-06-25T14:00:41.747+0000] {filesystem.py:85} INFO - Poking for file /opt/***/data/data.json
[2024-06-25T14:00:51.754+0000] {filesystem.py:85} INFO - Poking for file /opt/***/data/data.json
[2024-06-25T14:01:01.754+0000] {filesystem.py:85} INFO - Poking for file /opt/***/data/data.json
[2024-06-25T14:01:11.755+0000] {filesystem.py:85} INFO - Poking for file /opt/***/data/data.json
[2024-06-25T14:01:21.755+0000] {filesystem.py:85} INFO - Poking for file /opt/***/data/data.json
[2024-06-25T14:01:31.758+0000] {filesystem.py:85} INFO - Poking for file /opt/***/data/data.json
[2024-06-25T14:01:41.759+0000] {filesystem.py:85} INFO - Poking for file /opt/***/data/data.json
[2024-06-25T14:01:51.759+0000] {filesystem.py:85} INFO - Poking for file /opt/***/data/data.json
[2024-06-25T14:02:01.760+0000] {filesystem.py:85} INFO - Poking for file /opt/***/data/data.json
[2024-06-25T14:02:11.761+0000] {filesystem.py:85} INFO - Poking for file /opt/***/data/data.json
[2024-06-25T14:02:21.761+0000] {filesystem.py:85} INFO - Poking for file /opt/***/data/data.json
[2024-06-25T14:02:31.762+0000] {filesystem.py:85} INFO - Poking for file /opt/***/data/data.json
[2024-06-25T14:02:41.763+0000] {filesystem.py:85} INFO - Poking for file /opt/***/data/data.json
[2024-06-25T14:02:51.764+0000] {filesystem.py:85} INFO - Poking for file /opt/***/data/data.json
[2024-06-25T14:03:01.765+0000] {filesystem.py:85} INFO - Poking for file /opt/***/data/data.json
[2024-06-25T14:03:11.765+0000] {filesystem.py:85} INFO - Poking for file /opt/***/data/data.json
[2024-06-25T14:03:21.766+0000] {filesystem.py:85} INFO - Poking for file /opt/***/data/data.json
[2024-06-25T14:03:31.767+0000] {filesystem.py:85} INFO - Poking for file /opt/***/data/data.json
[2024-06-25T14:03:41.768+0000] {filesystem.py:85} INFO - Poking for file /opt/***/data/data.json
[2024-06-25T14:03:51.769+0000] {filesystem.py:85} INFO - Poking for file /opt/***/data/data.json
[2024-06-25T14:04:01.769+0000] {filesystem.py:85} INFO - Poking for file /opt/***/data/data.json
[2024-06-25T14:04:11.770+0000] {filesystem.py:85} INFO - Poking for file /opt/***/data/data.json
[2024-06-25T14:04:21.771+0000] {filesystem.py:85} INFO - Poking for file /opt/***/data/data.json
[2024-06-25T14:04:31.772+0000] {filesystem.py:85} INFO - Poking for file /opt/***/data/data.json
[2024-06-25T14:04:41.772+0000] {filesystem.py:85} INFO - Poking for file /opt/***/data/data.json
[2024-06-25T14:04:51.773+0000] {filesystem.py:85} INFO - Poking for file /opt/***/data/data.json
[2024-06-25T14:05:01.773+0000] {filesystem.py:85} INFO - Poking for file /opt/***/data/data.json
[2024-06-25T14:05:11.774+0000] {filesystem.py:85} INFO - Poking for file /opt/***/data/data.json
[2024-06-25T14:05:21.775+0000] {filesystem.py:85} INFO - Poking for file /opt/***/data/data.json
[2024-06-25T14:05:31.776+0000] {filesystem.py:85} INFO - Poking for file /opt/***/data/data.json
[2024-06-25T14:05:41.777+0000] {filesystem.py:85} INFO - Poking for file /opt/***/data/data.json
[2024-06-25T14:05:51.778+0000] {filesystem.py:85} INFO - Poking for file /opt/***/data/data.json
[2024-06-25T14:06:01.779+0000] {filesystem.py:85} INFO - Poking for file /opt/***/data/data.json
[2024-06-25T14:06:11.780+0000] {filesystem.py:85} INFO - Poking for file /opt/***/data/data.json
[2024-06-25T14:06:21.781+0000] {filesystem.py:85} INFO - Poking for file /opt/***/data/data.json
[2024-06-25T14:06:31.782+0000] {filesystem.py:85} INFO - Poking for file /opt/***/data/data.json
[2024-06-25T14:06:41.783+0000] {filesystem.py:85} INFO - Poking for file /opt/***/data/data.json
[2024-06-25T14:06:51.783+0000] {filesystem.py:85} INFO - Poking for file /opt/***/data/data.json
[2024-06-25T14:07:01.783+0000] {filesystem.py:85} INFO - Poking for file /opt/***/data/data.json
[2024-06-25T14:07:11.784+0000] {filesystem.py:85} INFO - Poking for file /opt/***/data/data.json
[2024-06-25T14:07:21.785+0000] {filesystem.py:85} INFO - Poking for file /opt/***/data/data.json
[2024-06-25T14:07:31.786+0000] {filesystem.py:85} INFO - Poking for file /opt/***/data/data.json
[2024-06-25T14:07:41.787+0000] {filesystem.py:85} INFO - Poking for file /opt/***/data/data.json
[2024-06-25T14:07:51.787+0000] {filesystem.py:85} INFO - Poking for file /opt/***/data/data.json
[2024-06-25T14:08:01.788+0000] {filesystem.py:85} INFO - Poking for file /opt/***/data/data.json
[2024-06-25T14:08:11.788+0000] {filesystem.py:85} INFO - Poking for file /opt/***/data/data.json
[2024-06-25T14:08:21.789+0000] {filesystem.py:85} INFO - Poking for file /opt/***/data/data.json
[2024-06-25T14:08:31.790+0000] {filesystem.py:85} INFO - Poking for file /opt/***/data/data.json
[2024-06-25T14:08:41.790+0000] {filesystem.py:85} INFO - Poking for file /opt/***/data/data.json
[2024-06-25T14:08:51.791+0000] {filesystem.py:85} INFO - Poking for file /opt/***/data/data.json
[2024-06-25T14:09:01.792+0000] {filesystem.py:85} INFO - Poking for file /opt/***/data/data.json
[2024-06-25T14:09:11.794+0000] {filesystem.py:85} INFO - Poking for file /opt/***/data/data.json
[2024-06-25T14:09:21.795+0000] {filesystem.py:85} INFO - Poking for file /opt/***/data/data.json
[2024-06-25T14:09:31.796+0000] {filesystem.py:85} INFO - Poking for file /opt/***/data/data.json
[2024-06-25T14:09:41.796+0000] {filesystem.py:85} INFO - Poking for file /opt/***/data/data.json
[2024-06-25T14:09:51.797+0000] {filesystem.py:85} INFO - Poking for file /opt/***/data/data.json
[2024-06-25T14:10:01.798+0000] {filesystem.py:85} INFO - Poking for file /opt/***/data/data.json
[2024-06-25T14:10:11.799+0000] {filesystem.py:85} INFO - Poking for file /opt/***/data/data.json
[2024-06-25T14:10:21.800+0000] {filesystem.py:85} INFO - Poking for file /opt/***/data/data.json
[2024-06-25T14:10:31.800+0000] {filesystem.py:85} INFO - Poking for file /opt/***/data/data.json
[2024-06-25T14:10:41.800+0000] {filesystem.py:85} INFO - Poking for file /opt/***/data/data.json
[2024-06-25T14:10:51.801+0000] {filesystem.py:85} INFO - Poking for file /opt/***/data/data.json
[2024-06-25T14:11:01.803+0000] {filesystem.py:85} INFO - Poking for file /opt/***/data/data.json
[2024-06-25T14:11:11.804+0000] {filesystem.py:85} INFO - Poking for file /opt/***/data/data.json
[2024-06-25T14:11:21.805+0000] {filesystem.py:85} INFO - Poking for file /opt/***/data/data.json
[2024-06-25T14:11:31.806+0000] {filesystem.py:85} INFO - Poking for file /opt/***/data/data.json
[2024-06-25T14:11:41.806+0000] {filesystem.py:85} INFO - Poking for file /opt/***/data/data.json
[2024-06-25T14:11:51.806+0000] {filesystem.py:85} INFO - Poking for file /opt/***/data/data.json
[2024-06-25T14:12:01.807+0000] {filesystem.py:85} INFO - Poking for file /opt/***/data/data.json
[2024-06-25T14:12:11.808+0000] {filesystem.py:85} INFO - Poking for file /opt/***/data/data.json
[2024-06-25T14:12:21.808+0000] {filesystem.py:85} INFO - Poking for file /opt/***/data/data.json
[2024-06-25T14:12:31.809+0000] {filesystem.py:85} INFO - Poking for file /opt/***/data/data.json
[2024-06-25T14:12:41.810+0000] {filesystem.py:85} INFO - Poking for file /opt/***/data/data.json
[2024-06-25T14:12:51.811+0000] {filesystem.py:85} INFO - Poking for file /opt/***/data/data.json
[2024-06-25T14:13:01.812+0000] {filesystem.py:85} INFO - Poking for file /opt/***/data/data.json
[2024-06-25T14:13:11.813+0000] {filesystem.py:85} INFO - Poking for file /opt/***/data/data.json
[2024-06-25T14:13:21.814+0000] {filesystem.py:85} INFO - Poking for file /opt/***/data/data.json
[2024-06-25T14:13:31.815+0000] {filesystem.py:85} INFO - Poking for file /opt/***/data/data.json
[2024-06-25T14:13:41.816+0000] {filesystem.py:85} INFO - Poking for file /opt/***/data/data.json
[2024-06-25T14:13:51.816+0000] {filesystem.py:85} INFO - Poking for file /opt/***/data/data.json
[2024-06-25T14:14:01.817+0000] {filesystem.py:85} INFO - Poking for file /opt/***/data/data.json
[2024-06-25T14:14:11.819+0000] {filesystem.py:85} INFO - Poking for file /opt/***/data/data.json
[2024-06-25T14:14:21.820+0000] {filesystem.py:85} INFO - Poking for file /opt/***/data/data.json
[2024-06-25T14:14:31.821+0000] {filesystem.py:85} INFO - Poking for file /opt/***/data/data.json
[2024-06-25T14:14:41.822+0000] {filesystem.py:85} INFO - Poking for file /opt/***/data/data.json
[2024-06-25T14:14:51.822+0000] {filesystem.py:85} INFO - Poking for file /opt/***/data/data.json
[2024-06-25T14:15:01.823+0000] {filesystem.py:85} INFO - Poking for file /opt/***/data/data.json
[2024-06-25T14:15:11.823+0000] {filesystem.py:85} INFO - Poking for file /opt/***/data/data.json
[2024-06-25T14:15:21.824+0000] {filesystem.py:85} INFO - Poking for file /opt/***/data/data.json
[2024-06-25T14:15:31.825+0000] {filesystem.py:85} INFO - Poking for file /opt/***/data/data.json
[2024-06-25T14:15:41.826+0000] {filesystem.py:85} INFO - Poking for file /opt/***/data/data.json
[2024-06-25T14:15:51.827+0000] {filesystem.py:85} INFO - Poking for file /opt/***/data/data.json
[2024-06-25T14:16:01.828+0000] {filesystem.py:85} INFO - Poking for file /opt/***/data/data.json
[2024-06-25T14:16:11.828+0000] {filesystem.py:85} INFO - Poking for file /opt/***/data/data.json
[2024-06-25T14:16:21.829+0000] {filesystem.py:85} INFO - Poking for file /opt/***/data/data.json
[2024-06-25T14:16:31.830+0000] {filesystem.py:85} INFO - Poking for file /opt/***/data/data.json
[2024-06-25T14:16:41.831+0000] {filesystem.py:85} INFO - Poking for file /opt/***/data/data.json
[2024-06-25T14:16:51.832+0000] {filesystem.py:85} INFO - Poking for file /opt/***/data/data.json
[2024-06-25T14:17:01.832+0000] {filesystem.py:85} INFO - Poking for file /opt/***/data/data.json
[2024-06-25T14:17:11.833+0000] {filesystem.py:85} INFO - Poking for file /opt/***/data/data.json
[2024-06-25T14:17:21.833+0000] {filesystem.py:85} INFO - Poking for file /opt/***/data/data.json
[2024-06-25T14:17:31.834+0000] {filesystem.py:85} INFO - Poking for file /opt/***/data/data.json
[2024-06-25T14:17:41.835+0000] {filesystem.py:85} INFO - Poking for file /opt/***/data/data.json
[2024-06-25T14:17:51.835+0000] {filesystem.py:85} INFO - Poking for file /opt/***/data/data.json
[2024-06-25T14:18:01.836+0000] {filesystem.py:85} INFO - Poking for file /opt/***/data/data.json
[2024-06-25T14:18:11.837+0000] {filesystem.py:85} INFO - Poking for file /opt/***/data/data.json
[2024-06-25T14:18:21.838+0000] {filesystem.py:85} INFO - Poking for file /opt/***/data/data.json
[2024-06-25T14:18:31.839+0000] {filesystem.py:85} INFO - Poking for file /opt/***/data/data.json
[2024-06-25T14:18:41.839+0000] {filesystem.py:85} INFO - Poking for file /opt/***/data/data.json
[2024-06-25T14:18:51.840+0000] {filesystem.py:85} INFO - Poking for file /opt/***/data/data.json
[2024-06-25T14:19:01.841+0000] {filesystem.py:85} INFO - Poking for file /opt/***/data/data.json
[2024-06-25T14:19:11.842+0000] {filesystem.py:85} INFO - Poking for file /opt/***/data/data.json
[2024-06-25T14:19:21.843+0000] {filesystem.py:85} INFO - Poking for file /opt/***/data/data.json
[2024-06-25T14:19:31.844+0000] {filesystem.py:85} INFO - Poking for file /opt/***/data/data.json
[2024-06-25T14:19:41.845+0000] {filesystem.py:85} INFO - Poking for file /opt/***/data/data.json
[2024-06-25T14:19:51.846+0000] {filesystem.py:85} INFO - Poking for file /opt/***/data/data.json
[2024-06-25T14:20:01.847+0000] {filesystem.py:85} INFO - Poking for file /opt/***/data/data.json
[2024-06-25T14:20:11.847+0000] {filesystem.py:85} INFO - Poking for file /opt/***/data/data.json
[2024-06-25T14:20:21.848+0000] {filesystem.py:85} INFO - Poking for file /opt/***/data/data.json
[2024-06-25T14:20:31.849+0000] {filesystem.py:85} INFO - Poking for file /opt/***/data/data.json
[2024-06-25T14:20:41.849+0000] {filesystem.py:85} INFO - Poking for file /opt/***/data/data.json
[2024-06-25T14:20:51.850+0000] {filesystem.py:85} INFO - Poking for file /opt/***/data/data.json
[2024-06-25T14:21:01.851+0000] {filesystem.py:85} INFO - Poking for file /opt/***/data/data.json
[2024-06-25T14:21:11.852+0000] {filesystem.py:85} INFO - Poking for file /opt/***/data/data.json
[2024-06-25T14:21:21.853+0000] {filesystem.py:85} INFO - Poking for file /opt/***/data/data.json
[2024-06-25T14:21:31.853+0000] {filesystem.py:85} INFO - Poking for file /opt/***/data/data.json
[2024-06-25T14:21:41.854+0000] {filesystem.py:85} INFO - Poking for file /opt/***/data/data.json
[2024-06-25T14:21:51.854+0000] {filesystem.py:85} INFO - Poking for file /opt/***/data/data.json
[2024-06-25T14:22:01.855+0000] {filesystem.py:85} INFO - Poking for file /opt/***/data/data.json
[2024-06-25T14:22:11.856+0000] {filesystem.py:85} INFO - Poking for file /opt/***/data/data.json
[2024-06-25T14:22:21.857+0000] {filesystem.py:85} INFO - Poking for file /opt/***/data/data.json
[2024-06-25T14:22:31.857+0000] {filesystem.py:85} INFO - Poking for file /opt/***/data/data.json
[2024-06-25T14:22:41.857+0000] {filesystem.py:85} INFO - Poking for file /opt/***/data/data.json
[2024-06-25T14:22:51.858+0000] {filesystem.py:85} INFO - Poking for file /opt/***/data/data.json
[2024-06-25T14:23:01.860+0000] {filesystem.py:85} INFO - Poking for file /opt/***/data/data.json
[2024-06-25T14:23:11.860+0000] {filesystem.py:85} INFO - Poking for file /opt/***/data/data.json
[2024-06-25T14:23:21.860+0000] {filesystem.py:85} INFO - Poking for file /opt/***/data/data.json
[2024-06-25T14:23:31.862+0000] {filesystem.py:85} INFO - Poking for file /opt/***/data/data.json
[2024-06-25T14:23:41.862+0000] {filesystem.py:85} INFO - Poking for file /opt/***/data/data.json
[2024-06-25T14:23:51.863+0000] {filesystem.py:85} INFO - Poking for file /opt/***/data/data.json
[2024-06-25T14:24:01.863+0000] {filesystem.py:85} INFO - Poking for file /opt/***/data/data.json
[2024-06-25T14:24:11.864+0000] {filesystem.py:85} INFO - Poking for file /opt/***/data/data.json
[2024-06-25T14:24:21.865+0000] {filesystem.py:85} INFO - Poking for file /opt/***/data/data.json
[2024-06-25T14:24:31.866+0000] {filesystem.py:85} INFO - Poking for file /opt/***/data/data.json
[2024-06-25T14:24:41.867+0000] {filesystem.py:85} INFO - Poking for file /opt/***/data/data.json
[2024-06-25T14:24:51.868+0000] {filesystem.py:85} INFO - Poking for file /opt/***/data/data.json
[2024-06-25T14:25:01.868+0000] {filesystem.py:85} INFO - Poking for file /opt/***/data/data.json
[2024-06-25T14:25:11.870+0000] {filesystem.py:85} INFO - Poking for file /opt/***/data/data.json
[2024-06-25T14:25:21.870+0000] {filesystem.py:85} INFO - Poking for file /opt/***/data/data.json
[2024-06-25T14:25:31.870+0000] {filesystem.py:85} INFO - Poking for file /opt/***/data/data.json
[2024-06-25T14:25:41.871+0000] {filesystem.py:85} INFO - Poking for file /opt/***/data/data.json
[2024-06-25T14:25:51.871+0000] {filesystem.py:85} INFO - Poking for file /opt/***/data/data.json
[2024-06-25T14:26:01.872+0000] {filesystem.py:85} INFO - Poking for file /opt/***/data/data.json
[2024-06-25T14:26:11.873+0000] {filesystem.py:85} INFO - Poking for file /opt/***/data/data.json
[2024-06-25T14:26:21.874+0000] {filesystem.py:85} INFO - Poking for file /opt/***/data/data.json
[2024-06-25T14:26:31.875+0000] {filesystem.py:85} INFO - Poking for file /opt/***/data/data.json
[2024-06-25T14:26:41.876+0000] {filesystem.py:85} INFO - Poking for file /opt/***/data/data.json
[2024-06-25T14:26:51.876+0000] {filesystem.py:85} INFO - Poking for file /opt/***/data/data.json
[2024-06-25T14:27:01.876+0000] {filesystem.py:85} INFO - Poking for file /opt/***/data/data.json
[2024-06-25T14:27:11.878+0000] {filesystem.py:85} INFO - Poking for file /opt/***/data/data.json
[2024-06-25T14:27:21.879+0000] {filesystem.py:85} INFO - Poking for file /opt/***/data/data.json
[2024-06-25T14:27:31.879+0000] {filesystem.py:85} INFO - Poking for file /opt/***/data/data.json
[2024-06-25T14:27:41.880+0000] {filesystem.py:85} INFO - Poking for file /opt/***/data/data.json
[2024-06-25T14:27:51.882+0000] {filesystem.py:85} INFO - Poking for file /opt/***/data/data.json
[2024-06-25T14:28:01.882+0000] {filesystem.py:85} INFO - Poking for file /opt/***/data/data.json
[2024-06-25T14:28:11.883+0000] {filesystem.py:85} INFO - Poking for file /opt/***/data/data.json
[2024-06-25T14:28:21.884+0000] {filesystem.py:85} INFO - Poking for file /opt/***/data/data.json
[2024-06-25T14:28:31.885+0000] {filesystem.py:85} INFO - Poking for file /opt/***/data/data.json
[2024-06-25T14:28:41.886+0000] {filesystem.py:85} INFO - Poking for file /opt/***/data/data.json
[2024-06-25T14:28:51.886+0000] {filesystem.py:85} INFO - Poking for file /opt/***/data/data.json
[2024-06-25T14:29:01.887+0000] {filesystem.py:85} INFO - Poking for file /opt/***/data/data.json
[2024-06-25T14:29:11.888+0000] {filesystem.py:85} INFO - Poking for file /opt/***/data/data.json
[2024-06-25T14:29:21.889+0000] {filesystem.py:85} INFO - Poking for file /opt/***/data/data.json
[2024-06-25T14:29:31.890+0000] {filesystem.py:85} INFO - Poking for file /opt/***/data/data.json
[2024-06-25T14:29:41.891+0000] {filesystem.py:85} INFO - Poking for file /opt/***/data/data.json
[2024-06-25T14:29:51.891+0000] {filesystem.py:85} INFO - Poking for file /opt/***/data/data.json
[2024-06-25T14:30:01.892+0000] {filesystem.py:85} INFO - Poking for file /opt/***/data/data.json
[2024-06-25T14:30:11.893+0000] {filesystem.py:85} INFO - Poking for file /opt/***/data/data.json
[2024-06-25T14:30:21.893+0000] {filesystem.py:85} INFO - Poking for file /opt/***/data/data.json
[2024-06-25T14:30:31.894+0000] {filesystem.py:85} INFO - Poking for file /opt/***/data/data.json
[2024-06-25T14:30:41.895+0000] {filesystem.py:85} INFO - Poking for file /opt/***/data/data.json
[2024-06-25T14:30:51.896+0000] {filesystem.py:85} INFO - Poking for file /opt/***/data/data.json
[2024-06-25T14:31:01.897+0000] {filesystem.py:85} INFO - Poking for file /opt/***/data/data.json
[2024-06-25T14:31:11.898+0000] {filesystem.py:85} INFO - Poking for file /opt/***/data/data.json
[2024-06-25T14:31:21.899+0000] {filesystem.py:85} INFO - Poking for file /opt/***/data/data.json
[2024-06-25T14:31:31.899+0000] {filesystem.py:85} INFO - Poking for file /opt/***/data/data.json
[2024-06-25T14:31:41.900+0000] {filesystem.py:85} INFO - Poking for file /opt/***/data/data.json
[2024-06-25T14:31:51.900+0000] {filesystem.py:85} INFO - Poking for file /opt/***/data/data.json
[2024-06-25T14:32:01.901+0000] {filesystem.py:85} INFO - Poking for file /opt/***/data/data.json
[2024-06-25T14:32:11.902+0000] {filesystem.py:85} INFO - Poking for file /opt/***/data/data.json
[2024-06-25T14:32:21.903+0000] {filesystem.py:85} INFO - Poking for file /opt/***/data/data.json
[2024-06-25T14:32:31.904+0000] {filesystem.py:85} INFO - Poking for file /opt/***/data/data.json
[2024-06-25T14:32:41.904+0000] {filesystem.py:85} INFO - Poking for file /opt/***/data/data.json
[2024-06-25T14:32:51.905+0000] {filesystem.py:85} INFO - Poking for file /opt/***/data/data.json
[2024-06-25T14:33:01.906+0000] {filesystem.py:85} INFO - Poking for file /opt/***/data/data.json
[2024-06-25T14:33:11.907+0000] {filesystem.py:85} INFO - Poking for file /opt/***/data/data.json
[2024-06-25T14:33:21.907+0000] {filesystem.py:85} INFO - Poking for file /opt/***/data/data.json
[2024-06-25T14:33:31.908+0000] {filesystem.py:85} INFO - Poking for file /opt/***/data/data.json
[2024-06-25T14:33:41.909+0000] {filesystem.py:85} INFO - Poking for file /opt/***/data/data.json
[2024-06-25T14:33:51.910+0000] {filesystem.py:85} INFO - Poking for file /opt/***/data/data.json
[2024-06-25T14:34:01.911+0000] {filesystem.py:85} INFO - Poking for file /opt/***/data/data.json
[2024-06-25T14:34:11.912+0000] {filesystem.py:85} INFO - Poking for file /opt/***/data/data.json
[2024-06-25T14:34:21.912+0000] {filesystem.py:85} INFO - Poking for file /opt/***/data/data.json
[2024-06-25T14:34:31.913+0000] {filesystem.py:85} INFO - Poking for file /opt/***/data/data.json
[2024-06-25T14:34:41.913+0000] {filesystem.py:85} INFO - Poking for file /opt/***/data/data.json
[2024-06-25T14:34:51.914+0000] {filesystem.py:85} INFO - Poking for file /opt/***/data/data.json
[2024-06-25T14:35:01.915+0000] {filesystem.py:85} INFO - Poking for file /opt/***/data/data.json
[2024-06-25T14:35:11.916+0000] {filesystem.py:85} INFO - Poking for file /opt/***/data/data.json
[2024-06-25T14:35:21.917+0000] {filesystem.py:85} INFO - Poking for file /opt/***/data/data.json
[2024-06-25T14:35:31.918+0000] {filesystem.py:85} INFO - Poking for file /opt/***/data/data.json
[2024-06-25T14:35:41.918+0000] {filesystem.py:85} INFO - Poking for file /opt/***/data/data.json
[2024-06-25T14:35:51.918+0000] {filesystem.py:85} INFO - Poking for file /opt/***/data/data.json
[2024-06-25T14:36:01.919+0000] {filesystem.py:85} INFO - Poking for file /opt/***/data/data.json
[2024-06-25T14:36:11.920+0000] {filesystem.py:85} INFO - Poking for file /opt/***/data/data.json
[2024-06-25T14:36:21.921+0000] {filesystem.py:85} INFO - Poking for file /opt/***/data/data.json
[2024-06-25T14:36:31.921+0000] {filesystem.py:85} INFO - Poking for file /opt/***/data/data.json
[2024-06-25T14:36:41.922+0000] {filesystem.py:85} INFO - Poking for file /opt/***/data/data.json
[2024-06-25T14:36:51.922+0000] {filesystem.py:85} INFO - Poking for file /opt/***/data/data.json
[2024-06-25T14:37:01.923+0000] {filesystem.py:85} INFO - Poking for file /opt/***/data/data.json
[2024-06-25T14:37:11.924+0000] {filesystem.py:85} INFO - Poking for file /opt/***/data/data.json
[2024-06-25T14:37:21.925+0000] {filesystem.py:85} INFO - Poking for file /opt/***/data/data.json
[2024-06-25T14:37:31.925+0000] {filesystem.py:85} INFO - Poking for file /opt/***/data/data.json
[2024-06-25T14:37:41.925+0000] {filesystem.py:85} INFO - Poking for file /opt/***/data/data.json
[2024-06-25T14:37:51.926+0000] {filesystem.py:85} INFO - Poking for file /opt/***/data/data.json
[2024-06-25T14:38:01.927+0000] {filesystem.py:85} INFO - Poking for file /opt/***/data/data.json
[2024-06-25T14:38:11.928+0000] {filesystem.py:85} INFO - Poking for file /opt/***/data/data.json
[2024-06-25T14:38:21.928+0000] {filesystem.py:85} INFO - Poking for file /opt/***/data/data.json
[2024-06-25T14:38:31.929+0000] {filesystem.py:85} INFO - Poking for file /opt/***/data/data.json
[2024-06-25T14:38:41.930+0000] {filesystem.py:85} INFO - Poking for file /opt/***/data/data.json
[2024-06-25T14:38:51.931+0000] {filesystem.py:85} INFO - Poking for file /opt/***/data/data.json
[2024-06-25T14:39:01.932+0000] {filesystem.py:85} INFO - Poking for file /opt/***/data/data.json
[2024-06-25T14:39:11.933+0000] {filesystem.py:85} INFO - Poking for file /opt/***/data/data.json
[2024-06-25T14:39:21.933+0000] {filesystem.py:85} INFO - Poking for file /opt/***/data/data.json
[2024-06-25T14:39:31.934+0000] {filesystem.py:85} INFO - Poking for file /opt/***/data/data.json
[2024-06-25T14:39:41.934+0000] {filesystem.py:85} INFO - Poking for file /opt/***/data/data.json
[2024-06-25T14:39:51.935+0000] {filesystem.py:85} INFO - Poking for file /opt/***/data/data.json
[2024-06-25T14:40:01.935+0000] {filesystem.py:85} INFO - Poking for file /opt/***/data/data.json
[2024-06-25T14:40:11.936+0000] {filesystem.py:85} INFO - Poking for file /opt/***/data/data.json
[2024-06-25T14:40:21.937+0000] {filesystem.py:85} INFO - Poking for file /opt/***/data/data.json
[2024-06-25T14:40:31.939+0000] {filesystem.py:85} INFO - Poking for file /opt/***/data/data.json
[2024-06-25T14:40:41.940+0000] {filesystem.py:85} INFO - Poking for file /opt/***/data/data.json
[2024-06-25T14:40:51.940+0000] {filesystem.py:85} INFO - Poking for file /opt/***/data/data.json
[2024-06-25T14:41:01.941+0000] {filesystem.py:85} INFO - Poking for file /opt/***/data/data.json
[2024-06-25T14:41:11.942+0000] {filesystem.py:85} INFO - Poking for file /opt/***/data/data.json
[2024-06-25T14:41:21.943+0000] {filesystem.py:85} INFO - Poking for file /opt/***/data/data.json
[2024-06-25T14:41:31.944+0000] {filesystem.py:85} INFO - Poking for file /opt/***/data/data.json
[2024-06-25T14:41:41.945+0000] {filesystem.py:85} INFO - Poking for file /opt/***/data/data.json
[2024-06-25T14:41:51.945+0000] {filesystem.py:85} INFO - Poking for file /opt/***/data/data.json
[2024-06-25T14:42:01.946+0000] {filesystem.py:85} INFO - Poking for file /opt/***/data/data.json
[2024-06-25T14:42:11.947+0000] {filesystem.py:85} INFO - Poking for file /opt/***/data/data.json
[2024-06-25T14:42:21.947+0000] {filesystem.py:85} INFO - Poking for file /opt/***/data/data.json
[2024-06-25T14:42:31.948+0000] {filesystem.py:85} INFO - Poking for file /opt/***/data/data.json
[2024-06-25T14:42:41.949+0000] {filesystem.py:85} INFO - Poking for file /opt/***/data/data.json
[2024-06-25T14:42:51.950+0000] {filesystem.py:85} INFO - Poking for file /opt/***/data/data.json
[2024-06-25T14:43:01.951+0000] {filesystem.py:85} INFO - Poking for file /opt/***/data/data.json
[2024-06-25T14:43:11.952+0000] {filesystem.py:85} INFO - Poking for file /opt/***/data/data.json
[2024-06-25T14:43:21.953+0000] {filesystem.py:85} INFO - Poking for file /opt/***/data/data.json
[2024-06-25T14:43:31.954+0000] {filesystem.py:85} INFO - Poking for file /opt/***/data/data.json
[2024-06-25T14:43:41.955+0000] {filesystem.py:85} INFO - Poking for file /opt/***/data/data.json
[2024-06-25T14:43:51.956+0000] {filesystem.py:85} INFO - Poking for file /opt/***/data/data.json
[2024-06-25T14:44:01.957+0000] {filesystem.py:85} INFO - Poking for file /opt/***/data/data.json
[2024-06-25T14:44:11.957+0000] {filesystem.py:85} INFO - Poking for file /opt/***/data/data.json
[2024-06-25T14:44:21.958+0000] {filesystem.py:85} INFO - Poking for file /opt/***/data/data.json
[2024-06-25T14:44:31.958+0000] {filesystem.py:85} INFO - Poking for file /opt/***/data/data.json
[2024-06-25T14:44:41.959+0000] {filesystem.py:85} INFO - Poking for file /opt/***/data/data.json
[2024-06-25T14:44:51.959+0000] {filesystem.py:85} INFO - Poking for file /opt/***/data/data.json
[2024-06-25T14:45:01.960+0000] {filesystem.py:85} INFO - Poking for file /opt/***/data/data.json
[2024-06-25T14:45:11.961+0000] {filesystem.py:85} INFO - Poking for file /opt/***/data/data.json
[2024-06-25T14:45:21.962+0000] {filesystem.py:85} INFO - Poking for file /opt/***/data/data.json
[2024-06-25T14:45:31.962+0000] {filesystem.py:85} INFO - Poking for file /opt/***/data/data.json
[2024-06-25T14:45:41.963+0000] {filesystem.py:85} INFO - Poking for file /opt/***/data/data.json
[2024-06-25T14:45:51.964+0000] {filesystem.py:85} INFO - Poking for file /opt/***/data/data.json
[2024-06-25T14:46:01.965+0000] {filesystem.py:85} INFO - Poking for file /opt/***/data/data.json
[2024-06-25T14:46:11.966+0000] {filesystem.py:85} INFO - Poking for file /opt/***/data/data.json
[2024-06-25T14:46:21.967+0000] {filesystem.py:85} INFO - Poking for file /opt/***/data/data.json
[2024-06-25T14:46:31.968+0000] {filesystem.py:85} INFO - Poking for file /opt/***/data/data.json
[2024-06-25T14:46:41.969+0000] {filesystem.py:85} INFO - Poking for file /opt/***/data/data.json
[2024-06-25T14:46:51.969+0000] {filesystem.py:85} INFO - Poking for file /opt/***/data/data.json
[2024-06-25T14:47:01.970+0000] {filesystem.py:85} INFO - Poking for file /opt/***/data/data.json
[2024-06-25T14:47:11.971+0000] {filesystem.py:85} INFO - Poking for file /opt/***/data/data.json
[2024-06-25T14:47:21.972+0000] {filesystem.py:85} INFO - Poking for file /opt/***/data/data.json
[2024-06-25T14:47:31.973+0000] {filesystem.py:85} INFO - Poking for file /opt/***/data/data.json
[2024-06-25T14:47:41.974+0000] {filesystem.py:85} INFO - Poking for file /opt/***/data/data.json
[2024-06-25T14:47:51.975+0000] {filesystem.py:85} INFO - Poking for file /opt/***/data/data.json
[2024-06-25T14:48:01.976+0000] {filesystem.py:85} INFO - Poking for file /opt/***/data/data.json
[2024-06-25T14:48:11.976+0000] {filesystem.py:85} INFO - Poking for file /opt/***/data/data.json
[2024-06-25T14:48:21.977+0000] {filesystem.py:85} INFO - Poking for file /opt/***/data/data.json
[2024-06-25T14:48:31.978+0000] {filesystem.py:85} INFO - Poking for file /opt/***/data/data.json
[2024-06-25T14:48:41.978+0000] {filesystem.py:85} INFO - Poking for file /opt/***/data/data.json
[2024-06-25T14:48:51.979+0000] {filesystem.py:85} INFO - Poking for file /opt/***/data/data.json
[2024-06-25T14:49:01.980+0000] {filesystem.py:85} INFO - Poking for file /opt/***/data/data.json
[2024-06-25T14:49:11.981+0000] {filesystem.py:85} INFO - Poking for file /opt/***/data/data.json
[2024-06-25T14:49:21.982+0000] {filesystem.py:85} INFO - Poking for file /opt/***/data/data.json
[2024-06-25T14:49:31.983+0000] {filesystem.py:85} INFO - Poking for file /opt/***/data/data.json
[2024-06-25T14:49:41.984+0000] {filesystem.py:85} INFO - Poking for file /opt/***/data/data.json
[2024-06-25T14:49:51.985+0000] {filesystem.py:85} INFO - Poking for file /opt/***/data/data.json
[2024-06-25T14:50:01.986+0000] {filesystem.py:85} INFO - Poking for file /opt/***/data/data.json
[2024-06-25T14:50:11.986+0000] {filesystem.py:85} INFO - Poking for file /opt/***/data/data.json
[2024-06-25T14:50:21.987+0000] {filesystem.py:85} INFO - Poking for file /opt/***/data/data.json
[2024-06-25T14:50:31.988+0000] {filesystem.py:85} INFO - Poking for file /opt/***/data/data.json
[2024-06-25T14:50:41.989+0000] {filesystem.py:85} INFO - Poking for file /opt/***/data/data.json
[2024-06-25T14:50:51.990+0000] {filesystem.py:85} INFO - Poking for file /opt/***/data/data.json
[2024-06-25T14:51:01.990+0000] {filesystem.py:85} INFO - Poking for file /opt/***/data/data.json
[2024-06-25T14:51:11.991+0000] {filesystem.py:85} INFO - Poking for file /opt/***/data/data.json
[2024-06-25T14:51:21.992+0000] {filesystem.py:85} INFO - Poking for file /opt/***/data/data.json
[2024-06-25T14:51:31.993+0000] {filesystem.py:85} INFO - Poking for file /opt/***/data/data.json
[2024-06-25T14:51:41.994+0000] {filesystem.py:85} INFO - Poking for file /opt/***/data/data.json
[2024-06-25T14:51:51.994+0000] {filesystem.py:85} INFO - Poking for file /opt/***/data/data.json
[2024-06-25T14:52:01.994+0000] {filesystem.py:85} INFO - Poking for file /opt/***/data/data.json
[2024-06-25T14:52:11.995+0000] {filesystem.py:85} INFO - Poking for file /opt/***/data/data.json
[2024-06-25T14:52:21.995+0000] {filesystem.py:85} INFO - Poking for file /opt/***/data/data.json
[2024-06-25T14:52:31.996+0000] {filesystem.py:85} INFO - Poking for file /opt/***/data/data.json
[2024-06-25T14:52:41.997+0000] {filesystem.py:85} INFO - Poking for file /opt/***/data/data.json
[2024-06-25T14:52:51.998+0000] {filesystem.py:85} INFO - Poking for file /opt/***/data/data.json
[2024-06-25T14:53:01.998+0000] {filesystem.py:85} INFO - Poking for file /opt/***/data/data.json
[2024-06-25T14:53:11.999+0000] {filesystem.py:85} INFO - Poking for file /opt/***/data/data.json
[2024-06-25T14:53:22.000+0000] {filesystem.py:85} INFO - Poking for file /opt/***/data/data.json
[2024-06-25T14:53:32.001+0000] {filesystem.py:85} INFO - Poking for file /opt/***/data/data.json
[2024-06-25T14:53:42.002+0000] {filesystem.py:85} INFO - Poking for file /opt/***/data/data.json
[2024-06-25T14:53:52.003+0000] {filesystem.py:85} INFO - Poking for file /opt/***/data/data.json
[2024-06-25T14:54:02.004+0000] {filesystem.py:85} INFO - Poking for file /opt/***/data/data.json
[2024-06-25T14:54:12.006+0000] {filesystem.py:85} INFO - Poking for file /opt/***/data/data.json
[2024-06-25T14:54:22.007+0000] {filesystem.py:85} INFO - Poking for file /opt/***/data/data.json
[2024-06-25T14:54:32.008+0000] {filesystem.py:85} INFO - Poking for file /opt/***/data/data.json
[2024-06-25T14:54:42.008+0000] {filesystem.py:85} INFO - Poking for file /opt/***/data/data.json
[2024-06-25T14:54:52.008+0000] {filesystem.py:85} INFO - Poking for file /opt/***/data/data.json
[2024-06-25T14:55:02.009+0000] {filesystem.py:85} INFO - Poking for file /opt/***/data/data.json
[2024-06-25T14:55:12.009+0000] {filesystem.py:85} INFO - Poking for file /opt/***/data/data.json
[2024-06-25T14:55:22.010+0000] {filesystem.py:85} INFO - Poking for file /opt/***/data/data.json
[2024-06-25T14:55:32.011+0000] {filesystem.py:85} INFO - Poking for file /opt/***/data/data.json
[2024-06-25T14:55:42.012+0000] {filesystem.py:85} INFO - Poking for file /opt/***/data/data.json
[2024-06-25T14:55:52.012+0000] {filesystem.py:85} INFO - Poking for file /opt/***/data/data.json
[2024-06-25T14:56:02.013+0000] {filesystem.py:85} INFO - Poking for file /opt/***/data/data.json
[2024-06-25T14:56:12.015+0000] {filesystem.py:85} INFO - Poking for file /opt/***/data/data.json
[2024-06-25T14:56:22.016+0000] {filesystem.py:85} INFO - Poking for file /opt/***/data/data.json
[2024-06-25T14:56:32.016+0000] {filesystem.py:85} INFO - Poking for file /opt/***/data/data.json
[2024-06-25T14:56:42.017+0000] {filesystem.py:85} INFO - Poking for file /opt/***/data/data.json
[2024-06-25T14:56:52.019+0000] {filesystem.py:85} INFO - Poking for file /opt/***/data/data.json
[2024-06-25T14:57:02.020+0000] {filesystem.py:85} INFO - Poking for file /opt/***/data/data.json
[2024-06-25T14:57:12.021+0000] {filesystem.py:85} INFO - Poking for file /opt/***/data/data.json
[2024-06-25T14:57:22.022+0000] {filesystem.py:85} INFO - Poking for file /opt/***/data/data.json
[2024-06-25T14:57:32.023+0000] {filesystem.py:85} INFO - Poking for file /opt/***/data/data.json
[2024-06-25T14:57:42.024+0000] {filesystem.py:85} INFO - Poking for file /opt/***/data/data.json
[2024-06-25T14:57:52.025+0000] {filesystem.py:85} INFO - Poking for file /opt/***/data/data.json
[2024-06-25T14:58:02.026+0000] {filesystem.py:85} INFO - Poking for file /opt/***/data/data.json
[2024-06-25T14:58:12.026+0000] {filesystem.py:85} INFO - Poking for file /opt/***/data/data.json
[2024-06-25T14:58:22.027+0000] {filesystem.py:85} INFO - Poking for file /opt/***/data/data.json
[2024-06-25T14:58:32.028+0000] {filesystem.py:85} INFO - Poking for file /opt/***/data/data.json
[2024-06-25T14:58:42.028+0000] {filesystem.py:85} INFO - Poking for file /opt/***/data/data.json
[2024-06-25T14:58:52.029+0000] {filesystem.py:85} INFO - Poking for file /opt/***/data/data.json
[2024-06-25T14:59:02.029+0000] {filesystem.py:85} INFO - Poking for file /opt/***/data/data.json
[2024-06-25T14:59:12.030+0000] {filesystem.py:85} INFO - Poking for file /opt/***/data/data.json
[2024-06-25T14:59:22.032+0000] {filesystem.py:85} INFO - Poking for file /opt/***/data/data.json
[2024-06-25T14:59:32.032+0000] {filesystem.py:85} INFO - Poking for file /opt/***/data/data.json
[2024-06-25T14:59:42.033+0000] {filesystem.py:85} INFO - Poking for file /opt/***/data/data.json
[2024-06-25T14:59:52.034+0000] {filesystem.py:85} INFO - Poking for file /opt/***/data/data.json
[2024-06-25T15:00:02.035+0000] {filesystem.py:85} INFO - Poking for file /opt/***/data/data.json
[2024-06-25T15:00:12.036+0000] {filesystem.py:85} INFO - Poking for file /opt/***/data/data.json
[2024-06-25T15:00:22.037+0000] {filesystem.py:85} INFO - Poking for file /opt/***/data/data.json
[2024-06-25T15:00:32.038+0000] {filesystem.py:85} INFO - Poking for file /opt/***/data/data.json
[2024-06-25T15:00:42.039+0000] {filesystem.py:85} INFO - Poking for file /opt/***/data/data.json
[2024-06-25T15:00:52.040+0000] {filesystem.py:85} INFO - Poking for file /opt/***/data/data.json
[2024-06-25T15:01:02.041+0000] {filesystem.py:85} INFO - Poking for file /opt/***/data/data.json
[2024-06-25T15:01:12.042+0000] {filesystem.py:85} INFO - Poking for file /opt/***/data/data.json
[2024-06-25T15:01:22.043+0000] {filesystem.py:85} INFO - Poking for file /opt/***/data/data.json
[2024-06-25T15:01:32.044+0000] {filesystem.py:85} INFO - Poking for file /opt/***/data/data.json
