[2024-06-26T14:13:56.310+0000] {local_task_job_runner.py:120} INFO - ::group::Pre task execution logs
[2024-06-26T14:13:56.381+0000] {taskinstance.py:2076} INFO - Dependencies all met for dep_context=non-requeueable deps ti=<TaskInstance: windturbine.file_sensor_task scheduled__2024-06-25T13:24:00+00:00 [queued]>
[2024-06-26T14:13:56.404+0000] {taskinstance.py:2076} INFO - Dependencies all met for dep_context=requeueable deps ti=<TaskInstance: windturbine.file_sensor_task scheduled__2024-06-25T13:24:00+00:00 [queued]>
[2024-06-26T14:13:56.404+0000] {taskinstance.py:2306} INFO - Starting attempt 2 of 2
[2024-06-26T14:13:56.435+0000] {taskinstance.py:2330} INFO - Executing <Task(FileSensor): file_sensor_task> on 2024-06-25 13:24:00+00:00
[2024-06-26T14:13:56.449+0000] {warnings.py:112} WARNING - /home/***/.local/lib/python3.12/site-packages/***/task/task_runner/standard_task_runner.py:61: DeprecationWarning: This process (pid=66) is multi-threaded, use of fork() may lead to deadlocks in the child.
  pid = os.fork()

[2024-06-26T14:13:56.455+0000] {standard_task_runner.py:63} INFO - Started process 94 to run task
[2024-06-26T14:13:56.454+0000] {standard_task_runner.py:90} INFO - Running: ['***', 'tasks', 'run', 'windturbine', 'file_sensor_task', 'scheduled__2024-06-25T13:24:00+00:00', '--job-id', '513', '--raw', '--subdir', 'DAGS_FOLDER/windturbine.py', '--cfg-path', '/tmp/tmplk16sc1e']
[2024-06-26T14:13:56.457+0000] {standard_task_runner.py:91} INFO - Job 513: Subtask file_sensor_task
[2024-06-26T14:13:56.569+0000] {task_command.py:426} INFO - Running <TaskInstance: windturbine.file_sensor_task scheduled__2024-06-25T13:24:00+00:00 [running]> on host 24f7195278eb
[2024-06-26T14:13:56.764+0000] {taskinstance.py:2648} INFO - Exporting env vars: AIRFLOW_CTX_DAG_EMAIL='liviataina.ltab@gmail.com' AIRFLOW_CTX_DAG_OWNER='***' AIRFLOW_CTX_DAG_ID='windturbine' AIRFLOW_CTX_TASK_ID='file_sensor_task' AIRFLOW_CTX_EXECUTION_DATE='2024-06-25T13:24:00+00:00' AIRFLOW_CTX_TRY_NUMBER='2' AIRFLOW_CTX_DAG_RUN_ID='scheduled__2024-06-25T13:24:00+00:00'
[2024-06-26T14:13:56.765+0000] {taskinstance.py:430} INFO - ::endgroup::
[2024-06-26T14:13:56.777+0000] {baseoperator.py:400} WARNING - FileSensor.execute cannot be called outside TaskInstance!
[2024-06-26T14:13:56.796+0000] {base.py:84} INFO - Using connection ID 'fs_default' for task execution.
[2024-06-26T14:13:56.796+0000] {filesystem.py:85} INFO - Poking for file /opt/***/data/data.json
[2024-06-26T14:14:06.797+0000] {filesystem.py:85} INFO - Poking for file /opt/***/data/data.json
[2024-06-26T14:14:16.798+0000] {filesystem.py:85} INFO - Poking for file /opt/***/data/data.json
[2024-06-26T14:14:26.798+0000] {filesystem.py:85} INFO - Poking for file /opt/***/data/data.json
[2024-06-26T14:14:36.799+0000] {filesystem.py:85} INFO - Poking for file /opt/***/data/data.json
[2024-06-26T14:14:46.800+0000] {filesystem.py:85} INFO - Poking for file /opt/***/data/data.json
[2024-06-26T14:14:56.801+0000] {filesystem.py:85} INFO - Poking for file /opt/***/data/data.json
[2024-06-26T14:15:06.801+0000] {filesystem.py:85} INFO - Poking for file /opt/***/data/data.json
[2024-06-26T14:15:16.802+0000] {filesystem.py:85} INFO - Poking for file /opt/***/data/data.json
[2024-06-26T14:15:26.803+0000] {filesystem.py:85} INFO - Poking for file /opt/***/data/data.json
[2024-06-26T14:15:36.803+0000] {filesystem.py:85} INFO - Poking for file /opt/***/data/data.json
[2024-06-26T14:15:46.804+0000] {filesystem.py:85} INFO - Poking for file /opt/***/data/data.json
[2024-06-26T14:15:56.804+0000] {filesystem.py:85} INFO - Poking for file /opt/***/data/data.json
[2024-06-26T14:16:06.805+0000] {filesystem.py:85} INFO - Poking for file /opt/***/data/data.json
[2024-06-26T14:16:16.805+0000] {filesystem.py:85} INFO - Poking for file /opt/***/data/data.json
[2024-06-26T14:16:26.806+0000] {filesystem.py:85} INFO - Poking for file /opt/***/data/data.json
[2024-06-26T14:16:36.807+0000] {filesystem.py:85} INFO - Poking for file /opt/***/data/data.json
[2024-06-26T14:16:46.807+0000] {filesystem.py:85} INFO - Poking for file /opt/***/data/data.json
[2024-06-26T14:16:56.808+0000] {filesystem.py:85} INFO - Poking for file /opt/***/data/data.json
[2024-06-26T14:17:06.809+0000] {filesystem.py:85} INFO - Poking for file /opt/***/data/data.json
[2024-06-26T14:17:16.810+0000] {filesystem.py:85} INFO - Poking for file /opt/***/data/data.json
[2024-06-26T14:17:26.811+0000] {filesystem.py:85} INFO - Poking for file /opt/***/data/data.json
[2024-06-26T14:17:36.812+0000] {filesystem.py:85} INFO - Poking for file /opt/***/data/data.json
[2024-06-26T14:17:46.812+0000] {filesystem.py:85} INFO - Poking for file /opt/***/data/data.json
[2024-06-26T14:17:56.813+0000] {filesystem.py:85} INFO - Poking for file /opt/***/data/data.json
