[2024-06-26T14:29:53.315+0000] {local_task_job_runner.py:120} INFO - ::group::Pre task execution logs
[2024-06-26T14:29:53.326+0000] {taskinstance.py:2076} INFO - Dependencies all met for dep_context=non-requeueable deps ti=<TaskInstance: windturbine.file_sensor_task scheduled__2024-06-26T14:24:00+00:00 [queued]>
[2024-06-26T14:29:53.330+0000] {taskinstance.py:2076} INFO - Dependencies all met for dep_context=requeueable deps ti=<TaskInstance: windturbine.file_sensor_task scheduled__2024-06-26T14:24:00+00:00 [queued]>
[2024-06-26T14:29:53.330+0000] {taskinstance.py:2306} INFO - Starting attempt 1 of 2
[2024-06-26T14:29:53.337+0000] {taskinstance.py:2330} INFO - Executing <Task(FileSensor): file_sensor_task> on 2024-06-26 14:24:00+00:00
[2024-06-26T14:29:53.341+0000] {warnings.py:112} WARNING - /home/***/.local/lib/python3.12/site-packages/***/task/task_runner/standard_task_runner.py:61: DeprecationWarning: This process (pid=52) is multi-threaded, use of fork() may lead to deadlocks in the child.
  pid = os.fork()

[2024-06-26T14:29:53.341+0000] {standard_task_runner.py:63} INFO - Started process 54 to run task
[2024-06-26T14:29:53.341+0000] {standard_task_runner.py:90} INFO - Running: ['***', 'tasks', 'run', 'windturbine', 'file_sensor_task', 'scheduled__2024-06-26T14:24:00+00:00', '--job-id', '564', '--raw', '--subdir', 'DAGS_FOLDER/windturbine.py', '--cfg-path', '/tmp/tmpmdp__se7']
[2024-06-26T14:29:53.342+0000] {standard_task_runner.py:91} INFO - Job 564: Subtask file_sensor_task
[2024-06-26T14:29:53.366+0000] {task_command.py:426} INFO - Running <TaskInstance: windturbine.file_sensor_task scheduled__2024-06-26T14:24:00+00:00 [running]> on host 98350b7a6ca8
[2024-06-26T14:29:53.413+0000] {taskinstance.py:2648} INFO - Exporting env vars: AIRFLOW_CTX_DAG_EMAIL='liviataina.ltab@gmail.com' AIRFLOW_CTX_DAG_OWNER='***' AIRFLOW_CTX_DAG_ID='windturbine' AIRFLOW_CTX_TASK_ID='file_sensor_task' AIRFLOW_CTX_EXECUTION_DATE='2024-06-26T14:24:00+00:00' AIRFLOW_CTX_TRY_NUMBER='1' AIRFLOW_CTX_DAG_RUN_ID='scheduled__2024-06-26T14:24:00+00:00'
[2024-06-26T14:29:53.414+0000] {taskinstance.py:430} INFO - ::endgroup::
[2024-06-26T14:29:53.422+0000] {baseoperator.py:400} WARNING - FileSensor.execute cannot be called outside TaskInstance!
[2024-06-26T14:29:53.427+0000] {base.py:84} INFO - Using connection ID 'fs_default' for task execution.
[2024-06-26T14:29:53.427+0000] {filesystem.py:85} INFO - Poking for file /opt/***/data/data.json
[2024-06-26T14:29:53.427+0000] {filesystem.py:89} INFO - Found File /opt/***/data/data.json last modified: 20240626142733
[2024-06-26T14:29:53.427+0000] {base.py:294} INFO - Success criteria met. Exiting.
[2024-06-26T14:29:53.427+0000] {filesystem.py:85} INFO - Poking for file /opt/***/data/data.json
[2024-06-26T14:29:53.427+0000] {filesystem.py:89} INFO - Found File /opt/***/data/data.json last modified: 20240626142733
[2024-06-26T14:29:53.427+0000] {taskinstance.py:441} INFO - ::group::Post task execution logs
[2024-06-26T14:29:53.432+0000] {taskinstance.py:1206} INFO - Marking task as SUCCESS. dag_id=windturbine, task_id=file_sensor_task, run_id=scheduled__2024-06-26T14:24:00+00:00, execution_date=20240626T142400, start_date=20240626T142953, end_date=20240626T142953
[2024-06-26T14:29:53.474+0000] {local_task_job_runner.py:240} INFO - Task exited with return code 0
[2024-06-26T14:29:53.481+0000] {warnings.py:112} WARNING - /home/***/.local/lib/python3.12/site-packages/***/models/baseoperator.py:1297: AirflowProviderDeprecationWarning: Call to deprecated class PostgresOperator. (Please use `***.providers.common.sql.operators.sql.SQLExecuteQueryOperator`.Also, you can provide `hook_params={'schema': <database>}`.)
  result = cls.__new__(cls)

[2024-06-26T14:29:53.496+0000] {taskinstance.py:3503} INFO - 1 downstream tasks scheduled from follow-on schedule check
[2024-06-26T14:29:53.497+0000] {local_task_job_runner.py:222} INFO - ::endgroup::
