[2024-06-25T13:09:00.892+0000] {local_task_job_runner.py:120} INFO - ::group::Pre task execution logs
[2024-06-25T13:09:00.906+0000] {taskinstance.py:2076} INFO - Dependencies all met for dep_context=non-requeueable deps ti=<TaskInstance: windturbine.file_sensor_task scheduled__2024-06-25T13:06:00+00:00 [queued]>
[2024-06-25T13:09:00.912+0000] {taskinstance.py:2076} INFO - Dependencies all met for dep_context=requeueable deps ti=<TaskInstance: windturbine.file_sensor_task scheduled__2024-06-25T13:06:00+00:00 [queued]>
[2024-06-25T13:09:00.912+0000] {taskinstance.py:2306} INFO - Starting attempt 1 of 2
[2024-06-25T13:09:00.922+0000] {taskinstance.py:2330} INFO - Executing <Task(FileSensor): file_sensor_task> on 2024-06-25 13:06:00+00:00
[2024-06-25T13:09:00.929+0000] {warnings.py:112} WARNING - /home/***/.local/lib/python3.12/site-packages/***/task/task_runner/standard_task_runner.py:61: DeprecationWarning: This process (pid=1454) is multi-threaded, use of fork() may lead to deadlocks in the child.
  pid = os.fork()

[2024-06-25T13:09:00.930+0000] {standard_task_runner.py:63} INFO - Started process 1456 to run task
[2024-06-25T13:09:00.931+0000] {standard_task_runner.py:90} INFO - Running: ['***', 'tasks', 'run', 'windturbine', 'file_sensor_task', 'scheduled__2024-06-25T13:06:00+00:00', '--job-id', '500', '--raw', '--subdir', 'DAGS_FOLDER/windturbine.py', '--cfg-path', '/tmp/tmpl2r_mqm9']
[2024-06-25T13:09:00.932+0000] {standard_task_runner.py:91} INFO - Job 500: Subtask file_sensor_task
[2024-06-25T13:09:00.957+0000] {task_command.py:426} INFO - Running <TaskInstance: windturbine.file_sensor_task scheduled__2024-06-25T13:06:00+00:00 [running]> on host 8f35bebe2893
[2024-06-25T13:09:01.003+0000] {taskinstance.py:2648} INFO - Exporting env vars: AIRFLOW_CTX_DAG_EMAIL='liviataina.ltab@gmail.com' AIRFLOW_CTX_DAG_OWNER='***' AIRFLOW_CTX_DAG_ID='windturbine' AIRFLOW_CTX_TASK_ID='file_sensor_task' AIRFLOW_CTX_EXECUTION_DATE='2024-06-25T13:06:00+00:00' AIRFLOW_CTX_TRY_NUMBER='1' AIRFLOW_CTX_DAG_RUN_ID='scheduled__2024-06-25T13:06:00+00:00'
[2024-06-25T13:09:01.003+0000] {taskinstance.py:430} INFO - ::endgroup::
[2024-06-25T13:09:01.010+0000] {baseoperator.py:400} WARNING - FileSensor.execute cannot be called outside TaskInstance!
[2024-06-25T13:09:01.015+0000] {base.py:84} INFO - Using connection ID 'fs_default' for task execution.
[2024-06-25T13:09:01.015+0000] {filesystem.py:85} INFO - Poking for file /opt/***/data/data.json
[2024-06-25T13:09:11.015+0000] {filesystem.py:85} INFO - Poking for file /opt/***/data/data.json
[2024-06-25T13:09:21.016+0000] {filesystem.py:85} INFO - Poking for file /opt/***/data/data.json
[2024-06-25T13:09:31.017+0000] {filesystem.py:85} INFO - Poking for file /opt/***/data/data.json
[2024-06-25T13:09:41.018+0000] {filesystem.py:85} INFO - Poking for file /opt/***/data/data.json
[2024-06-25T13:09:51.019+0000] {filesystem.py:85} INFO - Poking for file /opt/***/data/data.json
[2024-06-25T13:10:01.020+0000] {filesystem.py:85} INFO - Poking for file /opt/***/data/data.json
[2024-06-25T13:10:11.021+0000] {filesystem.py:85} INFO - Poking for file /opt/***/data/data.json
[2024-06-25T13:10:21.022+0000] {filesystem.py:85} INFO - Poking for file /opt/***/data/data.json
[2024-06-25T13:10:31.022+0000] {filesystem.py:85} INFO - Poking for file /opt/***/data/data.json
[2024-06-25T13:10:41.023+0000] {filesystem.py:85} INFO - Poking for file /opt/***/data/data.json
[2024-06-25T13:10:51.023+0000] {filesystem.py:85} INFO - Poking for file /opt/***/data/data.json
[2024-06-25T13:11:01.024+0000] {filesystem.py:85} INFO - Poking for file /opt/***/data/data.json
[2024-06-25T13:11:11.025+0000] {filesystem.py:85} INFO - Poking for file /opt/***/data/data.json
[2024-06-25T13:11:21.026+0000] {filesystem.py:85} INFO - Poking for file /opt/***/data/data.json
[2024-06-25T13:11:31.028+0000] {filesystem.py:85} INFO - Poking for file /opt/***/data/data.json
[2024-06-25T13:11:41.028+0000] {filesystem.py:85} INFO - Poking for file /opt/***/data/data.json
[2024-06-25T13:11:51.029+0000] {filesystem.py:85} INFO - Poking for file /opt/***/data/data.json
[2024-06-25T13:12:01.029+0000] {filesystem.py:85} INFO - Poking for file /opt/***/data/data.json
[2024-06-25T13:12:11.030+0000] {filesystem.py:85} INFO - Poking for file /opt/***/data/data.json
[2024-06-25T13:12:21.031+0000] {filesystem.py:85} INFO - Poking for file /opt/***/data/data.json
[2024-06-25T13:12:31.032+0000] {filesystem.py:85} INFO - Poking for file /opt/***/data/data.json
[2024-06-25T13:12:41.032+0000] {filesystem.py:85} INFO - Poking for file /opt/***/data/data.json
[2024-06-25T13:12:51.033+0000] {filesystem.py:85} INFO - Poking for file /opt/***/data/data.json
[2024-06-25T13:13:01.034+0000] {filesystem.py:85} INFO - Poking for file /opt/***/data/data.json
[2024-06-25T13:13:11.034+0000] {filesystem.py:85} INFO - Poking for file /opt/***/data/data.json
[2024-06-25T13:13:21.035+0000] {filesystem.py:85} INFO - Poking for file /opt/***/data/data.json
[2024-06-25T13:13:31.036+0000] {filesystem.py:85} INFO - Poking for file /opt/***/data/data.json
[2024-06-25T13:13:41.036+0000] {filesystem.py:85} INFO - Poking for file /opt/***/data/data.json
[2024-06-25T13:13:51.037+0000] {filesystem.py:85} INFO - Poking for file /opt/***/data/data.json
[2024-06-25T13:14:01.038+0000] {filesystem.py:85} INFO - Poking for file /opt/***/data/data.json
[2024-06-25T13:14:11.038+0000] {filesystem.py:85} INFO - Poking for file /opt/***/data/data.json
[2024-06-25T13:14:21.039+0000] {filesystem.py:85} INFO - Poking for file /opt/***/data/data.json
[2024-06-25T13:14:31.040+0000] {filesystem.py:85} INFO - Poking for file /opt/***/data/data.json
[2024-06-25T13:14:41.040+0000] {filesystem.py:85} INFO - Poking for file /opt/***/data/data.json
[2024-06-25T13:14:51.041+0000] {filesystem.py:85} INFO - Poking for file /opt/***/data/data.json
[2024-06-25T13:15:01.042+0000] {filesystem.py:85} INFO - Poking for file /opt/***/data/data.json
[2024-06-25T13:15:11.043+0000] {filesystem.py:85} INFO - Poking for file /opt/***/data/data.json
[2024-06-25T13:15:21.044+0000] {filesystem.py:85} INFO - Poking for file /opt/***/data/data.json
[2024-06-25T13:15:31.045+0000] {filesystem.py:85} INFO - Poking for file /opt/***/data/data.json
[2024-06-25T13:15:41.045+0000] {filesystem.py:85} INFO - Poking for file /opt/***/data/data.json
[2024-06-25T13:15:51.046+0000] {filesystem.py:85} INFO - Poking for file /opt/***/data/data.json
[2024-06-25T13:16:01.047+0000] {filesystem.py:85} INFO - Poking for file /opt/***/data/data.json
[2024-06-25T13:16:11.048+0000] {filesystem.py:85} INFO - Poking for file /opt/***/data/data.json
[2024-06-25T13:16:21.048+0000] {filesystem.py:85} INFO - Poking for file /opt/***/data/data.json
[2024-06-25T13:16:31.049+0000] {filesystem.py:85} INFO - Poking for file /opt/***/data/data.json
[2024-06-25T13:16:41.050+0000] {filesystem.py:85} INFO - Poking for file /opt/***/data/data.json
[2024-06-25T13:16:51.050+0000] {filesystem.py:85} INFO - Poking for file /opt/***/data/data.json
[2024-06-25T13:17:01.051+0000] {filesystem.py:85} INFO - Poking for file /opt/***/data/data.json
[2024-06-25T13:17:11.052+0000] {filesystem.py:85} INFO - Poking for file /opt/***/data/data.json
[2024-06-25T13:17:21.053+0000] {filesystem.py:85} INFO - Poking for file /opt/***/data/data.json
[2024-06-25T13:17:31.054+0000] {filesystem.py:85} INFO - Poking for file /opt/***/data/data.json
[2024-06-25T13:17:41.055+0000] {filesystem.py:85} INFO - Poking for file /opt/***/data/data.json
[2024-06-25T13:17:51.056+0000] {filesystem.py:85} INFO - Poking for file /opt/***/data/data.json
[2024-06-25T13:18:01.056+0000] {filesystem.py:85} INFO - Poking for file /opt/***/data/data.json
[2024-06-25T13:18:11.057+0000] {filesystem.py:85} INFO - Poking for file /opt/***/data/data.json
[2024-06-25T13:18:21.058+0000] {filesystem.py:85} INFO - Poking for file /opt/***/data/data.json
[2024-06-25T13:18:31.058+0000] {filesystem.py:85} INFO - Poking for file /opt/***/data/data.json
[2024-06-25T13:18:41.060+0000] {filesystem.py:85} INFO - Poking for file /opt/***/data/data.json
[2024-06-25T13:18:51.061+0000] {filesystem.py:85} INFO - Poking for file /opt/***/data/data.json
[2024-06-25T13:19:01.062+0000] {filesystem.py:85} INFO - Poking for file /opt/***/data/data.json
[2024-06-25T13:19:11.063+0000] {filesystem.py:85} INFO - Poking for file /opt/***/data/data.json
[2024-06-25T13:19:21.064+0000] {filesystem.py:85} INFO - Poking for file /opt/***/data/data.json
[2024-06-25T13:19:31.065+0000] {filesystem.py:85} INFO - Poking for file /opt/***/data/data.json
[2024-06-25T13:19:41.066+0000] {filesystem.py:85} INFO - Poking for file /opt/***/data/data.json
[2024-06-25T13:19:51.067+0000] {filesystem.py:85} INFO - Poking for file /opt/***/data/data.json
[2024-06-25T13:20:01.068+0000] {filesystem.py:85} INFO - Poking for file /opt/***/data/data.json
[2024-06-25T13:20:11.069+0000] {filesystem.py:85} INFO - Poking for file /opt/***/data/data.json
[2024-06-25T13:20:21.070+0000] {filesystem.py:85} INFO - Poking for file /opt/***/data/data.json
[2024-06-25T13:20:31.070+0000] {filesystem.py:85} INFO - Poking for file /opt/***/data/data.json
[2024-06-25T13:20:41.071+0000] {filesystem.py:85} INFO - Poking for file /opt/***/data/data.json
[2024-06-25T13:20:51.072+0000] {filesystem.py:85} INFO - Poking for file /opt/***/data/data.json
[2024-06-25T13:21:01.072+0000] {filesystem.py:85} INFO - Poking for file /opt/***/data/data.json
[2024-06-25T13:21:11.073+0000] {filesystem.py:85} INFO - Poking for file /opt/***/data/data.json
[2024-06-25T13:21:21.074+0000] {filesystem.py:85} INFO - Poking for file /opt/***/data/data.json
[2024-06-25T13:21:31.075+0000] {filesystem.py:85} INFO - Poking for file /opt/***/data/data.json
[2024-06-25T13:21:41.076+0000] {filesystem.py:85} INFO - Poking for file /opt/***/data/data.json
[2024-06-25T13:21:51.077+0000] {filesystem.py:85} INFO - Poking for file /opt/***/data/data.json
[2024-06-25T13:22:01.078+0000] {filesystem.py:85} INFO - Poking for file /opt/***/data/data.json
[2024-06-25T13:22:11.079+0000] {filesystem.py:85} INFO - Poking for file /opt/***/data/data.json
[2024-06-25T13:22:21.079+0000] {filesystem.py:85} INFO - Poking for file /opt/***/data/data.json
[2024-06-25T13:22:31.080+0000] {filesystem.py:85} INFO - Poking for file /opt/***/data/data.json
[2024-06-25T13:22:41.080+0000] {filesystem.py:85} INFO - Poking for file /opt/***/data/data.json
[2024-06-25T13:22:51.081+0000] {filesystem.py:85} INFO - Poking for file /opt/***/data/data.json
[2024-06-25T13:23:01.082+0000] {filesystem.py:85} INFO - Poking for file /opt/***/data/data.json
[2024-06-25T13:23:11.083+0000] {filesystem.py:85} INFO - Poking for file /opt/***/data/data.json
[2024-06-25T13:23:21.084+0000] {filesystem.py:85} INFO - Poking for file /opt/***/data/data.json
[2024-06-25T13:23:31.085+0000] {filesystem.py:85} INFO - Poking for file /opt/***/data/data.json
[2024-06-25T13:23:41.086+0000] {filesystem.py:85} INFO - Poking for file /opt/***/data/data.json
[2024-06-25T13:23:51.087+0000] {filesystem.py:85} INFO - Poking for file /opt/***/data/data.json
[2024-06-25T13:24:01.087+0000] {filesystem.py:85} INFO - Poking for file /opt/***/data/data.json
[2024-06-25T13:24:11.088+0000] {filesystem.py:85} INFO - Poking for file /opt/***/data/data.json
[2024-06-25T13:24:21.089+0000] {filesystem.py:85} INFO - Poking for file /opt/***/data/data.json
[2024-06-25T13:24:31.090+0000] {filesystem.py:85} INFO - Poking for file /opt/***/data/data.json
[2024-06-25T13:24:41.090+0000] {filesystem.py:85} INFO - Poking for file /opt/***/data/data.json
[2024-06-25T13:24:51.091+0000] {filesystem.py:85} INFO - Poking for file /opt/***/data/data.json
[2024-06-25T13:25:01.092+0000] {filesystem.py:85} INFO - Poking for file /opt/***/data/data.json
[2024-06-25T13:25:11.092+0000] {filesystem.py:85} INFO - Poking for file /opt/***/data/data.json
[2024-06-25T13:25:21.093+0000] {filesystem.py:85} INFO - Poking for file /opt/***/data/data.json
[2024-06-25T13:25:31.094+0000] {filesystem.py:85} INFO - Poking for file /opt/***/data/data.json
[2024-06-25T13:25:41.095+0000] {filesystem.py:85} INFO - Poking for file /opt/***/data/data.json
[2024-06-25T13:25:51.096+0000] {filesystem.py:85} INFO - Poking for file /opt/***/data/data.json
[2024-06-25T13:26:01.097+0000] {filesystem.py:85} INFO - Poking for file /opt/***/data/data.json
[2024-06-25T13:26:11.098+0000] {filesystem.py:85} INFO - Poking for file /opt/***/data/data.json
[2024-06-25T13:26:21.098+0000] {filesystem.py:85} INFO - Poking for file /opt/***/data/data.json
[2024-06-25T13:26:31.099+0000] {filesystem.py:85} INFO - Poking for file /opt/***/data/data.json
[2024-06-25T13:26:41.100+0000] {filesystem.py:85} INFO - Poking for file /opt/***/data/data.json
[2024-06-25T13:26:51.101+0000] {filesystem.py:85} INFO - Poking for file /opt/***/data/data.json
[2024-06-25T13:27:01.101+0000] {filesystem.py:85} INFO - Poking for file /opt/***/data/data.json
[2024-06-25T13:27:11.102+0000] {filesystem.py:85} INFO - Poking for file /opt/***/data/data.json
[2024-06-25T13:27:21.103+0000] {filesystem.py:85} INFO - Poking for file /opt/***/data/data.json
[2024-06-25T13:27:31.104+0000] {filesystem.py:85} INFO - Poking for file /opt/***/data/data.json
[2024-06-25T13:27:41.105+0000] {filesystem.py:85} INFO - Poking for file /opt/***/data/data.json
[2024-06-25T13:27:51.106+0000] {filesystem.py:85} INFO - Poking for file /opt/***/data/data.json
[2024-06-25T13:28:01.106+0000] {filesystem.py:85} INFO - Poking for file /opt/***/data/data.json
[2024-06-25T13:28:11.107+0000] {filesystem.py:85} INFO - Poking for file /opt/***/data/data.json
[2024-06-25T13:28:21.108+0000] {filesystem.py:85} INFO - Poking for file /opt/***/data/data.json
[2024-06-25T13:28:31.108+0000] {filesystem.py:85} INFO - Poking for file /opt/***/data/data.json
[2024-06-25T13:28:41.109+0000] {filesystem.py:85} INFO - Poking for file /opt/***/data/data.json
[2024-06-25T13:28:51.109+0000] {filesystem.py:85} INFO - Poking for file /opt/***/data/data.json
[2024-06-25T13:29:01.110+0000] {filesystem.py:85} INFO - Poking for file /opt/***/data/data.json
[2024-06-25T13:29:11.111+0000] {filesystem.py:85} INFO - Poking for file /opt/***/data/data.json
[2024-06-25T13:29:21.112+0000] {filesystem.py:85} INFO - Poking for file /opt/***/data/data.json
[2024-06-25T13:29:31.113+0000] {filesystem.py:85} INFO - Poking for file /opt/***/data/data.json
[2024-06-25T13:29:41.114+0000] {filesystem.py:85} INFO - Poking for file /opt/***/data/data.json
[2024-06-25T13:29:51.114+0000] {filesystem.py:85} INFO - Poking for file /opt/***/data/data.json
[2024-06-25T13:30:01.115+0000] {filesystem.py:85} INFO - Poking for file /opt/***/data/data.json
[2024-06-25T13:30:11.116+0000] {filesystem.py:85} INFO - Poking for file /opt/***/data/data.json
[2024-06-25T13:30:21.117+0000] {filesystem.py:85} INFO - Poking for file /opt/***/data/data.json
[2024-06-25T13:30:31.117+0000] {filesystem.py:85} INFO - Poking for file /opt/***/data/data.json
[2024-06-25T13:30:41.118+0000] {filesystem.py:85} INFO - Poking for file /opt/***/data/data.json
[2024-06-25T13:30:51.118+0000] {filesystem.py:85} INFO - Poking for file /opt/***/data/data.json
[2024-06-25T13:31:01.119+0000] {filesystem.py:85} INFO - Poking for file /opt/***/data/data.json
[2024-06-25T13:31:11.119+0000] {filesystem.py:85} INFO - Poking for file /opt/***/data/data.json
[2024-06-25T13:31:21.120+0000] {filesystem.py:85} INFO - Poking for file /opt/***/data/data.json
[2024-06-25T13:31:31.121+0000] {filesystem.py:85} INFO - Poking for file /opt/***/data/data.json
[2024-06-25T13:31:41.121+0000] {filesystem.py:85} INFO - Poking for file /opt/***/data/data.json
[2024-06-25T13:31:51.122+0000] {filesystem.py:85} INFO - Poking for file /opt/***/data/data.json
[2024-06-25T13:32:01.123+0000] {filesystem.py:85} INFO - Poking for file /opt/***/data/data.json
[2024-06-25T13:32:11.123+0000] {filesystem.py:85} INFO - Poking for file /opt/***/data/data.json
[2024-06-25T13:32:21.124+0000] {filesystem.py:85} INFO - Poking for file /opt/***/data/data.json
[2024-06-25T13:32:31.125+0000] {filesystem.py:85} INFO - Poking for file /opt/***/data/data.json
[2024-06-25T13:32:41.126+0000] {filesystem.py:85} INFO - Poking for file /opt/***/data/data.json
[2024-06-25T13:32:51.126+0000] {filesystem.py:85} INFO - Poking for file /opt/***/data/data.json
[2024-06-25T13:33:01.127+0000] {filesystem.py:85} INFO - Poking for file /opt/***/data/data.json
[2024-06-25T13:33:11.128+0000] {filesystem.py:85} INFO - Poking for file /opt/***/data/data.json
[2024-06-25T13:33:21.129+0000] {filesystem.py:85} INFO - Poking for file /opt/***/data/data.json
[2024-06-25T13:33:31.130+0000] {filesystem.py:85} INFO - Poking for file /opt/***/data/data.json
[2024-06-25T13:33:41.130+0000] {filesystem.py:85} INFO - Poking for file /opt/***/data/data.json
[2024-06-25T13:33:51.131+0000] {filesystem.py:85} INFO - Poking for file /opt/***/data/data.json
[2024-06-25T13:34:01.131+0000] {filesystem.py:85} INFO - Poking for file /opt/***/data/data.json
[2024-06-25T13:34:11.132+0000] {filesystem.py:85} INFO - Poking for file /opt/***/data/data.json
[2024-06-25T13:34:21.133+0000] {filesystem.py:85} INFO - Poking for file /opt/***/data/data.json
[2024-06-25T13:34:31.133+0000] {filesystem.py:85} INFO - Poking for file /opt/***/data/data.json
[2024-06-25T13:34:41.134+0000] {filesystem.py:85} INFO - Poking for file /opt/***/data/data.json
[2024-06-25T13:34:51.134+0000] {filesystem.py:85} INFO - Poking for file /opt/***/data/data.json
[2024-06-25T13:35:01.135+0000] {filesystem.py:85} INFO - Poking for file /opt/***/data/data.json
[2024-06-25T13:35:11.136+0000] {filesystem.py:85} INFO - Poking for file /opt/***/data/data.json
[2024-06-25T13:35:21.137+0000] {filesystem.py:85} INFO - Poking for file /opt/***/data/data.json
[2024-06-25T13:35:31.138+0000] {filesystem.py:85} INFO - Poking for file /opt/***/data/data.json
[2024-06-25T13:35:41.139+0000] {filesystem.py:85} INFO - Poking for file /opt/***/data/data.json
[2024-06-25T13:35:51.140+0000] {filesystem.py:85} INFO - Poking for file /opt/***/data/data.json
[2024-06-25T13:36:01.141+0000] {filesystem.py:85} INFO - Poking for file /opt/***/data/data.json
[2024-06-25T13:36:11.142+0000] {filesystem.py:85} INFO - Poking for file /opt/***/data/data.json
[2024-06-25T13:36:21.143+0000] {filesystem.py:85} INFO - Poking for file /opt/***/data/data.json
[2024-06-25T13:36:31.144+0000] {filesystem.py:85} INFO - Poking for file /opt/***/data/data.json
[2024-06-25T13:36:41.145+0000] {filesystem.py:85} INFO - Poking for file /opt/***/data/data.json
[2024-06-25T13:36:51.146+0000] {filesystem.py:85} INFO - Poking for file /opt/***/data/data.json
[2024-06-25T13:37:01.146+0000] {filesystem.py:85} INFO - Poking for file /opt/***/data/data.json
[2024-06-25T13:37:11.147+0000] {filesystem.py:85} INFO - Poking for file /opt/***/data/data.json
[2024-06-25T13:37:21.148+0000] {filesystem.py:85} INFO - Poking for file /opt/***/data/data.json
[2024-06-25T13:37:31.149+0000] {filesystem.py:85} INFO - Poking for file /opt/***/data/data.json
[2024-06-25T13:37:41.149+0000] {filesystem.py:85} INFO - Poking for file /opt/***/data/data.json
[2024-06-25T13:37:51.150+0000] {filesystem.py:85} INFO - Poking for file /opt/***/data/data.json
[2024-06-25T13:38:01.150+0000] {filesystem.py:85} INFO - Poking for file /opt/***/data/data.json
[2024-06-25T13:38:11.150+0000] {filesystem.py:85} INFO - Poking for file /opt/***/data/data.json
[2024-06-25T13:38:21.151+0000] {filesystem.py:85} INFO - Poking for file /opt/***/data/data.json
[2024-06-25T13:38:31.152+0000] {filesystem.py:85} INFO - Poking for file /opt/***/data/data.json
[2024-06-25T13:38:41.153+0000] {filesystem.py:85} INFO - Poking for file /opt/***/data/data.json
[2024-06-25T13:38:51.154+0000] {filesystem.py:85} INFO - Poking for file /opt/***/data/data.json
[2024-06-25T13:39:01.155+0000] {filesystem.py:85} INFO - Poking for file /opt/***/data/data.json
[2024-06-25T13:39:11.156+0000] {filesystem.py:85} INFO - Poking for file /opt/***/data/data.json
[2024-06-25T13:39:21.157+0000] {filesystem.py:85} INFO - Poking for file /opt/***/data/data.json
[2024-06-25T13:39:31.158+0000] {filesystem.py:85} INFO - Poking for file /opt/***/data/data.json
[2024-06-25T13:39:41.158+0000] {filesystem.py:85} INFO - Poking for file /opt/***/data/data.json
[2024-06-25T13:39:51.159+0000] {filesystem.py:85} INFO - Poking for file /opt/***/data/data.json
[2024-06-25T13:40:01.160+0000] {filesystem.py:85} INFO - Poking for file /opt/***/data/data.json
[2024-06-25T13:40:11.161+0000] {filesystem.py:85} INFO - Poking for file /opt/***/data/data.json
[2024-06-25T13:40:21.162+0000] {filesystem.py:85} INFO - Poking for file /opt/***/data/data.json
[2024-06-25T13:40:31.162+0000] {filesystem.py:85} INFO - Poking for file /opt/***/data/data.json
[2024-06-25T13:40:41.163+0000] {filesystem.py:85} INFO - Poking for file /opt/***/data/data.json
[2024-06-25T13:40:51.163+0000] {filesystem.py:85} INFO - Poking for file /opt/***/data/data.json
[2024-06-25T13:41:01.164+0000] {filesystem.py:85} INFO - Poking for file /opt/***/data/data.json
[2024-06-25T13:41:11.165+0000] {filesystem.py:85} INFO - Poking for file /opt/***/data/data.json
[2024-06-25T13:41:21.166+0000] {filesystem.py:85} INFO - Poking for file /opt/***/data/data.json
[2024-06-25T13:41:31.166+0000] {filesystem.py:85} INFO - Poking for file /opt/***/data/data.json
[2024-06-25T13:41:41.167+0000] {filesystem.py:85} INFO - Poking for file /opt/***/data/data.json
[2024-06-25T13:41:51.168+0000] {filesystem.py:85} INFO - Poking for file /opt/***/data/data.json
[2024-06-25T13:42:01.168+0000] {filesystem.py:85} INFO - Poking for file /opt/***/data/data.json
[2024-06-25T13:42:11.169+0000] {filesystem.py:85} INFO - Poking for file /opt/***/data/data.json
[2024-06-25T13:42:21.170+0000] {filesystem.py:85} INFO - Poking for file /opt/***/data/data.json
[2024-06-25T13:42:31.171+0000] {filesystem.py:85} INFO - Poking for file /opt/***/data/data.json
[2024-06-25T13:42:41.171+0000] {filesystem.py:85} INFO - Poking for file /opt/***/data/data.json
[2024-06-25T13:42:51.172+0000] {filesystem.py:85} INFO - Poking for file /opt/***/data/data.json
[2024-06-25T13:43:01.173+0000] {filesystem.py:85} INFO - Poking for file /opt/***/data/data.json
[2024-06-25T13:43:11.175+0000] {filesystem.py:85} INFO - Poking for file /opt/***/data/data.json
[2024-06-25T13:43:21.176+0000] {filesystem.py:85} INFO - Poking for file /opt/***/data/data.json
[2024-06-25T13:43:31.176+0000] {filesystem.py:85} INFO - Poking for file /opt/***/data/data.json
[2024-06-25T13:43:41.177+0000] {filesystem.py:85} INFO - Poking for file /opt/***/data/data.json
[2024-06-25T13:43:51.177+0000] {filesystem.py:85} INFO - Poking for file /opt/***/data/data.json
[2024-06-25T13:44:01.178+0000] {filesystem.py:85} INFO - Poking for file /opt/***/data/data.json
[2024-06-25T13:44:11.179+0000] {filesystem.py:85} INFO - Poking for file /opt/***/data/data.json
[2024-06-25T13:44:21.179+0000] {filesystem.py:85} INFO - Poking for file /opt/***/data/data.json
[2024-06-25T13:44:31.179+0000] {filesystem.py:85} INFO - Poking for file /opt/***/data/data.json
[2024-06-25T13:44:41.180+0000] {filesystem.py:85} INFO - Poking for file /opt/***/data/data.json
[2024-06-25T13:44:51.181+0000] {filesystem.py:85} INFO - Poking for file /opt/***/data/data.json
[2024-06-25T13:45:01.182+0000] {filesystem.py:85} INFO - Poking for file /opt/***/data/data.json
[2024-06-25T13:45:11.183+0000] {filesystem.py:85} INFO - Poking for file /opt/***/data/data.json
[2024-06-25T13:45:21.184+0000] {filesystem.py:85} INFO - Poking for file /opt/***/data/data.json
[2024-06-25T13:45:31.185+0000] {filesystem.py:85} INFO - Poking for file /opt/***/data/data.json
[2024-06-25T13:45:41.186+0000] {filesystem.py:85} INFO - Poking for file /opt/***/data/data.json
[2024-06-25T13:45:51.187+0000] {filesystem.py:85} INFO - Poking for file /opt/***/data/data.json
[2024-06-25T13:46:01.188+0000] {filesystem.py:85} INFO - Poking for file /opt/***/data/data.json
[2024-06-25T13:46:11.189+0000] {filesystem.py:85} INFO - Poking for file /opt/***/data/data.json
[2024-06-25T13:46:21.189+0000] {filesystem.py:85} INFO - Poking for file /opt/***/data/data.json
[2024-06-25T13:46:31.190+0000] {filesystem.py:85} INFO - Poking for file /opt/***/data/data.json
[2024-06-25T13:46:41.191+0000] {filesystem.py:85} INFO - Poking for file /opt/***/data/data.json
[2024-06-25T13:46:51.192+0000] {filesystem.py:85} INFO - Poking for file /opt/***/data/data.json
[2024-06-25T13:47:01.193+0000] {filesystem.py:85} INFO - Poking for file /opt/***/data/data.json
[2024-06-25T13:47:11.194+0000] {filesystem.py:85} INFO - Poking for file /opt/***/data/data.json
[2024-06-25T13:47:21.195+0000] {filesystem.py:85} INFO - Poking for file /opt/***/data/data.json
[2024-06-25T13:47:31.196+0000] {filesystem.py:85} INFO - Poking for file /opt/***/data/data.json
[2024-06-25T13:47:41.196+0000] {filesystem.py:85} INFO - Poking for file /opt/***/data/data.json
[2024-06-25T13:47:51.197+0000] {filesystem.py:85} INFO - Poking for file /opt/***/data/data.json
[2024-06-25T13:48:01.198+0000] {filesystem.py:85} INFO - Poking for file /opt/***/data/data.json
[2024-06-25T13:48:11.199+0000] {filesystem.py:85} INFO - Poking for file /opt/***/data/data.json
[2024-06-25T13:48:21.200+0000] {filesystem.py:85} INFO - Poking for file /opt/***/data/data.json
[2024-06-25T13:48:31.201+0000] {filesystem.py:85} INFO - Poking for file /opt/***/data/data.json
[2024-06-25T13:48:41.202+0000] {filesystem.py:85} INFO - Poking for file /opt/***/data/data.json
[2024-06-25T13:48:51.202+0000] {filesystem.py:85} INFO - Poking for file /opt/***/data/data.json
[2024-06-25T13:49:01.203+0000] {filesystem.py:85} INFO - Poking for file /opt/***/data/data.json
[2024-06-25T13:49:11.204+0000] {filesystem.py:85} INFO - Poking for file /opt/***/data/data.json
[2024-06-25T13:49:21.205+0000] {filesystem.py:85} INFO - Poking for file /opt/***/data/data.json
[2024-06-25T13:49:31.206+0000] {filesystem.py:85} INFO - Poking for file /opt/***/data/data.json
[2024-06-25T13:49:41.207+0000] {filesystem.py:85} INFO - Poking for file /opt/***/data/data.json
[2024-06-25T13:49:51.207+0000] {filesystem.py:85} INFO - Poking for file /opt/***/data/data.json
[2024-06-25T13:50:01.209+0000] {filesystem.py:85} INFO - Poking for file /opt/***/data/data.json
[2024-06-25T13:50:11.209+0000] {filesystem.py:85} INFO - Poking for file /opt/***/data/data.json
[2024-06-25T13:50:21.210+0000] {filesystem.py:85} INFO - Poking for file /opt/***/data/data.json
[2024-06-25T13:50:31.210+0000] {filesystem.py:85} INFO - Poking for file /opt/***/data/data.json
[2024-06-25T13:50:41.211+0000] {filesystem.py:85} INFO - Poking for file /opt/***/data/data.json
[2024-06-25T13:50:51.211+0000] {filesystem.py:85} INFO - Poking for file /opt/***/data/data.json
[2024-06-25T13:51:01.212+0000] {filesystem.py:85} INFO - Poking for file /opt/***/data/data.json
[2024-06-25T13:51:11.212+0000] {filesystem.py:85} INFO - Poking for file /opt/***/data/data.json
[2024-06-25T13:51:21.212+0000] {filesystem.py:85} INFO - Poking for file /opt/***/data/data.json
[2024-06-25T13:51:31.214+0000] {filesystem.py:85} INFO - Poking for file /opt/***/data/data.json
[2024-06-25T13:51:41.215+0000] {filesystem.py:85} INFO - Poking for file /opt/***/data/data.json
[2024-06-25T13:51:51.215+0000] {filesystem.py:85} INFO - Poking for file /opt/***/data/data.json
[2024-06-25T13:52:01.216+0000] {filesystem.py:85} INFO - Poking for file /opt/***/data/data.json
[2024-06-25T13:52:11.217+0000] {filesystem.py:85} INFO - Poking for file /opt/***/data/data.json
[2024-06-25T13:52:21.218+0000] {filesystem.py:85} INFO - Poking for file /opt/***/data/data.json
[2024-06-25T13:52:31.219+0000] {filesystem.py:85} INFO - Poking for file /opt/***/data/data.json
[2024-06-25T13:52:41.220+0000] {filesystem.py:85} INFO - Poking for file /opt/***/data/data.json
[2024-06-25T13:52:51.221+0000] {filesystem.py:85} INFO - Poking for file /opt/***/data/data.json
[2024-06-25T13:53:01.222+0000] {filesystem.py:85} INFO - Poking for file /opt/***/data/data.json
[2024-06-25T13:53:11.223+0000] {filesystem.py:85} INFO - Poking for file /opt/***/data/data.json
[2024-06-25T13:53:21.224+0000] {filesystem.py:85} INFO - Poking for file /opt/***/data/data.json
[2024-06-25T13:53:31.225+0000] {filesystem.py:85} INFO - Poking for file /opt/***/data/data.json
[2024-06-25T13:53:41.226+0000] {filesystem.py:85} INFO - Poking for file /opt/***/data/data.json
[2024-06-25T13:53:51.226+0000] {filesystem.py:85} INFO - Poking for file /opt/***/data/data.json
[2024-06-25T13:54:01.227+0000] {filesystem.py:85} INFO - Poking for file /opt/***/data/data.json
[2024-06-25T13:54:11.227+0000] {filesystem.py:85} INFO - Poking for file /opt/***/data/data.json
[2024-06-25T13:54:21.228+0000] {filesystem.py:85} INFO - Poking for file /opt/***/data/data.json
[2024-06-25T13:54:31.228+0000] {filesystem.py:85} INFO - Poking for file /opt/***/data/data.json
[2024-06-25T13:54:41.230+0000] {filesystem.py:85} INFO - Poking for file /opt/***/data/data.json
[2024-06-25T13:54:51.231+0000] {filesystem.py:85} INFO - Poking for file /opt/***/data/data.json
[2024-06-25T13:55:01.232+0000] {filesystem.py:85} INFO - Poking for file /opt/***/data/data.json
[2024-06-25T13:55:11.232+0000] {filesystem.py:85} INFO - Poking for file /opt/***/data/data.json
[2024-06-25T13:55:21.233+0000] {filesystem.py:85} INFO - Poking for file /opt/***/data/data.json
[2024-06-25T13:55:31.234+0000] {filesystem.py:85} INFO - Poking for file /opt/***/data/data.json
[2024-06-25T13:55:41.235+0000] {filesystem.py:85} INFO - Poking for file /opt/***/data/data.json
[2024-06-25T13:55:51.236+0000] {filesystem.py:85} INFO - Poking for file /opt/***/data/data.json
[2024-06-25T13:56:01.236+0000] {filesystem.py:85} INFO - Poking for file /opt/***/data/data.json
[2024-06-25T13:56:11.236+0000] {filesystem.py:85} INFO - Poking for file /opt/***/data/data.json
[2024-06-25T13:56:21.237+0000] {filesystem.py:85} INFO - Poking for file /opt/***/data/data.json
[2024-06-25T13:56:31.238+0000] {filesystem.py:85} INFO - Poking for file /opt/***/data/data.json
[2024-06-25T13:56:41.239+0000] {filesystem.py:85} INFO - Poking for file /opt/***/data/data.json
[2024-06-25T13:56:51.240+0000] {filesystem.py:85} INFO - Poking for file /opt/***/data/data.json
[2024-06-25T13:57:01.241+0000] {filesystem.py:85} INFO - Poking for file /opt/***/data/data.json
[2024-06-25T13:57:11.242+0000] {filesystem.py:85} INFO - Poking for file /opt/***/data/data.json
[2024-06-25T13:57:21.243+0000] {filesystem.py:85} INFO - Poking for file /opt/***/data/data.json
[2024-06-25T13:57:31.243+0000] {filesystem.py:85} INFO - Poking for file /opt/***/data/data.json
[2024-06-25T13:57:41.244+0000] {filesystem.py:85} INFO - Poking for file /opt/***/data/data.json
[2024-06-25T13:57:51.245+0000] {filesystem.py:85} INFO - Poking for file /opt/***/data/data.json
[2024-06-25T13:58:01.246+0000] {filesystem.py:85} INFO - Poking for file /opt/***/data/data.json
[2024-06-25T13:58:11.246+0000] {filesystem.py:85} INFO - Poking for file /opt/***/data/data.json
[2024-06-25T13:58:21.247+0000] {filesystem.py:85} INFO - Poking for file /opt/***/data/data.json
[2024-06-25T13:58:31.248+0000] {filesystem.py:85} INFO - Poking for file /opt/***/data/data.json
[2024-06-25T13:58:41.249+0000] {filesystem.py:85} INFO - Poking for file /opt/***/data/data.json
[2024-06-25T13:58:51.250+0000] {filesystem.py:85} INFO - Poking for file /opt/***/data/data.json
[2024-06-25T13:59:01.250+0000] {filesystem.py:85} INFO - Poking for file /opt/***/data/data.json
[2024-06-25T13:59:11.251+0000] {filesystem.py:85} INFO - Poking for file /opt/***/data/data.json
[2024-06-25T13:59:21.252+0000] {filesystem.py:85} INFO - Poking for file /opt/***/data/data.json
[2024-06-25T13:59:31.253+0000] {filesystem.py:85} INFO - Poking for file /opt/***/data/data.json
[2024-06-25T13:59:41.254+0000] {filesystem.py:85} INFO - Poking for file /opt/***/data/data.json
[2024-06-25T13:59:51.254+0000] {filesystem.py:85} INFO - Poking for file /opt/***/data/data.json
[2024-06-25T14:00:01.255+0000] {filesystem.py:85} INFO - Poking for file /opt/***/data/data.json
[2024-06-25T14:00:11.256+0000] {filesystem.py:85} INFO - Poking for file /opt/***/data/data.json
[2024-06-25T14:00:21.256+0000] {filesystem.py:85} INFO - Poking for file /opt/***/data/data.json
[2024-06-25T14:00:31.257+0000] {filesystem.py:85} INFO - Poking for file /opt/***/data/data.json
[2024-06-25T14:00:41.258+0000] {filesystem.py:85} INFO - Poking for file /opt/***/data/data.json
[2024-06-25T14:00:51.259+0000] {filesystem.py:85} INFO - Poking for file /opt/***/data/data.json
[2024-06-25T14:01:01.260+0000] {filesystem.py:85} INFO - Poking for file /opt/***/data/data.json
[2024-06-25T14:01:11.260+0000] {filesystem.py:85} INFO - Poking for file /opt/***/data/data.json
[2024-06-25T14:01:21.261+0000] {filesystem.py:85} INFO - Poking for file /opt/***/data/data.json
[2024-06-25T14:01:31.261+0000] {filesystem.py:85} INFO - Poking for file /opt/***/data/data.json
[2024-06-25T14:01:41.262+0000] {filesystem.py:85} INFO - Poking for file /opt/***/data/data.json
[2024-06-25T14:01:51.263+0000] {filesystem.py:85} INFO - Poking for file /opt/***/data/data.json
[2024-06-25T14:02:01.264+0000] {filesystem.py:85} INFO - Poking for file /opt/***/data/data.json
[2024-06-25T14:02:11.264+0000] {filesystem.py:85} INFO - Poking for file /opt/***/data/data.json
[2024-06-25T14:02:21.265+0000] {filesystem.py:85} INFO - Poking for file /opt/***/data/data.json
[2024-06-25T14:02:31.266+0000] {filesystem.py:85} INFO - Poking for file /opt/***/data/data.json
[2024-06-25T14:02:41.267+0000] {filesystem.py:85} INFO - Poking for file /opt/***/data/data.json
[2024-06-25T14:02:51.268+0000] {filesystem.py:85} INFO - Poking for file /opt/***/data/data.json
[2024-06-25T14:03:01.269+0000] {filesystem.py:85} INFO - Poking for file /opt/***/data/data.json
[2024-06-25T14:03:11.270+0000] {filesystem.py:85} INFO - Poking for file /opt/***/data/data.json
[2024-06-25T14:03:21.270+0000] {filesystem.py:85} INFO - Poking for file /opt/***/data/data.json
[2024-06-25T14:03:31.271+0000] {filesystem.py:85} INFO - Poking for file /opt/***/data/data.json
[2024-06-25T14:03:41.272+0000] {filesystem.py:85} INFO - Poking for file /opt/***/data/data.json
[2024-06-25T14:03:51.272+0000] {filesystem.py:85} INFO - Poking for file /opt/***/data/data.json
[2024-06-25T14:04:01.272+0000] {filesystem.py:85} INFO - Poking for file /opt/***/data/data.json
[2024-06-25T14:04:11.273+0000] {filesystem.py:85} INFO - Poking for file /opt/***/data/data.json
[2024-06-25T14:04:21.275+0000] {filesystem.py:85} INFO - Poking for file /opt/***/data/data.json
[2024-06-25T14:04:31.275+0000] {filesystem.py:85} INFO - Poking for file /opt/***/data/data.json
[2024-06-25T14:04:41.276+0000] {filesystem.py:85} INFO - Poking for file /opt/***/data/data.json
[2024-06-25T14:04:51.277+0000] {filesystem.py:85} INFO - Poking for file /opt/***/data/data.json
[2024-06-25T14:05:01.277+0000] {filesystem.py:85} INFO - Poking for file /opt/***/data/data.json
[2024-06-25T14:05:11.278+0000] {filesystem.py:85} INFO - Poking for file /opt/***/data/data.json
[2024-06-25T14:05:21.279+0000] {filesystem.py:85} INFO - Poking for file /opt/***/data/data.json
[2024-06-25T14:05:31.280+0000] {filesystem.py:85} INFO - Poking for file /opt/***/data/data.json
[2024-06-25T14:05:41.281+0000] {filesystem.py:85} INFO - Poking for file /opt/***/data/data.json
[2024-06-25T14:05:51.281+0000] {filesystem.py:85} INFO - Poking for file /opt/***/data/data.json
[2024-06-25T14:06:01.282+0000] {filesystem.py:85} INFO - Poking for file /opt/***/data/data.json
[2024-06-25T14:06:11.283+0000] {filesystem.py:85} INFO - Poking for file /opt/***/data/data.json
[2024-06-25T14:06:21.284+0000] {filesystem.py:85} INFO - Poking for file /opt/***/data/data.json
[2024-06-25T14:06:31.285+0000] {filesystem.py:85} INFO - Poking for file /opt/***/data/data.json
[2024-06-25T14:06:41.286+0000] {filesystem.py:85} INFO - Poking for file /opt/***/data/data.json
[2024-06-25T14:06:51.286+0000] {filesystem.py:85} INFO - Poking for file /opt/***/data/data.json
[2024-06-25T14:07:01.287+0000] {filesystem.py:85} INFO - Poking for file /opt/***/data/data.json
[2024-06-25T14:07:11.288+0000] {filesystem.py:85} INFO - Poking for file /opt/***/data/data.json
[2024-06-25T14:07:21.289+0000] {filesystem.py:85} INFO - Poking for file /opt/***/data/data.json
[2024-06-25T14:07:31.290+0000] {filesystem.py:85} INFO - Poking for file /opt/***/data/data.json
[2024-06-25T14:07:41.290+0000] {filesystem.py:85} INFO - Poking for file /opt/***/data/data.json
[2024-06-25T14:07:51.291+0000] {filesystem.py:85} INFO - Poking for file /opt/***/data/data.json
[2024-06-25T14:08:01.291+0000] {filesystem.py:85} INFO - Poking for file /opt/***/data/data.json
[2024-06-25T14:08:11.292+0000] {filesystem.py:85} INFO - Poking for file /opt/***/data/data.json
[2024-06-25T14:08:21.293+0000] {filesystem.py:85} INFO - Poking for file /opt/***/data/data.json
[2024-06-25T14:08:31.294+0000] {filesystem.py:85} INFO - Poking for file /opt/***/data/data.json
[2024-06-25T14:08:41.295+0000] {filesystem.py:85} INFO - Poking for file /opt/***/data/data.json
[2024-06-25T14:08:51.296+0000] {filesystem.py:85} INFO - Poking for file /opt/***/data/data.json
[2024-06-25T14:09:01.296+0000] {filesystem.py:85} INFO - Poking for file /opt/***/data/data.json
[2024-06-25T14:09:11.297+0000] {filesystem.py:85} INFO - Poking for file /opt/***/data/data.json
[2024-06-25T14:09:21.298+0000] {filesystem.py:85} INFO - Poking for file /opt/***/data/data.json
[2024-06-25T14:09:31.298+0000] {filesystem.py:85} INFO - Poking for file /opt/***/data/data.json
[2024-06-25T14:09:41.299+0000] {filesystem.py:85} INFO - Poking for file /opt/***/data/data.json
[2024-06-25T14:09:51.300+0000] {filesystem.py:85} INFO - Poking for file /opt/***/data/data.json
[2024-06-25T14:10:01.301+0000] {filesystem.py:85} INFO - Poking for file /opt/***/data/data.json
[2024-06-25T14:10:11.302+0000] {filesystem.py:85} INFO - Poking for file /opt/***/data/data.json
[2024-06-25T14:10:21.303+0000] {filesystem.py:85} INFO - Poking for file /opt/***/data/data.json
[2024-06-25T14:10:31.303+0000] {filesystem.py:85} INFO - Poking for file /opt/***/data/data.json
[2024-06-25T14:10:41.304+0000] {filesystem.py:85} INFO - Poking for file /opt/***/data/data.json
[2024-06-25T14:10:51.305+0000] {filesystem.py:85} INFO - Poking for file /opt/***/data/data.json
[2024-06-25T14:11:01.306+0000] {filesystem.py:85} INFO - Poking for file /opt/***/data/data.json
[2024-06-25T14:11:11.307+0000] {filesystem.py:85} INFO - Poking for file /opt/***/data/data.json
[2024-06-25T14:11:21.308+0000] {filesystem.py:85} INFO - Poking for file /opt/***/data/data.json
[2024-06-25T14:11:31.309+0000] {filesystem.py:85} INFO - Poking for file /opt/***/data/data.json
[2024-06-25T14:11:41.310+0000] {filesystem.py:85} INFO - Poking for file /opt/***/data/data.json
[2024-06-25T14:11:51.311+0000] {filesystem.py:85} INFO - Poking for file /opt/***/data/data.json
[2024-06-25T14:12:01.312+0000] {filesystem.py:85} INFO - Poking for file /opt/***/data/data.json
[2024-06-25T14:12:11.312+0000] {filesystem.py:85} INFO - Poking for file /opt/***/data/data.json
[2024-06-25T14:12:21.313+0000] {filesystem.py:85} INFO - Poking for file /opt/***/data/data.json
[2024-06-25T14:12:31.315+0000] {filesystem.py:85} INFO - Poking for file /opt/***/data/data.json
[2024-06-25T14:12:41.316+0000] {filesystem.py:85} INFO - Poking for file /opt/***/data/data.json
[2024-06-25T14:12:51.316+0000] {filesystem.py:85} INFO - Poking for file /opt/***/data/data.json
[2024-06-25T14:13:01.317+0000] {filesystem.py:85} INFO - Poking for file /opt/***/data/data.json
[2024-06-25T14:13:11.318+0000] {filesystem.py:85} INFO - Poking for file /opt/***/data/data.json
[2024-06-25T14:13:21.319+0000] {filesystem.py:85} INFO - Poking for file /opt/***/data/data.json
[2024-06-25T14:13:31.320+0000] {filesystem.py:85} INFO - Poking for file /opt/***/data/data.json
[2024-06-25T14:13:41.321+0000] {filesystem.py:85} INFO - Poking for file /opt/***/data/data.json
[2024-06-25T14:13:51.321+0000] {filesystem.py:85} INFO - Poking for file /opt/***/data/data.json
[2024-06-25T14:14:01.322+0000] {filesystem.py:85} INFO - Poking for file /opt/***/data/data.json
[2024-06-25T14:14:11.323+0000] {filesystem.py:85} INFO - Poking for file /opt/***/data/data.json
[2024-06-25T14:14:21.324+0000] {filesystem.py:85} INFO - Poking for file /opt/***/data/data.json
[2024-06-25T14:14:31.324+0000] {filesystem.py:85} INFO - Poking for file /opt/***/data/data.json
[2024-06-25T14:14:41.325+0000] {filesystem.py:85} INFO - Poking for file /opt/***/data/data.json
[2024-06-25T14:14:51.326+0000] {filesystem.py:85} INFO - Poking for file /opt/***/data/data.json
[2024-06-25T14:15:01.327+0000] {filesystem.py:85} INFO - Poking for file /opt/***/data/data.json
[2024-06-25T14:15:11.327+0000] {filesystem.py:85} INFO - Poking for file /opt/***/data/data.json
[2024-06-25T14:15:21.328+0000] {filesystem.py:85} INFO - Poking for file /opt/***/data/data.json
[2024-06-25T14:15:31.329+0000] {filesystem.py:85} INFO - Poking for file /opt/***/data/data.json
[2024-06-25T14:15:41.330+0000] {filesystem.py:85} INFO - Poking for file /opt/***/data/data.json
[2024-06-25T14:15:51.330+0000] {filesystem.py:85} INFO - Poking for file /opt/***/data/data.json
[2024-06-25T14:16:01.332+0000] {filesystem.py:85} INFO - Poking for file /opt/***/data/data.json
[2024-06-25T14:16:11.332+0000] {filesystem.py:85} INFO - Poking for file /opt/***/data/data.json
[2024-06-25T14:16:21.333+0000] {filesystem.py:85} INFO - Poking for file /opt/***/data/data.json
[2024-06-25T14:16:31.333+0000] {filesystem.py:85} INFO - Poking for file /opt/***/data/data.json
[2024-06-25T14:16:41.334+0000] {filesystem.py:85} INFO - Poking for file /opt/***/data/data.json
[2024-06-25T14:16:51.335+0000] {filesystem.py:85} INFO - Poking for file /opt/***/data/data.json
[2024-06-25T14:17:01.336+0000] {filesystem.py:85} INFO - Poking for file /opt/***/data/data.json
[2024-06-25T14:17:11.337+0000] {filesystem.py:85} INFO - Poking for file /opt/***/data/data.json
[2024-06-25T14:17:21.337+0000] {filesystem.py:85} INFO - Poking for file /opt/***/data/data.json
[2024-06-25T14:17:31.338+0000] {filesystem.py:85} INFO - Poking for file /opt/***/data/data.json
[2024-06-25T14:17:41.340+0000] {filesystem.py:85} INFO - Poking for file /opt/***/data/data.json
[2024-06-25T14:17:51.341+0000] {filesystem.py:85} INFO - Poking for file /opt/***/data/data.json
[2024-06-25T14:18:01.341+0000] {filesystem.py:85} INFO - Poking for file /opt/***/data/data.json
[2024-06-25T14:18:11.342+0000] {filesystem.py:85} INFO - Poking for file /opt/***/data/data.json
[2024-06-25T14:18:21.343+0000] {filesystem.py:85} INFO - Poking for file /opt/***/data/data.json
[2024-06-25T14:18:31.343+0000] {filesystem.py:85} INFO - Poking for file /opt/***/data/data.json
[2024-06-25T14:18:41.344+0000] {filesystem.py:85} INFO - Poking for file /opt/***/data/data.json
[2024-06-25T14:18:51.345+0000] {filesystem.py:85} INFO - Poking for file /opt/***/data/data.json
[2024-06-25T14:19:01.346+0000] {filesystem.py:85} INFO - Poking for file /opt/***/data/data.json
[2024-06-25T14:19:11.347+0000] {filesystem.py:85} INFO - Poking for file /opt/***/data/data.json
[2024-06-25T14:19:21.348+0000] {filesystem.py:85} INFO - Poking for file /opt/***/data/data.json
[2024-06-25T14:19:31.349+0000] {filesystem.py:85} INFO - Poking for file /opt/***/data/data.json
[2024-06-25T14:19:41.350+0000] {filesystem.py:85} INFO - Poking for file /opt/***/data/data.json
[2024-06-25T14:19:51.351+0000] {filesystem.py:85} INFO - Poking for file /opt/***/data/data.json
[2024-06-25T14:20:01.352+0000] {filesystem.py:85} INFO - Poking for file /opt/***/data/data.json
[2024-06-25T14:20:11.352+0000] {filesystem.py:85} INFO - Poking for file /opt/***/data/data.json
[2024-06-25T14:20:21.353+0000] {filesystem.py:85} INFO - Poking for file /opt/***/data/data.json
[2024-06-25T14:20:31.354+0000] {filesystem.py:85} INFO - Poking for file /opt/***/data/data.json
[2024-06-25T14:20:41.355+0000] {filesystem.py:85} INFO - Poking for file /opt/***/data/data.json
[2024-06-25T14:20:51.355+0000] {filesystem.py:85} INFO - Poking for file /opt/***/data/data.json
[2024-06-25T14:21:01.355+0000] {filesystem.py:85} INFO - Poking for file /opt/***/data/data.json
[2024-06-25T14:21:11.356+0000] {filesystem.py:85} INFO - Poking for file /opt/***/data/data.json
[2024-06-25T14:21:21.357+0000] {filesystem.py:85} INFO - Poking for file /opt/***/data/data.json
[2024-06-25T14:21:31.358+0000] {filesystem.py:85} INFO - Poking for file /opt/***/data/data.json
[2024-06-25T14:21:41.358+0000] {filesystem.py:85} INFO - Poking for file /opt/***/data/data.json
[2024-06-25T14:21:51.359+0000] {filesystem.py:85} INFO - Poking for file /opt/***/data/data.json
[2024-06-25T14:22:01.359+0000] {filesystem.py:85} INFO - Poking for file /opt/***/data/data.json
[2024-06-25T14:22:11.360+0000] {filesystem.py:85} INFO - Poking for file /opt/***/data/data.json
[2024-06-25T14:22:21.361+0000] {filesystem.py:85} INFO - Poking for file /opt/***/data/data.json
[2024-06-25T14:22:31.362+0000] {filesystem.py:85} INFO - Poking for file /opt/***/data/data.json
[2024-06-25T14:22:41.363+0000] {filesystem.py:85} INFO - Poking for file /opt/***/data/data.json
[2024-06-25T14:22:51.364+0000] {filesystem.py:85} INFO - Poking for file /opt/***/data/data.json
[2024-06-25T14:23:01.364+0000] {filesystem.py:85} INFO - Poking for file /opt/***/data/data.json
[2024-06-25T14:23:11.365+0000] {filesystem.py:85} INFO - Poking for file /opt/***/data/data.json
[2024-06-25T14:23:21.366+0000] {filesystem.py:85} INFO - Poking for file /opt/***/data/data.json
[2024-06-25T14:23:31.367+0000] {filesystem.py:85} INFO - Poking for file /opt/***/data/data.json
[2024-06-25T14:23:41.368+0000] {filesystem.py:85} INFO - Poking for file /opt/***/data/data.json
[2024-06-25T14:23:51.369+0000] {filesystem.py:85} INFO - Poking for file /opt/***/data/data.json
[2024-06-25T14:24:01.369+0000] {filesystem.py:85} INFO - Poking for file /opt/***/data/data.json
[2024-06-25T14:24:11.370+0000] {filesystem.py:85} INFO - Poking for file /opt/***/data/data.json
[2024-06-25T14:24:21.371+0000] {filesystem.py:85} INFO - Poking for file /opt/***/data/data.json
[2024-06-25T14:24:31.372+0000] {filesystem.py:85} INFO - Poking for file /opt/***/data/data.json
[2024-06-25T14:24:41.372+0000] {filesystem.py:85} INFO - Poking for file /opt/***/data/data.json
[2024-06-25T14:24:51.373+0000] {filesystem.py:85} INFO - Poking for file /opt/***/data/data.json
[2024-06-25T14:25:01.373+0000] {filesystem.py:85} INFO - Poking for file /opt/***/data/data.json
[2024-06-25T14:25:11.374+0000] {filesystem.py:85} INFO - Poking for file /opt/***/data/data.json
[2024-06-25T14:25:21.375+0000] {filesystem.py:85} INFO - Poking for file /opt/***/data/data.json
[2024-06-25T14:25:31.376+0000] {filesystem.py:85} INFO - Poking for file /opt/***/data/data.json
[2024-06-25T14:25:41.377+0000] {filesystem.py:85} INFO - Poking for file /opt/***/data/data.json
[2024-06-25T14:25:51.378+0000] {filesystem.py:85} INFO - Poking for file /opt/***/data/data.json
[2024-06-25T14:26:01.379+0000] {filesystem.py:85} INFO - Poking for file /opt/***/data/data.json
[2024-06-25T14:26:11.380+0000] {filesystem.py:85} INFO - Poking for file /opt/***/data/data.json
[2024-06-25T14:26:21.381+0000] {filesystem.py:85} INFO - Poking for file /opt/***/data/data.json
[2024-06-25T14:26:31.381+0000] {filesystem.py:85} INFO - Poking for file /opt/***/data/data.json
[2024-06-25T14:26:41.382+0000] {filesystem.py:85} INFO - Poking for file /opt/***/data/data.json
[2024-06-25T14:26:51.383+0000] {filesystem.py:85} INFO - Poking for file /opt/***/data/data.json
[2024-06-25T14:27:01.383+0000] {filesystem.py:85} INFO - Poking for file /opt/***/data/data.json
[2024-06-25T14:27:11.384+0000] {filesystem.py:85} INFO - Poking for file /opt/***/data/data.json
[2024-06-25T14:27:21.385+0000] {filesystem.py:85} INFO - Poking for file /opt/***/data/data.json
[2024-06-25T14:27:31.386+0000] {filesystem.py:85} INFO - Poking for file /opt/***/data/data.json
[2024-06-25T14:27:41.387+0000] {filesystem.py:85} INFO - Poking for file /opt/***/data/data.json
[2024-06-25T14:27:51.388+0000] {filesystem.py:85} INFO - Poking for file /opt/***/data/data.json
[2024-06-25T14:28:01.389+0000] {filesystem.py:85} INFO - Poking for file /opt/***/data/data.json
[2024-06-25T14:28:11.390+0000] {filesystem.py:85} INFO - Poking for file /opt/***/data/data.json
[2024-06-25T14:28:21.391+0000] {filesystem.py:85} INFO - Poking for file /opt/***/data/data.json
[2024-06-25T14:28:31.392+0000] {filesystem.py:85} INFO - Poking for file /opt/***/data/data.json
[2024-06-25T14:28:41.392+0000] {filesystem.py:85} INFO - Poking for file /opt/***/data/data.json
[2024-06-25T14:28:51.393+0000] {filesystem.py:85} INFO - Poking for file /opt/***/data/data.json
[2024-06-25T14:29:01.394+0000] {filesystem.py:85} INFO - Poking for file /opt/***/data/data.json
[2024-06-25T14:29:11.395+0000] {filesystem.py:85} INFO - Poking for file /opt/***/data/data.json
[2024-06-25T14:29:21.396+0000] {filesystem.py:85} INFO - Poking for file /opt/***/data/data.json
[2024-06-25T14:29:31.397+0000] {filesystem.py:85} INFO - Poking for file /opt/***/data/data.json
[2024-06-25T14:29:41.398+0000] {filesystem.py:85} INFO - Poking for file /opt/***/data/data.json
[2024-06-25T14:29:51.399+0000] {filesystem.py:85} INFO - Poking for file /opt/***/data/data.json
[2024-06-25T14:30:01.399+0000] {filesystem.py:85} INFO - Poking for file /opt/***/data/data.json
[2024-06-25T14:30:11.400+0000] {filesystem.py:85} INFO - Poking for file /opt/***/data/data.json
[2024-06-25T14:30:21.401+0000] {filesystem.py:85} INFO - Poking for file /opt/***/data/data.json
[2024-06-25T14:30:31.401+0000] {filesystem.py:85} INFO - Poking for file /opt/***/data/data.json
[2024-06-25T14:30:41.402+0000] {filesystem.py:85} INFO - Poking for file /opt/***/data/data.json
[2024-06-25T14:30:51.404+0000] {filesystem.py:85} INFO - Poking for file /opt/***/data/data.json
[2024-06-25T14:31:01.405+0000] {filesystem.py:85} INFO - Poking for file /opt/***/data/data.json
[2024-06-25T14:31:11.406+0000] {filesystem.py:85} INFO - Poking for file /opt/***/data/data.json
[2024-06-25T14:31:21.407+0000] {filesystem.py:85} INFO - Poking for file /opt/***/data/data.json
[2024-06-25T14:31:31.407+0000] {filesystem.py:85} INFO - Poking for file /opt/***/data/data.json
[2024-06-25T14:31:41.407+0000] {filesystem.py:85} INFO - Poking for file /opt/***/data/data.json
[2024-06-25T14:31:51.408+0000] {filesystem.py:85} INFO - Poking for file /opt/***/data/data.json
[2024-06-25T14:32:01.409+0000] {filesystem.py:85} INFO - Poking for file /opt/***/data/data.json
[2024-06-25T14:32:11.410+0000] {filesystem.py:85} INFO - Poking for file /opt/***/data/data.json
[2024-06-25T14:32:21.411+0000] {filesystem.py:85} INFO - Poking for file /opt/***/data/data.json
[2024-06-25T14:32:31.411+0000] {filesystem.py:85} INFO - Poking for file /opt/***/data/data.json
[2024-06-25T14:32:41.412+0000] {filesystem.py:85} INFO - Poking for file /opt/***/data/data.json
[2024-06-25T14:32:51.412+0000] {filesystem.py:85} INFO - Poking for file /opt/***/data/data.json
[2024-06-25T14:33:01.413+0000] {filesystem.py:85} INFO - Poking for file /opt/***/data/data.json
[2024-06-25T14:33:11.414+0000] {filesystem.py:85} INFO - Poking for file /opt/***/data/data.json
[2024-06-25T14:33:21.415+0000] {filesystem.py:85} INFO - Poking for file /opt/***/data/data.json
[2024-06-25T14:33:31.416+0000] {filesystem.py:85} INFO - Poking for file /opt/***/data/data.json
[2024-06-25T14:33:41.417+0000] {filesystem.py:85} INFO - Poking for file /opt/***/data/data.json
[2024-06-25T14:33:51.418+0000] {filesystem.py:85} INFO - Poking for file /opt/***/data/data.json
[2024-06-25T14:34:01.418+0000] {filesystem.py:85} INFO - Poking for file /opt/***/data/data.json
[2024-06-25T14:34:11.418+0000] {filesystem.py:85} INFO - Poking for file /opt/***/data/data.json
[2024-06-25T14:34:21.419+0000] {filesystem.py:85} INFO - Poking for file /opt/***/data/data.json
[2024-06-25T14:34:31.420+0000] {filesystem.py:85} INFO - Poking for file /opt/***/data/data.json
[2024-06-25T14:34:41.421+0000] {filesystem.py:85} INFO - Poking for file /opt/***/data/data.json
[2024-06-25T14:34:51.422+0000] {filesystem.py:85} INFO - Poking for file /opt/***/data/data.json
[2024-06-25T14:35:01.422+0000] {filesystem.py:85} INFO - Poking for file /opt/***/data/data.json
[2024-06-25T14:35:11.423+0000] {filesystem.py:85} INFO - Poking for file /opt/***/data/data.json
[2024-06-25T14:35:21.424+0000] {filesystem.py:85} INFO - Poking for file /opt/***/data/data.json
[2024-06-25T14:35:31.425+0000] {filesystem.py:85} INFO - Poking for file /opt/***/data/data.json
[2024-06-25T14:35:41.425+0000] {filesystem.py:85} INFO - Poking for file /opt/***/data/data.json
[2024-06-25T14:35:51.426+0000] {filesystem.py:85} INFO - Poking for file /opt/***/data/data.json
[2024-06-25T14:36:01.426+0000] {filesystem.py:85} INFO - Poking for file /opt/***/data/data.json
[2024-06-25T14:36:11.427+0000] {filesystem.py:85} INFO - Poking for file /opt/***/data/data.json
[2024-06-25T14:36:21.428+0000] {filesystem.py:85} INFO - Poking for file /opt/***/data/data.json
[2024-06-25T14:36:31.429+0000] {filesystem.py:85} INFO - Poking for file /opt/***/data/data.json
[2024-06-25T14:36:41.430+0000] {filesystem.py:85} INFO - Poking for file /opt/***/data/data.json
[2024-06-25T14:36:51.431+0000] {filesystem.py:85} INFO - Poking for file /opt/***/data/data.json
[2024-06-25T14:37:01.431+0000] {filesystem.py:85} INFO - Poking for file /opt/***/data/data.json
[2024-06-25T14:37:11.432+0000] {filesystem.py:85} INFO - Poking for file /opt/***/data/data.json
[2024-06-25T14:37:21.433+0000] {filesystem.py:85} INFO - Poking for file /opt/***/data/data.json
[2024-06-25T14:37:31.434+0000] {filesystem.py:85} INFO - Poking for file /opt/***/data/data.json
[2024-06-25T14:37:41.434+0000] {filesystem.py:85} INFO - Poking for file /opt/***/data/data.json
[2024-06-25T14:37:51.435+0000] {filesystem.py:85} INFO - Poking for file /opt/***/data/data.json
[2024-06-25T14:38:01.436+0000] {filesystem.py:85} INFO - Poking for file /opt/***/data/data.json
[2024-06-25T14:38:11.437+0000] {filesystem.py:85} INFO - Poking for file /opt/***/data/data.json
[2024-06-25T14:38:21.438+0000] {filesystem.py:85} INFO - Poking for file /opt/***/data/data.json
[2024-06-25T14:38:31.439+0000] {filesystem.py:85} INFO - Poking for file /opt/***/data/data.json
[2024-06-25T14:38:41.439+0000] {filesystem.py:85} INFO - Poking for file /opt/***/data/data.json
[2024-06-25T14:38:51.440+0000] {filesystem.py:85} INFO - Poking for file /opt/***/data/data.json
[2024-06-25T14:39:01.441+0000] {filesystem.py:85} INFO - Poking for file /opt/***/data/data.json
[2024-06-25T14:39:11.441+0000] {filesystem.py:85} INFO - Poking for file /opt/***/data/data.json
[2024-06-25T14:39:21.442+0000] {filesystem.py:85} INFO - Poking for file /opt/***/data/data.json
[2024-06-25T14:39:31.443+0000] {filesystem.py:85} INFO - Poking for file /opt/***/data/data.json
[2024-06-25T14:39:41.444+0000] {filesystem.py:85} INFO - Poking for file /opt/***/data/data.json
[2024-06-25T14:39:51.445+0000] {filesystem.py:85} INFO - Poking for file /opt/***/data/data.json
[2024-06-25T14:40:01.446+0000] {filesystem.py:85} INFO - Poking for file /opt/***/data/data.json
[2024-06-25T14:40:11.446+0000] {filesystem.py:85} INFO - Poking for file /opt/***/data/data.json
[2024-06-25T14:40:21.447+0000] {filesystem.py:85} INFO - Poking for file /opt/***/data/data.json
[2024-06-25T14:40:31.448+0000] {filesystem.py:85} INFO - Poking for file /opt/***/data/data.json
[2024-06-25T14:40:41.448+0000] {filesystem.py:85} INFO - Poking for file /opt/***/data/data.json
[2024-06-25T14:40:51.449+0000] {filesystem.py:85} INFO - Poking for file /opt/***/data/data.json
[2024-06-25T14:41:01.450+0000] {filesystem.py:85} INFO - Poking for file /opt/***/data/data.json
[2024-06-25T14:41:11.451+0000] {filesystem.py:85} INFO - Poking for file /opt/***/data/data.json
[2024-06-25T14:41:21.452+0000] {filesystem.py:85} INFO - Poking for file /opt/***/data/data.json
[2024-06-25T14:41:31.453+0000] {filesystem.py:85} INFO - Poking for file /opt/***/data/data.json
[2024-06-25T14:41:41.454+0000] {filesystem.py:85} INFO - Poking for file /opt/***/data/data.json
[2024-06-25T14:41:51.454+0000] {filesystem.py:85} INFO - Poking for file /opt/***/data/data.json
[2024-06-25T14:42:01.455+0000] {filesystem.py:85} INFO - Poking for file /opt/***/data/data.json
[2024-06-25T14:42:11.456+0000] {filesystem.py:85} INFO - Poking for file /opt/***/data/data.json
[2024-06-25T14:42:21.456+0000] {filesystem.py:85} INFO - Poking for file /opt/***/data/data.json
[2024-06-25T14:42:31.457+0000] {filesystem.py:85} INFO - Poking for file /opt/***/data/data.json
[2024-06-25T14:42:41.457+0000] {filesystem.py:85} INFO - Poking for file /opt/***/data/data.json
[2024-06-25T14:42:51.458+0000] {filesystem.py:85} INFO - Poking for file /opt/***/data/data.json
[2024-06-25T14:43:01.459+0000] {filesystem.py:85} INFO - Poking for file /opt/***/data/data.json
[2024-06-25T14:43:11.460+0000] {filesystem.py:85} INFO - Poking for file /opt/***/data/data.json
[2024-06-25T14:43:21.461+0000] {filesystem.py:85} INFO - Poking for file /opt/***/data/data.json
[2024-06-25T14:43:31.462+0000] {filesystem.py:85} INFO - Poking for file /opt/***/data/data.json
[2024-06-25T14:43:41.462+0000] {filesystem.py:85} INFO - Poking for file /opt/***/data/data.json
[2024-06-25T14:43:51.463+0000] {filesystem.py:85} INFO - Poking for file /opt/***/data/data.json
[2024-06-25T14:44:01.464+0000] {filesystem.py:85} INFO - Poking for file /opt/***/data/data.json
[2024-06-25T14:44:11.464+0000] {filesystem.py:85} INFO - Poking for file /opt/***/data/data.json
[2024-06-25T14:44:21.465+0000] {filesystem.py:85} INFO - Poking for file /opt/***/data/data.json
[2024-06-25T14:44:31.467+0000] {filesystem.py:85} INFO - Poking for file /opt/***/data/data.json
[2024-06-25T14:44:41.468+0000] {filesystem.py:85} INFO - Poking for file /opt/***/data/data.json
[2024-06-25T14:44:51.468+0000] {filesystem.py:85} INFO - Poking for file /opt/***/data/data.json
[2024-06-25T14:45:01.469+0000] {filesystem.py:85} INFO - Poking for file /opt/***/data/data.json
[2024-06-25T14:45:11.469+0000] {filesystem.py:85} INFO - Poking for file /opt/***/data/data.json
[2024-06-25T14:45:21.470+0000] {filesystem.py:85} INFO - Poking for file /opt/***/data/data.json
[2024-06-25T14:45:31.471+0000] {filesystem.py:85} INFO - Poking for file /opt/***/data/data.json
[2024-06-25T14:45:41.471+0000] {filesystem.py:85} INFO - Poking for file /opt/***/data/data.json
[2024-06-25T14:45:51.472+0000] {filesystem.py:85} INFO - Poking for file /opt/***/data/data.json
[2024-06-25T14:46:01.473+0000] {filesystem.py:85} INFO - Poking for file /opt/***/data/data.json
[2024-06-25T14:46:11.474+0000] {filesystem.py:85} INFO - Poking for file /opt/***/data/data.json
[2024-06-25T14:46:21.475+0000] {filesystem.py:85} INFO - Poking for file /opt/***/data/data.json
[2024-06-25T14:46:31.475+0000] {filesystem.py:85} INFO - Poking for file /opt/***/data/data.json
[2024-06-25T14:46:41.476+0000] {filesystem.py:85} INFO - Poking for file /opt/***/data/data.json
[2024-06-25T14:46:51.477+0000] {filesystem.py:85} INFO - Poking for file /opt/***/data/data.json
[2024-06-25T14:47:01.478+0000] {filesystem.py:85} INFO - Poking for file /opt/***/data/data.json
[2024-06-25T14:47:11.479+0000] {filesystem.py:85} INFO - Poking for file /opt/***/data/data.json
[2024-06-25T14:47:21.481+0000] {filesystem.py:85} INFO - Poking for file /opt/***/data/data.json
[2024-06-25T14:47:31.481+0000] {filesystem.py:85} INFO - Poking for file /opt/***/data/data.json
[2024-06-25T14:47:41.482+0000] {filesystem.py:85} INFO - Poking for file /opt/***/data/data.json
[2024-06-25T14:47:51.483+0000] {filesystem.py:85} INFO - Poking for file /opt/***/data/data.json
[2024-06-25T14:48:01.484+0000] {filesystem.py:85} INFO - Poking for file /opt/***/data/data.json
[2024-06-25T14:48:11.484+0000] {filesystem.py:85} INFO - Poking for file /opt/***/data/data.json
[2024-06-25T14:48:21.485+0000] {filesystem.py:85} INFO - Poking for file /opt/***/data/data.json
[2024-06-25T14:48:31.486+0000] {filesystem.py:85} INFO - Poking for file /opt/***/data/data.json
[2024-06-25T14:48:41.487+0000] {filesystem.py:85} INFO - Poking for file /opt/***/data/data.json
[2024-06-25T14:48:51.488+0000] {filesystem.py:85} INFO - Poking for file /opt/***/data/data.json
[2024-06-25T14:49:01.489+0000] {filesystem.py:85} INFO - Poking for file /opt/***/data/data.json
[2024-06-25T14:49:11.489+0000] {filesystem.py:85} INFO - Poking for file /opt/***/data/data.json
[2024-06-25T14:49:21.490+0000] {filesystem.py:85} INFO - Poking for file /opt/***/data/data.json
[2024-06-25T14:49:31.491+0000] {filesystem.py:85} INFO - Poking for file /opt/***/data/data.json
[2024-06-25T14:49:41.492+0000] {filesystem.py:85} INFO - Poking for file /opt/***/data/data.json
[2024-06-25T14:49:51.493+0000] {filesystem.py:85} INFO - Poking for file /opt/***/data/data.json
[2024-06-25T14:50:01.494+0000] {filesystem.py:85} INFO - Poking for file /opt/***/data/data.json
[2024-06-25T14:50:11.495+0000] {filesystem.py:85} INFO - Poking for file /opt/***/data/data.json
[2024-06-25T14:50:21.496+0000] {filesystem.py:85} INFO - Poking for file /opt/***/data/data.json
[2024-06-25T14:50:31.497+0000] {filesystem.py:85} INFO - Poking for file /opt/***/data/data.json
[2024-06-25T14:50:41.498+0000] {filesystem.py:85} INFO - Poking for file /opt/***/data/data.json
[2024-06-25T14:50:51.499+0000] {filesystem.py:85} INFO - Poking for file /opt/***/data/data.json
[2024-06-25T14:51:01.500+0000] {filesystem.py:85} INFO - Poking for file /opt/***/data/data.json
[2024-06-25T14:51:11.500+0000] {filesystem.py:85} INFO - Poking for file /opt/***/data/data.json
[2024-06-25T14:51:21.501+0000] {filesystem.py:85} INFO - Poking for file /opt/***/data/data.json
[2024-06-25T14:51:31.502+0000] {filesystem.py:85} INFO - Poking for file /opt/***/data/data.json
[2024-06-25T14:51:41.502+0000] {filesystem.py:85} INFO - Poking for file /opt/***/data/data.json
[2024-06-25T14:51:51.503+0000] {filesystem.py:85} INFO - Poking for file /opt/***/data/data.json
[2024-06-25T14:52:01.504+0000] {filesystem.py:85} INFO - Poking for file /opt/***/data/data.json
[2024-06-25T14:52:11.505+0000] {filesystem.py:85} INFO - Poking for file /opt/***/data/data.json
[2024-06-25T14:52:21.506+0000] {filesystem.py:85} INFO - Poking for file /opt/***/data/data.json
[2024-06-25T14:52:31.506+0000] {filesystem.py:85} INFO - Poking for file /opt/***/data/data.json
[2024-06-25T14:52:41.507+0000] {filesystem.py:85} INFO - Poking for file /opt/***/data/data.json
[2024-06-25T14:52:51.509+0000] {filesystem.py:85} INFO - Poking for file /opt/***/data/data.json
[2024-06-25T14:53:01.510+0000] {filesystem.py:85} INFO - Poking for file /opt/***/data/data.json
[2024-06-25T14:53:11.511+0000] {filesystem.py:85} INFO - Poking for file /opt/***/data/data.json
[2024-06-25T14:53:21.511+0000] {filesystem.py:85} INFO - Poking for file /opt/***/data/data.json
[2024-06-25T14:53:31.512+0000] {filesystem.py:85} INFO - Poking for file /opt/***/data/data.json
[2024-06-25T14:53:41.513+0000] {filesystem.py:85} INFO - Poking for file /opt/***/data/data.json
[2024-06-25T14:53:51.514+0000] {filesystem.py:85} INFO - Poking for file /opt/***/data/data.json
[2024-06-25T14:54:01.514+0000] {filesystem.py:85} INFO - Poking for file /opt/***/data/data.json
[2024-06-25T14:54:11.514+0000] {filesystem.py:85} INFO - Poking for file /opt/***/data/data.json
[2024-06-25T14:54:21.515+0000] {filesystem.py:85} INFO - Poking for file /opt/***/data/data.json
[2024-06-25T14:54:31.516+0000] {filesystem.py:85} INFO - Poking for file /opt/***/data/data.json
[2024-06-25T14:54:41.517+0000] {filesystem.py:85} INFO - Poking for file /opt/***/data/data.json
[2024-06-25T14:54:51.517+0000] {filesystem.py:85} INFO - Poking for file /opt/***/data/data.json
[2024-06-25T14:55:01.518+0000] {filesystem.py:85} INFO - Poking for file /opt/***/data/data.json
[2024-06-25T14:55:11.519+0000] {filesystem.py:85} INFO - Poking for file /opt/***/data/data.json
[2024-06-25T14:55:21.520+0000] {filesystem.py:85} INFO - Poking for file /opt/***/data/data.json
[2024-06-25T14:55:31.521+0000] {filesystem.py:85} INFO - Poking for file /opt/***/data/data.json
[2024-06-25T14:55:41.522+0000] {filesystem.py:85} INFO - Poking for file /opt/***/data/data.json
[2024-06-25T14:55:51.523+0000] {filesystem.py:85} INFO - Poking for file /opt/***/data/data.json
[2024-06-25T14:56:01.524+0000] {filesystem.py:85} INFO - Poking for file /opt/***/data/data.json
[2024-06-25T14:56:11.525+0000] {filesystem.py:85} INFO - Poking for file /opt/***/data/data.json
[2024-06-25T14:56:21.526+0000] {filesystem.py:85} INFO - Poking for file /opt/***/data/data.json
[2024-06-25T14:56:31.527+0000] {filesystem.py:85} INFO - Poking for file /opt/***/data/data.json
[2024-06-25T14:56:41.528+0000] {filesystem.py:85} INFO - Poking for file /opt/***/data/data.json
[2024-06-25T14:56:51.529+0000] {filesystem.py:85} INFO - Poking for file /opt/***/data/data.json
[2024-06-25T14:57:01.530+0000] {filesystem.py:85} INFO - Poking for file /opt/***/data/data.json
[2024-06-25T14:57:11.531+0000] {filesystem.py:85} INFO - Poking for file /opt/***/data/data.json
[2024-06-25T14:57:21.532+0000] {filesystem.py:85} INFO - Poking for file /opt/***/data/data.json
[2024-06-25T14:57:31.533+0000] {filesystem.py:85} INFO - Poking for file /opt/***/data/data.json
[2024-06-25T14:57:41.534+0000] {filesystem.py:85} INFO - Poking for file /opt/***/data/data.json
[2024-06-25T14:57:51.535+0000] {filesystem.py:85} INFO - Poking for file /opt/***/data/data.json
[2024-06-25T14:58:01.536+0000] {filesystem.py:85} INFO - Poking for file /opt/***/data/data.json
[2024-06-25T14:58:11.536+0000] {filesystem.py:85} INFO - Poking for file /opt/***/data/data.json
[2024-06-25T14:58:21.537+0000] {filesystem.py:85} INFO - Poking for file /opt/***/data/data.json
[2024-06-25T14:58:31.537+0000] {filesystem.py:85} INFO - Poking for file /opt/***/data/data.json
[2024-06-25T14:58:41.538+0000] {filesystem.py:85} INFO - Poking for file /opt/***/data/data.json
[2024-06-25T14:58:51.539+0000] {filesystem.py:85} INFO - Poking for file /opt/***/data/data.json
[2024-06-25T14:59:01.540+0000] {filesystem.py:85} INFO - Poking for file /opt/***/data/data.json
[2024-06-25T14:59:11.541+0000] {filesystem.py:85} INFO - Poking for file /opt/***/data/data.json
[2024-06-25T14:59:21.542+0000] {filesystem.py:85} INFO - Poking for file /opt/***/data/data.json
[2024-06-25T14:59:31.543+0000] {filesystem.py:85} INFO - Poking for file /opt/***/data/data.json
[2024-06-25T14:59:41.544+0000] {filesystem.py:85} INFO - Poking for file /opt/***/data/data.json
[2024-06-25T14:59:51.545+0000] {filesystem.py:85} INFO - Poking for file /opt/***/data/data.json
[2024-06-25T15:00:01.546+0000] {filesystem.py:85} INFO - Poking for file /opt/***/data/data.json
[2024-06-25T15:00:11.546+0000] {filesystem.py:85} INFO - Poking for file /opt/***/data/data.json
[2024-06-25T15:00:21.547+0000] {filesystem.py:85} INFO - Poking for file /opt/***/data/data.json
[2024-06-25T15:00:31.547+0000] {filesystem.py:85} INFO - Poking for file /opt/***/data/data.json
[2024-06-25T15:00:41.548+0000] {filesystem.py:85} INFO - Poking for file /opt/***/data/data.json
[2024-06-25T15:00:51.549+0000] {filesystem.py:85} INFO - Poking for file /opt/***/data/data.json
[2024-06-25T15:01:01.550+0000] {filesystem.py:85} INFO - Poking for file /opt/***/data/data.json
[2024-06-25T15:01:11.550+0000] {filesystem.py:85} INFO - Poking for file /opt/***/data/data.json
[2024-06-25T15:01:21.551+0000] {filesystem.py:85} INFO - Poking for file /opt/***/data/data.json
[2024-06-25T15:01:31.552+0000] {filesystem.py:85} INFO - Poking for file /opt/***/data/data.json
