[2024-06-25T12:39:35.133+0000] {local_task_job_runner.py:120} INFO - ::group::Pre task execution logs
[2024-06-25T12:39:35.146+0000] {taskinstance.py:2076} INFO - Dependencies all met for dep_context=non-requeueable deps ti=<TaskInstance: windturbine.group_database.create_table manual__2024-06-25T12:39:31.386905+00:00 [queued]>
[2024-06-25T12:39:35.151+0000] {taskinstance.py:2076} INFO - Dependencies all met for dep_context=requeueable deps ti=<TaskInstance: windturbine.group_database.create_table manual__2024-06-25T12:39:31.386905+00:00 [queued]>
[2024-06-25T12:39:35.151+0000] {taskinstance.py:2306} INFO - Starting attempt 1 of 2
[2024-06-25T12:39:35.159+0000] {taskinstance.py:2330} INFO - Executing <Task(PostgresOperator): group_database.create_table> on 2024-06-25 12:39:31.386905+00:00
[2024-06-25T12:39:35.164+0000] {warnings.py:112} WARNING - /home/***/.local/lib/python3.12/site-packages/***/task/task_runner/standard_task_runner.py:61: DeprecationWarning: This process (pid=992) is multi-threaded, use of fork() may lead to deadlocks in the child.
  pid = os.fork()

[2024-06-25T12:39:35.165+0000] {standard_task_runner.py:63} INFO - Started process 995 to run task
[2024-06-25T12:39:35.165+0000] {standard_task_runner.py:90} INFO - Running: ['***', 'tasks', 'run', 'windturbine', 'group_database.create_table', 'manual__2024-06-25T12:39:31.386905+00:00', '--job-id', '477', '--raw', '--subdir', 'DAGS_FOLDER/windturbine.py', '--cfg-path', '/tmp/tmpjrxm2fdg']
[2024-06-25T12:39:35.167+0000] {standard_task_runner.py:91} INFO - Job 477: Subtask group_database.create_table
[2024-06-25T12:39:35.196+0000] {task_command.py:426} INFO - Running <TaskInstance: windturbine.group_database.create_table manual__2024-06-25T12:39:31.386905+00:00 [running]> on host 8f35bebe2893
[2024-06-25T12:39:35.251+0000] {taskinstance.py:2648} INFO - Exporting env vars: AIRFLOW_CTX_DAG_EMAIL='liviataina.ltab@gmail.com' AIRFLOW_CTX_DAG_OWNER='***' AIRFLOW_CTX_DAG_ID='windturbine' AIRFLOW_CTX_TASK_ID='group_database.create_table' AIRFLOW_CTX_EXECUTION_DATE='2024-06-25T12:39:31.386905+00:00' AIRFLOW_CTX_TRY_NUMBER='1' AIRFLOW_CTX_DAG_RUN_ID='manual__2024-06-25T12:39:31.386905+00:00'
[2024-06-25T12:39:35.252+0000] {taskinstance.py:430} INFO - ::endgroup::
[2024-06-25T12:39:35.262+0000] {sql.py:276} INFO - Executing: 
        CREATE TABLE IF NOT EXISTS sensors (
            idtemp varchar PRIMARY KEY,
            powerfactor varchar,
            hydraulicpressure varchar,
            temperature varchar,
            timestamp varchar
        );
    
[2024-06-25T12:39:35.268+0000] {base.py:84} INFO - Using connection ID 'postgres' for task execution.
[2024-06-25T12:39:35.274+0000] {base.py:84} INFO - Using connection ID 'postgres' for task execution.
[2024-06-25T12:39:35.276+0000] {sql.py:487} INFO - Running statement: 
        CREATE TABLE IF NOT EXISTS sensors (
            idtemp varchar PRIMARY KEY,
            powerfactor varchar,
            hydraulicpressure varchar,
            temperature varchar,
            timestamp varchar
        );
    , parameters: None
[2024-06-25T12:39:35.277+0000] {taskinstance.py:441} INFO - ::group::Post task execution logs
[2024-06-25T12:39:35.283+0000] {taskinstance.py:1206} INFO - Marking task as SUCCESS. dag_id=windturbine, task_id=group_database.create_table, run_id=manual__2024-06-25T12:39:31.386905+00:00, execution_date=20240625T123931, start_date=20240625T123935, end_date=20240625T123935
[2024-06-25T12:39:35.297+0000] {local_task_job_runner.py:240} INFO - Task exited with return code 0
[2024-06-25T12:39:35.303+0000] {warnings.py:112} WARNING - /home/***/.local/lib/python3.12/site-packages/***/models/baseoperator.py:1297: AirflowProviderDeprecationWarning: Call to deprecated class PostgresOperator. (Please use `***.providers.common.sql.operators.sql.SQLExecuteQueryOperator`.Also, you can provide `hook_params={'schema': <database>}`.)
  result = cls.__new__(cls)

[2024-06-25T12:39:35.311+0000] {taskinstance.py:3503} INFO - 1 downstream tasks scheduled from follow-on schedule check
[2024-06-25T12:39:35.314+0000] {local_task_job_runner.py:222} INFO - ::endgroup::
