[2024-06-26T14:25:28.553+0000] {local_task_job_runner.py:120} INFO - ::group::Pre task execution logs
[2024-06-26T14:25:28.566+0000] {taskinstance.py:2076} INFO - Dependencies all met for dep_context=non-requeueable deps ti=<TaskInstance: windturbine.group_check_temp.check_temp_branch scheduled__2024-06-26T14:21:00+00:00 [queued]>
[2024-06-26T14:25:28.570+0000] {taskinstance.py:2076} INFO - Dependencies all met for dep_context=requeueable deps ti=<TaskInstance: windturbine.group_check_temp.check_temp_branch scheduled__2024-06-26T14:21:00+00:00 [queued]>
[2024-06-26T14:25:28.570+0000] {taskinstance.py:2306} INFO - Starting attempt 1 of 2
[2024-06-26T14:25:28.577+0000] {taskinstance.py:2330} INFO - Executing <Task(BranchPythonOperator): group_check_temp.check_temp_branch> on 2024-06-26 14:21:00+00:00
[2024-06-26T14:25:28.582+0000] {warnings.py:112} WARNING - /home/***/.local/lib/python3.12/site-packages/***/task/task_runner/standard_task_runner.py:61: DeprecationWarning: This process (pid=122) is multi-threaded, use of fork() may lead to deadlocks in the child.
  pid = os.fork()

[2024-06-26T14:25:28.582+0000] {standard_task_runner.py:63} INFO - Started process 126 to run task
[2024-06-26T14:25:28.583+0000] {standard_task_runner.py:90} INFO - Running: ['***', 'tasks', 'run', 'windturbine', 'group_check_temp.check_temp_branch', 'scheduled__2024-06-26T14:21:00+00:00', '--job-id', '531', '--raw', '--subdir', 'DAGS_FOLDER/windturbine.py', '--cfg-path', '/tmp/tmpj8rppwg4']
[2024-06-26T14:25:28.584+0000] {standard_task_runner.py:91} INFO - Job 531: Subtask group_check_temp.check_temp_branch
[2024-06-26T14:25:28.609+0000] {task_command.py:426} INFO - Running <TaskInstance: windturbine.group_check_temp.check_temp_branch scheduled__2024-06-26T14:21:00+00:00 [running]> on host 98350b7a6ca8
[2024-06-26T14:25:28.658+0000] {taskinstance.py:2648} INFO - Exporting env vars: AIRFLOW_CTX_DAG_EMAIL='liviataina.ltab@gmail.com' AIRFLOW_CTX_DAG_OWNER='***' AIRFLOW_CTX_DAG_ID='windturbine' AIRFLOW_CTX_TASK_ID='group_check_temp.check_temp_branch' AIRFLOW_CTX_EXECUTION_DATE='2024-06-26T14:21:00+00:00' AIRFLOW_CTX_TRY_NUMBER='1' AIRFLOW_CTX_DAG_RUN_ID='scheduled__2024-06-26T14:21:00+00:00'
[2024-06-26T14:25:28.659+0000] {taskinstance.py:430} INFO - ::endgroup::
[2024-06-26T14:25:28.666+0000] {baseoperator.py:400} WARNING - BranchPythonOperator.execute cannot be called outside TaskInstance!
[2024-06-26T14:25:28.672+0000] {python.py:237} INFO - Done. Returned value was: group_check_temp.send_email_normal
[2024-06-26T14:25:28.672+0000] {branch.py:36} INFO - Branch into group_check_temp.send_email_normal
[2024-06-26T14:25:28.672+0000] {skipmixin.py:178} INFO - Following branch group_check_temp.send_email_normal
[2024-06-26T14:25:28.680+0000] {skipmixin.py:246} INFO - Skipping tasks [('group_check_temp.send_email_alert', -1)]
[2024-06-26T14:25:28.693+0000] {taskinstance.py:441} INFO - ::group::Post task execution logs
[2024-06-26T14:25:28.703+0000] {taskinstance.py:1206} INFO - Marking task as SUCCESS. dag_id=windturbine, task_id=group_check_temp.check_temp_branch, run_id=scheduled__2024-06-26T14:21:00+00:00, execution_date=20240626T142100, start_date=20240626T142528, end_date=20240626T142528
[2024-06-26T14:25:28.715+0000] {local_task_job_runner.py:240} INFO - Task exited with return code 0
[2024-06-26T14:25:28.720+0000] {warnings.py:112} WARNING - /home/***/.local/lib/python3.12/site-packages/***/models/baseoperator.py:1297: AirflowProviderDeprecationWarning: Call to deprecated class PostgresOperator. (Please use `***.providers.common.sql.operators.sql.SQLExecuteQueryOperator`.Also, you can provide `hook_params={'schema': <database>}`.)
  result = cls.__new__(cls)

[2024-06-26T14:25:28.733+0000] {taskinstance.py:3503} INFO - 1 downstream tasks scheduled from follow-on schedule check
[2024-06-26T14:25:28.734+0000] {local_task_job_runner.py:222} INFO - ::endgroup::
