[2024-06-25T12:38:57.635+0000] {local_task_job_runner.py:120} INFO - ::group::Pre task execution logs
[2024-06-25T12:38:57.649+0000] {taskinstance.py:2076} INFO - Dependencies all met for dep_context=non-requeueable deps ti=<TaskInstance: windturbine.group_check_temp.send_email_normal manual__2024-06-25T12:37:43.842590+00:00 [queued]>
[2024-06-25T12:38:57.655+0000] {taskinstance.py:2076} INFO - Dependencies all met for dep_context=requeueable deps ti=<TaskInstance: windturbine.group_check_temp.send_email_normal manual__2024-06-25T12:37:43.842590+00:00 [queued]>
[2024-06-25T12:38:57.655+0000] {taskinstance.py:2306} INFO - Starting attempt 1 of 2
[2024-06-25T12:38:57.662+0000] {taskinstance.py:2330} INFO - Executing <Task(EmailOperator): group_check_temp.send_email_normal> on 2024-06-25 12:37:43.842590+00:00
[2024-06-25T12:38:57.667+0000] {warnings.py:112} WARNING - /home/***/.local/lib/python3.12/site-packages/***/task/task_runner/standard_task_runner.py:61: DeprecationWarning: This process (pid=969) is multi-threaded, use of fork() may lead to deadlocks in the child.
  pid = os.fork()

[2024-06-25T12:38:57.667+0000] {standard_task_runner.py:63} INFO - Started process 974 to run task
[2024-06-25T12:38:57.668+0000] {standard_task_runner.py:90} INFO - Running: ['***', 'tasks', 'run', 'windturbine', 'group_check_temp.send_email_normal', 'manual__2024-06-25T12:37:43.842590+00:00', '--job-id', '471', '--raw', '--subdir', 'DAGS_FOLDER/windturbine.py', '--cfg-path', '/tmp/tmpqpijmcy2']
[2024-06-25T12:38:57.669+0000] {standard_task_runner.py:91} INFO - Job 471: Subtask group_check_temp.send_email_normal
[2024-06-25T12:38:57.693+0000] {task_command.py:426} INFO - Running <TaskInstance: windturbine.group_check_temp.send_email_normal manual__2024-06-25T12:37:43.842590+00:00 [running]> on host 8f35bebe2893
[2024-06-25T12:38:57.735+0000] {taskinstance.py:2648} INFO - Exporting env vars: AIRFLOW_CTX_DAG_EMAIL='liviataina.ltab@gmail.com' AIRFLOW_CTX_DAG_OWNER='***' AIRFLOW_CTX_DAG_ID='windturbine' AIRFLOW_CTX_TASK_ID='group_check_temp.send_email_normal' AIRFLOW_CTX_EXECUTION_DATE='2024-06-25T12:37:43.842590+00:00' AIRFLOW_CTX_TRY_NUMBER='1' AIRFLOW_CTX_DAG_RUN_ID='manual__2024-06-25T12:37:43.842590+00:00'
[2024-06-25T12:38:57.735+0000] {taskinstance.py:430} INFO - ::endgroup::
[2024-06-25T12:38:57.747+0000] {warnings.py:112} WARNING - /home/***/.local/lib/python3.12/site-packages/***/utils/email.py:154: RemovedInAirflow3Warning: Fetching SMTP credentials from configuration variables will be deprecated in a future release. Please set credentials using a connection instead.
  send_mime_email(e_from=mail_from, e_to=recipients, mime_msg=msg, conn_id=conn_id, dryrun=dryrun)

[2024-06-25T12:38:57.747+0000] {email.py:271} INFO - Email alerting: attempt 1
[2024-06-25T12:39:01.337+0000] {email.py:282} INFO - Sent an alert email to ['liviataina.ltab@gmail.com']
[2024-06-25T12:39:02.855+0000] {taskinstance.py:441} INFO - ::group::Post task execution logs
[2024-06-25T12:39:02.872+0000] {taskinstance.py:1206} INFO - Marking task as SUCCESS. dag_id=windturbine, task_id=group_check_temp.send_email_normal, run_id=manual__2024-06-25T12:37:43.842590+00:00, execution_date=20240625T123743, start_date=20240625T123857, end_date=20240625T123902
[2024-06-25T12:39:02.938+0000] {local_task_job_runner.py:240} INFO - Task exited with return code 0
[2024-06-25T12:39:02.967+0000] {taskinstance.py:3503} INFO - 0 downstream tasks scheduled from follow-on schedule check
[2024-06-25T12:39:02.969+0000] {local_task_job_runner.py:222} INFO - ::endgroup::
