[2024-06-20T14:00:00.520+0000] {local_task_job_runner.py:120} INFO - ::group::Pre task execution logs
[2024-06-20T14:00:00.532+0000] {taskinstance.py:2076} INFO - Dependencies all met for dep_context=non-requeueable deps ti=<TaskInstance: default_args.task1 scheduled__2024-06-20T13:00:00+00:00 [queued]>
[2024-06-20T14:00:00.537+0000] {taskinstance.py:2076} INFO - Dependencies all met for dep_context=requeueable deps ti=<TaskInstance: default_args.task1 scheduled__2024-06-20T13:00:00+00:00 [queued]>
[2024-06-20T14:00:00.537+0000] {taskinstance.py:2306} INFO - Starting attempt 1 of 4
[2024-06-20T14:00:00.545+0000] {taskinstance.py:2330} INFO - Executing <Task(BashOperator): task1> on 2024-06-20 13:00:00+00:00
[2024-06-20T14:00:00.548+0000] {warnings.py:112} WARNING - /home/***/.local/lib/python3.12/site-packages/***/task/task_runner/standard_task_runner.py:61: DeprecationWarning: This process (pid=189) is multi-threaded, use of fork() may lead to deadlocks in the child.
  pid = os.fork()

[2024-06-20T14:00:00.549+0000] {standard_task_runner.py:63} INFO - Started process 190 to run task
[2024-06-20T14:00:00.549+0000] {standard_task_runner.py:90} INFO - Running: ['***', 'tasks', 'run', 'default_args', 'task1', 'scheduled__2024-06-20T13:00:00+00:00', '--job-id', '374', '--raw', '--subdir', 'DAGS_FOLDER/defaultargs.py', '--cfg-path', '/tmp/tmp6dj88x6n']
[2024-06-20T14:00:00.550+0000] {standard_task_runner.py:91} INFO - Job 374: Subtask task1
[2024-06-20T14:00:00.573+0000] {task_command.py:426} INFO - Running <TaskInstance: default_args.task1 scheduled__2024-06-20T13:00:00+00:00 [running]> on host ab8e160a89c3
[2024-06-20T14:00:00.622+0000] {taskinstance.py:2648} INFO - Exporting env vars: AIRFLOW_CTX_DAG_EMAIL='teste@gmail.com' AIRFLOW_CTX_DAG_OWNER='***' AIRFLOW_CTX_DAG_ID='default_args' AIRFLOW_CTX_TASK_ID='task1' AIRFLOW_CTX_EXECUTION_DATE='2024-06-20T13:00:00+00:00' AIRFLOW_CTX_TRY_NUMBER='1' AIRFLOW_CTX_DAG_RUN_ID='scheduled__2024-06-20T13:00:00+00:00'
[2024-06-20T14:00:00.622+0000] {taskinstance.py:430} INFO - ::endgroup::
[2024-06-20T14:00:00.630+0000] {subprocess.py:63} INFO - Tmp dir root location: /tmp
[2024-06-20T14:00:00.630+0000] {subprocess.py:75} INFO - Running command: ['/usr/bin/bash', '-c', 'sleep 5']
[2024-06-20T14:00:00.636+0000] {subprocess.py:86} INFO - Output:
[2024-06-20T14:00:05.639+0000] {subprocess.py:97} INFO - Command exited with return code 0
[2024-06-20T14:00:05.640+0000] {taskinstance.py:441} INFO - ::group::Post task execution logs
[2024-06-20T14:00:05.681+0000] {taskinstance.py:1206} INFO - Marking task as SUCCESS. dag_id=default_args, task_id=task1, run_id=scheduled__2024-06-20T13:00:00+00:00, execution_date=20240620T130000, start_date=20240620T140000, end_date=20240620T140005
[2024-06-20T14:00:05.731+0000] {local_task_job_runner.py:240} INFO - Task exited with return code 0
[2024-06-20T14:00:05.768+0000] {taskinstance.py:3503} INFO - 1 downstream tasks scheduled from follow-on schedule check
[2024-06-20T14:00:05.770+0000] {local_task_job_runner.py:222} INFO - ::endgroup::
