[2024-06-19T12:28:15.396+0000] {local_task_job_runner.py:120} INFO - ::group::Pre task execution logs
[2024-06-19T12:28:15.410+0000] {taskinstance.py:2076} INFO - Dependencies all met for dep_context=non-requeueable deps ti=<TaskInstance: dagrundag2.task1 manual__2024-06-19T12:28:14.636008+00:00 [queued]>
[2024-06-19T12:28:15.415+0000] {taskinstance.py:2076} INFO - Dependencies all met for dep_context=requeueable deps ti=<TaskInstance: dagrundag2.task1 manual__2024-06-19T12:28:14.636008+00:00 [queued]>
[2024-06-19T12:28:15.415+0000] {taskinstance.py:2306} INFO - Starting attempt 1 of 1
[2024-06-19T12:28:15.424+0000] {taskinstance.py:2330} INFO - Executing <Task(BashOperator): task1> on 2024-06-19 12:28:14.636008+00:00
[2024-06-19T12:28:15.427+0000] {warnings.py:112} WARNING - /home/***/.local/lib/python3.12/site-packages/***/task/task_runner/standard_task_runner.py:61: DeprecationWarning: This process (pid=1598) is multi-threaded, use of fork() may lead to deadlocks in the child.
  pid = os.fork()

[2024-06-19T12:28:15.428+0000] {standard_task_runner.py:63} INFO - Started process 1599 to run task
[2024-06-19T12:28:15.428+0000] {standard_task_runner.py:90} INFO - Running: ['***', 'tasks', 'run', 'dagrundag2', 'task1', 'manual__2024-06-19T12:28:14.636008+00:00', '--job-id', '88', '--raw', '--subdir', 'DAGS_FOLDER/dagruandag2.py', '--cfg-path', '/tmp/tmpoffsgjg9']
[2024-06-19T12:28:15.429+0000] {standard_task_runner.py:91} INFO - Job 88: Subtask task1
[2024-06-19T12:28:15.454+0000] {task_command.py:426} INFO - Running <TaskInstance: dagrundag2.task1 manual__2024-06-19T12:28:14.636008+00:00 [running]> on host 61c28926c6e1
[2024-06-19T12:28:15.504+0000] {taskinstance.py:2648} INFO - Exporting env vars: AIRFLOW_CTX_DAG_OWNER='***' AIRFLOW_CTX_DAG_ID='dagrundag2' AIRFLOW_CTX_TASK_ID='task1' AIRFLOW_CTX_EXECUTION_DATE='2024-06-19T12:28:14.636008+00:00' AIRFLOW_CTX_TRY_NUMBER='1' AIRFLOW_CTX_DAG_RUN_ID='manual__2024-06-19T12:28:14.636008+00:00'
[2024-06-19T12:28:15.505+0000] {taskinstance.py:430} INFO - ::endgroup::
[2024-06-19T12:28:15.512+0000] {subprocess.py:63} INFO - Tmp dir root location: /tmp
[2024-06-19T12:28:15.513+0000] {subprocess.py:75} INFO - Running command: ['/usr/bin/bash', '-c', 'sleep 5']
[2024-06-19T12:28:15.520+0000] {subprocess.py:86} INFO - Output:
[2024-06-19T12:28:20.522+0000] {subprocess.py:97} INFO - Command exited with return code 0
[2024-06-19T12:28:20.524+0000] {taskinstance.py:441} INFO - ::group::Post task execution logs
[2024-06-19T12:28:20.567+0000] {taskinstance.py:1206} INFO - Marking task as SUCCESS. dag_id=dagrundag2, task_id=task1, run_id=manual__2024-06-19T12:28:14.636008+00:00, execution_date=20240619T122814, start_date=20240619T122815, end_date=20240619T122820
[2024-06-19T12:28:20.595+0000] {local_task_job_runner.py:240} INFO - Task exited with return code 0
[2024-06-19T12:28:20.612+0000] {taskinstance.py:3503} INFO - 1 downstream tasks scheduled from follow-on schedule check
[2024-06-19T12:28:20.614+0000] {local_task_job_runner.py:222} INFO - ::endgroup::
