[2024-06-19T12:27:51.112+0000] {local_task_job_runner.py:120} INFO - ::group::Pre task execution logs
[2024-06-19T12:27:51.126+0000] {taskinstance.py:2076} INFO - Dependencies all met for dep_context=non-requeueable deps ti=<TaskInstance: dagrundag2.task2 manual__2024-06-19T12:27:44.307821+00:00 [queued]>
[2024-06-19T12:27:51.131+0000] {taskinstance.py:2076} INFO - Dependencies all met for dep_context=requeueable deps ti=<TaskInstance: dagrundag2.task2 manual__2024-06-19T12:27:44.307821+00:00 [queued]>
[2024-06-19T12:27:51.131+0000] {taskinstance.py:2306} INFO - Starting attempt 1 of 1
[2024-06-19T12:27:51.138+0000] {taskinstance.py:2330} INFO - Executing <Task(BashOperator): task2> on 2024-06-19 12:27:44.307821+00:00
[2024-06-19T12:27:51.144+0000] {warnings.py:112} WARNING - /home/***/.local/lib/python3.12/site-packages/***/task/task_runner/standard_task_runner.py:61: DeprecationWarning: This process (pid=1583) is multi-threaded, use of fork() may lead to deadlocks in the child.
  pid = os.fork()

[2024-06-19T12:27:51.144+0000] {standard_task_runner.py:63} INFO - Started process 1584 to run task
[2024-06-19T12:27:51.145+0000] {standard_task_runner.py:90} INFO - Running: ['***', 'tasks', 'run', 'dagrundag2', 'task2', 'manual__2024-06-19T12:27:44.307821+00:00', '--job-id', '85', '--raw', '--subdir', 'DAGS_FOLDER/dagruandag2.py', '--cfg-path', '/tmp/tmpsi17vqyb']
[2024-06-19T12:27:51.145+0000] {standard_task_runner.py:91} INFO - Job 85: Subtask task2
[2024-06-19T12:27:51.171+0000] {task_command.py:426} INFO - Running <TaskInstance: dagrundag2.task2 manual__2024-06-19T12:27:44.307821+00:00 [running]> on host 61c28926c6e1
[2024-06-19T12:27:51.221+0000] {taskinstance.py:2648} INFO - Exporting env vars: AIRFLOW_CTX_DAG_OWNER='***' AIRFLOW_CTX_DAG_ID='dagrundag2' AIRFLOW_CTX_TASK_ID='task2' AIRFLOW_CTX_EXECUTION_DATE='2024-06-19T12:27:44.307821+00:00' AIRFLOW_CTX_TRY_NUMBER='1' AIRFLOW_CTX_DAG_RUN_ID='manual__2024-06-19T12:27:44.307821+00:00'
[2024-06-19T12:27:51.221+0000] {taskinstance.py:430} INFO - ::endgroup::
[2024-06-19T12:27:51.233+0000] {subprocess.py:63} INFO - Tmp dir root location: /tmp
[2024-06-19T12:27:51.234+0000] {subprocess.py:75} INFO - Running command: ['/usr/bin/bash', '-c', 'sleep 5']
[2024-06-19T12:27:51.240+0000] {subprocess.py:86} INFO - Output:
[2024-06-19T12:27:56.244+0000] {subprocess.py:97} INFO - Command exited with return code 0
[2024-06-19T12:27:56.245+0000] {taskinstance.py:441} INFO - ::group::Post task execution logs
[2024-06-19T12:27:56.288+0000] {taskinstance.py:1206} INFO - Marking task as SUCCESS. dag_id=dagrundag2, task_id=task2, run_id=manual__2024-06-19T12:27:44.307821+00:00, execution_date=20240619T122744, start_date=20240619T122751, end_date=20240619T122756
[2024-06-19T12:27:56.350+0000] {local_task_job_runner.py:240} INFO - Task exited with return code 0
[2024-06-19T12:27:56.374+0000] {taskinstance.py:3503} INFO - 0 downstream tasks scheduled from follow-on schedule check
[2024-06-19T12:27:56.375+0000] {local_task_job_runner.py:222} INFO - ::endgroup::
