[2024-06-21T12:25:45.951+0000] {local_task_job_runner.py:120} INFO - ::group::Pre task execution logs
[2024-06-21T12:25:45.967+0000] {taskinstance.py:2076} INFO - Dependencies all met for dep_context=non-requeueable deps ti=<TaskInstance: branch.branch_task manual__2024-06-21T12:25:43.997455+00:00 [queued]>
[2024-06-21T12:25:45.972+0000] {taskinstance.py:2076} INFO - Dependencies all met for dep_context=requeueable deps ti=<TaskInstance: branch.branch_task manual__2024-06-21T12:25:43.997455+00:00 [queued]>
[2024-06-21T12:25:45.972+0000] {taskinstance.py:2306} INFO - Starting attempt 1 of 1
[2024-06-21T12:25:45.981+0000] {taskinstance.py:2330} INFO - Executing <Task(BranchPythonOperator): branch_task> on 2024-06-21 12:25:43.997455+00:00
[2024-06-21T12:25:45.985+0000] {warnings.py:112} WARNING - /home/***/.local/lib/python3.12/site-packages/***/task/task_runner/standard_task_runner.py:61: DeprecationWarning: This process (pid=955) is multi-threaded, use of fork() may lead to deadlocks in the child.
  pid = os.fork()

[2024-06-21T12:25:45.985+0000] {standard_task_runner.py:63} INFO - Started process 956 to run task
[2024-06-21T12:25:45.986+0000] {standard_task_runner.py:90} INFO - Running: ['***', 'tasks', 'run', 'branch', 'branch_task', 'manual__2024-06-21T12:25:43.997455+00:00', '--job-id', '397', '--raw', '--subdir', 'DAGS_FOLDER/brachs.py', '--cfg-path', '/tmp/tmplulmj6kt']
[2024-06-21T12:25:45.986+0000] {standard_task_runner.py:91} INFO - Job 397: Subtask branch_task
[2024-06-21T12:25:46.013+0000] {task_command.py:426} INFO - Running <TaskInstance: branch.branch_task manual__2024-06-21T12:25:43.997455+00:00 [running]> on host 55c563b9c0dc
[2024-06-21T12:25:46.061+0000] {taskinstance.py:2648} INFO - Exporting env vars: AIRFLOW_CTX_DAG_OWNER='***' AIRFLOW_CTX_DAG_ID='branch' AIRFLOW_CTX_TASK_ID='branch_task' AIRFLOW_CTX_EXECUTION_DATE='2024-06-21T12:25:43.997455+00:00' AIRFLOW_CTX_TRY_NUMBER='1' AIRFLOW_CTX_DAG_RUN_ID='manual__2024-06-21T12:25:43.997455+00:00'
[2024-06-21T12:25:46.061+0000] {taskinstance.py:430} INFO - ::endgroup::
[2024-06-21T12:25:46.069+0000] {baseoperator.py:400} WARNING - BranchPythonOperator.execute cannot be called outside TaskInstance!
[2024-06-21T12:25:46.075+0000] {taskinstance.py:441} INFO - ::group::Post task execution logs
[2024-06-21T12:25:46.075+0000] {taskinstance.py:2905} ERROR - Task failed with exception
Traceback (most recent call last):
  File "/home/airflow/.local/lib/python3.12/site-packages/airflow/models/taskinstance.py", line 465, in _execute_task
    result = _execute_callable(context=context, **execute_callable_kwargs)
             ^^^^^^^^^^^^^^^^^^^^^^^^^^^^^^^^^^^^^^^^^^^^^^^^^^^^^^^^^^^^^
  File "/home/airflow/.local/lib/python3.12/site-packages/airflow/models/taskinstance.py", line 432, in _execute_callable
    return execute_callable(context=context, **execute_callable_kwargs)
           ^^^^^^^^^^^^^^^^^^^^^^^^^^^^^^^^^^^^^^^^^^^^^^^^^^^^^^^^^^^^
  File "/home/airflow/.local/lib/python3.12/site-packages/airflow/models/baseoperator.py", line 401, in wrapper
    return func(self, *args, **kwargs)
           ^^^^^^^^^^^^^^^^^^^^^^^^^^^
  File "/home/airflow/.local/lib/python3.12/site-packages/airflow/operators/python.py", line 269, in execute
    return self.do_branch(context, super().execute(context))
                                   ^^^^^^^^^^^^^^^^^^^^^^^^
  File "/home/airflow/.local/lib/python3.12/site-packages/airflow/models/baseoperator.py", line 401, in wrapper
    return func(self, *args, **kwargs)
           ^^^^^^^^^^^^^^^^^^^^^^^^^^^
  File "/home/airflow/.local/lib/python3.12/site-packages/airflow/operators/python.py", line 235, in execute
    return_value = self.execute_callable()
                   ^^^^^^^^^^^^^^^^^^^^^^^
  File "/home/airflow/.local/lib/python3.12/site-packages/airflow/operators/python.py", line 252, in execute_callable
    return self.python_callable(*self.op_args, **self.op_kwargs)
           ^^^^^^^^^^^^^^^^^^^^^^^^^^^^^^^^^^^^^^^^^^^^^^^^^^^^^
  File "/opt/airflow/dags/brachs.py", line 25, in even_or_odd
    if value % 2 == 0:
       ~~~~~~^~~
TypeError: unsupported operand type(s) for %: 'NoneType' and 'int'
[2024-06-21T12:25:46.080+0000] {taskinstance.py:1206} INFO - Marking task as FAILED. dag_id=branch, task_id=branch_task, run_id=manual__2024-06-21T12:25:43.997455+00:00, execution_date=20240621T122543, start_date=20240621T122545, end_date=20240621T122546
[2024-06-21T12:25:46.088+0000] {standard_task_runner.py:110} ERROR - Failed to execute job 397 for task branch_task (unsupported operand type(s) for %: 'NoneType' and 'int'; 956)
[2024-06-21T12:25:46.118+0000] {local_task_job_runner.py:240} INFO - Task exited with return code 1
[2024-06-21T12:25:46.159+0000] {taskinstance.py:3503} INFO - 0 downstream tasks scheduled from follow-on schedule check
[2024-06-21T12:25:46.162+0000] {local_task_job_runner.py:222} INFO - ::endgroup::
