[2024-06-20T10:17:27.352+0000] {local_task_job_runner.py:120} INFO - ::group::Pre task execution logs
[2024-06-20T10:17:27.365+0000] {taskinstance.py:2076} INFO - Dependencies all met for dep_context=non-requeueable deps ti=<TaskInstance: default_args.task3 scheduled__2024-06-20T09:00:00+00:00 [queued]>
[2024-06-20T10:17:27.369+0000] {taskinstance.py:2076} INFO - Dependencies all met for dep_context=requeueable deps ti=<TaskInstance: default_args.task3 scheduled__2024-06-20T09:00:00+00:00 [queued]>
[2024-06-20T10:17:27.369+0000] {taskinstance.py:2306} INFO - Starting attempt 1 of 2
[2024-06-20T10:17:27.379+0000] {taskinstance.py:2330} INFO - Executing <Task(BashOperator): task3> on 2024-06-20 09:00:00+00:00
[2024-06-20T10:17:27.382+0000] {warnings.py:112} WARNING - /home/***/.local/lib/python3.12/site-packages/***/task/task_runner/standard_task_runner.py:61: DeprecationWarning: This process (pid=64) is multi-threaded, use of fork() may lead to deadlocks in the child.
  pid = os.fork()

[2024-06-20T10:17:27.383+0000] {standard_task_runner.py:63} INFO - Started process 67 to run task
[2024-06-20T10:17:27.383+0000] {standard_task_runner.py:90} INFO - Running: ['***', 'tasks', 'run', 'default_args', 'task3', 'scheduled__2024-06-20T09:00:00+00:00', '--job-id', '185', '--raw', '--subdir', 'DAGS_FOLDER/defaultargs.py', '--cfg-path', '/tmp/tmp4m281mkp']
[2024-06-20T10:17:27.384+0000] {standard_task_runner.py:91} INFO - Job 185: Subtask task3
[2024-06-20T10:17:27.412+0000] {task_command.py:426} INFO - Running <TaskInstance: default_args.task3 scheduled__2024-06-20T09:00:00+00:00 [running]> on host 9eff92391446
[2024-06-20T10:17:27.465+0000] {taskinstance.py:2648} INFO - Exporting env vars: AIRFLOW_CTX_DAG_EMAIL='teste@gmail.com' AIRFLOW_CTX_DAG_OWNER='***' AIRFLOW_CTX_DAG_ID='default_args' AIRFLOW_CTX_TASK_ID='task3' AIRFLOW_CTX_EXECUTION_DATE='2024-06-20T09:00:00+00:00' AIRFLOW_CTX_TRY_NUMBER='1' AIRFLOW_CTX_DAG_RUN_ID='scheduled__2024-06-20T09:00:00+00:00'
[2024-06-20T10:17:27.465+0000] {taskinstance.py:430} INFO - ::endgroup::
[2024-06-20T10:17:27.473+0000] {subprocess.py:63} INFO - Tmp dir root location: /tmp
[2024-06-20T10:17:27.473+0000] {subprocess.py:75} INFO - Running command: ['/usr/bin/bash', '-c', 'sleep 5']
[2024-06-20T10:17:27.478+0000] {subprocess.py:86} INFO - Output:
[2024-06-20T10:17:32.480+0000] {subprocess.py:97} INFO - Command exited with return code 0
[2024-06-20T10:17:32.481+0000] {taskinstance.py:441} INFO - ::group::Post task execution logs
[2024-06-20T10:17:32.497+0000] {taskinstance.py:1206} INFO - Marking task as SUCCESS. dag_id=default_args, task_id=task3, run_id=scheduled__2024-06-20T09:00:00+00:00, execution_date=20240620T090000, start_date=20240620T101727, end_date=20240620T101732
[2024-06-20T10:17:32.528+0000] {local_task_job_runner.py:240} INFO - Task exited with return code 0
[2024-06-20T10:17:32.536+0000] {taskinstance.py:3503} INFO - 0 downstream tasks scheduled from follow-on schedule check
[2024-06-20T10:17:32.539+0000] {local_task_job_runner.py:222} INFO - ::endgroup::
