[2024-06-20T14:30:31.359+0000] {local_task_job_runner.py:120} INFO - ::group::Pre task execution logs
[2024-06-20T14:30:31.373+0000] {taskinstance.py:2076} INFO - Dependencies all met for dep_context=non-requeueable deps ti=<TaskInstance: dummy.task5 manual__2024-06-20T14:30:28.458961+00:00 [queued]>
[2024-06-20T14:30:31.378+0000] {taskinstance.py:2076} INFO - Dependencies all met for dep_context=requeueable deps ti=<TaskInstance: dummy.task5 manual__2024-06-20T14:30:28.458961+00:00 [queued]>
[2024-06-20T14:30:31.378+0000] {taskinstance.py:2306} INFO - Starting attempt 1 of 1
[2024-06-20T14:30:31.387+0000] {taskinstance.py:2330} INFO - Executing <Task(BashOperator): task5> on 2024-06-20 14:30:28.458961+00:00
[2024-06-20T14:30:31.391+0000] {warnings.py:112} WARNING - /home/***/.local/lib/python3.12/site-packages/***/task/task_runner/standard_task_runner.py:61: DeprecationWarning: This process (pid=620) is multi-threaded, use of fork() may lead to deadlocks in the child.
  pid = os.fork()

[2024-06-20T14:30:31.391+0000] {standard_task_runner.py:63} INFO - Started process 621 to run task
[2024-06-20T14:30:31.392+0000] {standard_task_runner.py:90} INFO - Running: ['***', 'tasks', 'run', 'dummy', 'task5', 'manual__2024-06-20T14:30:28.458961+00:00', '--job-id', '383', '--raw', '--subdir', 'DAGS_FOLDER/dummy.py', '--cfg-path', '/tmp/tmptepmwjqv']
[2024-06-20T14:30:31.392+0000] {standard_task_runner.py:91} INFO - Job 383: Subtask task5
[2024-06-20T14:30:31.418+0000] {task_command.py:426} INFO - Running <TaskInstance: dummy.task5 manual__2024-06-20T14:30:28.458961+00:00 [running]> on host ab8e160a89c3
[2024-06-20T14:30:31.467+0000] {taskinstance.py:2648} INFO - Exporting env vars: AIRFLOW_CTX_DAG_OWNER='***' AIRFLOW_CTX_DAG_ID='dummy' AIRFLOW_CTX_TASK_ID='task5' AIRFLOW_CTX_EXECUTION_DATE='2024-06-20T14:30:28.458961+00:00' AIRFLOW_CTX_TRY_NUMBER='1' AIRFLOW_CTX_DAG_RUN_ID='manual__2024-06-20T14:30:28.458961+00:00'
[2024-06-20T14:30:31.468+0000] {taskinstance.py:430} INFO - ::endgroup::
[2024-06-20T14:30:31.477+0000] {subprocess.py:63} INFO - Tmp dir root location: /tmp
[2024-06-20T14:30:31.477+0000] {subprocess.py:75} INFO - Running command: ['/usr/bin/bash', '-c', 'sleep 1']
[2024-06-20T14:30:31.484+0000] {subprocess.py:86} INFO - Output:
[2024-06-20T14:30:32.486+0000] {subprocess.py:97} INFO - Command exited with return code 0
[2024-06-20T14:30:32.486+0000] {taskinstance.py:441} INFO - ::group::Post task execution logs
[2024-06-20T14:30:32.511+0000] {taskinstance.py:1206} INFO - Marking task as SUCCESS. dag_id=dummy, task_id=task5, run_id=manual__2024-06-20T14:30:28.458961+00:00, execution_date=20240620T143028, start_date=20240620T143031, end_date=20240620T143032
[2024-06-20T14:30:32.527+0000] {local_task_job_runner.py:240} INFO - Task exited with return code 0
[2024-06-20T14:30:32.537+0000] {taskinstance.py:3503} INFO - 0 downstream tasks scheduled from follow-on schedule check
[2024-06-20T14:30:32.538+0000] {local_task_job_runner.py:222} INFO - ::endgroup::
