[2024-06-25T12:51:00.642+0000] {local_task_job_runner.py:120} INFO - ::group::Pre task execution logs
[2024-06-25T12:51:00.654+0000] {taskinstance.py:2076} INFO - Dependencies all met for dep_context=non-requeueable deps ti=<TaskInstance: windturbine.file_sensor_task scheduled__2024-06-25T12:48:00+00:00 [queued]>
[2024-06-25T12:51:00.658+0000] {taskinstance.py:2076} INFO - Dependencies all met for dep_context=requeueable deps ti=<TaskInstance: windturbine.file_sensor_task scheduled__2024-06-25T12:48:00+00:00 [queued]>
[2024-06-25T12:51:00.658+0000] {taskinstance.py:2306} INFO - Starting attempt 1 of 2
[2024-06-25T12:51:00.664+0000] {taskinstance.py:2330} INFO - Executing <Task(FileSensor): file_sensor_task> on 2024-06-25 12:48:00+00:00
[2024-06-25T12:51:00.669+0000] {warnings.py:112} WARNING - /home/***/.local/lib/python3.12/site-packages/***/task/task_runner/standard_task_runner.py:61: DeprecationWarning: This process (pid=1198) is multi-threaded, use of fork() may lead to deadlocks in the child.
  pid = os.fork()

[2024-06-25T12:51:00.670+0000] {standard_task_runner.py:63} INFO - Started process 1200 to run task
[2024-06-25T12:51:00.670+0000] {standard_task_runner.py:90} INFO - Running: ['***', 'tasks', 'run', 'windturbine', 'file_sensor_task', 'scheduled__2024-06-25T12:48:00+00:00', '--job-id', '494', '--raw', '--subdir', 'DAGS_FOLDER/windturbine.py', '--cfg-path', '/tmp/tmpw4cx6eud']
[2024-06-25T12:51:00.671+0000] {standard_task_runner.py:91} INFO - Job 494: Subtask file_sensor_task
[2024-06-25T12:51:00.695+0000] {task_command.py:426} INFO - Running <TaskInstance: windturbine.file_sensor_task scheduled__2024-06-25T12:48:00+00:00 [running]> on host 8f35bebe2893
[2024-06-25T12:51:00.747+0000] {taskinstance.py:2648} INFO - Exporting env vars: AIRFLOW_CTX_DAG_EMAIL='liviataina.ltab@gmail.com' AIRFLOW_CTX_DAG_OWNER='***' AIRFLOW_CTX_DAG_ID='windturbine' AIRFLOW_CTX_TASK_ID='file_sensor_task' AIRFLOW_CTX_EXECUTION_DATE='2024-06-25T12:48:00+00:00' AIRFLOW_CTX_TRY_NUMBER='1' AIRFLOW_CTX_DAG_RUN_ID='scheduled__2024-06-25T12:48:00+00:00'
[2024-06-25T12:51:00.748+0000] {taskinstance.py:430} INFO - ::endgroup::
[2024-06-25T12:51:00.756+0000] {baseoperator.py:400} WARNING - FileSensor.execute cannot be called outside TaskInstance!
[2024-06-25T12:51:00.762+0000] {base.py:84} INFO - Using connection ID 'fs_default' for task execution.
[2024-06-25T12:51:00.763+0000] {filesystem.py:85} INFO - Poking for file /opt/***/data/data.json
[2024-06-25T12:51:10.763+0000] {filesystem.py:85} INFO - Poking for file /opt/***/data/data.json
[2024-06-25T12:51:20.763+0000] {filesystem.py:85} INFO - Poking for file /opt/***/data/data.json
[2024-06-25T12:51:30.765+0000] {filesystem.py:85} INFO - Poking for file /opt/***/data/data.json
[2024-06-25T12:51:40.766+0000] {filesystem.py:85} INFO - Poking for file /opt/***/data/data.json
[2024-06-25T12:51:50.767+0000] {filesystem.py:85} INFO - Poking for file /opt/***/data/data.json
[2024-06-25T12:52:00.768+0000] {filesystem.py:85} INFO - Poking for file /opt/***/data/data.json
[2024-06-25T12:52:10.769+0000] {filesystem.py:85} INFO - Poking for file /opt/***/data/data.json
[2024-06-25T12:52:20.770+0000] {filesystem.py:85} INFO - Poking for file /opt/***/data/data.json
[2024-06-25T12:52:30.771+0000] {filesystem.py:85} INFO - Poking for file /opt/***/data/data.json
[2024-06-25T12:52:40.771+0000] {filesystem.py:85} INFO - Poking for file /opt/***/data/data.json
[2024-06-25T12:52:50.773+0000] {filesystem.py:85} INFO - Poking for file /opt/***/data/data.json
[2024-06-25T12:53:00.774+0000] {filesystem.py:85} INFO - Poking for file /opt/***/data/data.json
[2024-06-25T12:53:10.775+0000] {filesystem.py:85} INFO - Poking for file /opt/***/data/data.json
[2024-06-25T12:53:20.776+0000] {filesystem.py:85} INFO - Poking for file /opt/***/data/data.json
[2024-06-25T12:53:30.776+0000] {filesystem.py:85} INFO - Poking for file /opt/***/data/data.json
[2024-06-25T12:53:40.777+0000] {filesystem.py:85} INFO - Poking for file /opt/***/data/data.json
[2024-06-25T12:53:50.778+0000] {filesystem.py:85} INFO - Poking for file /opt/***/data/data.json
[2024-06-25T12:54:00.779+0000] {filesystem.py:85} INFO - Poking for file /opt/***/data/data.json
[2024-06-25T12:54:10.780+0000] {filesystem.py:85} INFO - Poking for file /opt/***/data/data.json
[2024-06-25T12:54:20.781+0000] {filesystem.py:85} INFO - Poking for file /opt/***/data/data.json
[2024-06-25T12:54:30.782+0000] {filesystem.py:85} INFO - Poking for file /opt/***/data/data.json
[2024-06-25T12:54:40.783+0000] {filesystem.py:85} INFO - Poking for file /opt/***/data/data.json
[2024-06-25T12:54:50.784+0000] {filesystem.py:85} INFO - Poking for file /opt/***/data/data.json
[2024-06-25T12:55:00.784+0000] {filesystem.py:85} INFO - Poking for file /opt/***/data/data.json
[2024-06-25T12:55:10.785+0000] {filesystem.py:85} INFO - Poking for file /opt/***/data/data.json
[2024-06-25T12:55:20.786+0000] {filesystem.py:85} INFO - Poking for file /opt/***/data/data.json
[2024-06-25T12:55:30.786+0000] {filesystem.py:85} INFO - Poking for file /opt/***/data/data.json
[2024-06-25T12:55:40.787+0000] {filesystem.py:85} INFO - Poking for file /opt/***/data/data.json
[2024-06-25T12:55:50.788+0000] {filesystem.py:85} INFO - Poking for file /opt/***/data/data.json
[2024-06-25T12:56:00.789+0000] {filesystem.py:85} INFO - Poking for file /opt/***/data/data.json
[2024-06-25T12:56:10.789+0000] {filesystem.py:85} INFO - Poking for file /opt/***/data/data.json
[2024-06-25T12:56:20.790+0000] {filesystem.py:85} INFO - Poking for file /opt/***/data/data.json
[2024-06-25T12:56:30.791+0000] {filesystem.py:85} INFO - Poking for file /opt/***/data/data.json
[2024-06-25T12:56:40.791+0000] {filesystem.py:85} INFO - Poking for file /opt/***/data/data.json
[2024-06-25T12:56:50.792+0000] {filesystem.py:85} INFO - Poking for file /opt/***/data/data.json
[2024-06-25T12:57:00.793+0000] {filesystem.py:85} INFO - Poking for file /opt/***/data/data.json
[2024-06-25T12:57:10.794+0000] {filesystem.py:85} INFO - Poking for file /opt/***/data/data.json
[2024-06-25T12:57:20.795+0000] {filesystem.py:85} INFO - Poking for file /opt/***/data/data.json
[2024-06-25T12:57:30.796+0000] {filesystem.py:85} INFO - Poking for file /opt/***/data/data.json
[2024-06-25T12:57:40.797+0000] {filesystem.py:85} INFO - Poking for file /opt/***/data/data.json
[2024-06-25T12:57:50.798+0000] {filesystem.py:85} INFO - Poking for file /opt/***/data/data.json
[2024-06-25T12:58:00.799+0000] {filesystem.py:85} INFO - Poking for file /opt/***/data/data.json
[2024-06-25T12:58:10.799+0000] {filesystem.py:85} INFO - Poking for file /opt/***/data/data.json
[2024-06-25T12:58:20.800+0000] {filesystem.py:85} INFO - Poking for file /opt/***/data/data.json
[2024-06-25T12:58:30.801+0000] {filesystem.py:85} INFO - Poking for file /opt/***/data/data.json
[2024-06-25T12:58:40.802+0000] {filesystem.py:85} INFO - Poking for file /opt/***/data/data.json
[2024-06-25T12:58:50.803+0000] {filesystem.py:85} INFO - Poking for file /opt/***/data/data.json
[2024-06-25T12:59:00.804+0000] {filesystem.py:85} INFO - Poking for file /opt/***/data/data.json
[2024-06-25T12:59:10.804+0000] {filesystem.py:85} INFO - Poking for file /opt/***/data/data.json
[2024-06-25T12:59:20.805+0000] {filesystem.py:85} INFO - Poking for file /opt/***/data/data.json
[2024-06-25T12:59:30.806+0000] {filesystem.py:85} INFO - Poking for file /opt/***/data/data.json
[2024-06-25T12:59:40.807+0000] {filesystem.py:85} INFO - Poking for file /opt/***/data/data.json
[2024-06-25T12:59:50.808+0000] {filesystem.py:85} INFO - Poking for file /opt/***/data/data.json
[2024-06-25T13:00:00.808+0000] {filesystem.py:85} INFO - Poking for file /opt/***/data/data.json
[2024-06-25T13:00:10.809+0000] {filesystem.py:85} INFO - Poking for file /opt/***/data/data.json
[2024-06-25T13:00:20.810+0000] {filesystem.py:85} INFO - Poking for file /opt/***/data/data.json
[2024-06-25T13:00:30.810+0000] {filesystem.py:85} INFO - Poking for file /opt/***/data/data.json
[2024-06-25T13:00:40.811+0000] {filesystem.py:85} INFO - Poking for file /opt/***/data/data.json
[2024-06-25T13:00:50.812+0000] {filesystem.py:85} INFO - Poking for file /opt/***/data/data.json
[2024-06-25T13:01:00.814+0000] {filesystem.py:85} INFO - Poking for file /opt/***/data/data.json
[2024-06-25T13:01:10.815+0000] {filesystem.py:85} INFO - Poking for file /opt/***/data/data.json
[2024-06-25T13:01:20.816+0000] {filesystem.py:85} INFO - Poking for file /opt/***/data/data.json
[2024-06-25T13:01:30.817+0000] {filesystem.py:85} INFO - Poking for file /opt/***/data/data.json
[2024-06-25T13:01:40.818+0000] {filesystem.py:85} INFO - Poking for file /opt/***/data/data.json
[2024-06-25T13:01:50.819+0000] {filesystem.py:85} INFO - Poking for file /opt/***/data/data.json
[2024-06-25T13:02:00.820+0000] {filesystem.py:85} INFO - Poking for file /opt/***/data/data.json
[2024-06-25T13:02:10.821+0000] {filesystem.py:85} INFO - Poking for file /opt/***/data/data.json
[2024-06-25T13:02:20.821+0000] {filesystem.py:85} INFO - Poking for file /opt/***/data/data.json
[2024-06-25T13:02:30.822+0000] {filesystem.py:85} INFO - Poking for file /opt/***/data/data.json
[2024-06-25T13:02:40.823+0000] {filesystem.py:85} INFO - Poking for file /opt/***/data/data.json
[2024-06-25T13:02:50.824+0000] {filesystem.py:85} INFO - Poking for file /opt/***/data/data.json
[2024-06-25T13:03:00.825+0000] {filesystem.py:85} INFO - Poking for file /opt/***/data/data.json
[2024-06-25T13:03:10.826+0000] {filesystem.py:85} INFO - Poking for file /opt/***/data/data.json
[2024-06-25T13:03:20.827+0000] {filesystem.py:85} INFO - Poking for file /opt/***/data/data.json
[2024-06-25T13:03:30.828+0000] {filesystem.py:85} INFO - Poking for file /opt/***/data/data.json
[2024-06-25T13:03:40.829+0000] {filesystem.py:85} INFO - Poking for file /opt/***/data/data.json
[2024-06-25T13:03:50.829+0000] {filesystem.py:85} INFO - Poking for file /opt/***/data/data.json
[2024-06-25T13:04:00.830+0000] {filesystem.py:85} INFO - Poking for file /opt/***/data/data.json
[2024-06-25T13:04:10.832+0000] {filesystem.py:85} INFO - Poking for file /opt/***/data/data.json
[2024-06-25T13:04:20.833+0000] {filesystem.py:85} INFO - Poking for file /opt/***/data/data.json
[2024-06-25T13:04:30.834+0000] {filesystem.py:85} INFO - Poking for file /opt/***/data/data.json
[2024-06-25T13:04:40.835+0000] {filesystem.py:85} INFO - Poking for file /opt/***/data/data.json
[2024-06-25T13:04:50.836+0000] {filesystem.py:85} INFO - Poking for file /opt/***/data/data.json
[2024-06-25T13:05:00.837+0000] {filesystem.py:85} INFO - Poking for file /opt/***/data/data.json
[2024-06-25T13:05:10.838+0000] {filesystem.py:85} INFO - Poking for file /opt/***/data/data.json
[2024-06-25T13:05:20.839+0000] {filesystem.py:85} INFO - Poking for file /opt/***/data/data.json
[2024-06-25T13:05:30.840+0000] {filesystem.py:85} INFO - Poking for file /opt/***/data/data.json
[2024-06-25T13:05:40.840+0000] {filesystem.py:85} INFO - Poking for file /opt/***/data/data.json
[2024-06-25T13:05:50.841+0000] {filesystem.py:85} INFO - Poking for file /opt/***/data/data.json
[2024-06-25T13:06:00.841+0000] {filesystem.py:85} INFO - Poking for file /opt/***/data/data.json
[2024-06-25T13:06:10.842+0000] {filesystem.py:85} INFO - Poking for file /opt/***/data/data.json
[2024-06-25T13:06:20.843+0000] {filesystem.py:85} INFO - Poking for file /opt/***/data/data.json
[2024-06-25T13:06:30.844+0000] {filesystem.py:85} INFO - Poking for file /opt/***/data/data.json
[2024-06-25T13:06:40.845+0000] {filesystem.py:85} INFO - Poking for file /opt/***/data/data.json
[2024-06-25T13:06:50.845+0000] {filesystem.py:85} INFO - Poking for file /opt/***/data/data.json
[2024-06-25T13:07:00.847+0000] {filesystem.py:85} INFO - Poking for file /opt/***/data/data.json
[2024-06-25T13:07:10.847+0000] {filesystem.py:85} INFO - Poking for file /opt/***/data/data.json
[2024-06-25T13:07:20.848+0000] {filesystem.py:85} INFO - Poking for file /opt/***/data/data.json
[2024-06-25T13:07:30.849+0000] {filesystem.py:85} INFO - Poking for file /opt/***/data/data.json
[2024-06-25T13:07:40.850+0000] {filesystem.py:85} INFO - Poking for file /opt/***/data/data.json
[2024-06-25T13:07:50.850+0000] {filesystem.py:85} INFO - Poking for file /opt/***/data/data.json
[2024-06-25T13:08:00.851+0000] {filesystem.py:85} INFO - Poking for file /opt/***/data/data.json
[2024-06-25T13:08:10.852+0000] {filesystem.py:85} INFO - Poking for file /opt/***/data/data.json
[2024-06-25T13:08:20.853+0000] {filesystem.py:85} INFO - Poking for file /opt/***/data/data.json
[2024-06-25T13:08:30.854+0000] {filesystem.py:85} INFO - Poking for file /opt/***/data/data.json
[2024-06-25T13:08:40.855+0000] {filesystem.py:85} INFO - Poking for file /opt/***/data/data.json
[2024-06-25T13:08:50.855+0000] {filesystem.py:85} INFO - Poking for file /opt/***/data/data.json
[2024-06-25T13:09:00.856+0000] {filesystem.py:85} INFO - Poking for file /opt/***/data/data.json
[2024-06-25T13:09:10.856+0000] {filesystem.py:85} INFO - Poking for file /opt/***/data/data.json
[2024-06-25T13:09:20.857+0000] {filesystem.py:85} INFO - Poking for file /opt/***/data/data.json
[2024-06-25T13:09:30.858+0000] {filesystem.py:85} INFO - Poking for file /opt/***/data/data.json
[2024-06-25T13:09:40.858+0000] {filesystem.py:85} INFO - Poking for file /opt/***/data/data.json
[2024-06-25T13:09:50.859+0000] {filesystem.py:85} INFO - Poking for file /opt/***/data/data.json
[2024-06-25T13:10:00.860+0000] {filesystem.py:85} INFO - Poking for file /opt/***/data/data.json
[2024-06-25T13:10:10.861+0000] {filesystem.py:85} INFO - Poking for file /opt/***/data/data.json
[2024-06-25T13:10:20.861+0000] {filesystem.py:85} INFO - Poking for file /opt/***/data/data.json
[2024-06-25T13:10:30.862+0000] {filesystem.py:85} INFO - Poking for file /opt/***/data/data.json
[2024-06-25T13:10:40.863+0000] {filesystem.py:85} INFO - Poking for file /opt/***/data/data.json
[2024-06-25T13:10:50.864+0000] {filesystem.py:85} INFO - Poking for file /opt/***/data/data.json
[2024-06-25T13:11:00.864+0000] {filesystem.py:85} INFO - Poking for file /opt/***/data/data.json
[2024-06-25T13:11:10.865+0000] {filesystem.py:85} INFO - Poking for file /opt/***/data/data.json
[2024-06-25T13:11:20.866+0000] {filesystem.py:85} INFO - Poking for file /opt/***/data/data.json
[2024-06-25T13:11:30.867+0000] {filesystem.py:85} INFO - Poking for file /opt/***/data/data.json
[2024-06-25T13:11:40.867+0000] {filesystem.py:85} INFO - Poking for file /opt/***/data/data.json
[2024-06-25T13:11:50.868+0000] {filesystem.py:85} INFO - Poking for file /opt/***/data/data.json
[2024-06-25T13:12:00.869+0000] {filesystem.py:85} INFO - Poking for file /opt/***/data/data.json
[2024-06-25T13:12:10.870+0000] {filesystem.py:85} INFO - Poking for file /opt/***/data/data.json
[2024-06-25T13:12:20.871+0000] {filesystem.py:85} INFO - Poking for file /opt/***/data/data.json
[2024-06-25T13:12:30.872+0000] {filesystem.py:85} INFO - Poking for file /opt/***/data/data.json
[2024-06-25T13:12:40.873+0000] {filesystem.py:85} INFO - Poking for file /opt/***/data/data.json
[2024-06-25T13:12:50.873+0000] {filesystem.py:85} INFO - Poking for file /opt/***/data/data.json
[2024-06-25T13:13:00.874+0000] {filesystem.py:85} INFO - Poking for file /opt/***/data/data.json
[2024-06-25T13:13:10.875+0000] {filesystem.py:85} INFO - Poking for file /opt/***/data/data.json
[2024-06-25T13:13:20.875+0000] {filesystem.py:85} INFO - Poking for file /opt/***/data/data.json
[2024-06-25T13:13:30.876+0000] {filesystem.py:85} INFO - Poking for file /opt/***/data/data.json
[2024-06-25T13:13:40.877+0000] {filesystem.py:85} INFO - Poking for file /opt/***/data/data.json
[2024-06-25T13:13:50.878+0000] {filesystem.py:85} INFO - Poking for file /opt/***/data/data.json
[2024-06-25T13:14:00.878+0000] {filesystem.py:85} INFO - Poking for file /opt/***/data/data.json
[2024-06-25T13:14:10.879+0000] {filesystem.py:85} INFO - Poking for file /opt/***/data/data.json
[2024-06-25T13:14:20.880+0000] {filesystem.py:85} INFO - Poking for file /opt/***/data/data.json
[2024-06-25T13:14:30.880+0000] {filesystem.py:85} INFO - Poking for file /opt/***/data/data.json
[2024-06-25T13:14:40.881+0000] {filesystem.py:85} INFO - Poking for file /opt/***/data/data.json
[2024-06-25T13:14:50.882+0000] {filesystem.py:85} INFO - Poking for file /opt/***/data/data.json
[2024-06-25T13:15:00.883+0000] {filesystem.py:85} INFO - Poking for file /opt/***/data/data.json
[2024-06-25T13:15:10.884+0000] {filesystem.py:85} INFO - Poking for file /opt/***/data/data.json
[2024-06-25T13:15:20.885+0000] {filesystem.py:85} INFO - Poking for file /opt/***/data/data.json
[2024-06-25T13:15:30.885+0000] {filesystem.py:85} INFO - Poking for file /opt/***/data/data.json
[2024-06-25T13:15:40.886+0000] {filesystem.py:85} INFO - Poking for file /opt/***/data/data.json
[2024-06-25T13:15:50.887+0000] {filesystem.py:85} INFO - Poking for file /opt/***/data/data.json
[2024-06-25T13:16:00.887+0000] {filesystem.py:85} INFO - Poking for file /opt/***/data/data.json
[2024-06-25T13:16:10.888+0000] {filesystem.py:85} INFO - Poking for file /opt/***/data/data.json
[2024-06-25T13:16:20.888+0000] {filesystem.py:85} INFO - Poking for file /opt/***/data/data.json
[2024-06-25T13:16:30.889+0000] {filesystem.py:85} INFO - Poking for file /opt/***/data/data.json
[2024-06-25T13:16:40.890+0000] {filesystem.py:85} INFO - Poking for file /opt/***/data/data.json
[2024-06-25T13:16:50.891+0000] {filesystem.py:85} INFO - Poking for file /opt/***/data/data.json
[2024-06-25T13:17:00.891+0000] {filesystem.py:85} INFO - Poking for file /opt/***/data/data.json
[2024-06-25T13:17:10.891+0000] {filesystem.py:85} INFO - Poking for file /opt/***/data/data.json
[2024-06-25T13:17:20.893+0000] {filesystem.py:85} INFO - Poking for file /opt/***/data/data.json
[2024-06-25T13:17:30.894+0000] {filesystem.py:85} INFO - Poking for file /opt/***/data/data.json
[2024-06-25T13:17:40.894+0000] {filesystem.py:85} INFO - Poking for file /opt/***/data/data.json
[2024-06-25T13:17:50.895+0000] {filesystem.py:85} INFO - Poking for file /opt/***/data/data.json
[2024-06-25T13:18:00.895+0000] {filesystem.py:85} INFO - Poking for file /opt/***/data/data.json
[2024-06-25T13:18:10.896+0000] {filesystem.py:85} INFO - Poking for file /opt/***/data/data.json
[2024-06-25T13:18:20.897+0000] {filesystem.py:85} INFO - Poking for file /opt/***/data/data.json
[2024-06-25T13:18:30.897+0000] {filesystem.py:85} INFO - Poking for file /opt/***/data/data.json
[2024-06-25T13:18:40.898+0000] {filesystem.py:85} INFO - Poking for file /opt/***/data/data.json
[2024-06-25T13:18:50.899+0000] {filesystem.py:85} INFO - Poking for file /opt/***/data/data.json
[2024-06-25T13:19:00.899+0000] {filesystem.py:85} INFO - Poking for file /opt/***/data/data.json
[2024-06-25T13:19:10.900+0000] {filesystem.py:85} INFO - Poking for file /opt/***/data/data.json
[2024-06-25T13:19:20.902+0000] {filesystem.py:85} INFO - Poking for file /opt/***/data/data.json
[2024-06-25T13:19:30.903+0000] {filesystem.py:85} INFO - Poking for file /opt/***/data/data.json
[2024-06-25T13:19:40.904+0000] {filesystem.py:85} INFO - Poking for file /opt/***/data/data.json
[2024-06-25T13:19:50.905+0000] {filesystem.py:85} INFO - Poking for file /opt/***/data/data.json
[2024-06-25T13:20:00.905+0000] {filesystem.py:85} INFO - Poking for file /opt/***/data/data.json
[2024-06-25T13:20:10.906+0000] {filesystem.py:85} INFO - Poking for file /opt/***/data/data.json
[2024-06-25T13:20:20.906+0000] {filesystem.py:85} INFO - Poking for file /opt/***/data/data.json
[2024-06-25T13:20:30.907+0000] {filesystem.py:85} INFO - Poking for file /opt/***/data/data.json
[2024-06-25T13:20:40.908+0000] {filesystem.py:85} INFO - Poking for file /opt/***/data/data.json
[2024-06-25T13:20:50.909+0000] {filesystem.py:85} INFO - Poking for file /opt/***/data/data.json
[2024-06-25T13:21:00.910+0000] {filesystem.py:85} INFO - Poking for file /opt/***/data/data.json
[2024-06-25T13:21:10.911+0000] {filesystem.py:85} INFO - Poking for file /opt/***/data/data.json
[2024-06-25T13:21:20.912+0000] {filesystem.py:85} INFO - Poking for file /opt/***/data/data.json
[2024-06-25T13:21:30.913+0000] {filesystem.py:85} INFO - Poking for file /opt/***/data/data.json
[2024-06-25T13:21:40.913+0000] {filesystem.py:85} INFO - Poking for file /opt/***/data/data.json
[2024-06-25T13:21:50.914+0000] {filesystem.py:85} INFO - Poking for file /opt/***/data/data.json
[2024-06-25T13:22:00.914+0000] {filesystem.py:85} INFO - Poking for file /opt/***/data/data.json
[2024-06-25T13:22:10.915+0000] {filesystem.py:85} INFO - Poking for file /opt/***/data/data.json
[2024-06-25T13:22:20.915+0000] {filesystem.py:85} INFO - Poking for file /opt/***/data/data.json
[2024-06-25T13:22:30.916+0000] {filesystem.py:85} INFO - Poking for file /opt/***/data/data.json
[2024-06-25T13:22:40.918+0000] {filesystem.py:85} INFO - Poking for file /opt/***/data/data.json
[2024-06-25T13:22:50.919+0000] {filesystem.py:85} INFO - Poking for file /opt/***/data/data.json
[2024-06-25T13:23:00.920+0000] {filesystem.py:85} INFO - Poking for file /opt/***/data/data.json
[2024-06-25T13:23:10.921+0000] {filesystem.py:85} INFO - Poking for file /opt/***/data/data.json
[2024-06-25T13:23:20.922+0000] {filesystem.py:85} INFO - Poking for file /opt/***/data/data.json
[2024-06-25T13:23:30.923+0000] {filesystem.py:85} INFO - Poking for file /opt/***/data/data.json
[2024-06-25T13:23:40.923+0000] {filesystem.py:85} INFO - Poking for file /opt/***/data/data.json
[2024-06-25T13:23:50.924+0000] {filesystem.py:85} INFO - Poking for file /opt/***/data/data.json
[2024-06-25T13:24:00.924+0000] {filesystem.py:85} INFO - Poking for file /opt/***/data/data.json
[2024-06-25T13:24:10.925+0000] {filesystem.py:85} INFO - Poking for file /opt/***/data/data.json
[2024-06-25T13:24:20.926+0000] {filesystem.py:85} INFO - Poking for file /opt/***/data/data.json
[2024-06-25T13:24:30.927+0000] {filesystem.py:85} INFO - Poking for file /opt/***/data/data.json
[2024-06-25T13:24:40.928+0000] {filesystem.py:85} INFO - Poking for file /opt/***/data/data.json
[2024-06-25T13:24:50.929+0000] {filesystem.py:85} INFO - Poking for file /opt/***/data/data.json
[2024-06-25T13:25:00.930+0000] {filesystem.py:85} INFO - Poking for file /opt/***/data/data.json
[2024-06-25T13:25:10.931+0000] {filesystem.py:85} INFO - Poking for file /opt/***/data/data.json
[2024-06-25T13:25:20.932+0000] {filesystem.py:85} INFO - Poking for file /opt/***/data/data.json
[2024-06-25T13:25:30.932+0000] {filesystem.py:85} INFO - Poking for file /opt/***/data/data.json
[2024-06-25T13:25:40.933+0000] {filesystem.py:85} INFO - Poking for file /opt/***/data/data.json
[2024-06-25T13:25:50.934+0000] {filesystem.py:85} INFO - Poking for file /opt/***/data/data.json
[2024-06-25T13:26:00.934+0000] {filesystem.py:85} INFO - Poking for file /opt/***/data/data.json
[2024-06-25T13:26:10.935+0000] {filesystem.py:85} INFO - Poking for file /opt/***/data/data.json
[2024-06-25T13:26:20.936+0000] {filesystem.py:85} INFO - Poking for file /opt/***/data/data.json
[2024-06-25T13:26:30.937+0000] {filesystem.py:85} INFO - Poking for file /opt/***/data/data.json
[2024-06-25T13:26:40.938+0000] {filesystem.py:85} INFO - Poking for file /opt/***/data/data.json
[2024-06-25T13:26:50.939+0000] {filesystem.py:85} INFO - Poking for file /opt/***/data/data.json
[2024-06-25T13:27:00.940+0000] {filesystem.py:85} INFO - Poking for file /opt/***/data/data.json
[2024-06-25T13:27:10.940+0000] {filesystem.py:85} INFO - Poking for file /opt/***/data/data.json
[2024-06-25T13:27:20.941+0000] {filesystem.py:85} INFO - Poking for file /opt/***/data/data.json
[2024-06-25T13:27:30.942+0000] {filesystem.py:85} INFO - Poking for file /opt/***/data/data.json
[2024-06-25T13:27:40.943+0000] {filesystem.py:85} INFO - Poking for file /opt/***/data/data.json
[2024-06-25T13:27:50.944+0000] {filesystem.py:85} INFO - Poking for file /opt/***/data/data.json
[2024-06-25T13:28:00.946+0000] {filesystem.py:85} INFO - Poking for file /opt/***/data/data.json
[2024-06-25T13:28:10.947+0000] {filesystem.py:85} INFO - Poking for file /opt/***/data/data.json
[2024-06-25T13:28:20.947+0000] {filesystem.py:85} INFO - Poking for file /opt/***/data/data.json
[2024-06-25T13:28:30.948+0000] {filesystem.py:85} INFO - Poking for file /opt/***/data/data.json
[2024-06-25T13:28:40.949+0000] {filesystem.py:85} INFO - Poking for file /opt/***/data/data.json
[2024-06-25T13:28:50.949+0000] {filesystem.py:85} INFO - Poking for file /opt/***/data/data.json
[2024-06-25T13:29:00.950+0000] {filesystem.py:85} INFO - Poking for file /opt/***/data/data.json
[2024-06-25T13:29:10.951+0000] {filesystem.py:85} INFO - Poking for file /opt/***/data/data.json
[2024-06-25T13:29:20.952+0000] {filesystem.py:85} INFO - Poking for file /opt/***/data/data.json
[2024-06-25T13:29:30.952+0000] {filesystem.py:85} INFO - Poking for file /opt/***/data/data.json
[2024-06-25T13:29:40.953+0000] {filesystem.py:85} INFO - Poking for file /opt/***/data/data.json
[2024-06-25T13:29:50.954+0000] {filesystem.py:85} INFO - Poking for file /opt/***/data/data.json
[2024-06-25T13:30:00.955+0000] {filesystem.py:85} INFO - Poking for file /opt/***/data/data.json
[2024-06-25T13:30:10.955+0000] {filesystem.py:85} INFO - Poking for file /opt/***/data/data.json
[2024-06-25T13:30:20.956+0000] {filesystem.py:85} INFO - Poking for file /opt/***/data/data.json
[2024-06-25T13:30:30.957+0000] {filesystem.py:85} INFO - Poking for file /opt/***/data/data.json
[2024-06-25T13:30:40.958+0000] {filesystem.py:85} INFO - Poking for file /opt/***/data/data.json
[2024-06-25T13:30:50.958+0000] {filesystem.py:85} INFO - Poking for file /opt/***/data/data.json
[2024-06-25T13:31:00.959+0000] {filesystem.py:85} INFO - Poking for file /opt/***/data/data.json
[2024-06-25T13:31:10.960+0000] {filesystem.py:85} INFO - Poking for file /opt/***/data/data.json
[2024-06-25T13:31:20.961+0000] {filesystem.py:85} INFO - Poking for file /opt/***/data/data.json
[2024-06-25T13:31:30.961+0000] {filesystem.py:85} INFO - Poking for file /opt/***/data/data.json
[2024-06-25T13:31:40.962+0000] {filesystem.py:85} INFO - Poking for file /opt/***/data/data.json
[2024-06-25T13:31:50.963+0000] {filesystem.py:85} INFO - Poking for file /opt/***/data/data.json
[2024-06-25T13:32:00.964+0000] {filesystem.py:85} INFO - Poking for file /opt/***/data/data.json
[2024-06-25T13:32:10.965+0000] {filesystem.py:85} INFO - Poking for file /opt/***/data/data.json
[2024-06-25T13:32:20.966+0000] {filesystem.py:85} INFO - Poking for file /opt/***/data/data.json
[2024-06-25T13:32:30.967+0000] {filesystem.py:85} INFO - Poking for file /opt/***/data/data.json
[2024-06-25T13:32:40.967+0000] {filesystem.py:85} INFO - Poking for file /opt/***/data/data.json
[2024-06-25T13:32:50.967+0000] {filesystem.py:85} INFO - Poking for file /opt/***/data/data.json
[2024-06-25T13:33:00.968+0000] {filesystem.py:85} INFO - Poking for file /opt/***/data/data.json
[2024-06-25T13:33:10.969+0000] {filesystem.py:85} INFO - Poking for file /opt/***/data/data.json
[2024-06-25T13:33:20.970+0000] {filesystem.py:85} INFO - Poking for file /opt/***/data/data.json
[2024-06-25T13:33:30.971+0000] {filesystem.py:85} INFO - Poking for file /opt/***/data/data.json
[2024-06-25T13:33:40.972+0000] {filesystem.py:85} INFO - Poking for file /opt/***/data/data.json
[2024-06-25T13:33:50.972+0000] {filesystem.py:85} INFO - Poking for file /opt/***/data/data.json
[2024-06-25T13:34:00.972+0000] {filesystem.py:85} INFO - Poking for file /opt/***/data/data.json
[2024-06-25T13:34:10.973+0000] {filesystem.py:85} INFO - Poking for file /opt/***/data/data.json
[2024-06-25T13:34:20.974+0000] {filesystem.py:85} INFO - Poking for file /opt/***/data/data.json
[2024-06-25T13:34:30.975+0000] {filesystem.py:85} INFO - Poking for file /opt/***/data/data.json
[2024-06-25T13:34:40.977+0000] {filesystem.py:85} INFO - Poking for file /opt/***/data/data.json
[2024-06-25T13:34:50.977+0000] {filesystem.py:85} INFO - Poking for file /opt/***/data/data.json
[2024-06-25T13:35:00.978+0000] {filesystem.py:85} INFO - Poking for file /opt/***/data/data.json
[2024-06-25T13:35:10.978+0000] {filesystem.py:85} INFO - Poking for file /opt/***/data/data.json
[2024-06-25T13:35:20.979+0000] {filesystem.py:85} INFO - Poking for file /opt/***/data/data.json
[2024-06-25T13:35:30.979+0000] {filesystem.py:85} INFO - Poking for file /opt/***/data/data.json
[2024-06-25T13:35:40.980+0000] {filesystem.py:85} INFO - Poking for file /opt/***/data/data.json
[2024-06-25T13:35:50.981+0000] {filesystem.py:85} INFO - Poking for file /opt/***/data/data.json
[2024-06-25T13:36:00.981+0000] {filesystem.py:85} INFO - Poking for file /opt/***/data/data.json
[2024-06-25T13:36:10.982+0000] {filesystem.py:85} INFO - Poking for file /opt/***/data/data.json
[2024-06-25T13:36:20.983+0000] {filesystem.py:85} INFO - Poking for file /opt/***/data/data.json
[2024-06-25T13:36:30.983+0000] {filesystem.py:85} INFO - Poking for file /opt/***/data/data.json
[2024-06-25T13:36:40.984+0000] {filesystem.py:85} INFO - Poking for file /opt/***/data/data.json
[2024-06-25T13:36:50.985+0000] {filesystem.py:85} INFO - Poking for file /opt/***/data/data.json
[2024-06-25T13:37:00.985+0000] {filesystem.py:85} INFO - Poking for file /opt/***/data/data.json
[2024-06-25T13:37:10.985+0000] {filesystem.py:85} INFO - Poking for file /opt/***/data/data.json
[2024-06-25T13:37:20.986+0000] {filesystem.py:85} INFO - Poking for file /opt/***/data/data.json
[2024-06-25T13:37:30.987+0000] {filesystem.py:85} INFO - Poking for file /opt/***/data/data.json
[2024-06-25T13:37:40.987+0000] {filesystem.py:85} INFO - Poking for file /opt/***/data/data.json
[2024-06-25T13:37:50.988+0000] {filesystem.py:85} INFO - Poking for file /opt/***/data/data.json
[2024-06-25T13:38:00.989+0000] {filesystem.py:85} INFO - Poking for file /opt/***/data/data.json
[2024-06-25T13:38:10.989+0000] {filesystem.py:85} INFO - Poking for file /opt/***/data/data.json
[2024-06-25T13:38:20.990+0000] {filesystem.py:85} INFO - Poking for file /opt/***/data/data.json
[2024-06-25T13:38:30.992+0000] {filesystem.py:85} INFO - Poking for file /opt/***/data/data.json
[2024-06-25T13:38:40.992+0000] {filesystem.py:85} INFO - Poking for file /opt/***/data/data.json
[2024-06-25T13:38:50.993+0000] {filesystem.py:85} INFO - Poking for file /opt/***/data/data.json
[2024-06-25T13:39:00.994+0000] {filesystem.py:85} INFO - Poking for file /opt/***/data/data.json
[2024-06-25T13:39:10.995+0000] {filesystem.py:85} INFO - Poking for file /opt/***/data/data.json
[2024-06-25T13:39:20.996+0000] {filesystem.py:85} INFO - Poking for file /opt/***/data/data.json
[2024-06-25T13:39:30.997+0000] {filesystem.py:85} INFO - Poking for file /opt/***/data/data.json
[2024-06-25T13:39:40.997+0000] {filesystem.py:85} INFO - Poking for file /opt/***/data/data.json
[2024-06-25T13:39:50.998+0000] {filesystem.py:85} INFO - Poking for file /opt/***/data/data.json
[2024-06-25T13:40:00.999+0000] {filesystem.py:85} INFO - Poking for file /opt/***/data/data.json
[2024-06-25T13:40:11.000+0000] {filesystem.py:85} INFO - Poking for file /opt/***/data/data.json
[2024-06-25T13:40:21.001+0000] {filesystem.py:85} INFO - Poking for file /opt/***/data/data.json
[2024-06-25T13:40:31.002+0000] {filesystem.py:85} INFO - Poking for file /opt/***/data/data.json
[2024-06-25T13:40:41.003+0000] {filesystem.py:85} INFO - Poking for file /opt/***/data/data.json
[2024-06-25T13:40:51.004+0000] {filesystem.py:85} INFO - Poking for file /opt/***/data/data.json
[2024-06-25T13:41:01.004+0000] {filesystem.py:85} INFO - Poking for file /opt/***/data/data.json
[2024-06-25T13:41:11.005+0000] {filesystem.py:85} INFO - Poking for file /opt/***/data/data.json
[2024-06-25T13:41:21.005+0000] {filesystem.py:85} INFO - Poking for file /opt/***/data/data.json
[2024-06-25T13:41:31.006+0000] {filesystem.py:85} INFO - Poking for file /opt/***/data/data.json
[2024-06-25T13:41:41.007+0000] {filesystem.py:85} INFO - Poking for file /opt/***/data/data.json
[2024-06-25T13:41:51.007+0000] {filesystem.py:85} INFO - Poking for file /opt/***/data/data.json
[2024-06-25T13:42:01.008+0000] {filesystem.py:85} INFO - Poking for file /opt/***/data/data.json
[2024-06-25T13:42:11.009+0000] {filesystem.py:85} INFO - Poking for file /opt/***/data/data.json
[2024-06-25T13:42:21.010+0000] {filesystem.py:85} INFO - Poking for file /opt/***/data/data.json
[2024-06-25T13:42:31.011+0000] {filesystem.py:85} INFO - Poking for file /opt/***/data/data.json
[2024-06-25T13:42:41.012+0000] {filesystem.py:85} INFO - Poking for file /opt/***/data/data.json
[2024-06-25T13:42:51.013+0000] {filesystem.py:85} INFO - Poking for file /opt/***/data/data.json
[2024-06-25T13:43:01.014+0000] {filesystem.py:85} INFO - Poking for file /opt/***/data/data.json
[2024-06-25T13:43:11.015+0000] {filesystem.py:85} INFO - Poking for file /opt/***/data/data.json
[2024-06-25T13:43:21.016+0000] {filesystem.py:85} INFO - Poking for file /opt/***/data/data.json
[2024-06-25T13:43:31.017+0000] {filesystem.py:85} INFO - Poking for file /opt/***/data/data.json
[2024-06-25T13:43:41.017+0000] {filesystem.py:85} INFO - Poking for file /opt/***/data/data.json
[2024-06-25T13:43:51.018+0000] {filesystem.py:85} INFO - Poking for file /opt/***/data/data.json
[2024-06-25T13:44:01.019+0000] {filesystem.py:85} INFO - Poking for file /opt/***/data/data.json
[2024-06-25T13:44:11.020+0000] {filesystem.py:85} INFO - Poking for file /opt/***/data/data.json
[2024-06-25T13:44:21.020+0000] {filesystem.py:85} INFO - Poking for file /opt/***/data/data.json
[2024-06-25T13:44:31.021+0000] {filesystem.py:85} INFO - Poking for file /opt/***/data/data.json
[2024-06-25T13:44:41.022+0000] {filesystem.py:85} INFO - Poking for file /opt/***/data/data.json
[2024-06-25T13:44:51.023+0000] {filesystem.py:85} INFO - Poking for file /opt/***/data/data.json
[2024-06-25T13:45:01.024+0000] {filesystem.py:85} INFO - Poking for file /opt/***/data/data.json
[2024-06-25T13:45:11.024+0000] {filesystem.py:85} INFO - Poking for file /opt/***/data/data.json
[2024-06-25T13:45:21.025+0000] {filesystem.py:85} INFO - Poking for file /opt/***/data/data.json
[2024-06-25T13:45:31.025+0000] {filesystem.py:85} INFO - Poking for file /opt/***/data/data.json
[2024-06-25T13:45:41.026+0000] {filesystem.py:85} INFO - Poking for file /opt/***/data/data.json
[2024-06-25T13:45:51.027+0000] {filesystem.py:85} INFO - Poking for file /opt/***/data/data.json
[2024-06-25T13:46:01.028+0000] {filesystem.py:85} INFO - Poking for file /opt/***/data/data.json
[2024-06-25T13:46:11.028+0000] {filesystem.py:85} INFO - Poking for file /opt/***/data/data.json
[2024-06-25T13:46:21.029+0000] {filesystem.py:85} INFO - Poking for file /opt/***/data/data.json
[2024-06-25T13:46:31.030+0000] {filesystem.py:85} INFO - Poking for file /opt/***/data/data.json
[2024-06-25T13:46:41.031+0000] {filesystem.py:85} INFO - Poking for file /opt/***/data/data.json
[2024-06-25T13:46:51.032+0000] {filesystem.py:85} INFO - Poking for file /opt/***/data/data.json
[2024-06-25T13:47:01.033+0000] {filesystem.py:85} INFO - Poking for file /opt/***/data/data.json
[2024-06-25T13:47:11.033+0000] {filesystem.py:85} INFO - Poking for file /opt/***/data/data.json
[2024-06-25T13:47:21.034+0000] {filesystem.py:85} INFO - Poking for file /opt/***/data/data.json
[2024-06-25T13:47:31.035+0000] {filesystem.py:85} INFO - Poking for file /opt/***/data/data.json
[2024-06-25T13:47:41.035+0000] {filesystem.py:85} INFO - Poking for file /opt/***/data/data.json
[2024-06-25T13:47:51.036+0000] {filesystem.py:85} INFO - Poking for file /opt/***/data/data.json
[2024-06-25T13:48:01.036+0000] {filesystem.py:85} INFO - Poking for file /opt/***/data/data.json
[2024-06-25T13:48:11.037+0000] {filesystem.py:85} INFO - Poking for file /opt/***/data/data.json
[2024-06-25T13:48:21.037+0000] {filesystem.py:85} INFO - Poking for file /opt/***/data/data.json
[2024-06-25T13:48:31.038+0000] {filesystem.py:85} INFO - Poking for file /opt/***/data/data.json
[2024-06-25T13:48:41.040+0000] {filesystem.py:85} INFO - Poking for file /opt/***/data/data.json
[2024-06-25T13:48:51.041+0000] {filesystem.py:85} INFO - Poking for file /opt/***/data/data.json
[2024-06-25T13:49:01.042+0000] {filesystem.py:85} INFO - Poking for file /opt/***/data/data.json
[2024-06-25T13:49:11.043+0000] {filesystem.py:85} INFO - Poking for file /opt/***/data/data.json
[2024-06-25T13:49:21.043+0000] {filesystem.py:85} INFO - Poking for file /opt/***/data/data.json
[2024-06-25T13:49:31.043+0000] {filesystem.py:85} INFO - Poking for file /opt/***/data/data.json
[2024-06-25T13:49:41.044+0000] {filesystem.py:85} INFO - Poking for file /opt/***/data/data.json
[2024-06-25T13:49:51.045+0000] {filesystem.py:85} INFO - Poking for file /opt/***/data/data.json
[2024-06-25T13:50:01.046+0000] {filesystem.py:85} INFO - Poking for file /opt/***/data/data.json
[2024-06-25T13:50:11.047+0000] {filesystem.py:85} INFO - Poking for file /opt/***/data/data.json
[2024-06-25T13:50:21.047+0000] {filesystem.py:85} INFO - Poking for file /opt/***/data/data.json
[2024-06-25T13:50:31.048+0000] {filesystem.py:85} INFO - Poking for file /opt/***/data/data.json
[2024-06-25T13:50:41.048+0000] {filesystem.py:85} INFO - Poking for file /opt/***/data/data.json
[2024-06-25T13:50:51.049+0000] {filesystem.py:85} INFO - Poking for file /opt/***/data/data.json
[2024-06-25T13:51:01.050+0000] {filesystem.py:85} INFO - Poking for file /opt/***/data/data.json
[2024-06-25T13:51:11.050+0000] {filesystem.py:85} INFO - Poking for file /opt/***/data/data.json
[2024-06-25T13:51:21.051+0000] {filesystem.py:85} INFO - Poking for file /opt/***/data/data.json
[2024-06-25T13:51:31.052+0000] {filesystem.py:85} INFO - Poking for file /opt/***/data/data.json
[2024-06-25T13:51:41.052+0000] {filesystem.py:85} INFO - Poking for file /opt/***/data/data.json
[2024-06-25T13:51:51.054+0000] {filesystem.py:85} INFO - Poking for file /opt/***/data/data.json
[2024-06-25T13:52:01.055+0000] {filesystem.py:85} INFO - Poking for file /opt/***/data/data.json
[2024-06-25T13:52:11.056+0000] {filesystem.py:85} INFO - Poking for file /opt/***/data/data.json
[2024-06-25T13:52:21.057+0000] {filesystem.py:85} INFO - Poking for file /opt/***/data/data.json
[2024-06-25T13:52:31.058+0000] {filesystem.py:85} INFO - Poking for file /opt/***/data/data.json
[2024-06-25T13:52:41.058+0000] {filesystem.py:85} INFO - Poking for file /opt/***/data/data.json
[2024-06-25T13:52:51.059+0000] {filesystem.py:85} INFO - Poking for file /opt/***/data/data.json
[2024-06-25T13:53:01.060+0000] {filesystem.py:85} INFO - Poking for file /opt/***/data/data.json
[2024-06-25T13:53:11.062+0000] {filesystem.py:85} INFO - Poking for file /opt/***/data/data.json
[2024-06-25T13:53:21.063+0000] {filesystem.py:85} INFO - Poking for file /opt/***/data/data.json
[2024-06-25T13:53:31.064+0000] {filesystem.py:85} INFO - Poking for file /opt/***/data/data.json
[2024-06-25T13:53:41.064+0000] {filesystem.py:85} INFO - Poking for file /opt/***/data/data.json
[2024-06-25T13:53:51.065+0000] {filesystem.py:85} INFO - Poking for file /opt/***/data/data.json
[2024-06-25T13:54:01.066+0000] {filesystem.py:85} INFO - Poking for file /opt/***/data/data.json
[2024-06-25T13:54:11.067+0000] {filesystem.py:85} INFO - Poking for file /opt/***/data/data.json
[2024-06-25T13:54:21.067+0000] {filesystem.py:85} INFO - Poking for file /opt/***/data/data.json
[2024-06-25T13:54:31.067+0000] {filesystem.py:85} INFO - Poking for file /opt/***/data/data.json
[2024-06-25T13:54:41.068+0000] {filesystem.py:85} INFO - Poking for file /opt/***/data/data.json
[2024-06-25T13:54:51.070+0000] {filesystem.py:85} INFO - Poking for file /opt/***/data/data.json
[2024-06-25T13:55:01.071+0000] {filesystem.py:85} INFO - Poking for file /opt/***/data/data.json
[2024-06-25T13:55:11.072+0000] {filesystem.py:85} INFO - Poking for file /opt/***/data/data.json
[2024-06-25T13:55:21.073+0000] {filesystem.py:85} INFO - Poking for file /opt/***/data/data.json
[2024-06-25T13:55:31.074+0000] {filesystem.py:85} INFO - Poking for file /opt/***/data/data.json
[2024-06-25T13:55:41.075+0000] {filesystem.py:85} INFO - Poking for file /opt/***/data/data.json
[2024-06-25T13:55:51.076+0000] {filesystem.py:85} INFO - Poking for file /opt/***/data/data.json
[2024-06-25T13:56:01.076+0000] {filesystem.py:85} INFO - Poking for file /opt/***/data/data.json
[2024-06-25T13:56:11.077+0000] {filesystem.py:85} INFO - Poking for file /opt/***/data/data.json
[2024-06-25T13:56:21.078+0000] {filesystem.py:85} INFO - Poking for file /opt/***/data/data.json
[2024-06-25T13:56:31.079+0000] {filesystem.py:85} INFO - Poking for file /opt/***/data/data.json
[2024-06-25T13:56:41.080+0000] {filesystem.py:85} INFO - Poking for file /opt/***/data/data.json
[2024-06-25T13:56:51.081+0000] {filesystem.py:85} INFO - Poking for file /opt/***/data/data.json
[2024-06-25T13:57:01.081+0000] {filesystem.py:85} INFO - Poking for file /opt/***/data/data.json
[2024-06-25T13:57:11.082+0000] {filesystem.py:85} INFO - Poking for file /opt/***/data/data.json
[2024-06-25T13:57:21.083+0000] {filesystem.py:85} INFO - Poking for file /opt/***/data/data.json
[2024-06-25T13:57:31.083+0000] {filesystem.py:85} INFO - Poking for file /opt/***/data/data.json
[2024-06-25T13:57:41.084+0000] {filesystem.py:85} INFO - Poking for file /opt/***/data/data.json
[2024-06-25T13:57:51.085+0000] {filesystem.py:85} INFO - Poking for file /opt/***/data/data.json
[2024-06-25T13:58:01.086+0000] {filesystem.py:85} INFO - Poking for file /opt/***/data/data.json
[2024-06-25T13:58:11.087+0000] {filesystem.py:85} INFO - Poking for file /opt/***/data/data.json
[2024-06-25T13:58:21.087+0000] {filesystem.py:85} INFO - Poking for file /opt/***/data/data.json
[2024-06-25T13:58:31.088+0000] {filesystem.py:85} INFO - Poking for file /opt/***/data/data.json
[2024-06-25T13:58:41.089+0000] {filesystem.py:85} INFO - Poking for file /opt/***/data/data.json
[2024-06-25T13:58:51.090+0000] {filesystem.py:85} INFO - Poking for file /opt/***/data/data.json
[2024-06-25T13:59:01.091+0000] {filesystem.py:85} INFO - Poking for file /opt/***/data/data.json
[2024-06-25T13:59:11.092+0000] {filesystem.py:85} INFO - Poking for file /opt/***/data/data.json
[2024-06-25T13:59:21.092+0000] {filesystem.py:85} INFO - Poking for file /opt/***/data/data.json
[2024-06-25T13:59:31.093+0000] {filesystem.py:85} INFO - Poking for file /opt/***/data/data.json
[2024-06-25T13:59:41.094+0000] {filesystem.py:85} INFO - Poking for file /opt/***/data/data.json
[2024-06-25T13:59:51.094+0000] {filesystem.py:85} INFO - Poking for file /opt/***/data/data.json
[2024-06-25T14:00:01.096+0000] {filesystem.py:85} INFO - Poking for file /opt/***/data/data.json
[2024-06-25T14:00:11.096+0000] {filesystem.py:85} INFO - Poking for file /opt/***/data/data.json
[2024-06-25T14:00:21.097+0000] {filesystem.py:85} INFO - Poking for file /opt/***/data/data.json
[2024-06-25T14:00:31.098+0000] {filesystem.py:85} INFO - Poking for file /opt/***/data/data.json
[2024-06-25T14:00:41.099+0000] {filesystem.py:85} INFO - Poking for file /opt/***/data/data.json
[2024-06-25T14:00:51.100+0000] {filesystem.py:85} INFO - Poking for file /opt/***/data/data.json
[2024-06-25T14:01:01.100+0000] {filesystem.py:85} INFO - Poking for file /opt/***/data/data.json
[2024-06-25T14:01:11.101+0000] {filesystem.py:85} INFO - Poking for file /opt/***/data/data.json
[2024-06-25T14:01:21.101+0000] {filesystem.py:85} INFO - Poking for file /opt/***/data/data.json
[2024-06-25T14:01:31.102+0000] {filesystem.py:85} INFO - Poking for file /opt/***/data/data.json
[2024-06-25T14:01:41.103+0000] {filesystem.py:85} INFO - Poking for file /opt/***/data/data.json
[2024-06-25T14:01:51.103+0000] {filesystem.py:85} INFO - Poking for file /opt/***/data/data.json
[2024-06-25T14:02:01.104+0000] {filesystem.py:85} INFO - Poking for file /opt/***/data/data.json
[2024-06-25T14:02:11.105+0000] {filesystem.py:85} INFO - Poking for file /opt/***/data/data.json
[2024-06-25T14:02:21.105+0000] {filesystem.py:85} INFO - Poking for file /opt/***/data/data.json
[2024-06-25T14:02:31.106+0000] {filesystem.py:85} INFO - Poking for file /opt/***/data/data.json
[2024-06-25T14:02:41.107+0000] {filesystem.py:85} INFO - Poking for file /opt/***/data/data.json
[2024-06-25T14:02:51.108+0000] {filesystem.py:85} INFO - Poking for file /opt/***/data/data.json
[2024-06-25T14:03:01.109+0000] {filesystem.py:85} INFO - Poking for file /opt/***/data/data.json
[2024-06-25T14:03:11.110+0000] {filesystem.py:85} INFO - Poking for file /opt/***/data/data.json
[2024-06-25T14:03:21.111+0000] {filesystem.py:85} INFO - Poking for file /opt/***/data/data.json
[2024-06-25T14:03:31.111+0000] {filesystem.py:85} INFO - Poking for file /opt/***/data/data.json
[2024-06-25T14:03:41.112+0000] {filesystem.py:85} INFO - Poking for file /opt/***/data/data.json
[2024-06-25T14:03:51.113+0000] {filesystem.py:85} INFO - Poking for file /opt/***/data/data.json
[2024-06-25T14:04:01.113+0000] {filesystem.py:85} INFO - Poking for file /opt/***/data/data.json
[2024-06-25T14:04:11.114+0000] {filesystem.py:85} INFO - Poking for file /opt/***/data/data.json
[2024-06-25T14:04:21.115+0000] {filesystem.py:85} INFO - Poking for file /opt/***/data/data.json
[2024-06-25T14:04:31.116+0000] {filesystem.py:85} INFO - Poking for file /opt/***/data/data.json
[2024-06-25T14:04:41.117+0000] {filesystem.py:85} INFO - Poking for file /opt/***/data/data.json
[2024-06-25T14:04:51.118+0000] {filesystem.py:85} INFO - Poking for file /opt/***/data/data.json
[2024-06-25T14:05:01.118+0000] {filesystem.py:85} INFO - Poking for file /opt/***/data/data.json
[2024-06-25T14:05:11.119+0000] {filesystem.py:85} INFO - Poking for file /opt/***/data/data.json
[2024-06-25T14:05:21.120+0000] {filesystem.py:85} INFO - Poking for file /opt/***/data/data.json
[2024-06-25T14:05:31.121+0000] {filesystem.py:85} INFO - Poking for file /opt/***/data/data.json
[2024-06-25T14:05:41.122+0000] {filesystem.py:85} INFO - Poking for file /opt/***/data/data.json
[2024-06-25T14:05:51.122+0000] {filesystem.py:85} INFO - Poking for file /opt/***/data/data.json
[2024-06-25T14:06:01.123+0000] {filesystem.py:85} INFO - Poking for file /opt/***/data/data.json
[2024-06-25T14:06:11.124+0000] {filesystem.py:85} INFO - Poking for file /opt/***/data/data.json
[2024-06-25T14:06:21.125+0000] {filesystem.py:85} INFO - Poking for file /opt/***/data/data.json
[2024-06-25T14:06:31.126+0000] {filesystem.py:85} INFO - Poking for file /opt/***/data/data.json
[2024-06-25T14:06:41.127+0000] {filesystem.py:85} INFO - Poking for file /opt/***/data/data.json
[2024-06-25T14:06:51.128+0000] {filesystem.py:85} INFO - Poking for file /opt/***/data/data.json
[2024-06-25T14:07:01.128+0000] {filesystem.py:85} INFO - Poking for file /opt/***/data/data.json
[2024-06-25T14:07:11.129+0000] {filesystem.py:85} INFO - Poking for file /opt/***/data/data.json
[2024-06-25T14:07:21.130+0000] {filesystem.py:85} INFO - Poking for file /opt/***/data/data.json
[2024-06-25T14:07:31.131+0000] {filesystem.py:85} INFO - Poking for file /opt/***/data/data.json
[2024-06-25T14:07:41.132+0000] {filesystem.py:85} INFO - Poking for file /opt/***/data/data.json
[2024-06-25T14:07:51.133+0000] {filesystem.py:85} INFO - Poking for file /opt/***/data/data.json
[2024-06-25T14:08:01.133+0000] {filesystem.py:85} INFO - Poking for file /opt/***/data/data.json
[2024-06-25T14:08:11.134+0000] {filesystem.py:85} INFO - Poking for file /opt/***/data/data.json
[2024-06-25T14:08:21.135+0000] {filesystem.py:85} INFO - Poking for file /opt/***/data/data.json
[2024-06-25T14:08:31.135+0000] {filesystem.py:85} INFO - Poking for file /opt/***/data/data.json
[2024-06-25T14:08:41.136+0000] {filesystem.py:85} INFO - Poking for file /opt/***/data/data.json
[2024-06-25T14:08:51.137+0000] {filesystem.py:85} INFO - Poking for file /opt/***/data/data.json
[2024-06-25T14:09:01.137+0000] {filesystem.py:85} INFO - Poking for file /opt/***/data/data.json
[2024-06-25T14:09:11.138+0000] {filesystem.py:85} INFO - Poking for file /opt/***/data/data.json
[2024-06-25T14:09:21.139+0000] {filesystem.py:85} INFO - Poking for file /opt/***/data/data.json
[2024-06-25T14:09:31.140+0000] {filesystem.py:85} INFO - Poking for file /opt/***/data/data.json
[2024-06-25T14:09:41.141+0000] {filesystem.py:85} INFO - Poking for file /opt/***/data/data.json
[2024-06-25T14:09:51.142+0000] {filesystem.py:85} INFO - Poking for file /opt/***/data/data.json
[2024-06-25T14:10:01.143+0000] {filesystem.py:85} INFO - Poking for file /opt/***/data/data.json
[2024-06-25T14:10:11.144+0000] {filesystem.py:85} INFO - Poking for file /opt/***/data/data.json
[2024-06-25T14:10:21.145+0000] {filesystem.py:85} INFO - Poking for file /opt/***/data/data.json
[2024-06-25T14:10:31.146+0000] {filesystem.py:85} INFO - Poking for file /opt/***/data/data.json
[2024-06-25T14:10:41.147+0000] {filesystem.py:85} INFO - Poking for file /opt/***/data/data.json
[2024-06-25T14:10:51.148+0000] {filesystem.py:85} INFO - Poking for file /opt/***/data/data.json
[2024-06-25T14:11:01.148+0000] {filesystem.py:85} INFO - Poking for file /opt/***/data/data.json
[2024-06-25T14:11:11.149+0000] {filesystem.py:85} INFO - Poking for file /opt/***/data/data.json
[2024-06-25T14:11:21.150+0000] {filesystem.py:85} INFO - Poking for file /opt/***/data/data.json
[2024-06-25T14:11:31.151+0000] {filesystem.py:85} INFO - Poking for file /opt/***/data/data.json
[2024-06-25T14:11:41.152+0000] {filesystem.py:85} INFO - Poking for file /opt/***/data/data.json
[2024-06-25T14:11:51.152+0000] {filesystem.py:85} INFO - Poking for file /opt/***/data/data.json
[2024-06-25T14:12:01.153+0000] {filesystem.py:85} INFO - Poking for file /opt/***/data/data.json
[2024-06-25T14:12:11.154+0000] {filesystem.py:85} INFO - Poking for file /opt/***/data/data.json
[2024-06-25T14:12:21.154+0000] {filesystem.py:85} INFO - Poking for file /opt/***/data/data.json
[2024-06-25T14:12:31.156+0000] {filesystem.py:85} INFO - Poking for file /opt/***/data/data.json
[2024-06-25T14:12:41.157+0000] {filesystem.py:85} INFO - Poking for file /opt/***/data/data.json
[2024-06-25T14:12:51.158+0000] {filesystem.py:85} INFO - Poking for file /opt/***/data/data.json
[2024-06-25T14:13:01.159+0000] {filesystem.py:85} INFO - Poking for file /opt/***/data/data.json
[2024-06-25T14:13:11.159+0000] {filesystem.py:85} INFO - Poking for file /opt/***/data/data.json
[2024-06-25T14:13:21.160+0000] {filesystem.py:85} INFO - Poking for file /opt/***/data/data.json
[2024-06-25T14:13:31.161+0000] {filesystem.py:85} INFO - Poking for file /opt/***/data/data.json
[2024-06-25T14:13:41.162+0000] {filesystem.py:85} INFO - Poking for file /opt/***/data/data.json
[2024-06-25T14:13:51.162+0000] {filesystem.py:85} INFO - Poking for file /opt/***/data/data.json
[2024-06-25T14:14:01.164+0000] {filesystem.py:85} INFO - Poking for file /opt/***/data/data.json
[2024-06-25T14:14:11.165+0000] {filesystem.py:85} INFO - Poking for file /opt/***/data/data.json
[2024-06-25T14:14:21.165+0000] {filesystem.py:85} INFO - Poking for file /opt/***/data/data.json
[2024-06-25T14:14:31.166+0000] {filesystem.py:85} INFO - Poking for file /opt/***/data/data.json
[2024-06-25T14:14:41.167+0000] {filesystem.py:85} INFO - Poking for file /opt/***/data/data.json
[2024-06-25T14:14:51.167+0000] {filesystem.py:85} INFO - Poking for file /opt/***/data/data.json
[2024-06-25T14:15:01.168+0000] {filesystem.py:85} INFO - Poking for file /opt/***/data/data.json
[2024-06-25T14:15:11.168+0000] {filesystem.py:85} INFO - Poking for file /opt/***/data/data.json
[2024-06-25T14:15:21.169+0000] {filesystem.py:85} INFO - Poking for file /opt/***/data/data.json
[2024-06-25T14:15:31.170+0000] {filesystem.py:85} INFO - Poking for file /opt/***/data/data.json
[2024-06-25T14:15:41.171+0000] {filesystem.py:85} INFO - Poking for file /opt/***/data/data.json
[2024-06-25T14:15:51.171+0000] {filesystem.py:85} INFO - Poking for file /opt/***/data/data.json
[2024-06-25T14:16:01.172+0000] {filesystem.py:85} INFO - Poking for file /opt/***/data/data.json
[2024-06-25T14:16:11.173+0000] {filesystem.py:85} INFO - Poking for file /opt/***/data/data.json
[2024-06-25T14:16:21.174+0000] {filesystem.py:85} INFO - Poking for file /opt/***/data/data.json
[2024-06-25T14:16:31.174+0000] {filesystem.py:85} INFO - Poking for file /opt/***/data/data.json
[2024-06-25T14:16:41.175+0000] {filesystem.py:85} INFO - Poking for file /opt/***/data/data.json
[2024-06-25T14:16:51.176+0000] {filesystem.py:85} INFO - Poking for file /opt/***/data/data.json
[2024-06-25T14:17:01.176+0000] {filesystem.py:85} INFO - Poking for file /opt/***/data/data.json
[2024-06-25T14:17:11.177+0000] {filesystem.py:85} INFO - Poking for file /opt/***/data/data.json
[2024-06-25T14:17:21.178+0000] {filesystem.py:85} INFO - Poking for file /opt/***/data/data.json
[2024-06-25T14:17:31.178+0000] {filesystem.py:85} INFO - Poking for file /opt/***/data/data.json
[2024-06-25T14:17:41.179+0000] {filesystem.py:85} INFO - Poking for file /opt/***/data/data.json
[2024-06-25T14:17:51.179+0000] {filesystem.py:85} INFO - Poking for file /opt/***/data/data.json
[2024-06-25T14:18:01.180+0000] {filesystem.py:85} INFO - Poking for file /opt/***/data/data.json
[2024-06-25T14:18:11.180+0000] {filesystem.py:85} INFO - Poking for file /opt/***/data/data.json
[2024-06-25T14:18:21.180+0000] {filesystem.py:85} INFO - Poking for file /opt/***/data/data.json
[2024-06-25T14:18:31.181+0000] {filesystem.py:85} INFO - Poking for file /opt/***/data/data.json
[2024-06-25T14:18:41.181+0000] {filesystem.py:85} INFO - Poking for file /opt/***/data/data.json
[2024-06-25T14:18:51.182+0000] {filesystem.py:85} INFO - Poking for file /opt/***/data/data.json
[2024-06-25T14:19:01.184+0000] {filesystem.py:85} INFO - Poking for file /opt/***/data/data.json
[2024-06-25T14:19:11.185+0000] {filesystem.py:85} INFO - Poking for file /opt/***/data/data.json
[2024-06-25T14:19:21.186+0000] {filesystem.py:85} INFO - Poking for file /opt/***/data/data.json
[2024-06-25T14:19:31.186+0000] {filesystem.py:85} INFO - Poking for file /opt/***/data/data.json
[2024-06-25T14:19:41.187+0000] {filesystem.py:85} INFO - Poking for file /opt/***/data/data.json
[2024-06-25T14:19:51.188+0000] {filesystem.py:85} INFO - Poking for file /opt/***/data/data.json
[2024-06-25T14:20:01.189+0000] {filesystem.py:85} INFO - Poking for file /opt/***/data/data.json
[2024-06-25T14:20:11.189+0000] {filesystem.py:85} INFO - Poking for file /opt/***/data/data.json
[2024-06-25T14:20:21.190+0000] {filesystem.py:85} INFO - Poking for file /opt/***/data/data.json
[2024-06-25T14:20:31.191+0000] {filesystem.py:85} INFO - Poking for file /opt/***/data/data.json
[2024-06-25T14:20:41.192+0000] {filesystem.py:85} INFO - Poking for file /opt/***/data/data.json
[2024-06-25T14:20:51.192+0000] {filesystem.py:85} INFO - Poking for file /opt/***/data/data.json
[2024-06-25T14:21:01.192+0000] {filesystem.py:85} INFO - Poking for file /opt/***/data/data.json
[2024-06-25T14:21:11.193+0000] {filesystem.py:85} INFO - Poking for file /opt/***/data/data.json
[2024-06-25T14:21:21.194+0000] {filesystem.py:85} INFO - Poking for file /opt/***/data/data.json
[2024-06-25T14:21:31.195+0000] {filesystem.py:85} INFO - Poking for file /opt/***/data/data.json
[2024-06-25T14:21:41.196+0000] {filesystem.py:85} INFO - Poking for file /opt/***/data/data.json
[2024-06-25T14:21:51.197+0000] {filesystem.py:85} INFO - Poking for file /opt/***/data/data.json
[2024-06-25T14:22:01.198+0000] {filesystem.py:85} INFO - Poking for file /opt/***/data/data.json
[2024-06-25T14:22:11.198+0000] {filesystem.py:85} INFO - Poking for file /opt/***/data/data.json
[2024-06-25T14:22:21.199+0000] {filesystem.py:85} INFO - Poking for file /opt/***/data/data.json
[2024-06-25T14:22:31.200+0000] {filesystem.py:85} INFO - Poking for file /opt/***/data/data.json
[2024-06-25T14:22:41.201+0000] {filesystem.py:85} INFO - Poking for file /opt/***/data/data.json
[2024-06-25T14:22:51.202+0000] {filesystem.py:85} INFO - Poking for file /opt/***/data/data.json
[2024-06-25T14:23:01.202+0000] {filesystem.py:85} INFO - Poking for file /opt/***/data/data.json
[2024-06-25T14:23:11.203+0000] {filesystem.py:85} INFO - Poking for file /opt/***/data/data.json
[2024-06-25T14:23:21.204+0000] {filesystem.py:85} INFO - Poking for file /opt/***/data/data.json
[2024-06-25T14:23:31.205+0000] {filesystem.py:85} INFO - Poking for file /opt/***/data/data.json
[2024-06-25T14:23:41.206+0000] {filesystem.py:85} INFO - Poking for file /opt/***/data/data.json
[2024-06-25T14:23:51.206+0000] {filesystem.py:85} INFO - Poking for file /opt/***/data/data.json
[2024-06-25T14:24:01.207+0000] {filesystem.py:85} INFO - Poking for file /opt/***/data/data.json
[2024-06-25T14:24:11.208+0000] {filesystem.py:85} INFO - Poking for file /opt/***/data/data.json
[2024-06-25T14:24:21.209+0000] {filesystem.py:85} INFO - Poking for file /opt/***/data/data.json
[2024-06-25T14:24:31.210+0000] {filesystem.py:85} INFO - Poking for file /opt/***/data/data.json
[2024-06-25T14:24:41.211+0000] {filesystem.py:85} INFO - Poking for file /opt/***/data/data.json
[2024-06-25T14:24:51.212+0000] {filesystem.py:85} INFO - Poking for file /opt/***/data/data.json
[2024-06-25T14:25:01.213+0000] {filesystem.py:85} INFO - Poking for file /opt/***/data/data.json
[2024-06-25T14:25:11.214+0000] {filesystem.py:85} INFO - Poking for file /opt/***/data/data.json
[2024-06-25T14:25:21.215+0000] {filesystem.py:85} INFO - Poking for file /opt/***/data/data.json
[2024-06-25T14:25:31.216+0000] {filesystem.py:85} INFO - Poking for file /opt/***/data/data.json
[2024-06-25T14:25:41.217+0000] {filesystem.py:85} INFO - Poking for file /opt/***/data/data.json
[2024-06-25T14:25:51.217+0000] {filesystem.py:85} INFO - Poking for file /opt/***/data/data.json
[2024-06-25T14:26:01.218+0000] {filesystem.py:85} INFO - Poking for file /opt/***/data/data.json
[2024-06-25T14:26:11.219+0000] {filesystem.py:85} INFO - Poking for file /opt/***/data/data.json
[2024-06-25T14:26:21.219+0000] {filesystem.py:85} INFO - Poking for file /opt/***/data/data.json
[2024-06-25T14:26:31.220+0000] {filesystem.py:85} INFO - Poking for file /opt/***/data/data.json
[2024-06-25T14:26:41.220+0000] {filesystem.py:85} INFO - Poking for file /opt/***/data/data.json
[2024-06-25T14:26:51.221+0000] {filesystem.py:85} INFO - Poking for file /opt/***/data/data.json
[2024-06-25T14:27:01.222+0000] {filesystem.py:85} INFO - Poking for file /opt/***/data/data.json
[2024-06-25T14:27:11.222+0000] {filesystem.py:85} INFO - Poking for file /opt/***/data/data.json
[2024-06-25T14:27:21.224+0000] {filesystem.py:85} INFO - Poking for file /opt/***/data/data.json
[2024-06-25T14:27:31.225+0000] {filesystem.py:85} INFO - Poking for file /opt/***/data/data.json
[2024-06-25T14:27:41.225+0000] {filesystem.py:85} INFO - Poking for file /opt/***/data/data.json
[2024-06-25T14:27:51.226+0000] {filesystem.py:85} INFO - Poking for file /opt/***/data/data.json
[2024-06-25T14:28:01.227+0000] {filesystem.py:85} INFO - Poking for file /opt/***/data/data.json
[2024-06-25T14:28:11.227+0000] {filesystem.py:85} INFO - Poking for file /opt/***/data/data.json
[2024-06-25T14:28:21.228+0000] {filesystem.py:85} INFO - Poking for file /opt/***/data/data.json
[2024-06-25T14:28:31.229+0000] {filesystem.py:85} INFO - Poking for file /opt/***/data/data.json
[2024-06-25T14:28:41.230+0000] {filesystem.py:85} INFO - Poking for file /opt/***/data/data.json
[2024-06-25T14:28:51.230+0000] {filesystem.py:85} INFO - Poking for file /opt/***/data/data.json
[2024-06-25T14:29:01.231+0000] {filesystem.py:85} INFO - Poking for file /opt/***/data/data.json
[2024-06-25T14:29:11.233+0000] {filesystem.py:85} INFO - Poking for file /opt/***/data/data.json
[2024-06-25T14:29:21.234+0000] {filesystem.py:85} INFO - Poking for file /opt/***/data/data.json
[2024-06-25T14:29:31.234+0000] {filesystem.py:85} INFO - Poking for file /opt/***/data/data.json
[2024-06-25T14:29:41.235+0000] {filesystem.py:85} INFO - Poking for file /opt/***/data/data.json
[2024-06-25T14:29:51.236+0000] {filesystem.py:85} INFO - Poking for file /opt/***/data/data.json
[2024-06-25T14:30:01.236+0000] {filesystem.py:85} INFO - Poking for file /opt/***/data/data.json
[2024-06-25T14:30:11.237+0000] {filesystem.py:85} INFO - Poking for file /opt/***/data/data.json
[2024-06-25T14:30:21.239+0000] {filesystem.py:85} INFO - Poking for file /opt/***/data/data.json
[2024-06-25T14:30:31.239+0000] {filesystem.py:85} INFO - Poking for file /opt/***/data/data.json
[2024-06-25T14:30:41.240+0000] {filesystem.py:85} INFO - Poking for file /opt/***/data/data.json
[2024-06-25T14:30:51.241+0000] {filesystem.py:85} INFO - Poking for file /opt/***/data/data.json
[2024-06-25T14:31:01.242+0000] {filesystem.py:85} INFO - Poking for file /opt/***/data/data.json
[2024-06-25T14:31:11.243+0000] {filesystem.py:85} INFO - Poking for file /opt/***/data/data.json
[2024-06-25T14:31:21.244+0000] {filesystem.py:85} INFO - Poking for file /opt/***/data/data.json
[2024-06-25T14:31:31.245+0000] {filesystem.py:85} INFO - Poking for file /opt/***/data/data.json
[2024-06-25T14:31:41.246+0000] {filesystem.py:85} INFO - Poking for file /opt/***/data/data.json
[2024-06-25T14:31:51.247+0000] {filesystem.py:85} INFO - Poking for file /opt/***/data/data.json
[2024-06-25T14:32:01.248+0000] {filesystem.py:85} INFO - Poking for file /opt/***/data/data.json
[2024-06-25T14:32:11.248+0000] {filesystem.py:85} INFO - Poking for file /opt/***/data/data.json
[2024-06-25T14:32:21.248+0000] {filesystem.py:85} INFO - Poking for file /opt/***/data/data.json
[2024-06-25T14:32:31.249+0000] {filesystem.py:85} INFO - Poking for file /opt/***/data/data.json
[2024-06-25T14:32:41.250+0000] {filesystem.py:85} INFO - Poking for file /opt/***/data/data.json
[2024-06-25T14:32:51.251+0000] {filesystem.py:85} INFO - Poking for file /opt/***/data/data.json
[2024-06-25T14:33:01.252+0000] {filesystem.py:85} INFO - Poking for file /opt/***/data/data.json
[2024-06-25T14:33:11.252+0000] {filesystem.py:85} INFO - Poking for file /opt/***/data/data.json
[2024-06-25T14:33:21.253+0000] {filesystem.py:85} INFO - Poking for file /opt/***/data/data.json
[2024-06-25T14:33:31.254+0000] {filesystem.py:85} INFO - Poking for file /opt/***/data/data.json
[2024-06-25T14:33:41.255+0000] {filesystem.py:85} INFO - Poking for file /opt/***/data/data.json
[2024-06-25T14:33:51.256+0000] {filesystem.py:85} INFO - Poking for file /opt/***/data/data.json
[2024-06-25T14:34:01.257+0000] {filesystem.py:85} INFO - Poking for file /opt/***/data/data.json
[2024-06-25T14:34:11.258+0000] {filesystem.py:85} INFO - Poking for file /opt/***/data/data.json
[2024-06-25T14:34:21.259+0000] {filesystem.py:85} INFO - Poking for file /opt/***/data/data.json
[2024-06-25T14:34:31.260+0000] {filesystem.py:85} INFO - Poking for file /opt/***/data/data.json
[2024-06-25T14:34:41.261+0000] {filesystem.py:85} INFO - Poking for file /opt/***/data/data.json
[2024-06-25T14:34:51.261+0000] {filesystem.py:85} INFO - Poking for file /opt/***/data/data.json
[2024-06-25T14:35:01.262+0000] {filesystem.py:85} INFO - Poking for file /opt/***/data/data.json
[2024-06-25T14:35:11.262+0000] {filesystem.py:85} INFO - Poking for file /opt/***/data/data.json
[2024-06-25T14:35:21.264+0000] {filesystem.py:85} INFO - Poking for file /opt/***/data/data.json
[2024-06-25T14:35:31.264+0000] {filesystem.py:85} INFO - Poking for file /opt/***/data/data.json
[2024-06-25T14:35:41.265+0000] {filesystem.py:85} INFO - Poking for file /opt/***/data/data.json
[2024-06-25T14:35:51.266+0000] {filesystem.py:85} INFO - Poking for file /opt/***/data/data.json
[2024-06-25T14:36:01.266+0000] {filesystem.py:85} INFO - Poking for file /opt/***/data/data.json
[2024-06-25T14:36:11.267+0000] {filesystem.py:85} INFO - Poking for file /opt/***/data/data.json
[2024-06-25T14:36:21.268+0000] {filesystem.py:85} INFO - Poking for file /opt/***/data/data.json
[2024-06-25T14:36:31.269+0000] {filesystem.py:85} INFO - Poking for file /opt/***/data/data.json
[2024-06-25T14:36:41.270+0000] {filesystem.py:85} INFO - Poking for file /opt/***/data/data.json
[2024-06-25T14:36:51.271+0000] {filesystem.py:85} INFO - Poking for file /opt/***/data/data.json
[2024-06-25T14:37:01.272+0000] {filesystem.py:85} INFO - Poking for file /opt/***/data/data.json
[2024-06-25T14:37:11.273+0000] {filesystem.py:85} INFO - Poking for file /opt/***/data/data.json
[2024-06-25T14:37:21.274+0000] {filesystem.py:85} INFO - Poking for file /opt/***/data/data.json
[2024-06-25T14:37:31.275+0000] {filesystem.py:85} INFO - Poking for file /opt/***/data/data.json
[2024-06-25T14:37:41.276+0000] {filesystem.py:85} INFO - Poking for file /opt/***/data/data.json
[2024-06-25T14:37:51.277+0000] {filesystem.py:85} INFO - Poking for file /opt/***/data/data.json
[2024-06-25T14:38:01.277+0000] {filesystem.py:85} INFO - Poking for file /opt/***/data/data.json
[2024-06-25T14:38:11.278+0000] {filesystem.py:85} INFO - Poking for file /opt/***/data/data.json
[2024-06-25T14:38:21.279+0000] {filesystem.py:85} INFO - Poking for file /opt/***/data/data.json
[2024-06-25T14:38:31.279+0000] {filesystem.py:85} INFO - Poking for file /opt/***/data/data.json
[2024-06-25T14:38:41.280+0000] {filesystem.py:85} INFO - Poking for file /opt/***/data/data.json
[2024-06-25T14:38:51.281+0000] {filesystem.py:85} INFO - Poking for file /opt/***/data/data.json
[2024-06-25T14:39:01.282+0000] {filesystem.py:85} INFO - Poking for file /opt/***/data/data.json
[2024-06-25T14:39:11.283+0000] {filesystem.py:85} INFO - Poking for file /opt/***/data/data.json
[2024-06-25T14:39:21.284+0000] {filesystem.py:85} INFO - Poking for file /opt/***/data/data.json
[2024-06-25T14:39:31.285+0000] {filesystem.py:85} INFO - Poking for file /opt/***/data/data.json
[2024-06-25T14:39:41.285+0000] {filesystem.py:85} INFO - Poking for file /opt/***/data/data.json
[2024-06-25T14:39:51.286+0000] {filesystem.py:85} INFO - Poking for file /opt/***/data/data.json
[2024-06-25T14:40:01.287+0000] {filesystem.py:85} INFO - Poking for file /opt/***/data/data.json
[2024-06-25T14:40:11.287+0000] {filesystem.py:85} INFO - Poking for file /opt/***/data/data.json
[2024-06-25T14:40:21.289+0000] {filesystem.py:85} INFO - Poking for file /opt/***/data/data.json
[2024-06-25T14:40:31.289+0000] {filesystem.py:85} INFO - Poking for file /opt/***/data/data.json
[2024-06-25T14:40:41.290+0000] {filesystem.py:85} INFO - Poking for file /opt/***/data/data.json
[2024-06-25T14:40:51.291+0000] {filesystem.py:85} INFO - Poking for file /opt/***/data/data.json
[2024-06-25T14:41:01.291+0000] {filesystem.py:85} INFO - Poking for file /opt/***/data/data.json
[2024-06-25T14:41:11.292+0000] {filesystem.py:85} INFO - Poking for file /opt/***/data/data.json
[2024-06-25T14:41:21.293+0000] {filesystem.py:85} INFO - Poking for file /opt/***/data/data.json
[2024-06-25T14:41:31.294+0000] {filesystem.py:85} INFO - Poking for file /opt/***/data/data.json
[2024-06-25T14:41:41.294+0000] {filesystem.py:85} INFO - Poking for file /opt/***/data/data.json
[2024-06-25T14:41:51.295+0000] {filesystem.py:85} INFO - Poking for file /opt/***/data/data.json
[2024-06-25T14:42:01.296+0000] {filesystem.py:85} INFO - Poking for file /opt/***/data/data.json
[2024-06-25T14:42:11.296+0000] {filesystem.py:85} INFO - Poking for file /opt/***/data/data.json
[2024-06-25T14:42:21.297+0000] {filesystem.py:85} INFO - Poking for file /opt/***/data/data.json
[2024-06-25T14:42:31.297+0000] {filesystem.py:85} INFO - Poking for file /opt/***/data/data.json
[2024-06-25T14:42:41.298+0000] {filesystem.py:85} INFO - Poking for file /opt/***/data/data.json
[2024-06-25T14:42:51.299+0000] {filesystem.py:85} INFO - Poking for file /opt/***/data/data.json
[2024-06-25T14:43:01.300+0000] {filesystem.py:85} INFO - Poking for file /opt/***/data/data.json
[2024-06-25T14:43:11.300+0000] {filesystem.py:85} INFO - Poking for file /opt/***/data/data.json
[2024-06-25T14:43:21.301+0000] {filesystem.py:85} INFO - Poking for file /opt/***/data/data.json
[2024-06-25T14:43:31.302+0000] {filesystem.py:85} INFO - Poking for file /opt/***/data/data.json
[2024-06-25T14:43:41.302+0000] {filesystem.py:85} INFO - Poking for file /opt/***/data/data.json
[2024-06-25T14:43:51.303+0000] {filesystem.py:85} INFO - Poking for file /opt/***/data/data.json
[2024-06-25T14:44:01.304+0000] {filesystem.py:85} INFO - Poking for file /opt/***/data/data.json
[2024-06-25T14:44:11.305+0000] {filesystem.py:85} INFO - Poking for file /opt/***/data/data.json
[2024-06-25T14:44:21.306+0000] {filesystem.py:85} INFO - Poking for file /opt/***/data/data.json
[2024-06-25T14:44:31.307+0000] {filesystem.py:85} INFO - Poking for file /opt/***/data/data.json
[2024-06-25T14:44:41.308+0000] {filesystem.py:85} INFO - Poking for file /opt/***/data/data.json
[2024-06-25T14:44:51.308+0000] {filesystem.py:85} INFO - Poking for file /opt/***/data/data.json
[2024-06-25T14:45:01.309+0000] {filesystem.py:85} INFO - Poking for file /opt/***/data/data.json
[2024-06-25T14:45:11.309+0000] {filesystem.py:85} INFO - Poking for file /opt/***/data/data.json
[2024-06-25T14:45:21.310+0000] {filesystem.py:85} INFO - Poking for file /opt/***/data/data.json
[2024-06-25T14:45:31.311+0000] {filesystem.py:85} INFO - Poking for file /opt/***/data/data.json
[2024-06-25T14:45:41.312+0000] {filesystem.py:85} INFO - Poking for file /opt/***/data/data.json
[2024-06-25T14:45:51.313+0000] {filesystem.py:85} INFO - Poking for file /opt/***/data/data.json
[2024-06-25T14:46:01.314+0000] {filesystem.py:85} INFO - Poking for file /opt/***/data/data.json
[2024-06-25T14:46:11.314+0000] {filesystem.py:85} INFO - Poking for file /opt/***/data/data.json
[2024-06-25T14:46:21.315+0000] {filesystem.py:85} INFO - Poking for file /opt/***/data/data.json
[2024-06-25T14:46:31.316+0000] {filesystem.py:85} INFO - Poking for file /opt/***/data/data.json
[2024-06-25T14:46:41.317+0000] {filesystem.py:85} INFO - Poking for file /opt/***/data/data.json
[2024-06-25T14:46:51.318+0000] {filesystem.py:85} INFO - Poking for file /opt/***/data/data.json
[2024-06-25T14:47:01.318+0000] {filesystem.py:85} INFO - Poking for file /opt/***/data/data.json
[2024-06-25T14:47:11.319+0000] {filesystem.py:85} INFO - Poking for file /opt/***/data/data.json
[2024-06-25T14:47:21.320+0000] {filesystem.py:85} INFO - Poking for file /opt/***/data/data.json
[2024-06-25T14:47:31.321+0000] {filesystem.py:85} INFO - Poking for file /opt/***/data/data.json
[2024-06-25T14:47:41.322+0000] {filesystem.py:85} INFO - Poking for file /opt/***/data/data.json
[2024-06-25T14:47:51.323+0000] {filesystem.py:85} INFO - Poking for file /opt/***/data/data.json
[2024-06-25T14:48:01.324+0000] {filesystem.py:85} INFO - Poking for file /opt/***/data/data.json
[2024-06-25T14:48:11.324+0000] {filesystem.py:85} INFO - Poking for file /opt/***/data/data.json
[2024-06-25T14:48:21.325+0000] {filesystem.py:85} INFO - Poking for file /opt/***/data/data.json
[2024-06-25T14:48:31.326+0000] {filesystem.py:85} INFO - Poking for file /opt/***/data/data.json
[2024-06-25T14:48:41.327+0000] {filesystem.py:85} INFO - Poking for file /opt/***/data/data.json
[2024-06-25T14:48:51.328+0000] {filesystem.py:85} INFO - Poking for file /opt/***/data/data.json
[2024-06-25T14:49:01.329+0000] {filesystem.py:85} INFO - Poking for file /opt/***/data/data.json
[2024-06-25T14:49:11.330+0000] {filesystem.py:85} INFO - Poking for file /opt/***/data/data.json
[2024-06-25T14:49:21.331+0000] {filesystem.py:85} INFO - Poking for file /opt/***/data/data.json
[2024-06-25T14:49:31.332+0000] {filesystem.py:85} INFO - Poking for file /opt/***/data/data.json
[2024-06-25T14:49:41.333+0000] {filesystem.py:85} INFO - Poking for file /opt/***/data/data.json
[2024-06-25T14:49:51.334+0000] {filesystem.py:85} INFO - Poking for file /opt/***/data/data.json
[2024-06-25T14:50:01.335+0000] {filesystem.py:85} INFO - Poking for file /opt/***/data/data.json
[2024-06-25T14:50:11.335+0000] {filesystem.py:85} INFO - Poking for file /opt/***/data/data.json
[2024-06-25T14:50:21.336+0000] {filesystem.py:85} INFO - Poking for file /opt/***/data/data.json
[2024-06-25T14:50:31.337+0000] {filesystem.py:85} INFO - Poking for file /opt/***/data/data.json
[2024-06-25T14:50:41.337+0000] {filesystem.py:85} INFO - Poking for file /opt/***/data/data.json
[2024-06-25T14:50:51.338+0000] {filesystem.py:85} INFO - Poking for file /opt/***/data/data.json
[2024-06-25T14:51:01.339+0000] {filesystem.py:85} INFO - Poking for file /opt/***/data/data.json
[2024-06-25T14:51:11.340+0000] {filesystem.py:85} INFO - Poking for file /opt/***/data/data.json
[2024-06-25T14:51:21.341+0000] {filesystem.py:85} INFO - Poking for file /opt/***/data/data.json
[2024-06-25T14:51:31.341+0000] {filesystem.py:85} INFO - Poking for file /opt/***/data/data.json
[2024-06-25T14:51:41.342+0000] {filesystem.py:85} INFO - Poking for file /opt/***/data/data.json
[2024-06-25T14:51:51.343+0000] {filesystem.py:85} INFO - Poking for file /opt/***/data/data.json
[2024-06-25T14:52:01.344+0000] {filesystem.py:85} INFO - Poking for file /opt/***/data/data.json
[2024-06-25T14:52:11.344+0000] {filesystem.py:85} INFO - Poking for file /opt/***/data/data.json
[2024-06-25T14:52:21.345+0000] {filesystem.py:85} INFO - Poking for file /opt/***/data/data.json
[2024-06-25T14:52:31.345+0000] {filesystem.py:85} INFO - Poking for file /opt/***/data/data.json
[2024-06-25T14:52:41.346+0000] {filesystem.py:85} INFO - Poking for file /opt/***/data/data.json
[2024-06-25T14:52:51.347+0000] {filesystem.py:85} INFO - Poking for file /opt/***/data/data.json
[2024-06-25T14:53:01.348+0000] {filesystem.py:85} INFO - Poking for file /opt/***/data/data.json
[2024-06-25T14:53:11.349+0000] {filesystem.py:85} INFO - Poking for file /opt/***/data/data.json
[2024-06-25T14:53:21.350+0000] {filesystem.py:85} INFO - Poking for file /opt/***/data/data.json
[2024-06-25T14:53:31.351+0000] {filesystem.py:85} INFO - Poking for file /opt/***/data/data.json
[2024-06-25T14:53:41.351+0000] {filesystem.py:85} INFO - Poking for file /opt/***/data/data.json
[2024-06-25T14:53:51.352+0000] {filesystem.py:85} INFO - Poking for file /opt/***/data/data.json
[2024-06-25T14:54:01.353+0000] {filesystem.py:85} INFO - Poking for file /opt/***/data/data.json
[2024-06-25T14:54:11.354+0000] {filesystem.py:85} INFO - Poking for file /opt/***/data/data.json
[2024-06-25T14:54:21.354+0000] {filesystem.py:85} INFO - Poking for file /opt/***/data/data.json
[2024-06-25T14:54:31.355+0000] {filesystem.py:85} INFO - Poking for file /opt/***/data/data.json
[2024-06-25T14:54:41.356+0000] {filesystem.py:85} INFO - Poking for file /opt/***/data/data.json
[2024-06-25T14:54:51.357+0000] {filesystem.py:85} INFO - Poking for file /opt/***/data/data.json
[2024-06-25T14:55:01.357+0000] {filesystem.py:85} INFO - Poking for file /opt/***/data/data.json
[2024-06-25T14:55:11.358+0000] {filesystem.py:85} INFO - Poking for file /opt/***/data/data.json
[2024-06-25T14:55:21.359+0000] {filesystem.py:85} INFO - Poking for file /opt/***/data/data.json
[2024-06-25T14:55:31.360+0000] {filesystem.py:85} INFO - Poking for file /opt/***/data/data.json
[2024-06-25T14:55:41.361+0000] {filesystem.py:85} INFO - Poking for file /opt/***/data/data.json
[2024-06-25T14:55:51.362+0000] {filesystem.py:85} INFO - Poking for file /opt/***/data/data.json
[2024-06-25T14:56:01.363+0000] {filesystem.py:85} INFO - Poking for file /opt/***/data/data.json
[2024-06-25T14:56:11.364+0000] {filesystem.py:85} INFO - Poking for file /opt/***/data/data.json
[2024-06-25T14:56:21.364+0000] {filesystem.py:85} INFO - Poking for file /opt/***/data/data.json
[2024-06-25T14:56:31.365+0000] {filesystem.py:85} INFO - Poking for file /opt/***/data/data.json
[2024-06-25T14:56:41.366+0000] {filesystem.py:85} INFO - Poking for file /opt/***/data/data.json
[2024-06-25T14:56:51.367+0000] {filesystem.py:85} INFO - Poking for file /opt/***/data/data.json
[2024-06-25T14:57:01.368+0000] {filesystem.py:85} INFO - Poking for file /opt/***/data/data.json
[2024-06-25T14:57:11.369+0000] {filesystem.py:85} INFO - Poking for file /opt/***/data/data.json
[2024-06-25T14:57:21.370+0000] {filesystem.py:85} INFO - Poking for file /opt/***/data/data.json
[2024-06-25T14:57:31.371+0000] {filesystem.py:85} INFO - Poking for file /opt/***/data/data.json
[2024-06-25T14:57:41.372+0000] {filesystem.py:85} INFO - Poking for file /opt/***/data/data.json
[2024-06-25T14:57:51.372+0000] {filesystem.py:85} INFO - Poking for file /opt/***/data/data.json
[2024-06-25T14:58:01.373+0000] {filesystem.py:85} INFO - Poking for file /opt/***/data/data.json
[2024-06-25T14:58:11.373+0000] {filesystem.py:85} INFO - Poking for file /opt/***/data/data.json
[2024-06-25T14:58:21.374+0000] {filesystem.py:85} INFO - Poking for file /opt/***/data/data.json
[2024-06-25T14:58:31.375+0000] {filesystem.py:85} INFO - Poking for file /opt/***/data/data.json
[2024-06-25T14:58:41.376+0000] {filesystem.py:85} INFO - Poking for file /opt/***/data/data.json
[2024-06-25T14:58:51.377+0000] {filesystem.py:85} INFO - Poking for file /opt/***/data/data.json
[2024-06-25T14:59:01.378+0000] {filesystem.py:85} INFO - Poking for file /opt/***/data/data.json
[2024-06-25T14:59:11.378+0000] {filesystem.py:85} INFO - Poking for file /opt/***/data/data.json
[2024-06-25T14:59:21.379+0000] {filesystem.py:85} INFO - Poking for file /opt/***/data/data.json
[2024-06-25T14:59:31.380+0000] {filesystem.py:85} INFO - Poking for file /opt/***/data/data.json
[2024-06-25T14:59:41.381+0000] {filesystem.py:85} INFO - Poking for file /opt/***/data/data.json
[2024-06-25T14:59:51.382+0000] {filesystem.py:85} INFO - Poking for file /opt/***/data/data.json
[2024-06-25T15:00:01.383+0000] {filesystem.py:85} INFO - Poking for file /opt/***/data/data.json
[2024-06-25T15:00:11.384+0000] {filesystem.py:85} INFO - Poking for file /opt/***/data/data.json
[2024-06-25T15:00:21.385+0000] {filesystem.py:85} INFO - Poking for file /opt/***/data/data.json
[2024-06-25T15:00:31.386+0000] {filesystem.py:85} INFO - Poking for file /opt/***/data/data.json
[2024-06-25T15:00:41.387+0000] {filesystem.py:85} INFO - Poking for file /opt/***/data/data.json
[2024-06-25T15:00:51.387+0000] {filesystem.py:85} INFO - Poking for file /opt/***/data/data.json
[2024-06-25T15:01:01.388+0000] {filesystem.py:85} INFO - Poking for file /opt/***/data/data.json
[2024-06-25T15:01:11.389+0000] {filesystem.py:85} INFO - Poking for file /opt/***/data/data.json
[2024-06-25T15:01:21.390+0000] {filesystem.py:85} INFO - Poking for file /opt/***/data/data.json
[2024-06-25T15:01:31.391+0000] {filesystem.py:85} INFO - Poking for file /opt/***/data/data.json
