[2024-06-19T13:21:22.897+0000] {local_task_job_runner.py:120} INFO - ::group::Pre task execution logs
[2024-06-19T13:21:22.910+0000] {taskinstance.py:2076} INFO - Dependencies all met for dep_context=non-requeueable deps ti=<TaskInstance: xcom_example.task2 manual__2024-06-19T13:21:21.451392+00:00 [queued]>
[2024-06-19T13:21:22.914+0000] {taskinstance.py:2076} INFO - Dependencies all met for dep_context=requeueable deps ti=<TaskInstance: xcom_example.task2 manual__2024-06-19T13:21:21.451392+00:00 [queued]>
[2024-06-19T13:21:22.914+0000] {taskinstance.py:2306} INFO - Starting attempt 1 of 1
[2024-06-19T13:21:22.922+0000] {taskinstance.py:2330} INFO - Executing <Task(PythonOperator): task2> on 2024-06-19 13:21:21.451392+00:00
[2024-06-19T13:21:22.925+0000] {warnings.py:112} WARNING - /home/***/.local/lib/python3.12/site-packages/***/task/task_runner/standard_task_runner.py:61: DeprecationWarning: This process (pid=2354) is multi-threaded, use of fork() may lead to deadlocks in the child.
  pid = os.fork()

[2024-06-19T13:21:22.926+0000] {standard_task_runner.py:63} INFO - Started process 2355 to run task
[2024-06-19T13:21:22.926+0000] {standard_task_runner.py:90} INFO - Running: ['***', 'tasks', 'run', 'xcom_example', 'task2', 'manual__2024-06-19T13:21:21.451392+00:00', '--job-id', '105', '--raw', '--subdir', 'DAGS_FOLDER/xcom.py', '--cfg-path', '/tmp/tmptr23x910']
[2024-06-19T13:21:22.927+0000] {standard_task_runner.py:91} INFO - Job 105: Subtask task2
[2024-06-19T13:21:22.952+0000] {task_command.py:426} INFO - Running <TaskInstance: xcom_example.task2 manual__2024-06-19T13:21:21.451392+00:00 [running]> on host 61c28926c6e1
[2024-06-19T13:21:23.000+0000] {taskinstance.py:2648} INFO - Exporting env vars: AIRFLOW_CTX_DAG_OWNER='***' AIRFLOW_CTX_DAG_ID='xcom_example' AIRFLOW_CTX_TASK_ID='task2' AIRFLOW_CTX_EXECUTION_DATE='2024-06-19T13:21:21.451392+00:00' AIRFLOW_CTX_TRY_NUMBER='1' AIRFLOW_CTX_DAG_RUN_ID='manual__2024-06-19T13:21:21.451392+00:00'
[2024-06-19T13:21:23.001+0000] {taskinstance.py:430} INFO - ::endgroup::
[2024-06-19T13:21:23.014+0000] {logging_mixin.py:188} INFO - value recive: None
[2024-06-19T13:21:23.014+0000] {python.py:237} INFO - Done. Returned value was: None
[2024-06-19T13:21:23.015+0000] {taskinstance.py:441} INFO - ::group::Post task execution logs
[2024-06-19T13:21:23.020+0000] {taskinstance.py:1206} INFO - Marking task as SUCCESS. dag_id=xcom_example, task_id=task2, run_id=manual__2024-06-19T13:21:21.451392+00:00, execution_date=20240619T132121, start_date=20240619T132122, end_date=20240619T132123
[2024-06-19T13:21:23.059+0000] {local_task_job_runner.py:240} INFO - Task exited with return code 0
[2024-06-19T13:21:23.081+0000] {taskinstance.py:3503} INFO - 0 downstream tasks scheduled from follow-on schedule check
[2024-06-19T13:21:23.083+0000] {local_task_job_runner.py:222} INFO - ::endgroup::
