[2024-06-19T14:00:13.067+0000] {local_task_job_runner.py:120} INFO - ::group::Pre task execution logs
[2024-06-19T14:00:13.081+0000] {taskinstance.py:2076} INFO - Dependencies all met for dep_context=non-requeueable deps ti=<TaskInstance: default_args.task3 scheduled__2024-06-19T13:00:00+00:00 [queued]>
[2024-06-19T14:00:13.086+0000] {taskinstance.py:2076} INFO - Dependencies all met for dep_context=requeueable deps ti=<TaskInstance: default_args.task3 scheduled__2024-06-19T13:00:00+00:00 [queued]>
[2024-06-19T14:00:13.086+0000] {taskinstance.py:2306} INFO - Starting attempt 1 of 2
[2024-06-19T14:00:13.095+0000] {taskinstance.py:2330} INFO - Executing <Task(BashOperator): task3> on 2024-06-19 13:00:00+00:00
[2024-06-19T14:00:13.098+0000] {warnings.py:112} WARNING - /home/***/.local/lib/python3.12/site-packages/***/task/task_runner/standard_task_runner.py:61: DeprecationWarning: This process (pid=2893) is multi-threaded, use of fork() may lead to deadlocks in the child.
  pid = os.fork()

[2024-06-19T14:00:13.099+0000] {standard_task_runner.py:63} INFO - Started process 2894 to run task
[2024-06-19T14:00:13.099+0000] {standard_task_runner.py:90} INFO - Running: ['***', 'tasks', 'run', 'default_args', 'task3', 'scheduled__2024-06-19T13:00:00+00:00', '--job-id', '118', '--raw', '--subdir', 'DAGS_FOLDER/defaultargs.py', '--cfg-path', '/tmp/tmpf5m35hxn']
[2024-06-19T14:00:13.100+0000] {standard_task_runner.py:91} INFO - Job 118: Subtask task3
[2024-06-19T14:00:13.125+0000] {task_command.py:426} INFO - Running <TaskInstance: default_args.task3 scheduled__2024-06-19T13:00:00+00:00 [running]> on host 61c28926c6e1
[2024-06-19T14:00:13.174+0000] {taskinstance.py:2648} INFO - Exporting env vars: AIRFLOW_CTX_DAG_EMAIL='teste@gmail.com' AIRFLOW_CTX_DAG_OWNER='***' AIRFLOW_CTX_DAG_ID='default_args' AIRFLOW_CTX_TASK_ID='task3' AIRFLOW_CTX_EXECUTION_DATE='2024-06-19T13:00:00+00:00' AIRFLOW_CTX_TRY_NUMBER='1' AIRFLOW_CTX_DAG_RUN_ID='scheduled__2024-06-19T13:00:00+00:00'
[2024-06-19T14:00:13.175+0000] {taskinstance.py:430} INFO - ::endgroup::
[2024-06-19T14:00:13.183+0000] {subprocess.py:63} INFO - Tmp dir root location: /tmp
[2024-06-19T14:00:13.183+0000] {subprocess.py:75} INFO - Running command: ['/usr/bin/bash', '-c', 'sleep 5']
[2024-06-19T14:00:13.190+0000] {subprocess.py:86} INFO - Output:
[2024-06-19T14:00:18.192+0000] {subprocess.py:97} INFO - Command exited with return code 0
[2024-06-19T14:00:18.192+0000] {taskinstance.py:441} INFO - ::group::Post task execution logs
[2024-06-19T14:00:18.208+0000] {taskinstance.py:1206} INFO - Marking task as SUCCESS. dag_id=default_args, task_id=task3, run_id=scheduled__2024-06-19T13:00:00+00:00, execution_date=20240619T130000, start_date=20240619T140013, end_date=20240619T140018
[2024-06-19T14:00:18.229+0000] {local_task_job_runner.py:240} INFO - Task exited with return code 0
[2024-06-19T14:00:18.238+0000] {taskinstance.py:3503} INFO - 0 downstream tasks scheduled from follow-on schedule check
[2024-06-19T14:00:18.240+0000] {local_task_job_runner.py:222} INFO - ::endgroup::
