[2024-06-24T12:24:43.449+0000] {local_task_job_runner.py:120} INFO - ::group::Pre task execution logs
[2024-06-24T12:24:43.467+0000] {taskinstance.py:2076} INFO - Dependencies all met for dep_context=non-requeueable deps ti=<TaskInstance: hooks.select_data_task manual__2024-06-24T12:24:40.089453+00:00 [queued]>
[2024-06-24T12:24:43.472+0000] {taskinstance.py:2076} INFO - Dependencies all met for dep_context=requeueable deps ti=<TaskInstance: hooks.select_data_task manual__2024-06-24T12:24:40.089453+00:00 [queued]>
[2024-06-24T12:24:43.472+0000] {taskinstance.py:2306} INFO - Starting attempt 1 of 1
[2024-06-24T12:24:43.483+0000] {taskinstance.py:2330} INFO - Executing <Task(PythonOperator): select_data_task> on 2024-06-24 12:24:40.089453+00:00
[2024-06-24T12:24:43.486+0000] {warnings.py:112} WARNING - /home/***/.local/lib/python3.12/site-packages/***/task/task_runner/standard_task_runner.py:61: DeprecationWarning: This process (pid=776) is multi-threaded, use of fork() may lead to deadlocks in the child.
  pid = os.fork()

[2024-06-24T12:24:43.487+0000] {standard_task_runner.py:63} INFO - Started process 777 to run task
[2024-06-24T12:24:43.487+0000] {standard_task_runner.py:90} INFO - Running: ['***', 'tasks', 'run', 'hooks', 'select_data_task', 'manual__2024-06-24T12:24:40.089453+00:00', '--job-id', '445', '--raw', '--subdir', 'DAGS_FOLDER/hooks.py', '--cfg-path', '/tmp/tmpqmo6g4v_']
[2024-06-24T12:24:43.488+0000] {standard_task_runner.py:91} INFO - Job 445: Subtask select_data_task
[2024-06-24T12:24:43.519+0000] {task_command.py:426} INFO - Running <TaskInstance: hooks.select_data_task manual__2024-06-24T12:24:40.089453+00:00 [running]> on host e3e60e62d12c
[2024-06-24T12:24:43.574+0000] {taskinstance.py:2648} INFO - Exporting env vars: AIRFLOW_CTX_DAG_OWNER='***' AIRFLOW_CTX_DAG_ID='hooks' AIRFLOW_CTX_TASK_ID='select_data_task' AIRFLOW_CTX_EXECUTION_DATE='2024-06-24T12:24:40.089453+00:00' AIRFLOW_CTX_TRY_NUMBER='1' AIRFLOW_CTX_DAG_RUN_ID='manual__2024-06-24T12:24:40.089453+00:00'
[2024-06-24T12:24:43.575+0000] {taskinstance.py:430} INFO - ::endgroup::
[2024-06-24T12:24:43.589+0000] {base.py:84} INFO - Using connection ID 'postgres' for task execution.
[2024-06-24T12:24:43.591+0000] {sql.py:487} INFO - Running statement: select * from test2;, parameters: None
[2024-06-24T12:24:43.592+0000] {sql.py:496} INFO - Rows affected: 1
[2024-06-24T12:24:43.602+0000] {python.py:237} INFO - Done. Returned value was: None
[2024-06-24T12:24:43.603+0000] {taskinstance.py:441} INFO - ::group::Post task execution logs
[2024-06-24T12:24:43.608+0000] {taskinstance.py:1206} INFO - Marking task as SUCCESS. dag_id=hooks, task_id=select_data_task, run_id=manual__2024-06-24T12:24:40.089453+00:00, execution_date=20240624T122440, start_date=20240624T122443, end_date=20240624T122443
[2024-06-24T12:24:43.620+0000] {local_task_job_runner.py:240} INFO - Task exited with return code 0
[2024-06-24T12:24:43.633+0000] {taskinstance.py:3503} INFO - 1 downstream tasks scheduled from follow-on schedule check
[2024-06-24T12:24:43.635+0000] {local_task_job_runner.py:222} INFO - ::endgroup::
