[2024-06-18T13:35:24.455+0000] {local_task_job_runner.py:120} INFO - ::group::Pre task execution logs
[2024-06-18T13:35:24.475+0000] {taskinstance.py:2076} INFO - Dependencies all met for dep_context=non-requeueable deps ti=<TaskInstance: firstdag.task2 manual__2024-06-18T13:35:17.120083+00:00 [queued]>
[2024-06-18T13:35:24.480+0000] {taskinstance.py:2076} INFO - Dependencies all met for dep_context=requeueable deps ti=<TaskInstance: firstdag.task2 manual__2024-06-18T13:35:17.120083+00:00 [queued]>
[2024-06-18T13:35:24.480+0000] {taskinstance.py:2306} INFO - Starting attempt 1 of 1
[2024-06-18T13:35:24.532+0000] {taskinstance.py:2330} INFO - Executing <Task(BashOperator): task2> on 2024-06-18 13:35:17.120083+00:00
[2024-06-18T13:35:24.542+0000] {warnings.py:112} WARNING - /home/***/.local/lib/python3.12/site-packages/***/task/task_runner/standard_task_runner.py:61: DeprecationWarning: This process (pid=357) is multi-threaded, use of fork() may lead to deadlocks in the child.
  pid = os.fork()

[2024-06-18T13:35:24.543+0000] {standard_task_runner.py:63} INFO - Started process 358 to run task
[2024-06-18T13:35:24.544+0000] {standard_task_runner.py:90} INFO - Running: ['***', 'tasks', 'run', 'firstdag', 'task2', 'manual__2024-06-18T13:35:17.120083+00:00', '--job-id', '24', '--raw', '--subdir', 'DAGS_FOLDER/firstdag.py', '--cfg-path', '/tmp/tmp4uev9swn']
[2024-06-18T13:35:24.546+0000] {standard_task_runner.py:91} INFO - Job 24: Subtask task2
[2024-06-18T13:35:24.633+0000] {task_command.py:426} INFO - Running <TaskInstance: firstdag.task2 manual__2024-06-18T13:35:17.120083+00:00 [running]> on host a6ae00f47896
[2024-06-18T13:35:24.764+0000] {taskinstance.py:2648} INFO - Exporting env vars: AIRFLOW_CTX_DAG_OWNER='***' AIRFLOW_CTX_DAG_ID='firstdag' AIRFLOW_CTX_TASK_ID='task2' AIRFLOW_CTX_EXECUTION_DATE='2024-06-18T13:35:17.120083+00:00' AIRFLOW_CTX_TRY_NUMBER='1' AIRFLOW_CTX_DAG_RUN_ID='manual__2024-06-18T13:35:17.120083+00:00'
[2024-06-18T13:35:24.765+0000] {taskinstance.py:430} INFO - ::endgroup::
[2024-06-18T13:35:24.773+0000] {subprocess.py:63} INFO - Tmp dir root location: /tmp
[2024-06-18T13:35:24.774+0000] {subprocess.py:75} INFO - Running command: ['/usr/bin/bash', '-c', 'sleep 5']
[2024-06-18T13:35:24.781+0000] {subprocess.py:86} INFO - Output:
[2024-06-18T13:35:29.783+0000] {subprocess.py:97} INFO - Command exited with return code 0
[2024-06-18T13:35:29.784+0000] {taskinstance.py:441} INFO - ::group::Post task execution logs
[2024-06-18T13:35:29.837+0000] {taskinstance.py:1206} INFO - Marking task as SUCCESS. dag_id=firstdag, task_id=task2, run_id=manual__2024-06-18T13:35:17.120083+00:00, execution_date=20240618T133517, start_date=20240618T133524, end_date=20240618T133529
[2024-06-18T13:35:29.862+0000] {local_task_job_runner.py:240} INFO - Task exited with return code 0
[2024-06-18T13:35:29.874+0000] {taskinstance.py:3503} INFO - 1 downstream tasks scheduled from follow-on schedule check
[2024-06-18T13:35:29.876+0000] {local_task_job_runner.py:222} INFO - ::endgroup::
