[2024-06-25T12:54:00.595+0000] {local_task_job_runner.py:120} INFO - ::group::Pre task execution logs
[2024-06-25T12:54:00.606+0000] {taskinstance.py:2076} INFO - Dependencies all met for dep_context=non-requeueable deps ti=<TaskInstance: windturbine.file_sensor_task scheduled__2024-06-25T12:51:00+00:00 [queued]>
[2024-06-25T12:54:00.610+0000] {taskinstance.py:2076} INFO - Dependencies all met for dep_context=requeueable deps ti=<TaskInstance: windturbine.file_sensor_task scheduled__2024-06-25T12:51:00+00:00 [queued]>
[2024-06-25T12:54:00.610+0000] {taskinstance.py:2306} INFO - Starting attempt 1 of 2
[2024-06-25T12:54:00.625+0000] {taskinstance.py:2330} INFO - Executing <Task(FileSensor): file_sensor_task> on 2024-06-25 12:51:00+00:00
[2024-06-25T12:54:00.630+0000] {warnings.py:112} WARNING - /home/***/.local/lib/python3.12/site-packages/***/task/task_runner/standard_task_runner.py:61: DeprecationWarning: This process (pid=1243) is multi-threaded, use of fork() may lead to deadlocks in the child.
  pid = os.fork()

[2024-06-25T12:54:00.630+0000] {standard_task_runner.py:63} INFO - Started process 1245 to run task
[2024-06-25T12:54:00.631+0000] {standard_task_runner.py:90} INFO - Running: ['***', 'tasks', 'run', 'windturbine', 'file_sensor_task', 'scheduled__2024-06-25T12:51:00+00:00', '--job-id', '495', '--raw', '--subdir', 'DAGS_FOLDER/windturbine.py', '--cfg-path', '/tmp/tmpln_rlzs6']
[2024-06-25T12:54:00.632+0000] {standard_task_runner.py:91} INFO - Job 495: Subtask file_sensor_task
[2024-06-25T12:54:00.656+0000] {task_command.py:426} INFO - Running <TaskInstance: windturbine.file_sensor_task scheduled__2024-06-25T12:51:00+00:00 [running]> on host 8f35bebe2893
[2024-06-25T12:54:00.700+0000] {taskinstance.py:2648} INFO - Exporting env vars: AIRFLOW_CTX_DAG_EMAIL='liviataina.ltab@gmail.com' AIRFLOW_CTX_DAG_OWNER='***' AIRFLOW_CTX_DAG_ID='windturbine' AIRFLOW_CTX_TASK_ID='file_sensor_task' AIRFLOW_CTX_EXECUTION_DATE='2024-06-25T12:51:00+00:00' AIRFLOW_CTX_TRY_NUMBER='1' AIRFLOW_CTX_DAG_RUN_ID='scheduled__2024-06-25T12:51:00+00:00'
[2024-06-25T12:54:00.700+0000] {taskinstance.py:430} INFO - ::endgroup::
[2024-06-25T12:54:00.707+0000] {baseoperator.py:400} WARNING - FileSensor.execute cannot be called outside TaskInstance!
[2024-06-25T12:54:00.711+0000] {base.py:84} INFO - Using connection ID 'fs_default' for task execution.
[2024-06-25T12:54:00.712+0000] {filesystem.py:85} INFO - Poking for file /opt/***/data/data.json
[2024-06-25T12:54:10.712+0000] {filesystem.py:85} INFO - Poking for file /opt/***/data/data.json
[2024-06-25T12:54:20.713+0000] {filesystem.py:85} INFO - Poking for file /opt/***/data/data.json
[2024-06-25T12:54:30.714+0000] {filesystem.py:85} INFO - Poking for file /opt/***/data/data.json
[2024-06-25T12:54:40.715+0000] {filesystem.py:85} INFO - Poking for file /opt/***/data/data.json
[2024-06-25T12:54:50.716+0000] {filesystem.py:85} INFO - Poking for file /opt/***/data/data.json
[2024-06-25T12:55:00.717+0000] {filesystem.py:85} INFO - Poking for file /opt/***/data/data.json
[2024-06-25T12:55:10.718+0000] {filesystem.py:85} INFO - Poking for file /opt/***/data/data.json
[2024-06-25T12:55:20.719+0000] {filesystem.py:85} INFO - Poking for file /opt/***/data/data.json
[2024-06-25T12:55:30.720+0000] {filesystem.py:85} INFO - Poking for file /opt/***/data/data.json
[2024-06-25T12:55:40.721+0000] {filesystem.py:85} INFO - Poking for file /opt/***/data/data.json
[2024-06-25T12:55:50.721+0000] {filesystem.py:85} INFO - Poking for file /opt/***/data/data.json
[2024-06-25T12:56:00.722+0000] {filesystem.py:85} INFO - Poking for file /opt/***/data/data.json
[2024-06-25T12:56:10.723+0000] {filesystem.py:85} INFO - Poking for file /opt/***/data/data.json
[2024-06-25T12:56:20.724+0000] {filesystem.py:85} INFO - Poking for file /opt/***/data/data.json
[2024-06-25T12:56:30.725+0000] {filesystem.py:85} INFO - Poking for file /opt/***/data/data.json
[2024-06-25T12:56:40.725+0000] {filesystem.py:85} INFO - Poking for file /opt/***/data/data.json
[2024-06-25T12:56:50.726+0000] {filesystem.py:85} INFO - Poking for file /opt/***/data/data.json
[2024-06-25T12:57:00.727+0000] {filesystem.py:85} INFO - Poking for file /opt/***/data/data.json
[2024-06-25T12:57:10.729+0000] {filesystem.py:85} INFO - Poking for file /opt/***/data/data.json
[2024-06-25T12:57:20.730+0000] {filesystem.py:85} INFO - Poking for file /opt/***/data/data.json
[2024-06-25T12:57:30.731+0000] {filesystem.py:85} INFO - Poking for file /opt/***/data/data.json
[2024-06-25T12:57:40.732+0000] {filesystem.py:85} INFO - Poking for file /opt/***/data/data.json
[2024-06-25T12:57:50.733+0000] {filesystem.py:85} INFO - Poking for file /opt/***/data/data.json
[2024-06-25T12:58:00.734+0000] {filesystem.py:85} INFO - Poking for file /opt/***/data/data.json
[2024-06-25T12:58:10.735+0000] {filesystem.py:85} INFO - Poking for file /opt/***/data/data.json
[2024-06-25T12:58:20.736+0000] {filesystem.py:85} INFO - Poking for file /opt/***/data/data.json
[2024-06-25T12:58:30.737+0000] {filesystem.py:85} INFO - Poking for file /opt/***/data/data.json
[2024-06-25T12:58:40.738+0000] {filesystem.py:85} INFO - Poking for file /opt/***/data/data.json
[2024-06-25T12:58:50.739+0000] {filesystem.py:85} INFO - Poking for file /opt/***/data/data.json
[2024-06-25T12:59:00.740+0000] {filesystem.py:85} INFO - Poking for file /opt/***/data/data.json
[2024-06-25T12:59:10.741+0000] {filesystem.py:85} INFO - Poking for file /opt/***/data/data.json
[2024-06-25T12:59:20.742+0000] {filesystem.py:85} INFO - Poking for file /opt/***/data/data.json
[2024-06-25T12:59:30.742+0000] {filesystem.py:85} INFO - Poking for file /opt/***/data/data.json
[2024-06-25T12:59:40.743+0000] {filesystem.py:85} INFO - Poking for file /opt/***/data/data.json
[2024-06-25T12:59:50.744+0000] {filesystem.py:85} INFO - Poking for file /opt/***/data/data.json
[2024-06-25T13:00:00.745+0000] {filesystem.py:85} INFO - Poking for file /opt/***/data/data.json
[2024-06-25T13:00:10.746+0000] {filesystem.py:85} INFO - Poking for file /opt/***/data/data.json
[2024-06-25T13:00:20.746+0000] {filesystem.py:85} INFO - Poking for file /opt/***/data/data.json
[2024-06-25T13:00:30.747+0000] {filesystem.py:85} INFO - Poking for file /opt/***/data/data.json
[2024-06-25T13:00:40.748+0000] {filesystem.py:85} INFO - Poking for file /opt/***/data/data.json
[2024-06-25T13:00:50.749+0000] {filesystem.py:85} INFO - Poking for file /opt/***/data/data.json
[2024-06-25T13:01:00.750+0000] {filesystem.py:85} INFO - Poking for file /opt/***/data/data.json
[2024-06-25T13:01:10.751+0000] {filesystem.py:85} INFO - Poking for file /opt/***/data/data.json
[2024-06-25T13:01:20.753+0000] {filesystem.py:85} INFO - Poking for file /opt/***/data/data.json
[2024-06-25T13:01:30.754+0000] {filesystem.py:85} INFO - Poking for file /opt/***/data/data.json
[2024-06-25T13:01:40.754+0000] {filesystem.py:85} INFO - Poking for file /opt/***/data/data.json
[2024-06-25T13:01:50.755+0000] {filesystem.py:85} INFO - Poking for file /opt/***/data/data.json
[2024-06-25T13:02:00.755+0000] {filesystem.py:85} INFO - Poking for file /opt/***/data/data.json
[2024-06-25T13:02:10.756+0000] {filesystem.py:85} INFO - Poking for file /opt/***/data/data.json
[2024-06-25T13:02:20.757+0000] {filesystem.py:85} INFO - Poking for file /opt/***/data/data.json
[2024-06-25T13:02:30.758+0000] {filesystem.py:85} INFO - Poking for file /opt/***/data/data.json
[2024-06-25T13:02:40.758+0000] {filesystem.py:85} INFO - Poking for file /opt/***/data/data.json
[2024-06-25T13:02:50.760+0000] {filesystem.py:85} INFO - Poking for file /opt/***/data/data.json
[2024-06-25T13:03:00.761+0000] {filesystem.py:85} INFO - Poking for file /opt/***/data/data.json
[2024-06-25T13:03:10.762+0000] {filesystem.py:85} INFO - Poking for file /opt/***/data/data.json
[2024-06-25T13:03:20.763+0000] {filesystem.py:85} INFO - Poking for file /opt/***/data/data.json
[2024-06-25T13:03:30.763+0000] {filesystem.py:85} INFO - Poking for file /opt/***/data/data.json
[2024-06-25T13:03:40.764+0000] {filesystem.py:85} INFO - Poking for file /opt/***/data/data.json
[2024-06-25T13:03:50.765+0000] {filesystem.py:85} INFO - Poking for file /opt/***/data/data.json
[2024-06-25T13:04:00.766+0000] {filesystem.py:85} INFO - Poking for file /opt/***/data/data.json
[2024-06-25T13:04:10.768+0000] {filesystem.py:85} INFO - Poking for file /opt/***/data/data.json
[2024-06-25T13:04:20.769+0000] {filesystem.py:85} INFO - Poking for file /opt/***/data/data.json
[2024-06-25T13:04:30.770+0000] {filesystem.py:85} INFO - Poking for file /opt/***/data/data.json
[2024-06-25T13:04:40.771+0000] {filesystem.py:85} INFO - Poking for file /opt/***/data/data.json
[2024-06-25T13:04:50.772+0000] {filesystem.py:85} INFO - Poking for file /opt/***/data/data.json
[2024-06-25T13:05:00.773+0000] {filesystem.py:85} INFO - Poking for file /opt/***/data/data.json
[2024-06-25T13:05:10.773+0000] {filesystem.py:85} INFO - Poking for file /opt/***/data/data.json
[2024-06-25T13:05:20.774+0000] {filesystem.py:85} INFO - Poking for file /opt/***/data/data.json
[2024-06-25T13:05:30.775+0000] {filesystem.py:85} INFO - Poking for file /opt/***/data/data.json
[2024-06-25T13:05:40.776+0000] {filesystem.py:85} INFO - Poking for file /opt/***/data/data.json
[2024-06-25T13:05:50.776+0000] {filesystem.py:85} INFO - Poking for file /opt/***/data/data.json
[2024-06-25T13:06:00.776+0000] {filesystem.py:85} INFO - Poking for file /opt/***/data/data.json
[2024-06-25T13:06:10.777+0000] {filesystem.py:85} INFO - Poking for file /opt/***/data/data.json
[2024-06-25T13:06:20.777+0000] {filesystem.py:85} INFO - Poking for file /opt/***/data/data.json
[2024-06-25T13:06:30.778+0000] {filesystem.py:85} INFO - Poking for file /opt/***/data/data.json
[2024-06-25T13:06:40.779+0000] {filesystem.py:85} INFO - Poking for file /opt/***/data/data.json
[2024-06-25T13:06:50.779+0000] {filesystem.py:85} INFO - Poking for file /opt/***/data/data.json
[2024-06-25T13:07:00.780+0000] {filesystem.py:85} INFO - Poking for file /opt/***/data/data.json
[2024-06-25T13:07:10.781+0000] {filesystem.py:85} INFO - Poking for file /opt/***/data/data.json
[2024-06-25T13:07:20.782+0000] {filesystem.py:85} INFO - Poking for file /opt/***/data/data.json
[2024-06-25T13:07:30.783+0000] {filesystem.py:85} INFO - Poking for file /opt/***/data/data.json
[2024-06-25T13:07:40.783+0000] {filesystem.py:85} INFO - Poking for file /opt/***/data/data.json
[2024-06-25T13:07:50.784+0000] {filesystem.py:85} INFO - Poking for file /opt/***/data/data.json
[2024-06-25T13:08:00.784+0000] {filesystem.py:85} INFO - Poking for file /opt/***/data/data.json
[2024-06-25T13:08:10.785+0000] {filesystem.py:85} INFO - Poking for file /opt/***/data/data.json
[2024-06-25T13:08:20.786+0000] {filesystem.py:85} INFO - Poking for file /opt/***/data/data.json
[2024-06-25T13:08:30.787+0000] {filesystem.py:85} INFO - Poking for file /opt/***/data/data.json
[2024-06-25T13:08:40.788+0000] {filesystem.py:85} INFO - Poking for file /opt/***/data/data.json
[2024-06-25T13:08:50.789+0000] {filesystem.py:85} INFO - Poking for file /opt/***/data/data.json
[2024-06-25T13:09:00.790+0000] {filesystem.py:85} INFO - Poking for file /opt/***/data/data.json
[2024-06-25T13:09:10.790+0000] {filesystem.py:85} INFO - Poking for file /opt/***/data/data.json
[2024-06-25T13:09:20.791+0000] {filesystem.py:85} INFO - Poking for file /opt/***/data/data.json
[2024-06-25T13:09:30.791+0000] {filesystem.py:85} INFO - Poking for file /opt/***/data/data.json
[2024-06-25T13:09:40.792+0000] {filesystem.py:85} INFO - Poking for file /opt/***/data/data.json
[2024-06-25T13:09:50.793+0000] {filesystem.py:85} INFO - Poking for file /opt/***/data/data.json
[2024-06-25T13:10:00.794+0000] {filesystem.py:85} INFO - Poking for file /opt/***/data/data.json
[2024-06-25T13:10:10.795+0000] {filesystem.py:85} INFO - Poking for file /opt/***/data/data.json
[2024-06-25T13:10:20.795+0000] {filesystem.py:85} INFO - Poking for file /opt/***/data/data.json
[2024-06-25T13:10:30.796+0000] {filesystem.py:85} INFO - Poking for file /opt/***/data/data.json
[2024-06-25T13:10:40.797+0000] {filesystem.py:85} INFO - Poking for file /opt/***/data/data.json
[2024-06-25T13:10:50.798+0000] {filesystem.py:85} INFO - Poking for file /opt/***/data/data.json
[2024-06-25T13:11:00.798+0000] {filesystem.py:85} INFO - Poking for file /opt/***/data/data.json
[2024-06-25T13:11:10.799+0000] {filesystem.py:85} INFO - Poking for file /opt/***/data/data.json
[2024-06-25T13:11:20.800+0000] {filesystem.py:85} INFO - Poking for file /opt/***/data/data.json
[2024-06-25T13:11:30.801+0000] {filesystem.py:85} INFO - Poking for file /opt/***/data/data.json
[2024-06-25T13:11:40.802+0000] {filesystem.py:85} INFO - Poking for file /opt/***/data/data.json
[2024-06-25T13:11:50.802+0000] {filesystem.py:85} INFO - Poking for file /opt/***/data/data.json
[2024-06-25T13:12:00.803+0000] {filesystem.py:85} INFO - Poking for file /opt/***/data/data.json
[2024-06-25T13:12:10.804+0000] {filesystem.py:85} INFO - Poking for file /opt/***/data/data.json
[2024-06-25T13:12:20.804+0000] {filesystem.py:85} INFO - Poking for file /opt/***/data/data.json
[2024-06-25T13:12:30.805+0000] {filesystem.py:85} INFO - Poking for file /opt/***/data/data.json
[2024-06-25T13:12:40.806+0000] {filesystem.py:85} INFO - Poking for file /opt/***/data/data.json
[2024-06-25T13:12:50.806+0000] {filesystem.py:85} INFO - Poking for file /opt/***/data/data.json
[2024-06-25T13:13:00.807+0000] {filesystem.py:85} INFO - Poking for file /opt/***/data/data.json
[2024-06-25T13:13:10.808+0000] {filesystem.py:85} INFO - Poking for file /opt/***/data/data.json
[2024-06-25T13:13:20.809+0000] {filesystem.py:85} INFO - Poking for file /opt/***/data/data.json
[2024-06-25T13:13:30.810+0000] {filesystem.py:85} INFO - Poking for file /opt/***/data/data.json
[2024-06-25T13:13:40.811+0000] {filesystem.py:85} INFO - Poking for file /opt/***/data/data.json
[2024-06-25T13:13:50.811+0000] {filesystem.py:85} INFO - Poking for file /opt/***/data/data.json
[2024-06-25T13:14:00.812+0000] {filesystem.py:85} INFO - Poking for file /opt/***/data/data.json
[2024-06-25T13:14:10.812+0000] {filesystem.py:85} INFO - Poking for file /opt/***/data/data.json
[2024-06-25T13:14:20.813+0000] {filesystem.py:85} INFO - Poking for file /opt/***/data/data.json
[2024-06-25T13:14:30.814+0000] {filesystem.py:85} INFO - Poking for file /opt/***/data/data.json
[2024-06-25T13:14:40.815+0000] {filesystem.py:85} INFO - Poking for file /opt/***/data/data.json
[2024-06-25T13:14:50.816+0000] {filesystem.py:85} INFO - Poking for file /opt/***/data/data.json
[2024-06-25T13:15:00.817+0000] {filesystem.py:85} INFO - Poking for file /opt/***/data/data.json
[2024-06-25T13:15:10.818+0000] {filesystem.py:85} INFO - Poking for file /opt/***/data/data.json
[2024-06-25T13:15:20.818+0000] {filesystem.py:85} INFO - Poking for file /opt/***/data/data.json
[2024-06-25T13:15:30.819+0000] {filesystem.py:85} INFO - Poking for file /opt/***/data/data.json
[2024-06-25T13:15:40.820+0000] {filesystem.py:85} INFO - Poking for file /opt/***/data/data.json
[2024-06-25T13:15:50.821+0000] {filesystem.py:85} INFO - Poking for file /opt/***/data/data.json
[2024-06-25T13:16:00.821+0000] {filesystem.py:85} INFO - Poking for file /opt/***/data/data.json
[2024-06-25T13:16:10.822+0000] {filesystem.py:85} INFO - Poking for file /opt/***/data/data.json
[2024-06-25T13:16:20.823+0000] {filesystem.py:85} INFO - Poking for file /opt/***/data/data.json
[2024-06-25T13:16:30.824+0000] {filesystem.py:85} INFO - Poking for file /opt/***/data/data.json
[2024-06-25T13:16:40.825+0000] {filesystem.py:85} INFO - Poking for file /opt/***/data/data.json
[2024-06-25T13:16:50.826+0000] {filesystem.py:85} INFO - Poking for file /opt/***/data/data.json
[2024-06-25T13:17:00.827+0000] {filesystem.py:85} INFO - Poking for file /opt/***/data/data.json
[2024-06-25T13:17:10.827+0000] {filesystem.py:85} INFO - Poking for file /opt/***/data/data.json
[2024-06-25T13:17:20.828+0000] {filesystem.py:85} INFO - Poking for file /opt/***/data/data.json
[2024-06-25T13:17:30.829+0000] {filesystem.py:85} INFO - Poking for file /opt/***/data/data.json
[2024-06-25T13:17:40.830+0000] {filesystem.py:85} INFO - Poking for file /opt/***/data/data.json
[2024-06-25T13:17:50.830+0000] {filesystem.py:85} INFO - Poking for file /opt/***/data/data.json
[2024-06-25T13:18:00.831+0000] {filesystem.py:85} INFO - Poking for file /opt/***/data/data.json
[2024-06-25T13:18:10.832+0000] {filesystem.py:85} INFO - Poking for file /opt/***/data/data.json
[2024-06-25T13:18:20.833+0000] {filesystem.py:85} INFO - Poking for file /opt/***/data/data.json
[2024-06-25T13:18:30.833+0000] {filesystem.py:85} INFO - Poking for file /opt/***/data/data.json
[2024-06-25T13:18:40.833+0000] {filesystem.py:85} INFO - Poking for file /opt/***/data/data.json
[2024-06-25T13:18:50.835+0000] {filesystem.py:85} INFO - Poking for file /opt/***/data/data.json
[2024-06-25T13:19:00.835+0000] {filesystem.py:85} INFO - Poking for file /opt/***/data/data.json
[2024-06-25T13:19:10.836+0000] {filesystem.py:85} INFO - Poking for file /opt/***/data/data.json
[2024-06-25T13:19:20.837+0000] {filesystem.py:85} INFO - Poking for file /opt/***/data/data.json
[2024-06-25T13:19:30.838+0000] {filesystem.py:85} INFO - Poking for file /opt/***/data/data.json
[2024-06-25T13:19:40.839+0000] {filesystem.py:85} INFO - Poking for file /opt/***/data/data.json
[2024-06-25T13:19:50.840+0000] {filesystem.py:85} INFO - Poking for file /opt/***/data/data.json
[2024-06-25T13:20:00.840+0000] {filesystem.py:85} INFO - Poking for file /opt/***/data/data.json
[2024-06-25T13:20:10.841+0000] {filesystem.py:85} INFO - Poking for file /opt/***/data/data.json
[2024-06-25T13:20:20.841+0000] {filesystem.py:85} INFO - Poking for file /opt/***/data/data.json
[2024-06-25T13:20:30.842+0000] {filesystem.py:85} INFO - Poking for file /opt/***/data/data.json
[2024-06-25T13:20:40.844+0000] {filesystem.py:85} INFO - Poking for file /opt/***/data/data.json
[2024-06-25T13:20:50.845+0000] {filesystem.py:85} INFO - Poking for file /opt/***/data/data.json
[2024-06-25T13:21:00.846+0000] {filesystem.py:85} INFO - Poking for file /opt/***/data/data.json
[2024-06-25T13:21:10.846+0000] {filesystem.py:85} INFO - Poking for file /opt/***/data/data.json
[2024-06-25T13:21:20.847+0000] {filesystem.py:85} INFO - Poking for file /opt/***/data/data.json
[2024-06-25T13:21:30.848+0000] {filesystem.py:85} INFO - Poking for file /opt/***/data/data.json
[2024-06-25T13:21:40.848+0000] {filesystem.py:85} INFO - Poking for file /opt/***/data/data.json
[2024-06-25T13:21:50.849+0000] {filesystem.py:85} INFO - Poking for file /opt/***/data/data.json
[2024-06-25T13:22:00.849+0000] {filesystem.py:85} INFO - Poking for file /opt/***/data/data.json
[2024-06-25T13:22:10.851+0000] {filesystem.py:85} INFO - Poking for file /opt/***/data/data.json
[2024-06-25T13:22:20.851+0000] {filesystem.py:85} INFO - Poking for file /opt/***/data/data.json
[2024-06-25T13:22:30.852+0000] {filesystem.py:85} INFO - Poking for file /opt/***/data/data.json
[2024-06-25T13:22:40.853+0000] {filesystem.py:85} INFO - Poking for file /opt/***/data/data.json
[2024-06-25T13:22:50.855+0000] {filesystem.py:85} INFO - Poking for file /opt/***/data/data.json
[2024-06-25T13:23:00.856+0000] {filesystem.py:85} INFO - Poking for file /opt/***/data/data.json
[2024-06-25T13:23:10.857+0000] {filesystem.py:85} INFO - Poking for file /opt/***/data/data.json
[2024-06-25T13:23:20.858+0000] {filesystem.py:85} INFO - Poking for file /opt/***/data/data.json
[2024-06-25T13:23:30.859+0000] {filesystem.py:85} INFO - Poking for file /opt/***/data/data.json
[2024-06-25T13:23:40.859+0000] {filesystem.py:85} INFO - Poking for file /opt/***/data/data.json
[2024-06-25T13:23:50.860+0000] {filesystem.py:85} INFO - Poking for file /opt/***/data/data.json
[2024-06-25T13:24:00.860+0000] {filesystem.py:85} INFO - Poking for file /opt/***/data/data.json
[2024-06-25T13:24:10.861+0000] {filesystem.py:85} INFO - Poking for file /opt/***/data/data.json
[2024-06-25T13:24:20.862+0000] {filesystem.py:85} INFO - Poking for file /opt/***/data/data.json
[2024-06-25T13:24:30.863+0000] {filesystem.py:85} INFO - Poking for file /opt/***/data/data.json
[2024-06-25T13:24:40.863+0000] {filesystem.py:85} INFO - Poking for file /opt/***/data/data.json
[2024-06-25T13:24:50.864+0000] {filesystem.py:85} INFO - Poking for file /opt/***/data/data.json
[2024-06-25T13:25:00.865+0000] {filesystem.py:85} INFO - Poking for file /opt/***/data/data.json
[2024-06-25T13:25:10.866+0000] {filesystem.py:85} INFO - Poking for file /opt/***/data/data.json
[2024-06-25T13:25:20.867+0000] {filesystem.py:85} INFO - Poking for file /opt/***/data/data.json
[2024-06-25T13:25:30.868+0000] {filesystem.py:85} INFO - Poking for file /opt/***/data/data.json
[2024-06-25T13:25:40.869+0000] {filesystem.py:85} INFO - Poking for file /opt/***/data/data.json
[2024-06-25T13:25:50.870+0000] {filesystem.py:85} INFO - Poking for file /opt/***/data/data.json
[2024-06-25T13:26:00.870+0000] {filesystem.py:85} INFO - Poking for file /opt/***/data/data.json
[2024-06-25T13:26:10.871+0000] {filesystem.py:85} INFO - Poking for file /opt/***/data/data.json
[2024-06-25T13:26:20.872+0000] {filesystem.py:85} INFO - Poking for file /opt/***/data/data.json
[2024-06-25T13:26:30.873+0000] {filesystem.py:85} INFO - Poking for file /opt/***/data/data.json
[2024-06-25T13:26:40.875+0000] {filesystem.py:85} INFO - Poking for file /opt/***/data/data.json
[2024-06-25T13:26:50.876+0000] {filesystem.py:85} INFO - Poking for file /opt/***/data/data.json
[2024-06-25T13:27:00.876+0000] {filesystem.py:85} INFO - Poking for file /opt/***/data/data.json
[2024-06-25T13:27:10.877+0000] {filesystem.py:85} INFO - Poking for file /opt/***/data/data.json
[2024-06-25T13:27:20.878+0000] {filesystem.py:85} INFO - Poking for file /opt/***/data/data.json
[2024-06-25T13:27:30.879+0000] {filesystem.py:85} INFO - Poking for file /opt/***/data/data.json
[2024-06-25T13:27:40.880+0000] {filesystem.py:85} INFO - Poking for file /opt/***/data/data.json
[2024-06-25T13:27:50.881+0000] {filesystem.py:85} INFO - Poking for file /opt/***/data/data.json
[2024-06-25T13:28:00.882+0000] {filesystem.py:85} INFO - Poking for file /opt/***/data/data.json
[2024-06-25T13:28:10.883+0000] {filesystem.py:85} INFO - Poking for file /opt/***/data/data.json
[2024-06-25T13:28:20.883+0000] {filesystem.py:85} INFO - Poking for file /opt/***/data/data.json
[2024-06-25T13:28:30.884+0000] {filesystem.py:85} INFO - Poking for file /opt/***/data/data.json
[2024-06-25T13:28:40.884+0000] {filesystem.py:85} INFO - Poking for file /opt/***/data/data.json
[2024-06-25T13:28:50.885+0000] {filesystem.py:85} INFO - Poking for file /opt/***/data/data.json
[2024-06-25T13:29:00.886+0000] {filesystem.py:85} INFO - Poking for file /opt/***/data/data.json
[2024-06-25T13:29:10.887+0000] {filesystem.py:85} INFO - Poking for file /opt/***/data/data.json
[2024-06-25T13:29:20.888+0000] {filesystem.py:85} INFO - Poking for file /opt/***/data/data.json
[2024-06-25T13:29:30.889+0000] {filesystem.py:85} INFO - Poking for file /opt/***/data/data.json
[2024-06-25T13:29:40.889+0000] {filesystem.py:85} INFO - Poking for file /opt/***/data/data.json
[2024-06-25T13:29:50.890+0000] {filesystem.py:85} INFO - Poking for file /opt/***/data/data.json
[2024-06-25T13:30:00.891+0000] {filesystem.py:85} INFO - Poking for file /opt/***/data/data.json
[2024-06-25T13:30:10.892+0000] {filesystem.py:85} INFO - Poking for file /opt/***/data/data.json
[2024-06-25T13:30:20.893+0000] {filesystem.py:85} INFO - Poking for file /opt/***/data/data.json
[2024-06-25T13:30:30.893+0000] {filesystem.py:85} INFO - Poking for file /opt/***/data/data.json
[2024-06-25T13:30:40.894+0000] {filesystem.py:85} INFO - Poking for file /opt/***/data/data.json
[2024-06-25T13:30:50.895+0000] {filesystem.py:85} INFO - Poking for file /opt/***/data/data.json
[2024-06-25T13:31:00.895+0000] {filesystem.py:85} INFO - Poking for file /opt/***/data/data.json
[2024-06-25T13:31:10.896+0000] {filesystem.py:85} INFO - Poking for file /opt/***/data/data.json
[2024-06-25T13:31:20.897+0000] {filesystem.py:85} INFO - Poking for file /opt/***/data/data.json
[2024-06-25T13:31:30.898+0000] {filesystem.py:85} INFO - Poking for file /opt/***/data/data.json
[2024-06-25T13:31:40.899+0000] {filesystem.py:85} INFO - Poking for file /opt/***/data/data.json
[2024-06-25T13:31:50.900+0000] {filesystem.py:85} INFO - Poking for file /opt/***/data/data.json
[2024-06-25T13:32:00.900+0000] {filesystem.py:85} INFO - Poking for file /opt/***/data/data.json
[2024-06-25T13:32:10.901+0000] {filesystem.py:85} INFO - Poking for file /opt/***/data/data.json
[2024-06-25T13:32:20.902+0000] {filesystem.py:85} INFO - Poking for file /opt/***/data/data.json
[2024-06-25T13:32:30.903+0000] {filesystem.py:85} INFO - Poking for file /opt/***/data/data.json
[2024-06-25T13:32:40.904+0000] {filesystem.py:85} INFO - Poking for file /opt/***/data/data.json
[2024-06-25T13:32:50.905+0000] {filesystem.py:85} INFO - Poking for file /opt/***/data/data.json
[2024-06-25T13:33:00.905+0000] {filesystem.py:85} INFO - Poking for file /opt/***/data/data.json
[2024-06-25T13:33:10.906+0000] {filesystem.py:85} INFO - Poking for file /opt/***/data/data.json
[2024-06-25T13:33:20.907+0000] {filesystem.py:85} INFO - Poking for file /opt/***/data/data.json
[2024-06-25T13:33:30.908+0000] {filesystem.py:85} INFO - Poking for file /opt/***/data/data.json
[2024-06-25T13:33:40.909+0000] {filesystem.py:85} INFO - Poking for file /opt/***/data/data.json
[2024-06-25T13:33:50.909+0000] {filesystem.py:85} INFO - Poking for file /opt/***/data/data.json
[2024-06-25T13:34:00.910+0000] {filesystem.py:85} INFO - Poking for file /opt/***/data/data.json
[2024-06-25T13:34:10.911+0000] {filesystem.py:85} INFO - Poking for file /opt/***/data/data.json
[2024-06-25T13:34:20.911+0000] {filesystem.py:85} INFO - Poking for file /opt/***/data/data.json
[2024-06-25T13:34:30.912+0000] {filesystem.py:85} INFO - Poking for file /opt/***/data/data.json
[2024-06-25T13:34:40.913+0000] {filesystem.py:85} INFO - Poking for file /opt/***/data/data.json
[2024-06-25T13:34:50.914+0000] {filesystem.py:85} INFO - Poking for file /opt/***/data/data.json
[2024-06-25T13:35:00.914+0000] {filesystem.py:85} INFO - Poking for file /opt/***/data/data.json
[2024-06-25T13:35:10.915+0000] {filesystem.py:85} INFO - Poking for file /opt/***/data/data.json
[2024-06-25T13:35:20.916+0000] {filesystem.py:85} INFO - Poking for file /opt/***/data/data.json
[2024-06-25T13:35:30.916+0000] {filesystem.py:85} INFO - Poking for file /opt/***/data/data.json
[2024-06-25T13:35:40.917+0000] {filesystem.py:85} INFO - Poking for file /opt/***/data/data.json
[2024-06-25T13:35:50.918+0000] {filesystem.py:85} INFO - Poking for file /opt/***/data/data.json
[2024-06-25T13:36:00.919+0000] {filesystem.py:85} INFO - Poking for file /opt/***/data/data.json
[2024-06-25T13:36:10.920+0000] {filesystem.py:85} INFO - Poking for file /opt/***/data/data.json
[2024-06-25T13:36:20.921+0000] {filesystem.py:85} INFO - Poking for file /opt/***/data/data.json
[2024-06-25T13:36:30.921+0000] {filesystem.py:85} INFO - Poking for file /opt/***/data/data.json
[2024-06-25T13:36:40.922+0000] {filesystem.py:85} INFO - Poking for file /opt/***/data/data.json
[2024-06-25T13:36:50.923+0000] {filesystem.py:85} INFO - Poking for file /opt/***/data/data.json
[2024-06-25T13:37:00.924+0000] {filesystem.py:85} INFO - Poking for file /opt/***/data/data.json
[2024-06-25T13:37:10.924+0000] {filesystem.py:85} INFO - Poking for file /opt/***/data/data.json
[2024-06-25T13:37:20.924+0000] {filesystem.py:85} INFO - Poking for file /opt/***/data/data.json
[2024-06-25T13:37:30.925+0000] {filesystem.py:85} INFO - Poking for file /opt/***/data/data.json
[2024-06-25T13:37:40.926+0000] {filesystem.py:85} INFO - Poking for file /opt/***/data/data.json
[2024-06-25T13:37:50.927+0000] {filesystem.py:85} INFO - Poking for file /opt/***/data/data.json
[2024-06-25T13:38:00.927+0000] {filesystem.py:85} INFO - Poking for file /opt/***/data/data.json
[2024-06-25T13:38:10.928+0000] {filesystem.py:85} INFO - Poking for file /opt/***/data/data.json
[2024-06-25T13:38:20.929+0000] {filesystem.py:85} INFO - Poking for file /opt/***/data/data.json
[2024-06-25T13:38:30.930+0000] {filesystem.py:85} INFO - Poking for file /opt/***/data/data.json
[2024-06-25T13:38:40.930+0000] {filesystem.py:85} INFO - Poking for file /opt/***/data/data.json
[2024-06-25T13:38:50.931+0000] {filesystem.py:85} INFO - Poking for file /opt/***/data/data.json
[2024-06-25T13:39:00.932+0000] {filesystem.py:85} INFO - Poking for file /opt/***/data/data.json
[2024-06-25T13:39:10.932+0000] {filesystem.py:85} INFO - Poking for file /opt/***/data/data.json
[2024-06-25T13:39:20.933+0000] {filesystem.py:85} INFO - Poking for file /opt/***/data/data.json
[2024-06-25T13:39:30.934+0000] {filesystem.py:85} INFO - Poking for file /opt/***/data/data.json
[2024-06-25T13:39:40.935+0000] {filesystem.py:85} INFO - Poking for file /opt/***/data/data.json
[2024-06-25T13:39:50.936+0000] {filesystem.py:85} INFO - Poking for file /opt/***/data/data.json
[2024-06-25T13:40:00.937+0000] {filesystem.py:85} INFO - Poking for file /opt/***/data/data.json
[2024-06-25T13:40:10.938+0000] {filesystem.py:85} INFO - Poking for file /opt/***/data/data.json
[2024-06-25T13:40:20.939+0000] {filesystem.py:85} INFO - Poking for file /opt/***/data/data.json
[2024-06-25T13:40:30.940+0000] {filesystem.py:85} INFO - Poking for file /opt/***/data/data.json
[2024-06-25T13:40:40.941+0000] {filesystem.py:85} INFO - Poking for file /opt/***/data/data.json
[2024-06-25T13:40:50.941+0000] {filesystem.py:85} INFO - Poking for file /opt/***/data/data.json
[2024-06-25T13:41:00.941+0000] {filesystem.py:85} INFO - Poking for file /opt/***/data/data.json
[2024-06-25T13:41:10.942+0000] {filesystem.py:85} INFO - Poking for file /opt/***/data/data.json
[2024-06-25T13:41:20.943+0000] {filesystem.py:85} INFO - Poking for file /opt/***/data/data.json
[2024-06-25T13:41:30.943+0000] {filesystem.py:85} INFO - Poking for file /opt/***/data/data.json
[2024-06-25T13:41:40.944+0000] {filesystem.py:85} INFO - Poking for file /opt/***/data/data.json
[2024-06-25T13:41:50.945+0000] {filesystem.py:85} INFO - Poking for file /opt/***/data/data.json
[2024-06-25T13:42:00.945+0000] {filesystem.py:85} INFO - Poking for file /opt/***/data/data.json
[2024-06-25T13:42:10.946+0000] {filesystem.py:85} INFO - Poking for file /opt/***/data/data.json
[2024-06-25T13:42:20.947+0000] {filesystem.py:85} INFO - Poking for file /opt/***/data/data.json
[2024-06-25T13:42:30.948+0000] {filesystem.py:85} INFO - Poking for file /opt/***/data/data.json
[2024-06-25T13:42:40.949+0000] {filesystem.py:85} INFO - Poking for file /opt/***/data/data.json
[2024-06-25T13:42:50.949+0000] {filesystem.py:85} INFO - Poking for file /opt/***/data/data.json
[2024-06-25T13:43:00.950+0000] {filesystem.py:85} INFO - Poking for file /opt/***/data/data.json
[2024-06-25T13:43:10.951+0000] {filesystem.py:85} INFO - Poking for file /opt/***/data/data.json
[2024-06-25T13:43:20.952+0000] {filesystem.py:85} INFO - Poking for file /opt/***/data/data.json
[2024-06-25T13:43:30.953+0000] {filesystem.py:85} INFO - Poking for file /opt/***/data/data.json
[2024-06-25T13:43:40.953+0000] {filesystem.py:85} INFO - Poking for file /opt/***/data/data.json
[2024-06-25T13:43:50.954+0000] {filesystem.py:85} INFO - Poking for file /opt/***/data/data.json
[2024-06-25T13:44:00.954+0000] {filesystem.py:85} INFO - Poking for file /opt/***/data/data.json
[2024-06-25T13:44:10.955+0000] {filesystem.py:85} INFO - Poking for file /opt/***/data/data.json
[2024-06-25T13:44:20.955+0000] {filesystem.py:85} INFO - Poking for file /opt/***/data/data.json
[2024-06-25T13:44:30.956+0000] {filesystem.py:85} INFO - Poking for file /opt/***/data/data.json
[2024-06-25T13:44:40.957+0000] {filesystem.py:85} INFO - Poking for file /opt/***/data/data.json
[2024-06-25T13:44:50.958+0000] {filesystem.py:85} INFO - Poking for file /opt/***/data/data.json
[2024-06-25T13:45:00.958+0000] {filesystem.py:85} INFO - Poking for file /opt/***/data/data.json
[2024-06-25T13:45:10.959+0000] {filesystem.py:85} INFO - Poking for file /opt/***/data/data.json
[2024-06-25T13:45:20.960+0000] {filesystem.py:85} INFO - Poking for file /opt/***/data/data.json
[2024-06-25T13:45:30.960+0000] {filesystem.py:85} INFO - Poking for file /opt/***/data/data.json
[2024-06-25T13:45:40.961+0000] {filesystem.py:85} INFO - Poking for file /opt/***/data/data.json
[2024-06-25T13:45:50.962+0000] {filesystem.py:85} INFO - Poking for file /opt/***/data/data.json
[2024-06-25T13:46:00.963+0000] {filesystem.py:85} INFO - Poking for file /opt/***/data/data.json
[2024-06-25T13:46:10.964+0000] {filesystem.py:85} INFO - Poking for file /opt/***/data/data.json
[2024-06-25T13:46:20.964+0000] {filesystem.py:85} INFO - Poking for file /opt/***/data/data.json
[2024-06-25T13:46:30.965+0000] {filesystem.py:85} INFO - Poking for file /opt/***/data/data.json
[2024-06-25T13:46:40.967+0000] {filesystem.py:85} INFO - Poking for file /opt/***/data/data.json
[2024-06-25T13:46:50.968+0000] {filesystem.py:85} INFO - Poking for file /opt/***/data/data.json
[2024-06-25T13:47:00.968+0000] {filesystem.py:85} INFO - Poking for file /opt/***/data/data.json
[2024-06-25T13:47:10.969+0000] {filesystem.py:85} INFO - Poking for file /opt/***/data/data.json
[2024-06-25T13:47:20.970+0000] {filesystem.py:85} INFO - Poking for file /opt/***/data/data.json
[2024-06-25T13:47:30.970+0000] {filesystem.py:85} INFO - Poking for file /opt/***/data/data.json
[2024-06-25T13:47:40.971+0000] {filesystem.py:85} INFO - Poking for file /opt/***/data/data.json
[2024-06-25T13:47:50.972+0000] {filesystem.py:85} INFO - Poking for file /opt/***/data/data.json
[2024-06-25T13:48:00.973+0000] {filesystem.py:85} INFO - Poking for file /opt/***/data/data.json
[2024-06-25T13:48:10.974+0000] {filesystem.py:85} INFO - Poking for file /opt/***/data/data.json
[2024-06-25T13:48:20.974+0000] {filesystem.py:85} INFO - Poking for file /opt/***/data/data.json
[2024-06-25T13:48:30.975+0000] {filesystem.py:85} INFO - Poking for file /opt/***/data/data.json
[2024-06-25T13:48:40.976+0000] {filesystem.py:85} INFO - Poking for file /opt/***/data/data.json
[2024-06-25T13:48:50.976+0000] {filesystem.py:85} INFO - Poking for file /opt/***/data/data.json
[2024-06-25T13:49:00.977+0000] {filesystem.py:85} INFO - Poking for file /opt/***/data/data.json
[2024-06-25T13:49:10.978+0000] {filesystem.py:85} INFO - Poking for file /opt/***/data/data.json
[2024-06-25T13:49:20.979+0000] {filesystem.py:85} INFO - Poking for file /opt/***/data/data.json
[2024-06-25T13:49:30.980+0000] {filesystem.py:85} INFO - Poking for file /opt/***/data/data.json
[2024-06-25T13:49:40.981+0000] {filesystem.py:85} INFO - Poking for file /opt/***/data/data.json
[2024-06-25T13:49:50.982+0000] {filesystem.py:85} INFO - Poking for file /opt/***/data/data.json
[2024-06-25T13:50:00.982+0000] {filesystem.py:85} INFO - Poking for file /opt/***/data/data.json
[2024-06-25T13:50:10.983+0000] {filesystem.py:85} INFO - Poking for file /opt/***/data/data.json
[2024-06-25T13:50:20.984+0000] {filesystem.py:85} INFO - Poking for file /opt/***/data/data.json
[2024-06-25T13:50:30.984+0000] {filesystem.py:85} INFO - Poking for file /opt/***/data/data.json
[2024-06-25T13:50:40.985+0000] {filesystem.py:85} INFO - Poking for file /opt/***/data/data.json
[2024-06-25T13:50:50.986+0000] {filesystem.py:85} INFO - Poking for file /opt/***/data/data.json
[2024-06-25T13:51:00.986+0000] {filesystem.py:85} INFO - Poking for file /opt/***/data/data.json
[2024-06-25T13:51:10.986+0000] {filesystem.py:85} INFO - Poking for file /opt/***/data/data.json
[2024-06-25T13:51:20.987+0000] {filesystem.py:85} INFO - Poking for file /opt/***/data/data.json
[2024-06-25T13:51:30.988+0000] {filesystem.py:85} INFO - Poking for file /opt/***/data/data.json
[2024-06-25T13:51:40.988+0000] {filesystem.py:85} INFO - Poking for file /opt/***/data/data.json
[2024-06-25T13:51:50.989+0000] {filesystem.py:85} INFO - Poking for file /opt/***/data/data.json
[2024-06-25T13:52:00.990+0000] {filesystem.py:85} INFO - Poking for file /opt/***/data/data.json
[2024-06-25T13:52:10.991+0000] {filesystem.py:85} INFO - Poking for file /opt/***/data/data.json
[2024-06-25T13:52:20.992+0000] {filesystem.py:85} INFO - Poking for file /opt/***/data/data.json
[2024-06-25T13:52:30.993+0000] {filesystem.py:85} INFO - Poking for file /opt/***/data/data.json
[2024-06-25T13:52:40.994+0000] {filesystem.py:85} INFO - Poking for file /opt/***/data/data.json
[2024-06-25T13:52:50.995+0000] {filesystem.py:85} INFO - Poking for file /opt/***/data/data.json
[2024-06-25T13:53:00.996+0000] {filesystem.py:85} INFO - Poking for file /opt/***/data/data.json
[2024-06-25T13:53:10.997+0000] {filesystem.py:85} INFO - Poking for file /opt/***/data/data.json
[2024-06-25T13:53:20.998+0000] {filesystem.py:85} INFO - Poking for file /opt/***/data/data.json
[2024-06-25T13:53:30.999+0000] {filesystem.py:85} INFO - Poking for file /opt/***/data/data.json
[2024-06-25T13:53:40.999+0000] {filesystem.py:85} INFO - Poking for file /opt/***/data/data.json
[2024-06-25T13:53:51.000+0000] {filesystem.py:85} INFO - Poking for file /opt/***/data/data.json
[2024-06-25T13:54:01.001+0000] {filesystem.py:85} INFO - Poking for file /opt/***/data/data.json
[2024-06-25T13:54:11.002+0000] {filesystem.py:85} INFO - Poking for file /opt/***/data/data.json
[2024-06-25T13:54:21.003+0000] {filesystem.py:85} INFO - Poking for file /opt/***/data/data.json
[2024-06-25T13:54:31.003+0000] {filesystem.py:85} INFO - Poking for file /opt/***/data/data.json
[2024-06-25T13:54:41.004+0000] {filesystem.py:85} INFO - Poking for file /opt/***/data/data.json
[2024-06-25T13:54:51.005+0000] {filesystem.py:85} INFO - Poking for file /opt/***/data/data.json
[2024-06-25T13:55:01.006+0000] {filesystem.py:85} INFO - Poking for file /opt/***/data/data.json
[2024-06-25T13:55:11.007+0000] {filesystem.py:85} INFO - Poking for file /opt/***/data/data.json
[2024-06-25T13:55:21.008+0000] {filesystem.py:85} INFO - Poking for file /opt/***/data/data.json
[2024-06-25T13:55:31.008+0000] {filesystem.py:85} INFO - Poking for file /opt/***/data/data.json
[2024-06-25T13:55:41.009+0000] {filesystem.py:85} INFO - Poking for file /opt/***/data/data.json
[2024-06-25T13:55:51.010+0000] {filesystem.py:85} INFO - Poking for file /opt/***/data/data.json
[2024-06-25T13:56:01.011+0000] {filesystem.py:85} INFO - Poking for file /opt/***/data/data.json
[2024-06-25T13:56:11.011+0000] {filesystem.py:85} INFO - Poking for file /opt/***/data/data.json
[2024-06-25T13:56:21.013+0000] {filesystem.py:85} INFO - Poking for file /opt/***/data/data.json
[2024-06-25T13:56:31.014+0000] {filesystem.py:85} INFO - Poking for file /opt/***/data/data.json
[2024-06-25T13:56:41.015+0000] {filesystem.py:85} INFO - Poking for file /opt/***/data/data.json
[2024-06-25T13:56:51.016+0000] {filesystem.py:85} INFO - Poking for file /opt/***/data/data.json
[2024-06-25T13:57:01.016+0000] {filesystem.py:85} INFO - Poking for file /opt/***/data/data.json
[2024-06-25T13:57:11.017+0000] {filesystem.py:85} INFO - Poking for file /opt/***/data/data.json
[2024-06-25T13:57:21.018+0000] {filesystem.py:85} INFO - Poking for file /opt/***/data/data.json
[2024-06-25T13:57:31.019+0000] {filesystem.py:85} INFO - Poking for file /opt/***/data/data.json
[2024-06-25T13:57:41.020+0000] {filesystem.py:85} INFO - Poking for file /opt/***/data/data.json
[2024-06-25T13:57:51.020+0000] {filesystem.py:85} INFO - Poking for file /opt/***/data/data.json
[2024-06-25T13:58:01.021+0000] {filesystem.py:85} INFO - Poking for file /opt/***/data/data.json
[2024-06-25T13:58:11.021+0000] {filesystem.py:85} INFO - Poking for file /opt/***/data/data.json
[2024-06-25T13:58:21.022+0000] {filesystem.py:85} INFO - Poking for file /opt/***/data/data.json
[2024-06-25T13:58:31.023+0000] {filesystem.py:85} INFO - Poking for file /opt/***/data/data.json
[2024-06-25T13:58:41.024+0000] {filesystem.py:85} INFO - Poking for file /opt/***/data/data.json
[2024-06-25T13:58:51.024+0000] {filesystem.py:85} INFO - Poking for file /opt/***/data/data.json
[2024-06-25T13:59:01.025+0000] {filesystem.py:85} INFO - Poking for file /opt/***/data/data.json
[2024-06-25T13:59:11.026+0000] {filesystem.py:85} INFO - Poking for file /opt/***/data/data.json
[2024-06-25T13:59:21.027+0000] {filesystem.py:85} INFO - Poking for file /opt/***/data/data.json
[2024-06-25T13:59:31.028+0000] {filesystem.py:85} INFO - Poking for file /opt/***/data/data.json
[2024-06-25T13:59:41.028+0000] {filesystem.py:85} INFO - Poking for file /opt/***/data/data.json
[2024-06-25T13:59:51.030+0000] {filesystem.py:85} INFO - Poking for file /opt/***/data/data.json
[2024-06-25T14:00:01.031+0000] {filesystem.py:85} INFO - Poking for file /opt/***/data/data.json
[2024-06-25T14:00:11.031+0000] {filesystem.py:85} INFO - Poking for file /opt/***/data/data.json
[2024-06-25T14:00:21.032+0000] {filesystem.py:85} INFO - Poking for file /opt/***/data/data.json
[2024-06-25T14:00:31.033+0000] {filesystem.py:85} INFO - Poking for file /opt/***/data/data.json
[2024-06-25T14:00:41.034+0000] {filesystem.py:85} INFO - Poking for file /opt/***/data/data.json
[2024-06-25T14:00:51.035+0000] {filesystem.py:85} INFO - Poking for file /opt/***/data/data.json
[2024-06-25T14:01:01.035+0000] {filesystem.py:85} INFO - Poking for file /opt/***/data/data.json
[2024-06-25T14:01:11.036+0000] {filesystem.py:85} INFO - Poking for file /opt/***/data/data.json
[2024-06-25T14:01:21.036+0000] {filesystem.py:85} INFO - Poking for file /opt/***/data/data.json
[2024-06-25T14:01:31.037+0000] {filesystem.py:85} INFO - Poking for file /opt/***/data/data.json
[2024-06-25T14:01:41.037+0000] {filesystem.py:85} INFO - Poking for file /opt/***/data/data.json
[2024-06-25T14:01:51.038+0000] {filesystem.py:85} INFO - Poking for file /opt/***/data/data.json
[2024-06-25T14:02:01.039+0000] {filesystem.py:85} INFO - Poking for file /opt/***/data/data.json
[2024-06-25T14:02:11.040+0000] {filesystem.py:85} INFO - Poking for file /opt/***/data/data.json
[2024-06-25T14:02:21.041+0000] {filesystem.py:85} INFO - Poking for file /opt/***/data/data.json
[2024-06-25T14:02:31.042+0000] {filesystem.py:85} INFO - Poking for file /opt/***/data/data.json
[2024-06-25T14:02:41.043+0000] {filesystem.py:85} INFO - Poking for file /opt/***/data/data.json
[2024-06-25T14:02:51.043+0000] {filesystem.py:85} INFO - Poking for file /opt/***/data/data.json
[2024-06-25T14:03:01.044+0000] {filesystem.py:85} INFO - Poking for file /opt/***/data/data.json
[2024-06-25T14:03:11.045+0000] {filesystem.py:85} INFO - Poking for file /opt/***/data/data.json
[2024-06-25T14:03:21.046+0000] {filesystem.py:85} INFO - Poking for file /opt/***/data/data.json
[2024-06-25T14:03:31.046+0000] {filesystem.py:85} INFO - Poking for file /opt/***/data/data.json
[2024-06-25T14:03:41.047+0000] {filesystem.py:85} INFO - Poking for file /opt/***/data/data.json
[2024-06-25T14:03:51.047+0000] {filesystem.py:85} INFO - Poking for file /opt/***/data/data.json
[2024-06-25T14:04:01.049+0000] {filesystem.py:85} INFO - Poking for file /opt/***/data/data.json
[2024-06-25T14:04:11.050+0000] {filesystem.py:85} INFO - Poking for file /opt/***/data/data.json
[2024-06-25T14:04:21.050+0000] {filesystem.py:85} INFO - Poking for file /opt/***/data/data.json
[2024-06-25T14:04:31.051+0000] {filesystem.py:85} INFO - Poking for file /opt/***/data/data.json
[2024-06-25T14:04:41.052+0000] {filesystem.py:85} INFO - Poking for file /opt/***/data/data.json
[2024-06-25T14:04:51.053+0000] {filesystem.py:85} INFO - Poking for file /opt/***/data/data.json
[2024-06-25T14:05:01.053+0000] {filesystem.py:85} INFO - Poking for file /opt/***/data/data.json
[2024-06-25T14:05:11.054+0000] {filesystem.py:85} INFO - Poking for file /opt/***/data/data.json
[2024-06-25T14:05:21.054+0000] {filesystem.py:85} INFO - Poking for file /opt/***/data/data.json
[2024-06-25T14:05:31.056+0000] {filesystem.py:85} INFO - Poking for file /opt/***/data/data.json
[2024-06-25T14:05:41.057+0000] {filesystem.py:85} INFO - Poking for file /opt/***/data/data.json
[2024-06-25T14:05:51.058+0000] {filesystem.py:85} INFO - Poking for file /opt/***/data/data.json
[2024-06-25T14:06:01.058+0000] {filesystem.py:85} INFO - Poking for file /opt/***/data/data.json
[2024-06-25T14:06:11.059+0000] {filesystem.py:85} INFO - Poking for file /opt/***/data/data.json
[2024-06-25T14:06:21.060+0000] {filesystem.py:85} INFO - Poking for file /opt/***/data/data.json
[2024-06-25T14:06:31.061+0000] {filesystem.py:85} INFO - Poking for file /opt/***/data/data.json
[2024-06-25T14:06:41.062+0000] {filesystem.py:85} INFO - Poking for file /opt/***/data/data.json
[2024-06-25T14:06:51.062+0000] {filesystem.py:85} INFO - Poking for file /opt/***/data/data.json
[2024-06-25T14:07:01.063+0000] {filesystem.py:85} INFO - Poking for file /opt/***/data/data.json
[2024-06-25T14:07:11.063+0000] {filesystem.py:85} INFO - Poking for file /opt/***/data/data.json
[2024-06-25T14:07:21.064+0000] {filesystem.py:85} INFO - Poking for file /opt/***/data/data.json
[2024-06-25T14:07:31.065+0000] {filesystem.py:85} INFO - Poking for file /opt/***/data/data.json
[2024-06-25T14:07:41.065+0000] {filesystem.py:85} INFO - Poking for file /opt/***/data/data.json
[2024-06-25T14:07:51.066+0000] {filesystem.py:85} INFO - Poking for file /opt/***/data/data.json
[2024-06-25T14:08:01.067+0000] {filesystem.py:85} INFO - Poking for file /opt/***/data/data.json
[2024-06-25T14:08:11.067+0000] {filesystem.py:85} INFO - Poking for file /opt/***/data/data.json
[2024-06-25T14:08:21.068+0000] {filesystem.py:85} INFO - Poking for file /opt/***/data/data.json
[2024-06-25T14:08:31.068+0000] {filesystem.py:85} INFO - Poking for file /opt/***/data/data.json
[2024-06-25T14:08:41.069+0000] {filesystem.py:85} INFO - Poking for file /opt/***/data/data.json
[2024-06-25T14:08:51.070+0000] {filesystem.py:85} INFO - Poking for file /opt/***/data/data.json
[2024-06-25T14:09:01.070+0000] {filesystem.py:85} INFO - Poking for file /opt/***/data/data.json
[2024-06-25T14:09:11.071+0000] {filesystem.py:85} INFO - Poking for file /opt/***/data/data.json
[2024-06-25T14:09:21.071+0000] {filesystem.py:85} INFO - Poking for file /opt/***/data/data.json
[2024-06-25T14:09:31.072+0000] {filesystem.py:85} INFO - Poking for file /opt/***/data/data.json
[2024-06-25T14:09:41.073+0000] {filesystem.py:85} INFO - Poking for file /opt/***/data/data.json
[2024-06-25T14:09:51.074+0000] {filesystem.py:85} INFO - Poking for file /opt/***/data/data.json
[2024-06-25T14:10:01.075+0000] {filesystem.py:85} INFO - Poking for file /opt/***/data/data.json
[2024-06-25T14:10:11.075+0000] {filesystem.py:85} INFO - Poking for file /opt/***/data/data.json
[2024-06-25T14:10:21.076+0000] {filesystem.py:85} INFO - Poking for file /opt/***/data/data.json
[2024-06-25T14:10:31.078+0000] {filesystem.py:85} INFO - Poking for file /opt/***/data/data.json
[2024-06-25T14:10:41.078+0000] {filesystem.py:85} INFO - Poking for file /opt/***/data/data.json
[2024-06-25T14:10:51.079+0000] {filesystem.py:85} INFO - Poking for file /opt/***/data/data.json
[2024-06-25T14:11:01.080+0000] {filesystem.py:85} INFO - Poking for file /opt/***/data/data.json
[2024-06-25T14:11:11.080+0000] {filesystem.py:85} INFO - Poking for file /opt/***/data/data.json
[2024-06-25T14:11:21.081+0000] {filesystem.py:85} INFO - Poking for file /opt/***/data/data.json
[2024-06-25T14:11:31.082+0000] {filesystem.py:85} INFO - Poking for file /opt/***/data/data.json
[2024-06-25T14:11:41.082+0000] {filesystem.py:85} INFO - Poking for file /opt/***/data/data.json
[2024-06-25T14:11:51.083+0000] {filesystem.py:85} INFO - Poking for file /opt/***/data/data.json
[2024-06-25T14:12:01.084+0000] {filesystem.py:85} INFO - Poking for file /opt/***/data/data.json
[2024-06-25T14:12:11.085+0000] {filesystem.py:85} INFO - Poking for file /opt/***/data/data.json
[2024-06-25T14:12:21.086+0000] {filesystem.py:85} INFO - Poking for file /opt/***/data/data.json
[2024-06-25T14:12:31.088+0000] {filesystem.py:85} INFO - Poking for file /opt/***/data/data.json
[2024-06-25T14:12:41.089+0000] {filesystem.py:85} INFO - Poking for file /opt/***/data/data.json
[2024-06-25T14:12:51.090+0000] {filesystem.py:85} INFO - Poking for file /opt/***/data/data.json
[2024-06-25T14:13:01.091+0000] {filesystem.py:85} INFO - Poking for file /opt/***/data/data.json
[2024-06-25T14:13:11.091+0000] {filesystem.py:85} INFO - Poking for file /opt/***/data/data.json
[2024-06-25T14:13:21.092+0000] {filesystem.py:85} INFO - Poking for file /opt/***/data/data.json
[2024-06-25T14:13:31.093+0000] {filesystem.py:85} INFO - Poking for file /opt/***/data/data.json
[2024-06-25T14:13:41.094+0000] {filesystem.py:85} INFO - Poking for file /opt/***/data/data.json
[2024-06-25T14:13:51.094+0000] {filesystem.py:85} INFO - Poking for file /opt/***/data/data.json
[2024-06-25T14:14:01.096+0000] {filesystem.py:85} INFO - Poking for file /opt/***/data/data.json
[2024-06-25T14:14:11.096+0000] {filesystem.py:85} INFO - Poking for file /opt/***/data/data.json
[2024-06-25T14:14:21.097+0000] {filesystem.py:85} INFO - Poking for file /opt/***/data/data.json
[2024-06-25T14:14:31.098+0000] {filesystem.py:85} INFO - Poking for file /opt/***/data/data.json
[2024-06-25T14:14:41.099+0000] {filesystem.py:85} INFO - Poking for file /opt/***/data/data.json
[2024-06-25T14:14:51.100+0000] {filesystem.py:85} INFO - Poking for file /opt/***/data/data.json
[2024-06-25T14:15:01.100+0000] {filesystem.py:85} INFO - Poking for file /opt/***/data/data.json
[2024-06-25T14:15:11.101+0000] {filesystem.py:85} INFO - Poking for file /opt/***/data/data.json
[2024-06-25T14:15:21.101+0000] {filesystem.py:85} INFO - Poking for file /opt/***/data/data.json
[2024-06-25T14:15:31.102+0000] {filesystem.py:85} INFO - Poking for file /opt/***/data/data.json
[2024-06-25T14:15:41.102+0000] {filesystem.py:85} INFO - Poking for file /opt/***/data/data.json
[2024-06-25T14:15:51.103+0000] {filesystem.py:85} INFO - Poking for file /opt/***/data/data.json
[2024-06-25T14:16:01.103+0000] {filesystem.py:85} INFO - Poking for file /opt/***/data/data.json
[2024-06-25T14:16:11.104+0000] {filesystem.py:85} INFO - Poking for file /opt/***/data/data.json
[2024-06-25T14:16:21.105+0000] {filesystem.py:85} INFO - Poking for file /opt/***/data/data.json
[2024-06-25T14:16:31.106+0000] {filesystem.py:85} INFO - Poking for file /opt/***/data/data.json
[2024-06-25T14:16:41.107+0000] {filesystem.py:85} INFO - Poking for file /opt/***/data/data.json
[2024-06-25T14:16:51.107+0000] {filesystem.py:85} INFO - Poking for file /opt/***/data/data.json
[2024-06-25T14:17:01.108+0000] {filesystem.py:85} INFO - Poking for file /opt/***/data/data.json
[2024-06-25T14:17:11.109+0000] {filesystem.py:85} INFO - Poking for file /opt/***/data/data.json
[2024-06-25T14:17:21.109+0000] {filesystem.py:85} INFO - Poking for file /opt/***/data/data.json
[2024-06-25T14:17:31.110+0000] {filesystem.py:85} INFO - Poking for file /opt/***/data/data.json
[2024-06-25T14:17:41.110+0000] {filesystem.py:85} INFO - Poking for file /opt/***/data/data.json
[2024-06-25T14:17:51.111+0000] {filesystem.py:85} INFO - Poking for file /opt/***/data/data.json
[2024-06-25T14:18:01.112+0000] {filesystem.py:85} INFO - Poking for file /opt/***/data/data.json
[2024-06-25T14:18:11.112+0000] {filesystem.py:85} INFO - Poking for file /opt/***/data/data.json
[2024-06-25T14:18:21.113+0000] {filesystem.py:85} INFO - Poking for file /opt/***/data/data.json
[2024-06-25T14:18:31.113+0000] {filesystem.py:85} INFO - Poking for file /opt/***/data/data.json
[2024-06-25T14:18:41.114+0000] {filesystem.py:85} INFO - Poking for file /opt/***/data/data.json
[2024-06-25T14:18:51.115+0000] {filesystem.py:85} INFO - Poking for file /opt/***/data/data.json
[2024-06-25T14:19:01.116+0000] {filesystem.py:85} INFO - Poking for file /opt/***/data/data.json
[2024-06-25T14:19:11.117+0000] {filesystem.py:85} INFO - Poking for file /opt/***/data/data.json
[2024-06-25T14:19:21.118+0000] {filesystem.py:85} INFO - Poking for file /opt/***/data/data.json
[2024-06-25T14:19:31.119+0000] {filesystem.py:85} INFO - Poking for file /opt/***/data/data.json
[2024-06-25T14:19:41.120+0000] {filesystem.py:85} INFO - Poking for file /opt/***/data/data.json
[2024-06-25T14:19:51.121+0000] {filesystem.py:85} INFO - Poking for file /opt/***/data/data.json
[2024-06-25T14:20:01.122+0000] {filesystem.py:85} INFO - Poking for file /opt/***/data/data.json
[2024-06-25T14:20:11.122+0000] {filesystem.py:85} INFO - Poking for file /opt/***/data/data.json
[2024-06-25T14:20:21.123+0000] {filesystem.py:85} INFO - Poking for file /opt/***/data/data.json
[2024-06-25T14:20:31.124+0000] {filesystem.py:85} INFO - Poking for file /opt/***/data/data.json
[2024-06-25T14:20:41.125+0000] {filesystem.py:85} INFO - Poking for file /opt/***/data/data.json
[2024-06-25T14:20:51.126+0000] {filesystem.py:85} INFO - Poking for file /opt/***/data/data.json
[2024-06-25T14:21:01.126+0000] {filesystem.py:85} INFO - Poking for file /opt/***/data/data.json
[2024-06-25T14:21:11.127+0000] {filesystem.py:85} INFO - Poking for file /opt/***/data/data.json
[2024-06-25T14:21:21.127+0000] {filesystem.py:85} INFO - Poking for file /opt/***/data/data.json
[2024-06-25T14:21:31.128+0000] {filesystem.py:85} INFO - Poking for file /opt/***/data/data.json
[2024-06-25T14:21:41.129+0000] {filesystem.py:85} INFO - Poking for file /opt/***/data/data.json
[2024-06-25T14:21:51.130+0000] {filesystem.py:85} INFO - Poking for file /opt/***/data/data.json
[2024-06-25T14:22:01.131+0000] {filesystem.py:85} INFO - Poking for file /opt/***/data/data.json
[2024-06-25T14:22:11.132+0000] {filesystem.py:85} INFO - Poking for file /opt/***/data/data.json
[2024-06-25T14:22:21.132+0000] {filesystem.py:85} INFO - Poking for file /opt/***/data/data.json
[2024-06-25T14:22:31.133+0000] {filesystem.py:85} INFO - Poking for file /opt/***/data/data.json
[2024-06-25T14:22:41.134+0000] {filesystem.py:85} INFO - Poking for file /opt/***/data/data.json
[2024-06-25T14:22:51.135+0000] {filesystem.py:85} INFO - Poking for file /opt/***/data/data.json
[2024-06-25T14:23:01.135+0000] {filesystem.py:85} INFO - Poking for file /opt/***/data/data.json
[2024-06-25T14:23:11.136+0000] {filesystem.py:85} INFO - Poking for file /opt/***/data/data.json
[2024-06-25T14:23:21.137+0000] {filesystem.py:85} INFO - Poking for file /opt/***/data/data.json
[2024-06-25T14:23:31.138+0000] {filesystem.py:85} INFO - Poking for file /opt/***/data/data.json
[2024-06-25T14:23:41.139+0000] {filesystem.py:85} INFO - Poking for file /opt/***/data/data.json
[2024-06-25T14:23:51.139+0000] {filesystem.py:85} INFO - Poking for file /opt/***/data/data.json
[2024-06-25T14:24:01.140+0000] {filesystem.py:85} INFO - Poking for file /opt/***/data/data.json
[2024-06-25T14:24:11.141+0000] {filesystem.py:85} INFO - Poking for file /opt/***/data/data.json
[2024-06-25T14:24:21.142+0000] {filesystem.py:85} INFO - Poking for file /opt/***/data/data.json
[2024-06-25T14:24:31.143+0000] {filesystem.py:85} INFO - Poking for file /opt/***/data/data.json
[2024-06-25T14:24:41.143+0000] {filesystem.py:85} INFO - Poking for file /opt/***/data/data.json
[2024-06-25T14:24:51.144+0000] {filesystem.py:85} INFO - Poking for file /opt/***/data/data.json
[2024-06-25T14:25:01.145+0000] {filesystem.py:85} INFO - Poking for file /opt/***/data/data.json
[2024-06-25T14:25:11.146+0000] {filesystem.py:85} INFO - Poking for file /opt/***/data/data.json
[2024-06-25T14:25:21.147+0000] {filesystem.py:85} INFO - Poking for file /opt/***/data/data.json
[2024-06-25T14:25:31.147+0000] {filesystem.py:85} INFO - Poking for file /opt/***/data/data.json
[2024-06-25T14:25:41.148+0000] {filesystem.py:85} INFO - Poking for file /opt/***/data/data.json
[2024-06-25T14:25:51.149+0000] {filesystem.py:85} INFO - Poking for file /opt/***/data/data.json
[2024-06-25T14:26:01.150+0000] {filesystem.py:85} INFO - Poking for file /opt/***/data/data.json
[2024-06-25T14:26:11.151+0000] {filesystem.py:85} INFO - Poking for file /opt/***/data/data.json
[2024-06-25T14:26:21.152+0000] {filesystem.py:85} INFO - Poking for file /opt/***/data/data.json
[2024-06-25T14:26:31.152+0000] {filesystem.py:85} INFO - Poking for file /opt/***/data/data.json
[2024-06-25T14:26:41.152+0000] {filesystem.py:85} INFO - Poking for file /opt/***/data/data.json
[2024-06-25T14:26:51.153+0000] {filesystem.py:85} INFO - Poking for file /opt/***/data/data.json
[2024-06-25T14:27:01.154+0000] {filesystem.py:85} INFO - Poking for file /opt/***/data/data.json
[2024-06-25T14:27:11.155+0000] {filesystem.py:85} INFO - Poking for file /opt/***/data/data.json
[2024-06-25T14:27:21.156+0000] {filesystem.py:85} INFO - Poking for file /opt/***/data/data.json
[2024-06-25T14:27:31.157+0000] {filesystem.py:85} INFO - Poking for file /opt/***/data/data.json
[2024-06-25T14:27:41.158+0000] {filesystem.py:85} INFO - Poking for file /opt/***/data/data.json
[2024-06-25T14:27:51.159+0000] {filesystem.py:85} INFO - Poking for file /opt/***/data/data.json
[2024-06-25T14:28:01.159+0000] {filesystem.py:85} INFO - Poking for file /opt/***/data/data.json
[2024-06-25T14:28:11.160+0000] {filesystem.py:85} INFO - Poking for file /opt/***/data/data.json
[2024-06-25T14:28:21.161+0000] {filesystem.py:85} INFO - Poking for file /opt/***/data/data.json
[2024-06-25T14:28:31.162+0000] {filesystem.py:85} INFO - Poking for file /opt/***/data/data.json
[2024-06-25T14:28:41.162+0000] {filesystem.py:85} INFO - Poking for file /opt/***/data/data.json
[2024-06-25T14:28:51.163+0000] {filesystem.py:85} INFO - Poking for file /opt/***/data/data.json
[2024-06-25T14:29:01.164+0000] {filesystem.py:85} INFO - Poking for file /opt/***/data/data.json
[2024-06-25T14:29:11.165+0000] {filesystem.py:85} INFO - Poking for file /opt/***/data/data.json
[2024-06-25T14:29:21.166+0000] {filesystem.py:85} INFO - Poking for file /opt/***/data/data.json
[2024-06-25T14:29:31.166+0000] {filesystem.py:85} INFO - Poking for file /opt/***/data/data.json
[2024-06-25T14:29:41.167+0000] {filesystem.py:85} INFO - Poking for file /opt/***/data/data.json
[2024-06-25T14:29:51.168+0000] {filesystem.py:85} INFO - Poking for file /opt/***/data/data.json
[2024-06-25T14:30:01.168+0000] {filesystem.py:85} INFO - Poking for file /opt/***/data/data.json
[2024-06-25T14:30:11.169+0000] {filesystem.py:85} INFO - Poking for file /opt/***/data/data.json
[2024-06-25T14:30:21.170+0000] {filesystem.py:85} INFO - Poking for file /opt/***/data/data.json
[2024-06-25T14:30:31.170+0000] {filesystem.py:85} INFO - Poking for file /opt/***/data/data.json
[2024-06-25T14:30:41.171+0000] {filesystem.py:85} INFO - Poking for file /opt/***/data/data.json
[2024-06-25T14:30:51.172+0000] {filesystem.py:85} INFO - Poking for file /opt/***/data/data.json
[2024-06-25T14:31:01.173+0000] {filesystem.py:85} INFO - Poking for file /opt/***/data/data.json
[2024-06-25T14:31:11.174+0000] {filesystem.py:85} INFO - Poking for file /opt/***/data/data.json
[2024-06-25T14:31:21.175+0000] {filesystem.py:85} INFO - Poking for file /opt/***/data/data.json
[2024-06-25T14:31:31.175+0000] {filesystem.py:85} INFO - Poking for file /opt/***/data/data.json
[2024-06-25T14:31:41.176+0000] {filesystem.py:85} INFO - Poking for file /opt/***/data/data.json
[2024-06-25T14:31:51.177+0000] {filesystem.py:85} INFO - Poking for file /opt/***/data/data.json
[2024-06-25T14:32:01.178+0000] {filesystem.py:85} INFO - Poking for file /opt/***/data/data.json
[2024-06-25T14:32:11.179+0000] {filesystem.py:85} INFO - Poking for file /opt/***/data/data.json
[2024-06-25T14:32:21.179+0000] {filesystem.py:85} INFO - Poking for file /opt/***/data/data.json
[2024-06-25T14:32:31.180+0000] {filesystem.py:85} INFO - Poking for file /opt/***/data/data.json
[2024-06-25T14:32:41.181+0000] {filesystem.py:85} INFO - Poking for file /opt/***/data/data.json
[2024-06-25T14:32:51.181+0000] {filesystem.py:85} INFO - Poking for file /opt/***/data/data.json
[2024-06-25T14:33:01.182+0000] {filesystem.py:85} INFO - Poking for file /opt/***/data/data.json
[2024-06-25T14:33:11.182+0000] {filesystem.py:85} INFO - Poking for file /opt/***/data/data.json
[2024-06-25T14:33:21.183+0000] {filesystem.py:85} INFO - Poking for file /opt/***/data/data.json
[2024-06-25T14:33:31.185+0000] {filesystem.py:85} INFO - Poking for file /opt/***/data/data.json
[2024-06-25T14:33:41.185+0000] {filesystem.py:85} INFO - Poking for file /opt/***/data/data.json
[2024-06-25T14:33:51.186+0000] {filesystem.py:85} INFO - Poking for file /opt/***/data/data.json
[2024-06-25T14:34:01.187+0000] {filesystem.py:85} INFO - Poking for file /opt/***/data/data.json
[2024-06-25T14:34:11.188+0000] {filesystem.py:85} INFO - Poking for file /opt/***/data/data.json
[2024-06-25T14:34:21.189+0000] {filesystem.py:85} INFO - Poking for file /opt/***/data/data.json
[2024-06-25T14:34:31.190+0000] {filesystem.py:85} INFO - Poking for file /opt/***/data/data.json
[2024-06-25T14:34:41.191+0000] {filesystem.py:85} INFO - Poking for file /opt/***/data/data.json
[2024-06-25T14:34:51.192+0000] {filesystem.py:85} INFO - Poking for file /opt/***/data/data.json
[2024-06-25T14:35:01.192+0000] {filesystem.py:85} INFO - Poking for file /opt/***/data/data.json
[2024-06-25T14:35:11.193+0000] {filesystem.py:85} INFO - Poking for file /opt/***/data/data.json
[2024-06-25T14:35:21.194+0000] {filesystem.py:85} INFO - Poking for file /opt/***/data/data.json
[2024-06-25T14:35:31.195+0000] {filesystem.py:85} INFO - Poking for file /opt/***/data/data.json
[2024-06-25T14:35:41.196+0000] {filesystem.py:85} INFO - Poking for file /opt/***/data/data.json
[2024-06-25T14:35:51.197+0000] {filesystem.py:85} INFO - Poking for file /opt/***/data/data.json
[2024-06-25T14:36:01.197+0000] {filesystem.py:85} INFO - Poking for file /opt/***/data/data.json
[2024-06-25T14:36:11.198+0000] {filesystem.py:85} INFO - Poking for file /opt/***/data/data.json
[2024-06-25T14:36:21.199+0000] {filesystem.py:85} INFO - Poking for file /opt/***/data/data.json
[2024-06-25T14:36:31.200+0000] {filesystem.py:85} INFO - Poking for file /opt/***/data/data.json
[2024-06-25T14:36:41.201+0000] {filesystem.py:85} INFO - Poking for file /opt/***/data/data.json
[2024-06-25T14:36:51.201+0000] {filesystem.py:85} INFO - Poking for file /opt/***/data/data.json
[2024-06-25T14:37:01.202+0000] {filesystem.py:85} INFO - Poking for file /opt/***/data/data.json
[2024-06-25T14:37:11.204+0000] {filesystem.py:85} INFO - Poking for file /opt/***/data/data.json
[2024-06-25T14:37:21.205+0000] {filesystem.py:85} INFO - Poking for file /opt/***/data/data.json
[2024-06-25T14:37:31.205+0000] {filesystem.py:85} INFO - Poking for file /opt/***/data/data.json
[2024-06-25T14:37:41.206+0000] {filesystem.py:85} INFO - Poking for file /opt/***/data/data.json
[2024-06-25T14:37:51.207+0000] {filesystem.py:85} INFO - Poking for file /opt/***/data/data.json
[2024-06-25T14:38:01.207+0000] {filesystem.py:85} INFO - Poking for file /opt/***/data/data.json
[2024-06-25T14:38:11.208+0000] {filesystem.py:85} INFO - Poking for file /opt/***/data/data.json
[2024-06-25T14:38:21.209+0000] {filesystem.py:85} INFO - Poking for file /opt/***/data/data.json
[2024-06-25T14:38:31.209+0000] {filesystem.py:85} INFO - Poking for file /opt/***/data/data.json
[2024-06-25T14:38:41.210+0000] {filesystem.py:85} INFO - Poking for file /opt/***/data/data.json
[2024-06-25T14:38:51.210+0000] {filesystem.py:85} INFO - Poking for file /opt/***/data/data.json
[2024-06-25T14:39:01.211+0000] {filesystem.py:85} INFO - Poking for file /opt/***/data/data.json
[2024-06-25T14:39:11.212+0000] {filesystem.py:85} INFO - Poking for file /opt/***/data/data.json
[2024-06-25T14:39:21.213+0000] {filesystem.py:85} INFO - Poking for file /opt/***/data/data.json
[2024-06-25T14:39:31.214+0000] {filesystem.py:85} INFO - Poking for file /opt/***/data/data.json
[2024-06-25T14:39:41.215+0000] {filesystem.py:85} INFO - Poking for file /opt/***/data/data.json
[2024-06-25T14:39:51.216+0000] {filesystem.py:85} INFO - Poking for file /opt/***/data/data.json
[2024-06-25T14:40:01.217+0000] {filesystem.py:85} INFO - Poking for file /opt/***/data/data.json
[2024-06-25T14:40:11.218+0000] {filesystem.py:85} INFO - Poking for file /opt/***/data/data.json
[2024-06-25T14:40:21.219+0000] {filesystem.py:85} INFO - Poking for file /opt/***/data/data.json
[2024-06-25T14:40:31.220+0000] {filesystem.py:85} INFO - Poking for file /opt/***/data/data.json
[2024-06-25T14:40:41.220+0000] {filesystem.py:85} INFO - Poking for file /opt/***/data/data.json
[2024-06-25T14:40:51.221+0000] {filesystem.py:85} INFO - Poking for file /opt/***/data/data.json
[2024-06-25T14:41:01.222+0000] {filesystem.py:85} INFO - Poking for file /opt/***/data/data.json
[2024-06-25T14:41:11.223+0000] {filesystem.py:85} INFO - Poking for file /opt/***/data/data.json
[2024-06-25T14:41:21.223+0000] {filesystem.py:85} INFO - Poking for file /opt/***/data/data.json
[2024-06-25T14:41:31.224+0000] {filesystem.py:85} INFO - Poking for file /opt/***/data/data.json
[2024-06-25T14:41:41.224+0000] {filesystem.py:85} INFO - Poking for file /opt/***/data/data.json
[2024-06-25T14:41:51.225+0000] {filesystem.py:85} INFO - Poking for file /opt/***/data/data.json
[2024-06-25T14:42:01.225+0000] {filesystem.py:85} INFO - Poking for file /opt/***/data/data.json
[2024-06-25T14:42:11.226+0000] {filesystem.py:85} INFO - Poking for file /opt/***/data/data.json
[2024-06-25T14:42:21.226+0000] {filesystem.py:85} INFO - Poking for file /opt/***/data/data.json
[2024-06-25T14:42:31.227+0000] {filesystem.py:85} INFO - Poking for file /opt/***/data/data.json
[2024-06-25T14:42:41.228+0000] {filesystem.py:85} INFO - Poking for file /opt/***/data/data.json
[2024-06-25T14:42:51.229+0000] {filesystem.py:85} INFO - Poking for file /opt/***/data/data.json
[2024-06-25T14:43:01.229+0000] {filesystem.py:85} INFO - Poking for file /opt/***/data/data.json
[2024-06-25T14:43:11.230+0000] {filesystem.py:85} INFO - Poking for file /opt/***/data/data.json
[2024-06-25T14:43:21.231+0000] {filesystem.py:85} INFO - Poking for file /opt/***/data/data.json
[2024-06-25T14:43:31.232+0000] {filesystem.py:85} INFO - Poking for file /opt/***/data/data.json
[2024-06-25T14:43:41.233+0000] {filesystem.py:85} INFO - Poking for file /opt/***/data/data.json
[2024-06-25T14:43:51.234+0000] {filesystem.py:85} INFO - Poking for file /opt/***/data/data.json
[2024-06-25T14:44:01.234+0000] {filesystem.py:85} INFO - Poking for file /opt/***/data/data.json
[2024-06-25T14:44:11.235+0000] {filesystem.py:85} INFO - Poking for file /opt/***/data/data.json
[2024-06-25T14:44:21.236+0000] {filesystem.py:85} INFO - Poking for file /opt/***/data/data.json
[2024-06-25T14:44:31.237+0000] {filesystem.py:85} INFO - Poking for file /opt/***/data/data.json
[2024-06-25T14:44:41.237+0000] {filesystem.py:85} INFO - Poking for file /opt/***/data/data.json
[2024-06-25T14:44:51.238+0000] {filesystem.py:85} INFO - Poking for file /opt/***/data/data.json
[2024-06-25T14:45:01.239+0000] {filesystem.py:85} INFO - Poking for file /opt/***/data/data.json
[2024-06-25T14:45:11.239+0000] {filesystem.py:85} INFO - Poking for file /opt/***/data/data.json
[2024-06-25T14:45:21.240+0000] {filesystem.py:85} INFO - Poking for file /opt/***/data/data.json
[2024-06-25T14:45:31.241+0000] {filesystem.py:85} INFO - Poking for file /opt/***/data/data.json
[2024-06-25T14:45:41.242+0000] {filesystem.py:85} INFO - Poking for file /opt/***/data/data.json
[2024-06-25T14:45:51.243+0000] {filesystem.py:85} INFO - Poking for file /opt/***/data/data.json
[2024-06-25T14:46:01.243+0000] {filesystem.py:85} INFO - Poking for file /opt/***/data/data.json
[2024-06-25T14:46:11.244+0000] {filesystem.py:85} INFO - Poking for file /opt/***/data/data.json
[2024-06-25T14:46:21.245+0000] {filesystem.py:85} INFO - Poking for file /opt/***/data/data.json
[2024-06-25T14:46:31.246+0000] {filesystem.py:85} INFO - Poking for file /opt/***/data/data.json
[2024-06-25T14:46:41.247+0000] {filesystem.py:85} INFO - Poking for file /opt/***/data/data.json
[2024-06-25T14:46:51.248+0000] {filesystem.py:85} INFO - Poking for file /opt/***/data/data.json
[2024-06-25T14:47:01.249+0000] {filesystem.py:85} INFO - Poking for file /opt/***/data/data.json
[2024-06-25T14:47:11.250+0000] {filesystem.py:85} INFO - Poking for file /opt/***/data/data.json
[2024-06-25T14:47:21.251+0000] {filesystem.py:85} INFO - Poking for file /opt/***/data/data.json
[2024-06-25T14:47:31.251+0000] {filesystem.py:85} INFO - Poking for file /opt/***/data/data.json
[2024-06-25T14:47:41.252+0000] {filesystem.py:85} INFO - Poking for file /opt/***/data/data.json
[2024-06-25T14:47:51.253+0000] {filesystem.py:85} INFO - Poking for file /opt/***/data/data.json
[2024-06-25T14:48:01.253+0000] {filesystem.py:85} INFO - Poking for file /opt/***/data/data.json
[2024-06-25T14:48:11.254+0000] {filesystem.py:85} INFO - Poking for file /opt/***/data/data.json
[2024-06-25T14:48:21.254+0000] {filesystem.py:85} INFO - Poking for file /opt/***/data/data.json
[2024-06-25T14:48:31.255+0000] {filesystem.py:85} INFO - Poking for file /opt/***/data/data.json
[2024-06-25T14:48:41.256+0000] {filesystem.py:85} INFO - Poking for file /opt/***/data/data.json
[2024-06-25T14:48:51.257+0000] {filesystem.py:85} INFO - Poking for file /opt/***/data/data.json
[2024-06-25T14:49:01.258+0000] {filesystem.py:85} INFO - Poking for file /opt/***/data/data.json
[2024-06-25T14:49:11.259+0000] {filesystem.py:85} INFO - Poking for file /opt/***/data/data.json
[2024-06-25T14:49:21.260+0000] {filesystem.py:85} INFO - Poking for file /opt/***/data/data.json
[2024-06-25T14:49:31.261+0000] {filesystem.py:85} INFO - Poking for file /opt/***/data/data.json
[2024-06-25T14:49:41.262+0000] {filesystem.py:85} INFO - Poking for file /opt/***/data/data.json
[2024-06-25T14:49:51.263+0000] {filesystem.py:85} INFO - Poking for file /opt/***/data/data.json
[2024-06-25T14:50:01.264+0000] {filesystem.py:85} INFO - Poking for file /opt/***/data/data.json
[2024-06-25T14:50:11.264+0000] {filesystem.py:85} INFO - Poking for file /opt/***/data/data.json
[2024-06-25T14:50:21.265+0000] {filesystem.py:85} INFO - Poking for file /opt/***/data/data.json
[2024-06-25T14:50:31.266+0000] {filesystem.py:85} INFO - Poking for file /opt/***/data/data.json
[2024-06-25T14:50:41.266+0000] {filesystem.py:85} INFO - Poking for file /opt/***/data/data.json
[2024-06-25T14:50:51.267+0000] {filesystem.py:85} INFO - Poking for file /opt/***/data/data.json
[2024-06-25T14:51:01.268+0000] {filesystem.py:85} INFO - Poking for file /opt/***/data/data.json
[2024-06-25T14:51:11.268+0000] {filesystem.py:85} INFO - Poking for file /opt/***/data/data.json
[2024-06-25T14:51:21.269+0000] {filesystem.py:85} INFO - Poking for file /opt/***/data/data.json
[2024-06-25T14:51:31.270+0000] {filesystem.py:85} INFO - Poking for file /opt/***/data/data.json
[2024-06-25T14:51:41.271+0000] {filesystem.py:85} INFO - Poking for file /opt/***/data/data.json
[2024-06-25T14:51:51.271+0000] {filesystem.py:85} INFO - Poking for file /opt/***/data/data.json
[2024-06-25T14:52:01.271+0000] {filesystem.py:85} INFO - Poking for file /opt/***/data/data.json
[2024-06-25T14:52:11.272+0000] {filesystem.py:85} INFO - Poking for file /opt/***/data/data.json
[2024-06-25T14:52:21.273+0000] {filesystem.py:85} INFO - Poking for file /opt/***/data/data.json
[2024-06-25T14:52:31.274+0000] {filesystem.py:85} INFO - Poking for file /opt/***/data/data.json
[2024-06-25T14:52:41.275+0000] {filesystem.py:85} INFO - Poking for file /opt/***/data/data.json
[2024-06-25T14:52:51.276+0000] {filesystem.py:85} INFO - Poking for file /opt/***/data/data.json
[2024-06-25T14:53:01.277+0000] {filesystem.py:85} INFO - Poking for file /opt/***/data/data.json
[2024-06-25T14:53:11.277+0000] {filesystem.py:85} INFO - Poking for file /opt/***/data/data.json
[2024-06-25T14:53:21.278+0000] {filesystem.py:85} INFO - Poking for file /opt/***/data/data.json
[2024-06-25T14:53:31.279+0000] {filesystem.py:85} INFO - Poking for file /opt/***/data/data.json
[2024-06-25T14:53:41.280+0000] {filesystem.py:85} INFO - Poking for file /opt/***/data/data.json
[2024-06-25T14:53:51.281+0000] {filesystem.py:85} INFO - Poking for file /opt/***/data/data.json
[2024-06-25T14:54:01.282+0000] {filesystem.py:85} INFO - Poking for file /opt/***/data/data.json
[2024-06-25T14:54:11.282+0000] {filesystem.py:85} INFO - Poking for file /opt/***/data/data.json
[2024-06-25T14:54:21.284+0000] {filesystem.py:85} INFO - Poking for file /opt/***/data/data.json
[2024-06-25T14:54:31.284+0000] {filesystem.py:85} INFO - Poking for file /opt/***/data/data.json
[2024-06-25T14:54:41.285+0000] {filesystem.py:85} INFO - Poking for file /opt/***/data/data.json
[2024-06-25T14:54:51.286+0000] {filesystem.py:85} INFO - Poking for file /opt/***/data/data.json
[2024-06-25T14:55:01.286+0000] {filesystem.py:85} INFO - Poking for file /opt/***/data/data.json
[2024-06-25T14:55:11.288+0000] {filesystem.py:85} INFO - Poking for file /opt/***/data/data.json
[2024-06-25T14:55:21.289+0000] {filesystem.py:85} INFO - Poking for file /opt/***/data/data.json
[2024-06-25T14:55:31.290+0000] {filesystem.py:85} INFO - Poking for file /opt/***/data/data.json
[2024-06-25T14:55:41.291+0000] {filesystem.py:85} INFO - Poking for file /opt/***/data/data.json
[2024-06-25T14:55:51.292+0000] {filesystem.py:85} INFO - Poking for file /opt/***/data/data.json
[2024-06-25T14:56:01.292+0000] {filesystem.py:85} INFO - Poking for file /opt/***/data/data.json
[2024-06-25T14:56:11.293+0000] {filesystem.py:85} INFO - Poking for file /opt/***/data/data.json
[2024-06-25T14:56:21.294+0000] {filesystem.py:85} INFO - Poking for file /opt/***/data/data.json
[2024-06-25T14:56:31.294+0000] {filesystem.py:85} INFO - Poking for file /opt/***/data/data.json
[2024-06-25T14:56:41.295+0000] {filesystem.py:85} INFO - Poking for file /opt/***/data/data.json
[2024-06-25T14:56:51.296+0000] {filesystem.py:85} INFO - Poking for file /opt/***/data/data.json
[2024-06-25T14:57:01.297+0000] {filesystem.py:85} INFO - Poking for file /opt/***/data/data.json
[2024-06-25T14:57:11.298+0000] {filesystem.py:85} INFO - Poking for file /opt/***/data/data.json
[2024-06-25T14:57:21.299+0000] {filesystem.py:85} INFO - Poking for file /opt/***/data/data.json
[2024-06-25T14:57:31.300+0000] {filesystem.py:85} INFO - Poking for file /opt/***/data/data.json
[2024-06-25T14:57:41.300+0000] {filesystem.py:85} INFO - Poking for file /opt/***/data/data.json
[2024-06-25T14:57:51.301+0000] {filesystem.py:85} INFO - Poking for file /opt/***/data/data.json
[2024-06-25T14:58:01.302+0000] {filesystem.py:85} INFO - Poking for file /opt/***/data/data.json
[2024-06-25T14:58:11.303+0000] {filesystem.py:85} INFO - Poking for file /opt/***/data/data.json
[2024-06-25T14:58:21.303+0000] {filesystem.py:85} INFO - Poking for file /opt/***/data/data.json
[2024-06-25T14:58:31.304+0000] {filesystem.py:85} INFO - Poking for file /opt/***/data/data.json
[2024-06-25T14:58:41.305+0000] {filesystem.py:85} INFO - Poking for file /opt/***/data/data.json
[2024-06-25T14:58:51.306+0000] {filesystem.py:85} INFO - Poking for file /opt/***/data/data.json
[2024-06-25T14:59:01.306+0000] {filesystem.py:85} INFO - Poking for file /opt/***/data/data.json
[2024-06-25T14:59:11.307+0000] {filesystem.py:85} INFO - Poking for file /opt/***/data/data.json
[2024-06-25T14:59:21.308+0000] {filesystem.py:85} INFO - Poking for file /opt/***/data/data.json
[2024-06-25T14:59:31.309+0000] {filesystem.py:85} INFO - Poking for file /opt/***/data/data.json
[2024-06-25T14:59:41.310+0000] {filesystem.py:85} INFO - Poking for file /opt/***/data/data.json
[2024-06-25T14:59:51.311+0000] {filesystem.py:85} INFO - Poking for file /opt/***/data/data.json
[2024-06-25T15:00:01.312+0000] {filesystem.py:85} INFO - Poking for file /opt/***/data/data.json
[2024-06-25T15:00:11.313+0000] {filesystem.py:85} INFO - Poking for file /opt/***/data/data.json
[2024-06-25T15:00:21.314+0000] {filesystem.py:85} INFO - Poking for file /opt/***/data/data.json
[2024-06-25T15:00:31.315+0000] {filesystem.py:85} INFO - Poking for file /opt/***/data/data.json
[2024-06-25T15:00:41.315+0000] {filesystem.py:85} INFO - Poking for file /opt/***/data/data.json
[2024-06-25T15:00:51.316+0000] {filesystem.py:85} INFO - Poking for file /opt/***/data/data.json
[2024-06-25T15:01:01.317+0000] {filesystem.py:85} INFO - Poking for file /opt/***/data/data.json
[2024-06-25T15:01:11.318+0000] {filesystem.py:85} INFO - Poking for file /opt/***/data/data.json
[2024-06-25T15:01:21.318+0000] {filesystem.py:85} INFO - Poking for file /opt/***/data/data.json
[2024-06-25T15:01:31.319+0000] {filesystem.py:85} INFO - Poking for file /opt/***/data/data.json
