[2024-06-25T12:38:56.478+0000] {local_task_job_runner.py:120} INFO - ::group::Pre task execution logs
[2024-06-25T12:38:56.490+0000] {taskinstance.py:2076} INFO - Dependencies all met for dep_context=non-requeueable deps ti=<TaskInstance: windturbine.group_check_temp.check_temp_branch manual__2024-06-25T12:37:43.842590+00:00 [queued]>
[2024-06-25T12:38:56.494+0000] {taskinstance.py:2076} INFO - Dependencies all met for dep_context=requeueable deps ti=<TaskInstance: windturbine.group_check_temp.check_temp_branch manual__2024-06-25T12:37:43.842590+00:00 [queued]>
[2024-06-25T12:38:56.494+0000] {taskinstance.py:2306} INFO - Starting attempt 1 of 2
[2024-06-25T12:38:56.502+0000] {taskinstance.py:2330} INFO - Executing <Task(BranchPythonOperator): group_check_temp.check_temp_branch> on 2024-06-25 12:37:43.842590+00:00
[2024-06-25T12:38:56.507+0000] {warnings.py:112} WARNING - /home/***/.local/lib/python3.12/site-packages/***/task/task_runner/standard_task_runner.py:61: DeprecationWarning: This process (pid=964) is multi-threaded, use of fork() may lead to deadlocks in the child.
  pid = os.fork()

[2024-06-25T12:38:56.508+0000] {standard_task_runner.py:63} INFO - Started process 968 to run task
[2024-06-25T12:38:56.508+0000] {standard_task_runner.py:90} INFO - Running: ['***', 'tasks', 'run', 'windturbine', 'group_check_temp.check_temp_branch', 'manual__2024-06-25T12:37:43.842590+00:00', '--job-id', '469', '--raw', '--subdir', 'DAGS_FOLDER/windturbine.py', '--cfg-path', '/tmp/tmpulhnxy8h']
[2024-06-25T12:38:56.510+0000] {standard_task_runner.py:91} INFO - Job 469: Subtask group_check_temp.check_temp_branch
[2024-06-25T12:38:56.533+0000] {task_command.py:426} INFO - Running <TaskInstance: windturbine.group_check_temp.check_temp_branch manual__2024-06-25T12:37:43.842590+00:00 [running]> on host 8f35bebe2893
[2024-06-25T12:38:56.575+0000] {taskinstance.py:2648} INFO - Exporting env vars: AIRFLOW_CTX_DAG_EMAIL='liviataina.ltab@gmail.com' AIRFLOW_CTX_DAG_OWNER='***' AIRFLOW_CTX_DAG_ID='windturbine' AIRFLOW_CTX_TASK_ID='group_check_temp.check_temp_branch' AIRFLOW_CTX_EXECUTION_DATE='2024-06-25T12:37:43.842590+00:00' AIRFLOW_CTX_TRY_NUMBER='1' AIRFLOW_CTX_DAG_RUN_ID='manual__2024-06-25T12:37:43.842590+00:00'
[2024-06-25T12:38:56.575+0000] {taskinstance.py:430} INFO - ::endgroup::
[2024-06-25T12:38:56.582+0000] {baseoperator.py:400} WARNING - BranchPythonOperator.execute cannot be called outside TaskInstance!
[2024-06-25T12:38:56.588+0000] {python.py:237} INFO - Done. Returned value was: group_check_temp.send_email_normal
[2024-06-25T12:38:56.588+0000] {branch.py:36} INFO - Branch into group_check_temp.send_email_normal
[2024-06-25T12:38:56.589+0000] {skipmixin.py:178} INFO - Following branch group_check_temp.send_email_normal
[2024-06-25T12:38:56.598+0000] {skipmixin.py:246} INFO - Skipping tasks [('group_check_temp.send_email_alert', -1)]
[2024-06-25T12:38:56.613+0000] {taskinstance.py:441} INFO - ::group::Post task execution logs
[2024-06-25T12:38:56.624+0000] {taskinstance.py:1206} INFO - Marking task as SUCCESS. dag_id=windturbine, task_id=group_check_temp.check_temp_branch, run_id=manual__2024-06-25T12:37:43.842590+00:00, execution_date=20240625T123743, start_date=20240625T123856, end_date=20240625T123856
[2024-06-25T12:38:56.640+0000] {local_task_job_runner.py:240} INFO - Task exited with return code 0
[2024-06-25T12:38:56.651+0000] {local_task_job_runner.py:222} INFO - ::endgroup::
