[2024-06-19T11:42:07.452+0000] {local_task_job_runner.py:120} INFO - ::group::Pre task execution logs
[2024-06-19T11:42:07.466+0000] {taskinstance.py:2076} INFO - Dependencies all met for dep_context=non-requeueable deps ti=<TaskInstance: thrid_trigger_dag.task1 manual__2024-06-19T11:42:06.265185+00:00 [queued]>
[2024-06-19T11:42:07.471+0000] {taskinstance.py:2076} INFO - Dependencies all met for dep_context=requeueable deps ti=<TaskInstance: thrid_trigger_dag.task1 manual__2024-06-19T11:42:06.265185+00:00 [queued]>
[2024-06-19T11:42:07.471+0000] {taskinstance.py:2306} INFO - Starting attempt 1 of 1
[2024-06-19T11:42:07.479+0000] {taskinstance.py:2330} INFO - Executing <Task(BashOperator): task1> on 2024-06-19 11:42:06.265185+00:00
[2024-06-19T11:42:07.483+0000] {warnings.py:112} WARNING - /home/***/.local/lib/python3.12/site-packages/***/task/task_runner/standard_task_runner.py:61: DeprecationWarning: This process (pid=847) is multi-threaded, use of fork() may lead to deadlocks in the child.
  pid = os.fork()

[2024-06-19T11:42:07.484+0000] {standard_task_runner.py:63} INFO - Started process 848 to run task
[2024-06-19T11:42:07.484+0000] {standard_task_runner.py:90} INFO - Running: ['***', 'tasks', 'run', 'thrid_trigger_dag', 'task1', 'manual__2024-06-19T11:42:06.265185+00:00', '--job-id', '42', '--raw', '--subdir', 'DAGS_FOLDER/triggerdag3.py', '--cfg-path', '/tmp/tmpldt1war9']
[2024-06-19T11:42:07.485+0000] {standard_task_runner.py:91} INFO - Job 42: Subtask task1
[2024-06-19T11:42:07.515+0000] {task_command.py:426} INFO - Running <TaskInstance: thrid_trigger_dag.task1 manual__2024-06-19T11:42:06.265185+00:00 [running]> on host 61c28926c6e1
[2024-06-19T11:42:07.562+0000] {taskinstance.py:2648} INFO - Exporting env vars: AIRFLOW_CTX_DAG_OWNER='***' AIRFLOW_CTX_DAG_ID='thrid_trigger_dag' AIRFLOW_CTX_TASK_ID='task1' AIRFLOW_CTX_EXECUTION_DATE='2024-06-19T11:42:06.265185+00:00' AIRFLOW_CTX_TRY_NUMBER='1' AIRFLOW_CTX_DAG_RUN_ID='manual__2024-06-19T11:42:06.265185+00:00'
[2024-06-19T11:42:07.562+0000] {taskinstance.py:430} INFO - ::endgroup::
[2024-06-19T11:42:07.572+0000] {subprocess.py:63} INFO - Tmp dir root location: /tmp
[2024-06-19T11:42:07.572+0000] {subprocess.py:75} INFO - Running command: ['/usr/bin/bash', '-c', 'exit 1']
[2024-06-19T11:42:07.578+0000] {subprocess.py:86} INFO - Output:
[2024-06-19T11:42:07.579+0000] {subprocess.py:97} INFO - Command exited with return code 1
[2024-06-19T11:42:07.579+0000] {taskinstance.py:441} INFO - ::group::Post task execution logs
[2024-06-19T11:42:07.586+0000] {taskinstance.py:2905} ERROR - Task failed with exception
Traceback (most recent call last):
  File "/home/airflow/.local/lib/python3.12/site-packages/airflow/models/taskinstance.py", line 465, in _execute_task
    result = _execute_callable(context=context, **execute_callable_kwargs)
             ^^^^^^^^^^^^^^^^^^^^^^^^^^^^^^^^^^^^^^^^^^^^^^^^^^^^^^^^^^^^^
  File "/home/airflow/.local/lib/python3.12/site-packages/airflow/models/taskinstance.py", line 432, in _execute_callable
    return execute_callable(context=context, **execute_callable_kwargs)
           ^^^^^^^^^^^^^^^^^^^^^^^^^^^^^^^^^^^^^^^^^^^^^^^^^^^^^^^^^^^^
  File "/home/airflow/.local/lib/python3.12/site-packages/airflow/models/baseoperator.py", line 401, in wrapper
    return func(self, *args, **kwargs)
           ^^^^^^^^^^^^^^^^^^^^^^^^^^^
  File "/home/airflow/.local/lib/python3.12/site-packages/airflow/operators/bash.py", line 243, in execute
    raise AirflowException(
airflow.exceptions.AirflowException: Bash command failed. The command returned a non-zero exit code 1.
[2024-06-19T11:42:07.588+0000] {taskinstance.py:1206} INFO - Marking task as FAILED. dag_id=thrid_trigger_dag, task_id=task1, run_id=manual__2024-06-19T11:42:06.265185+00:00, execution_date=20240619T114206, start_date=20240619T114207, end_date=20240619T114207
[2024-06-19T11:42:07.596+0000] {standard_task_runner.py:110} ERROR - Failed to execute job 42 for task task1 (Bash command failed. The command returned a non-zero exit code 1.; 848)
[2024-06-19T11:42:07.616+0000] {local_task_job_runner.py:240} INFO - Task exited with return code 1
[2024-06-19T11:42:07.625+0000] {local_task_job_runner.py:222} INFO - ::endgroup::
