[2024-06-18T13:51:43.471+0000] {local_task_job_runner.py:120} INFO - ::group::Pre task execution logs
[2024-06-18T13:51:43.485+0000] {taskinstance.py:2076} INFO - Dependencies all met for dep_context=non-requeueable deps ti=<TaskInstance: thirddag.task3 manual__2024-06-18T13:51:36.652165+00:00 [queued]>
[2024-06-18T13:51:43.489+0000] {taskinstance.py:2076} INFO - Dependencies all met for dep_context=requeueable deps ti=<TaskInstance: thirddag.task3 manual__2024-06-18T13:51:36.652165+00:00 [queued]>
[2024-06-18T13:51:43.489+0000] {taskinstance.py:2306} INFO - Starting attempt 1 of 1
[2024-06-18T13:51:43.497+0000] {taskinstance.py:2330} INFO - Executing <Task(BashOperator): task3> on 2024-06-18 13:51:36.652165+00:00
[2024-06-18T13:51:43.501+0000] {warnings.py:112} WARNING - /home/***/.local/lib/python3.12/site-packages/***/task/task_runner/standard_task_runner.py:61: DeprecationWarning: This process (pid=595) is multi-threaded, use of fork() may lead to deadlocks in the child.
  pid = os.fork()

[2024-06-18T13:51:43.502+0000] {standard_task_runner.py:63} INFO - Started process 596 to run task
[2024-06-18T13:51:43.502+0000] {standard_task_runner.py:90} INFO - Running: ['***', 'tasks', 'run', 'thirddag', 'task3', 'manual__2024-06-18T13:51:36.652165+00:00', '--job-id', '31', '--raw', '--subdir', 'DAGS_FOLDER/thriddag.py', '--cfg-path', '/tmp/tmpytn0c70d']
[2024-06-18T13:51:43.503+0000] {standard_task_runner.py:91} INFO - Job 31: Subtask task3
[2024-06-18T13:51:43.529+0000] {task_command.py:426} INFO - Running <TaskInstance: thirddag.task3 manual__2024-06-18T13:51:36.652165+00:00 [running]> on host a6ae00f47896
[2024-06-18T13:51:43.574+0000] {taskinstance.py:2648} INFO - Exporting env vars: AIRFLOW_CTX_DAG_OWNER='***' AIRFLOW_CTX_DAG_ID='thirddag' AIRFLOW_CTX_TASK_ID='task3' AIRFLOW_CTX_EXECUTION_DATE='2024-06-18T13:51:36.652165+00:00' AIRFLOW_CTX_TRY_NUMBER='1' AIRFLOW_CTX_DAG_RUN_ID='manual__2024-06-18T13:51:36.652165+00:00'
[2024-06-18T13:51:43.575+0000] {taskinstance.py:430} INFO - ::endgroup::
[2024-06-18T13:51:43.592+0000] {subprocess.py:63} INFO - Tmp dir root location: /tmp
[2024-06-18T13:51:43.593+0000] {subprocess.py:75} INFO - Running command: ['/usr/bin/bash', '-c', 'sleep 5']
[2024-06-18T13:51:43.611+0000] {subprocess.py:86} INFO - Output:
[2024-06-18T13:51:48.615+0000] {subprocess.py:97} INFO - Command exited with return code 0
[2024-06-18T13:51:48.616+0000] {taskinstance.py:441} INFO - ::group::Post task execution logs
[2024-06-18T13:51:48.630+0000] {taskinstance.py:1206} INFO - Marking task as SUCCESS. dag_id=thirddag, task_id=task3, run_id=manual__2024-06-18T13:51:36.652165+00:00, execution_date=20240618T135136, start_date=20240618T135143, end_date=20240618T135148
[2024-06-18T13:51:48.650+0000] {local_task_job_runner.py:240} INFO - Task exited with return code 0
[2024-06-18T13:51:48.659+0000] {taskinstance.py:3503} INFO - 0 downstream tasks scheduled from follow-on schedule check
[2024-06-18T13:51:48.661+0000] {local_task_job_runner.py:222} INFO - ::endgroup::
