[2024-06-18T13:04:12.451+0000] {processor.py:161} INFO - Started process (PID=50) to work on /home/airflow/.local/lib/python3.12/site-packages/airflow/example_dags/example_external_task_marker_dag.py
[2024-06-18T13:04:12.451+0000] {processor.py:830} INFO - Processing file /home/airflow/.local/lib/python3.12/site-packages/airflow/example_dags/example_external_task_marker_dag.py for tasks to queue
[2024-06-18T13:04:12.452+0000] {logging_mixin.py:188} INFO - [2024-06-18T13:04:12.452+0000] {dagbag.py:545} INFO - Filling up the DagBag from /home/airflow/.local/lib/python3.12/site-packages/airflow/example_dags/example_external_task_marker_dag.py
[2024-06-18T13:04:12.457+0000] {processor.py:840} INFO - DAG(s) 'example_external_task_marker_child', 'example_external_task_marker_parent' retrieved from /home/airflow/.local/lib/python3.12/site-packages/airflow/example_dags/example_external_task_marker_dag.py
[2024-06-18T13:04:12.465+0000] {logging_mixin.py:188} INFO - [2024-06-18T13:04:12.465+0000] {dag.py:3096} INFO - Sync 2 DAGs
[2024-06-18T13:04:12.473+0000] {logging_mixin.py:188} INFO - [2024-06-18T13:04:12.473+0000] {dag.py:3954} INFO - Setting next_dagrun for example_external_task_marker_child to None, run_after=None
[2024-06-18T13:04:12.475+0000] {logging_mixin.py:188} INFO - [2024-06-18T13:04:12.475+0000] {dag.py:3954} INFO - Setting next_dagrun for example_external_task_marker_parent to None, run_after=None
[2024-06-18T13:04:12.485+0000] {processor.py:183} INFO - Processing /home/airflow/.local/lib/python3.12/site-packages/airflow/example_dags/example_external_task_marker_dag.py took 0.037 seconds
[2024-06-18T13:04:43.337+0000] {processor.py:161} INFO - Started process (PID=108) to work on /home/airflow/.local/lib/python3.12/site-packages/airflow/example_dags/example_external_task_marker_dag.py
[2024-06-18T13:04:43.338+0000] {processor.py:830} INFO - Processing file /home/airflow/.local/lib/python3.12/site-packages/airflow/example_dags/example_external_task_marker_dag.py for tasks to queue
[2024-06-18T13:04:43.339+0000] {logging_mixin.py:188} INFO - [2024-06-18T13:04:43.338+0000] {dagbag.py:545} INFO - Filling up the DagBag from /home/airflow/.local/lib/python3.12/site-packages/airflow/example_dags/example_external_task_marker_dag.py
[2024-06-18T13:04:43.342+0000] {processor.py:840} INFO - DAG(s) 'example_external_task_marker_parent', 'example_external_task_marker_child' retrieved from /home/airflow/.local/lib/python3.12/site-packages/airflow/example_dags/example_external_task_marker_dag.py
[2024-06-18T13:04:43.405+0000] {logging_mixin.py:188} INFO - [2024-06-18T13:04:43.405+0000] {dag.py:3096} INFO - Sync 2 DAGs
[2024-06-18T13:04:43.411+0000] {logging_mixin.py:188} INFO - [2024-06-18T13:04:43.411+0000] {dag.py:3954} INFO - Setting next_dagrun for example_external_task_marker_child to None, run_after=None
[2024-06-18T13:04:43.413+0000] {logging_mixin.py:188} INFO - [2024-06-18T13:04:43.413+0000] {dag.py:3954} INFO - Setting next_dagrun for example_external_task_marker_parent to None, run_after=None
[2024-06-18T13:04:43.422+0000] {processor.py:183} INFO - Processing /home/airflow/.local/lib/python3.12/site-packages/airflow/example_dags/example_external_task_marker_dag.py took 0.088 seconds
[2024-06-18T13:05:13.803+0000] {processor.py:161} INFO - Started process (PID=166) to work on /home/airflow/.local/lib/python3.12/site-packages/airflow/example_dags/example_external_task_marker_dag.py
[2024-06-18T13:05:13.803+0000] {processor.py:830} INFO - Processing file /home/airflow/.local/lib/python3.12/site-packages/airflow/example_dags/example_external_task_marker_dag.py for tasks to queue
[2024-06-18T13:05:13.804+0000] {logging_mixin.py:188} INFO - [2024-06-18T13:05:13.804+0000] {dagbag.py:545} INFO - Filling up the DagBag from /home/airflow/.local/lib/python3.12/site-packages/airflow/example_dags/example_external_task_marker_dag.py
[2024-06-18T13:05:13.807+0000] {processor.py:840} INFO - DAG(s) 'example_external_task_marker_child', 'example_external_task_marker_parent' retrieved from /home/airflow/.local/lib/python3.12/site-packages/airflow/example_dags/example_external_task_marker_dag.py
[2024-06-18T13:05:13.819+0000] {logging_mixin.py:188} INFO - [2024-06-18T13:05:13.819+0000] {dag.py:3096} INFO - Sync 2 DAGs
[2024-06-18T13:05:13.826+0000] {logging_mixin.py:188} INFO - [2024-06-18T13:05:13.826+0000] {dag.py:3954} INFO - Setting next_dagrun for example_external_task_marker_child to None, run_after=None
[2024-06-18T13:05:13.828+0000] {logging_mixin.py:188} INFO - [2024-06-18T13:05:13.828+0000] {dag.py:3954} INFO - Setting next_dagrun for example_external_task_marker_parent to None, run_after=None
[2024-06-18T13:05:13.836+0000] {processor.py:183} INFO - Processing /home/airflow/.local/lib/python3.12/site-packages/airflow/example_dags/example_external_task_marker_dag.py took 0.036 seconds
[2024-06-18T13:05:44.026+0000] {processor.py:161} INFO - Started process (PID=225) to work on /home/airflow/.local/lib/python3.12/site-packages/airflow/example_dags/example_external_task_marker_dag.py
[2024-06-18T13:05:44.026+0000] {processor.py:830} INFO - Processing file /home/airflow/.local/lib/python3.12/site-packages/airflow/example_dags/example_external_task_marker_dag.py for tasks to queue
[2024-06-18T13:05:44.027+0000] {logging_mixin.py:188} INFO - [2024-06-18T13:05:44.027+0000] {dagbag.py:545} INFO - Filling up the DagBag from /home/airflow/.local/lib/python3.12/site-packages/airflow/example_dags/example_external_task_marker_dag.py
[2024-06-18T13:05:44.031+0000] {processor.py:840} INFO - DAG(s) 'example_external_task_marker_child', 'example_external_task_marker_parent' retrieved from /home/airflow/.local/lib/python3.12/site-packages/airflow/example_dags/example_external_task_marker_dag.py
[2024-06-18T13:05:44.044+0000] {logging_mixin.py:188} INFO - [2024-06-18T13:05:44.044+0000] {dag.py:3096} INFO - Sync 2 DAGs
[2024-06-18T13:05:44.051+0000] {logging_mixin.py:188} INFO - [2024-06-18T13:05:44.051+0000] {dag.py:3954} INFO - Setting next_dagrun for example_external_task_marker_child to None, run_after=None
[2024-06-18T13:05:44.053+0000] {logging_mixin.py:188} INFO - [2024-06-18T13:05:44.053+0000] {dag.py:3954} INFO - Setting next_dagrun for example_external_task_marker_parent to None, run_after=None
[2024-06-18T13:05:44.061+0000] {processor.py:183} INFO - Processing /home/airflow/.local/lib/python3.12/site-packages/airflow/example_dags/example_external_task_marker_dag.py took 0.039 seconds
[2024-06-18T13:06:14.296+0000] {processor.py:161} INFO - Started process (PID=283) to work on /home/airflow/.local/lib/python3.12/site-packages/airflow/example_dags/example_external_task_marker_dag.py
[2024-06-18T13:06:14.296+0000] {processor.py:830} INFO - Processing file /home/airflow/.local/lib/python3.12/site-packages/airflow/example_dags/example_external_task_marker_dag.py for tasks to queue
[2024-06-18T13:06:14.297+0000] {logging_mixin.py:188} INFO - [2024-06-18T13:06:14.297+0000] {dagbag.py:545} INFO - Filling up the DagBag from /home/airflow/.local/lib/python3.12/site-packages/airflow/example_dags/example_external_task_marker_dag.py
[2024-06-18T13:06:14.301+0000] {processor.py:840} INFO - DAG(s) 'example_external_task_marker_child', 'example_external_task_marker_parent' retrieved from /home/airflow/.local/lib/python3.12/site-packages/airflow/example_dags/example_external_task_marker_dag.py
[2024-06-18T13:06:14.314+0000] {logging_mixin.py:188} INFO - [2024-06-18T13:06:14.313+0000] {dag.py:3096} INFO - Sync 2 DAGs
[2024-06-18T13:06:14.321+0000] {logging_mixin.py:188} INFO - [2024-06-18T13:06:14.321+0000] {dag.py:3954} INFO - Setting next_dagrun for example_external_task_marker_child to None, run_after=None
[2024-06-18T13:06:14.323+0000] {logging_mixin.py:188} INFO - [2024-06-18T13:06:14.323+0000] {dag.py:3954} INFO - Setting next_dagrun for example_external_task_marker_parent to None, run_after=None
[2024-06-18T13:06:14.331+0000] {processor.py:183} INFO - Processing /home/airflow/.local/lib/python3.12/site-packages/airflow/example_dags/example_external_task_marker_dag.py took 0.039 seconds
[2024-06-18T13:06:44.370+0000] {processor.py:161} INFO - Started process (PID=341) to work on /home/airflow/.local/lib/python3.12/site-packages/airflow/example_dags/example_external_task_marker_dag.py
[2024-06-18T13:06:44.371+0000] {processor.py:830} INFO - Processing file /home/airflow/.local/lib/python3.12/site-packages/airflow/example_dags/example_external_task_marker_dag.py for tasks to queue
[2024-06-18T13:06:44.372+0000] {logging_mixin.py:188} INFO - [2024-06-18T13:06:44.372+0000] {dagbag.py:545} INFO - Filling up the DagBag from /home/airflow/.local/lib/python3.12/site-packages/airflow/example_dags/example_external_task_marker_dag.py
[2024-06-18T13:06:44.376+0000] {processor.py:840} INFO - DAG(s) 'example_external_task_marker_parent', 'example_external_task_marker_child' retrieved from /home/airflow/.local/lib/python3.12/site-packages/airflow/example_dags/example_external_task_marker_dag.py
[2024-06-18T13:06:44.389+0000] {logging_mixin.py:188} INFO - [2024-06-18T13:06:44.389+0000] {dag.py:3096} INFO - Sync 2 DAGs
[2024-06-18T13:06:44.398+0000] {logging_mixin.py:188} INFO - [2024-06-18T13:06:44.398+0000] {dag.py:3954} INFO - Setting next_dagrun for example_external_task_marker_child to None, run_after=None
[2024-06-18T13:06:44.400+0000] {logging_mixin.py:188} INFO - [2024-06-18T13:06:44.400+0000] {dag.py:3954} INFO - Setting next_dagrun for example_external_task_marker_parent to None, run_after=None
[2024-06-18T13:06:44.412+0000] {processor.py:183} INFO - Processing /home/airflow/.local/lib/python3.12/site-packages/airflow/example_dags/example_external_task_marker_dag.py took 0.044 seconds
[2024-06-18T13:07:14.610+0000] {processor.py:161} INFO - Started process (PID=399) to work on /home/airflow/.local/lib/python3.12/site-packages/airflow/example_dags/example_external_task_marker_dag.py
[2024-06-18T13:07:14.611+0000] {processor.py:830} INFO - Processing file /home/airflow/.local/lib/python3.12/site-packages/airflow/example_dags/example_external_task_marker_dag.py for tasks to queue
[2024-06-18T13:07:14.612+0000] {logging_mixin.py:188} INFO - [2024-06-18T13:07:14.611+0000] {dagbag.py:545} INFO - Filling up the DagBag from /home/airflow/.local/lib/python3.12/site-packages/airflow/example_dags/example_external_task_marker_dag.py
[2024-06-18T13:07:14.615+0000] {processor.py:840} INFO - DAG(s) 'example_external_task_marker_child', 'example_external_task_marker_parent' retrieved from /home/airflow/.local/lib/python3.12/site-packages/airflow/example_dags/example_external_task_marker_dag.py
[2024-06-18T13:07:14.630+0000] {logging_mixin.py:188} INFO - [2024-06-18T13:07:14.630+0000] {dag.py:3096} INFO - Sync 2 DAGs
[2024-06-18T13:07:14.638+0000] {logging_mixin.py:188} INFO - [2024-06-18T13:07:14.638+0000] {dag.py:3954} INFO - Setting next_dagrun for example_external_task_marker_child to None, run_after=None
[2024-06-18T13:07:14.642+0000] {logging_mixin.py:188} INFO - [2024-06-18T13:07:14.642+0000] {dag.py:3954} INFO - Setting next_dagrun for example_external_task_marker_parent to None, run_after=None
[2024-06-18T13:07:14.651+0000] {processor.py:183} INFO - Processing /home/airflow/.local/lib/python3.12/site-packages/airflow/example_dags/example_external_task_marker_dag.py took 0.047 seconds
[2024-06-18T13:07:45.011+0000] {processor.py:161} INFO - Started process (PID=457) to work on /home/airflow/.local/lib/python3.12/site-packages/airflow/example_dags/example_external_task_marker_dag.py
[2024-06-18T13:07:45.011+0000] {processor.py:830} INFO - Processing file /home/airflow/.local/lib/python3.12/site-packages/airflow/example_dags/example_external_task_marker_dag.py for tasks to queue
[2024-06-18T13:07:45.012+0000] {logging_mixin.py:188} INFO - [2024-06-18T13:07:45.012+0000] {dagbag.py:545} INFO - Filling up the DagBag from /home/airflow/.local/lib/python3.12/site-packages/airflow/example_dags/example_external_task_marker_dag.py
[2024-06-18T13:07:45.019+0000] {processor.py:840} INFO - DAG(s) 'example_external_task_marker_child', 'example_external_task_marker_parent' retrieved from /home/airflow/.local/lib/python3.12/site-packages/airflow/example_dags/example_external_task_marker_dag.py
[2024-06-18T13:07:45.038+0000] {logging_mixin.py:188} INFO - [2024-06-18T13:07:45.038+0000] {dag.py:3096} INFO - Sync 2 DAGs
[2024-06-18T13:07:45.046+0000] {logging_mixin.py:188} INFO - [2024-06-18T13:07:45.045+0000] {dag.py:3954} INFO - Setting next_dagrun for example_external_task_marker_child to None, run_after=None
[2024-06-18T13:07:45.048+0000] {logging_mixin.py:188} INFO - [2024-06-18T13:07:45.048+0000] {dag.py:3954} INFO - Setting next_dagrun for example_external_task_marker_parent to None, run_after=None
[2024-06-18T13:07:45.059+0000] {processor.py:183} INFO - Processing /home/airflow/.local/lib/python3.12/site-packages/airflow/example_dags/example_external_task_marker_dag.py took 0.052 seconds
[2024-06-18T13:08:15.125+0000] {processor.py:161} INFO - Started process (PID=515) to work on /home/airflow/.local/lib/python3.12/site-packages/airflow/example_dags/example_external_task_marker_dag.py
[2024-06-18T13:08:15.126+0000] {processor.py:830} INFO - Processing file /home/airflow/.local/lib/python3.12/site-packages/airflow/example_dags/example_external_task_marker_dag.py for tasks to queue
[2024-06-18T13:08:15.129+0000] {logging_mixin.py:188} INFO - [2024-06-18T13:08:15.128+0000] {dagbag.py:545} INFO - Filling up the DagBag from /home/airflow/.local/lib/python3.12/site-packages/airflow/example_dags/example_external_task_marker_dag.py
[2024-06-18T13:08:15.134+0000] {processor.py:840} INFO - DAG(s) 'example_external_task_marker_parent', 'example_external_task_marker_child' retrieved from /home/airflow/.local/lib/python3.12/site-packages/airflow/example_dags/example_external_task_marker_dag.py
[2024-06-18T13:08:15.150+0000] {logging_mixin.py:188} INFO - [2024-06-18T13:08:15.150+0000] {dag.py:3096} INFO - Sync 2 DAGs
[2024-06-18T13:08:15.158+0000] {logging_mixin.py:188} INFO - [2024-06-18T13:08:15.158+0000] {dag.py:3954} INFO - Setting next_dagrun for example_external_task_marker_child to None, run_after=None
[2024-06-18T13:08:15.162+0000] {logging_mixin.py:188} INFO - [2024-06-18T13:08:15.162+0000] {dag.py:3954} INFO - Setting next_dagrun for example_external_task_marker_parent to None, run_after=None
[2024-06-18T13:08:15.172+0000] {processor.py:183} INFO - Processing /home/airflow/.local/lib/python3.12/site-packages/airflow/example_dags/example_external_task_marker_dag.py took 0.051 seconds
[2024-06-18T13:08:45.300+0000] {processor.py:161} INFO - Started process (PID=573) to work on /home/airflow/.local/lib/python3.12/site-packages/airflow/example_dags/example_external_task_marker_dag.py
[2024-06-18T13:08:45.300+0000] {processor.py:830} INFO - Processing file /home/airflow/.local/lib/python3.12/site-packages/airflow/example_dags/example_external_task_marker_dag.py for tasks to queue
[2024-06-18T13:08:45.301+0000] {logging_mixin.py:188} INFO - [2024-06-18T13:08:45.301+0000] {dagbag.py:545} INFO - Filling up the DagBag from /home/airflow/.local/lib/python3.12/site-packages/airflow/example_dags/example_external_task_marker_dag.py
[2024-06-18T13:08:45.304+0000] {processor.py:840} INFO - DAG(s) 'example_external_task_marker_parent', 'example_external_task_marker_child' retrieved from /home/airflow/.local/lib/python3.12/site-packages/airflow/example_dags/example_external_task_marker_dag.py
[2024-06-18T13:08:45.316+0000] {logging_mixin.py:188} INFO - [2024-06-18T13:08:45.316+0000] {dag.py:3096} INFO - Sync 2 DAGs
[2024-06-18T13:08:45.323+0000] {logging_mixin.py:188} INFO - [2024-06-18T13:08:45.323+0000] {dag.py:3954} INFO - Setting next_dagrun for example_external_task_marker_child to None, run_after=None
[2024-06-18T13:08:45.325+0000] {logging_mixin.py:188} INFO - [2024-06-18T13:08:45.325+0000] {dag.py:3954} INFO - Setting next_dagrun for example_external_task_marker_parent to None, run_after=None
[2024-06-18T13:08:45.334+0000] {processor.py:183} INFO - Processing /home/airflow/.local/lib/python3.12/site-packages/airflow/example_dags/example_external_task_marker_dag.py took 0.037 seconds
[2024-06-18T13:09:16.293+0000] {processor.py:161} INFO - Started process (PID=631) to work on /home/airflow/.local/lib/python3.12/site-packages/airflow/example_dags/example_external_task_marker_dag.py
[2024-06-18T13:09:16.294+0000] {processor.py:830} INFO - Processing file /home/airflow/.local/lib/python3.12/site-packages/airflow/example_dags/example_external_task_marker_dag.py for tasks to queue
[2024-06-18T13:09:16.295+0000] {logging_mixin.py:188} INFO - [2024-06-18T13:09:16.295+0000] {dagbag.py:545} INFO - Filling up the DagBag from /home/airflow/.local/lib/python3.12/site-packages/airflow/example_dags/example_external_task_marker_dag.py
[2024-06-18T13:09:16.298+0000] {processor.py:840} INFO - DAG(s) 'example_external_task_marker_parent', 'example_external_task_marker_child' retrieved from /home/airflow/.local/lib/python3.12/site-packages/airflow/example_dags/example_external_task_marker_dag.py
[2024-06-18T13:09:16.311+0000] {logging_mixin.py:188} INFO - [2024-06-18T13:09:16.311+0000] {dag.py:3096} INFO - Sync 2 DAGs
[2024-06-18T13:09:16.319+0000] {logging_mixin.py:188} INFO - [2024-06-18T13:09:16.318+0000] {dag.py:3954} INFO - Setting next_dagrun for example_external_task_marker_child to None, run_after=None
[2024-06-18T13:09:16.321+0000] {logging_mixin.py:188} INFO - [2024-06-18T13:09:16.321+0000] {dag.py:3954} INFO - Setting next_dagrun for example_external_task_marker_parent to None, run_after=None
[2024-06-18T13:09:16.329+0000] {processor.py:183} INFO - Processing /home/airflow/.local/lib/python3.12/site-packages/airflow/example_dags/example_external_task_marker_dag.py took 0.039 seconds
[2024-06-18T13:09:47.157+0000] {processor.py:161} INFO - Started process (PID=689) to work on /home/airflow/.local/lib/python3.12/site-packages/airflow/example_dags/example_external_task_marker_dag.py
[2024-06-18T13:09:47.158+0000] {processor.py:830} INFO - Processing file /home/airflow/.local/lib/python3.12/site-packages/airflow/example_dags/example_external_task_marker_dag.py for tasks to queue
[2024-06-18T13:09:47.159+0000] {logging_mixin.py:188} INFO - [2024-06-18T13:09:47.159+0000] {dagbag.py:545} INFO - Filling up the DagBag from /home/airflow/.local/lib/python3.12/site-packages/airflow/example_dags/example_external_task_marker_dag.py
[2024-06-18T13:09:47.163+0000] {processor.py:840} INFO - DAG(s) 'example_external_task_marker_parent', 'example_external_task_marker_child' retrieved from /home/airflow/.local/lib/python3.12/site-packages/airflow/example_dags/example_external_task_marker_dag.py
[2024-06-18T13:09:47.177+0000] {logging_mixin.py:188} INFO - [2024-06-18T13:09:47.177+0000] {dag.py:3096} INFO - Sync 2 DAGs
[2024-06-18T13:09:47.185+0000] {logging_mixin.py:188} INFO - [2024-06-18T13:09:47.185+0000] {dag.py:3954} INFO - Setting next_dagrun for example_external_task_marker_child to None, run_after=None
[2024-06-18T13:09:47.188+0000] {logging_mixin.py:188} INFO - [2024-06-18T13:09:47.188+0000] {dag.py:3954} INFO - Setting next_dagrun for example_external_task_marker_parent to None, run_after=None
[2024-06-18T13:09:47.197+0000] {processor.py:183} INFO - Processing /home/airflow/.local/lib/python3.12/site-packages/airflow/example_dags/example_external_task_marker_dag.py took 0.042 seconds
[2024-06-18T13:10:17.281+0000] {processor.py:161} INFO - Started process (PID=746) to work on /home/airflow/.local/lib/python3.12/site-packages/airflow/example_dags/example_external_task_marker_dag.py
[2024-06-18T13:10:17.282+0000] {processor.py:830} INFO - Processing file /home/airflow/.local/lib/python3.12/site-packages/airflow/example_dags/example_external_task_marker_dag.py for tasks to queue
[2024-06-18T13:10:17.283+0000] {logging_mixin.py:188} INFO - [2024-06-18T13:10:17.283+0000] {dagbag.py:545} INFO - Filling up the DagBag from /home/airflow/.local/lib/python3.12/site-packages/airflow/example_dags/example_external_task_marker_dag.py
[2024-06-18T13:10:17.286+0000] {processor.py:840} INFO - DAG(s) 'example_external_task_marker_child', 'example_external_task_marker_parent' retrieved from /home/airflow/.local/lib/python3.12/site-packages/airflow/example_dags/example_external_task_marker_dag.py
[2024-06-18T13:10:17.300+0000] {logging_mixin.py:188} INFO - [2024-06-18T13:10:17.300+0000] {dag.py:3096} INFO - Sync 2 DAGs
[2024-06-18T13:10:17.308+0000] {logging_mixin.py:188} INFO - [2024-06-18T13:10:17.307+0000] {dag.py:3954} INFO - Setting next_dagrun for example_external_task_marker_child to None, run_after=None
[2024-06-18T13:10:17.310+0000] {logging_mixin.py:188} INFO - [2024-06-18T13:10:17.310+0000] {dag.py:3954} INFO - Setting next_dagrun for example_external_task_marker_parent to None, run_after=None
[2024-06-18T13:10:17.319+0000] {processor.py:183} INFO - Processing /home/airflow/.local/lib/python3.12/site-packages/airflow/example_dags/example_external_task_marker_dag.py took 0.041 seconds
[2024-06-18T13:10:47.425+0000] {processor.py:161} INFO - Started process (PID=804) to work on /home/airflow/.local/lib/python3.12/site-packages/airflow/example_dags/example_external_task_marker_dag.py
[2024-06-18T13:10:47.426+0000] {processor.py:830} INFO - Processing file /home/airflow/.local/lib/python3.12/site-packages/airflow/example_dags/example_external_task_marker_dag.py for tasks to queue
[2024-06-18T13:10:47.427+0000] {logging_mixin.py:188} INFO - [2024-06-18T13:10:47.427+0000] {dagbag.py:545} INFO - Filling up the DagBag from /home/airflow/.local/lib/python3.12/site-packages/airflow/example_dags/example_external_task_marker_dag.py
[2024-06-18T13:10:47.430+0000] {processor.py:840} INFO - DAG(s) 'example_external_task_marker_child', 'example_external_task_marker_parent' retrieved from /home/airflow/.local/lib/python3.12/site-packages/airflow/example_dags/example_external_task_marker_dag.py
[2024-06-18T13:10:47.443+0000] {logging_mixin.py:188} INFO - [2024-06-18T13:10:47.443+0000] {dag.py:3096} INFO - Sync 2 DAGs
[2024-06-18T13:10:47.450+0000] {logging_mixin.py:188} INFO - [2024-06-18T13:10:47.450+0000] {dag.py:3954} INFO - Setting next_dagrun for example_external_task_marker_child to None, run_after=None
[2024-06-18T13:10:47.452+0000] {logging_mixin.py:188} INFO - [2024-06-18T13:10:47.452+0000] {dag.py:3954} INFO - Setting next_dagrun for example_external_task_marker_parent to None, run_after=None
[2024-06-18T13:10:47.460+0000] {processor.py:183} INFO - Processing /home/airflow/.local/lib/python3.12/site-packages/airflow/example_dags/example_external_task_marker_dag.py took 0.038 seconds
[2024-06-18T13:11:17.509+0000] {processor.py:161} INFO - Started process (PID=861) to work on /home/airflow/.local/lib/python3.12/site-packages/airflow/example_dags/example_external_task_marker_dag.py
[2024-06-18T13:11:17.509+0000] {processor.py:830} INFO - Processing file /home/airflow/.local/lib/python3.12/site-packages/airflow/example_dags/example_external_task_marker_dag.py for tasks to queue
[2024-06-18T13:11:17.510+0000] {logging_mixin.py:188} INFO - [2024-06-18T13:11:17.510+0000] {dagbag.py:545} INFO - Filling up the DagBag from /home/airflow/.local/lib/python3.12/site-packages/airflow/example_dags/example_external_task_marker_dag.py
[2024-06-18T13:11:17.513+0000] {processor.py:840} INFO - DAG(s) 'example_external_task_marker_child', 'example_external_task_marker_parent' retrieved from /home/airflow/.local/lib/python3.12/site-packages/airflow/example_dags/example_external_task_marker_dag.py
[2024-06-18T13:11:17.525+0000] {logging_mixin.py:188} INFO - [2024-06-18T13:11:17.525+0000] {dag.py:3096} INFO - Sync 2 DAGs
[2024-06-18T13:11:17.532+0000] {logging_mixin.py:188} INFO - [2024-06-18T13:11:17.532+0000] {dag.py:3954} INFO - Setting next_dagrun for example_external_task_marker_child to None, run_after=None
[2024-06-18T13:11:17.535+0000] {logging_mixin.py:188} INFO - [2024-06-18T13:11:17.534+0000] {dag.py:3954} INFO - Setting next_dagrun for example_external_task_marker_parent to None, run_after=None
[2024-06-18T13:11:17.543+0000] {processor.py:183} INFO - Processing /home/airflow/.local/lib/python3.12/site-packages/airflow/example_dags/example_external_task_marker_dag.py took 0.038 seconds
