[2024-06-18T13:04:12.735+0000] {processor.py:161} INFO - Started process (PID=60) to work on /home/airflow/.local/lib/python3.12/site-packages/airflow/example_dags/example_datasets.py
[2024-06-18T13:04:12.736+0000] {processor.py:830} INFO - Processing file /home/airflow/.local/lib/python3.12/site-packages/airflow/example_dags/example_datasets.py for tasks to queue
[2024-06-18T13:04:12.737+0000] {logging_mixin.py:188} INFO - [2024-06-18T13:04:12.736+0000] {dagbag.py:545} INFO - Filling up the DagBag from /home/airflow/.local/lib/python3.12/site-packages/airflow/example_dags/example_datasets.py
[2024-06-18T13:04:12.746+0000] {processor.py:840} INFO - DAG(s) 'dataset_consumes_1_never_scheduled', 'dataset_consumes_1_and_2', 'conditional_dataset_and_time_based_timetable', 'dataset_consumes_1', 'consume_1_or_2_with_dataset_expressions', 'consume_1_or_both_2_and_3_with_dataset_expressions', 'dataset_consumes_unknown_never_scheduled', 'dataset_produces_2', 'consume_1_and_2_with_dataset_expressions', 'dataset_produces_1' retrieved from /home/airflow/.local/lib/python3.12/site-packages/airflow/example_dags/example_datasets.py
[2024-06-18T13:04:12.757+0000] {logging_mixin.py:188} INFO - [2024-06-18T13:04:12.757+0000] {dag.py:3096} INFO - Sync 10 DAGs
[2024-06-18T13:04:12.779+0000] {logging_mixin.py:188} INFO - [2024-06-18T13:04:12.779+0000] {dag.py:3954} INFO - Setting next_dagrun for conditional_dataset_and_time_based_timetable to 2024-06-12 01:00:00+00:00, run_after=2024-06-12 01:00:00+00:00
[2024-06-18T13:04:12.783+0000] {logging_mixin.py:188} INFO - [2024-06-18T13:04:12.782+0000] {dag.py:3954} INFO - Setting next_dagrun for consume_1_and_2_with_dataset_expressions to None, run_after=None
[2024-06-18T13:04:12.785+0000] {logging_mixin.py:188} INFO - [2024-06-18T13:04:12.785+0000] {dag.py:3954} INFO - Setting next_dagrun for consume_1_or_2_with_dataset_expressions to None, run_after=None
[2024-06-18T13:04:12.786+0000] {logging_mixin.py:188} INFO - [2024-06-18T13:04:12.786+0000] {dag.py:3954} INFO - Setting next_dagrun for consume_1_or_both_2_and_3_with_dataset_expressions to None, run_after=None
[2024-06-18T13:04:12.787+0000] {logging_mixin.py:188} INFO - [2024-06-18T13:04:12.787+0000] {dag.py:3954} INFO - Setting next_dagrun for dataset_consumes_1 to None, run_after=None
[2024-06-18T13:04:12.788+0000] {logging_mixin.py:188} INFO - [2024-06-18T13:04:12.788+0000] {dag.py:3954} INFO - Setting next_dagrun for dataset_consumes_1_and_2 to None, run_after=None
[2024-06-18T13:04:12.789+0000] {logging_mixin.py:188} INFO - [2024-06-18T13:04:12.789+0000] {dag.py:3954} INFO - Setting next_dagrun for dataset_consumes_1_never_scheduled to None, run_after=None
[2024-06-18T13:04:12.790+0000] {logging_mixin.py:188} INFO - [2024-06-18T13:04:12.789+0000] {dag.py:3954} INFO - Setting next_dagrun for dataset_consumes_unknown_never_scheduled to None, run_after=None
[2024-06-18T13:04:12.792+0000] {logging_mixin.py:188} INFO - [2024-06-18T13:04:12.791+0000] {dag.py:3954} INFO - Setting next_dagrun for dataset_produces_1 to 2024-06-17 00:00:00+00:00, run_after=2024-06-18 00:00:00+00:00
[2024-06-18T13:04:12.793+0000] {logging_mixin.py:188} INFO - [2024-06-18T13:04:12.792+0000] {dag.py:3954} INFO - Setting next_dagrun for dataset_produces_2 to None, run_after=None
[2024-06-18T13:04:12.816+0000] {processor.py:183} INFO - Processing /home/airflow/.local/lib/python3.12/site-packages/airflow/example_dags/example_datasets.py took 0.084 seconds
[2024-06-18T13:04:43.829+0000] {processor.py:161} INFO - Started process (PID=118) to work on /home/airflow/.local/lib/python3.12/site-packages/airflow/example_dags/example_datasets.py
[2024-06-18T13:04:43.830+0000] {processor.py:830} INFO - Processing file /home/airflow/.local/lib/python3.12/site-packages/airflow/example_dags/example_datasets.py for tasks to queue
[2024-06-18T13:04:43.831+0000] {logging_mixin.py:188} INFO - [2024-06-18T13:04:43.831+0000] {dagbag.py:545} INFO - Filling up the DagBag from /home/airflow/.local/lib/python3.12/site-packages/airflow/example_dags/example_datasets.py
[2024-06-18T13:04:43.838+0000] {processor.py:840} INFO - DAG(s) 'dataset_consumes_1_never_scheduled', 'dataset_consumes_1_and_2', 'dataset_consumes_1', 'dataset_produces_1', 'conditional_dataset_and_time_based_timetable', 'consume_1_and_2_with_dataset_expressions', 'consume_1_or_2_with_dataset_expressions', 'dataset_consumes_unknown_never_scheduled', 'consume_1_or_both_2_and_3_with_dataset_expressions', 'dataset_produces_2' retrieved from /home/airflow/.local/lib/python3.12/site-packages/airflow/example_dags/example_datasets.py
[2024-06-18T13:04:43.940+0000] {logging_mixin.py:188} INFO - [2024-06-18T13:04:43.940+0000] {dag.py:3096} INFO - Sync 10 DAGs
[2024-06-18T13:04:43.952+0000] {logging_mixin.py:188} INFO - [2024-06-18T13:04:43.952+0000] {dag.py:3954} INFO - Setting next_dagrun for conditional_dataset_and_time_based_timetable to 2024-06-12 01:00:00+00:00, run_after=2024-06-12 01:00:00+00:00
[2024-06-18T13:04:43.954+0000] {logging_mixin.py:188} INFO - [2024-06-18T13:04:43.954+0000] {dag.py:3954} INFO - Setting next_dagrun for consume_1_and_2_with_dataset_expressions to None, run_after=None
[2024-06-18T13:04:43.955+0000] {logging_mixin.py:188} INFO - [2024-06-18T13:04:43.955+0000] {dag.py:3954} INFO - Setting next_dagrun for consume_1_or_2_with_dataset_expressions to None, run_after=None
[2024-06-18T13:04:43.955+0000] {logging_mixin.py:188} INFO - [2024-06-18T13:04:43.955+0000] {dag.py:3954} INFO - Setting next_dagrun for consume_1_or_both_2_and_3_with_dataset_expressions to None, run_after=None
[2024-06-18T13:04:43.956+0000] {logging_mixin.py:188} INFO - [2024-06-18T13:04:43.956+0000] {dag.py:3954} INFO - Setting next_dagrun for dataset_consumes_1 to None, run_after=None
[2024-06-18T13:04:43.956+0000] {logging_mixin.py:188} INFO - [2024-06-18T13:04:43.956+0000] {dag.py:3954} INFO - Setting next_dagrun for dataset_consumes_1_and_2 to None, run_after=None
[2024-06-18T13:04:43.957+0000] {logging_mixin.py:188} INFO - [2024-06-18T13:04:43.957+0000] {dag.py:3954} INFO - Setting next_dagrun for dataset_consumes_1_never_scheduled to None, run_after=None
[2024-06-18T13:04:43.957+0000] {logging_mixin.py:188} INFO - [2024-06-18T13:04:43.957+0000] {dag.py:3954} INFO - Setting next_dagrun for dataset_consumes_unknown_never_scheduled to None, run_after=None
[2024-06-18T13:04:43.959+0000] {logging_mixin.py:188} INFO - [2024-06-18T13:04:43.959+0000] {dag.py:3954} INFO - Setting next_dagrun for dataset_produces_1 to 2024-06-17 00:00:00+00:00, run_after=2024-06-18 00:00:00+00:00
[2024-06-18T13:04:43.959+0000] {logging_mixin.py:188} INFO - [2024-06-18T13:04:43.959+0000] {dag.py:3954} INFO - Setting next_dagrun for dataset_produces_2 to None, run_after=None
[2024-06-18T13:04:43.976+0000] {processor.py:183} INFO - Processing /home/airflow/.local/lib/python3.12/site-packages/airflow/example_dags/example_datasets.py took 0.150 seconds
[2024-06-18T13:05:14.174+0000] {processor.py:161} INFO - Started process (PID=176) to work on /home/airflow/.local/lib/python3.12/site-packages/airflow/example_dags/example_datasets.py
[2024-06-18T13:05:14.175+0000] {processor.py:830} INFO - Processing file /home/airflow/.local/lib/python3.12/site-packages/airflow/example_dags/example_datasets.py for tasks to queue
[2024-06-18T13:05:14.175+0000] {logging_mixin.py:188} INFO - [2024-06-18T13:05:14.175+0000] {dagbag.py:545} INFO - Filling up the DagBag from /home/airflow/.local/lib/python3.12/site-packages/airflow/example_dags/example_datasets.py
[2024-06-18T13:05:14.182+0000] {processor.py:840} INFO - DAG(s) 'consume_1_or_both_2_and_3_with_dataset_expressions', 'dataset_consumes_1_and_2', 'consume_1_or_2_with_dataset_expressions', 'dataset_consumes_unknown_never_scheduled', 'dataset_produces_1', 'dataset_consumes_1_never_scheduled', 'dataset_produces_2', 'consume_1_and_2_with_dataset_expressions', 'conditional_dataset_and_time_based_timetable', 'dataset_consumes_1' retrieved from /home/airflow/.local/lib/python3.12/site-packages/airflow/example_dags/example_datasets.py
[2024-06-18T13:05:14.206+0000] {logging_mixin.py:188} INFO - [2024-06-18T13:05:14.206+0000] {dag.py:3096} INFO - Sync 10 DAGs
[2024-06-18T13:05:14.220+0000] {logging_mixin.py:188} INFO - [2024-06-18T13:05:14.220+0000] {dag.py:3954} INFO - Setting next_dagrun for conditional_dataset_and_time_based_timetable to 2024-06-12 01:00:00+00:00, run_after=2024-06-12 01:00:00+00:00
[2024-06-18T13:05:14.223+0000] {logging_mixin.py:188} INFO - [2024-06-18T13:05:14.223+0000] {dag.py:3954} INFO - Setting next_dagrun for consume_1_and_2_with_dataset_expressions to None, run_after=None
[2024-06-18T13:05:14.224+0000] {logging_mixin.py:188} INFO - [2024-06-18T13:05:14.223+0000] {dag.py:3954} INFO - Setting next_dagrun for consume_1_or_2_with_dataset_expressions to None, run_after=None
[2024-06-18T13:05:14.224+0000] {logging_mixin.py:188} INFO - [2024-06-18T13:05:14.224+0000] {dag.py:3954} INFO - Setting next_dagrun for consume_1_or_both_2_and_3_with_dataset_expressions to None, run_after=None
[2024-06-18T13:05:14.225+0000] {logging_mixin.py:188} INFO - [2024-06-18T13:05:14.225+0000] {dag.py:3954} INFO - Setting next_dagrun for dataset_consumes_1 to None, run_after=None
[2024-06-18T13:05:14.225+0000] {logging_mixin.py:188} INFO - [2024-06-18T13:05:14.225+0000] {dag.py:3954} INFO - Setting next_dagrun for dataset_consumes_1_and_2 to None, run_after=None
[2024-06-18T13:05:14.226+0000] {logging_mixin.py:188} INFO - [2024-06-18T13:05:14.226+0000] {dag.py:3954} INFO - Setting next_dagrun for dataset_consumes_1_never_scheduled to None, run_after=None
[2024-06-18T13:05:14.226+0000] {logging_mixin.py:188} INFO - [2024-06-18T13:05:14.226+0000] {dag.py:3954} INFO - Setting next_dagrun for dataset_consumes_unknown_never_scheduled to None, run_after=None
[2024-06-18T13:05:14.228+0000] {logging_mixin.py:188} INFO - [2024-06-18T13:05:14.227+0000] {dag.py:3954} INFO - Setting next_dagrun for dataset_produces_1 to 2024-06-17 00:00:00+00:00, run_after=2024-06-18 00:00:00+00:00
[2024-06-18T13:05:14.228+0000] {logging_mixin.py:188} INFO - [2024-06-18T13:05:14.228+0000] {dag.py:3954} INFO - Setting next_dagrun for dataset_produces_2 to None, run_after=None
[2024-06-18T13:05:14.244+0000] {processor.py:183} INFO - Processing /home/airflow/.local/lib/python3.12/site-packages/airflow/example_dags/example_datasets.py took 0.073 seconds
[2024-06-18T13:05:44.427+0000] {processor.py:161} INFO - Started process (PID=235) to work on /home/airflow/.local/lib/python3.12/site-packages/airflow/example_dags/example_datasets.py
[2024-06-18T13:05:44.428+0000] {processor.py:830} INFO - Processing file /home/airflow/.local/lib/python3.12/site-packages/airflow/example_dags/example_datasets.py for tasks to queue
[2024-06-18T13:05:44.429+0000] {logging_mixin.py:188} INFO - [2024-06-18T13:05:44.428+0000] {dagbag.py:545} INFO - Filling up the DagBag from /home/airflow/.local/lib/python3.12/site-packages/airflow/example_dags/example_datasets.py
[2024-06-18T13:05:44.437+0000] {processor.py:840} INFO - DAG(s) 'dataset_produces_1', 'dataset_consumes_1_never_scheduled', 'consume_1_or_2_with_dataset_expressions', 'dataset_consumes_1', 'dataset_consumes_unknown_never_scheduled', 'dataset_consumes_1_and_2', 'consume_1_and_2_with_dataset_expressions', 'conditional_dataset_and_time_based_timetable', 'dataset_produces_2', 'consume_1_or_both_2_and_3_with_dataset_expressions' retrieved from /home/airflow/.local/lib/python3.12/site-packages/airflow/example_dags/example_datasets.py
[2024-06-18T13:05:44.463+0000] {logging_mixin.py:188} INFO - [2024-06-18T13:05:44.463+0000] {dag.py:3096} INFO - Sync 10 DAGs
[2024-06-18T13:05:44.480+0000] {logging_mixin.py:188} INFO - [2024-06-18T13:05:44.480+0000] {dag.py:3954} INFO - Setting next_dagrun for conditional_dataset_and_time_based_timetable to 2024-06-12 01:00:00+00:00, run_after=2024-06-12 01:00:00+00:00
[2024-06-18T13:05:44.482+0000] {logging_mixin.py:188} INFO - [2024-06-18T13:05:44.482+0000] {dag.py:3954} INFO - Setting next_dagrun for consume_1_and_2_with_dataset_expressions to None, run_after=None
[2024-06-18T13:05:44.483+0000] {logging_mixin.py:188} INFO - [2024-06-18T13:05:44.483+0000] {dag.py:3954} INFO - Setting next_dagrun for consume_1_or_2_with_dataset_expressions to None, run_after=None
[2024-06-18T13:05:44.483+0000] {logging_mixin.py:188} INFO - [2024-06-18T13:05:44.483+0000] {dag.py:3954} INFO - Setting next_dagrun for consume_1_or_both_2_and_3_with_dataset_expressions to None, run_after=None
[2024-06-18T13:05:44.484+0000] {logging_mixin.py:188} INFO - [2024-06-18T13:05:44.484+0000] {dag.py:3954} INFO - Setting next_dagrun for dataset_consumes_1 to None, run_after=None
[2024-06-18T13:05:44.484+0000] {logging_mixin.py:188} INFO - [2024-06-18T13:05:44.484+0000] {dag.py:3954} INFO - Setting next_dagrun for dataset_consumes_1_and_2 to None, run_after=None
[2024-06-18T13:05:44.485+0000] {logging_mixin.py:188} INFO - [2024-06-18T13:05:44.485+0000] {dag.py:3954} INFO - Setting next_dagrun for dataset_consumes_1_never_scheduled to None, run_after=None
[2024-06-18T13:05:44.486+0000] {logging_mixin.py:188} INFO - [2024-06-18T13:05:44.486+0000] {dag.py:3954} INFO - Setting next_dagrun for dataset_consumes_unknown_never_scheduled to None, run_after=None
[2024-06-18T13:05:44.488+0000] {logging_mixin.py:188} INFO - [2024-06-18T13:05:44.488+0000] {dag.py:3954} INFO - Setting next_dagrun for dataset_produces_1 to 2024-06-17 00:00:00+00:00, run_after=2024-06-18 00:00:00+00:00
[2024-06-18T13:05:44.489+0000] {logging_mixin.py:188} INFO - [2024-06-18T13:05:44.489+0000] {dag.py:3954} INFO - Setting next_dagrun for dataset_produces_2 to None, run_after=None
[2024-06-18T13:05:44.507+0000] {processor.py:183} INFO - Processing /home/airflow/.local/lib/python3.12/site-packages/airflow/example_dags/example_datasets.py took 0.083 seconds
[2024-06-18T13:06:14.576+0000] {processor.py:161} INFO - Started process (PID=293) to work on /home/airflow/.local/lib/python3.12/site-packages/airflow/example_dags/example_datasets.py
[2024-06-18T13:06:14.577+0000] {processor.py:830} INFO - Processing file /home/airflow/.local/lib/python3.12/site-packages/airflow/example_dags/example_datasets.py for tasks to queue
[2024-06-18T13:06:14.578+0000] {logging_mixin.py:188} INFO - [2024-06-18T13:06:14.578+0000] {dagbag.py:545} INFO - Filling up the DagBag from /home/airflow/.local/lib/python3.12/site-packages/airflow/example_dags/example_datasets.py
[2024-06-18T13:06:14.586+0000] {processor.py:840} INFO - DAG(s) 'dataset_consumes_unknown_never_scheduled', 'dataset_consumes_1', 'dataset_produces_2', 'consume_1_and_2_with_dataset_expressions', 'dataset_consumes_1_and_2', 'consume_1_or_2_with_dataset_expressions', 'dataset_consumes_1_never_scheduled', 'conditional_dataset_and_time_based_timetable', 'consume_1_or_both_2_and_3_with_dataset_expressions', 'dataset_produces_1' retrieved from /home/airflow/.local/lib/python3.12/site-packages/airflow/example_dags/example_datasets.py
[2024-06-18T13:06:14.617+0000] {logging_mixin.py:188} INFO - [2024-06-18T13:06:14.617+0000] {dag.py:3096} INFO - Sync 10 DAGs
[2024-06-18T13:06:14.632+0000] {logging_mixin.py:188} INFO - [2024-06-18T13:06:14.632+0000] {dag.py:3954} INFO - Setting next_dagrun for conditional_dataset_and_time_based_timetable to 2024-06-12 01:00:00+00:00, run_after=2024-06-12 01:00:00+00:00
[2024-06-18T13:06:14.634+0000] {logging_mixin.py:188} INFO - [2024-06-18T13:06:14.634+0000] {dag.py:3954} INFO - Setting next_dagrun for consume_1_and_2_with_dataset_expressions to None, run_after=None
[2024-06-18T13:06:14.635+0000] {logging_mixin.py:188} INFO - [2024-06-18T13:06:14.635+0000] {dag.py:3954} INFO - Setting next_dagrun for consume_1_or_2_with_dataset_expressions to None, run_after=None
[2024-06-18T13:06:14.635+0000] {logging_mixin.py:188} INFO - [2024-06-18T13:06:14.635+0000] {dag.py:3954} INFO - Setting next_dagrun for consume_1_or_both_2_and_3_with_dataset_expressions to None, run_after=None
[2024-06-18T13:06:14.636+0000] {logging_mixin.py:188} INFO - [2024-06-18T13:06:14.636+0000] {dag.py:3954} INFO - Setting next_dagrun for dataset_consumes_1 to None, run_after=None
[2024-06-18T13:06:14.637+0000] {logging_mixin.py:188} INFO - [2024-06-18T13:06:14.637+0000] {dag.py:3954} INFO - Setting next_dagrun for dataset_consumes_1_and_2 to None, run_after=None
[2024-06-18T13:06:14.637+0000] {logging_mixin.py:188} INFO - [2024-06-18T13:06:14.637+0000] {dag.py:3954} INFO - Setting next_dagrun for dataset_consumes_1_never_scheduled to None, run_after=None
[2024-06-18T13:06:14.638+0000] {logging_mixin.py:188} INFO - [2024-06-18T13:06:14.638+0000] {dag.py:3954} INFO - Setting next_dagrun for dataset_consumes_unknown_never_scheduled to None, run_after=None
[2024-06-18T13:06:14.639+0000] {logging_mixin.py:188} INFO - [2024-06-18T13:06:14.639+0000] {dag.py:3954} INFO - Setting next_dagrun for dataset_produces_1 to 2024-06-17 00:00:00+00:00, run_after=2024-06-18 00:00:00+00:00
[2024-06-18T13:06:14.640+0000] {logging_mixin.py:188} INFO - [2024-06-18T13:06:14.639+0000] {dag.py:3954} INFO - Setting next_dagrun for dataset_produces_2 to None, run_after=None
[2024-06-18T13:06:14.656+0000] {processor.py:183} INFO - Processing /home/airflow/.local/lib/python3.12/site-packages/airflow/example_dags/example_datasets.py took 0.082 seconds
[2024-06-18T13:06:44.734+0000] {processor.py:161} INFO - Started process (PID=351) to work on /home/airflow/.local/lib/python3.12/site-packages/airflow/example_dags/example_datasets.py
[2024-06-18T13:06:44.735+0000] {processor.py:830} INFO - Processing file /home/airflow/.local/lib/python3.12/site-packages/airflow/example_dags/example_datasets.py for tasks to queue
[2024-06-18T13:06:44.736+0000] {logging_mixin.py:188} INFO - [2024-06-18T13:06:44.735+0000] {dagbag.py:545} INFO - Filling up the DagBag from /home/airflow/.local/lib/python3.12/site-packages/airflow/example_dags/example_datasets.py
[2024-06-18T13:06:44.744+0000] {processor.py:840} INFO - DAG(s) 'consume_1_or_2_with_dataset_expressions', 'consume_1_and_2_with_dataset_expressions', 'dataset_consumes_1', 'dataset_produces_2', 'conditional_dataset_and_time_based_timetable', 'dataset_consumes_unknown_never_scheduled', 'dataset_consumes_1_and_2', 'consume_1_or_both_2_and_3_with_dataset_expressions', 'dataset_consumes_1_never_scheduled', 'dataset_produces_1' retrieved from /home/airflow/.local/lib/python3.12/site-packages/airflow/example_dags/example_datasets.py
[2024-06-18T13:06:44.771+0000] {logging_mixin.py:188} INFO - [2024-06-18T13:06:44.771+0000] {dag.py:3096} INFO - Sync 10 DAGs
[2024-06-18T13:06:44.785+0000] {logging_mixin.py:188} INFO - [2024-06-18T13:06:44.785+0000] {dag.py:3954} INFO - Setting next_dagrun for conditional_dataset_and_time_based_timetable to 2024-06-12 01:00:00+00:00, run_after=2024-06-12 01:00:00+00:00
[2024-06-18T13:06:44.787+0000] {logging_mixin.py:188} INFO - [2024-06-18T13:06:44.787+0000] {dag.py:3954} INFO - Setting next_dagrun for consume_1_and_2_with_dataset_expressions to None, run_after=None
[2024-06-18T13:06:44.788+0000] {logging_mixin.py:188} INFO - [2024-06-18T13:06:44.788+0000] {dag.py:3954} INFO - Setting next_dagrun for consume_1_or_2_with_dataset_expressions to None, run_after=None
[2024-06-18T13:06:44.789+0000] {logging_mixin.py:188} INFO - [2024-06-18T13:06:44.789+0000] {dag.py:3954} INFO - Setting next_dagrun for consume_1_or_both_2_and_3_with_dataset_expressions to None, run_after=None
[2024-06-18T13:06:44.789+0000] {logging_mixin.py:188} INFO - [2024-06-18T13:06:44.789+0000] {dag.py:3954} INFO - Setting next_dagrun for dataset_consumes_1 to None, run_after=None
[2024-06-18T13:06:44.790+0000] {logging_mixin.py:188} INFO - [2024-06-18T13:06:44.790+0000] {dag.py:3954} INFO - Setting next_dagrun for dataset_consumes_1_and_2 to None, run_after=None
[2024-06-18T13:06:44.790+0000] {logging_mixin.py:188} INFO - [2024-06-18T13:06:44.790+0000] {dag.py:3954} INFO - Setting next_dagrun for dataset_consumes_1_never_scheduled to None, run_after=None
[2024-06-18T13:06:44.791+0000] {logging_mixin.py:188} INFO - [2024-06-18T13:06:44.791+0000] {dag.py:3954} INFO - Setting next_dagrun for dataset_consumes_unknown_never_scheduled to None, run_after=None
[2024-06-18T13:06:44.792+0000] {logging_mixin.py:188} INFO - [2024-06-18T13:06:44.792+0000] {dag.py:3954} INFO - Setting next_dagrun for dataset_produces_1 to 2024-06-17 00:00:00+00:00, run_after=2024-06-18 00:00:00+00:00
[2024-06-18T13:06:44.793+0000] {logging_mixin.py:188} INFO - [2024-06-18T13:06:44.793+0000] {dag.py:3954} INFO - Setting next_dagrun for dataset_produces_2 to None, run_after=None
[2024-06-18T13:06:44.814+0000] {processor.py:183} INFO - Processing /home/airflow/.local/lib/python3.12/site-packages/airflow/example_dags/example_datasets.py took 0.083 seconds
[2024-06-18T13:07:14.932+0000] {processor.py:161} INFO - Started process (PID=409) to work on /home/airflow/.local/lib/python3.12/site-packages/airflow/example_dags/example_datasets.py
[2024-06-18T13:07:14.933+0000] {processor.py:830} INFO - Processing file /home/airflow/.local/lib/python3.12/site-packages/airflow/example_dags/example_datasets.py for tasks to queue
[2024-06-18T13:07:14.934+0000] {logging_mixin.py:188} INFO - [2024-06-18T13:07:14.934+0000] {dagbag.py:545} INFO - Filling up the DagBag from /home/airflow/.local/lib/python3.12/site-packages/airflow/example_dags/example_datasets.py
[2024-06-18T13:07:14.944+0000] {processor.py:840} INFO - DAG(s) 'dataset_consumes_1', 'consume_1_and_2_with_dataset_expressions', 'consume_1_or_2_with_dataset_expressions', 'dataset_consumes_1_and_2', 'consume_1_or_both_2_and_3_with_dataset_expressions', 'dataset_produces_2', 'conditional_dataset_and_time_based_timetable', 'dataset_produces_1', 'dataset_consumes_1_never_scheduled', 'dataset_consumes_unknown_never_scheduled' retrieved from /home/airflow/.local/lib/python3.12/site-packages/airflow/example_dags/example_datasets.py
[2024-06-18T13:07:14.972+0000] {logging_mixin.py:188} INFO - [2024-06-18T13:07:14.972+0000] {dag.py:3096} INFO - Sync 10 DAGs
[2024-06-18T13:07:14.988+0000] {logging_mixin.py:188} INFO - [2024-06-18T13:07:14.987+0000] {dag.py:3954} INFO - Setting next_dagrun for conditional_dataset_and_time_based_timetable to 2024-06-12 01:00:00+00:00, run_after=2024-06-12 01:00:00+00:00
[2024-06-18T13:07:14.991+0000] {logging_mixin.py:188} INFO - [2024-06-18T13:07:14.991+0000] {dag.py:3954} INFO - Setting next_dagrun for consume_1_and_2_with_dataset_expressions to None, run_after=None
[2024-06-18T13:07:14.992+0000] {logging_mixin.py:188} INFO - [2024-06-18T13:07:14.992+0000] {dag.py:3954} INFO - Setting next_dagrun for consume_1_or_2_with_dataset_expressions to None, run_after=None
[2024-06-18T13:07:14.993+0000] {logging_mixin.py:188} INFO - [2024-06-18T13:07:14.993+0000] {dag.py:3954} INFO - Setting next_dagrun for consume_1_or_both_2_and_3_with_dataset_expressions to None, run_after=None
[2024-06-18T13:07:14.994+0000] {logging_mixin.py:188} INFO - [2024-06-18T13:07:14.994+0000] {dag.py:3954} INFO - Setting next_dagrun for dataset_consumes_1 to None, run_after=None
[2024-06-18T13:07:14.994+0000] {logging_mixin.py:188} INFO - [2024-06-18T13:07:14.994+0000] {dag.py:3954} INFO - Setting next_dagrun for dataset_consumes_1_and_2 to None, run_after=None
[2024-06-18T13:07:14.995+0000] {logging_mixin.py:188} INFO - [2024-06-18T13:07:14.995+0000] {dag.py:3954} INFO - Setting next_dagrun for dataset_consumes_1_never_scheduled to None, run_after=None
[2024-06-18T13:07:14.996+0000] {logging_mixin.py:188} INFO - [2024-06-18T13:07:14.995+0000] {dag.py:3954} INFO - Setting next_dagrun for dataset_consumes_unknown_never_scheduled to None, run_after=None
[2024-06-18T13:07:14.997+0000] {logging_mixin.py:188} INFO - [2024-06-18T13:07:14.997+0000] {dag.py:3954} INFO - Setting next_dagrun for dataset_produces_1 to 2024-06-17 00:00:00+00:00, run_after=2024-06-18 00:00:00+00:00
[2024-06-18T13:07:14.997+0000] {logging_mixin.py:188} INFO - [2024-06-18T13:07:14.997+0000] {dag.py:3954} INFO - Setting next_dagrun for dataset_produces_2 to None, run_after=None
[2024-06-18T13:07:15.016+0000] {processor.py:183} INFO - Processing /home/airflow/.local/lib/python3.12/site-packages/airflow/example_dags/example_datasets.py took 0.087 seconds
[2024-06-18T13:07:45.376+0000] {processor.py:161} INFO - Started process (PID=467) to work on /home/airflow/.local/lib/python3.12/site-packages/airflow/example_dags/example_datasets.py
[2024-06-18T13:07:45.376+0000] {processor.py:830} INFO - Processing file /home/airflow/.local/lib/python3.12/site-packages/airflow/example_dags/example_datasets.py for tasks to queue
[2024-06-18T13:07:45.377+0000] {logging_mixin.py:188} INFO - [2024-06-18T13:07:45.377+0000] {dagbag.py:545} INFO - Filling up the DagBag from /home/airflow/.local/lib/python3.12/site-packages/airflow/example_dags/example_datasets.py
[2024-06-18T13:07:45.388+0000] {processor.py:840} INFO - DAG(s) 'dataset_consumes_1_and_2', 'dataset_consumes_1', 'dataset_consumes_unknown_never_scheduled', 'conditional_dataset_and_time_based_timetable', 'consume_1_or_2_with_dataset_expressions', 'dataset_consumes_1_never_scheduled', 'consume_1_or_both_2_and_3_with_dataset_expressions', 'dataset_produces_1', 'dataset_produces_2', 'consume_1_and_2_with_dataset_expressions' retrieved from /home/airflow/.local/lib/python3.12/site-packages/airflow/example_dags/example_datasets.py
[2024-06-18T13:07:45.420+0000] {logging_mixin.py:188} INFO - [2024-06-18T13:07:45.420+0000] {dag.py:3096} INFO - Sync 10 DAGs
[2024-06-18T13:07:45.436+0000] {logging_mixin.py:188} INFO - [2024-06-18T13:07:45.436+0000] {dag.py:3954} INFO - Setting next_dagrun for conditional_dataset_and_time_based_timetable to 2024-06-12 01:00:00+00:00, run_after=2024-06-12 01:00:00+00:00
[2024-06-18T13:07:45.439+0000] {logging_mixin.py:188} INFO - [2024-06-18T13:07:45.439+0000] {dag.py:3954} INFO - Setting next_dagrun for consume_1_and_2_with_dataset_expressions to None, run_after=None
[2024-06-18T13:07:45.439+0000] {logging_mixin.py:188} INFO - [2024-06-18T13:07:45.439+0000] {dag.py:3954} INFO - Setting next_dagrun for consume_1_or_2_with_dataset_expressions to None, run_after=None
[2024-06-18T13:07:45.440+0000] {logging_mixin.py:188} INFO - [2024-06-18T13:07:45.440+0000] {dag.py:3954} INFO - Setting next_dagrun for consume_1_or_both_2_and_3_with_dataset_expressions to None, run_after=None
[2024-06-18T13:07:45.441+0000] {logging_mixin.py:188} INFO - [2024-06-18T13:07:45.441+0000] {dag.py:3954} INFO - Setting next_dagrun for dataset_consumes_1 to None, run_after=None
[2024-06-18T13:07:45.441+0000] {logging_mixin.py:188} INFO - [2024-06-18T13:07:45.441+0000] {dag.py:3954} INFO - Setting next_dagrun for dataset_consumes_1_and_2 to None, run_after=None
[2024-06-18T13:07:45.442+0000] {logging_mixin.py:188} INFO - [2024-06-18T13:07:45.442+0000] {dag.py:3954} INFO - Setting next_dagrun for dataset_consumes_1_never_scheduled to None, run_after=None
[2024-06-18T13:07:45.442+0000] {logging_mixin.py:188} INFO - [2024-06-18T13:07:45.442+0000] {dag.py:3954} INFO - Setting next_dagrun for dataset_consumes_unknown_never_scheduled to None, run_after=None
[2024-06-18T13:07:45.444+0000] {logging_mixin.py:188} INFO - [2024-06-18T13:07:45.444+0000] {dag.py:3954} INFO - Setting next_dagrun for dataset_produces_1 to 2024-06-17 00:00:00+00:00, run_after=2024-06-18 00:00:00+00:00
[2024-06-18T13:07:45.444+0000] {logging_mixin.py:188} INFO - [2024-06-18T13:07:45.444+0000] {dag.py:3954} INFO - Setting next_dagrun for dataset_produces_2 to None, run_after=None
[2024-06-18T13:07:45.464+0000] {processor.py:183} INFO - Processing /home/airflow/.local/lib/python3.12/site-packages/airflow/example_dags/example_datasets.py took 0.091 seconds
[2024-06-18T13:08:15.506+0000] {processor.py:161} INFO - Started process (PID=526) to work on /home/airflow/.local/lib/python3.12/site-packages/airflow/example_dags/example_datasets.py
[2024-06-18T13:08:15.507+0000] {processor.py:830} INFO - Processing file /home/airflow/.local/lib/python3.12/site-packages/airflow/example_dags/example_datasets.py for tasks to queue
[2024-06-18T13:08:15.508+0000] {logging_mixin.py:188} INFO - [2024-06-18T13:08:15.508+0000] {dagbag.py:545} INFO - Filling up the DagBag from /home/airflow/.local/lib/python3.12/site-packages/airflow/example_dags/example_datasets.py
[2024-06-18T13:08:15.519+0000] {processor.py:840} INFO - DAG(s) 'consume_1_or_2_with_dataset_expressions', 'dataset_consumes_1_and_2', 'dataset_consumes_1', 'dataset_produces_1', 'consume_1_or_both_2_and_3_with_dataset_expressions', 'dataset_consumes_unknown_never_scheduled', 'consume_1_and_2_with_dataset_expressions', 'dataset_consumes_1_never_scheduled', 'dataset_produces_2', 'conditional_dataset_and_time_based_timetable' retrieved from /home/airflow/.local/lib/python3.12/site-packages/airflow/example_dags/example_datasets.py
[2024-06-18T13:08:15.551+0000] {logging_mixin.py:188} INFO - [2024-06-18T13:08:15.551+0000] {dag.py:3096} INFO - Sync 10 DAGs
[2024-06-18T13:08:15.567+0000] {logging_mixin.py:188} INFO - [2024-06-18T13:08:15.567+0000] {dag.py:3954} INFO - Setting next_dagrun for conditional_dataset_and_time_based_timetable to 2024-06-12 01:00:00+00:00, run_after=2024-06-12 01:00:00+00:00
[2024-06-18T13:08:15.570+0000] {logging_mixin.py:188} INFO - [2024-06-18T13:08:15.570+0000] {dag.py:3954} INFO - Setting next_dagrun for consume_1_and_2_with_dataset_expressions to None, run_after=None
[2024-06-18T13:08:15.571+0000] {logging_mixin.py:188} INFO - [2024-06-18T13:08:15.570+0000] {dag.py:3954} INFO - Setting next_dagrun for consume_1_or_2_with_dataset_expressions to None, run_after=None
[2024-06-18T13:08:15.571+0000] {logging_mixin.py:188} INFO - [2024-06-18T13:08:15.571+0000] {dag.py:3954} INFO - Setting next_dagrun for consume_1_or_both_2_and_3_with_dataset_expressions to None, run_after=None
[2024-06-18T13:08:15.572+0000] {logging_mixin.py:188} INFO - [2024-06-18T13:08:15.572+0000] {dag.py:3954} INFO - Setting next_dagrun for dataset_consumes_1 to None, run_after=None
[2024-06-18T13:08:15.572+0000] {logging_mixin.py:188} INFO - [2024-06-18T13:08:15.572+0000] {dag.py:3954} INFO - Setting next_dagrun for dataset_consumes_1_and_2 to None, run_after=None
[2024-06-18T13:08:15.573+0000] {logging_mixin.py:188} INFO - [2024-06-18T13:08:15.573+0000] {dag.py:3954} INFO - Setting next_dagrun for dataset_consumes_1_never_scheduled to None, run_after=None
[2024-06-18T13:08:15.573+0000] {logging_mixin.py:188} INFO - [2024-06-18T13:08:15.573+0000] {dag.py:3954} INFO - Setting next_dagrun for dataset_consumes_unknown_never_scheduled to None, run_after=None
[2024-06-18T13:08:15.575+0000] {logging_mixin.py:188} INFO - [2024-06-18T13:08:15.574+0000] {dag.py:3954} INFO - Setting next_dagrun for dataset_produces_1 to 2024-06-17 00:00:00+00:00, run_after=2024-06-18 00:00:00+00:00
[2024-06-18T13:08:15.575+0000] {logging_mixin.py:188} INFO - [2024-06-18T13:08:15.575+0000] {dag.py:3954} INFO - Setting next_dagrun for dataset_produces_2 to None, run_after=None
[2024-06-18T13:08:15.597+0000] {processor.py:183} INFO - Processing /home/airflow/.local/lib/python3.12/site-packages/airflow/example_dags/example_datasets.py took 0.095 seconds
[2024-06-18T13:08:45.692+0000] {processor.py:161} INFO - Started process (PID=584) to work on /home/airflow/.local/lib/python3.12/site-packages/airflow/example_dags/example_datasets.py
[2024-06-18T13:08:45.693+0000] {processor.py:830} INFO - Processing file /home/airflow/.local/lib/python3.12/site-packages/airflow/example_dags/example_datasets.py for tasks to queue
[2024-06-18T13:08:45.693+0000] {logging_mixin.py:188} INFO - [2024-06-18T13:08:45.693+0000] {dagbag.py:545} INFO - Filling up the DagBag from /home/airflow/.local/lib/python3.12/site-packages/airflow/example_dags/example_datasets.py
[2024-06-18T13:08:45.701+0000] {processor.py:840} INFO - DAG(s) 'consume_1_or_both_2_and_3_with_dataset_expressions', 'dataset_produces_2', 'dataset_produces_1', 'dataset_consumes_1_never_scheduled', 'dataset_consumes_unknown_never_scheduled', 'consume_1_or_2_with_dataset_expressions', 'dataset_consumes_1_and_2', 'consume_1_and_2_with_dataset_expressions', 'conditional_dataset_and_time_based_timetable', 'dataset_consumes_1' retrieved from /home/airflow/.local/lib/python3.12/site-packages/airflow/example_dags/example_datasets.py
[2024-06-18T13:08:45.726+0000] {logging_mixin.py:188} INFO - [2024-06-18T13:08:45.726+0000] {dag.py:3096} INFO - Sync 10 DAGs
[2024-06-18T13:08:45.739+0000] {logging_mixin.py:188} INFO - [2024-06-18T13:08:45.739+0000] {dag.py:3954} INFO - Setting next_dagrun for conditional_dataset_and_time_based_timetable to 2024-06-12 01:00:00+00:00, run_after=2024-06-12 01:00:00+00:00
[2024-06-18T13:08:45.742+0000] {logging_mixin.py:188} INFO - [2024-06-18T13:08:45.741+0000] {dag.py:3954} INFO - Setting next_dagrun for consume_1_and_2_with_dataset_expressions to None, run_after=None
[2024-06-18T13:08:45.742+0000] {logging_mixin.py:188} INFO - [2024-06-18T13:08:45.742+0000] {dag.py:3954} INFO - Setting next_dagrun for consume_1_or_2_with_dataset_expressions to None, run_after=None
[2024-06-18T13:08:45.743+0000] {logging_mixin.py:188} INFO - [2024-06-18T13:08:45.743+0000] {dag.py:3954} INFO - Setting next_dagrun for consume_1_or_both_2_and_3_with_dataset_expressions to None, run_after=None
[2024-06-18T13:08:45.743+0000] {logging_mixin.py:188} INFO - [2024-06-18T13:08:45.743+0000] {dag.py:3954} INFO - Setting next_dagrun for dataset_consumes_1 to None, run_after=None
[2024-06-18T13:08:45.744+0000] {logging_mixin.py:188} INFO - [2024-06-18T13:08:45.744+0000] {dag.py:3954} INFO - Setting next_dagrun for dataset_consumes_1_and_2 to None, run_after=None
[2024-06-18T13:08:45.745+0000] {logging_mixin.py:188} INFO - [2024-06-18T13:08:45.744+0000] {dag.py:3954} INFO - Setting next_dagrun for dataset_consumes_1_never_scheduled to None, run_after=None
[2024-06-18T13:08:45.745+0000] {logging_mixin.py:188} INFO - [2024-06-18T13:08:45.745+0000] {dag.py:3954} INFO - Setting next_dagrun for dataset_consumes_unknown_never_scheduled to None, run_after=None
[2024-06-18T13:08:45.746+0000] {logging_mixin.py:188} INFO - [2024-06-18T13:08:45.746+0000] {dag.py:3954} INFO - Setting next_dagrun for dataset_produces_1 to 2024-06-17 00:00:00+00:00, run_after=2024-06-18 00:00:00+00:00
[2024-06-18T13:08:45.747+0000] {logging_mixin.py:188} INFO - [2024-06-18T13:08:45.747+0000] {dag.py:3954} INFO - Setting next_dagrun for dataset_produces_2 to None, run_after=None
[2024-06-18T13:08:45.763+0000] {processor.py:183} INFO - Processing /home/airflow/.local/lib/python3.12/site-packages/airflow/example_dags/example_datasets.py took 0.074 seconds
[2024-06-18T13:09:16.567+0000] {processor.py:161} INFO - Started process (PID=641) to work on /home/airflow/.local/lib/python3.12/site-packages/airflow/example_dags/example_datasets.py
[2024-06-18T13:09:16.568+0000] {processor.py:830} INFO - Processing file /home/airflow/.local/lib/python3.12/site-packages/airflow/example_dags/example_datasets.py for tasks to queue
[2024-06-18T13:09:16.569+0000] {logging_mixin.py:188} INFO - [2024-06-18T13:09:16.569+0000] {dagbag.py:545} INFO - Filling up the DagBag from /home/airflow/.local/lib/python3.12/site-packages/airflow/example_dags/example_datasets.py
[2024-06-18T13:09:16.576+0000] {processor.py:840} INFO - DAG(s) 'consume_1_or_2_with_dataset_expressions', 'dataset_consumes_1_never_scheduled', 'dataset_consumes_1', 'consume_1_or_both_2_and_3_with_dataset_expressions', 'conditional_dataset_and_time_based_timetable', 'dataset_consumes_unknown_never_scheduled', 'dataset_consumes_1_and_2', 'dataset_produces_2', 'dataset_produces_1', 'consume_1_and_2_with_dataset_expressions' retrieved from /home/airflow/.local/lib/python3.12/site-packages/airflow/example_dags/example_datasets.py
[2024-06-18T13:09:16.602+0000] {logging_mixin.py:188} INFO - [2024-06-18T13:09:16.602+0000] {dag.py:3096} INFO - Sync 10 DAGs
[2024-06-18T13:09:16.616+0000] {logging_mixin.py:188} INFO - [2024-06-18T13:09:16.616+0000] {dag.py:3954} INFO - Setting next_dagrun for conditional_dataset_and_time_based_timetable to 2024-06-12 01:00:00+00:00, run_after=2024-06-12 01:00:00+00:00
[2024-06-18T13:09:16.618+0000] {logging_mixin.py:188} INFO - [2024-06-18T13:09:16.618+0000] {dag.py:3954} INFO - Setting next_dagrun for consume_1_and_2_with_dataset_expressions to None, run_after=None
[2024-06-18T13:09:16.619+0000] {logging_mixin.py:188} INFO - [2024-06-18T13:09:16.619+0000] {dag.py:3954} INFO - Setting next_dagrun for consume_1_or_2_with_dataset_expressions to None, run_after=None
[2024-06-18T13:09:16.619+0000] {logging_mixin.py:188} INFO - [2024-06-18T13:09:16.619+0000] {dag.py:3954} INFO - Setting next_dagrun for consume_1_or_both_2_and_3_with_dataset_expressions to None, run_after=None
[2024-06-18T13:09:16.620+0000] {logging_mixin.py:188} INFO - [2024-06-18T13:09:16.620+0000] {dag.py:3954} INFO - Setting next_dagrun for dataset_consumes_1 to None, run_after=None
[2024-06-18T13:09:16.621+0000] {logging_mixin.py:188} INFO - [2024-06-18T13:09:16.620+0000] {dag.py:3954} INFO - Setting next_dagrun for dataset_consumes_1_and_2 to None, run_after=None
[2024-06-18T13:09:16.621+0000] {logging_mixin.py:188} INFO - [2024-06-18T13:09:16.621+0000] {dag.py:3954} INFO - Setting next_dagrun for dataset_consumes_1_never_scheduled to None, run_after=None
[2024-06-18T13:09:16.622+0000] {logging_mixin.py:188} INFO - [2024-06-18T13:09:16.622+0000] {dag.py:3954} INFO - Setting next_dagrun for dataset_consumes_unknown_never_scheduled to None, run_after=None
[2024-06-18T13:09:16.623+0000] {logging_mixin.py:188} INFO - [2024-06-18T13:09:16.623+0000] {dag.py:3954} INFO - Setting next_dagrun for dataset_produces_1 to 2024-06-17 00:00:00+00:00, run_after=2024-06-18 00:00:00+00:00
[2024-06-18T13:09:16.623+0000] {logging_mixin.py:188} INFO - [2024-06-18T13:09:16.623+0000] {dag.py:3954} INFO - Setting next_dagrun for dataset_produces_2 to None, run_after=None
[2024-06-18T13:09:16.639+0000] {processor.py:183} INFO - Processing /home/airflow/.local/lib/python3.12/site-packages/airflow/example_dags/example_datasets.py took 0.075 seconds
[2024-06-18T13:09:47.457+0000] {processor.py:161} INFO - Started process (PID=699) to work on /home/airflow/.local/lib/python3.12/site-packages/airflow/example_dags/example_datasets.py
[2024-06-18T13:09:47.457+0000] {processor.py:830} INFO - Processing file /home/airflow/.local/lib/python3.12/site-packages/airflow/example_dags/example_datasets.py for tasks to queue
[2024-06-18T13:09:47.458+0000] {logging_mixin.py:188} INFO - [2024-06-18T13:09:47.458+0000] {dagbag.py:545} INFO - Filling up the DagBag from /home/airflow/.local/lib/python3.12/site-packages/airflow/example_dags/example_datasets.py
[2024-06-18T13:09:47.467+0000] {processor.py:840} INFO - DAG(s) 'dataset_produces_2', 'conditional_dataset_and_time_based_timetable', 'consume_1_or_2_with_dataset_expressions', 'dataset_produces_1', 'dataset_consumes_unknown_never_scheduled', 'dataset_consumes_1_never_scheduled', 'consume_1_or_both_2_and_3_with_dataset_expressions', 'dataset_consumes_1', 'consume_1_and_2_with_dataset_expressions', 'dataset_consumes_1_and_2' retrieved from /home/airflow/.local/lib/python3.12/site-packages/airflow/example_dags/example_datasets.py
[2024-06-18T13:09:47.493+0000] {logging_mixin.py:188} INFO - [2024-06-18T13:09:47.492+0000] {dag.py:3096} INFO - Sync 10 DAGs
[2024-06-18T13:09:47.508+0000] {logging_mixin.py:188} INFO - [2024-06-18T13:09:47.508+0000] {dag.py:3954} INFO - Setting next_dagrun for conditional_dataset_and_time_based_timetable to 2024-06-12 01:00:00+00:00, run_after=2024-06-12 01:00:00+00:00
[2024-06-18T13:09:47.511+0000] {logging_mixin.py:188} INFO - [2024-06-18T13:09:47.510+0000] {dag.py:3954} INFO - Setting next_dagrun for consume_1_and_2_with_dataset_expressions to None, run_after=None
[2024-06-18T13:09:47.511+0000] {logging_mixin.py:188} INFO - [2024-06-18T13:09:47.511+0000] {dag.py:3954} INFO - Setting next_dagrun for consume_1_or_2_with_dataset_expressions to None, run_after=None
[2024-06-18T13:09:47.512+0000] {logging_mixin.py:188} INFO - [2024-06-18T13:09:47.512+0000] {dag.py:3954} INFO - Setting next_dagrun for consume_1_or_both_2_and_3_with_dataset_expressions to None, run_after=None
[2024-06-18T13:09:47.512+0000] {logging_mixin.py:188} INFO - [2024-06-18T13:09:47.512+0000] {dag.py:3954} INFO - Setting next_dagrun for dataset_consumes_1 to None, run_after=None
[2024-06-18T13:09:47.514+0000] {logging_mixin.py:188} INFO - [2024-06-18T13:09:47.514+0000] {dag.py:3954} INFO - Setting next_dagrun for dataset_consumes_1_and_2 to None, run_after=None
[2024-06-18T13:09:47.514+0000] {logging_mixin.py:188} INFO - [2024-06-18T13:09:47.514+0000] {dag.py:3954} INFO - Setting next_dagrun for dataset_consumes_1_never_scheduled to None, run_after=None
[2024-06-18T13:09:47.515+0000] {logging_mixin.py:188} INFO - [2024-06-18T13:09:47.515+0000] {dag.py:3954} INFO - Setting next_dagrun for dataset_consumes_unknown_never_scheduled to None, run_after=None
[2024-06-18T13:09:47.517+0000] {logging_mixin.py:188} INFO - [2024-06-18T13:09:47.517+0000] {dag.py:3954} INFO - Setting next_dagrun for dataset_produces_1 to 2024-06-17 00:00:00+00:00, run_after=2024-06-18 00:00:00+00:00
[2024-06-18T13:09:47.517+0000] {logging_mixin.py:188} INFO - [2024-06-18T13:09:47.517+0000] {dag.py:3954} INFO - Setting next_dagrun for dataset_produces_2 to None, run_after=None
[2024-06-18T13:09:47.534+0000] {processor.py:183} INFO - Processing /home/airflow/.local/lib/python3.12/site-packages/airflow/example_dags/example_datasets.py took 0.081 seconds
[2024-06-18T13:10:17.625+0000] {processor.py:161} INFO - Started process (PID=756) to work on /home/airflow/.local/lib/python3.12/site-packages/airflow/example_dags/example_datasets.py
[2024-06-18T13:10:17.626+0000] {processor.py:830} INFO - Processing file /home/airflow/.local/lib/python3.12/site-packages/airflow/example_dags/example_datasets.py for tasks to queue
[2024-06-18T13:10:17.627+0000] {logging_mixin.py:188} INFO - [2024-06-18T13:10:17.626+0000] {dagbag.py:545} INFO - Filling up the DagBag from /home/airflow/.local/lib/python3.12/site-packages/airflow/example_dags/example_datasets.py
[2024-06-18T13:10:17.634+0000] {processor.py:840} INFO - DAG(s) 'consume_1_or_both_2_and_3_with_dataset_expressions', 'dataset_consumes_1', 'consume_1_and_2_with_dataset_expressions', 'consume_1_or_2_with_dataset_expressions', 'dataset_produces_1', 'dataset_consumes_1_and_2', 'dataset_consumes_unknown_never_scheduled', 'conditional_dataset_and_time_based_timetable', 'dataset_produces_2', 'dataset_consumes_1_never_scheduled' retrieved from /home/airflow/.local/lib/python3.12/site-packages/airflow/example_dags/example_datasets.py
[2024-06-18T13:10:17.661+0000] {logging_mixin.py:188} INFO - [2024-06-18T13:10:17.661+0000] {dag.py:3096} INFO - Sync 10 DAGs
[2024-06-18T13:10:17.677+0000] {logging_mixin.py:188} INFO - [2024-06-18T13:10:17.676+0000] {dag.py:3954} INFO - Setting next_dagrun for conditional_dataset_and_time_based_timetable to 2024-06-12 01:00:00+00:00, run_after=2024-06-12 01:00:00+00:00
[2024-06-18T13:10:17.679+0000] {logging_mixin.py:188} INFO - [2024-06-18T13:10:17.679+0000] {dag.py:3954} INFO - Setting next_dagrun for consume_1_and_2_with_dataset_expressions to None, run_after=None
[2024-06-18T13:10:17.680+0000] {logging_mixin.py:188} INFO - [2024-06-18T13:10:17.680+0000] {dag.py:3954} INFO - Setting next_dagrun for consume_1_or_2_with_dataset_expressions to None, run_after=None
[2024-06-18T13:10:17.680+0000] {logging_mixin.py:188} INFO - [2024-06-18T13:10:17.680+0000] {dag.py:3954} INFO - Setting next_dagrun for consume_1_or_both_2_and_3_with_dataset_expressions to None, run_after=None
[2024-06-18T13:10:17.681+0000] {logging_mixin.py:188} INFO - [2024-06-18T13:10:17.681+0000] {dag.py:3954} INFO - Setting next_dagrun for dataset_consumes_1 to None, run_after=None
[2024-06-18T13:10:17.682+0000] {logging_mixin.py:188} INFO - [2024-06-18T13:10:17.681+0000] {dag.py:3954} INFO - Setting next_dagrun for dataset_consumes_1_and_2 to None, run_after=None
[2024-06-18T13:10:17.682+0000] {logging_mixin.py:188} INFO - [2024-06-18T13:10:17.682+0000] {dag.py:3954} INFO - Setting next_dagrun for dataset_consumes_1_never_scheduled to None, run_after=None
[2024-06-18T13:10:17.683+0000] {logging_mixin.py:188} INFO - [2024-06-18T13:10:17.683+0000] {dag.py:3954} INFO - Setting next_dagrun for dataset_consumes_unknown_never_scheduled to None, run_after=None
[2024-06-18T13:10:17.684+0000] {logging_mixin.py:188} INFO - [2024-06-18T13:10:17.684+0000] {dag.py:3954} INFO - Setting next_dagrun for dataset_produces_1 to 2024-06-17 00:00:00+00:00, run_after=2024-06-18 00:00:00+00:00
[2024-06-18T13:10:17.684+0000] {logging_mixin.py:188} INFO - [2024-06-18T13:10:17.684+0000] {dag.py:3954} INFO - Setting next_dagrun for dataset_produces_2 to None, run_after=None
[2024-06-18T13:10:17.701+0000] {processor.py:183} INFO - Processing /home/airflow/.local/lib/python3.12/site-packages/airflow/example_dags/example_datasets.py took 0.080 seconds
[2024-06-18T13:10:47.849+0000] {processor.py:161} INFO - Started process (PID=814) to work on /home/airflow/.local/lib/python3.12/site-packages/airflow/example_dags/example_datasets.py
[2024-06-18T13:10:47.850+0000] {processor.py:830} INFO - Processing file /home/airflow/.local/lib/python3.12/site-packages/airflow/example_dags/example_datasets.py for tasks to queue
[2024-06-18T13:10:47.851+0000] {logging_mixin.py:188} INFO - [2024-06-18T13:10:47.850+0000] {dagbag.py:545} INFO - Filling up the DagBag from /home/airflow/.local/lib/python3.12/site-packages/airflow/example_dags/example_datasets.py
[2024-06-18T13:10:47.858+0000] {processor.py:840} INFO - DAG(s) 'dataset_produces_2', 'dataset_consumes_1_never_scheduled', 'dataset_consumes_1', 'dataset_consumes_unknown_never_scheduled', 'dataset_consumes_1_and_2', 'dataset_produces_1', 'consume_1_or_both_2_and_3_with_dataset_expressions', 'conditional_dataset_and_time_based_timetable', 'consume_1_and_2_with_dataset_expressions', 'consume_1_or_2_with_dataset_expressions' retrieved from /home/airflow/.local/lib/python3.12/site-packages/airflow/example_dags/example_datasets.py
[2024-06-18T13:10:47.883+0000] {logging_mixin.py:188} INFO - [2024-06-18T13:10:47.883+0000] {dag.py:3096} INFO - Sync 10 DAGs
[2024-06-18T13:10:47.896+0000] {logging_mixin.py:188} INFO - [2024-06-18T13:10:47.896+0000] {dag.py:3954} INFO - Setting next_dagrun for conditional_dataset_and_time_based_timetable to 2024-06-12 01:00:00+00:00, run_after=2024-06-12 01:00:00+00:00
[2024-06-18T13:10:47.899+0000] {logging_mixin.py:188} INFO - [2024-06-18T13:10:47.898+0000] {dag.py:3954} INFO - Setting next_dagrun for consume_1_and_2_with_dataset_expressions to None, run_after=None
[2024-06-18T13:10:47.899+0000] {logging_mixin.py:188} INFO - [2024-06-18T13:10:47.899+0000] {dag.py:3954} INFO - Setting next_dagrun for consume_1_or_2_with_dataset_expressions to None, run_after=None
[2024-06-18T13:10:47.900+0000] {logging_mixin.py:188} INFO - [2024-06-18T13:10:47.900+0000] {dag.py:3954} INFO - Setting next_dagrun for consume_1_or_both_2_and_3_with_dataset_expressions to None, run_after=None
[2024-06-18T13:10:47.900+0000] {logging_mixin.py:188} INFO - [2024-06-18T13:10:47.900+0000] {dag.py:3954} INFO - Setting next_dagrun for dataset_consumes_1 to None, run_after=None
[2024-06-18T13:10:47.901+0000] {logging_mixin.py:188} INFO - [2024-06-18T13:10:47.901+0000] {dag.py:3954} INFO - Setting next_dagrun for dataset_consumes_1_and_2 to None, run_after=None
[2024-06-18T13:10:47.901+0000] {logging_mixin.py:188} INFO - [2024-06-18T13:10:47.901+0000] {dag.py:3954} INFO - Setting next_dagrun for dataset_consumes_1_never_scheduled to None, run_after=None
[2024-06-18T13:10:47.902+0000] {logging_mixin.py:188} INFO - [2024-06-18T13:10:47.902+0000] {dag.py:3954} INFO - Setting next_dagrun for dataset_consumes_unknown_never_scheduled to None, run_after=None
[2024-06-18T13:10:47.903+0000] {logging_mixin.py:188} INFO - [2024-06-18T13:10:47.903+0000] {dag.py:3954} INFO - Setting next_dagrun for dataset_produces_1 to 2024-06-17 00:00:00+00:00, run_after=2024-06-18 00:00:00+00:00
[2024-06-18T13:10:47.903+0000] {logging_mixin.py:188} INFO - [2024-06-18T13:10:47.903+0000] {dag.py:3954} INFO - Setting next_dagrun for dataset_produces_2 to None, run_after=None
[2024-06-18T13:10:47.919+0000] {processor.py:183} INFO - Processing /home/airflow/.local/lib/python3.12/site-packages/airflow/example_dags/example_datasets.py took 0.073 seconds
[2024-06-18T13:11:18.037+0000] {processor.py:161} INFO - Started process (PID=872) to work on /home/airflow/.local/lib/python3.12/site-packages/airflow/example_dags/example_datasets.py
[2024-06-18T13:11:18.038+0000] {processor.py:830} INFO - Processing file /home/airflow/.local/lib/python3.12/site-packages/airflow/example_dags/example_datasets.py for tasks to queue
[2024-06-18T13:11:18.039+0000] {logging_mixin.py:188} INFO - [2024-06-18T13:11:18.039+0000] {dagbag.py:545} INFO - Filling up the DagBag from /home/airflow/.local/lib/python3.12/site-packages/airflow/example_dags/example_datasets.py
[2024-06-18T13:11:18.046+0000] {processor.py:840} INFO - DAG(s) 'conditional_dataset_and_time_based_timetable', 'dataset_consumes_1_and_2', 'consume_1_or_2_with_dataset_expressions', 'dataset_consumes_1', 'consume_1_or_both_2_and_3_with_dataset_expressions', 'dataset_produces_1', 'dataset_produces_2', 'dataset_consumes_unknown_never_scheduled', 'dataset_consumes_1_never_scheduled', 'consume_1_and_2_with_dataset_expressions' retrieved from /home/airflow/.local/lib/python3.12/site-packages/airflow/example_dags/example_datasets.py
[2024-06-18T13:11:18.072+0000] {logging_mixin.py:188} INFO - [2024-06-18T13:11:18.072+0000] {dag.py:3096} INFO - Sync 10 DAGs
[2024-06-18T13:11:18.086+0000] {logging_mixin.py:188} INFO - [2024-06-18T13:11:18.086+0000] {dag.py:3954} INFO - Setting next_dagrun for conditional_dataset_and_time_based_timetable to 2024-06-12 01:00:00+00:00, run_after=2024-06-12 01:00:00+00:00
[2024-06-18T13:11:18.088+0000] {logging_mixin.py:188} INFO - [2024-06-18T13:11:18.088+0000] {dag.py:3954} INFO - Setting next_dagrun for consume_1_and_2_with_dataset_expressions to None, run_after=None
[2024-06-18T13:11:18.089+0000] {logging_mixin.py:188} INFO - [2024-06-18T13:11:18.089+0000] {dag.py:3954} INFO - Setting next_dagrun for consume_1_or_2_with_dataset_expressions to None, run_after=None
[2024-06-18T13:11:18.090+0000] {logging_mixin.py:188} INFO - [2024-06-18T13:11:18.090+0000] {dag.py:3954} INFO - Setting next_dagrun for consume_1_or_both_2_and_3_with_dataset_expressions to None, run_after=None
[2024-06-18T13:11:18.090+0000] {logging_mixin.py:188} INFO - [2024-06-18T13:11:18.090+0000] {dag.py:3954} INFO - Setting next_dagrun for dataset_consumes_1 to None, run_after=None
[2024-06-18T13:11:18.091+0000] {logging_mixin.py:188} INFO - [2024-06-18T13:11:18.091+0000] {dag.py:3954} INFO - Setting next_dagrun for dataset_consumes_1_and_2 to None, run_after=None
[2024-06-18T13:11:18.091+0000] {logging_mixin.py:188} INFO - [2024-06-18T13:11:18.091+0000] {dag.py:3954} INFO - Setting next_dagrun for dataset_consumes_1_never_scheduled to None, run_after=None
[2024-06-18T13:11:18.092+0000] {logging_mixin.py:188} INFO - [2024-06-18T13:11:18.092+0000] {dag.py:3954} INFO - Setting next_dagrun for dataset_consumes_unknown_never_scheduled to None, run_after=None
[2024-06-18T13:11:18.093+0000] {logging_mixin.py:188} INFO - [2024-06-18T13:11:18.093+0000] {dag.py:3954} INFO - Setting next_dagrun for dataset_produces_1 to 2024-06-17 00:00:00+00:00, run_after=2024-06-18 00:00:00+00:00
[2024-06-18T13:11:18.094+0000] {logging_mixin.py:188} INFO - [2024-06-18T13:11:18.094+0000] {dag.py:3954} INFO - Setting next_dagrun for dataset_produces_2 to None, run_after=None
[2024-06-18T13:11:18.111+0000] {processor.py:183} INFO - Processing /home/airflow/.local/lib/python3.12/site-packages/airflow/example_dags/example_datasets.py took 0.077 seconds
