[2024-06-18T13:04:12.934+0000] {processor.py:161} INFO - Started process (PID=65) to work on /home/airflow/.local/lib/python3.12/site-packages/airflow/example_dags/example_dynamic_task_mapping_with_no_taskflow_operators.py
[2024-06-18T13:04:12.934+0000] {processor.py:830} INFO - Processing file /home/airflow/.local/lib/python3.12/site-packages/airflow/example_dags/example_dynamic_task_mapping_with_no_taskflow_operators.py for tasks to queue
[2024-06-18T13:04:12.935+0000] {logging_mixin.py:188} INFO - [2024-06-18T13:04:12.935+0000] {dagbag.py:545} INFO - Filling up the DagBag from /home/airflow/.local/lib/python3.12/site-packages/airflow/example_dags/example_dynamic_task_mapping_with_no_taskflow_operators.py
[2024-06-18T13:04:12.940+0000] {processor.py:840} INFO - DAG(s) 'example_dynamic_task_mapping_with_no_taskflow_operators' retrieved from /home/airflow/.local/lib/python3.12/site-packages/airflow/example_dags/example_dynamic_task_mapping_with_no_taskflow_operators.py
[2024-06-18T13:04:12.947+0000] {logging_mixin.py:188} INFO - [2024-06-18T13:04:12.947+0000] {dag.py:3096} INFO - Sync 1 DAGs
[2024-06-18T13:04:12.962+0000] {logging_mixin.py:188} INFO - [2024-06-18T13:04:12.962+0000] {dag.py:3954} INFO - Setting next_dagrun for example_dynamic_task_mapping_with_no_taskflow_operators to 2024-06-17 00:00:00+00:00, run_after=2024-06-18 00:00:00+00:00
[2024-06-18T13:04:12.971+0000] {processor.py:183} INFO - Processing /home/airflow/.local/lib/python3.12/site-packages/airflow/example_dags/example_dynamic_task_mapping_with_no_taskflow_operators.py took 0.041 seconds
[2024-06-18T13:04:44.187+0000] {processor.py:161} INFO - Started process (PID=123) to work on /home/airflow/.local/lib/python3.12/site-packages/airflow/example_dags/example_dynamic_task_mapping_with_no_taskflow_operators.py
[2024-06-18T13:04:44.187+0000] {processor.py:830} INFO - Processing file /home/airflow/.local/lib/python3.12/site-packages/airflow/example_dags/example_dynamic_task_mapping_with_no_taskflow_operators.py for tasks to queue
[2024-06-18T13:04:44.188+0000] {logging_mixin.py:188} INFO - [2024-06-18T13:04:44.188+0000] {dagbag.py:545} INFO - Filling up the DagBag from /home/airflow/.local/lib/python3.12/site-packages/airflow/example_dags/example_dynamic_task_mapping_with_no_taskflow_operators.py
[2024-06-18T13:04:44.191+0000] {processor.py:840} INFO - DAG(s) 'example_dynamic_task_mapping_with_no_taskflow_operators' retrieved from /home/airflow/.local/lib/python3.12/site-packages/airflow/example_dags/example_dynamic_task_mapping_with_no_taskflow_operators.py
[2024-06-18T13:04:44.245+0000] {logging_mixin.py:188} INFO - [2024-06-18T13:04:44.245+0000] {dag.py:3096} INFO - Sync 1 DAGs
[2024-06-18T13:04:44.256+0000] {logging_mixin.py:188} INFO - [2024-06-18T13:04:44.256+0000] {dag.py:3954} INFO - Setting next_dagrun for example_dynamic_task_mapping_with_no_taskflow_operators to 2024-06-17 00:00:00+00:00, run_after=2024-06-18 00:00:00+00:00
[2024-06-18T13:04:44.267+0000] {processor.py:183} INFO - Processing /home/airflow/.local/lib/python3.12/site-packages/airflow/example_dags/example_dynamic_task_mapping_with_no_taskflow_operators.py took 0.083 seconds
[2024-06-18T13:05:14.362+0000] {processor.py:161} INFO - Started process (PID=181) to work on /home/airflow/.local/lib/python3.12/site-packages/airflow/example_dags/example_dynamic_task_mapping_with_no_taskflow_operators.py
[2024-06-18T13:05:14.362+0000] {processor.py:830} INFO - Processing file /home/airflow/.local/lib/python3.12/site-packages/airflow/example_dags/example_dynamic_task_mapping_with_no_taskflow_operators.py for tasks to queue
[2024-06-18T13:05:14.363+0000] {logging_mixin.py:188} INFO - [2024-06-18T13:05:14.363+0000] {dagbag.py:545} INFO - Filling up the DagBag from /home/airflow/.local/lib/python3.12/site-packages/airflow/example_dags/example_dynamic_task_mapping_with_no_taskflow_operators.py
[2024-06-18T13:05:14.367+0000] {processor.py:840} INFO - DAG(s) 'example_dynamic_task_mapping_with_no_taskflow_operators' retrieved from /home/airflow/.local/lib/python3.12/site-packages/airflow/example_dags/example_dynamic_task_mapping_with_no_taskflow_operators.py
[2024-06-18T13:05:14.378+0000] {logging_mixin.py:188} INFO - [2024-06-18T13:05:14.378+0000] {dag.py:3096} INFO - Sync 1 DAGs
[2024-06-18T13:05:14.390+0000] {logging_mixin.py:188} INFO - [2024-06-18T13:05:14.390+0000] {dag.py:3954} INFO - Setting next_dagrun for example_dynamic_task_mapping_with_no_taskflow_operators to 2024-06-17 00:00:00+00:00, run_after=2024-06-18 00:00:00+00:00
[2024-06-18T13:05:14.400+0000] {processor.py:183} INFO - Processing /home/airflow/.local/lib/python3.12/site-packages/airflow/example_dags/example_dynamic_task_mapping_with_no_taskflow_operators.py took 0.042 seconds
[2024-06-18T13:05:44.633+0000] {processor.py:161} INFO - Started process (PID=240) to work on /home/airflow/.local/lib/python3.12/site-packages/airflow/example_dags/example_dynamic_task_mapping_with_no_taskflow_operators.py
[2024-06-18T13:05:44.634+0000] {processor.py:830} INFO - Processing file /home/airflow/.local/lib/python3.12/site-packages/airflow/example_dags/example_dynamic_task_mapping_with_no_taskflow_operators.py for tasks to queue
[2024-06-18T13:05:44.636+0000] {logging_mixin.py:188} INFO - [2024-06-18T13:05:44.636+0000] {dagbag.py:545} INFO - Filling up the DagBag from /home/airflow/.local/lib/python3.12/site-packages/airflow/example_dags/example_dynamic_task_mapping_with_no_taskflow_operators.py
[2024-06-18T13:05:44.639+0000] {processor.py:840} INFO - DAG(s) 'example_dynamic_task_mapping_with_no_taskflow_operators' retrieved from /home/airflow/.local/lib/python3.12/site-packages/airflow/example_dags/example_dynamic_task_mapping_with_no_taskflow_operators.py
[2024-06-18T13:05:44.650+0000] {logging_mixin.py:188} INFO - [2024-06-18T13:05:44.650+0000] {dag.py:3096} INFO - Sync 1 DAGs
[2024-06-18T13:05:44.663+0000] {logging_mixin.py:188} INFO - [2024-06-18T13:05:44.663+0000] {dag.py:3954} INFO - Setting next_dagrun for example_dynamic_task_mapping_with_no_taskflow_operators to 2024-06-17 00:00:00+00:00, run_after=2024-06-18 00:00:00+00:00
[2024-06-18T13:05:44.674+0000] {processor.py:183} INFO - Processing /home/airflow/.local/lib/python3.12/site-packages/airflow/example_dags/example_dynamic_task_mapping_with_no_taskflow_operators.py took 0.044 seconds
[2024-06-18T13:06:14.760+0000] {processor.py:161} INFO - Started process (PID=298) to work on /home/airflow/.local/lib/python3.12/site-packages/airflow/example_dags/example_dynamic_task_mapping_with_no_taskflow_operators.py
[2024-06-18T13:06:14.761+0000] {processor.py:830} INFO - Processing file /home/airflow/.local/lib/python3.12/site-packages/airflow/example_dags/example_dynamic_task_mapping_with_no_taskflow_operators.py for tasks to queue
[2024-06-18T13:06:14.762+0000] {logging_mixin.py:188} INFO - [2024-06-18T13:06:14.762+0000] {dagbag.py:545} INFO - Filling up the DagBag from /home/airflow/.local/lib/python3.12/site-packages/airflow/example_dags/example_dynamic_task_mapping_with_no_taskflow_operators.py
[2024-06-18T13:06:14.765+0000] {processor.py:840} INFO - DAG(s) 'example_dynamic_task_mapping_with_no_taskflow_operators' retrieved from /home/airflow/.local/lib/python3.12/site-packages/airflow/example_dags/example_dynamic_task_mapping_with_no_taskflow_operators.py
[2024-06-18T13:06:14.775+0000] {logging_mixin.py:188} INFO - [2024-06-18T13:06:14.775+0000] {dag.py:3096} INFO - Sync 1 DAGs
[2024-06-18T13:06:14.787+0000] {logging_mixin.py:188} INFO - [2024-06-18T13:06:14.787+0000] {dag.py:3954} INFO - Setting next_dagrun for example_dynamic_task_mapping_with_no_taskflow_operators to 2024-06-17 00:00:00+00:00, run_after=2024-06-18 00:00:00+00:00
[2024-06-18T13:06:14.796+0000] {processor.py:183} INFO - Processing /home/airflow/.local/lib/python3.12/site-packages/airflow/example_dags/example_dynamic_task_mapping_with_no_taskflow_operators.py took 0.039 seconds
[2024-06-18T13:06:44.944+0000] {processor.py:161} INFO - Started process (PID=356) to work on /home/airflow/.local/lib/python3.12/site-packages/airflow/example_dags/example_dynamic_task_mapping_with_no_taskflow_operators.py
[2024-06-18T13:06:44.946+0000] {processor.py:830} INFO - Processing file /home/airflow/.local/lib/python3.12/site-packages/airflow/example_dags/example_dynamic_task_mapping_with_no_taskflow_operators.py for tasks to queue
[2024-06-18T13:06:44.947+0000] {logging_mixin.py:188} INFO - [2024-06-18T13:06:44.947+0000] {dagbag.py:545} INFO - Filling up the DagBag from /home/airflow/.local/lib/python3.12/site-packages/airflow/example_dags/example_dynamic_task_mapping_with_no_taskflow_operators.py
[2024-06-18T13:06:44.950+0000] {processor.py:840} INFO - DAG(s) 'example_dynamic_task_mapping_with_no_taskflow_operators' retrieved from /home/airflow/.local/lib/python3.12/site-packages/airflow/example_dags/example_dynamic_task_mapping_with_no_taskflow_operators.py
[2024-06-18T13:06:44.963+0000] {logging_mixin.py:188} INFO - [2024-06-18T13:06:44.963+0000] {dag.py:3096} INFO - Sync 1 DAGs
[2024-06-18T13:06:44.975+0000] {logging_mixin.py:188} INFO - [2024-06-18T13:06:44.975+0000] {dag.py:3954} INFO - Setting next_dagrun for example_dynamic_task_mapping_with_no_taskflow_operators to 2024-06-17 00:00:00+00:00, run_after=2024-06-18 00:00:00+00:00
[2024-06-18T13:06:44.986+0000] {processor.py:183} INFO - Processing /home/airflow/.local/lib/python3.12/site-packages/airflow/example_dags/example_dynamic_task_mapping_with_no_taskflow_operators.py took 0.047 seconds
[2024-06-18T13:07:15.110+0000] {processor.py:161} INFO - Started process (PID=414) to work on /home/airflow/.local/lib/python3.12/site-packages/airflow/example_dags/example_dynamic_task_mapping_with_no_taskflow_operators.py
[2024-06-18T13:07:15.111+0000] {processor.py:830} INFO - Processing file /home/airflow/.local/lib/python3.12/site-packages/airflow/example_dags/example_dynamic_task_mapping_with_no_taskflow_operators.py for tasks to queue
[2024-06-18T13:07:15.112+0000] {logging_mixin.py:188} INFO - [2024-06-18T13:07:15.112+0000] {dagbag.py:545} INFO - Filling up the DagBag from /home/airflow/.local/lib/python3.12/site-packages/airflow/example_dags/example_dynamic_task_mapping_with_no_taskflow_operators.py
[2024-06-18T13:07:15.115+0000] {processor.py:840} INFO - DAG(s) 'example_dynamic_task_mapping_with_no_taskflow_operators' retrieved from /home/airflow/.local/lib/python3.12/site-packages/airflow/example_dags/example_dynamic_task_mapping_with_no_taskflow_operators.py
[2024-06-18T13:07:15.128+0000] {logging_mixin.py:188} INFO - [2024-06-18T13:07:15.128+0000] {dag.py:3096} INFO - Sync 1 DAGs
[2024-06-18T13:07:15.143+0000] {logging_mixin.py:188} INFO - [2024-06-18T13:07:15.142+0000] {dag.py:3954} INFO - Setting next_dagrun for example_dynamic_task_mapping_with_no_taskflow_operators to 2024-06-17 00:00:00+00:00, run_after=2024-06-18 00:00:00+00:00
[2024-06-18T13:07:15.152+0000] {processor.py:183} INFO - Processing /home/airflow/.local/lib/python3.12/site-packages/airflow/example_dags/example_dynamic_task_mapping_with_no_taskflow_operators.py took 0.045 seconds
[2024-06-18T13:07:45.625+0000] {processor.py:161} INFO - Started process (PID=472) to work on /home/airflow/.local/lib/python3.12/site-packages/airflow/example_dags/example_dynamic_task_mapping_with_no_taskflow_operators.py
[2024-06-18T13:07:45.626+0000] {processor.py:830} INFO - Processing file /home/airflow/.local/lib/python3.12/site-packages/airflow/example_dags/example_dynamic_task_mapping_with_no_taskflow_operators.py for tasks to queue
[2024-06-18T13:07:45.627+0000] {logging_mixin.py:188} INFO - [2024-06-18T13:07:45.627+0000] {dagbag.py:545} INFO - Filling up the DagBag from /home/airflow/.local/lib/python3.12/site-packages/airflow/example_dags/example_dynamic_task_mapping_with_no_taskflow_operators.py
[2024-06-18T13:07:45.631+0000] {processor.py:840} INFO - DAG(s) 'example_dynamic_task_mapping_with_no_taskflow_operators' retrieved from /home/airflow/.local/lib/python3.12/site-packages/airflow/example_dags/example_dynamic_task_mapping_with_no_taskflow_operators.py
[2024-06-18T13:07:45.646+0000] {logging_mixin.py:188} INFO - [2024-06-18T13:07:45.646+0000] {dag.py:3096} INFO - Sync 1 DAGs
[2024-06-18T13:07:45.662+0000] {logging_mixin.py:188} INFO - [2024-06-18T13:07:45.662+0000] {dag.py:3954} INFO - Setting next_dagrun for example_dynamic_task_mapping_with_no_taskflow_operators to 2024-06-17 00:00:00+00:00, run_after=2024-06-18 00:00:00+00:00
[2024-06-18T13:07:45.676+0000] {processor.py:183} INFO - Processing /home/airflow/.local/lib/python3.12/site-packages/airflow/example_dags/example_dynamic_task_mapping_with_no_taskflow_operators.py took 0.053 seconds
[2024-06-18T13:08:15.703+0000] {processor.py:161} INFO - Started process (PID=530) to work on /home/airflow/.local/lib/python3.12/site-packages/airflow/example_dags/example_dynamic_task_mapping_with_no_taskflow_operators.py
[2024-06-18T13:08:15.704+0000] {processor.py:830} INFO - Processing file /home/airflow/.local/lib/python3.12/site-packages/airflow/example_dags/example_dynamic_task_mapping_with_no_taskflow_operators.py for tasks to queue
[2024-06-18T13:08:15.705+0000] {logging_mixin.py:188} INFO - [2024-06-18T13:08:15.705+0000] {dagbag.py:545} INFO - Filling up the DagBag from /home/airflow/.local/lib/python3.12/site-packages/airflow/example_dags/example_dynamic_task_mapping_with_no_taskflow_operators.py
[2024-06-18T13:08:15.709+0000] {processor.py:840} INFO - DAG(s) 'example_dynamic_task_mapping_with_no_taskflow_operators' retrieved from /home/airflow/.local/lib/python3.12/site-packages/airflow/example_dags/example_dynamic_task_mapping_with_no_taskflow_operators.py
[2024-06-18T13:08:15.721+0000] {logging_mixin.py:188} INFO - [2024-06-18T13:08:15.721+0000] {dag.py:3096} INFO - Sync 1 DAGs
[2024-06-18T13:08:15.736+0000] {logging_mixin.py:188} INFO - [2024-06-18T13:08:15.736+0000] {dag.py:3954} INFO - Setting next_dagrun for example_dynamic_task_mapping_with_no_taskflow_operators to 2024-06-17 00:00:00+00:00, run_after=2024-06-18 00:00:00+00:00
[2024-06-18T13:08:15.746+0000] {processor.py:183} INFO - Processing /home/airflow/.local/lib/python3.12/site-packages/airflow/example_dags/example_dynamic_task_mapping_with_no_taskflow_operators.py took 0.046 seconds
[2024-06-18T13:08:45.894+0000] {processor.py:161} INFO - Started process (PID=588) to work on /home/airflow/.local/lib/python3.12/site-packages/airflow/example_dags/example_dynamic_task_mapping_with_no_taskflow_operators.py
[2024-06-18T13:08:45.895+0000] {processor.py:830} INFO - Processing file /home/airflow/.local/lib/python3.12/site-packages/airflow/example_dags/example_dynamic_task_mapping_with_no_taskflow_operators.py for tasks to queue
[2024-06-18T13:08:45.896+0000] {logging_mixin.py:188} INFO - [2024-06-18T13:08:45.895+0000] {dagbag.py:545} INFO - Filling up the DagBag from /home/airflow/.local/lib/python3.12/site-packages/airflow/example_dags/example_dynamic_task_mapping_with_no_taskflow_operators.py
[2024-06-18T13:08:45.899+0000] {processor.py:840} INFO - DAG(s) 'example_dynamic_task_mapping_with_no_taskflow_operators' retrieved from /home/airflow/.local/lib/python3.12/site-packages/airflow/example_dags/example_dynamic_task_mapping_with_no_taskflow_operators.py
[2024-06-18T13:08:45.910+0000] {logging_mixin.py:188} INFO - [2024-06-18T13:08:45.910+0000] {dag.py:3096} INFO - Sync 1 DAGs
[2024-06-18T13:08:45.922+0000] {logging_mixin.py:188} INFO - [2024-06-18T13:08:45.922+0000] {dag.py:3954} INFO - Setting next_dagrun for example_dynamic_task_mapping_with_no_taskflow_operators to 2024-06-17 00:00:00+00:00, run_after=2024-06-18 00:00:00+00:00
[2024-06-18T13:08:45.932+0000] {processor.py:183} INFO - Processing /home/airflow/.local/lib/python3.12/site-packages/airflow/example_dags/example_dynamic_task_mapping_with_no_taskflow_operators.py took 0.041 seconds
[2024-06-18T13:09:16.729+0000] {processor.py:161} INFO - Started process (PID=646) to work on /home/airflow/.local/lib/python3.12/site-packages/airflow/example_dags/example_dynamic_task_mapping_with_no_taskflow_operators.py
[2024-06-18T13:09:16.729+0000] {processor.py:830} INFO - Processing file /home/airflow/.local/lib/python3.12/site-packages/airflow/example_dags/example_dynamic_task_mapping_with_no_taskflow_operators.py for tasks to queue
[2024-06-18T13:09:16.730+0000] {logging_mixin.py:188} INFO - [2024-06-18T13:09:16.730+0000] {dagbag.py:545} INFO - Filling up the DagBag from /home/airflow/.local/lib/python3.12/site-packages/airflow/example_dags/example_dynamic_task_mapping_with_no_taskflow_operators.py
[2024-06-18T13:09:16.734+0000] {processor.py:840} INFO - DAG(s) 'example_dynamic_task_mapping_with_no_taskflow_operators' retrieved from /home/airflow/.local/lib/python3.12/site-packages/airflow/example_dags/example_dynamic_task_mapping_with_no_taskflow_operators.py
[2024-06-18T13:09:16.744+0000] {logging_mixin.py:188} INFO - [2024-06-18T13:09:16.744+0000] {dag.py:3096} INFO - Sync 1 DAGs
[2024-06-18T13:09:16.755+0000] {logging_mixin.py:188} INFO - [2024-06-18T13:09:16.755+0000] {dag.py:3954} INFO - Setting next_dagrun for example_dynamic_task_mapping_with_no_taskflow_operators to 2024-06-17 00:00:00+00:00, run_after=2024-06-18 00:00:00+00:00
[2024-06-18T13:09:16.764+0000] {processor.py:183} INFO - Processing /home/airflow/.local/lib/python3.12/site-packages/airflow/example_dags/example_dynamic_task_mapping_with_no_taskflow_operators.py took 0.039 seconds
[2024-06-18T13:09:47.633+0000] {processor.py:161} INFO - Started process (PID=704) to work on /home/airflow/.local/lib/python3.12/site-packages/airflow/example_dags/example_dynamic_task_mapping_with_no_taskflow_operators.py
[2024-06-18T13:09:47.634+0000] {processor.py:830} INFO - Processing file /home/airflow/.local/lib/python3.12/site-packages/airflow/example_dags/example_dynamic_task_mapping_with_no_taskflow_operators.py for tasks to queue
[2024-06-18T13:09:47.635+0000] {logging_mixin.py:188} INFO - [2024-06-18T13:09:47.635+0000] {dagbag.py:545} INFO - Filling up the DagBag from /home/airflow/.local/lib/python3.12/site-packages/airflow/example_dags/example_dynamic_task_mapping_with_no_taskflow_operators.py
[2024-06-18T13:09:47.639+0000] {processor.py:840} INFO - DAG(s) 'example_dynamic_task_mapping_with_no_taskflow_operators' retrieved from /home/airflow/.local/lib/python3.12/site-packages/airflow/example_dags/example_dynamic_task_mapping_with_no_taskflow_operators.py
[2024-06-18T13:09:47.651+0000] {logging_mixin.py:188} INFO - [2024-06-18T13:09:47.651+0000] {dag.py:3096} INFO - Sync 1 DAGs
[2024-06-18T13:09:47.663+0000] {logging_mixin.py:188} INFO - [2024-06-18T13:09:47.663+0000] {dag.py:3954} INFO - Setting next_dagrun for example_dynamic_task_mapping_with_no_taskflow_operators to 2024-06-17 00:00:00+00:00, run_after=2024-06-18 00:00:00+00:00
[2024-06-18T13:09:47.673+0000] {processor.py:183} INFO - Processing /home/airflow/.local/lib/python3.12/site-packages/airflow/example_dags/example_dynamic_task_mapping_with_no_taskflow_operators.py took 0.044 seconds
[2024-06-18T13:10:17.782+0000] {processor.py:161} INFO - Started process (PID=761) to work on /home/airflow/.local/lib/python3.12/site-packages/airflow/example_dags/example_dynamic_task_mapping_with_no_taskflow_operators.py
[2024-06-18T13:10:17.783+0000] {processor.py:830} INFO - Processing file /home/airflow/.local/lib/python3.12/site-packages/airflow/example_dags/example_dynamic_task_mapping_with_no_taskflow_operators.py for tasks to queue
[2024-06-18T13:10:17.784+0000] {logging_mixin.py:188} INFO - [2024-06-18T13:10:17.783+0000] {dagbag.py:545} INFO - Filling up the DagBag from /home/airflow/.local/lib/python3.12/site-packages/airflow/example_dags/example_dynamic_task_mapping_with_no_taskflow_operators.py
[2024-06-18T13:10:17.787+0000] {processor.py:840} INFO - DAG(s) 'example_dynamic_task_mapping_with_no_taskflow_operators' retrieved from /home/airflow/.local/lib/python3.12/site-packages/airflow/example_dags/example_dynamic_task_mapping_with_no_taskflow_operators.py
[2024-06-18T13:10:17.798+0000] {logging_mixin.py:188} INFO - [2024-06-18T13:10:17.798+0000] {dag.py:3096} INFO - Sync 1 DAGs
[2024-06-18T13:10:17.811+0000] {logging_mixin.py:188} INFO - [2024-06-18T13:10:17.811+0000] {dag.py:3954} INFO - Setting next_dagrun for example_dynamic_task_mapping_with_no_taskflow_operators to 2024-06-17 00:00:00+00:00, run_after=2024-06-18 00:00:00+00:00
[2024-06-18T13:10:17.821+0000] {processor.py:183} INFO - Processing /home/airflow/.local/lib/python3.12/site-packages/airflow/example_dags/example_dynamic_task_mapping_with_no_taskflow_operators.py took 0.042 seconds
[2024-06-18T13:10:48.039+0000] {processor.py:161} INFO - Started process (PID=819) to work on /home/airflow/.local/lib/python3.12/site-packages/airflow/example_dags/example_dynamic_task_mapping_with_no_taskflow_operators.py
[2024-06-18T13:10:48.040+0000] {processor.py:830} INFO - Processing file /home/airflow/.local/lib/python3.12/site-packages/airflow/example_dags/example_dynamic_task_mapping_with_no_taskflow_operators.py for tasks to queue
[2024-06-18T13:10:48.041+0000] {logging_mixin.py:188} INFO - [2024-06-18T13:10:48.041+0000] {dagbag.py:545} INFO - Filling up the DagBag from /home/airflow/.local/lib/python3.12/site-packages/airflow/example_dags/example_dynamic_task_mapping_with_no_taskflow_operators.py
[2024-06-18T13:10:48.044+0000] {processor.py:840} INFO - DAG(s) 'example_dynamic_task_mapping_with_no_taskflow_operators' retrieved from /home/airflow/.local/lib/python3.12/site-packages/airflow/example_dags/example_dynamic_task_mapping_with_no_taskflow_operators.py
[2024-06-18T13:10:48.055+0000] {logging_mixin.py:188} INFO - [2024-06-18T13:10:48.055+0000] {dag.py:3096} INFO - Sync 1 DAGs
[2024-06-18T13:10:48.067+0000] {logging_mixin.py:188} INFO - [2024-06-18T13:10:48.067+0000] {dag.py:3954} INFO - Setting next_dagrun for example_dynamic_task_mapping_with_no_taskflow_operators to 2024-06-17 00:00:00+00:00, run_after=2024-06-18 00:00:00+00:00
[2024-06-18T13:10:48.076+0000] {processor.py:183} INFO - Processing /home/airflow/.local/lib/python3.12/site-packages/airflow/example_dags/example_dynamic_task_mapping_with_no_taskflow_operators.py took 0.040 seconds
[2024-06-18T13:11:18.234+0000] {processor.py:161} INFO - Started process (PID=877) to work on /home/airflow/.local/lib/python3.12/site-packages/airflow/example_dags/example_dynamic_task_mapping_with_no_taskflow_operators.py
[2024-06-18T13:11:18.235+0000] {processor.py:830} INFO - Processing file /home/airflow/.local/lib/python3.12/site-packages/airflow/example_dags/example_dynamic_task_mapping_with_no_taskflow_operators.py for tasks to queue
[2024-06-18T13:11:18.236+0000] {logging_mixin.py:188} INFO - [2024-06-18T13:11:18.235+0000] {dagbag.py:545} INFO - Filling up the DagBag from /home/airflow/.local/lib/python3.12/site-packages/airflow/example_dags/example_dynamic_task_mapping_with_no_taskflow_operators.py
[2024-06-18T13:11:18.239+0000] {processor.py:840} INFO - DAG(s) 'example_dynamic_task_mapping_with_no_taskflow_operators' retrieved from /home/airflow/.local/lib/python3.12/site-packages/airflow/example_dags/example_dynamic_task_mapping_with_no_taskflow_operators.py
[2024-06-18T13:11:18.251+0000] {logging_mixin.py:188} INFO - [2024-06-18T13:11:18.250+0000] {dag.py:3096} INFO - Sync 1 DAGs
[2024-06-18T13:11:18.262+0000] {logging_mixin.py:188} INFO - [2024-06-18T13:11:18.262+0000] {dag.py:3954} INFO - Setting next_dagrun for example_dynamic_task_mapping_with_no_taskflow_operators to 2024-06-17 00:00:00+00:00, run_after=2024-06-18 00:00:00+00:00
[2024-06-18T13:11:18.272+0000] {processor.py:183} INFO - Processing /home/airflow/.local/lib/python3.12/site-packages/airflow/example_dags/example_dynamic_task_mapping_with_no_taskflow_operators.py took 0.042 seconds
