[2024-06-18T13:04:12.990+0000] {processor.py:161} INFO - Started process (PID=68) to work on /home/airflow/.local/lib/python3.12/site-packages/airflow/example_dags/example_xcomargs.py
[2024-06-18T13:04:12.990+0000] {processor.py:830} INFO - Processing file /home/airflow/.local/lib/python3.12/site-packages/airflow/example_dags/example_xcomargs.py for tasks to queue
[2024-06-18T13:04:12.991+0000] {logging_mixin.py:188} INFO - [2024-06-18T13:04:12.991+0000] {dagbag.py:545} INFO - Filling up the DagBag from /home/airflow/.local/lib/python3.12/site-packages/airflow/example_dags/example_xcomargs.py
[2024-06-18T13:04:12.996+0000] {processor.py:840} INFO - DAG(s) 'example_xcom_args', 'example_xcom_args_with_operators' retrieved from /home/airflow/.local/lib/python3.12/site-packages/airflow/example_dags/example_xcomargs.py
[2024-06-18T13:04:13.004+0000] {logging_mixin.py:188} INFO - [2024-06-18T13:04:13.004+0000] {dag.py:3096} INFO - Sync 2 DAGs
[2024-06-18T13:04:13.015+0000] {logging_mixin.py:188} INFO - [2024-06-18T13:04:13.014+0000] {dag.py:3954} INFO - Setting next_dagrun for example_xcom_args to None, run_after=None
[2024-06-18T13:04:13.018+0000] {logging_mixin.py:188} INFO - [2024-06-18T13:04:13.018+0000] {dag.py:3954} INFO - Setting next_dagrun for example_xcom_args_with_operators to None, run_after=None
[2024-06-18T13:04:13.030+0000] {processor.py:183} INFO - Processing /home/airflow/.local/lib/python3.12/site-packages/airflow/example_dags/example_xcomargs.py took 0.043 seconds
[2024-06-18T13:04:44.367+0000] {processor.py:161} INFO - Started process (PID=126) to work on /home/airflow/.local/lib/python3.12/site-packages/airflow/example_dags/example_xcomargs.py
[2024-06-18T13:04:44.368+0000] {processor.py:830} INFO - Processing file /home/airflow/.local/lib/python3.12/site-packages/airflow/example_dags/example_xcomargs.py for tasks to queue
[2024-06-18T13:04:44.369+0000] {logging_mixin.py:188} INFO - [2024-06-18T13:04:44.369+0000] {dagbag.py:545} INFO - Filling up the DagBag from /home/airflow/.local/lib/python3.12/site-packages/airflow/example_dags/example_xcomargs.py
[2024-06-18T13:04:44.373+0000] {processor.py:840} INFO - DAG(s) 'example_xcom_args', 'example_xcom_args_with_operators' retrieved from /home/airflow/.local/lib/python3.12/site-packages/airflow/example_dags/example_xcomargs.py
[2024-06-18T13:04:44.434+0000] {logging_mixin.py:188} INFO - [2024-06-18T13:04:44.434+0000] {dag.py:3096} INFO - Sync 2 DAGs
[2024-06-18T13:04:44.440+0000] {logging_mixin.py:188} INFO - [2024-06-18T13:04:44.440+0000] {dag.py:3954} INFO - Setting next_dagrun for example_xcom_args to None, run_after=None
[2024-06-18T13:04:44.442+0000] {logging_mixin.py:188} INFO - [2024-06-18T13:04:44.442+0000] {dag.py:3954} INFO - Setting next_dagrun for example_xcom_args_with_operators to None, run_after=None
[2024-06-18T13:04:44.451+0000] {processor.py:183} INFO - Processing /home/airflow/.local/lib/python3.12/site-packages/airflow/example_dags/example_xcomargs.py took 0.087 seconds
[2024-06-18T13:05:14.462+0000] {processor.py:161} INFO - Started process (PID=184) to work on /home/airflow/.local/lib/python3.12/site-packages/airflow/example_dags/example_xcomargs.py
[2024-06-18T13:05:14.463+0000] {processor.py:830} INFO - Processing file /home/airflow/.local/lib/python3.12/site-packages/airflow/example_dags/example_xcomargs.py for tasks to queue
[2024-06-18T13:05:14.464+0000] {logging_mixin.py:188} INFO - [2024-06-18T13:05:14.464+0000] {dagbag.py:545} INFO - Filling up the DagBag from /home/airflow/.local/lib/python3.12/site-packages/airflow/example_dags/example_xcomargs.py
[2024-06-18T13:05:14.468+0000] {processor.py:840} INFO - DAG(s) 'example_xcom_args', 'example_xcom_args_with_operators' retrieved from /home/airflow/.local/lib/python3.12/site-packages/airflow/example_dags/example_xcomargs.py
[2024-06-18T13:05:14.481+0000] {logging_mixin.py:188} INFO - [2024-06-18T13:05:14.480+0000] {dag.py:3096} INFO - Sync 2 DAGs
[2024-06-18T13:05:14.487+0000] {logging_mixin.py:188} INFO - [2024-06-18T13:05:14.487+0000] {dag.py:3954} INFO - Setting next_dagrun for example_xcom_args to None, run_after=None
[2024-06-18T13:05:14.489+0000] {logging_mixin.py:188} INFO - [2024-06-18T13:05:14.489+0000] {dag.py:3954} INFO - Setting next_dagrun for example_xcom_args_with_operators to None, run_after=None
[2024-06-18T13:05:14.497+0000] {processor.py:183} INFO - Processing /home/airflow/.local/lib/python3.12/site-packages/airflow/example_dags/example_xcomargs.py took 0.038 seconds
[2024-06-18T13:05:44.742+0000] {processor.py:161} INFO - Started process (PID=243) to work on /home/airflow/.local/lib/python3.12/site-packages/airflow/example_dags/example_xcomargs.py
[2024-06-18T13:05:44.743+0000] {processor.py:830} INFO - Processing file /home/airflow/.local/lib/python3.12/site-packages/airflow/example_dags/example_xcomargs.py for tasks to queue
[2024-06-18T13:05:44.744+0000] {logging_mixin.py:188} INFO - [2024-06-18T13:05:44.744+0000] {dagbag.py:545} INFO - Filling up the DagBag from /home/airflow/.local/lib/python3.12/site-packages/airflow/example_dags/example_xcomargs.py
[2024-06-18T13:05:44.749+0000] {processor.py:840} INFO - DAG(s) 'example_xcom_args', 'example_xcom_args_with_operators' retrieved from /home/airflow/.local/lib/python3.12/site-packages/airflow/example_dags/example_xcomargs.py
[2024-06-18T13:05:44.762+0000] {logging_mixin.py:188} INFO - [2024-06-18T13:05:44.762+0000] {dag.py:3096} INFO - Sync 2 DAGs
[2024-06-18T13:05:44.770+0000] {logging_mixin.py:188} INFO - [2024-06-18T13:05:44.770+0000] {dag.py:3954} INFO - Setting next_dagrun for example_xcom_args to None, run_after=None
[2024-06-18T13:05:44.773+0000] {logging_mixin.py:188} INFO - [2024-06-18T13:05:44.773+0000] {dag.py:3954} INFO - Setting next_dagrun for example_xcom_args_with_operators to None, run_after=None
[2024-06-18T13:05:44.782+0000] {processor.py:183} INFO - Processing /home/airflow/.local/lib/python3.12/site-packages/airflow/example_dags/example_xcomargs.py took 0.043 seconds
[2024-06-18T13:06:14.845+0000] {processor.py:161} INFO - Started process (PID=301) to work on /home/airflow/.local/lib/python3.12/site-packages/airflow/example_dags/example_xcomargs.py
[2024-06-18T13:06:14.846+0000] {processor.py:830} INFO - Processing file /home/airflow/.local/lib/python3.12/site-packages/airflow/example_dags/example_xcomargs.py for tasks to queue
[2024-06-18T13:06:14.848+0000] {logging_mixin.py:188} INFO - [2024-06-18T13:06:14.847+0000] {dagbag.py:545} INFO - Filling up the DagBag from /home/airflow/.local/lib/python3.12/site-packages/airflow/example_dags/example_xcomargs.py
[2024-06-18T13:06:14.856+0000] {processor.py:840} INFO - DAG(s) 'example_xcom_args', 'example_xcom_args_with_operators' retrieved from /home/airflow/.local/lib/python3.12/site-packages/airflow/example_dags/example_xcomargs.py
[2024-06-18T13:06:14.869+0000] {logging_mixin.py:188} INFO - [2024-06-18T13:06:14.869+0000] {dag.py:3096} INFO - Sync 2 DAGs
[2024-06-18T13:06:14.876+0000] {logging_mixin.py:188} INFO - [2024-06-18T13:06:14.876+0000] {dag.py:3954} INFO - Setting next_dagrun for example_xcom_args to None, run_after=None
[2024-06-18T13:06:14.878+0000] {logging_mixin.py:188} INFO - [2024-06-18T13:06:14.878+0000] {dag.py:3954} INFO - Setting next_dagrun for example_xcom_args_with_operators to None, run_after=None
[2024-06-18T13:06:14.887+0000] {processor.py:183} INFO - Processing /home/airflow/.local/lib/python3.12/site-packages/airflow/example_dags/example_xcomargs.py took 0.045 seconds
[2024-06-18T13:06:45.002+0000] {processor.py:161} INFO - Started process (PID=359) to work on /home/airflow/.local/lib/python3.12/site-packages/airflow/example_dags/example_xcomargs.py
[2024-06-18T13:06:45.002+0000] {processor.py:830} INFO - Processing file /home/airflow/.local/lib/python3.12/site-packages/airflow/example_dags/example_xcomargs.py for tasks to queue
[2024-06-18T13:06:45.003+0000] {logging_mixin.py:188} INFO - [2024-06-18T13:06:45.003+0000] {dagbag.py:545} INFO - Filling up the DagBag from /home/airflow/.local/lib/python3.12/site-packages/airflow/example_dags/example_xcomargs.py
[2024-06-18T13:06:45.008+0000] {processor.py:840} INFO - DAG(s) 'example_xcom_args_with_operators', 'example_xcom_args' retrieved from /home/airflow/.local/lib/python3.12/site-packages/airflow/example_dags/example_xcomargs.py
[2024-06-18T13:06:45.023+0000] {logging_mixin.py:188} INFO - [2024-06-18T13:06:45.023+0000] {dag.py:3096} INFO - Sync 2 DAGs
[2024-06-18T13:06:45.031+0000] {logging_mixin.py:188} INFO - [2024-06-18T13:06:45.031+0000] {dag.py:3954} INFO - Setting next_dagrun for example_xcom_args to None, run_after=None
[2024-06-18T13:06:45.034+0000] {logging_mixin.py:188} INFO - [2024-06-18T13:06:45.034+0000] {dag.py:3954} INFO - Setting next_dagrun for example_xcom_args_with_operators to None, run_after=None
[2024-06-18T13:06:45.042+0000] {processor.py:183} INFO - Processing /home/airflow/.local/lib/python3.12/site-packages/airflow/example_dags/example_xcomargs.py took 0.044 seconds
[2024-06-18T13:07:15.223+0000] {processor.py:161} INFO - Started process (PID=417) to work on /home/airflow/.local/lib/python3.12/site-packages/airflow/example_dags/example_xcomargs.py
[2024-06-18T13:07:15.224+0000] {processor.py:830} INFO - Processing file /home/airflow/.local/lib/python3.12/site-packages/airflow/example_dags/example_xcomargs.py for tasks to queue
[2024-06-18T13:07:15.225+0000] {logging_mixin.py:188} INFO - [2024-06-18T13:07:15.225+0000] {dagbag.py:545} INFO - Filling up the DagBag from /home/airflow/.local/lib/python3.12/site-packages/airflow/example_dags/example_xcomargs.py
[2024-06-18T13:07:15.230+0000] {processor.py:840} INFO - DAG(s) 'example_xcom_args_with_operators', 'example_xcom_args' retrieved from /home/airflow/.local/lib/python3.12/site-packages/airflow/example_dags/example_xcomargs.py
[2024-06-18T13:07:15.244+0000] {logging_mixin.py:188} INFO - [2024-06-18T13:07:15.244+0000] {dag.py:3096} INFO - Sync 2 DAGs
[2024-06-18T13:07:15.251+0000] {logging_mixin.py:188} INFO - [2024-06-18T13:07:15.251+0000] {dag.py:3954} INFO - Setting next_dagrun for example_xcom_args to None, run_after=None
[2024-06-18T13:07:15.255+0000] {logging_mixin.py:188} INFO - [2024-06-18T13:07:15.254+0000] {dag.py:3954} INFO - Setting next_dagrun for example_xcom_args_with_operators to None, run_after=None
[2024-06-18T13:07:15.265+0000] {processor.py:183} INFO - Processing /home/airflow/.local/lib/python3.12/site-packages/airflow/example_dags/example_xcomargs.py took 0.047 seconds
[2024-06-18T13:07:45.702+0000] {processor.py:161} INFO - Started process (PID=475) to work on /home/airflow/.local/lib/python3.12/site-packages/airflow/example_dags/example_xcomargs.py
[2024-06-18T13:07:45.703+0000] {processor.py:830} INFO - Processing file /home/airflow/.local/lib/python3.12/site-packages/airflow/example_dags/example_xcomargs.py for tasks to queue
[2024-06-18T13:07:45.704+0000] {logging_mixin.py:188} INFO - [2024-06-18T13:07:45.704+0000] {dagbag.py:545} INFO - Filling up the DagBag from /home/airflow/.local/lib/python3.12/site-packages/airflow/example_dags/example_xcomargs.py
[2024-06-18T13:07:45.709+0000] {processor.py:840} INFO - DAG(s) 'example_xcom_args_with_operators', 'example_xcom_args' retrieved from /home/airflow/.local/lib/python3.12/site-packages/airflow/example_dags/example_xcomargs.py
[2024-06-18T13:07:45.726+0000] {logging_mixin.py:188} INFO - [2024-06-18T13:07:45.725+0000] {dag.py:3096} INFO - Sync 2 DAGs
[2024-06-18T13:07:45.734+0000] {logging_mixin.py:188} INFO - [2024-06-18T13:07:45.734+0000] {dag.py:3954} INFO - Setting next_dagrun for example_xcom_args to None, run_after=None
[2024-06-18T13:07:45.737+0000] {logging_mixin.py:188} INFO - [2024-06-18T13:07:45.737+0000] {dag.py:3954} INFO - Setting next_dagrun for example_xcom_args_with_operators to None, run_after=None
[2024-06-18T13:07:45.747+0000] {processor.py:183} INFO - Processing /home/airflow/.local/lib/python3.12/site-packages/airflow/example_dags/example_xcomargs.py took 0.050 seconds
[2024-06-18T13:08:15.827+0000] {processor.py:161} INFO - Started process (PID=533) to work on /home/airflow/.local/lib/python3.12/site-packages/airflow/example_dags/example_xcomargs.py
[2024-06-18T13:08:15.828+0000] {processor.py:830} INFO - Processing file /home/airflow/.local/lib/python3.12/site-packages/airflow/example_dags/example_xcomargs.py for tasks to queue
[2024-06-18T13:08:15.829+0000] {logging_mixin.py:188} INFO - [2024-06-18T13:08:15.829+0000] {dagbag.py:545} INFO - Filling up the DagBag from /home/airflow/.local/lib/python3.12/site-packages/airflow/example_dags/example_xcomargs.py
[2024-06-18T13:08:15.834+0000] {processor.py:840} INFO - DAG(s) 'example_xcom_args_with_operators', 'example_xcom_args' retrieved from /home/airflow/.local/lib/python3.12/site-packages/airflow/example_dags/example_xcomargs.py
[2024-06-18T13:08:15.850+0000] {logging_mixin.py:188} INFO - [2024-06-18T13:08:15.850+0000] {dag.py:3096} INFO - Sync 2 DAGs
[2024-06-18T13:08:15.858+0000] {logging_mixin.py:188} INFO - [2024-06-18T13:08:15.858+0000] {dag.py:3954} INFO - Setting next_dagrun for example_xcom_args to None, run_after=None
[2024-06-18T13:08:15.861+0000] {logging_mixin.py:188} INFO - [2024-06-18T13:08:15.860+0000] {dag.py:3954} INFO - Setting next_dagrun for example_xcom_args_with_operators to None, run_after=None
[2024-06-18T13:08:15.871+0000] {processor.py:183} INFO - Processing /home/airflow/.local/lib/python3.12/site-packages/airflow/example_dags/example_xcomargs.py took 0.047 seconds
[2024-06-18T13:08:45.953+0000] {processor.py:161} INFO - Started process (PID=591) to work on /home/airflow/.local/lib/python3.12/site-packages/airflow/example_dags/example_xcomargs.py
[2024-06-18T13:08:45.954+0000] {processor.py:830} INFO - Processing file /home/airflow/.local/lib/python3.12/site-packages/airflow/example_dags/example_xcomargs.py for tasks to queue
[2024-06-18T13:08:45.955+0000] {logging_mixin.py:188} INFO - [2024-06-18T13:08:45.954+0000] {dagbag.py:545} INFO - Filling up the DagBag from /home/airflow/.local/lib/python3.12/site-packages/airflow/example_dags/example_xcomargs.py
[2024-06-18T13:08:45.959+0000] {processor.py:840} INFO - DAG(s) 'example_xcom_args_with_operators', 'example_xcom_args' retrieved from /home/airflow/.local/lib/python3.12/site-packages/airflow/example_dags/example_xcomargs.py
[2024-06-18T13:08:45.972+0000] {logging_mixin.py:188} INFO - [2024-06-18T13:08:45.972+0000] {dag.py:3096} INFO - Sync 2 DAGs
[2024-06-18T13:08:45.979+0000] {logging_mixin.py:188} INFO - [2024-06-18T13:08:45.979+0000] {dag.py:3954} INFO - Setting next_dagrun for example_xcom_args to None, run_after=None
[2024-06-18T13:08:45.981+0000] {logging_mixin.py:188} INFO - [2024-06-18T13:08:45.981+0000] {dag.py:3954} INFO - Setting next_dagrun for example_xcom_args_with_operators to None, run_after=None
[2024-06-18T13:08:45.990+0000] {processor.py:183} INFO - Processing /home/airflow/.local/lib/python3.12/site-packages/airflow/example_dags/example_xcomargs.py took 0.040 seconds
[2024-06-18T13:09:16.823+0000] {processor.py:161} INFO - Started process (PID=649) to work on /home/airflow/.local/lib/python3.12/site-packages/airflow/example_dags/example_xcomargs.py
[2024-06-18T13:09:16.824+0000] {processor.py:830} INFO - Processing file /home/airflow/.local/lib/python3.12/site-packages/airflow/example_dags/example_xcomargs.py for tasks to queue
[2024-06-18T13:09:16.825+0000] {logging_mixin.py:188} INFO - [2024-06-18T13:09:16.824+0000] {dagbag.py:545} INFO - Filling up the DagBag from /home/airflow/.local/lib/python3.12/site-packages/airflow/example_dags/example_xcomargs.py
[2024-06-18T13:09:16.829+0000] {processor.py:840} INFO - DAG(s) 'example_xcom_args_with_operators', 'example_xcom_args' retrieved from /home/airflow/.local/lib/python3.12/site-packages/airflow/example_dags/example_xcomargs.py
[2024-06-18T13:09:16.842+0000] {logging_mixin.py:188} INFO - [2024-06-18T13:09:16.842+0000] {dag.py:3096} INFO - Sync 2 DAGs
[2024-06-18T13:09:16.850+0000] {logging_mixin.py:188} INFO - [2024-06-18T13:09:16.849+0000] {dag.py:3954} INFO - Setting next_dagrun for example_xcom_args to None, run_after=None
[2024-06-18T13:09:16.852+0000] {logging_mixin.py:188} INFO - [2024-06-18T13:09:16.852+0000] {dag.py:3954} INFO - Setting next_dagrun for example_xcom_args_with_operators to None, run_after=None
[2024-06-18T13:09:16.861+0000] {processor.py:183} INFO - Processing /home/airflow/.local/lib/python3.12/site-packages/airflow/example_dags/example_xcomargs.py took 0.040 seconds
[2024-06-18T13:09:47.738+0000] {processor.py:161} INFO - Started process (PID=707) to work on /home/airflow/.local/lib/python3.12/site-packages/airflow/example_dags/example_xcomargs.py
[2024-06-18T13:09:47.739+0000] {processor.py:830} INFO - Processing file /home/airflow/.local/lib/python3.12/site-packages/airflow/example_dags/example_xcomargs.py for tasks to queue
[2024-06-18T13:09:47.740+0000] {logging_mixin.py:188} INFO - [2024-06-18T13:09:47.740+0000] {dagbag.py:545} INFO - Filling up the DagBag from /home/airflow/.local/lib/python3.12/site-packages/airflow/example_dags/example_xcomargs.py
[2024-06-18T13:09:47.745+0000] {processor.py:840} INFO - DAG(s) 'example_xcom_args', 'example_xcom_args_with_operators' retrieved from /home/airflow/.local/lib/python3.12/site-packages/airflow/example_dags/example_xcomargs.py
[2024-06-18T13:09:47.759+0000] {logging_mixin.py:188} INFO - [2024-06-18T13:09:47.758+0000] {dag.py:3096} INFO - Sync 2 DAGs
[2024-06-18T13:09:47.767+0000] {logging_mixin.py:188} INFO - [2024-06-18T13:09:47.767+0000] {dag.py:3954} INFO - Setting next_dagrun for example_xcom_args to None, run_after=None
[2024-06-18T13:09:47.770+0000] {logging_mixin.py:188} INFO - [2024-06-18T13:09:47.769+0000] {dag.py:3954} INFO - Setting next_dagrun for example_xcom_args_with_operators to None, run_after=None
[2024-06-18T13:09:47.778+0000] {processor.py:183} INFO - Processing /home/airflow/.local/lib/python3.12/site-packages/airflow/example_dags/example_xcomargs.py took 0.043 seconds
[2024-06-18T13:10:17.886+0000] {processor.py:161} INFO - Started process (PID=764) to work on /home/airflow/.local/lib/python3.12/site-packages/airflow/example_dags/example_xcomargs.py
[2024-06-18T13:10:17.887+0000] {processor.py:830} INFO - Processing file /home/airflow/.local/lib/python3.12/site-packages/airflow/example_dags/example_xcomargs.py for tasks to queue
[2024-06-18T13:10:17.888+0000] {logging_mixin.py:188} INFO - [2024-06-18T13:10:17.887+0000] {dagbag.py:545} INFO - Filling up the DagBag from /home/airflow/.local/lib/python3.12/site-packages/airflow/example_dags/example_xcomargs.py
[2024-06-18T13:10:17.893+0000] {processor.py:840} INFO - DAG(s) 'example_xcom_args_with_operators', 'example_xcom_args' retrieved from /home/airflow/.local/lib/python3.12/site-packages/airflow/example_dags/example_xcomargs.py
[2024-06-18T13:10:17.905+0000] {logging_mixin.py:188} INFO - [2024-06-18T13:10:17.905+0000] {dag.py:3096} INFO - Sync 2 DAGs
[2024-06-18T13:10:17.914+0000] {logging_mixin.py:188} INFO - [2024-06-18T13:10:17.914+0000] {dag.py:3954} INFO - Setting next_dagrun for example_xcom_args to None, run_after=None
[2024-06-18T13:10:17.916+0000] {logging_mixin.py:188} INFO - [2024-06-18T13:10:17.916+0000] {dag.py:3954} INFO - Setting next_dagrun for example_xcom_args_with_operators to None, run_after=None
[2024-06-18T13:10:17.924+0000] {processor.py:183} INFO - Processing /home/airflow/.local/lib/python3.12/site-packages/airflow/example_dags/example_xcomargs.py took 0.041 seconds
[2024-06-18T13:10:48.137+0000] {processor.py:161} INFO - Started process (PID=822) to work on /home/airflow/.local/lib/python3.12/site-packages/airflow/example_dags/example_xcomargs.py
[2024-06-18T13:10:48.138+0000] {processor.py:830} INFO - Processing file /home/airflow/.local/lib/python3.12/site-packages/airflow/example_dags/example_xcomargs.py for tasks to queue
[2024-06-18T13:10:48.139+0000] {logging_mixin.py:188} INFO - [2024-06-18T13:10:48.139+0000] {dagbag.py:545} INFO - Filling up the DagBag from /home/airflow/.local/lib/python3.12/site-packages/airflow/example_dags/example_xcomargs.py
[2024-06-18T13:10:48.143+0000] {processor.py:840} INFO - DAG(s) 'example_xcom_args_with_operators', 'example_xcom_args' retrieved from /home/airflow/.local/lib/python3.12/site-packages/airflow/example_dags/example_xcomargs.py
[2024-06-18T13:10:48.155+0000] {logging_mixin.py:188} INFO - [2024-06-18T13:10:48.155+0000] {dag.py:3096} INFO - Sync 2 DAGs
[2024-06-18T13:10:48.162+0000] {logging_mixin.py:188} INFO - [2024-06-18T13:10:48.162+0000] {dag.py:3954} INFO - Setting next_dagrun for example_xcom_args to None, run_after=None
[2024-06-18T13:10:48.164+0000] {logging_mixin.py:188} INFO - [2024-06-18T13:10:48.164+0000] {dag.py:3954} INFO - Setting next_dagrun for example_xcom_args_with_operators to None, run_after=None
[2024-06-18T13:10:48.172+0000] {processor.py:183} INFO - Processing /home/airflow/.local/lib/python3.12/site-packages/airflow/example_dags/example_xcomargs.py took 0.038 seconds
[2024-06-18T13:11:18.341+0000] {processor.py:161} INFO - Started process (PID=880) to work on /home/airflow/.local/lib/python3.12/site-packages/airflow/example_dags/example_xcomargs.py
[2024-06-18T13:11:18.342+0000] {processor.py:830} INFO - Processing file /home/airflow/.local/lib/python3.12/site-packages/airflow/example_dags/example_xcomargs.py for tasks to queue
[2024-06-18T13:11:18.343+0000] {logging_mixin.py:188} INFO - [2024-06-18T13:11:18.343+0000] {dagbag.py:545} INFO - Filling up the DagBag from /home/airflow/.local/lib/python3.12/site-packages/airflow/example_dags/example_xcomargs.py
[2024-06-18T13:11:18.348+0000] {processor.py:840} INFO - DAG(s) 'example_xcom_args', 'example_xcom_args_with_operators' retrieved from /home/airflow/.local/lib/python3.12/site-packages/airflow/example_dags/example_xcomargs.py
[2024-06-18T13:11:18.361+0000] {logging_mixin.py:188} INFO - [2024-06-18T13:11:18.361+0000] {dag.py:3096} INFO - Sync 2 DAGs
[2024-06-18T13:11:18.370+0000] {logging_mixin.py:188} INFO - [2024-06-18T13:11:18.369+0000] {dag.py:3954} INFO - Setting next_dagrun for example_xcom_args to None, run_after=None
[2024-06-18T13:11:18.372+0000] {logging_mixin.py:188} INFO - [2024-06-18T13:11:18.372+0000] {dag.py:3954} INFO - Setting next_dagrun for example_xcom_args_with_operators to None, run_after=None
[2024-06-18T13:11:18.381+0000] {processor.py:183} INFO - Processing /home/airflow/.local/lib/python3.12/site-packages/airflow/example_dags/example_xcomargs.py took 0.044 seconds
