[2024-06-18T13:04:12.210+0000] {processor.py:161} INFO - Started process (PID=45) to work on /home/airflow/.local/lib/python3.12/site-packages/airflow/example_dags/example_nested_branch_dag.py
[2024-06-18T13:04:12.210+0000] {processor.py:830} INFO - Processing file /home/airflow/.local/lib/python3.12/site-packages/airflow/example_dags/example_nested_branch_dag.py for tasks to queue
[2024-06-18T13:04:12.211+0000] {logging_mixin.py:188} INFO - [2024-06-18T13:04:12.211+0000] {dagbag.py:545} INFO - Filling up the DagBag from /home/airflow/.local/lib/python3.12/site-packages/airflow/example_dags/example_nested_branch_dag.py
[2024-06-18T13:04:12.218+0000] {processor.py:840} INFO - DAG(s) 'example_nested_branch_dag' retrieved from /home/airflow/.local/lib/python3.12/site-packages/airflow/example_dags/example_nested_branch_dag.py
[2024-06-18T13:04:12.224+0000] {logging_mixin.py:188} INFO - [2024-06-18T13:04:12.224+0000] {dag.py:3096} INFO - Sync 1 DAGs
[2024-06-18T13:04:12.240+0000] {logging_mixin.py:188} INFO - [2024-06-18T13:04:12.239+0000] {dag.py:3954} INFO - Setting next_dagrun for example_nested_branch_dag to 2024-06-17 00:00:00+00:00, run_after=2024-06-18 00:00:00+00:00
[2024-06-18T13:04:12.251+0000] {processor.py:183} INFO - Processing /home/airflow/.local/lib/python3.12/site-packages/airflow/example_dags/example_nested_branch_dag.py took 0.044 seconds
[2024-06-18T13:04:43.098+0000] {processor.py:161} INFO - Started process (PID=103) to work on /home/airflow/.local/lib/python3.12/site-packages/airflow/example_dags/example_nested_branch_dag.py
[2024-06-18T13:04:43.098+0000] {processor.py:830} INFO - Processing file /home/airflow/.local/lib/python3.12/site-packages/airflow/example_dags/example_nested_branch_dag.py for tasks to queue
[2024-06-18T13:04:43.099+0000] {logging_mixin.py:188} INFO - [2024-06-18T13:04:43.099+0000] {dagbag.py:545} INFO - Filling up the DagBag from /home/airflow/.local/lib/python3.12/site-packages/airflow/example_dags/example_nested_branch_dag.py
[2024-06-18T13:04:43.105+0000] {processor.py:840} INFO - DAG(s) 'example_nested_branch_dag' retrieved from /home/airflow/.local/lib/python3.12/site-packages/airflow/example_dags/example_nested_branch_dag.py
[2024-06-18T13:04:43.163+0000] {logging_mixin.py:188} INFO - [2024-06-18T13:04:43.163+0000] {dag.py:3096} INFO - Sync 1 DAGs
[2024-06-18T13:04:43.174+0000] {logging_mixin.py:188} INFO - [2024-06-18T13:04:43.174+0000] {dag.py:3954} INFO - Setting next_dagrun for example_nested_branch_dag to 2024-06-17 00:00:00+00:00, run_after=2024-06-18 00:00:00+00:00
[2024-06-18T13:04:43.184+0000] {processor.py:183} INFO - Processing /home/airflow/.local/lib/python3.12/site-packages/airflow/example_dags/example_nested_branch_dag.py took 0.090 seconds
[2024-06-18T13:05:13.658+0000] {processor.py:161} INFO - Started process (PID=161) to work on /home/airflow/.local/lib/python3.12/site-packages/airflow/example_dags/example_nested_branch_dag.py
[2024-06-18T13:05:13.659+0000] {processor.py:830} INFO - Processing file /home/airflow/.local/lib/python3.12/site-packages/airflow/example_dags/example_nested_branch_dag.py for tasks to queue
[2024-06-18T13:05:13.660+0000] {logging_mixin.py:188} INFO - [2024-06-18T13:05:13.659+0000] {dagbag.py:545} INFO - Filling up the DagBag from /home/airflow/.local/lib/python3.12/site-packages/airflow/example_dags/example_nested_branch_dag.py
[2024-06-18T13:05:13.665+0000] {processor.py:840} INFO - DAG(s) 'example_nested_branch_dag' retrieved from /home/airflow/.local/lib/python3.12/site-packages/airflow/example_dags/example_nested_branch_dag.py
[2024-06-18T13:05:13.677+0000] {logging_mixin.py:188} INFO - [2024-06-18T13:05:13.676+0000] {dag.py:3096} INFO - Sync 1 DAGs
[2024-06-18T13:05:13.688+0000] {logging_mixin.py:188} INFO - [2024-06-18T13:05:13.688+0000] {dag.py:3954} INFO - Setting next_dagrun for example_nested_branch_dag to 2024-06-17 00:00:00+00:00, run_after=2024-06-18 00:00:00+00:00
[2024-06-18T13:05:13.698+0000] {processor.py:183} INFO - Processing /home/airflow/.local/lib/python3.12/site-packages/airflow/example_dags/example_nested_branch_dag.py took 0.043 seconds
[2024-06-18T13:05:43.859+0000] {processor.py:161} INFO - Started process (PID=220) to work on /home/airflow/.local/lib/python3.12/site-packages/airflow/example_dags/example_nested_branch_dag.py
[2024-06-18T13:05:43.859+0000] {processor.py:830} INFO - Processing file /home/airflow/.local/lib/python3.12/site-packages/airflow/example_dags/example_nested_branch_dag.py for tasks to queue
[2024-06-18T13:05:43.860+0000] {logging_mixin.py:188} INFO - [2024-06-18T13:05:43.860+0000] {dagbag.py:545} INFO - Filling up the DagBag from /home/airflow/.local/lib/python3.12/site-packages/airflow/example_dags/example_nested_branch_dag.py
[2024-06-18T13:05:43.865+0000] {processor.py:840} INFO - DAG(s) 'example_nested_branch_dag' retrieved from /home/airflow/.local/lib/python3.12/site-packages/airflow/example_dags/example_nested_branch_dag.py
[2024-06-18T13:05:43.878+0000] {logging_mixin.py:188} INFO - [2024-06-18T13:05:43.877+0000] {dag.py:3096} INFO - Sync 1 DAGs
[2024-06-18T13:05:43.890+0000] {logging_mixin.py:188} INFO - [2024-06-18T13:05:43.890+0000] {dag.py:3954} INFO - Setting next_dagrun for example_nested_branch_dag to 2024-06-17 00:00:00+00:00, run_after=2024-06-18 00:00:00+00:00
[2024-06-18T13:05:43.900+0000] {processor.py:183} INFO - Processing /home/airflow/.local/lib/python3.12/site-packages/airflow/example_dags/example_nested_branch_dag.py took 0.045 seconds
[2024-06-18T13:06:14.094+0000] {processor.py:161} INFO - Started process (PID=278) to work on /home/airflow/.local/lib/python3.12/site-packages/airflow/example_dags/example_nested_branch_dag.py
[2024-06-18T13:06:14.095+0000] {processor.py:830} INFO - Processing file /home/airflow/.local/lib/python3.12/site-packages/airflow/example_dags/example_nested_branch_dag.py for tasks to queue
[2024-06-18T13:06:14.097+0000] {logging_mixin.py:188} INFO - [2024-06-18T13:06:14.097+0000] {dagbag.py:545} INFO - Filling up the DagBag from /home/airflow/.local/lib/python3.12/site-packages/airflow/example_dags/example_nested_branch_dag.py
[2024-06-18T13:06:14.107+0000] {processor.py:840} INFO - DAG(s) 'example_nested_branch_dag' retrieved from /home/airflow/.local/lib/python3.12/site-packages/airflow/example_dags/example_nested_branch_dag.py
[2024-06-18T13:06:14.119+0000] {logging_mixin.py:188} INFO - [2024-06-18T13:06:14.119+0000] {dag.py:3096} INFO - Sync 1 DAGs
[2024-06-18T13:06:14.132+0000] {logging_mixin.py:188} INFO - [2024-06-18T13:06:14.132+0000] {dag.py:3954} INFO - Setting next_dagrun for example_nested_branch_dag to 2024-06-17 00:00:00+00:00, run_after=2024-06-18 00:00:00+00:00
[2024-06-18T13:06:14.142+0000] {processor.py:183} INFO - Processing /home/airflow/.local/lib/python3.12/site-packages/airflow/example_dags/example_nested_branch_dag.py took 0.051 seconds
[2024-06-18T13:06:44.193+0000] {processor.py:161} INFO - Started process (PID=336) to work on /home/airflow/.local/lib/python3.12/site-packages/airflow/example_dags/example_nested_branch_dag.py
[2024-06-18T13:06:44.194+0000] {processor.py:830} INFO - Processing file /home/airflow/.local/lib/python3.12/site-packages/airflow/example_dags/example_nested_branch_dag.py for tasks to queue
[2024-06-18T13:06:44.195+0000] {logging_mixin.py:188} INFO - [2024-06-18T13:06:44.195+0000] {dagbag.py:545} INFO - Filling up the DagBag from /home/airflow/.local/lib/python3.12/site-packages/airflow/example_dags/example_nested_branch_dag.py
[2024-06-18T13:06:44.201+0000] {processor.py:840} INFO - DAG(s) 'example_nested_branch_dag' retrieved from /home/airflow/.local/lib/python3.12/site-packages/airflow/example_dags/example_nested_branch_dag.py
[2024-06-18T13:06:44.215+0000] {logging_mixin.py:188} INFO - [2024-06-18T13:06:44.215+0000] {dag.py:3096} INFO - Sync 1 DAGs
[2024-06-18T13:06:44.230+0000] {logging_mixin.py:188} INFO - [2024-06-18T13:06:44.230+0000] {dag.py:3954} INFO - Setting next_dagrun for example_nested_branch_dag to 2024-06-17 00:00:00+00:00, run_after=2024-06-18 00:00:00+00:00
[2024-06-18T13:06:44.240+0000] {processor.py:183} INFO - Processing /home/airflow/.local/lib/python3.12/site-packages/airflow/example_dags/example_nested_branch_dag.py took 0.052 seconds
[2024-06-18T13:07:14.383+0000] {processor.py:161} INFO - Started process (PID=394) to work on /home/airflow/.local/lib/python3.12/site-packages/airflow/example_dags/example_nested_branch_dag.py
[2024-06-18T13:07:14.383+0000] {processor.py:830} INFO - Processing file /home/airflow/.local/lib/python3.12/site-packages/airflow/example_dags/example_nested_branch_dag.py for tasks to queue
[2024-06-18T13:07:14.384+0000] {logging_mixin.py:188} INFO - [2024-06-18T13:07:14.384+0000] {dagbag.py:545} INFO - Filling up the DagBag from /home/airflow/.local/lib/python3.12/site-packages/airflow/example_dags/example_nested_branch_dag.py
[2024-06-18T13:07:14.392+0000] {processor.py:840} INFO - DAG(s) 'example_nested_branch_dag' retrieved from /home/airflow/.local/lib/python3.12/site-packages/airflow/example_dags/example_nested_branch_dag.py
[2024-06-18T13:07:14.406+0000] {logging_mixin.py:188} INFO - [2024-06-18T13:07:14.406+0000] {dag.py:3096} INFO - Sync 1 DAGs
[2024-06-18T13:07:14.423+0000] {logging_mixin.py:188} INFO - [2024-06-18T13:07:14.423+0000] {dag.py:3954} INFO - Setting next_dagrun for example_nested_branch_dag to 2024-06-17 00:00:00+00:00, run_after=2024-06-18 00:00:00+00:00
[2024-06-18T13:07:14.434+0000] {processor.py:183} INFO - Processing /home/airflow/.local/lib/python3.12/site-packages/airflow/example_dags/example_nested_branch_dag.py took 0.054 seconds
[2024-06-18T13:07:44.757+0000] {processor.py:161} INFO - Started process (PID=452) to work on /home/airflow/.local/lib/python3.12/site-packages/airflow/example_dags/example_nested_branch_dag.py
[2024-06-18T13:07:44.758+0000] {processor.py:830} INFO - Processing file /home/airflow/.local/lib/python3.12/site-packages/airflow/example_dags/example_nested_branch_dag.py for tasks to queue
[2024-06-18T13:07:44.759+0000] {logging_mixin.py:188} INFO - [2024-06-18T13:07:44.759+0000] {dagbag.py:545} INFO - Filling up the DagBag from /home/airflow/.local/lib/python3.12/site-packages/airflow/example_dags/example_nested_branch_dag.py
[2024-06-18T13:07:44.767+0000] {processor.py:840} INFO - DAG(s) 'example_nested_branch_dag' retrieved from /home/airflow/.local/lib/python3.12/site-packages/airflow/example_dags/example_nested_branch_dag.py
[2024-06-18T13:07:44.780+0000] {logging_mixin.py:188} INFO - [2024-06-18T13:07:44.780+0000] {dag.py:3096} INFO - Sync 1 DAGs
[2024-06-18T13:07:44.796+0000] {logging_mixin.py:188} INFO - [2024-06-18T13:07:44.795+0000] {dag.py:3954} INFO - Setting next_dagrun for example_nested_branch_dag to 2024-06-17 00:00:00+00:00, run_after=2024-06-18 00:00:00+00:00
[2024-06-18T13:07:44.810+0000] {processor.py:183} INFO - Processing /home/airflow/.local/lib/python3.12/site-packages/airflow/example_dags/example_nested_branch_dag.py took 0.056 seconds
[2024-06-18T13:08:14.905+0000] {processor.py:161} INFO - Started process (PID=510) to work on /home/airflow/.local/lib/python3.12/site-packages/airflow/example_dags/example_nested_branch_dag.py
[2024-06-18T13:08:14.906+0000] {processor.py:830} INFO - Processing file /home/airflow/.local/lib/python3.12/site-packages/airflow/example_dags/example_nested_branch_dag.py for tasks to queue
[2024-06-18T13:08:14.907+0000] {logging_mixin.py:188} INFO - [2024-06-18T13:08:14.907+0000] {dagbag.py:545} INFO - Filling up the DagBag from /home/airflow/.local/lib/python3.12/site-packages/airflow/example_dags/example_nested_branch_dag.py
[2024-06-18T13:08:14.916+0000] {processor.py:840} INFO - DAG(s) 'example_nested_branch_dag' retrieved from /home/airflow/.local/lib/python3.12/site-packages/airflow/example_dags/example_nested_branch_dag.py
[2024-06-18T13:08:14.931+0000] {logging_mixin.py:188} INFO - [2024-06-18T13:08:14.930+0000] {dag.py:3096} INFO - Sync 1 DAGs
[2024-06-18T13:08:14.946+0000] {logging_mixin.py:188} INFO - [2024-06-18T13:08:14.946+0000] {dag.py:3954} INFO - Setting next_dagrun for example_nested_branch_dag to 2024-06-17 00:00:00+00:00, run_after=2024-06-18 00:00:00+00:00
[2024-06-18T13:08:14.958+0000] {processor.py:183} INFO - Processing /home/airflow/.local/lib/python3.12/site-packages/airflow/example_dags/example_nested_branch_dag.py took 0.056 seconds
[2024-06-18T13:08:44.994+0000] {processor.py:161} INFO - Started process (PID=567) to work on /home/airflow/.local/lib/python3.12/site-packages/airflow/example_dags/example_nested_branch_dag.py
[2024-06-18T13:08:44.995+0000] {processor.py:830} INFO - Processing file /home/airflow/.local/lib/python3.12/site-packages/airflow/example_dags/example_nested_branch_dag.py for tasks to queue
[2024-06-18T13:08:44.996+0000] {logging_mixin.py:188} INFO - [2024-06-18T13:08:44.996+0000] {dagbag.py:545} INFO - Filling up the DagBag from /home/airflow/.local/lib/python3.12/site-packages/airflow/example_dags/example_nested_branch_dag.py
[2024-06-18T13:08:45.001+0000] {processor.py:840} INFO - DAG(s) 'example_nested_branch_dag' retrieved from /home/airflow/.local/lib/python3.12/site-packages/airflow/example_dags/example_nested_branch_dag.py
[2024-06-18T13:08:45.012+0000] {logging_mixin.py:188} INFO - [2024-06-18T13:08:45.012+0000] {dag.py:3096} INFO - Sync 1 DAGs
[2024-06-18T13:08:45.023+0000] {logging_mixin.py:188} INFO - [2024-06-18T13:08:45.023+0000] {dag.py:3954} INFO - Setting next_dagrun for example_nested_branch_dag to 2024-06-17 00:00:00+00:00, run_after=2024-06-18 00:00:00+00:00
[2024-06-18T13:08:45.032+0000] {processor.py:183} INFO - Processing /home/airflow/.local/lib/python3.12/site-packages/airflow/example_dags/example_nested_branch_dag.py took 0.041 seconds
[2024-06-18T13:09:15.075+0000] {processor.py:161} INFO - Started process (PID=625) to work on /home/airflow/.local/lib/python3.12/site-packages/airflow/example_dags/example_nested_branch_dag.py
[2024-06-18T13:09:15.076+0000] {processor.py:830} INFO - Processing file /home/airflow/.local/lib/python3.12/site-packages/airflow/example_dags/example_nested_branch_dag.py for tasks to queue
[2024-06-18T13:09:15.077+0000] {logging_mixin.py:188} INFO - [2024-06-18T13:09:15.077+0000] {dagbag.py:545} INFO - Filling up the DagBag from /home/airflow/.local/lib/python3.12/site-packages/airflow/example_dags/example_nested_branch_dag.py
[2024-06-18T13:09:15.083+0000] {processor.py:840} INFO - DAG(s) 'example_nested_branch_dag' retrieved from /home/airflow/.local/lib/python3.12/site-packages/airflow/example_dags/example_nested_branch_dag.py
[2024-06-18T13:09:15.095+0000] {logging_mixin.py:188} INFO - [2024-06-18T13:09:15.095+0000] {dag.py:3096} INFO - Sync 1 DAGs
[2024-06-18T13:09:15.108+0000] {logging_mixin.py:188} INFO - [2024-06-18T13:09:15.107+0000] {dag.py:3954} INFO - Setting next_dagrun for example_nested_branch_dag to 2024-06-17 00:00:00+00:00, run_after=2024-06-18 00:00:00+00:00
[2024-06-18T13:09:15.117+0000] {processor.py:183} INFO - Processing /home/airflow/.local/lib/python3.12/site-packages/airflow/example_dags/example_nested_branch_dag.py took 0.045 seconds
[2024-06-18T13:09:45.892+0000] {processor.py:161} INFO - Started process (PID=683) to work on /home/airflow/.local/lib/python3.12/site-packages/airflow/example_dags/example_nested_branch_dag.py
[2024-06-18T13:09:45.893+0000] {processor.py:830} INFO - Processing file /home/airflow/.local/lib/python3.12/site-packages/airflow/example_dags/example_nested_branch_dag.py for tasks to queue
[2024-06-18T13:09:45.895+0000] {logging_mixin.py:188} INFO - [2024-06-18T13:09:45.894+0000] {dagbag.py:545} INFO - Filling up the DagBag from /home/airflow/.local/lib/python3.12/site-packages/airflow/example_dags/example_nested_branch_dag.py
[2024-06-18T13:09:45.901+0000] {processor.py:840} INFO - DAG(s) 'example_nested_branch_dag' retrieved from /home/airflow/.local/lib/python3.12/site-packages/airflow/example_dags/example_nested_branch_dag.py
[2024-06-18T13:09:45.914+0000] {logging_mixin.py:188} INFO - [2024-06-18T13:09:45.913+0000] {dag.py:3096} INFO - Sync 1 DAGs
[2024-06-18T13:09:45.926+0000] {logging_mixin.py:188} INFO - [2024-06-18T13:09:45.926+0000] {dag.py:3954} INFO - Setting next_dagrun for example_nested_branch_dag to 2024-06-17 00:00:00+00:00, run_after=2024-06-18 00:00:00+00:00
[2024-06-18T13:09:45.936+0000] {processor.py:183} INFO - Processing /home/airflow/.local/lib/python3.12/site-packages/airflow/example_dags/example_nested_branch_dag.py took 0.047 seconds
[2024-06-18T13:10:16.077+0000] {processor.py:161} INFO - Started process (PID=740) to work on /home/airflow/.local/lib/python3.12/site-packages/airflow/example_dags/example_nested_branch_dag.py
[2024-06-18T13:10:16.078+0000] {processor.py:830} INFO - Processing file /home/airflow/.local/lib/python3.12/site-packages/airflow/example_dags/example_nested_branch_dag.py for tasks to queue
[2024-06-18T13:10:16.079+0000] {logging_mixin.py:188} INFO - [2024-06-18T13:10:16.079+0000] {dagbag.py:545} INFO - Filling up the DagBag from /home/airflow/.local/lib/python3.12/site-packages/airflow/example_dags/example_nested_branch_dag.py
[2024-06-18T13:10:16.085+0000] {processor.py:840} INFO - DAG(s) 'example_nested_branch_dag' retrieved from /home/airflow/.local/lib/python3.12/site-packages/airflow/example_dags/example_nested_branch_dag.py
[2024-06-18T13:10:16.097+0000] {logging_mixin.py:188} INFO - [2024-06-18T13:10:16.097+0000] {dag.py:3096} INFO - Sync 1 DAGs
[2024-06-18T13:10:16.110+0000] {logging_mixin.py:188} INFO - [2024-06-18T13:10:16.110+0000] {dag.py:3954} INFO - Setting next_dagrun for example_nested_branch_dag to 2024-06-17 00:00:00+00:00, run_after=2024-06-18 00:00:00+00:00
[2024-06-18T13:10:16.120+0000] {processor.py:183} INFO - Processing /home/airflow/.local/lib/python3.12/site-packages/airflow/example_dags/example_nested_branch_dag.py took 0.048 seconds
[2024-06-18T13:10:46.239+0000] {processor.py:161} INFO - Started process (PID=798) to work on /home/airflow/.local/lib/python3.12/site-packages/airflow/example_dags/example_nested_branch_dag.py
[2024-06-18T13:10:46.239+0000] {processor.py:830} INFO - Processing file /home/airflow/.local/lib/python3.12/site-packages/airflow/example_dags/example_nested_branch_dag.py for tasks to queue
[2024-06-18T13:10:46.240+0000] {logging_mixin.py:188} INFO - [2024-06-18T13:10:46.240+0000] {dagbag.py:545} INFO - Filling up the DagBag from /home/airflow/.local/lib/python3.12/site-packages/airflow/example_dags/example_nested_branch_dag.py
[2024-06-18T13:10:46.246+0000] {processor.py:840} INFO - DAG(s) 'example_nested_branch_dag' retrieved from /home/airflow/.local/lib/python3.12/site-packages/airflow/example_dags/example_nested_branch_dag.py
[2024-06-18T13:10:46.257+0000] {logging_mixin.py:188} INFO - [2024-06-18T13:10:46.257+0000] {dag.py:3096} INFO - Sync 1 DAGs
[2024-06-18T13:10:46.269+0000] {logging_mixin.py:188} INFO - [2024-06-18T13:10:46.269+0000] {dag.py:3954} INFO - Setting next_dagrun for example_nested_branch_dag to 2024-06-17 00:00:00+00:00, run_after=2024-06-18 00:00:00+00:00
[2024-06-18T13:10:46.278+0000] {processor.py:183} INFO - Processing /home/airflow/.local/lib/python3.12/site-packages/airflow/example_dags/example_nested_branch_dag.py took 0.043 seconds
[2024-06-18T13:11:16.369+0000] {processor.py:161} INFO - Started process (PID=856) to work on /home/airflow/.local/lib/python3.12/site-packages/airflow/example_dags/example_nested_branch_dag.py
[2024-06-18T13:11:16.370+0000] {processor.py:830} INFO - Processing file /home/airflow/.local/lib/python3.12/site-packages/airflow/example_dags/example_nested_branch_dag.py for tasks to queue
[2024-06-18T13:11:16.371+0000] {logging_mixin.py:188} INFO - [2024-06-18T13:11:16.370+0000] {dagbag.py:545} INFO - Filling up the DagBag from /home/airflow/.local/lib/python3.12/site-packages/airflow/example_dags/example_nested_branch_dag.py
[2024-06-18T13:11:16.376+0000] {processor.py:840} INFO - DAG(s) 'example_nested_branch_dag' retrieved from /home/airflow/.local/lib/python3.12/site-packages/airflow/example_dags/example_nested_branch_dag.py
[2024-06-18T13:11:16.389+0000] {logging_mixin.py:188} INFO - [2024-06-18T13:11:16.389+0000] {dag.py:3096} INFO - Sync 1 DAGs
[2024-06-18T13:11:16.402+0000] {logging_mixin.py:188} INFO - [2024-06-18T13:11:16.402+0000] {dag.py:3954} INFO - Setting next_dagrun for example_nested_branch_dag to 2024-06-17 00:00:00+00:00, run_after=2024-06-18 00:00:00+00:00
[2024-06-18T13:11:16.411+0000] {processor.py:183} INFO - Processing /home/airflow/.local/lib/python3.12/site-packages/airflow/example_dags/example_nested_branch_dag.py took 0.046 seconds
