[2024-06-18T13:04:12.492+0000] {processor.py:161} INFO - Started process (PID=51) to work on /home/airflow/.local/lib/python3.12/site-packages/airflow/example_dags/example_short_circuit_operator.py
[2024-06-18T13:04:12.493+0000] {processor.py:830} INFO - Processing file /home/airflow/.local/lib/python3.12/site-packages/airflow/example_dags/example_short_circuit_operator.py for tasks to queue
[2024-06-18T13:04:12.494+0000] {logging_mixin.py:188} INFO - [2024-06-18T13:04:12.494+0000] {dagbag.py:545} INFO - Filling up the DagBag from /home/airflow/.local/lib/python3.12/site-packages/airflow/example_dags/example_short_circuit_operator.py
[2024-06-18T13:04:12.500+0000] {processor.py:840} INFO - DAG(s) 'example_short_circuit_operator' retrieved from /home/airflow/.local/lib/python3.12/site-packages/airflow/example_dags/example_short_circuit_operator.py
[2024-06-18T13:04:12.507+0000] {logging_mixin.py:188} INFO - [2024-06-18T13:04:12.507+0000] {dag.py:3096} INFO - Sync 1 DAGs
[2024-06-18T13:04:12.522+0000] {logging_mixin.py:188} INFO - [2024-06-18T13:04:12.522+0000] {dag.py:3954} INFO - Setting next_dagrun for example_short_circuit_operator to 2024-06-17 00:00:00+00:00, run_after=2024-06-18 00:00:00+00:00
[2024-06-18T13:04:12.532+0000] {processor.py:183} INFO - Processing /home/airflow/.local/lib/python3.12/site-packages/airflow/example_dags/example_short_circuit_operator.py took 0.043 seconds
[2024-06-18T13:04:43.382+0000] {processor.py:161} INFO - Started process (PID=109) to work on /home/airflow/.local/lib/python3.12/site-packages/airflow/example_dags/example_short_circuit_operator.py
[2024-06-18T13:04:43.383+0000] {processor.py:830} INFO - Processing file /home/airflow/.local/lib/python3.12/site-packages/airflow/example_dags/example_short_circuit_operator.py for tasks to queue
[2024-06-18T13:04:43.384+0000] {logging_mixin.py:188} INFO - [2024-06-18T13:04:43.384+0000] {dagbag.py:545} INFO - Filling up the DagBag from /home/airflow/.local/lib/python3.12/site-packages/airflow/example_dags/example_short_circuit_operator.py
[2024-06-18T13:04:43.388+0000] {processor.py:840} INFO - DAG(s) 'example_short_circuit_operator' retrieved from /home/airflow/.local/lib/python3.12/site-packages/airflow/example_dags/example_short_circuit_operator.py
[2024-06-18T13:04:43.443+0000] {logging_mixin.py:188} INFO - [2024-06-18T13:04:43.443+0000] {dag.py:3096} INFO - Sync 1 DAGs
[2024-06-18T13:04:43.454+0000] {logging_mixin.py:188} INFO - [2024-06-18T13:04:43.454+0000] {dag.py:3954} INFO - Setting next_dagrun for example_short_circuit_operator to 2024-06-17 00:00:00+00:00, run_after=2024-06-18 00:00:00+00:00
[2024-06-18T13:04:43.465+0000] {processor.py:183} INFO - Processing /home/airflow/.local/lib/python3.12/site-packages/airflow/example_dags/example_short_circuit_operator.py took 0.085 seconds
[2024-06-18T13:05:13.848+0000] {processor.py:161} INFO - Started process (PID=167) to work on /home/airflow/.local/lib/python3.12/site-packages/airflow/example_dags/example_short_circuit_operator.py
[2024-06-18T13:05:13.849+0000] {processor.py:830} INFO - Processing file /home/airflow/.local/lib/python3.12/site-packages/airflow/example_dags/example_short_circuit_operator.py for tasks to queue
[2024-06-18T13:05:13.850+0000] {logging_mixin.py:188} INFO - [2024-06-18T13:05:13.850+0000] {dagbag.py:545} INFO - Filling up the DagBag from /home/airflow/.local/lib/python3.12/site-packages/airflow/example_dags/example_short_circuit_operator.py
[2024-06-18T13:05:13.854+0000] {processor.py:840} INFO - DAG(s) 'example_short_circuit_operator' retrieved from /home/airflow/.local/lib/python3.12/site-packages/airflow/example_dags/example_short_circuit_operator.py
[2024-06-18T13:05:13.867+0000] {logging_mixin.py:188} INFO - [2024-06-18T13:05:13.867+0000] {dag.py:3096} INFO - Sync 1 DAGs
[2024-06-18T13:05:13.879+0000] {logging_mixin.py:188} INFO - [2024-06-18T13:05:13.878+0000] {dag.py:3954} INFO - Setting next_dagrun for example_short_circuit_operator to 2024-06-17 00:00:00+00:00, run_after=2024-06-18 00:00:00+00:00
[2024-06-18T13:05:13.888+0000] {processor.py:183} INFO - Processing /home/airflow/.local/lib/python3.12/site-packages/airflow/example_dags/example_short_circuit_operator.py took 0.043 seconds
[2024-06-18T13:05:44.074+0000] {processor.py:161} INFO - Started process (PID=226) to work on /home/airflow/.local/lib/python3.12/site-packages/airflow/example_dags/example_short_circuit_operator.py
[2024-06-18T13:05:44.075+0000] {processor.py:830} INFO - Processing file /home/airflow/.local/lib/python3.12/site-packages/airflow/example_dags/example_short_circuit_operator.py for tasks to queue
[2024-06-18T13:05:44.076+0000] {logging_mixin.py:188} INFO - [2024-06-18T13:05:44.076+0000] {dagbag.py:545} INFO - Filling up the DagBag from /home/airflow/.local/lib/python3.12/site-packages/airflow/example_dags/example_short_circuit_operator.py
[2024-06-18T13:05:44.080+0000] {processor.py:840} INFO - DAG(s) 'example_short_circuit_operator' retrieved from /home/airflow/.local/lib/python3.12/site-packages/airflow/example_dags/example_short_circuit_operator.py
[2024-06-18T13:05:44.093+0000] {logging_mixin.py:188} INFO - [2024-06-18T13:05:44.093+0000] {dag.py:3096} INFO - Sync 1 DAGs
[2024-06-18T13:05:44.106+0000] {logging_mixin.py:188} INFO - [2024-06-18T13:05:44.105+0000] {dag.py:3954} INFO - Setting next_dagrun for example_short_circuit_operator to 2024-06-17 00:00:00+00:00, run_after=2024-06-18 00:00:00+00:00
[2024-06-18T13:05:44.116+0000] {processor.py:183} INFO - Processing /home/airflow/.local/lib/python3.12/site-packages/airflow/example_dags/example_short_circuit_operator.py took 0.045 seconds
[2024-06-18T13:06:14.298+0000] {processor.py:161} INFO - Started process (PID=284) to work on /home/airflow/.local/lib/python3.12/site-packages/airflow/example_dags/example_short_circuit_operator.py
[2024-06-18T13:06:14.299+0000] {processor.py:830} INFO - Processing file /home/airflow/.local/lib/python3.12/site-packages/airflow/example_dags/example_short_circuit_operator.py for tasks to queue
[2024-06-18T13:06:14.300+0000] {logging_mixin.py:188} INFO - [2024-06-18T13:06:14.300+0000] {dagbag.py:545} INFO - Filling up the DagBag from /home/airflow/.local/lib/python3.12/site-packages/airflow/example_dags/example_short_circuit_operator.py
[2024-06-18T13:06:14.304+0000] {processor.py:840} INFO - DAG(s) 'example_short_circuit_operator' retrieved from /home/airflow/.local/lib/python3.12/site-packages/airflow/example_dags/example_short_circuit_operator.py
[2024-06-18T13:06:14.316+0000] {logging_mixin.py:188} INFO - [2024-06-18T13:06:14.316+0000] {dag.py:3096} INFO - Sync 1 DAGs
[2024-06-18T13:06:14.328+0000] {logging_mixin.py:188} INFO - [2024-06-18T13:06:14.328+0000] {dag.py:3954} INFO - Setting next_dagrun for example_short_circuit_operator to 2024-06-17 00:00:00+00:00, run_after=2024-06-18 00:00:00+00:00
[2024-06-18T13:06:14.338+0000] {processor.py:183} INFO - Processing /home/airflow/.local/lib/python3.12/site-packages/airflow/example_dags/example_short_circuit_operator.py took 0.042 seconds
[2024-06-18T13:06:44.397+0000] {processor.py:161} INFO - Started process (PID=342) to work on /home/airflow/.local/lib/python3.12/site-packages/airflow/example_dags/example_short_circuit_operator.py
[2024-06-18T13:06:44.398+0000] {processor.py:830} INFO - Processing file /home/airflow/.local/lib/python3.12/site-packages/airflow/example_dags/example_short_circuit_operator.py for tasks to queue
[2024-06-18T13:06:44.399+0000] {logging_mixin.py:188} INFO - [2024-06-18T13:06:44.399+0000] {dagbag.py:545} INFO - Filling up the DagBag from /home/airflow/.local/lib/python3.12/site-packages/airflow/example_dags/example_short_circuit_operator.py
[2024-06-18T13:06:44.403+0000] {processor.py:840} INFO - DAG(s) 'example_short_circuit_operator' retrieved from /home/airflow/.local/lib/python3.12/site-packages/airflow/example_dags/example_short_circuit_operator.py
[2024-06-18T13:06:44.418+0000] {logging_mixin.py:188} INFO - [2024-06-18T13:06:44.418+0000] {dag.py:3096} INFO - Sync 1 DAGs
[2024-06-18T13:06:44.432+0000] {logging_mixin.py:188} INFO - [2024-06-18T13:06:44.432+0000] {dag.py:3954} INFO - Setting next_dagrun for example_short_circuit_operator to 2024-06-17 00:00:00+00:00, run_after=2024-06-18 00:00:00+00:00
[2024-06-18T13:06:44.442+0000] {processor.py:183} INFO - Processing /home/airflow/.local/lib/python3.12/site-packages/airflow/example_dags/example_short_circuit_operator.py took 0.049 seconds
[2024-06-18T13:07:14.631+0000] {processor.py:161} INFO - Started process (PID=400) to work on /home/airflow/.local/lib/python3.12/site-packages/airflow/example_dags/example_short_circuit_operator.py
[2024-06-18T13:07:14.632+0000] {processor.py:830} INFO - Processing file /home/airflow/.local/lib/python3.12/site-packages/airflow/example_dags/example_short_circuit_operator.py for tasks to queue
[2024-06-18T13:07:14.633+0000] {logging_mixin.py:188} INFO - [2024-06-18T13:07:14.632+0000] {dagbag.py:545} INFO - Filling up the DagBag from /home/airflow/.local/lib/python3.12/site-packages/airflow/example_dags/example_short_circuit_operator.py
[2024-06-18T13:07:14.637+0000] {processor.py:840} INFO - DAG(s) 'example_short_circuit_operator' retrieved from /home/airflow/.local/lib/python3.12/site-packages/airflow/example_dags/example_short_circuit_operator.py
[2024-06-18T13:07:14.651+0000] {logging_mixin.py:188} INFO - [2024-06-18T13:07:14.651+0000] {dag.py:3096} INFO - Sync 1 DAGs
[2024-06-18T13:07:14.667+0000] {logging_mixin.py:188} INFO - [2024-06-18T13:07:14.666+0000] {dag.py:3954} INFO - Setting next_dagrun for example_short_circuit_operator to 2024-06-17 00:00:00+00:00, run_after=2024-06-18 00:00:00+00:00
[2024-06-18T13:07:14.680+0000] {processor.py:183} INFO - Processing /home/airflow/.local/lib/python3.12/site-packages/airflow/example_dags/example_short_circuit_operator.py took 0.052 seconds
[2024-06-18T13:07:45.015+0000] {processor.py:161} INFO - Started process (PID=458) to work on /home/airflow/.local/lib/python3.12/site-packages/airflow/example_dags/example_short_circuit_operator.py
[2024-06-18T13:07:45.016+0000] {processor.py:830} INFO - Processing file /home/airflow/.local/lib/python3.12/site-packages/airflow/example_dags/example_short_circuit_operator.py for tasks to queue
[2024-06-18T13:07:45.019+0000] {logging_mixin.py:188} INFO - [2024-06-18T13:07:45.018+0000] {dagbag.py:545} INFO - Filling up the DagBag from /home/airflow/.local/lib/python3.12/site-packages/airflow/example_dags/example_short_circuit_operator.py
[2024-06-18T13:07:45.026+0000] {processor.py:840} INFO - DAG(s) 'example_short_circuit_operator' retrieved from /home/airflow/.local/lib/python3.12/site-packages/airflow/example_dags/example_short_circuit_operator.py
[2024-06-18T13:07:45.041+0000] {logging_mixin.py:188} INFO - [2024-06-18T13:07:45.041+0000] {dag.py:3096} INFO - Sync 1 DAGs
[2024-06-18T13:07:45.057+0000] {logging_mixin.py:188} INFO - [2024-06-18T13:07:45.057+0000] {dag.py:3954} INFO - Setting next_dagrun for example_short_circuit_operator to 2024-06-17 00:00:00+00:00, run_after=2024-06-18 00:00:00+00:00
[2024-06-18T13:07:45.074+0000] {processor.py:183} INFO - Processing /home/airflow/.local/lib/python3.12/site-packages/airflow/example_dags/example_short_circuit_operator.py took 0.063 seconds
[2024-06-18T13:08:15.139+0000] {processor.py:161} INFO - Started process (PID=516) to work on /home/airflow/.local/lib/python3.12/site-packages/airflow/example_dags/example_short_circuit_operator.py
[2024-06-18T13:08:15.140+0000] {processor.py:830} INFO - Processing file /home/airflow/.local/lib/python3.12/site-packages/airflow/example_dags/example_short_circuit_operator.py for tasks to queue
[2024-06-18T13:08:15.141+0000] {logging_mixin.py:188} INFO - [2024-06-18T13:08:15.141+0000] {dagbag.py:545} INFO - Filling up the DagBag from /home/airflow/.local/lib/python3.12/site-packages/airflow/example_dags/example_short_circuit_operator.py
[2024-06-18T13:08:15.146+0000] {processor.py:840} INFO - DAG(s) 'example_short_circuit_operator' retrieved from /home/airflow/.local/lib/python3.12/site-packages/airflow/example_dags/example_short_circuit_operator.py
[2024-06-18T13:08:15.162+0000] {logging_mixin.py:188} INFO - [2024-06-18T13:08:15.162+0000] {dag.py:3096} INFO - Sync 1 DAGs
[2024-06-18T13:08:15.177+0000] {logging_mixin.py:188} INFO - [2024-06-18T13:08:15.177+0000] {dag.py:3954} INFO - Setting next_dagrun for example_short_circuit_operator to 2024-06-17 00:00:00+00:00, run_after=2024-06-18 00:00:00+00:00
[2024-06-18T13:08:15.193+0000] {processor.py:183} INFO - Processing /home/airflow/.local/lib/python3.12/site-packages/airflow/example_dags/example_short_circuit_operator.py took 0.058 seconds
[2024-06-18T13:08:45.342+0000] {processor.py:161} INFO - Started process (PID=574) to work on /home/airflow/.local/lib/python3.12/site-packages/airflow/example_dags/example_short_circuit_operator.py
[2024-06-18T13:08:45.343+0000] {processor.py:830} INFO - Processing file /home/airflow/.local/lib/python3.12/site-packages/airflow/example_dags/example_short_circuit_operator.py for tasks to queue
[2024-06-18T13:08:45.344+0000] {logging_mixin.py:188} INFO - [2024-06-18T13:08:45.344+0000] {dagbag.py:545} INFO - Filling up the DagBag from /home/airflow/.local/lib/python3.12/site-packages/airflow/example_dags/example_short_circuit_operator.py
[2024-06-18T13:08:45.348+0000] {processor.py:840} INFO - DAG(s) 'example_short_circuit_operator' retrieved from /home/airflow/.local/lib/python3.12/site-packages/airflow/example_dags/example_short_circuit_operator.py
[2024-06-18T13:08:45.360+0000] {logging_mixin.py:188} INFO - [2024-06-18T13:08:45.360+0000] {dag.py:3096} INFO - Sync 1 DAGs
[2024-06-18T13:08:45.372+0000] {logging_mixin.py:188} INFO - [2024-06-18T13:08:45.372+0000] {dag.py:3954} INFO - Setting next_dagrun for example_short_circuit_operator to 2024-06-17 00:00:00+00:00, run_after=2024-06-18 00:00:00+00:00
[2024-06-18T13:08:45.381+0000] {processor.py:183} INFO - Processing /home/airflow/.local/lib/python3.12/site-packages/airflow/example_dags/example_short_circuit_operator.py took 0.042 seconds
[2024-06-18T13:09:16.324+0000] {processor.py:161} INFO - Started process (PID=632) to work on /home/airflow/.local/lib/python3.12/site-packages/airflow/example_dags/example_short_circuit_operator.py
[2024-06-18T13:09:16.326+0000] {processor.py:830} INFO - Processing file /home/airflow/.local/lib/python3.12/site-packages/airflow/example_dags/example_short_circuit_operator.py for tasks to queue
[2024-06-18T13:09:16.327+0000] {logging_mixin.py:188} INFO - [2024-06-18T13:09:16.327+0000] {dagbag.py:545} INFO - Filling up the DagBag from /home/airflow/.local/lib/python3.12/site-packages/airflow/example_dags/example_short_circuit_operator.py
[2024-06-18T13:09:16.331+0000] {processor.py:840} INFO - DAG(s) 'example_short_circuit_operator' retrieved from /home/airflow/.local/lib/python3.12/site-packages/airflow/example_dags/example_short_circuit_operator.py
[2024-06-18T13:09:16.345+0000] {logging_mixin.py:188} INFO - [2024-06-18T13:09:16.344+0000] {dag.py:3096} INFO - Sync 1 DAGs
[2024-06-18T13:09:16.357+0000] {logging_mixin.py:188} INFO - [2024-06-18T13:09:16.357+0000] {dag.py:3954} INFO - Setting next_dagrun for example_short_circuit_operator to 2024-06-17 00:00:00+00:00, run_after=2024-06-18 00:00:00+00:00
[2024-06-18T13:09:16.368+0000] {processor.py:183} INFO - Processing /home/airflow/.local/lib/python3.12/site-packages/airflow/example_dags/example_short_circuit_operator.py took 0.046 seconds
[2024-06-18T13:09:47.197+0000] {processor.py:161} INFO - Started process (PID=690) to work on /home/airflow/.local/lib/python3.12/site-packages/airflow/example_dags/example_short_circuit_operator.py
[2024-06-18T13:09:47.198+0000] {processor.py:830} INFO - Processing file /home/airflow/.local/lib/python3.12/site-packages/airflow/example_dags/example_short_circuit_operator.py for tasks to queue
[2024-06-18T13:09:47.199+0000] {logging_mixin.py:188} INFO - [2024-06-18T13:09:47.199+0000] {dagbag.py:545} INFO - Filling up the DagBag from /home/airflow/.local/lib/python3.12/site-packages/airflow/example_dags/example_short_circuit_operator.py
[2024-06-18T13:09:47.204+0000] {processor.py:840} INFO - DAG(s) 'example_short_circuit_operator' retrieved from /home/airflow/.local/lib/python3.12/site-packages/airflow/example_dags/example_short_circuit_operator.py
[2024-06-18T13:09:47.218+0000] {logging_mixin.py:188} INFO - [2024-06-18T13:09:47.218+0000] {dag.py:3096} INFO - Sync 1 DAGs
[2024-06-18T13:09:47.232+0000] {logging_mixin.py:188} INFO - [2024-06-18T13:09:47.232+0000] {dag.py:3954} INFO - Setting next_dagrun for example_short_circuit_operator to 2024-06-17 00:00:00+00:00, run_after=2024-06-18 00:00:00+00:00
[2024-06-18T13:09:47.242+0000] {processor.py:183} INFO - Processing /home/airflow/.local/lib/python3.12/site-packages/airflow/example_dags/example_short_circuit_operator.py took 0.049 seconds
[2024-06-18T13:10:17.333+0000] {processor.py:161} INFO - Started process (PID=747) to work on /home/airflow/.local/lib/python3.12/site-packages/airflow/example_dags/example_short_circuit_operator.py
[2024-06-18T13:10:17.334+0000] {processor.py:830} INFO - Processing file /home/airflow/.local/lib/python3.12/site-packages/airflow/example_dags/example_short_circuit_operator.py for tasks to queue
[2024-06-18T13:10:17.335+0000] {logging_mixin.py:188} INFO - [2024-06-18T13:10:17.335+0000] {dagbag.py:545} INFO - Filling up the DagBag from /home/airflow/.local/lib/python3.12/site-packages/airflow/example_dags/example_short_circuit_operator.py
[2024-06-18T13:10:17.339+0000] {processor.py:840} INFO - DAG(s) 'example_short_circuit_operator' retrieved from /home/airflow/.local/lib/python3.12/site-packages/airflow/example_dags/example_short_circuit_operator.py
[2024-06-18T13:10:17.354+0000] {logging_mixin.py:188} INFO - [2024-06-18T13:10:17.354+0000] {dag.py:3096} INFO - Sync 1 DAGs
[2024-06-18T13:10:17.366+0000] {logging_mixin.py:188} INFO - [2024-06-18T13:10:17.366+0000] {dag.py:3954} INFO - Setting next_dagrun for example_short_circuit_operator to 2024-06-17 00:00:00+00:00, run_after=2024-06-18 00:00:00+00:00
[2024-06-18T13:10:17.378+0000] {processor.py:183} INFO - Processing /home/airflow/.local/lib/python3.12/site-packages/airflow/example_dags/example_short_circuit_operator.py took 0.049 seconds
[2024-06-18T13:10:47.473+0000] {processor.py:161} INFO - Started process (PID=805) to work on /home/airflow/.local/lib/python3.12/site-packages/airflow/example_dags/example_short_circuit_operator.py
[2024-06-18T13:10:47.474+0000] {processor.py:830} INFO - Processing file /home/airflow/.local/lib/python3.12/site-packages/airflow/example_dags/example_short_circuit_operator.py for tasks to queue
[2024-06-18T13:10:47.475+0000] {logging_mixin.py:188} INFO - [2024-06-18T13:10:47.474+0000] {dagbag.py:545} INFO - Filling up the DagBag from /home/airflow/.local/lib/python3.12/site-packages/airflow/example_dags/example_short_circuit_operator.py
[2024-06-18T13:10:47.478+0000] {processor.py:840} INFO - DAG(s) 'example_short_circuit_operator' retrieved from /home/airflow/.local/lib/python3.12/site-packages/airflow/example_dags/example_short_circuit_operator.py
[2024-06-18T13:10:47.490+0000] {logging_mixin.py:188} INFO - [2024-06-18T13:10:47.490+0000] {dag.py:3096} INFO - Sync 1 DAGs
[2024-06-18T13:10:47.502+0000] {logging_mixin.py:188} INFO - [2024-06-18T13:10:47.502+0000] {dag.py:3954} INFO - Setting next_dagrun for example_short_circuit_operator to 2024-06-17 00:00:00+00:00, run_after=2024-06-18 00:00:00+00:00
[2024-06-18T13:10:47.511+0000] {processor.py:183} INFO - Processing /home/airflow/.local/lib/python3.12/site-packages/airflow/example_dags/example_short_circuit_operator.py took 0.041 seconds
[2024-06-18T13:11:17.700+0000] {processor.py:161} INFO - Started process (PID=863) to work on /home/airflow/.local/lib/python3.12/site-packages/airflow/example_dags/example_short_circuit_operator.py
[2024-06-18T13:11:17.701+0000] {processor.py:830} INFO - Processing file /home/airflow/.local/lib/python3.12/site-packages/airflow/example_dags/example_short_circuit_operator.py for tasks to queue
[2024-06-18T13:11:17.702+0000] {logging_mixin.py:188} INFO - [2024-06-18T13:11:17.701+0000] {dagbag.py:545} INFO - Filling up the DagBag from /home/airflow/.local/lib/python3.12/site-packages/airflow/example_dags/example_short_circuit_operator.py
[2024-06-18T13:11:17.706+0000] {processor.py:840} INFO - DAG(s) 'example_short_circuit_operator' retrieved from /home/airflow/.local/lib/python3.12/site-packages/airflow/example_dags/example_short_circuit_operator.py
[2024-06-18T13:11:17.718+0000] {logging_mixin.py:188} INFO - [2024-06-18T13:11:17.718+0000] {dag.py:3096} INFO - Sync 1 DAGs
[2024-06-18T13:11:17.730+0000] {logging_mixin.py:188} INFO - [2024-06-18T13:11:17.730+0000] {dag.py:3954} INFO - Setting next_dagrun for example_short_circuit_operator to 2024-06-17 00:00:00+00:00, run_after=2024-06-18 00:00:00+00:00
[2024-06-18T13:11:17.740+0000] {processor.py:183} INFO - Processing /home/airflow/.local/lib/python3.12/site-packages/airflow/example_dags/example_short_circuit_operator.py took 0.044 seconds
