[2024-06-18T13:04:13.256+0000] {processor.py:161} INFO - Started process (PID=75) to work on /home/airflow/.local/lib/python3.12/site-packages/airflow/example_dags/example_task_group_decorator.py
[2024-06-18T13:04:13.257+0000] {processor.py:830} INFO - Processing file /home/airflow/.local/lib/python3.12/site-packages/airflow/example_dags/example_task_group_decorator.py for tasks to queue
[2024-06-18T13:04:13.258+0000] {logging_mixin.py:188} INFO - [2024-06-18T13:04:13.258+0000] {dagbag.py:545} INFO - Filling up the DagBag from /home/airflow/.local/lib/python3.12/site-packages/airflow/example_dags/example_task_group_decorator.py
[2024-06-18T13:04:13.267+0000] {processor.py:840} INFO - DAG(s) 'example_task_group_decorator' retrieved from /home/airflow/.local/lib/python3.12/site-packages/airflow/example_dags/example_task_group_decorator.py
[2024-06-18T13:04:13.274+0000] {logging_mixin.py:188} INFO - [2024-06-18T13:04:13.274+0000] {dag.py:3096} INFO - Sync 1 DAGs
[2024-06-18T13:04:13.291+0000] {logging_mixin.py:188} INFO - [2024-06-18T13:04:13.291+0000] {dag.py:3954} INFO - Setting next_dagrun for example_task_group_decorator to 2024-06-17 00:00:00+00:00, run_after=2024-06-18 00:00:00+00:00
[2024-06-18T13:04:13.304+0000] {processor.py:183} INFO - Processing /home/airflow/.local/lib/python3.12/site-packages/airflow/example_dags/example_task_group_decorator.py took 0.051 seconds
[2024-06-18T13:04:44.753+0000] {processor.py:161} INFO - Started process (PID=133) to work on /home/airflow/.local/lib/python3.12/site-packages/airflow/example_dags/example_task_group_decorator.py
[2024-06-18T13:04:44.754+0000] {processor.py:830} INFO - Processing file /home/airflow/.local/lib/python3.12/site-packages/airflow/example_dags/example_task_group_decorator.py for tasks to queue
[2024-06-18T13:04:44.755+0000] {logging_mixin.py:188} INFO - [2024-06-18T13:04:44.755+0000] {dagbag.py:545} INFO - Filling up the DagBag from /home/airflow/.local/lib/python3.12/site-packages/airflow/example_dags/example_task_group_decorator.py
[2024-06-18T13:04:44.763+0000] {processor.py:840} INFO - DAG(s) 'example_task_group_decorator' retrieved from /home/airflow/.local/lib/python3.12/site-packages/airflow/example_dags/example_task_group_decorator.py
[2024-06-18T13:04:44.818+0000] {logging_mixin.py:188} INFO - [2024-06-18T13:04:44.818+0000] {dag.py:3096} INFO - Sync 1 DAGs
[2024-06-18T13:04:44.828+0000] {logging_mixin.py:188} INFO - [2024-06-18T13:04:44.828+0000] {dag.py:3954} INFO - Setting next_dagrun for example_task_group_decorator to 2024-06-17 00:00:00+00:00, run_after=2024-06-18 00:00:00+00:00
[2024-06-18T13:04:44.840+0000] {processor.py:183} INFO - Processing /home/airflow/.local/lib/python3.12/site-packages/airflow/example_dags/example_task_group_decorator.py took 0.090 seconds
[2024-06-18T13:05:15.735+0000] {processor.py:161} INFO - Started process (PID=191) to work on /home/airflow/.local/lib/python3.12/site-packages/airflow/example_dags/example_task_group_decorator.py
[2024-06-18T13:05:15.741+0000] {processor.py:830} INFO - Processing file /home/airflow/.local/lib/python3.12/site-packages/airflow/example_dags/example_task_group_decorator.py for tasks to queue
[2024-06-18T13:05:15.743+0000] {logging_mixin.py:188} INFO - [2024-06-18T13:05:15.743+0000] {dagbag.py:545} INFO - Filling up the DagBag from /home/airflow/.local/lib/python3.12/site-packages/airflow/example_dags/example_task_group_decorator.py
[2024-06-18T13:05:15.755+0000] {processor.py:840} INFO - DAG(s) 'example_task_group_decorator' retrieved from /home/airflow/.local/lib/python3.12/site-packages/airflow/example_dags/example_task_group_decorator.py
[2024-06-18T13:05:15.768+0000] {logging_mixin.py:188} INFO - [2024-06-18T13:05:15.768+0000] {dag.py:3096} INFO - Sync 1 DAGs
[2024-06-18T13:05:15.780+0000] {logging_mixin.py:188} INFO - [2024-06-18T13:05:15.780+0000] {dag.py:3954} INFO - Setting next_dagrun for example_task_group_decorator to 2024-06-17 00:00:00+00:00, run_after=2024-06-18 00:00:00+00:00
[2024-06-18T13:05:15.789+0000] {processor.py:183} INFO - Processing /home/airflow/.local/lib/python3.12/site-packages/airflow/example_dags/example_task_group_decorator.py took 0.058 seconds
[2024-06-18T13:05:45.941+0000] {processor.py:161} INFO - Started process (PID=250) to work on /home/airflow/.local/lib/python3.12/site-packages/airflow/example_dags/example_task_group_decorator.py
[2024-06-18T13:05:45.944+0000] {processor.py:830} INFO - Processing file /home/airflow/.local/lib/python3.12/site-packages/airflow/example_dags/example_task_group_decorator.py for tasks to queue
[2024-06-18T13:05:45.945+0000] {logging_mixin.py:188} INFO - [2024-06-18T13:05:45.945+0000] {dagbag.py:545} INFO - Filling up the DagBag from /home/airflow/.local/lib/python3.12/site-packages/airflow/example_dags/example_task_group_decorator.py
[2024-06-18T13:05:45.954+0000] {processor.py:840} INFO - DAG(s) 'example_task_group_decorator' retrieved from /home/airflow/.local/lib/python3.12/site-packages/airflow/example_dags/example_task_group_decorator.py
[2024-06-18T13:05:45.968+0000] {logging_mixin.py:188} INFO - [2024-06-18T13:05:45.968+0000] {dag.py:3096} INFO - Sync 1 DAGs
[2024-06-18T13:05:45.982+0000] {logging_mixin.py:188} INFO - [2024-06-18T13:05:45.981+0000] {dag.py:3954} INFO - Setting next_dagrun for example_task_group_decorator to 2024-06-17 00:00:00+00:00, run_after=2024-06-18 00:00:00+00:00
[2024-06-18T13:05:45.993+0000] {processor.py:183} INFO - Processing /home/airflow/.local/lib/python3.12/site-packages/airflow/example_dags/example_task_group_decorator.py took 0.060 seconds
[2024-06-18T13:06:16.032+0000] {processor.py:161} INFO - Started process (PID=308) to work on /home/airflow/.local/lib/python3.12/site-packages/airflow/example_dags/example_task_group_decorator.py
[2024-06-18T13:06:16.037+0000] {processor.py:830} INFO - Processing file /home/airflow/.local/lib/python3.12/site-packages/airflow/example_dags/example_task_group_decorator.py for tasks to queue
[2024-06-18T13:06:16.038+0000] {logging_mixin.py:188} INFO - [2024-06-18T13:06:16.038+0000] {dagbag.py:545} INFO - Filling up the DagBag from /home/airflow/.local/lib/python3.12/site-packages/airflow/example_dags/example_task_group_decorator.py
[2024-06-18T13:06:16.049+0000] {processor.py:840} INFO - DAG(s) 'example_task_group_decorator' retrieved from /home/airflow/.local/lib/python3.12/site-packages/airflow/example_dags/example_task_group_decorator.py
[2024-06-18T13:06:16.065+0000] {logging_mixin.py:188} INFO - [2024-06-18T13:06:16.065+0000] {dag.py:3096} INFO - Sync 1 DAGs
[2024-06-18T13:06:16.078+0000] {logging_mixin.py:188} INFO - [2024-06-18T13:06:16.078+0000] {dag.py:3954} INFO - Setting next_dagrun for example_task_group_decorator to 2024-06-17 00:00:00+00:00, run_after=2024-06-18 00:00:00+00:00
[2024-06-18T13:06:16.087+0000] {processor.py:183} INFO - Processing /home/airflow/.local/lib/python3.12/site-packages/airflow/example_dags/example_task_group_decorator.py took 0.060 seconds
[2024-06-18T13:06:46.269+0000] {processor.py:161} INFO - Started process (PID=366) to work on /home/airflow/.local/lib/python3.12/site-packages/airflow/example_dags/example_task_group_decorator.py
[2024-06-18T13:06:46.270+0000] {processor.py:830} INFO - Processing file /home/airflow/.local/lib/python3.12/site-packages/airflow/example_dags/example_task_group_decorator.py for tasks to queue
[2024-06-18T13:06:46.271+0000] {logging_mixin.py:188} INFO - [2024-06-18T13:06:46.271+0000] {dagbag.py:545} INFO - Filling up the DagBag from /home/airflow/.local/lib/python3.12/site-packages/airflow/example_dags/example_task_group_decorator.py
[2024-06-18T13:06:46.281+0000] {processor.py:840} INFO - DAG(s) 'example_task_group_decorator' retrieved from /home/airflow/.local/lib/python3.12/site-packages/airflow/example_dags/example_task_group_decorator.py
[2024-06-18T13:06:46.296+0000] {logging_mixin.py:188} INFO - [2024-06-18T13:06:46.296+0000] {dag.py:3096} INFO - Sync 1 DAGs
[2024-06-18T13:06:46.311+0000] {logging_mixin.py:188} INFO - [2024-06-18T13:06:46.310+0000] {dag.py:3954} INFO - Setting next_dagrun for example_task_group_decorator to 2024-06-17 00:00:00+00:00, run_after=2024-06-18 00:00:00+00:00
[2024-06-18T13:06:46.322+0000] {processor.py:183} INFO - Processing /home/airflow/.local/lib/python3.12/site-packages/airflow/example_dags/example_task_group_decorator.py took 0.059 seconds
[2024-06-18T13:07:16.508+0000] {processor.py:161} INFO - Started process (PID=424) to work on /home/airflow/.local/lib/python3.12/site-packages/airflow/example_dags/example_task_group_decorator.py
[2024-06-18T13:07:16.510+0000] {processor.py:830} INFO - Processing file /home/airflow/.local/lib/python3.12/site-packages/airflow/example_dags/example_task_group_decorator.py for tasks to queue
[2024-06-18T13:07:16.512+0000] {logging_mixin.py:188} INFO - [2024-06-18T13:07:16.512+0000] {dagbag.py:545} INFO - Filling up the DagBag from /home/airflow/.local/lib/python3.12/site-packages/airflow/example_dags/example_task_group_decorator.py
[2024-06-18T13:07:16.521+0000] {processor.py:840} INFO - DAG(s) 'example_task_group_decorator' retrieved from /home/airflow/.local/lib/python3.12/site-packages/airflow/example_dags/example_task_group_decorator.py
[2024-06-18T13:07:16.539+0000] {logging_mixin.py:188} INFO - [2024-06-18T13:07:16.539+0000] {dag.py:3096} INFO - Sync 1 DAGs
[2024-06-18T13:07:16.553+0000] {logging_mixin.py:188} INFO - [2024-06-18T13:07:16.553+0000] {dag.py:3954} INFO - Setting next_dagrun for example_task_group_decorator to 2024-06-17 00:00:00+00:00, run_after=2024-06-18 00:00:00+00:00
[2024-06-18T13:07:16.565+0000] {processor.py:183} INFO - Processing /home/airflow/.local/lib/python3.12/site-packages/airflow/example_dags/example_task_group_decorator.py took 0.064 seconds
[2024-06-18T13:07:47.002+0000] {processor.py:161} INFO - Started process (PID=482) to work on /home/airflow/.local/lib/python3.12/site-packages/airflow/example_dags/example_task_group_decorator.py
[2024-06-18T13:07:47.006+0000] {processor.py:830} INFO - Processing file /home/airflow/.local/lib/python3.12/site-packages/airflow/example_dags/example_task_group_decorator.py for tasks to queue
[2024-06-18T13:07:47.008+0000] {logging_mixin.py:188} INFO - [2024-06-18T13:07:47.007+0000] {dagbag.py:545} INFO - Filling up the DagBag from /home/airflow/.local/lib/python3.12/site-packages/airflow/example_dags/example_task_group_decorator.py
[2024-06-18T13:07:47.016+0000] {processor.py:840} INFO - DAG(s) 'example_task_group_decorator' retrieved from /home/airflow/.local/lib/python3.12/site-packages/airflow/example_dags/example_task_group_decorator.py
[2024-06-18T13:07:47.031+0000] {logging_mixin.py:188} INFO - [2024-06-18T13:07:47.031+0000] {dag.py:3096} INFO - Sync 1 DAGs
[2024-06-18T13:07:47.046+0000] {logging_mixin.py:188} INFO - [2024-06-18T13:07:47.046+0000] {dag.py:3954} INFO - Setting next_dagrun for example_task_group_decorator to 2024-06-17 00:00:00+00:00, run_after=2024-06-18 00:00:00+00:00
[2024-06-18T13:07:47.058+0000] {processor.py:183} INFO - Processing /home/airflow/.local/lib/python3.12/site-packages/airflow/example_dags/example_task_group_decorator.py took 0.061 seconds
[2024-06-18T13:08:17.110+0000] {processor.py:161} INFO - Started process (PID=540) to work on /home/airflow/.local/lib/python3.12/site-packages/airflow/example_dags/example_task_group_decorator.py
[2024-06-18T13:08:17.111+0000] {processor.py:830} INFO - Processing file /home/airflow/.local/lib/python3.12/site-packages/airflow/example_dags/example_task_group_decorator.py for tasks to queue
[2024-06-18T13:08:17.115+0000] {logging_mixin.py:188} INFO - [2024-06-18T13:08:17.115+0000] {dagbag.py:545} INFO - Filling up the DagBag from /home/airflow/.local/lib/python3.12/site-packages/airflow/example_dags/example_task_group_decorator.py
[2024-06-18T13:08:17.125+0000] {processor.py:840} INFO - DAG(s) 'example_task_group_decorator' retrieved from /home/airflow/.local/lib/python3.12/site-packages/airflow/example_dags/example_task_group_decorator.py
[2024-06-18T13:08:17.143+0000] {logging_mixin.py:188} INFO - [2024-06-18T13:08:17.143+0000] {dag.py:3096} INFO - Sync 1 DAGs
[2024-06-18T13:08:17.156+0000] {logging_mixin.py:188} INFO - [2024-06-18T13:08:17.156+0000] {dag.py:3954} INFO - Setting next_dagrun for example_task_group_decorator to 2024-06-17 00:00:00+00:00, run_after=2024-06-18 00:00:00+00:00
[2024-06-18T13:08:17.169+0000] {processor.py:183} INFO - Processing /home/airflow/.local/lib/python3.12/site-packages/airflow/example_dags/example_task_group_decorator.py took 0.064 seconds
[2024-06-18T13:08:47.190+0000] {processor.py:161} INFO - Started process (PID=598) to work on /home/airflow/.local/lib/python3.12/site-packages/airflow/example_dags/example_task_group_decorator.py
[2024-06-18T13:08:47.195+0000] {processor.py:830} INFO - Processing file /home/airflow/.local/lib/python3.12/site-packages/airflow/example_dags/example_task_group_decorator.py for tasks to queue
[2024-06-18T13:08:47.196+0000] {logging_mixin.py:188} INFO - [2024-06-18T13:08:47.196+0000] {dagbag.py:545} INFO - Filling up the DagBag from /home/airflow/.local/lib/python3.12/site-packages/airflow/example_dags/example_task_group_decorator.py
[2024-06-18T13:08:47.204+0000] {processor.py:840} INFO - DAG(s) 'example_task_group_decorator' retrieved from /home/airflow/.local/lib/python3.12/site-packages/airflow/example_dags/example_task_group_decorator.py
[2024-06-18T13:08:47.219+0000] {logging_mixin.py:188} INFO - [2024-06-18T13:08:47.219+0000] {dag.py:3096} INFO - Sync 1 DAGs
[2024-06-18T13:08:47.233+0000] {logging_mixin.py:188} INFO - [2024-06-18T13:08:47.233+0000] {dag.py:3954} INFO - Setting next_dagrun for example_task_group_decorator to 2024-06-17 00:00:00+00:00, run_after=2024-06-18 00:00:00+00:00
[2024-06-18T13:08:47.245+0000] {processor.py:183} INFO - Processing /home/airflow/.local/lib/python3.12/site-packages/airflow/example_dags/example_task_group_decorator.py took 0.058 seconds
[2024-06-18T13:09:18.059+0000] {processor.py:161} INFO - Started process (PID=656) to work on /home/airflow/.local/lib/python3.12/site-packages/airflow/example_dags/example_task_group_decorator.py
[2024-06-18T13:09:18.065+0000] {processor.py:830} INFO - Processing file /home/airflow/.local/lib/python3.12/site-packages/airflow/example_dags/example_task_group_decorator.py for tasks to queue
[2024-06-18T13:09:18.066+0000] {logging_mixin.py:188} INFO - [2024-06-18T13:09:18.066+0000] {dagbag.py:545} INFO - Filling up the DagBag from /home/airflow/.local/lib/python3.12/site-packages/airflow/example_dags/example_task_group_decorator.py
[2024-06-18T13:09:18.074+0000] {processor.py:840} INFO - DAG(s) 'example_task_group_decorator' retrieved from /home/airflow/.local/lib/python3.12/site-packages/airflow/example_dags/example_task_group_decorator.py
[2024-06-18T13:09:18.088+0000] {logging_mixin.py:188} INFO - [2024-06-18T13:09:18.088+0000] {dag.py:3096} INFO - Sync 1 DAGs
[2024-06-18T13:09:18.101+0000] {logging_mixin.py:188} INFO - [2024-06-18T13:09:18.101+0000] {dag.py:3954} INFO - Setting next_dagrun for example_task_group_decorator to 2024-06-17 00:00:00+00:00, run_after=2024-06-18 00:00:00+00:00
[2024-06-18T13:09:18.111+0000] {processor.py:183} INFO - Processing /home/airflow/.local/lib/python3.12/site-packages/airflow/example_dags/example_task_group_decorator.py took 0.054 seconds
[2024-06-18T13:09:48.993+0000] {processor.py:161} INFO - Started process (PID=714) to work on /home/airflow/.local/lib/python3.12/site-packages/airflow/example_dags/example_task_group_decorator.py
[2024-06-18T13:09:48.998+0000] {processor.py:830} INFO - Processing file /home/airflow/.local/lib/python3.12/site-packages/airflow/example_dags/example_task_group_decorator.py for tasks to queue
[2024-06-18T13:09:49.000+0000] {logging_mixin.py:188} INFO - [2024-06-18T13:09:48.999+0000] {dagbag.py:545} INFO - Filling up the DagBag from /home/airflow/.local/lib/python3.12/site-packages/airflow/example_dags/example_task_group_decorator.py
[2024-06-18T13:09:49.008+0000] {processor.py:840} INFO - DAG(s) 'example_task_group_decorator' retrieved from /home/airflow/.local/lib/python3.12/site-packages/airflow/example_dags/example_task_group_decorator.py
[2024-06-18T13:09:49.022+0000] {logging_mixin.py:188} INFO - [2024-06-18T13:09:49.022+0000] {dag.py:3096} INFO - Sync 1 DAGs
[2024-06-18T13:09:49.037+0000] {logging_mixin.py:188} INFO - [2024-06-18T13:09:49.037+0000] {dag.py:3954} INFO - Setting next_dagrun for example_task_group_decorator to 2024-06-17 00:00:00+00:00, run_after=2024-06-18 00:00:00+00:00
[2024-06-18T13:09:49.051+0000] {processor.py:183} INFO - Processing /home/airflow/.local/lib/python3.12/site-packages/airflow/example_dags/example_task_group_decorator.py took 0.062 seconds
[2024-06-18T13:10:19.146+0000] {processor.py:161} INFO - Started process (PID=771) to work on /home/airflow/.local/lib/python3.12/site-packages/airflow/example_dags/example_task_group_decorator.py
[2024-06-18T13:10:19.149+0000] {processor.py:830} INFO - Processing file /home/airflow/.local/lib/python3.12/site-packages/airflow/example_dags/example_task_group_decorator.py for tasks to queue
[2024-06-18T13:10:19.150+0000] {logging_mixin.py:188} INFO - [2024-06-18T13:10:19.150+0000] {dagbag.py:545} INFO - Filling up the DagBag from /home/airflow/.local/lib/python3.12/site-packages/airflow/example_dags/example_task_group_decorator.py
[2024-06-18T13:10:19.159+0000] {processor.py:840} INFO - DAG(s) 'example_task_group_decorator' retrieved from /home/airflow/.local/lib/python3.12/site-packages/airflow/example_dags/example_task_group_decorator.py
[2024-06-18T13:10:19.173+0000] {logging_mixin.py:188} INFO - [2024-06-18T13:10:19.173+0000] {dag.py:3096} INFO - Sync 1 DAGs
[2024-06-18T13:10:19.186+0000] {logging_mixin.py:188} INFO - [2024-06-18T13:10:19.185+0000] {dag.py:3954} INFO - Setting next_dagrun for example_task_group_decorator to 2024-06-17 00:00:00+00:00, run_after=2024-06-18 00:00:00+00:00
[2024-06-18T13:10:19.196+0000] {processor.py:183} INFO - Processing /home/airflow/.local/lib/python3.12/site-packages/airflow/example_dags/example_task_group_decorator.py took 0.057 seconds
[2024-06-18T13:10:49.329+0000] {processor.py:161} INFO - Started process (PID=829) to work on /home/airflow/.local/lib/python3.12/site-packages/airflow/example_dags/example_task_group_decorator.py
[2024-06-18T13:10:49.334+0000] {processor.py:830} INFO - Processing file /home/airflow/.local/lib/python3.12/site-packages/airflow/example_dags/example_task_group_decorator.py for tasks to queue
[2024-06-18T13:10:49.336+0000] {logging_mixin.py:188} INFO - [2024-06-18T13:10:49.336+0000] {dagbag.py:545} INFO - Filling up the DagBag from /home/airflow/.local/lib/python3.12/site-packages/airflow/example_dags/example_task_group_decorator.py
[2024-06-18T13:10:49.349+0000] {processor.py:840} INFO - DAG(s) 'example_task_group_decorator' retrieved from /home/airflow/.local/lib/python3.12/site-packages/airflow/example_dags/example_task_group_decorator.py
[2024-06-18T13:10:49.363+0000] {logging_mixin.py:188} INFO - [2024-06-18T13:10:49.363+0000] {dag.py:3096} INFO - Sync 1 DAGs
[2024-06-18T13:10:49.375+0000] {logging_mixin.py:188} INFO - [2024-06-18T13:10:49.375+0000] {dag.py:3954} INFO - Setting next_dagrun for example_task_group_decorator to 2024-06-17 00:00:00+00:00, run_after=2024-06-18 00:00:00+00:00
[2024-06-18T13:10:49.385+0000] {processor.py:183} INFO - Processing /home/airflow/.local/lib/python3.12/site-packages/airflow/example_dags/example_task_group_decorator.py took 0.060 seconds
[2024-06-18T13:11:19.527+0000] {processor.py:161} INFO - Started process (PID=887) to work on /home/airflow/.local/lib/python3.12/site-packages/airflow/example_dags/example_task_group_decorator.py
[2024-06-18T13:11:19.533+0000] {processor.py:830} INFO - Processing file /home/airflow/.local/lib/python3.12/site-packages/airflow/example_dags/example_task_group_decorator.py for tasks to queue
[2024-06-18T13:11:19.535+0000] {logging_mixin.py:188} INFO - [2024-06-18T13:11:19.535+0000] {dagbag.py:545} INFO - Filling up the DagBag from /home/airflow/.local/lib/python3.12/site-packages/airflow/example_dags/example_task_group_decorator.py
[2024-06-18T13:11:19.546+0000] {processor.py:840} INFO - DAG(s) 'example_task_group_decorator' retrieved from /home/airflow/.local/lib/python3.12/site-packages/airflow/example_dags/example_task_group_decorator.py
[2024-06-18T13:11:19.559+0000] {logging_mixin.py:188} INFO - [2024-06-18T13:11:19.558+0000] {dag.py:3096} INFO - Sync 1 DAGs
[2024-06-18T13:11:19.570+0000] {logging_mixin.py:188} INFO - [2024-06-18T13:11:19.570+0000] {dag.py:3954} INFO - Setting next_dagrun for example_task_group_decorator to 2024-06-17 00:00:00+00:00, run_after=2024-06-18 00:00:00+00:00
[2024-06-18T13:11:19.580+0000] {processor.py:183} INFO - Processing /home/airflow/.local/lib/python3.12/site-packages/airflow/example_dags/example_task_group_decorator.py took 0.057 seconds
