[2024-06-18T13:04:12.547+0000] {processor.py:161} INFO - Started process (PID=53) to work on /home/airflow/.local/lib/python3.12/site-packages/airflow/example_dags/example_kubernetes_executor.py
[2024-06-18T13:04:12.547+0000] {processor.py:830} INFO - Processing file /home/airflow/.local/lib/python3.12/site-packages/airflow/example_dags/example_kubernetes_executor.py for tasks to queue
[2024-06-18T13:04:12.548+0000] {logging_mixin.py:188} INFO - [2024-06-18T13:04:12.548+0000] {dagbag.py:545} INFO - Filling up the DagBag from /home/airflow/.local/lib/python3.12/site-packages/airflow/example_dags/example_kubernetes_executor.py
[2024-06-18T13:04:12.557+0000] {processor.py:840} INFO - DAG(s) 'example_kubernetes_executor' retrieved from /home/airflow/.local/lib/python3.12/site-packages/airflow/example_dags/example_kubernetes_executor.py
[2024-06-18T13:04:12.564+0000] {logging_mixin.py:188} INFO - [2024-06-18T13:04:12.564+0000] {dag.py:3096} INFO - Sync 1 DAGs
[2024-06-18T13:04:12.572+0000] {logging_mixin.py:188} INFO - [2024-06-18T13:04:12.572+0000] {dag.py:3954} INFO - Setting next_dagrun for example_kubernetes_executor to None, run_after=None
[2024-06-18T13:04:12.583+0000] {processor.py:183} INFO - Processing /home/airflow/.local/lib/python3.12/site-packages/airflow/example_dags/example_kubernetes_executor.py took 0.040 seconds
[2024-06-18T13:04:43.478+0000] {processor.py:161} INFO - Started process (PID=111) to work on /home/airflow/.local/lib/python3.12/site-packages/airflow/example_dags/example_kubernetes_executor.py
[2024-06-18T13:04:43.479+0000] {processor.py:830} INFO - Processing file /home/airflow/.local/lib/python3.12/site-packages/airflow/example_dags/example_kubernetes_executor.py for tasks to queue
[2024-06-18T13:04:43.480+0000] {logging_mixin.py:188} INFO - [2024-06-18T13:04:43.480+0000] {dagbag.py:545} INFO - Filling up the DagBag from /home/airflow/.local/lib/python3.12/site-packages/airflow/example_dags/example_kubernetes_executor.py
[2024-06-18T13:04:43.486+0000] {processor.py:840} INFO - DAG(s) 'example_kubernetes_executor' retrieved from /home/airflow/.local/lib/python3.12/site-packages/airflow/example_dags/example_kubernetes_executor.py
[2024-06-18T13:04:43.550+0000] {logging_mixin.py:188} INFO - [2024-06-18T13:04:43.550+0000] {dag.py:3096} INFO - Sync 1 DAGs
[2024-06-18T13:04:43.556+0000] {logging_mixin.py:188} INFO - [2024-06-18T13:04:43.556+0000] {dag.py:3954} INFO - Setting next_dagrun for example_kubernetes_executor to None, run_after=None
[2024-06-18T13:04:43.565+0000] {processor.py:183} INFO - Processing /home/airflow/.local/lib/python3.12/site-packages/airflow/example_dags/example_kubernetes_executor.py took 0.090 seconds
[2024-06-18T13:05:13.901+0000] {processor.py:161} INFO - Started process (PID=169) to work on /home/airflow/.local/lib/python3.12/site-packages/airflow/example_dags/example_kubernetes_executor.py
[2024-06-18T13:05:13.902+0000] {processor.py:830} INFO - Processing file /home/airflow/.local/lib/python3.12/site-packages/airflow/example_dags/example_kubernetes_executor.py for tasks to queue
[2024-06-18T13:05:13.902+0000] {logging_mixin.py:188} INFO - [2024-06-18T13:05:13.902+0000] {dagbag.py:545} INFO - Filling up the DagBag from /home/airflow/.local/lib/python3.12/site-packages/airflow/example_dags/example_kubernetes_executor.py
[2024-06-18T13:05:13.908+0000] {processor.py:840} INFO - DAG(s) 'example_kubernetes_executor' retrieved from /home/airflow/.local/lib/python3.12/site-packages/airflow/example_dags/example_kubernetes_executor.py
[2024-06-18T13:05:13.927+0000] {logging_mixin.py:188} INFO - [2024-06-18T13:05:13.927+0000] {dag.py:3096} INFO - Sync 1 DAGs
[2024-06-18T13:05:13.933+0000] {logging_mixin.py:188} INFO - [2024-06-18T13:05:13.933+0000] {dag.py:3954} INFO - Setting next_dagrun for example_kubernetes_executor to None, run_after=None
[2024-06-18T13:05:13.942+0000] {processor.py:183} INFO - Processing /home/airflow/.local/lib/python3.12/site-packages/airflow/example_dags/example_kubernetes_executor.py took 0.044 seconds
[2024-06-18T13:05:44.129+0000] {processor.py:161} INFO - Started process (PID=228) to work on /home/airflow/.local/lib/python3.12/site-packages/airflow/example_dags/example_kubernetes_executor.py
[2024-06-18T13:05:44.130+0000] {processor.py:830} INFO - Processing file /home/airflow/.local/lib/python3.12/site-packages/airflow/example_dags/example_kubernetes_executor.py for tasks to queue
[2024-06-18T13:05:44.131+0000] {logging_mixin.py:188} INFO - [2024-06-18T13:05:44.131+0000] {dagbag.py:545} INFO - Filling up the DagBag from /home/airflow/.local/lib/python3.12/site-packages/airflow/example_dags/example_kubernetes_executor.py
[2024-06-18T13:05:44.137+0000] {processor.py:840} INFO - DAG(s) 'example_kubernetes_executor' retrieved from /home/airflow/.local/lib/python3.12/site-packages/airflow/example_dags/example_kubernetes_executor.py
[2024-06-18T13:05:44.158+0000] {logging_mixin.py:188} INFO - [2024-06-18T13:05:44.158+0000] {dag.py:3096} INFO - Sync 1 DAGs
[2024-06-18T13:05:44.165+0000] {logging_mixin.py:188} INFO - [2024-06-18T13:05:44.165+0000] {dag.py:3954} INFO - Setting next_dagrun for example_kubernetes_executor to None, run_after=None
[2024-06-18T13:05:44.176+0000] {processor.py:183} INFO - Processing /home/airflow/.local/lib/python3.12/site-packages/airflow/example_dags/example_kubernetes_executor.py took 0.049 seconds
[2024-06-18T13:06:14.357+0000] {processor.py:161} INFO - Started process (PID=286) to work on /home/airflow/.local/lib/python3.12/site-packages/airflow/example_dags/example_kubernetes_executor.py
[2024-06-18T13:06:14.358+0000] {processor.py:830} INFO - Processing file /home/airflow/.local/lib/python3.12/site-packages/airflow/example_dags/example_kubernetes_executor.py for tasks to queue
[2024-06-18T13:06:14.359+0000] {logging_mixin.py:188} INFO - [2024-06-18T13:06:14.359+0000] {dagbag.py:545} INFO - Filling up the DagBag from /home/airflow/.local/lib/python3.12/site-packages/airflow/example_dags/example_kubernetes_executor.py
[2024-06-18T13:06:14.365+0000] {processor.py:840} INFO - DAG(s) 'example_kubernetes_executor' retrieved from /home/airflow/.local/lib/python3.12/site-packages/airflow/example_dags/example_kubernetes_executor.py
[2024-06-18T13:06:14.385+0000] {logging_mixin.py:188} INFO - [2024-06-18T13:06:14.385+0000] {dag.py:3096} INFO - Sync 1 DAGs
[2024-06-18T13:06:14.392+0000] {logging_mixin.py:188} INFO - [2024-06-18T13:06:14.392+0000] {dag.py:3954} INFO - Setting next_dagrun for example_kubernetes_executor to None, run_after=None
[2024-06-18T13:06:14.403+0000] {processor.py:183} INFO - Processing /home/airflow/.local/lib/python3.12/site-packages/airflow/example_dags/example_kubernetes_executor.py took 0.051 seconds
[2024-06-18T13:06:44.457+0000] {processor.py:161} INFO - Started process (PID=344) to work on /home/airflow/.local/lib/python3.12/site-packages/airflow/example_dags/example_kubernetes_executor.py
[2024-06-18T13:06:44.458+0000] {processor.py:830} INFO - Processing file /home/airflow/.local/lib/python3.12/site-packages/airflow/example_dags/example_kubernetes_executor.py for tasks to queue
[2024-06-18T13:06:44.459+0000] {logging_mixin.py:188} INFO - [2024-06-18T13:06:44.459+0000] {dagbag.py:545} INFO - Filling up the DagBag from /home/airflow/.local/lib/python3.12/site-packages/airflow/example_dags/example_kubernetes_executor.py
[2024-06-18T13:06:44.466+0000] {processor.py:840} INFO - DAG(s) 'example_kubernetes_executor' retrieved from /home/airflow/.local/lib/python3.12/site-packages/airflow/example_dags/example_kubernetes_executor.py
[2024-06-18T13:06:44.488+0000] {logging_mixin.py:188} INFO - [2024-06-18T13:06:44.488+0000] {dag.py:3096} INFO - Sync 1 DAGs
[2024-06-18T13:06:44.496+0000] {logging_mixin.py:188} INFO - [2024-06-18T13:06:44.496+0000] {dag.py:3954} INFO - Setting next_dagrun for example_kubernetes_executor to None, run_after=None
[2024-06-18T13:06:44.506+0000] {processor.py:183} INFO - Processing /home/airflow/.local/lib/python3.12/site-packages/airflow/example_dags/example_kubernetes_executor.py took 0.053 seconds
[2024-06-18T13:07:14.695+0000] {processor.py:161} INFO - Started process (PID=402) to work on /home/airflow/.local/lib/python3.12/site-packages/airflow/example_dags/example_kubernetes_executor.py
[2024-06-18T13:07:14.696+0000] {processor.py:830} INFO - Processing file /home/airflow/.local/lib/python3.12/site-packages/airflow/example_dags/example_kubernetes_executor.py for tasks to queue
[2024-06-18T13:07:14.697+0000] {logging_mixin.py:188} INFO - [2024-06-18T13:07:14.697+0000] {dagbag.py:545} INFO - Filling up the DagBag from /home/airflow/.local/lib/python3.12/site-packages/airflow/example_dags/example_kubernetes_executor.py
[2024-06-18T13:07:14.705+0000] {processor.py:840} INFO - DAG(s) 'example_kubernetes_executor' retrieved from /home/airflow/.local/lib/python3.12/site-packages/airflow/example_dags/example_kubernetes_executor.py
[2024-06-18T13:07:14.728+0000] {logging_mixin.py:188} INFO - [2024-06-18T13:07:14.728+0000] {dag.py:3096} INFO - Sync 1 DAGs
[2024-06-18T13:07:14.737+0000] {logging_mixin.py:188} INFO - [2024-06-18T13:07:14.737+0000] {dag.py:3954} INFO - Setting next_dagrun for example_kubernetes_executor to None, run_after=None
[2024-06-18T13:07:14.749+0000] {processor.py:183} INFO - Processing /home/airflow/.local/lib/python3.12/site-packages/airflow/example_dags/example_kubernetes_executor.py took 0.057 seconds
[2024-06-18T13:07:45.093+0000] {processor.py:161} INFO - Started process (PID=460) to work on /home/airflow/.local/lib/python3.12/site-packages/airflow/example_dags/example_kubernetes_executor.py
[2024-06-18T13:07:45.093+0000] {processor.py:830} INFO - Processing file /home/airflow/.local/lib/python3.12/site-packages/airflow/example_dags/example_kubernetes_executor.py for tasks to queue
[2024-06-18T13:07:45.094+0000] {logging_mixin.py:188} INFO - [2024-06-18T13:07:45.094+0000] {dagbag.py:545} INFO - Filling up the DagBag from /home/airflow/.local/lib/python3.12/site-packages/airflow/example_dags/example_kubernetes_executor.py
[2024-06-18T13:07:45.104+0000] {processor.py:840} INFO - DAG(s) 'example_kubernetes_executor' retrieved from /home/airflow/.local/lib/python3.12/site-packages/airflow/example_dags/example_kubernetes_executor.py
[2024-06-18T13:07:45.130+0000] {logging_mixin.py:188} INFO - [2024-06-18T13:07:45.130+0000] {dag.py:3096} INFO - Sync 1 DAGs
[2024-06-18T13:07:45.142+0000] {logging_mixin.py:188} INFO - [2024-06-18T13:07:45.141+0000] {dag.py:3954} INFO - Setting next_dagrun for example_kubernetes_executor to None, run_after=None
[2024-06-18T13:07:45.155+0000] {processor.py:183} INFO - Processing /home/airflow/.local/lib/python3.12/site-packages/airflow/example_dags/example_kubernetes_executor.py took 0.066 seconds
[2024-06-18T13:08:15.214+0000] {processor.py:161} INFO - Started process (PID=518) to work on /home/airflow/.local/lib/python3.12/site-packages/airflow/example_dags/example_kubernetes_executor.py
[2024-06-18T13:08:15.215+0000] {processor.py:830} INFO - Processing file /home/airflow/.local/lib/python3.12/site-packages/airflow/example_dags/example_kubernetes_executor.py for tasks to queue
[2024-06-18T13:08:15.216+0000] {logging_mixin.py:188} INFO - [2024-06-18T13:08:15.216+0000] {dagbag.py:545} INFO - Filling up the DagBag from /home/airflow/.local/lib/python3.12/site-packages/airflow/example_dags/example_kubernetes_executor.py
[2024-06-18T13:08:15.222+0000] {processor.py:840} INFO - DAG(s) 'example_kubernetes_executor' retrieved from /home/airflow/.local/lib/python3.12/site-packages/airflow/example_dags/example_kubernetes_executor.py
[2024-06-18T13:08:15.248+0000] {logging_mixin.py:188} INFO - [2024-06-18T13:08:15.248+0000] {dag.py:3096} INFO - Sync 1 DAGs
[2024-06-18T13:08:15.258+0000] {logging_mixin.py:188} INFO - [2024-06-18T13:08:15.258+0000] {dag.py:3954} INFO - Setting next_dagrun for example_kubernetes_executor to None, run_after=None
[2024-06-18T13:08:15.273+0000] {processor.py:183} INFO - Processing /home/airflow/.local/lib/python3.12/site-packages/airflow/example_dags/example_kubernetes_executor.py took 0.065 seconds
[2024-06-18T13:08:45.404+0000] {processor.py:161} INFO - Started process (PID=576) to work on /home/airflow/.local/lib/python3.12/site-packages/airflow/example_dags/example_kubernetes_executor.py
[2024-06-18T13:08:45.405+0000] {processor.py:830} INFO - Processing file /home/airflow/.local/lib/python3.12/site-packages/airflow/example_dags/example_kubernetes_executor.py for tasks to queue
[2024-06-18T13:08:45.406+0000] {logging_mixin.py:188} INFO - [2024-06-18T13:08:45.406+0000] {dagbag.py:545} INFO - Filling up the DagBag from /home/airflow/.local/lib/python3.12/site-packages/airflow/example_dags/example_kubernetes_executor.py
[2024-06-18T13:08:45.413+0000] {processor.py:840} INFO - DAG(s) 'example_kubernetes_executor' retrieved from /home/airflow/.local/lib/python3.12/site-packages/airflow/example_dags/example_kubernetes_executor.py
[2024-06-18T13:08:45.433+0000] {logging_mixin.py:188} INFO - [2024-06-18T13:08:45.433+0000] {dag.py:3096} INFO - Sync 1 DAGs
[2024-06-18T13:08:45.440+0000] {logging_mixin.py:188} INFO - [2024-06-18T13:08:45.440+0000] {dag.py:3954} INFO - Setting next_dagrun for example_kubernetes_executor to None, run_after=None
[2024-06-18T13:08:45.451+0000] {processor.py:183} INFO - Processing /home/airflow/.local/lib/python3.12/site-packages/airflow/example_dags/example_kubernetes_executor.py took 0.054 seconds
[2024-06-18T13:09:16.381+0000] {processor.py:161} INFO - Started process (PID=634) to work on /home/airflow/.local/lib/python3.12/site-packages/airflow/example_dags/example_kubernetes_executor.py
[2024-06-18T13:09:16.382+0000] {processor.py:830} INFO - Processing file /home/airflow/.local/lib/python3.12/site-packages/airflow/example_dags/example_kubernetes_executor.py for tasks to queue
[2024-06-18T13:09:16.383+0000] {logging_mixin.py:188} INFO - [2024-06-18T13:09:16.383+0000] {dagbag.py:545} INFO - Filling up the DagBag from /home/airflow/.local/lib/python3.12/site-packages/airflow/example_dags/example_kubernetes_executor.py
[2024-06-18T13:09:16.390+0000] {processor.py:840} INFO - DAG(s) 'example_kubernetes_executor' retrieved from /home/airflow/.local/lib/python3.12/site-packages/airflow/example_dags/example_kubernetes_executor.py
[2024-06-18T13:09:16.412+0000] {logging_mixin.py:188} INFO - [2024-06-18T13:09:16.411+0000] {dag.py:3096} INFO - Sync 1 DAGs
[2024-06-18T13:09:16.419+0000] {logging_mixin.py:188} INFO - [2024-06-18T13:09:16.419+0000] {dag.py:3954} INFO - Setting next_dagrun for example_kubernetes_executor to None, run_after=None
[2024-06-18T13:09:16.431+0000] {processor.py:183} INFO - Processing /home/airflow/.local/lib/python3.12/site-packages/airflow/example_dags/example_kubernetes_executor.py took 0.053 seconds
[2024-06-18T13:09:47.258+0000] {processor.py:161} INFO - Started process (PID=692) to work on /home/airflow/.local/lib/python3.12/site-packages/airflow/example_dags/example_kubernetes_executor.py
[2024-06-18T13:09:47.259+0000] {processor.py:830} INFO - Processing file /home/airflow/.local/lib/python3.12/site-packages/airflow/example_dags/example_kubernetes_executor.py for tasks to queue
[2024-06-18T13:09:47.260+0000] {logging_mixin.py:188} INFO - [2024-06-18T13:09:47.259+0000] {dagbag.py:545} INFO - Filling up the DagBag from /home/airflow/.local/lib/python3.12/site-packages/airflow/example_dags/example_kubernetes_executor.py
[2024-06-18T13:09:47.266+0000] {processor.py:840} INFO - DAG(s) 'example_kubernetes_executor' retrieved from /home/airflow/.local/lib/python3.12/site-packages/airflow/example_dags/example_kubernetes_executor.py
[2024-06-18T13:09:47.288+0000] {logging_mixin.py:188} INFO - [2024-06-18T13:09:47.287+0000] {dag.py:3096} INFO - Sync 1 DAGs
[2024-06-18T13:09:47.295+0000] {logging_mixin.py:188} INFO - [2024-06-18T13:09:47.295+0000] {dag.py:3954} INFO - Setting next_dagrun for example_kubernetes_executor to None, run_after=None
[2024-06-18T13:09:47.306+0000] {processor.py:183} INFO - Processing /home/airflow/.local/lib/python3.12/site-packages/airflow/example_dags/example_kubernetes_executor.py took 0.051 seconds
[2024-06-18T13:10:17.394+0000] {processor.py:161} INFO - Started process (PID=749) to work on /home/airflow/.local/lib/python3.12/site-packages/airflow/example_dags/example_kubernetes_executor.py
[2024-06-18T13:10:17.395+0000] {processor.py:830} INFO - Processing file /home/airflow/.local/lib/python3.12/site-packages/airflow/example_dags/example_kubernetes_executor.py for tasks to queue
[2024-06-18T13:10:17.396+0000] {logging_mixin.py:188} INFO - [2024-06-18T13:10:17.396+0000] {dagbag.py:545} INFO - Filling up the DagBag from /home/airflow/.local/lib/python3.12/site-packages/airflow/example_dags/example_kubernetes_executor.py
[2024-06-18T13:10:17.402+0000] {processor.py:840} INFO - DAG(s) 'example_kubernetes_executor' retrieved from /home/airflow/.local/lib/python3.12/site-packages/airflow/example_dags/example_kubernetes_executor.py
[2024-06-18T13:10:17.425+0000] {logging_mixin.py:188} INFO - [2024-06-18T13:10:17.424+0000] {dag.py:3096} INFO - Sync 1 DAGs
[2024-06-18T13:10:17.433+0000] {logging_mixin.py:188} INFO - [2024-06-18T13:10:17.432+0000] {dag.py:3954} INFO - Setting next_dagrun for example_kubernetes_executor to None, run_after=None
[2024-06-18T13:10:17.443+0000] {processor.py:183} INFO - Processing /home/airflow/.local/lib/python3.12/site-packages/airflow/example_dags/example_kubernetes_executor.py took 0.054 seconds
[2024-06-18T13:10:47.571+0000] {processor.py:161} INFO - Started process (PID=807) to work on /home/airflow/.local/lib/python3.12/site-packages/airflow/example_dags/example_kubernetes_executor.py
[2024-06-18T13:10:47.572+0000] {processor.py:830} INFO - Processing file /home/airflow/.local/lib/python3.12/site-packages/airflow/example_dags/example_kubernetes_executor.py for tasks to queue
[2024-06-18T13:10:47.573+0000] {logging_mixin.py:188} INFO - [2024-06-18T13:10:47.573+0000] {dagbag.py:545} INFO - Filling up the DagBag from /home/airflow/.local/lib/python3.12/site-packages/airflow/example_dags/example_kubernetes_executor.py
[2024-06-18T13:10:47.579+0000] {processor.py:840} INFO - DAG(s) 'example_kubernetes_executor' retrieved from /home/airflow/.local/lib/python3.12/site-packages/airflow/example_dags/example_kubernetes_executor.py
[2024-06-18T13:10:47.598+0000] {logging_mixin.py:188} INFO - [2024-06-18T13:10:47.598+0000] {dag.py:3096} INFO - Sync 1 DAGs
[2024-06-18T13:10:47.604+0000] {logging_mixin.py:188} INFO - [2024-06-18T13:10:47.604+0000] {dag.py:3954} INFO - Setting next_dagrun for example_kubernetes_executor to None, run_after=None
[2024-06-18T13:10:47.613+0000] {processor.py:183} INFO - Processing /home/airflow/.local/lib/python3.12/site-packages/airflow/example_dags/example_kubernetes_executor.py took 0.045 seconds
[2024-06-18T13:11:17.757+0000] {processor.py:161} INFO - Started process (PID=865) to work on /home/airflow/.local/lib/python3.12/site-packages/airflow/example_dags/example_kubernetes_executor.py
[2024-06-18T13:11:17.757+0000] {processor.py:830} INFO - Processing file /home/airflow/.local/lib/python3.12/site-packages/airflow/example_dags/example_kubernetes_executor.py for tasks to queue
[2024-06-18T13:11:17.758+0000] {logging_mixin.py:188} INFO - [2024-06-18T13:11:17.758+0000] {dagbag.py:545} INFO - Filling up the DagBag from /home/airflow/.local/lib/python3.12/site-packages/airflow/example_dags/example_kubernetes_executor.py
[2024-06-18T13:11:17.764+0000] {processor.py:840} INFO - DAG(s) 'example_kubernetes_executor' retrieved from /home/airflow/.local/lib/python3.12/site-packages/airflow/example_dags/example_kubernetes_executor.py
[2024-06-18T13:11:17.785+0000] {logging_mixin.py:188} INFO - [2024-06-18T13:11:17.785+0000] {dag.py:3096} INFO - Sync 1 DAGs
[2024-06-18T13:11:17.792+0000] {logging_mixin.py:188} INFO - [2024-06-18T13:11:17.792+0000] {dag.py:3954} INFO - Setting next_dagrun for example_kubernetes_executor to None, run_after=None
[2024-06-18T13:11:17.802+0000] {processor.py:183} INFO - Processing /home/airflow/.local/lib/python3.12/site-packages/airflow/example_dags/example_kubernetes_executor.py took 0.048 seconds
