[2024-06-18T13:04:12.268+0000] {processor.py:161} INFO - Started process (PID=47) to work on /home/airflow/.local/lib/python3.12/site-packages/airflow/example_dags/example_latest_only_with_trigger.py
[2024-06-18T13:04:12.268+0000] {processor.py:830} INFO - Processing file /home/airflow/.local/lib/python3.12/site-packages/airflow/example_dags/example_latest_only_with_trigger.py for tasks to queue
[2024-06-18T13:04:12.269+0000] {logging_mixin.py:188} INFO - [2024-06-18T13:04:12.269+0000] {dagbag.py:545} INFO - Filling up the DagBag from /home/airflow/.local/lib/python3.12/site-packages/airflow/example_dags/example_latest_only_with_trigger.py
[2024-06-18T13:04:12.273+0000] {processor.py:840} INFO - DAG(s) 'latest_only_with_trigger' retrieved from /home/airflow/.local/lib/python3.12/site-packages/airflow/example_dags/example_latest_only_with_trigger.py
[2024-06-18T13:04:12.280+0000] {logging_mixin.py:188} INFO - [2024-06-18T13:04:12.279+0000] {dag.py:3096} INFO - Sync 1 DAGs
[2024-06-18T13:04:12.294+0000] {logging_mixin.py:188} INFO - [2024-06-18T13:04:12.294+0000] {dag.py:3954} INFO - Setting next_dagrun for latest_only_with_trigger to 2024-06-18 08:00:00+00:00, run_after=2024-06-18 12:00:00+00:00
[2024-06-18T13:04:12.305+0000] {processor.py:183} INFO - Processing /home/airflow/.local/lib/python3.12/site-packages/airflow/example_dags/example_latest_only_with_trigger.py took 0.041 seconds
[2024-06-18T13:04:43.197+0000] {processor.py:161} INFO - Started process (PID=105) to work on /home/airflow/.local/lib/python3.12/site-packages/airflow/example_dags/example_latest_only_with_trigger.py
[2024-06-18T13:04:43.197+0000] {processor.py:830} INFO - Processing file /home/airflow/.local/lib/python3.12/site-packages/airflow/example_dags/example_latest_only_with_trigger.py for tasks to queue
[2024-06-18T13:04:43.198+0000] {logging_mixin.py:188} INFO - [2024-06-18T13:04:43.198+0000] {dagbag.py:545} INFO - Filling up the DagBag from /home/airflow/.local/lib/python3.12/site-packages/airflow/example_dags/example_latest_only_with_trigger.py
[2024-06-18T13:04:43.201+0000] {processor.py:840} INFO - DAG(s) 'latest_only_with_trigger' retrieved from /home/airflow/.local/lib/python3.12/site-packages/airflow/example_dags/example_latest_only_with_trigger.py
[2024-06-18T13:04:43.258+0000] {logging_mixin.py:188} INFO - [2024-06-18T13:04:43.258+0000] {dag.py:3096} INFO - Sync 1 DAGs
[2024-06-18T13:04:43.268+0000] {logging_mixin.py:188} INFO - [2024-06-18T13:04:43.268+0000] {dag.py:3954} INFO - Setting next_dagrun for latest_only_with_trigger to 2024-06-18 08:00:00+00:00, run_after=2024-06-18 12:00:00+00:00
[2024-06-18T13:04:43.278+0000] {processor.py:183} INFO - Processing /home/airflow/.local/lib/python3.12/site-packages/airflow/example_dags/example_latest_only_with_trigger.py took 0.084 seconds
[2024-06-18T13:05:13.711+0000] {processor.py:161} INFO - Started process (PID=163) to work on /home/airflow/.local/lib/python3.12/site-packages/airflow/example_dags/example_latest_only_with_trigger.py
[2024-06-18T13:05:13.712+0000] {processor.py:830} INFO - Processing file /home/airflow/.local/lib/python3.12/site-packages/airflow/example_dags/example_latest_only_with_trigger.py for tasks to queue
[2024-06-18T13:05:13.712+0000] {logging_mixin.py:188} INFO - [2024-06-18T13:05:13.712+0000] {dagbag.py:545} INFO - Filling up the DagBag from /home/airflow/.local/lib/python3.12/site-packages/airflow/example_dags/example_latest_only_with_trigger.py
[2024-06-18T13:05:13.715+0000] {processor.py:840} INFO - DAG(s) 'latest_only_with_trigger' retrieved from /home/airflow/.local/lib/python3.12/site-packages/airflow/example_dags/example_latest_only_with_trigger.py
[2024-06-18T13:05:13.726+0000] {logging_mixin.py:188} INFO - [2024-06-18T13:05:13.726+0000] {dag.py:3096} INFO - Sync 1 DAGs
[2024-06-18T13:05:13.737+0000] {logging_mixin.py:188} INFO - [2024-06-18T13:05:13.737+0000] {dag.py:3954} INFO - Setting next_dagrun for latest_only_with_trigger to 2024-06-18 08:00:00+00:00, run_after=2024-06-18 12:00:00+00:00
[2024-06-18T13:05:13.747+0000] {processor.py:183} INFO - Processing /home/airflow/.local/lib/python3.12/site-packages/airflow/example_dags/example_latest_only_with_trigger.py took 0.039 seconds
[2024-06-18T13:05:43.910+0000] {processor.py:161} INFO - Started process (PID=222) to work on /home/airflow/.local/lib/python3.12/site-packages/airflow/example_dags/example_latest_only_with_trigger.py
[2024-06-18T13:05:43.911+0000] {processor.py:830} INFO - Processing file /home/airflow/.local/lib/python3.12/site-packages/airflow/example_dags/example_latest_only_with_trigger.py for tasks to queue
[2024-06-18T13:05:43.912+0000] {logging_mixin.py:188} INFO - [2024-06-18T13:05:43.912+0000] {dagbag.py:545} INFO - Filling up the DagBag from /home/airflow/.local/lib/python3.12/site-packages/airflow/example_dags/example_latest_only_with_trigger.py
[2024-06-18T13:05:43.915+0000] {processor.py:840} INFO - DAG(s) 'latest_only_with_trigger' retrieved from /home/airflow/.local/lib/python3.12/site-packages/airflow/example_dags/example_latest_only_with_trigger.py
[2024-06-18T13:05:43.926+0000] {logging_mixin.py:188} INFO - [2024-06-18T13:05:43.925+0000] {dag.py:3096} INFO - Sync 1 DAGs
[2024-06-18T13:05:43.937+0000] {logging_mixin.py:188} INFO - [2024-06-18T13:05:43.937+0000] {dag.py:3954} INFO - Setting next_dagrun for latest_only_with_trigger to 2024-06-18 08:00:00+00:00, run_after=2024-06-18 12:00:00+00:00
[2024-06-18T13:05:43.946+0000] {processor.py:183} INFO - Processing /home/airflow/.local/lib/python3.12/site-packages/airflow/example_dags/example_latest_only_with_trigger.py took 0.038 seconds
[2024-06-18T13:06:14.203+0000] {processor.py:161} INFO - Started process (PID=280) to work on /home/airflow/.local/lib/python3.12/site-packages/airflow/example_dags/example_latest_only_with_trigger.py
[2024-06-18T13:06:14.203+0000] {processor.py:830} INFO - Processing file /home/airflow/.local/lib/python3.12/site-packages/airflow/example_dags/example_latest_only_with_trigger.py for tasks to queue
[2024-06-18T13:06:14.204+0000] {logging_mixin.py:188} INFO - [2024-06-18T13:06:14.204+0000] {dagbag.py:545} INFO - Filling up the DagBag from /home/airflow/.local/lib/python3.12/site-packages/airflow/example_dags/example_latest_only_with_trigger.py
[2024-06-18T13:06:14.207+0000] {processor.py:840} INFO - DAG(s) 'latest_only_with_trigger' retrieved from /home/airflow/.local/lib/python3.12/site-packages/airflow/example_dags/example_latest_only_with_trigger.py
[2024-06-18T13:06:14.219+0000] {logging_mixin.py:188} INFO - [2024-06-18T13:06:14.218+0000] {dag.py:3096} INFO - Sync 1 DAGs
[2024-06-18T13:06:14.230+0000] {logging_mixin.py:188} INFO - [2024-06-18T13:06:14.230+0000] {dag.py:3954} INFO - Setting next_dagrun for latest_only_with_trigger to 2024-06-18 08:00:00+00:00, run_after=2024-06-18 12:00:00+00:00
[2024-06-18T13:06:14.240+0000] {processor.py:183} INFO - Processing /home/airflow/.local/lib/python3.12/site-packages/airflow/example_dags/example_latest_only_with_trigger.py took 0.040 seconds
[2024-06-18T13:06:44.289+0000] {processor.py:161} INFO - Started process (PID=338) to work on /home/airflow/.local/lib/python3.12/site-packages/airflow/example_dags/example_latest_only_with_trigger.py
[2024-06-18T13:06:44.290+0000] {processor.py:830} INFO - Processing file /home/airflow/.local/lib/python3.12/site-packages/airflow/example_dags/example_latest_only_with_trigger.py for tasks to queue
[2024-06-18T13:06:44.291+0000] {logging_mixin.py:188} INFO - [2024-06-18T13:06:44.291+0000] {dagbag.py:545} INFO - Filling up the DagBag from /home/airflow/.local/lib/python3.12/site-packages/airflow/example_dags/example_latest_only_with_trigger.py
[2024-06-18T13:06:44.294+0000] {processor.py:840} INFO - DAG(s) 'latest_only_with_trigger' retrieved from /home/airflow/.local/lib/python3.12/site-packages/airflow/example_dags/example_latest_only_with_trigger.py
[2024-06-18T13:06:44.306+0000] {logging_mixin.py:188} INFO - [2024-06-18T13:06:44.306+0000] {dag.py:3096} INFO - Sync 1 DAGs
[2024-06-18T13:06:44.322+0000] {logging_mixin.py:188} INFO - [2024-06-18T13:06:44.322+0000] {dag.py:3954} INFO - Setting next_dagrun for latest_only_with_trigger to 2024-06-18 08:00:00+00:00, run_after=2024-06-18 12:00:00+00:00
[2024-06-18T13:06:44.333+0000] {processor.py:183} INFO - Processing /home/airflow/.local/lib/python3.12/site-packages/airflow/example_dags/example_latest_only_with_trigger.py took 0.047 seconds
[2024-06-18T13:07:14.510+0000] {processor.py:161} INFO - Started process (PID=396) to work on /home/airflow/.local/lib/python3.12/site-packages/airflow/example_dags/example_latest_only_with_trigger.py
[2024-06-18T13:07:14.511+0000] {processor.py:830} INFO - Processing file /home/airflow/.local/lib/python3.12/site-packages/airflow/example_dags/example_latest_only_with_trigger.py for tasks to queue
[2024-06-18T13:07:14.512+0000] {logging_mixin.py:188} INFO - [2024-06-18T13:07:14.512+0000] {dagbag.py:545} INFO - Filling up the DagBag from /home/airflow/.local/lib/python3.12/site-packages/airflow/example_dags/example_latest_only_with_trigger.py
[2024-06-18T13:07:14.515+0000] {processor.py:840} INFO - DAG(s) 'latest_only_with_trigger' retrieved from /home/airflow/.local/lib/python3.12/site-packages/airflow/example_dags/example_latest_only_with_trigger.py
[2024-06-18T13:07:14.530+0000] {logging_mixin.py:188} INFO - [2024-06-18T13:07:14.530+0000] {dag.py:3096} INFO - Sync 1 DAGs
[2024-06-18T13:07:14.545+0000] {logging_mixin.py:188} INFO - [2024-06-18T13:07:14.545+0000] {dag.py:3954} INFO - Setting next_dagrun for latest_only_with_trigger to 2024-06-18 08:00:00+00:00, run_after=2024-06-18 12:00:00+00:00
[2024-06-18T13:07:14.558+0000] {processor.py:183} INFO - Processing /home/airflow/.local/lib/python3.12/site-packages/airflow/example_dags/example_latest_only_with_trigger.py took 0.051 seconds
[2024-06-18T13:07:44.892+0000] {processor.py:161} INFO - Started process (PID=454) to work on /home/airflow/.local/lib/python3.12/site-packages/airflow/example_dags/example_latest_only_with_trigger.py
[2024-06-18T13:07:44.893+0000] {processor.py:830} INFO - Processing file /home/airflow/.local/lib/python3.12/site-packages/airflow/example_dags/example_latest_only_with_trigger.py for tasks to queue
[2024-06-18T13:07:44.894+0000] {logging_mixin.py:188} INFO - [2024-06-18T13:07:44.894+0000] {dagbag.py:545} INFO - Filling up the DagBag from /home/airflow/.local/lib/python3.12/site-packages/airflow/example_dags/example_latest_only_with_trigger.py
[2024-06-18T13:07:44.897+0000] {processor.py:840} INFO - DAG(s) 'latest_only_with_trigger' retrieved from /home/airflow/.local/lib/python3.12/site-packages/airflow/example_dags/example_latest_only_with_trigger.py
[2024-06-18T13:07:44.911+0000] {logging_mixin.py:188} INFO - [2024-06-18T13:07:44.911+0000] {dag.py:3096} INFO - Sync 1 DAGs
[2024-06-18T13:07:44.927+0000] {logging_mixin.py:188} INFO - [2024-06-18T13:07:44.927+0000] {dag.py:3954} INFO - Setting next_dagrun for latest_only_with_trigger to 2024-06-18 08:00:00+00:00, run_after=2024-06-18 12:00:00+00:00
[2024-06-18T13:07:44.941+0000] {processor.py:183} INFO - Processing /home/airflow/.local/lib/python3.12/site-packages/airflow/example_dags/example_latest_only_with_trigger.py took 0.052 seconds
[2024-06-18T13:08:15.009+0000] {processor.py:161} INFO - Started process (PID=512) to work on /home/airflow/.local/lib/python3.12/site-packages/airflow/example_dags/example_latest_only_with_trigger.py
[2024-06-18T13:08:15.010+0000] {processor.py:830} INFO - Processing file /home/airflow/.local/lib/python3.12/site-packages/airflow/example_dags/example_latest_only_with_trigger.py for tasks to queue
[2024-06-18T13:08:15.011+0000] {logging_mixin.py:188} INFO - [2024-06-18T13:08:15.011+0000] {dagbag.py:545} INFO - Filling up the DagBag from /home/airflow/.local/lib/python3.12/site-packages/airflow/example_dags/example_latest_only_with_trigger.py
[2024-06-18T13:08:15.015+0000] {processor.py:840} INFO - DAG(s) 'latest_only_with_trigger' retrieved from /home/airflow/.local/lib/python3.12/site-packages/airflow/example_dags/example_latest_only_with_trigger.py
[2024-06-18T13:08:15.029+0000] {logging_mixin.py:188} INFO - [2024-06-18T13:08:15.028+0000] {dag.py:3096} INFO - Sync 1 DAGs
[2024-06-18T13:08:15.042+0000] {logging_mixin.py:188} INFO - [2024-06-18T13:08:15.042+0000] {dag.py:3954} INFO - Setting next_dagrun for latest_only_with_trigger to 2024-06-18 08:00:00+00:00, run_after=2024-06-18 12:00:00+00:00
[2024-06-18T13:08:15.057+0000] {processor.py:183} INFO - Processing /home/airflow/.local/lib/python3.12/site-packages/airflow/example_dags/example_latest_only_with_trigger.py took 0.051 seconds
[2024-06-18T13:08:45.202+0000] {processor.py:161} INFO - Started process (PID=570) to work on /home/airflow/.local/lib/python3.12/site-packages/airflow/example_dags/example_latest_only_with_trigger.py
[2024-06-18T13:08:45.202+0000] {processor.py:830} INFO - Processing file /home/airflow/.local/lib/python3.12/site-packages/airflow/example_dags/example_latest_only_with_trigger.py for tasks to queue
[2024-06-18T13:08:45.203+0000] {logging_mixin.py:188} INFO - [2024-06-18T13:08:45.203+0000] {dagbag.py:545} INFO - Filling up the DagBag from /home/airflow/.local/lib/python3.12/site-packages/airflow/example_dags/example_latest_only_with_trigger.py
[2024-06-18T13:08:45.206+0000] {processor.py:840} INFO - DAG(s) 'latest_only_with_trigger' retrieved from /home/airflow/.local/lib/python3.12/site-packages/airflow/example_dags/example_latest_only_with_trigger.py
[2024-06-18T13:08:45.217+0000] {logging_mixin.py:188} INFO - [2024-06-18T13:08:45.217+0000] {dag.py:3096} INFO - Sync 1 DAGs
[2024-06-18T13:08:45.229+0000] {logging_mixin.py:188} INFO - [2024-06-18T13:08:45.229+0000] {dag.py:3954} INFO - Setting next_dagrun for latest_only_with_trigger to 2024-06-18 08:00:00+00:00, run_after=2024-06-18 12:00:00+00:00
[2024-06-18T13:08:45.239+0000] {processor.py:183} INFO - Processing /home/airflow/.local/lib/python3.12/site-packages/airflow/example_dags/example_latest_only_with_trigger.py took 0.041 seconds
[2024-06-18T13:09:16.145+0000] {processor.py:161} INFO - Started process (PID=628) to work on /home/airflow/.local/lib/python3.12/site-packages/airflow/example_dags/example_latest_only_with_trigger.py
[2024-06-18T13:09:16.146+0000] {processor.py:830} INFO - Processing file /home/airflow/.local/lib/python3.12/site-packages/airflow/example_dags/example_latest_only_with_trigger.py for tasks to queue
[2024-06-18T13:09:16.147+0000] {logging_mixin.py:188} INFO - [2024-06-18T13:09:16.146+0000] {dagbag.py:545} INFO - Filling up the DagBag from /home/airflow/.local/lib/python3.12/site-packages/airflow/example_dags/example_latest_only_with_trigger.py
[2024-06-18T13:09:16.149+0000] {processor.py:840} INFO - DAG(s) 'latest_only_with_trigger' retrieved from /home/airflow/.local/lib/python3.12/site-packages/airflow/example_dags/example_latest_only_with_trigger.py
[2024-06-18T13:09:16.161+0000] {logging_mixin.py:188} INFO - [2024-06-18T13:09:16.161+0000] {dag.py:3096} INFO - Sync 1 DAGs
[2024-06-18T13:09:16.173+0000] {logging_mixin.py:188} INFO - [2024-06-18T13:09:16.173+0000] {dag.py:3954} INFO - Setting next_dagrun for latest_only_with_trigger to 2024-06-18 08:00:00+00:00, run_after=2024-06-18 12:00:00+00:00
[2024-06-18T13:09:16.183+0000] {processor.py:183} INFO - Processing /home/airflow/.local/lib/python3.12/site-packages/airflow/example_dags/example_latest_only_with_trigger.py took 0.041 seconds
[2024-06-18T13:09:46.993+0000] {processor.py:161} INFO - Started process (PID=686) to work on /home/airflow/.local/lib/python3.12/site-packages/airflow/example_dags/example_latest_only_with_trigger.py
[2024-06-18T13:09:46.994+0000] {processor.py:830} INFO - Processing file /home/airflow/.local/lib/python3.12/site-packages/airflow/example_dags/example_latest_only_with_trigger.py for tasks to queue
[2024-06-18T13:09:46.995+0000] {logging_mixin.py:188} INFO - [2024-06-18T13:09:46.994+0000] {dagbag.py:545} INFO - Filling up the DagBag from /home/airflow/.local/lib/python3.12/site-packages/airflow/example_dags/example_latest_only_with_trigger.py
[2024-06-18T13:09:46.998+0000] {processor.py:840} INFO - DAG(s) 'latest_only_with_trigger' retrieved from /home/airflow/.local/lib/python3.12/site-packages/airflow/example_dags/example_latest_only_with_trigger.py
[2024-06-18T13:09:47.010+0000] {logging_mixin.py:188} INFO - [2024-06-18T13:09:47.010+0000] {dag.py:3096} INFO - Sync 1 DAGs
[2024-06-18T13:09:47.023+0000] {logging_mixin.py:188} INFO - [2024-06-18T13:09:47.023+0000] {dag.py:3954} INFO - Setting next_dagrun for latest_only_with_trigger to 2024-06-18 08:00:00+00:00, run_after=2024-06-18 12:00:00+00:00
[2024-06-18T13:09:47.034+0000] {processor.py:183} INFO - Processing /home/airflow/.local/lib/python3.12/site-packages/airflow/example_dags/example_latest_only_with_trigger.py took 0.044 seconds
[2024-06-18T13:10:17.107+0000] {processor.py:161} INFO - Started process (PID=742) to work on /home/airflow/.local/lib/python3.12/site-packages/airflow/example_dags/example_latest_only_with_trigger.py
[2024-06-18T13:10:17.111+0000] {processor.py:830} INFO - Processing file /home/airflow/.local/lib/python3.12/site-packages/airflow/example_dags/example_latest_only_with_trigger.py for tasks to queue
[2024-06-18T13:10:17.113+0000] {logging_mixin.py:188} INFO - [2024-06-18T13:10:17.112+0000] {dagbag.py:545} INFO - Filling up the DagBag from /home/airflow/.local/lib/python3.12/site-packages/airflow/example_dags/example_latest_only_with_trigger.py
[2024-06-18T13:10:17.117+0000] {processor.py:840} INFO - DAG(s) 'latest_only_with_trigger' retrieved from /home/airflow/.local/lib/python3.12/site-packages/airflow/example_dags/example_latest_only_with_trigger.py
[2024-06-18T13:10:17.133+0000] {logging_mixin.py:188} INFO - [2024-06-18T13:10:17.133+0000] {dag.py:3096} INFO - Sync 1 DAGs
[2024-06-18T13:10:17.149+0000] {logging_mixin.py:188} INFO - [2024-06-18T13:10:17.149+0000] {dag.py:3954} INFO - Setting next_dagrun for latest_only_with_trigger to 2024-06-18 08:00:00+00:00, run_after=2024-06-18 12:00:00+00:00
[2024-06-18T13:10:17.160+0000] {processor.py:183} INFO - Processing /home/airflow/.local/lib/python3.12/site-packages/airflow/example_dags/example_latest_only_with_trigger.py took 0.059 seconds
[2024-06-18T13:10:47.268+0000] {processor.py:161} INFO - Started process (PID=800) to work on /home/airflow/.local/lib/python3.12/site-packages/airflow/example_dags/example_latest_only_with_trigger.py
[2024-06-18T13:10:47.274+0000] {processor.py:830} INFO - Processing file /home/airflow/.local/lib/python3.12/site-packages/airflow/example_dags/example_latest_only_with_trigger.py for tasks to queue
[2024-06-18T13:10:47.277+0000] {logging_mixin.py:188} INFO - [2024-06-18T13:10:47.277+0000] {dagbag.py:545} INFO - Filling up the DagBag from /home/airflow/.local/lib/python3.12/site-packages/airflow/example_dags/example_latest_only_with_trigger.py
[2024-06-18T13:10:47.284+0000] {processor.py:840} INFO - DAG(s) 'latest_only_with_trigger' retrieved from /home/airflow/.local/lib/python3.12/site-packages/airflow/example_dags/example_latest_only_with_trigger.py
[2024-06-18T13:10:47.298+0000] {logging_mixin.py:188} INFO - [2024-06-18T13:10:47.298+0000] {dag.py:3096} INFO - Sync 1 DAGs
[2024-06-18T13:10:47.310+0000] {logging_mixin.py:188} INFO - [2024-06-18T13:10:47.310+0000] {dag.py:3954} INFO - Setting next_dagrun for latest_only_with_trigger to 2024-06-18 08:00:00+00:00, run_after=2024-06-18 12:00:00+00:00
[2024-06-18T13:10:47.320+0000] {processor.py:183} INFO - Processing /home/airflow/.local/lib/python3.12/site-packages/airflow/example_dags/example_latest_only_with_trigger.py took 0.055 seconds
[2024-06-18T13:11:17.394+0000] {processor.py:161} INFO - Started process (PID=858) to work on /home/airflow/.local/lib/python3.12/site-packages/airflow/example_dags/example_latest_only_with_trigger.py
[2024-06-18T13:11:17.399+0000] {processor.py:830} INFO - Processing file /home/airflow/.local/lib/python3.12/site-packages/airflow/example_dags/example_latest_only_with_trigger.py for tasks to queue
[2024-06-18T13:11:17.402+0000] {logging_mixin.py:188} INFO - [2024-06-18T13:11:17.402+0000] {dagbag.py:545} INFO - Filling up the DagBag from /home/airflow/.local/lib/python3.12/site-packages/airflow/example_dags/example_latest_only_with_trigger.py
[2024-06-18T13:11:17.409+0000] {processor.py:840} INFO - DAG(s) 'latest_only_with_trigger' retrieved from /home/airflow/.local/lib/python3.12/site-packages/airflow/example_dags/example_latest_only_with_trigger.py
[2024-06-18T13:11:17.424+0000] {logging_mixin.py:188} INFO - [2024-06-18T13:11:17.424+0000] {dag.py:3096} INFO - Sync 1 DAGs
[2024-06-18T13:11:17.436+0000] {logging_mixin.py:188} INFO - [2024-06-18T13:11:17.436+0000] {dag.py:3954} INFO - Setting next_dagrun for latest_only_with_trigger to 2024-06-18 08:00:00+00:00, run_after=2024-06-18 12:00:00+00:00
[2024-06-18T13:11:17.446+0000] {processor.py:183} INFO - Processing /home/airflow/.local/lib/python3.12/site-packages/airflow/example_dags/example_latest_only_with_trigger.py took 0.056 seconds
