[2024-06-18T13:04:13.105+0000] {processor.py:161} INFO - Started process (PID=70) to work on /home/airflow/.local/lib/python3.12/site-packages/airflow/example_dags/example_dynamic_task_mapping.py
[2024-06-18T13:04:13.105+0000] {processor.py:830} INFO - Processing file /home/airflow/.local/lib/python3.12/site-packages/airflow/example_dags/example_dynamic_task_mapping.py for tasks to queue
[2024-06-18T13:04:13.106+0000] {logging_mixin.py:188} INFO - [2024-06-18T13:04:13.106+0000] {dagbag.py:545} INFO - Filling up the DagBag from /home/airflow/.local/lib/python3.12/site-packages/airflow/example_dags/example_dynamic_task_mapping.py
[2024-06-18T13:04:13.110+0000] {processor.py:840} INFO - DAG(s) 'example_dynamic_task_mapping' retrieved from /home/airflow/.local/lib/python3.12/site-packages/airflow/example_dags/example_dynamic_task_mapping.py
[2024-06-18T13:04:13.117+0000] {logging_mixin.py:188} INFO - [2024-06-18T13:04:13.117+0000] {dag.py:3096} INFO - Sync 1 DAGs
[2024-06-18T13:04:13.133+0000] {logging_mixin.py:188} INFO - [2024-06-18T13:04:13.133+0000] {dag.py:3954} INFO - Setting next_dagrun for example_dynamic_task_mapping to 2022-03-04 00:00:00+00:00, run_after=2022-03-05 00:00:00+00:00
[2024-06-18T13:04:13.144+0000] {processor.py:183} INFO - Processing /home/airflow/.local/lib/python3.12/site-packages/airflow/example_dags/example_dynamic_task_mapping.py took 0.042 seconds
[2024-06-18T13:04:44.464+0000] {processor.py:161} INFO - Started process (PID=128) to work on /home/airflow/.local/lib/python3.12/site-packages/airflow/example_dags/example_dynamic_task_mapping.py
[2024-06-18T13:04:44.465+0000] {processor.py:830} INFO - Processing file /home/airflow/.local/lib/python3.12/site-packages/airflow/example_dags/example_dynamic_task_mapping.py for tasks to queue
[2024-06-18T13:04:44.466+0000] {logging_mixin.py:188} INFO - [2024-06-18T13:04:44.466+0000] {dagbag.py:545} INFO - Filling up the DagBag from /home/airflow/.local/lib/python3.12/site-packages/airflow/example_dags/example_dynamic_task_mapping.py
[2024-06-18T13:04:44.469+0000] {processor.py:840} INFO - DAG(s) 'example_dynamic_task_mapping' retrieved from /home/airflow/.local/lib/python3.12/site-packages/airflow/example_dags/example_dynamic_task_mapping.py
[2024-06-18T13:04:44.524+0000] {logging_mixin.py:188} INFO - [2024-06-18T13:04:44.523+0000] {dag.py:3096} INFO - Sync 1 DAGs
[2024-06-18T13:04:44.535+0000] {logging_mixin.py:188} INFO - [2024-06-18T13:04:44.535+0000] {dag.py:3954} INFO - Setting next_dagrun for example_dynamic_task_mapping to 2022-03-04 00:00:00+00:00, run_after=2022-03-05 00:00:00+00:00
[2024-06-18T13:04:44.545+0000] {processor.py:183} INFO - Processing /home/airflow/.local/lib/python3.12/site-packages/airflow/example_dags/example_dynamic_task_mapping.py took 0.085 seconds
[2024-06-18T13:05:14.568+0000] {processor.py:161} INFO - Started process (PID=186) to work on /home/airflow/.local/lib/python3.12/site-packages/airflow/example_dags/example_dynamic_task_mapping.py
[2024-06-18T13:05:14.569+0000] {processor.py:830} INFO - Processing file /home/airflow/.local/lib/python3.12/site-packages/airflow/example_dags/example_dynamic_task_mapping.py for tasks to queue
[2024-06-18T13:05:14.570+0000] {logging_mixin.py:188} INFO - [2024-06-18T13:05:14.570+0000] {dagbag.py:545} INFO - Filling up the DagBag from /home/airflow/.local/lib/python3.12/site-packages/airflow/example_dags/example_dynamic_task_mapping.py
[2024-06-18T13:05:14.574+0000] {processor.py:840} INFO - DAG(s) 'example_dynamic_task_mapping' retrieved from /home/airflow/.local/lib/python3.12/site-packages/airflow/example_dags/example_dynamic_task_mapping.py
[2024-06-18T13:05:14.585+0000] {logging_mixin.py:188} INFO - [2024-06-18T13:05:14.585+0000] {dag.py:3096} INFO - Sync 1 DAGs
[2024-06-18T13:05:14.596+0000] {logging_mixin.py:188} INFO - [2024-06-18T13:05:14.596+0000] {dag.py:3954} INFO - Setting next_dagrun for example_dynamic_task_mapping to 2022-03-04 00:00:00+00:00, run_after=2022-03-05 00:00:00+00:00
[2024-06-18T13:05:14.605+0000] {processor.py:183} INFO - Processing /home/airflow/.local/lib/python3.12/site-packages/airflow/example_dags/example_dynamic_task_mapping.py took 0.040 seconds
[2024-06-18T13:05:44.795+0000] {processor.py:161} INFO - Started process (PID=245) to work on /home/airflow/.local/lib/python3.12/site-packages/airflow/example_dags/example_dynamic_task_mapping.py
[2024-06-18T13:05:44.796+0000] {processor.py:830} INFO - Processing file /home/airflow/.local/lib/python3.12/site-packages/airflow/example_dags/example_dynamic_task_mapping.py for tasks to queue
[2024-06-18T13:05:44.797+0000] {logging_mixin.py:188} INFO - [2024-06-18T13:05:44.797+0000] {dagbag.py:545} INFO - Filling up the DagBag from /home/airflow/.local/lib/python3.12/site-packages/airflow/example_dags/example_dynamic_task_mapping.py
[2024-06-18T13:05:44.800+0000] {processor.py:840} INFO - DAG(s) 'example_dynamic_task_mapping' retrieved from /home/airflow/.local/lib/python3.12/site-packages/airflow/example_dags/example_dynamic_task_mapping.py
[2024-06-18T13:05:44.813+0000] {logging_mixin.py:188} INFO - [2024-06-18T13:05:44.812+0000] {dag.py:3096} INFO - Sync 1 DAGs
[2024-06-18T13:05:44.826+0000] {logging_mixin.py:188} INFO - [2024-06-18T13:05:44.826+0000] {dag.py:3954} INFO - Setting next_dagrun for example_dynamic_task_mapping to 2022-03-04 00:00:00+00:00, run_after=2022-03-05 00:00:00+00:00
[2024-06-18T13:05:44.836+0000] {processor.py:183} INFO - Processing /home/airflow/.local/lib/python3.12/site-packages/airflow/example_dags/example_dynamic_task_mapping.py took 0.043 seconds
[2024-06-18T13:06:14.900+0000] {processor.py:161} INFO - Started process (PID=303) to work on /home/airflow/.local/lib/python3.12/site-packages/airflow/example_dags/example_dynamic_task_mapping.py
[2024-06-18T13:06:14.901+0000] {processor.py:830} INFO - Processing file /home/airflow/.local/lib/python3.12/site-packages/airflow/example_dags/example_dynamic_task_mapping.py for tasks to queue
[2024-06-18T13:06:14.901+0000] {logging_mixin.py:188} INFO - [2024-06-18T13:06:14.901+0000] {dagbag.py:545} INFO - Filling up the DagBag from /home/airflow/.local/lib/python3.12/site-packages/airflow/example_dags/example_dynamic_task_mapping.py
[2024-06-18T13:06:14.905+0000] {processor.py:840} INFO - DAG(s) 'example_dynamic_task_mapping' retrieved from /home/airflow/.local/lib/python3.12/site-packages/airflow/example_dags/example_dynamic_task_mapping.py
[2024-06-18T13:06:14.915+0000] {logging_mixin.py:188} INFO - [2024-06-18T13:06:14.915+0000] {dag.py:3096} INFO - Sync 1 DAGs
[2024-06-18T13:06:14.928+0000] {logging_mixin.py:188} INFO - [2024-06-18T13:06:14.928+0000] {dag.py:3954} INFO - Setting next_dagrun for example_dynamic_task_mapping to 2022-03-04 00:00:00+00:00, run_after=2022-03-05 00:00:00+00:00
[2024-06-18T13:06:14.937+0000] {processor.py:183} INFO - Processing /home/airflow/.local/lib/python3.12/site-packages/airflow/example_dags/example_dynamic_task_mapping.py took 0.040 seconds
[2024-06-18T13:06:45.121+0000] {processor.py:161} INFO - Started process (PID=361) to work on /home/airflow/.local/lib/python3.12/site-packages/airflow/example_dags/example_dynamic_task_mapping.py
[2024-06-18T13:06:45.122+0000] {processor.py:830} INFO - Processing file /home/airflow/.local/lib/python3.12/site-packages/airflow/example_dags/example_dynamic_task_mapping.py for tasks to queue
[2024-06-18T13:06:45.123+0000] {logging_mixin.py:188} INFO - [2024-06-18T13:06:45.123+0000] {dagbag.py:545} INFO - Filling up the DagBag from /home/airflow/.local/lib/python3.12/site-packages/airflow/example_dags/example_dynamic_task_mapping.py
[2024-06-18T13:06:45.127+0000] {processor.py:840} INFO - DAG(s) 'example_dynamic_task_mapping' retrieved from /home/airflow/.local/lib/python3.12/site-packages/airflow/example_dags/example_dynamic_task_mapping.py
[2024-06-18T13:06:45.139+0000] {logging_mixin.py:188} INFO - [2024-06-18T13:06:45.139+0000] {dag.py:3096} INFO - Sync 1 DAGs
[2024-06-18T13:06:45.152+0000] {logging_mixin.py:188} INFO - [2024-06-18T13:06:45.152+0000] {dag.py:3954} INFO - Setting next_dagrun for example_dynamic_task_mapping to 2022-03-04 00:00:00+00:00, run_after=2022-03-05 00:00:00+00:00
[2024-06-18T13:06:45.163+0000] {processor.py:183} INFO - Processing /home/airflow/.local/lib/python3.12/site-packages/airflow/example_dags/example_dynamic_task_mapping.py took 0.045 seconds
[2024-06-18T13:07:15.351+0000] {processor.py:161} INFO - Started process (PID=419) to work on /home/airflow/.local/lib/python3.12/site-packages/airflow/example_dags/example_dynamic_task_mapping.py
[2024-06-18T13:07:15.352+0000] {processor.py:830} INFO - Processing file /home/airflow/.local/lib/python3.12/site-packages/airflow/example_dags/example_dynamic_task_mapping.py for tasks to queue
[2024-06-18T13:07:15.353+0000] {logging_mixin.py:188} INFO - [2024-06-18T13:07:15.353+0000] {dagbag.py:545} INFO - Filling up the DagBag from /home/airflow/.local/lib/python3.12/site-packages/airflow/example_dags/example_dynamic_task_mapping.py
[2024-06-18T13:07:15.359+0000] {processor.py:840} INFO - DAG(s) 'example_dynamic_task_mapping' retrieved from /home/airflow/.local/lib/python3.12/site-packages/airflow/example_dags/example_dynamic_task_mapping.py
[2024-06-18T13:07:15.371+0000] {logging_mixin.py:188} INFO - [2024-06-18T13:07:15.370+0000] {dag.py:3096} INFO - Sync 1 DAGs
[2024-06-18T13:07:15.385+0000] {logging_mixin.py:188} INFO - [2024-06-18T13:07:15.385+0000] {dag.py:3954} INFO - Setting next_dagrun for example_dynamic_task_mapping to 2022-03-04 00:00:00+00:00, run_after=2022-03-05 00:00:00+00:00
[2024-06-18T13:07:15.397+0000] {processor.py:183} INFO - Processing /home/airflow/.local/lib/python3.12/site-packages/airflow/example_dags/example_dynamic_task_mapping.py took 0.049 seconds
[2024-06-18T13:07:45.840+0000] {processor.py:161} INFO - Started process (PID=477) to work on /home/airflow/.local/lib/python3.12/site-packages/airflow/example_dags/example_dynamic_task_mapping.py
[2024-06-18T13:07:45.841+0000] {processor.py:830} INFO - Processing file /home/airflow/.local/lib/python3.12/site-packages/airflow/example_dags/example_dynamic_task_mapping.py for tasks to queue
[2024-06-18T13:07:45.842+0000] {logging_mixin.py:188} INFO - [2024-06-18T13:07:45.841+0000] {dagbag.py:545} INFO - Filling up the DagBag from /home/airflow/.local/lib/python3.12/site-packages/airflow/example_dags/example_dynamic_task_mapping.py
[2024-06-18T13:07:45.845+0000] {processor.py:840} INFO - DAG(s) 'example_dynamic_task_mapping' retrieved from /home/airflow/.local/lib/python3.12/site-packages/airflow/example_dags/example_dynamic_task_mapping.py
[2024-06-18T13:07:45.861+0000] {logging_mixin.py:188} INFO - [2024-06-18T13:07:45.861+0000] {dag.py:3096} INFO - Sync 1 DAGs
[2024-06-18T13:07:45.876+0000] {logging_mixin.py:188} INFO - [2024-06-18T13:07:45.876+0000] {dag.py:3954} INFO - Setting next_dagrun for example_dynamic_task_mapping to 2022-03-04 00:00:00+00:00, run_after=2022-03-05 00:00:00+00:00
[2024-06-18T13:07:45.889+0000] {processor.py:183} INFO - Processing /home/airflow/.local/lib/python3.12/site-packages/airflow/example_dags/example_dynamic_task_mapping.py took 0.054 seconds
[2024-06-18T13:08:15.962+0000] {processor.py:161} INFO - Started process (PID=535) to work on /home/airflow/.local/lib/python3.12/site-packages/airflow/example_dags/example_dynamic_task_mapping.py
[2024-06-18T13:08:15.963+0000] {processor.py:830} INFO - Processing file /home/airflow/.local/lib/python3.12/site-packages/airflow/example_dags/example_dynamic_task_mapping.py for tasks to queue
[2024-06-18T13:08:15.964+0000] {logging_mixin.py:188} INFO - [2024-06-18T13:08:15.964+0000] {dagbag.py:545} INFO - Filling up the DagBag from /home/airflow/.local/lib/python3.12/site-packages/airflow/example_dags/example_dynamic_task_mapping.py
[2024-06-18T13:08:15.968+0000] {processor.py:840} INFO - DAG(s) 'example_dynamic_task_mapping' retrieved from /home/airflow/.local/lib/python3.12/site-packages/airflow/example_dags/example_dynamic_task_mapping.py
[2024-06-18T13:08:15.980+0000] {logging_mixin.py:188} INFO - [2024-06-18T13:08:15.980+0000] {dag.py:3096} INFO - Sync 1 DAGs
[2024-06-18T13:08:15.994+0000] {logging_mixin.py:188} INFO - [2024-06-18T13:08:15.993+0000] {dag.py:3954} INFO - Setting next_dagrun for example_dynamic_task_mapping to 2022-03-04 00:00:00+00:00, run_after=2022-03-05 00:00:00+00:00
[2024-06-18T13:08:16.005+0000] {processor.py:183} INFO - Processing /home/airflow/.local/lib/python3.12/site-packages/airflow/example_dags/example_dynamic_task_mapping.py took 0.047 seconds
[2024-06-18T13:08:46.062+0000] {processor.py:161} INFO - Started process (PID=593) to work on /home/airflow/.local/lib/python3.12/site-packages/airflow/example_dags/example_dynamic_task_mapping.py
[2024-06-18T13:08:46.063+0000] {processor.py:830} INFO - Processing file /home/airflow/.local/lib/python3.12/site-packages/airflow/example_dags/example_dynamic_task_mapping.py for tasks to queue
[2024-06-18T13:08:46.064+0000] {logging_mixin.py:188} INFO - [2024-06-18T13:08:46.063+0000] {dagbag.py:545} INFO - Filling up the DagBag from /home/airflow/.local/lib/python3.12/site-packages/airflow/example_dags/example_dynamic_task_mapping.py
[2024-06-18T13:08:46.067+0000] {processor.py:840} INFO - DAG(s) 'example_dynamic_task_mapping' retrieved from /home/airflow/.local/lib/python3.12/site-packages/airflow/example_dags/example_dynamic_task_mapping.py
[2024-06-18T13:08:46.078+0000] {logging_mixin.py:188} INFO - [2024-06-18T13:08:46.078+0000] {dag.py:3096} INFO - Sync 1 DAGs
[2024-06-18T13:08:46.092+0000] {logging_mixin.py:188} INFO - [2024-06-18T13:08:46.092+0000] {dag.py:3954} INFO - Setting next_dagrun for example_dynamic_task_mapping to 2022-03-04 00:00:00+00:00, run_after=2022-03-05 00:00:00+00:00
[2024-06-18T13:08:46.102+0000] {processor.py:183} INFO - Processing /home/airflow/.local/lib/python3.12/site-packages/airflow/example_dags/example_dynamic_task_mapping.py took 0.044 seconds
[2024-06-18T13:09:16.934+0000] {processor.py:161} INFO - Started process (PID=651) to work on /home/airflow/.local/lib/python3.12/site-packages/airflow/example_dags/example_dynamic_task_mapping.py
[2024-06-18T13:09:16.935+0000] {processor.py:830} INFO - Processing file /home/airflow/.local/lib/python3.12/site-packages/airflow/example_dags/example_dynamic_task_mapping.py for tasks to queue
[2024-06-18T13:09:16.936+0000] {logging_mixin.py:188} INFO - [2024-06-18T13:09:16.935+0000] {dagbag.py:545} INFO - Filling up the DagBag from /home/airflow/.local/lib/python3.12/site-packages/airflow/example_dags/example_dynamic_task_mapping.py
[2024-06-18T13:09:16.939+0000] {processor.py:840} INFO - DAG(s) 'example_dynamic_task_mapping' retrieved from /home/airflow/.local/lib/python3.12/site-packages/airflow/example_dags/example_dynamic_task_mapping.py
[2024-06-18T13:09:16.950+0000] {logging_mixin.py:188} INFO - [2024-06-18T13:09:16.949+0000] {dag.py:3096} INFO - Sync 1 DAGs
[2024-06-18T13:09:16.961+0000] {logging_mixin.py:188} INFO - [2024-06-18T13:09:16.961+0000] {dag.py:3954} INFO - Setting next_dagrun for example_dynamic_task_mapping to 2022-03-04 00:00:00+00:00, run_after=2022-03-05 00:00:00+00:00
[2024-06-18T13:09:16.972+0000] {processor.py:183} INFO - Processing /home/airflow/.local/lib/python3.12/site-packages/airflow/example_dags/example_dynamic_task_mapping.py took 0.042 seconds
[2024-06-18T13:09:47.863+0000] {processor.py:161} INFO - Started process (PID=709) to work on /home/airflow/.local/lib/python3.12/site-packages/airflow/example_dags/example_dynamic_task_mapping.py
[2024-06-18T13:09:47.864+0000] {processor.py:830} INFO - Processing file /home/airflow/.local/lib/python3.12/site-packages/airflow/example_dags/example_dynamic_task_mapping.py for tasks to queue
[2024-06-18T13:09:47.866+0000] {logging_mixin.py:188} INFO - [2024-06-18T13:09:47.865+0000] {dagbag.py:545} INFO - Filling up the DagBag from /home/airflow/.local/lib/python3.12/site-packages/airflow/example_dags/example_dynamic_task_mapping.py
[2024-06-18T13:09:47.870+0000] {processor.py:840} INFO - DAG(s) 'example_dynamic_task_mapping' retrieved from /home/airflow/.local/lib/python3.12/site-packages/airflow/example_dags/example_dynamic_task_mapping.py
[2024-06-18T13:09:47.881+0000] {logging_mixin.py:188} INFO - [2024-06-18T13:09:47.881+0000] {dag.py:3096} INFO - Sync 1 DAGs
[2024-06-18T13:09:47.893+0000] {logging_mixin.py:188} INFO - [2024-06-18T13:09:47.893+0000] {dag.py:3954} INFO - Setting next_dagrun for example_dynamic_task_mapping to 2022-03-04 00:00:00+00:00, run_after=2022-03-05 00:00:00+00:00
[2024-06-18T13:09:47.903+0000] {processor.py:183} INFO - Processing /home/airflow/.local/lib/python3.12/site-packages/airflow/example_dags/example_dynamic_task_mapping.py took 0.045 seconds
[2024-06-18T13:10:18.004+0000] {processor.py:161} INFO - Started process (PID=766) to work on /home/airflow/.local/lib/python3.12/site-packages/airflow/example_dags/example_dynamic_task_mapping.py
[2024-06-18T13:10:18.005+0000] {processor.py:830} INFO - Processing file /home/airflow/.local/lib/python3.12/site-packages/airflow/example_dags/example_dynamic_task_mapping.py for tasks to queue
[2024-06-18T13:10:18.006+0000] {logging_mixin.py:188} INFO - [2024-06-18T13:10:18.005+0000] {dagbag.py:545} INFO - Filling up the DagBag from /home/airflow/.local/lib/python3.12/site-packages/airflow/example_dags/example_dynamic_task_mapping.py
[2024-06-18T13:10:18.012+0000] {processor.py:840} INFO - DAG(s) 'example_dynamic_task_mapping' retrieved from /home/airflow/.local/lib/python3.12/site-packages/airflow/example_dags/example_dynamic_task_mapping.py
[2024-06-18T13:10:18.023+0000] {logging_mixin.py:188} INFO - [2024-06-18T13:10:18.023+0000] {dag.py:3096} INFO - Sync 1 DAGs
[2024-06-18T13:10:18.036+0000] {logging_mixin.py:188} INFO - [2024-06-18T13:10:18.036+0000] {dag.py:3954} INFO - Setting next_dagrun for example_dynamic_task_mapping to 2022-03-04 00:00:00+00:00, run_after=2022-03-05 00:00:00+00:00
[2024-06-18T13:10:18.046+0000] {processor.py:183} INFO - Processing /home/airflow/.local/lib/python3.12/site-packages/airflow/example_dags/example_dynamic_task_mapping.py took 0.045 seconds
[2024-06-18T13:10:48.188+0000] {processor.py:161} INFO - Started process (PID=824) to work on /home/airflow/.local/lib/python3.12/site-packages/airflow/example_dags/example_dynamic_task_mapping.py
[2024-06-18T13:10:48.189+0000] {processor.py:830} INFO - Processing file /home/airflow/.local/lib/python3.12/site-packages/airflow/example_dags/example_dynamic_task_mapping.py for tasks to queue
[2024-06-18T13:10:48.189+0000] {logging_mixin.py:188} INFO - [2024-06-18T13:10:48.189+0000] {dagbag.py:545} INFO - Filling up the DagBag from /home/airflow/.local/lib/python3.12/site-packages/airflow/example_dags/example_dynamic_task_mapping.py
[2024-06-18T13:10:48.193+0000] {processor.py:840} INFO - DAG(s) 'example_dynamic_task_mapping' retrieved from /home/airflow/.local/lib/python3.12/site-packages/airflow/example_dags/example_dynamic_task_mapping.py
[2024-06-18T13:10:48.204+0000] {logging_mixin.py:188} INFO - [2024-06-18T13:10:48.204+0000] {dag.py:3096} INFO - Sync 1 DAGs
[2024-06-18T13:10:48.215+0000] {logging_mixin.py:188} INFO - [2024-06-18T13:10:48.215+0000] {dag.py:3954} INFO - Setting next_dagrun for example_dynamic_task_mapping to 2022-03-04 00:00:00+00:00, run_after=2022-03-05 00:00:00+00:00
[2024-06-18T13:10:48.224+0000] {processor.py:183} INFO - Processing /home/airflow/.local/lib/python3.12/site-packages/airflow/example_dags/example_dynamic_task_mapping.py took 0.039 seconds
[2024-06-18T13:11:18.394+0000] {processor.py:161} INFO - Started process (PID=882) to work on /home/airflow/.local/lib/python3.12/site-packages/airflow/example_dags/example_dynamic_task_mapping.py
[2024-06-18T13:11:18.395+0000] {processor.py:830} INFO - Processing file /home/airflow/.local/lib/python3.12/site-packages/airflow/example_dags/example_dynamic_task_mapping.py for tasks to queue
[2024-06-18T13:11:18.395+0000] {logging_mixin.py:188} INFO - [2024-06-18T13:11:18.395+0000] {dagbag.py:545} INFO - Filling up the DagBag from /home/airflow/.local/lib/python3.12/site-packages/airflow/example_dags/example_dynamic_task_mapping.py
[2024-06-18T13:11:18.399+0000] {processor.py:840} INFO - DAG(s) 'example_dynamic_task_mapping' retrieved from /home/airflow/.local/lib/python3.12/site-packages/airflow/example_dags/example_dynamic_task_mapping.py
[2024-06-18T13:11:18.410+0000] {logging_mixin.py:188} INFO - [2024-06-18T13:11:18.410+0000] {dag.py:3096} INFO - Sync 1 DAGs
[2024-06-18T13:11:18.422+0000] {logging_mixin.py:188} INFO - [2024-06-18T13:11:18.422+0000] {dag.py:3954} INFO - Setting next_dagrun for example_dynamic_task_mapping to 2022-03-04 00:00:00+00:00, run_after=2022-03-05 00:00:00+00:00
[2024-06-18T13:11:18.432+0000] {processor.py:183} INFO - Processing /home/airflow/.local/lib/python3.12/site-packages/airflow/example_dags/example_dynamic_task_mapping.py took 0.042 seconds
