[2024-06-18T13:04:12.501+0000] {processor.py:161} INFO - Started process (PID=52) to work on /home/airflow/.local/lib/python3.12/site-packages/airflow/example_dags/example_sla_dag.py
[2024-06-18T13:04:12.501+0000] {processor.py:830} INFO - Processing file /home/airflow/.local/lib/python3.12/site-packages/airflow/example_dags/example_sla_dag.py for tasks to queue
[2024-06-18T13:04:12.502+0000] {logging_mixin.py:188} INFO - [2024-06-18T13:04:12.502+0000] {dagbag.py:545} INFO - Filling up the DagBag from /home/airflow/.local/lib/python3.12/site-packages/airflow/example_dags/example_sla_dag.py
[2024-06-18T13:04:12.509+0000] {processor.py:840} INFO - DAG(s) 'example_sla_dag' retrieved from /home/airflow/.local/lib/python3.12/site-packages/airflow/example_dags/example_sla_dag.py
[2024-06-18T13:04:12.516+0000] {logging_mixin.py:188} INFO - [2024-06-18T13:04:12.516+0000] {dag.py:3096} INFO - Sync 1 DAGs
[2024-06-18T13:04:12.530+0000] {logging_mixin.py:188} INFO - [2024-06-18T13:04:12.530+0000] {dag.py:3954} INFO - Setting next_dagrun for example_sla_dag to 2024-06-18 13:02:00+00:00, run_after=2024-06-18 13:04:00+00:00
[2024-06-18T13:04:12.540+0000] {processor.py:183} INFO - Processing /home/airflow/.local/lib/python3.12/site-packages/airflow/example_dags/example_sla_dag.py took 0.043 seconds
[2024-06-18T13:04:43.435+0000] {processor.py:161} INFO - Started process (PID=110) to work on /home/airflow/.local/lib/python3.12/site-packages/airflow/example_dags/example_sla_dag.py
[2024-06-18T13:04:43.435+0000] {processor.py:830} INFO - Processing file /home/airflow/.local/lib/python3.12/site-packages/airflow/example_dags/example_sla_dag.py for tasks to queue
[2024-06-18T13:04:43.436+0000] {logging_mixin.py:188} INFO - [2024-06-18T13:04:43.436+0000] {dagbag.py:545} INFO - Filling up the DagBag from /home/airflow/.local/lib/python3.12/site-packages/airflow/example_dags/example_sla_dag.py
[2024-06-18T13:04:43.441+0000] {processor.py:840} INFO - DAG(s) 'example_sla_dag' retrieved from /home/airflow/.local/lib/python3.12/site-packages/airflow/example_dags/example_sla_dag.py
[2024-06-18T13:04:43.497+0000] {logging_mixin.py:188} INFO - [2024-06-18T13:04:43.497+0000] {dag.py:3096} INFO - Sync 1 DAGs
[2024-06-18T13:04:43.509+0000] {logging_mixin.py:188} INFO - [2024-06-18T13:04:43.509+0000] {dag.py:3954} INFO - Setting next_dagrun for example_sla_dag to 2024-06-18 13:02:00+00:00, run_after=2024-06-18 13:04:00+00:00
[2024-06-18T13:04:43.519+0000] {processor.py:183} INFO - Processing /home/airflow/.local/lib/python3.12/site-packages/airflow/example_dags/example_sla_dag.py took 0.087 seconds
[2024-06-18T13:05:13.851+0000] {processor.py:161} INFO - Started process (PID=168) to work on /home/airflow/.local/lib/python3.12/site-packages/airflow/example_dags/example_sla_dag.py
[2024-06-18T13:05:13.851+0000] {processor.py:830} INFO - Processing file /home/airflow/.local/lib/python3.12/site-packages/airflow/example_dags/example_sla_dag.py for tasks to queue
[2024-06-18T13:05:13.852+0000] {logging_mixin.py:188} INFO - [2024-06-18T13:05:13.852+0000] {dagbag.py:545} INFO - Filling up the DagBag from /home/airflow/.local/lib/python3.12/site-packages/airflow/example_dags/example_sla_dag.py
[2024-06-18T13:05:13.856+0000] {processor.py:840} INFO - DAG(s) 'example_sla_dag' retrieved from /home/airflow/.local/lib/python3.12/site-packages/airflow/example_dags/example_sla_dag.py
[2024-06-18T13:05:13.867+0000] {logging_mixin.py:188} INFO - [2024-06-18T13:05:13.867+0000] {dag.py:3096} INFO - Sync 1 DAGs
[2024-06-18T13:05:13.880+0000] {logging_mixin.py:188} INFO - [2024-06-18T13:05:13.880+0000] {dag.py:3954} INFO - Setting next_dagrun for example_sla_dag to 2024-06-18 13:02:00+00:00, run_after=2024-06-18 13:04:00+00:00
[2024-06-18T13:05:13.889+0000] {processor.py:183} INFO - Processing /home/airflow/.local/lib/python3.12/site-packages/airflow/example_dags/example_sla_dag.py took 0.041 seconds
[2024-06-18T13:05:44.077+0000] {processor.py:161} INFO - Started process (PID=227) to work on /home/airflow/.local/lib/python3.12/site-packages/airflow/example_dags/example_sla_dag.py
[2024-06-18T13:05:44.078+0000] {processor.py:830} INFO - Processing file /home/airflow/.local/lib/python3.12/site-packages/airflow/example_dags/example_sla_dag.py for tasks to queue
[2024-06-18T13:05:44.079+0000] {logging_mixin.py:188} INFO - [2024-06-18T13:05:44.079+0000] {dagbag.py:545} INFO - Filling up the DagBag from /home/airflow/.local/lib/python3.12/site-packages/airflow/example_dags/example_sla_dag.py
[2024-06-18T13:05:44.084+0000] {processor.py:840} INFO - DAG(s) 'example_sla_dag' retrieved from /home/airflow/.local/lib/python3.12/site-packages/airflow/example_dags/example_sla_dag.py
[2024-06-18T13:05:44.094+0000] {logging_mixin.py:188} INFO - [2024-06-18T13:05:44.093+0000] {dag.py:3096} INFO - Sync 1 DAGs
[2024-06-18T13:05:44.107+0000] {logging_mixin.py:188} INFO - [2024-06-18T13:05:44.107+0000] {dag.py:3954} INFO - Setting next_dagrun for example_sla_dag to 2024-06-18 13:02:00+00:00, run_after=2024-06-18 13:04:00+00:00
[2024-06-18T13:05:44.117+0000] {processor.py:183} INFO - Processing /home/airflow/.local/lib/python3.12/site-packages/airflow/example_dags/example_sla_dag.py took 0.043 seconds
[2024-06-18T13:06:14.344+0000] {processor.py:161} INFO - Started process (PID=285) to work on /home/airflow/.local/lib/python3.12/site-packages/airflow/example_dags/example_sla_dag.py
[2024-06-18T13:06:14.345+0000] {processor.py:830} INFO - Processing file /home/airflow/.local/lib/python3.12/site-packages/airflow/example_dags/example_sla_dag.py for tasks to queue
[2024-06-18T13:06:14.346+0000] {logging_mixin.py:188} INFO - [2024-06-18T13:06:14.346+0000] {dagbag.py:545} INFO - Filling up the DagBag from /home/airflow/.local/lib/python3.12/site-packages/airflow/example_dags/example_sla_dag.py
[2024-06-18T13:06:14.354+0000] {processor.py:840} INFO - DAG(s) 'example_sla_dag' retrieved from /home/airflow/.local/lib/python3.12/site-packages/airflow/example_dags/example_sla_dag.py
[2024-06-18T13:06:14.366+0000] {logging_mixin.py:188} INFO - [2024-06-18T13:06:14.366+0000] {dag.py:3096} INFO - Sync 1 DAGs
[2024-06-18T13:06:14.379+0000] {logging_mixin.py:188} INFO - [2024-06-18T13:06:14.379+0000] {dag.py:3954} INFO - Setting next_dagrun for example_sla_dag to 2024-06-18 13:04:00+00:00, run_after=2024-06-18 13:06:00+00:00
[2024-06-18T13:06:14.389+0000] {processor.py:183} INFO - Processing /home/airflow/.local/lib/python3.12/site-packages/airflow/example_dags/example_sla_dag.py took 0.048 seconds
[2024-06-18T13:06:44.425+0000] {processor.py:161} INFO - Started process (PID=343) to work on /home/airflow/.local/lib/python3.12/site-packages/airflow/example_dags/example_sla_dag.py
[2024-06-18T13:06:44.426+0000] {processor.py:830} INFO - Processing file /home/airflow/.local/lib/python3.12/site-packages/airflow/example_dags/example_sla_dag.py for tasks to queue
[2024-06-18T13:06:44.427+0000] {logging_mixin.py:188} INFO - [2024-06-18T13:06:44.427+0000] {dagbag.py:545} INFO - Filling up the DagBag from /home/airflow/.local/lib/python3.12/site-packages/airflow/example_dags/example_sla_dag.py
[2024-06-18T13:06:44.432+0000] {processor.py:840} INFO - DAG(s) 'example_sla_dag' retrieved from /home/airflow/.local/lib/python3.12/site-packages/airflow/example_dags/example_sla_dag.py
[2024-06-18T13:06:44.443+0000] {logging_mixin.py:188} INFO - [2024-06-18T13:06:44.442+0000] {dag.py:3096} INFO - Sync 1 DAGs
[2024-06-18T13:06:44.456+0000] {logging_mixin.py:188} INFO - [2024-06-18T13:06:44.456+0000] {dag.py:3954} INFO - Setting next_dagrun for example_sla_dag to 2024-06-18 13:04:00+00:00, run_after=2024-06-18 13:06:00+00:00
[2024-06-18T13:06:44.466+0000] {processor.py:183} INFO - Processing /home/airflow/.local/lib/python3.12/site-packages/airflow/example_dags/example_sla_dag.py took 0.045 seconds
[2024-06-18T13:07:14.667+0000] {processor.py:161} INFO - Started process (PID=401) to work on /home/airflow/.local/lib/python3.12/site-packages/airflow/example_dags/example_sla_dag.py
[2024-06-18T13:07:14.668+0000] {processor.py:830} INFO - Processing file /home/airflow/.local/lib/python3.12/site-packages/airflow/example_dags/example_sla_dag.py for tasks to queue
[2024-06-18T13:07:14.669+0000] {logging_mixin.py:188} INFO - [2024-06-18T13:07:14.669+0000] {dagbag.py:545} INFO - Filling up the DagBag from /home/airflow/.local/lib/python3.12/site-packages/airflow/example_dags/example_sla_dag.py
[2024-06-18T13:07:14.675+0000] {processor.py:840} INFO - DAG(s) 'example_sla_dag' retrieved from /home/airflow/.local/lib/python3.12/site-packages/airflow/example_dags/example_sla_dag.py
[2024-06-18T13:07:14.686+0000] {logging_mixin.py:188} INFO - [2024-06-18T13:07:14.686+0000] {dag.py:3096} INFO - Sync 1 DAGs
[2024-06-18T13:07:14.700+0000] {logging_mixin.py:188} INFO - [2024-06-18T13:07:14.700+0000] {dag.py:3954} INFO - Setting next_dagrun for example_sla_dag to 2024-06-18 13:04:00+00:00, run_after=2024-06-18 13:06:00+00:00
[2024-06-18T13:07:14.712+0000] {processor.py:183} INFO - Processing /home/airflow/.local/lib/python3.12/site-packages/airflow/example_dags/example_sla_dag.py took 0.048 seconds
[2024-06-18T13:07:45.078+0000] {processor.py:161} INFO - Started process (PID=459) to work on /home/airflow/.local/lib/python3.12/site-packages/airflow/example_dags/example_sla_dag.py
[2024-06-18T13:07:45.079+0000] {processor.py:830} INFO - Processing file /home/airflow/.local/lib/python3.12/site-packages/airflow/example_dags/example_sla_dag.py for tasks to queue
[2024-06-18T13:07:45.080+0000] {logging_mixin.py:188} INFO - [2024-06-18T13:07:45.080+0000] {dagbag.py:545} INFO - Filling up the DagBag from /home/airflow/.local/lib/python3.12/site-packages/airflow/example_dags/example_sla_dag.py
[2024-06-18T13:07:45.088+0000] {processor.py:840} INFO - DAG(s) 'example_sla_dag' retrieved from /home/airflow/.local/lib/python3.12/site-packages/airflow/example_dags/example_sla_dag.py
[2024-06-18T13:07:45.100+0000] {logging_mixin.py:188} INFO - [2024-06-18T13:07:45.100+0000] {dag.py:3096} INFO - Sync 1 DAGs
[2024-06-18T13:07:45.122+0000] {logging_mixin.py:188} INFO - [2024-06-18T13:07:45.122+0000] {dag.py:3954} INFO - Setting next_dagrun for example_sla_dag to 2024-06-18 13:04:00+00:00, run_after=2024-06-18 13:06:00+00:00
[2024-06-18T13:07:45.138+0000] {processor.py:183} INFO - Processing /home/airflow/.local/lib/python3.12/site-packages/airflow/example_dags/example_sla_dag.py took 0.063 seconds
[2024-06-18T13:08:15.192+0000] {processor.py:161} INFO - Started process (PID=517) to work on /home/airflow/.local/lib/python3.12/site-packages/airflow/example_dags/example_sla_dag.py
[2024-06-18T13:08:15.193+0000] {processor.py:830} INFO - Processing file /home/airflow/.local/lib/python3.12/site-packages/airflow/example_dags/example_sla_dag.py for tasks to queue
[2024-06-18T13:08:15.195+0000] {logging_mixin.py:188} INFO - [2024-06-18T13:08:15.195+0000] {dagbag.py:545} INFO - Filling up the DagBag from /home/airflow/.local/lib/python3.12/site-packages/airflow/example_dags/example_sla_dag.py
[2024-06-18T13:08:15.202+0000] {processor.py:840} INFO - DAG(s) 'example_sla_dag' retrieved from /home/airflow/.local/lib/python3.12/site-packages/airflow/example_dags/example_sla_dag.py
[2024-06-18T13:08:15.216+0000] {logging_mixin.py:188} INFO - [2024-06-18T13:08:15.215+0000] {dag.py:3096} INFO - Sync 1 DAGs
[2024-06-18T13:08:15.231+0000] {logging_mixin.py:188} INFO - [2024-06-18T13:08:15.231+0000] {dag.py:3954} INFO - Setting next_dagrun for example_sla_dag to 2024-06-18 13:06:00+00:00, run_after=2024-06-18 13:08:00+00:00
[2024-06-18T13:08:15.245+0000] {processor.py:183} INFO - Processing /home/airflow/.local/lib/python3.12/site-packages/airflow/example_dags/example_sla_dag.py took 0.057 seconds
[2024-06-18T13:08:45.394+0000] {processor.py:161} INFO - Started process (PID=575) to work on /home/airflow/.local/lib/python3.12/site-packages/airflow/example_dags/example_sla_dag.py
[2024-06-18T13:08:45.395+0000] {processor.py:830} INFO - Processing file /home/airflow/.local/lib/python3.12/site-packages/airflow/example_dags/example_sla_dag.py for tasks to queue
[2024-06-18T13:08:45.397+0000] {logging_mixin.py:188} INFO - [2024-06-18T13:08:45.397+0000] {dagbag.py:545} INFO - Filling up the DagBag from /home/airflow/.local/lib/python3.12/site-packages/airflow/example_dags/example_sla_dag.py
[2024-06-18T13:08:45.405+0000] {processor.py:840} INFO - DAG(s) 'example_sla_dag' retrieved from /home/airflow/.local/lib/python3.12/site-packages/airflow/example_dags/example_sla_dag.py
[2024-06-18T13:08:45.416+0000] {logging_mixin.py:188} INFO - [2024-06-18T13:08:45.416+0000] {dag.py:3096} INFO - Sync 1 DAGs
[2024-06-18T13:08:45.429+0000] {logging_mixin.py:188} INFO - [2024-06-18T13:08:45.429+0000] {dag.py:3954} INFO - Setting next_dagrun for example_sla_dag to 2024-06-18 13:06:00+00:00, run_after=2024-06-18 13:08:00+00:00
[2024-06-18T13:08:45.439+0000] {processor.py:183} INFO - Processing /home/airflow/.local/lib/python3.12/site-packages/airflow/example_dags/example_sla_dag.py took 0.049 seconds
[2024-06-18T13:09:16.343+0000] {processor.py:161} INFO - Started process (PID=633) to work on /home/airflow/.local/lib/python3.12/site-packages/airflow/example_dags/example_sla_dag.py
[2024-06-18T13:09:16.344+0000] {processor.py:830} INFO - Processing file /home/airflow/.local/lib/python3.12/site-packages/airflow/example_dags/example_sla_dag.py for tasks to queue
[2024-06-18T13:09:16.345+0000] {logging_mixin.py:188} INFO - [2024-06-18T13:09:16.344+0000] {dagbag.py:545} INFO - Filling up the DagBag from /home/airflow/.local/lib/python3.12/site-packages/airflow/example_dags/example_sla_dag.py
[2024-06-18T13:09:16.349+0000] {processor.py:840} INFO - DAG(s) 'example_sla_dag' retrieved from /home/airflow/.local/lib/python3.12/site-packages/airflow/example_dags/example_sla_dag.py
[2024-06-18T13:09:16.359+0000] {logging_mixin.py:188} INFO - [2024-06-18T13:09:16.359+0000] {dag.py:3096} INFO - Sync 1 DAGs
[2024-06-18T13:09:16.373+0000] {logging_mixin.py:188} INFO - [2024-06-18T13:09:16.372+0000] {dag.py:3954} INFO - Setting next_dagrun for example_sla_dag to 2024-06-18 13:06:00+00:00, run_after=2024-06-18 13:08:00+00:00
[2024-06-18T13:09:16.382+0000] {processor.py:183} INFO - Processing /home/airflow/.local/lib/python3.12/site-packages/airflow/example_dags/example_sla_dag.py took 0.043 seconds
[2024-06-18T13:09:47.211+0000] {processor.py:161} INFO - Started process (PID=691) to work on /home/airflow/.local/lib/python3.12/site-packages/airflow/example_dags/example_sla_dag.py
[2024-06-18T13:09:47.212+0000] {processor.py:830} INFO - Processing file /home/airflow/.local/lib/python3.12/site-packages/airflow/example_dags/example_sla_dag.py for tasks to queue
[2024-06-18T13:09:47.214+0000] {logging_mixin.py:188} INFO - [2024-06-18T13:09:47.214+0000] {dagbag.py:545} INFO - Filling up the DagBag from /home/airflow/.local/lib/python3.12/site-packages/airflow/example_dags/example_sla_dag.py
[2024-06-18T13:09:47.219+0000] {processor.py:840} INFO - DAG(s) 'example_sla_dag' retrieved from /home/airflow/.local/lib/python3.12/site-packages/airflow/example_dags/example_sla_dag.py
[2024-06-18T13:09:47.230+0000] {logging_mixin.py:188} INFO - [2024-06-18T13:09:47.230+0000] {dag.py:3096} INFO - Sync 1 DAGs
[2024-06-18T13:09:47.244+0000] {logging_mixin.py:188} INFO - [2024-06-18T13:09:47.244+0000] {dag.py:3954} INFO - Setting next_dagrun for example_sla_dag to 2024-06-18 13:06:00+00:00, run_after=2024-06-18 13:08:00+00:00
[2024-06-18T13:09:47.255+0000] {processor.py:183} INFO - Processing /home/airflow/.local/lib/python3.12/site-packages/airflow/example_dags/example_sla_dag.py took 0.048 seconds
[2024-06-18T13:10:17.382+0000] {processor.py:161} INFO - Started process (PID=748) to work on /home/airflow/.local/lib/python3.12/site-packages/airflow/example_dags/example_sla_dag.py
[2024-06-18T13:10:17.382+0000] {processor.py:830} INFO - Processing file /home/airflow/.local/lib/python3.12/site-packages/airflow/example_dags/example_sla_dag.py for tasks to queue
[2024-06-18T13:10:17.383+0000] {logging_mixin.py:188} INFO - [2024-06-18T13:10:17.383+0000] {dagbag.py:545} INFO - Filling up the DagBag from /home/airflow/.local/lib/python3.12/site-packages/airflow/example_dags/example_sla_dag.py
[2024-06-18T13:10:17.388+0000] {processor.py:840} INFO - DAG(s) 'example_sla_dag' retrieved from /home/airflow/.local/lib/python3.12/site-packages/airflow/example_dags/example_sla_dag.py
[2024-06-18T13:10:17.399+0000] {logging_mixin.py:188} INFO - [2024-06-18T13:10:17.399+0000] {dag.py:3096} INFO - Sync 1 DAGs
[2024-06-18T13:10:17.414+0000] {logging_mixin.py:188} INFO - [2024-06-18T13:10:17.413+0000] {dag.py:3954} INFO - Setting next_dagrun for example_sla_dag to 2024-06-18 13:08:00+00:00, run_after=2024-06-18 13:10:00+00:00
[2024-06-18T13:10:17.423+0000] {processor.py:183} INFO - Processing /home/airflow/.local/lib/python3.12/site-packages/airflow/example_dags/example_sla_dag.py took 0.045 seconds
[2024-06-18T13:10:47.521+0000] {processor.py:161} INFO - Started process (PID=806) to work on /home/airflow/.local/lib/python3.12/site-packages/airflow/example_dags/example_sla_dag.py
[2024-06-18T13:10:47.522+0000] {processor.py:830} INFO - Processing file /home/airflow/.local/lib/python3.12/site-packages/airflow/example_dags/example_sla_dag.py for tasks to queue
[2024-06-18T13:10:47.523+0000] {logging_mixin.py:188} INFO - [2024-06-18T13:10:47.523+0000] {dagbag.py:545} INFO - Filling up the DagBag from /home/airflow/.local/lib/python3.12/site-packages/airflow/example_dags/example_sla_dag.py
[2024-06-18T13:10:47.527+0000] {processor.py:840} INFO - DAG(s) 'example_sla_dag' retrieved from /home/airflow/.local/lib/python3.12/site-packages/airflow/example_dags/example_sla_dag.py
[2024-06-18T13:10:47.537+0000] {logging_mixin.py:188} INFO - [2024-06-18T13:10:47.537+0000] {dag.py:3096} INFO - Sync 1 DAGs
[2024-06-18T13:10:47.550+0000] {logging_mixin.py:188} INFO - [2024-06-18T13:10:47.550+0000] {dag.py:3954} INFO - Setting next_dagrun for example_sla_dag to 2024-06-18 13:08:00+00:00, run_after=2024-06-18 13:10:00+00:00
[2024-06-18T13:10:47.559+0000] {processor.py:183} INFO - Processing /home/airflow/.local/lib/python3.12/site-packages/airflow/example_dags/example_sla_dag.py took 0.041 seconds
[2024-06-18T13:11:17.752+0000] {processor.py:161} INFO - Started process (PID=864) to work on /home/airflow/.local/lib/python3.12/site-packages/airflow/example_dags/example_sla_dag.py
[2024-06-18T13:11:17.753+0000] {processor.py:830} INFO - Processing file /home/airflow/.local/lib/python3.12/site-packages/airflow/example_dags/example_sla_dag.py for tasks to queue
[2024-06-18T13:11:17.754+0000] {logging_mixin.py:188} INFO - [2024-06-18T13:11:17.754+0000] {dagbag.py:545} INFO - Filling up the DagBag from /home/airflow/.local/lib/python3.12/site-packages/airflow/example_dags/example_sla_dag.py
[2024-06-18T13:11:17.758+0000] {processor.py:840} INFO - DAG(s) 'example_sla_dag' retrieved from /home/airflow/.local/lib/python3.12/site-packages/airflow/example_dags/example_sla_dag.py
[2024-06-18T13:11:17.770+0000] {logging_mixin.py:188} INFO - [2024-06-18T13:11:17.770+0000] {dag.py:3096} INFO - Sync 1 DAGs
[2024-06-18T13:11:17.784+0000] {logging_mixin.py:188} INFO - [2024-06-18T13:11:17.784+0000] {dag.py:3954} INFO - Setting next_dagrun for example_sla_dag to 2024-06-18 13:08:00+00:00, run_after=2024-06-18 13:10:00+00:00
[2024-06-18T13:11:17.794+0000] {processor.py:183} INFO - Processing /home/airflow/.local/lib/python3.12/site-packages/airflow/example_dags/example_sla_dag.py took 0.044 seconds
