[2024-06-18T13:04:13.168+0000] {processor.py:161} INFO - Started process (PID=73) to work on /home/airflow/.local/lib/python3.12/site-packages/airflow/example_dags/example_python_operator.py
[2024-06-18T13:04:13.168+0000] {processor.py:830} INFO - Processing file /home/airflow/.local/lib/python3.12/site-packages/airflow/example_dags/example_python_operator.py for tasks to queue
[2024-06-18T13:04:13.169+0000] {logging_mixin.py:188} INFO - [2024-06-18T13:04:13.169+0000] {dagbag.py:545} INFO - Filling up the DagBag from /home/airflow/.local/lib/python3.12/site-packages/airflow/example_dags/example_python_operator.py
[2024-06-18T13:04:13.176+0000] {processor.py:840} INFO - DAG(s) 'example_python_operator' retrieved from /home/airflow/.local/lib/python3.12/site-packages/airflow/example_dags/example_python_operator.py
[2024-06-18T13:04:13.183+0000] {logging_mixin.py:188} INFO - [2024-06-18T13:04:13.183+0000] {dag.py:3096} INFO - Sync 1 DAGs
[2024-06-18T13:04:13.192+0000] {logging_mixin.py:188} INFO - [2024-06-18T13:04:13.192+0000] {dag.py:3954} INFO - Setting next_dagrun for example_python_operator to None, run_after=None
[2024-06-18T13:04:13.203+0000] {processor.py:183} INFO - Processing /home/airflow/.local/lib/python3.12/site-packages/airflow/example_dags/example_python_operator.py took 0.038 seconds
[2024-06-18T13:04:44.571+0000] {processor.py:161} INFO - Started process (PID=131) to work on /home/airflow/.local/lib/python3.12/site-packages/airflow/example_dags/example_python_operator.py
[2024-06-18T13:04:44.572+0000] {processor.py:830} INFO - Processing file /home/airflow/.local/lib/python3.12/site-packages/airflow/example_dags/example_python_operator.py for tasks to queue
[2024-06-18T13:04:44.573+0000] {logging_mixin.py:188} INFO - [2024-06-18T13:04:44.573+0000] {dagbag.py:545} INFO - Filling up the DagBag from /home/airflow/.local/lib/python3.12/site-packages/airflow/example_dags/example_python_operator.py
[2024-06-18T13:04:44.579+0000] {processor.py:840} INFO - DAG(s) 'example_python_operator' retrieved from /home/airflow/.local/lib/python3.12/site-packages/airflow/example_dags/example_python_operator.py
[2024-06-18T13:04:44.633+0000] {logging_mixin.py:188} INFO - [2024-06-18T13:04:44.633+0000] {dag.py:3096} INFO - Sync 1 DAGs
[2024-06-18T13:04:44.640+0000] {logging_mixin.py:188} INFO - [2024-06-18T13:04:44.640+0000] {dag.py:3954} INFO - Setting next_dagrun for example_python_operator to None, run_after=None
[2024-06-18T13:04:44.650+0000] {processor.py:183} INFO - Processing /home/airflow/.local/lib/python3.12/site-packages/airflow/example_dags/example_python_operator.py took 0.082 seconds
[2024-06-18T13:05:14.672+0000] {processor.py:161} INFO - Started process (PID=189) to work on /home/airflow/.local/lib/python3.12/site-packages/airflow/example_dags/example_python_operator.py
[2024-06-18T13:05:14.672+0000] {processor.py:830} INFO - Processing file /home/airflow/.local/lib/python3.12/site-packages/airflow/example_dags/example_python_operator.py for tasks to queue
[2024-06-18T13:05:14.673+0000] {logging_mixin.py:188} INFO - [2024-06-18T13:05:14.673+0000] {dagbag.py:545} INFO - Filling up the DagBag from /home/airflow/.local/lib/python3.12/site-packages/airflow/example_dags/example_python_operator.py
[2024-06-18T13:05:14.679+0000] {processor.py:840} INFO - DAG(s) 'example_python_operator' retrieved from /home/airflow/.local/lib/python3.12/site-packages/airflow/example_dags/example_python_operator.py
[2024-06-18T13:05:14.690+0000] {logging_mixin.py:188} INFO - [2024-06-18T13:05:14.690+0000] {dag.py:3096} INFO - Sync 1 DAGs
[2024-06-18T13:05:14.697+0000] {logging_mixin.py:188} INFO - [2024-06-18T13:05:14.696+0000] {dag.py:3954} INFO - Setting next_dagrun for example_python_operator to None, run_after=None
[2024-06-18T13:05:14.706+0000] {processor.py:183} INFO - Processing /home/airflow/.local/lib/python3.12/site-packages/airflow/example_dags/example_python_operator.py took 0.037 seconds
[2024-06-18T13:05:44.871+0000] {processor.py:161} INFO - Started process (PID=248) to work on /home/airflow/.local/lib/python3.12/site-packages/airflow/example_dags/example_python_operator.py
[2024-06-18T13:05:44.872+0000] {processor.py:830} INFO - Processing file /home/airflow/.local/lib/python3.12/site-packages/airflow/example_dags/example_python_operator.py for tasks to queue
[2024-06-18T13:05:44.873+0000] {logging_mixin.py:188} INFO - [2024-06-18T13:05:44.873+0000] {dagbag.py:545} INFO - Filling up the DagBag from /home/airflow/.local/lib/python3.12/site-packages/airflow/example_dags/example_python_operator.py
[2024-06-18T13:05:44.879+0000] {processor.py:840} INFO - DAG(s) 'example_python_operator' retrieved from /home/airflow/.local/lib/python3.12/site-packages/airflow/example_dags/example_python_operator.py
[2024-06-18T13:05:44.892+0000] {logging_mixin.py:188} INFO - [2024-06-18T13:05:44.892+0000] {dag.py:3096} INFO - Sync 1 DAGs
[2024-06-18T13:05:44.899+0000] {logging_mixin.py:188} INFO - [2024-06-18T13:05:44.899+0000] {dag.py:3954} INFO - Setting next_dagrun for example_python_operator to None, run_after=None
[2024-06-18T13:05:44.909+0000] {processor.py:183} INFO - Processing /home/airflow/.local/lib/python3.12/site-packages/airflow/example_dags/example_python_operator.py took 0.043 seconds
[2024-06-18T13:06:14.986+0000] {processor.py:161} INFO - Started process (PID=306) to work on /home/airflow/.local/lib/python3.12/site-packages/airflow/example_dags/example_python_operator.py
[2024-06-18T13:06:14.987+0000] {processor.py:830} INFO - Processing file /home/airflow/.local/lib/python3.12/site-packages/airflow/example_dags/example_python_operator.py for tasks to queue
[2024-06-18T13:06:14.988+0000] {logging_mixin.py:188} INFO - [2024-06-18T13:06:14.988+0000] {dagbag.py:545} INFO - Filling up the DagBag from /home/airflow/.local/lib/python3.12/site-packages/airflow/example_dags/example_python_operator.py
[2024-06-18T13:06:14.994+0000] {processor.py:840} INFO - DAG(s) 'example_python_operator' retrieved from /home/airflow/.local/lib/python3.12/site-packages/airflow/example_dags/example_python_operator.py
[2024-06-18T13:06:15.006+0000] {logging_mixin.py:188} INFO - [2024-06-18T13:06:15.006+0000] {dag.py:3096} INFO - Sync 1 DAGs
[2024-06-18T13:06:15.013+0000] {logging_mixin.py:188} INFO - [2024-06-18T13:06:15.013+0000] {dag.py:3954} INFO - Setting next_dagrun for example_python_operator to None, run_after=None
[2024-06-18T13:06:15.022+0000] {processor.py:183} INFO - Processing /home/airflow/.local/lib/python3.12/site-packages/airflow/example_dags/example_python_operator.py took 0.039 seconds
[2024-06-18T13:06:45.240+0000] {processor.py:161} INFO - Started process (PID=364) to work on /home/airflow/.local/lib/python3.12/site-packages/airflow/example_dags/example_python_operator.py
[2024-06-18T13:06:45.240+0000] {processor.py:830} INFO - Processing file /home/airflow/.local/lib/python3.12/site-packages/airflow/example_dags/example_python_operator.py for tasks to queue
[2024-06-18T13:06:45.241+0000] {logging_mixin.py:188} INFO - [2024-06-18T13:06:45.241+0000] {dagbag.py:545} INFO - Filling up the DagBag from /home/airflow/.local/lib/python3.12/site-packages/airflow/example_dags/example_python_operator.py
[2024-06-18T13:06:45.248+0000] {processor.py:840} INFO - DAG(s) 'example_python_operator' retrieved from /home/airflow/.local/lib/python3.12/site-packages/airflow/example_dags/example_python_operator.py
[2024-06-18T13:06:45.261+0000] {logging_mixin.py:188} INFO - [2024-06-18T13:06:45.261+0000] {dag.py:3096} INFO - Sync 1 DAGs
[2024-06-18T13:06:45.268+0000] {logging_mixin.py:188} INFO - [2024-06-18T13:06:45.268+0000] {dag.py:3954} INFO - Setting next_dagrun for example_python_operator to None, run_after=None
[2024-06-18T13:06:45.281+0000] {processor.py:183} INFO - Processing /home/airflow/.local/lib/python3.12/site-packages/airflow/example_dags/example_python_operator.py took 0.045 seconds
[2024-06-18T13:07:15.477+0000] {processor.py:161} INFO - Started process (PID=422) to work on /home/airflow/.local/lib/python3.12/site-packages/airflow/example_dags/example_python_operator.py
[2024-06-18T13:07:15.478+0000] {processor.py:830} INFO - Processing file /home/airflow/.local/lib/python3.12/site-packages/airflow/example_dags/example_python_operator.py for tasks to queue
[2024-06-18T13:07:15.479+0000] {logging_mixin.py:188} INFO - [2024-06-18T13:07:15.479+0000] {dagbag.py:545} INFO - Filling up the DagBag from /home/airflow/.local/lib/python3.12/site-packages/airflow/example_dags/example_python_operator.py
[2024-06-18T13:07:15.485+0000] {processor.py:840} INFO - DAG(s) 'example_python_operator' retrieved from /home/airflow/.local/lib/python3.12/site-packages/airflow/example_dags/example_python_operator.py
[2024-06-18T13:07:15.500+0000] {logging_mixin.py:188} INFO - [2024-06-18T13:07:15.499+0000] {dag.py:3096} INFO - Sync 1 DAGs
[2024-06-18T13:07:15.509+0000] {logging_mixin.py:188} INFO - [2024-06-18T13:07:15.509+0000] {dag.py:3954} INFO - Setting next_dagrun for example_python_operator to None, run_after=None
[2024-06-18T13:07:15.519+0000] {processor.py:183} INFO - Processing /home/airflow/.local/lib/python3.12/site-packages/airflow/example_dags/example_python_operator.py took 0.045 seconds
[2024-06-18T13:07:45.912+0000] {processor.py:161} INFO - Started process (PID=480) to work on /home/airflow/.local/lib/python3.12/site-packages/airflow/example_dags/example_python_operator.py
[2024-06-18T13:07:45.913+0000] {processor.py:830} INFO - Processing file /home/airflow/.local/lib/python3.12/site-packages/airflow/example_dags/example_python_operator.py for tasks to queue
[2024-06-18T13:07:45.914+0000] {logging_mixin.py:188} INFO - [2024-06-18T13:07:45.914+0000] {dagbag.py:545} INFO - Filling up the DagBag from /home/airflow/.local/lib/python3.12/site-packages/airflow/example_dags/example_python_operator.py
[2024-06-18T13:07:45.923+0000] {processor.py:840} INFO - DAG(s) 'example_python_operator' retrieved from /home/airflow/.local/lib/python3.12/site-packages/airflow/example_dags/example_python_operator.py
[2024-06-18T13:07:45.939+0000] {logging_mixin.py:188} INFO - [2024-06-18T13:07:45.939+0000] {dag.py:3096} INFO - Sync 1 DAGs
[2024-06-18T13:07:45.947+0000] {logging_mixin.py:188} INFO - [2024-06-18T13:07:45.947+0000] {dag.py:3954} INFO - Setting next_dagrun for example_python_operator to None, run_after=None
[2024-06-18T13:07:45.960+0000] {processor.py:183} INFO - Processing /home/airflow/.local/lib/python3.12/site-packages/airflow/example_dags/example_python_operator.py took 0.051 seconds
[2024-06-18T13:08:16.031+0000] {processor.py:161} INFO - Started process (PID=538) to work on /home/airflow/.local/lib/python3.12/site-packages/airflow/example_dags/example_python_operator.py
[2024-06-18T13:08:16.032+0000] {processor.py:830} INFO - Processing file /home/airflow/.local/lib/python3.12/site-packages/airflow/example_dags/example_python_operator.py for tasks to queue
[2024-06-18T13:08:16.033+0000] {logging_mixin.py:188} INFO - [2024-06-18T13:08:16.032+0000] {dagbag.py:545} INFO - Filling up the DagBag from /home/airflow/.local/lib/python3.12/site-packages/airflow/example_dags/example_python_operator.py
[2024-06-18T13:08:16.038+0000] {processor.py:840} INFO - DAG(s) 'example_python_operator' retrieved from /home/airflow/.local/lib/python3.12/site-packages/airflow/example_dags/example_python_operator.py
[2024-06-18T13:08:16.052+0000] {logging_mixin.py:188} INFO - [2024-06-18T13:08:16.052+0000] {dag.py:3096} INFO - Sync 1 DAGs
[2024-06-18T13:08:16.059+0000] {logging_mixin.py:188} INFO - [2024-06-18T13:08:16.059+0000] {dag.py:3954} INFO - Setting next_dagrun for example_python_operator to None, run_after=None
[2024-06-18T13:08:16.072+0000] {processor.py:183} INFO - Processing /home/airflow/.local/lib/python3.12/site-packages/airflow/example_dags/example_python_operator.py took 0.045 seconds
[2024-06-18T13:08:46.178+0000] {processor.py:161} INFO - Started process (PID=596) to work on /home/airflow/.local/lib/python3.12/site-packages/airflow/example_dags/example_python_operator.py
[2024-06-18T13:08:46.179+0000] {processor.py:830} INFO - Processing file /home/airflow/.local/lib/python3.12/site-packages/airflow/example_dags/example_python_operator.py for tasks to queue
[2024-06-18T13:08:46.180+0000] {logging_mixin.py:188} INFO - [2024-06-18T13:08:46.180+0000] {dagbag.py:545} INFO - Filling up the DagBag from /home/airflow/.local/lib/python3.12/site-packages/airflow/example_dags/example_python_operator.py
[2024-06-18T13:08:46.186+0000] {processor.py:840} INFO - DAG(s) 'example_python_operator' retrieved from /home/airflow/.local/lib/python3.12/site-packages/airflow/example_dags/example_python_operator.py
[2024-06-18T13:08:46.199+0000] {logging_mixin.py:188} INFO - [2024-06-18T13:08:46.199+0000] {dag.py:3096} INFO - Sync 1 DAGs
[2024-06-18T13:08:46.206+0000] {logging_mixin.py:188} INFO - [2024-06-18T13:08:46.206+0000] {dag.py:3954} INFO - Setting next_dagrun for example_python_operator to None, run_after=None
[2024-06-18T13:08:46.216+0000] {processor.py:183} INFO - Processing /home/airflow/.local/lib/python3.12/site-packages/airflow/example_dags/example_python_operator.py took 0.041 seconds
[2024-06-18T13:09:17.044+0000] {processor.py:161} INFO - Started process (PID=654) to work on /home/airflow/.local/lib/python3.12/site-packages/airflow/example_dags/example_python_operator.py
[2024-06-18T13:09:17.045+0000] {processor.py:830} INFO - Processing file /home/airflow/.local/lib/python3.12/site-packages/airflow/example_dags/example_python_operator.py for tasks to queue
[2024-06-18T13:09:17.046+0000] {logging_mixin.py:188} INFO - [2024-06-18T13:09:17.046+0000] {dagbag.py:545} INFO - Filling up the DagBag from /home/airflow/.local/lib/python3.12/site-packages/airflow/example_dags/example_python_operator.py
[2024-06-18T13:09:17.052+0000] {processor.py:840} INFO - DAG(s) 'example_python_operator' retrieved from /home/airflow/.local/lib/python3.12/site-packages/airflow/example_dags/example_python_operator.py
[2024-06-18T13:09:17.064+0000] {logging_mixin.py:188} INFO - [2024-06-18T13:09:17.064+0000] {dag.py:3096} INFO - Sync 1 DAGs
[2024-06-18T13:09:17.071+0000] {logging_mixin.py:188} INFO - [2024-06-18T13:09:17.071+0000] {dag.py:3954} INFO - Setting next_dagrun for example_python_operator to None, run_after=None
[2024-06-18T13:09:17.080+0000] {processor.py:183} INFO - Processing /home/airflow/.local/lib/python3.12/site-packages/airflow/example_dags/example_python_operator.py took 0.039 seconds
[2024-06-18T13:09:47.978+0000] {processor.py:161} INFO - Started process (PID=712) to work on /home/airflow/.local/lib/python3.12/site-packages/airflow/example_dags/example_python_operator.py
[2024-06-18T13:09:47.979+0000] {processor.py:830} INFO - Processing file /home/airflow/.local/lib/python3.12/site-packages/airflow/example_dags/example_python_operator.py for tasks to queue
[2024-06-18T13:09:47.980+0000] {logging_mixin.py:188} INFO - [2024-06-18T13:09:47.980+0000] {dagbag.py:545} INFO - Filling up the DagBag from /home/airflow/.local/lib/python3.12/site-packages/airflow/example_dags/example_python_operator.py
[2024-06-18T13:09:47.986+0000] {processor.py:840} INFO - DAG(s) 'example_python_operator' retrieved from /home/airflow/.local/lib/python3.12/site-packages/airflow/example_dags/example_python_operator.py
[2024-06-18T13:09:47.999+0000] {logging_mixin.py:188} INFO - [2024-06-18T13:09:47.999+0000] {dag.py:3096} INFO - Sync 1 DAGs
[2024-06-18T13:09:48.006+0000] {logging_mixin.py:188} INFO - [2024-06-18T13:09:48.006+0000] {dag.py:3954} INFO - Setting next_dagrun for example_python_operator to None, run_after=None
[2024-06-18T13:09:48.017+0000] {processor.py:183} INFO - Processing /home/airflow/.local/lib/python3.12/site-packages/airflow/example_dags/example_python_operator.py took 0.042 seconds
[2024-06-18T13:10:18.118+0000] {processor.py:161} INFO - Started process (PID=769) to work on /home/airflow/.local/lib/python3.12/site-packages/airflow/example_dags/example_python_operator.py
[2024-06-18T13:10:18.119+0000] {processor.py:830} INFO - Processing file /home/airflow/.local/lib/python3.12/site-packages/airflow/example_dags/example_python_operator.py for tasks to queue
[2024-06-18T13:10:18.120+0000] {logging_mixin.py:188} INFO - [2024-06-18T13:10:18.120+0000] {dagbag.py:545} INFO - Filling up the DagBag from /home/airflow/.local/lib/python3.12/site-packages/airflow/example_dags/example_python_operator.py
[2024-06-18T13:10:18.126+0000] {processor.py:840} INFO - DAG(s) 'example_python_operator' retrieved from /home/airflow/.local/lib/python3.12/site-packages/airflow/example_dags/example_python_operator.py
[2024-06-18T13:10:18.139+0000] {logging_mixin.py:188} INFO - [2024-06-18T13:10:18.138+0000] {dag.py:3096} INFO - Sync 1 DAGs
[2024-06-18T13:10:18.147+0000] {logging_mixin.py:188} INFO - [2024-06-18T13:10:18.147+0000] {dag.py:3954} INFO - Setting next_dagrun for example_python_operator to None, run_after=None
[2024-06-18T13:10:18.156+0000] {processor.py:183} INFO - Processing /home/airflow/.local/lib/python3.12/site-packages/airflow/example_dags/example_python_operator.py took 0.041 seconds
[2024-06-18T13:10:48.287+0000] {processor.py:161} INFO - Started process (PID=827) to work on /home/airflow/.local/lib/python3.12/site-packages/airflow/example_dags/example_python_operator.py
[2024-06-18T13:10:48.288+0000] {processor.py:830} INFO - Processing file /home/airflow/.local/lib/python3.12/site-packages/airflow/example_dags/example_python_operator.py for tasks to queue
[2024-06-18T13:10:48.289+0000] {logging_mixin.py:188} INFO - [2024-06-18T13:10:48.289+0000] {dagbag.py:545} INFO - Filling up the DagBag from /home/airflow/.local/lib/python3.12/site-packages/airflow/example_dags/example_python_operator.py
[2024-06-18T13:10:48.295+0000] {processor.py:840} INFO - DAG(s) 'example_python_operator' retrieved from /home/airflow/.local/lib/python3.12/site-packages/airflow/example_dags/example_python_operator.py
[2024-06-18T13:10:48.306+0000] {logging_mixin.py:188} INFO - [2024-06-18T13:10:48.306+0000] {dag.py:3096} INFO - Sync 1 DAGs
[2024-06-18T13:10:48.313+0000] {logging_mixin.py:188} INFO - [2024-06-18T13:10:48.313+0000] {dag.py:3954} INFO - Setting next_dagrun for example_python_operator to None, run_after=None
[2024-06-18T13:10:48.322+0000] {processor.py:183} INFO - Processing /home/airflow/.local/lib/python3.12/site-packages/airflow/example_dags/example_python_operator.py took 0.038 seconds
[2024-06-18T13:11:18.465+0000] {processor.py:161} INFO - Started process (PID=885) to work on /home/airflow/.local/lib/python3.12/site-packages/airflow/example_dags/example_python_operator.py
[2024-06-18T13:11:18.465+0000] {processor.py:830} INFO - Processing file /home/airflow/.local/lib/python3.12/site-packages/airflow/example_dags/example_python_operator.py for tasks to queue
[2024-06-18T13:11:18.466+0000] {logging_mixin.py:188} INFO - [2024-06-18T13:11:18.466+0000] {dagbag.py:545} INFO - Filling up the DagBag from /home/airflow/.local/lib/python3.12/site-packages/airflow/example_dags/example_python_operator.py
[2024-06-18T13:11:18.473+0000] {processor.py:840} INFO - DAG(s) 'example_python_operator' retrieved from /home/airflow/.local/lib/python3.12/site-packages/airflow/example_dags/example_python_operator.py
[2024-06-18T13:11:18.485+0000] {logging_mixin.py:188} INFO - [2024-06-18T13:11:18.485+0000] {dag.py:3096} INFO - Sync 1 DAGs
[2024-06-18T13:11:18.492+0000] {logging_mixin.py:188} INFO - [2024-06-18T13:11:18.492+0000] {dag.py:3954} INFO - Setting next_dagrun for example_python_operator to None, run_after=None
[2024-06-18T13:11:18.502+0000] {processor.py:183} INFO - Processing /home/airflow/.local/lib/python3.12/site-packages/airflow/example_dags/example_python_operator.py took 0.041 seconds
