[2024-06-18T13:04:13.212+0000] {processor.py:161} INFO - Started process (PID=74) to work on /home/airflow/.local/lib/python3.12/site-packages/airflow/example_dags/example_complex.py
[2024-06-18T13:04:13.212+0000] {processor.py:830} INFO - Processing file /home/airflow/.local/lib/python3.12/site-packages/airflow/example_dags/example_complex.py for tasks to queue
[2024-06-18T13:04:13.213+0000] {logging_mixin.py:188} INFO - [2024-06-18T13:04:13.213+0000] {dagbag.py:545} INFO - Filling up the DagBag from /home/airflow/.local/lib/python3.12/site-packages/airflow/example_dags/example_complex.py
[2024-06-18T13:04:13.220+0000] {processor.py:840} INFO - DAG(s) 'example_complex' retrieved from /home/airflow/.local/lib/python3.12/site-packages/airflow/example_dags/example_complex.py
[2024-06-18T13:04:13.227+0000] {logging_mixin.py:188} INFO - [2024-06-18T13:04:13.227+0000] {dag.py:3096} INFO - Sync 1 DAGs
[2024-06-18T13:04:13.234+0000] {logging_mixin.py:188} INFO - [2024-06-18T13:04:13.234+0000] {dag.py:3954} INFO - Setting next_dagrun for example_complex to None, run_after=None
[2024-06-18T13:04:13.244+0000] {processor.py:183} INFO - Processing /home/airflow/.local/lib/python3.12/site-packages/airflow/example_dags/example_complex.py took 0.035 seconds
[2024-06-18T13:04:44.660+0000] {processor.py:161} INFO - Started process (PID=132) to work on /home/airflow/.local/lib/python3.12/site-packages/airflow/example_dags/example_complex.py
[2024-06-18T13:04:44.661+0000] {processor.py:830} INFO - Processing file /home/airflow/.local/lib/python3.12/site-packages/airflow/example_dags/example_complex.py for tasks to queue
[2024-06-18T13:04:44.662+0000] {logging_mixin.py:188} INFO - [2024-06-18T13:04:44.662+0000] {dagbag.py:545} INFO - Filling up the DagBag from /home/airflow/.local/lib/python3.12/site-packages/airflow/example_dags/example_complex.py
[2024-06-18T13:04:44.667+0000] {processor.py:840} INFO - DAG(s) 'example_complex' retrieved from /home/airflow/.local/lib/python3.12/site-packages/airflow/example_dags/example_complex.py
[2024-06-18T13:04:44.725+0000] {logging_mixin.py:188} INFO - [2024-06-18T13:04:44.725+0000] {dag.py:3096} INFO - Sync 1 DAGs
[2024-06-18T13:04:44.730+0000] {logging_mixin.py:188} INFO - [2024-06-18T13:04:44.730+0000] {dag.py:3954} INFO - Setting next_dagrun for example_complex to None, run_after=None
[2024-06-18T13:04:44.741+0000] {processor.py:183} INFO - Processing /home/airflow/.local/lib/python3.12/site-packages/airflow/example_dags/example_complex.py took 0.084 seconds
[2024-06-18T13:05:15.731+0000] {processor.py:161} INFO - Started process (PID=190) to work on /home/airflow/.local/lib/python3.12/site-packages/airflow/example_dags/example_complex.py
[2024-06-18T13:05:15.741+0000] {processor.py:830} INFO - Processing file /home/airflow/.local/lib/python3.12/site-packages/airflow/example_dags/example_complex.py for tasks to queue
[2024-06-18T13:05:15.743+0000] {logging_mixin.py:188} INFO - [2024-06-18T13:05:15.743+0000] {dagbag.py:545} INFO - Filling up the DagBag from /home/airflow/.local/lib/python3.12/site-packages/airflow/example_dags/example_complex.py
[2024-06-18T13:05:15.753+0000] {processor.py:840} INFO - DAG(s) 'example_complex' retrieved from /home/airflow/.local/lib/python3.12/site-packages/airflow/example_dags/example_complex.py
[2024-06-18T13:05:15.771+0000] {logging_mixin.py:188} INFO - [2024-06-18T13:05:15.771+0000] {dag.py:3096} INFO - Sync 1 DAGs
[2024-06-18T13:05:15.778+0000] {logging_mixin.py:188} INFO - [2024-06-18T13:05:15.778+0000] {dag.py:3954} INFO - Setting next_dagrun for example_complex to None, run_after=None
[2024-06-18T13:05:15.788+0000] {processor.py:183} INFO - Processing /home/airflow/.local/lib/python3.12/site-packages/airflow/example_dags/example_complex.py took 0.059 seconds
[2024-06-18T13:05:45.934+0000] {processor.py:161} INFO - Started process (PID=249) to work on /home/airflow/.local/lib/python3.12/site-packages/airflow/example_dags/example_complex.py
[2024-06-18T13:05:45.944+0000] {processor.py:830} INFO - Processing file /home/airflow/.local/lib/python3.12/site-packages/airflow/example_dags/example_complex.py for tasks to queue
[2024-06-18T13:05:45.945+0000] {logging_mixin.py:188} INFO - [2024-06-18T13:05:45.945+0000] {dagbag.py:545} INFO - Filling up the DagBag from /home/airflow/.local/lib/python3.12/site-packages/airflow/example_dags/example_complex.py
[2024-06-18T13:05:45.952+0000] {processor.py:840} INFO - DAG(s) 'example_complex' retrieved from /home/airflow/.local/lib/python3.12/site-packages/airflow/example_dags/example_complex.py
[2024-06-18T13:05:45.972+0000] {logging_mixin.py:188} INFO - [2024-06-18T13:05:45.972+0000] {dag.py:3096} INFO - Sync 1 DAGs
[2024-06-18T13:05:45.980+0000] {logging_mixin.py:188} INFO - [2024-06-18T13:05:45.979+0000] {dag.py:3954} INFO - Setting next_dagrun for example_complex to None, run_after=None
[2024-06-18T13:05:45.991+0000] {processor.py:183} INFO - Processing /home/airflow/.local/lib/python3.12/site-packages/airflow/example_dags/example_complex.py took 0.062 seconds
[2024-06-18T13:06:16.027+0000] {processor.py:161} INFO - Started process (PID=307) to work on /home/airflow/.local/lib/python3.12/site-packages/airflow/example_dags/example_complex.py
[2024-06-18T13:06:16.037+0000] {processor.py:830} INFO - Processing file /home/airflow/.local/lib/python3.12/site-packages/airflow/example_dags/example_complex.py for tasks to queue
[2024-06-18T13:06:16.038+0000] {logging_mixin.py:188} INFO - [2024-06-18T13:06:16.038+0000] {dagbag.py:545} INFO - Filling up the DagBag from /home/airflow/.local/lib/python3.12/site-packages/airflow/example_dags/example_complex.py
[2024-06-18T13:06:16.047+0000] {processor.py:840} INFO - DAG(s) 'example_complex' retrieved from /home/airflow/.local/lib/python3.12/site-packages/airflow/example_dags/example_complex.py
[2024-06-18T13:06:16.068+0000] {logging_mixin.py:188} INFO - [2024-06-18T13:06:16.068+0000] {dag.py:3096} INFO - Sync 1 DAGs
[2024-06-18T13:06:16.075+0000] {logging_mixin.py:188} INFO - [2024-06-18T13:06:16.075+0000] {dag.py:3954} INFO - Setting next_dagrun for example_complex to None, run_after=None
[2024-06-18T13:06:16.085+0000] {processor.py:183} INFO - Processing /home/airflow/.local/lib/python3.12/site-packages/airflow/example_dags/example_complex.py took 0.061 seconds
[2024-06-18T13:06:46.265+0000] {processor.py:161} INFO - Started process (PID=365) to work on /home/airflow/.local/lib/python3.12/site-packages/airflow/example_dags/example_complex.py
[2024-06-18T13:06:46.266+0000] {processor.py:830} INFO - Processing file /home/airflow/.local/lib/python3.12/site-packages/airflow/example_dags/example_complex.py for tasks to queue
[2024-06-18T13:06:46.267+0000] {logging_mixin.py:188} INFO - [2024-06-18T13:06:46.267+0000] {dagbag.py:545} INFO - Filling up the DagBag from /home/airflow/.local/lib/python3.12/site-packages/airflow/example_dags/example_complex.py
[2024-06-18T13:06:46.274+0000] {processor.py:840} INFO - DAG(s) 'example_complex' retrieved from /home/airflow/.local/lib/python3.12/site-packages/airflow/example_dags/example_complex.py
[2024-06-18T13:06:46.296+0000] {logging_mixin.py:188} INFO - [2024-06-18T13:06:46.296+0000] {dag.py:3096} INFO - Sync 1 DAGs
[2024-06-18T13:06:46.303+0000] {logging_mixin.py:188} INFO - [2024-06-18T13:06:46.303+0000] {dag.py:3954} INFO - Setting next_dagrun for example_complex to None, run_after=None
[2024-06-18T13:06:46.316+0000] {processor.py:183} INFO - Processing /home/airflow/.local/lib/python3.12/site-packages/airflow/example_dags/example_complex.py took 0.059 seconds
[2024-06-18T13:07:16.501+0000] {processor.py:161} INFO - Started process (PID=423) to work on /home/airflow/.local/lib/python3.12/site-packages/airflow/example_dags/example_complex.py
[2024-06-18T13:07:16.510+0000] {processor.py:830} INFO - Processing file /home/airflow/.local/lib/python3.12/site-packages/airflow/example_dags/example_complex.py for tasks to queue
[2024-06-18T13:07:16.512+0000] {logging_mixin.py:188} INFO - [2024-06-18T13:07:16.512+0000] {dagbag.py:545} INFO - Filling up the DagBag from /home/airflow/.local/lib/python3.12/site-packages/airflow/example_dags/example_complex.py
[2024-06-18T13:07:16.518+0000] {processor.py:840} INFO - DAG(s) 'example_complex' retrieved from /home/airflow/.local/lib/python3.12/site-packages/airflow/example_dags/example_complex.py
[2024-06-18T13:07:16.542+0000] {logging_mixin.py:188} INFO - [2024-06-18T13:07:16.542+0000] {dag.py:3096} INFO - Sync 1 DAGs
[2024-06-18T13:07:16.550+0000] {logging_mixin.py:188} INFO - [2024-06-18T13:07:16.550+0000] {dag.py:3954} INFO - Setting next_dagrun for example_complex to None, run_after=None
[2024-06-18T13:07:16.561+0000] {processor.py:183} INFO - Processing /home/airflow/.local/lib/python3.12/site-packages/airflow/example_dags/example_complex.py took 0.066 seconds
[2024-06-18T13:07:46.997+0000] {processor.py:161} INFO - Started process (PID=481) to work on /home/airflow/.local/lib/python3.12/site-packages/airflow/example_dags/example_complex.py
[2024-06-18T13:07:47.006+0000] {processor.py:830} INFO - Processing file /home/airflow/.local/lib/python3.12/site-packages/airflow/example_dags/example_complex.py for tasks to queue
[2024-06-18T13:07:47.008+0000] {logging_mixin.py:188} INFO - [2024-06-18T13:07:47.007+0000] {dagbag.py:545} INFO - Filling up the DagBag from /home/airflow/.local/lib/python3.12/site-packages/airflow/example_dags/example_complex.py
[2024-06-18T13:07:47.014+0000] {processor.py:840} INFO - DAG(s) 'example_complex' retrieved from /home/airflow/.local/lib/python3.12/site-packages/airflow/example_dags/example_complex.py
[2024-06-18T13:07:47.037+0000] {logging_mixin.py:188} INFO - [2024-06-18T13:07:47.037+0000] {dag.py:3096} INFO - Sync 1 DAGs
[2024-06-18T13:07:47.045+0000] {logging_mixin.py:188} INFO - [2024-06-18T13:07:47.044+0000] {dag.py:3954} INFO - Setting next_dagrun for example_complex to None, run_after=None
[2024-06-18T13:07:47.057+0000] {processor.py:183} INFO - Processing /home/airflow/.local/lib/python3.12/site-packages/airflow/example_dags/example_complex.py took 0.065 seconds
[2024-06-18T13:08:17.104+0000] {processor.py:161} INFO - Started process (PID=539) to work on /home/airflow/.local/lib/python3.12/site-packages/airflow/example_dags/example_complex.py
[2024-06-18T13:08:17.105+0000] {processor.py:830} INFO - Processing file /home/airflow/.local/lib/python3.12/site-packages/airflow/example_dags/example_complex.py for tasks to queue
[2024-06-18T13:08:17.108+0000] {logging_mixin.py:188} INFO - [2024-06-18T13:08:17.107+0000] {dagbag.py:545} INFO - Filling up the DagBag from /home/airflow/.local/lib/python3.12/site-packages/airflow/example_dags/example_complex.py
[2024-06-18T13:08:17.119+0000] {processor.py:840} INFO - DAG(s) 'example_complex' retrieved from /home/airflow/.local/lib/python3.12/site-packages/airflow/example_dags/example_complex.py
[2024-06-18T13:08:17.143+0000] {logging_mixin.py:188} INFO - [2024-06-18T13:08:17.142+0000] {dag.py:3096} INFO - Sync 1 DAGs
[2024-06-18T13:08:17.151+0000] {logging_mixin.py:188} INFO - [2024-06-18T13:08:17.151+0000] {dag.py:3954} INFO - Setting next_dagrun for example_complex to None, run_after=None
[2024-06-18T13:08:17.162+0000] {processor.py:183} INFO - Processing /home/airflow/.local/lib/python3.12/site-packages/airflow/example_dags/example_complex.py took 0.065 seconds
[2024-06-18T13:08:47.186+0000] {processor.py:161} INFO - Started process (PID=597) to work on /home/airflow/.local/lib/python3.12/site-packages/airflow/example_dags/example_complex.py
[2024-06-18T13:08:47.195+0000] {processor.py:830} INFO - Processing file /home/airflow/.local/lib/python3.12/site-packages/airflow/example_dags/example_complex.py for tasks to queue
[2024-06-18T13:08:47.196+0000] {logging_mixin.py:188} INFO - [2024-06-18T13:08:47.196+0000] {dagbag.py:545} INFO - Filling up the DagBag from /home/airflow/.local/lib/python3.12/site-packages/airflow/example_dags/example_complex.py
[2024-06-18T13:08:47.202+0000] {processor.py:840} INFO - DAG(s) 'example_complex' retrieved from /home/airflow/.local/lib/python3.12/site-packages/airflow/example_dags/example_complex.py
[2024-06-18T13:08:47.222+0000] {logging_mixin.py:188} INFO - [2024-06-18T13:08:47.222+0000] {dag.py:3096} INFO - Sync 1 DAGs
[2024-06-18T13:08:47.231+0000] {logging_mixin.py:188} INFO - [2024-06-18T13:08:47.231+0000] {dag.py:3954} INFO - Setting next_dagrun for example_complex to None, run_after=None
[2024-06-18T13:08:47.242+0000] {processor.py:183} INFO - Processing /home/airflow/.local/lib/python3.12/site-packages/airflow/example_dags/example_complex.py took 0.060 seconds
[2024-06-18T13:09:18.056+0000] {processor.py:161} INFO - Started process (PID=655) to work on /home/airflow/.local/lib/python3.12/site-packages/airflow/example_dags/example_complex.py
[2024-06-18T13:09:18.065+0000] {processor.py:830} INFO - Processing file /home/airflow/.local/lib/python3.12/site-packages/airflow/example_dags/example_complex.py for tasks to queue
[2024-06-18T13:09:18.066+0000] {logging_mixin.py:188} INFO - [2024-06-18T13:09:18.066+0000] {dagbag.py:545} INFO - Filling up the DagBag from /home/airflow/.local/lib/python3.12/site-packages/airflow/example_dags/example_complex.py
[2024-06-18T13:09:18.072+0000] {processor.py:840} INFO - DAG(s) 'example_complex' retrieved from /home/airflow/.local/lib/python3.12/site-packages/airflow/example_dags/example_complex.py
[2024-06-18T13:09:18.090+0000] {logging_mixin.py:188} INFO - [2024-06-18T13:09:18.090+0000] {dag.py:3096} INFO - Sync 1 DAGs
[2024-06-18T13:09:18.097+0000] {logging_mixin.py:188} INFO - [2024-06-18T13:09:18.097+0000] {dag.py:3954} INFO - Setting next_dagrun for example_complex to None, run_after=None
[2024-06-18T13:09:18.108+0000] {processor.py:183} INFO - Processing /home/airflow/.local/lib/python3.12/site-packages/airflow/example_dags/example_complex.py took 0.055 seconds
[2024-06-18T13:09:48.989+0000] {processor.py:161} INFO - Started process (PID=713) to work on /home/airflow/.local/lib/python3.12/site-packages/airflow/example_dags/example_complex.py
[2024-06-18T13:09:48.998+0000] {processor.py:830} INFO - Processing file /home/airflow/.local/lib/python3.12/site-packages/airflow/example_dags/example_complex.py for tasks to queue
[2024-06-18T13:09:49.000+0000] {logging_mixin.py:188} INFO - [2024-06-18T13:09:48.999+0000] {dagbag.py:545} INFO - Filling up the DagBag from /home/airflow/.local/lib/python3.12/site-packages/airflow/example_dags/example_complex.py
[2024-06-18T13:09:49.005+0000] {processor.py:840} INFO - DAG(s) 'example_complex' retrieved from /home/airflow/.local/lib/python3.12/site-packages/airflow/example_dags/example_complex.py
[2024-06-18T13:09:49.024+0000] {logging_mixin.py:188} INFO - [2024-06-18T13:09:49.024+0000] {dag.py:3096} INFO - Sync 1 DAGs
[2024-06-18T13:09:49.031+0000] {logging_mixin.py:188} INFO - [2024-06-18T13:09:49.031+0000] {dag.py:3954} INFO - Setting next_dagrun for example_complex to None, run_after=None
[2024-06-18T13:09:49.043+0000] {processor.py:183} INFO - Processing /home/airflow/.local/lib/python3.12/site-packages/airflow/example_dags/example_complex.py took 0.058 seconds
[2024-06-18T13:10:19.139+0000] {processor.py:161} INFO - Started process (PID=770) to work on /home/airflow/.local/lib/python3.12/site-packages/airflow/example_dags/example_complex.py
[2024-06-18T13:10:19.149+0000] {processor.py:830} INFO - Processing file /home/airflow/.local/lib/python3.12/site-packages/airflow/example_dags/example_complex.py for tasks to queue
[2024-06-18T13:10:19.150+0000] {logging_mixin.py:188} INFO - [2024-06-18T13:10:19.150+0000] {dagbag.py:545} INFO - Filling up the DagBag from /home/airflow/.local/lib/python3.12/site-packages/airflow/example_dags/example_complex.py
[2024-06-18T13:10:19.157+0000] {processor.py:840} INFO - DAG(s) 'example_complex' retrieved from /home/airflow/.local/lib/python3.12/site-packages/airflow/example_dags/example_complex.py
[2024-06-18T13:10:19.176+0000] {logging_mixin.py:188} INFO - [2024-06-18T13:10:19.176+0000] {dag.py:3096} INFO - Sync 1 DAGs
[2024-06-18T13:10:19.183+0000] {logging_mixin.py:188} INFO - [2024-06-18T13:10:19.183+0000] {dag.py:3954} INFO - Setting next_dagrun for example_complex to None, run_after=None
[2024-06-18T13:10:19.194+0000] {processor.py:183} INFO - Processing /home/airflow/.local/lib/python3.12/site-packages/airflow/example_dags/example_complex.py took 0.060 seconds
[2024-06-18T13:10:49.325+0000] {processor.py:161} INFO - Started process (PID=828) to work on /home/airflow/.local/lib/python3.12/site-packages/airflow/example_dags/example_complex.py
[2024-06-18T13:10:49.334+0000] {processor.py:830} INFO - Processing file /home/airflow/.local/lib/python3.12/site-packages/airflow/example_dags/example_complex.py for tasks to queue
[2024-06-18T13:10:49.336+0000] {logging_mixin.py:188} INFO - [2024-06-18T13:10:49.336+0000] {dagbag.py:545} INFO - Filling up the DagBag from /home/airflow/.local/lib/python3.12/site-packages/airflow/example_dags/example_complex.py
[2024-06-18T13:10:49.347+0000] {processor.py:840} INFO - DAG(s) 'example_complex' retrieved from /home/airflow/.local/lib/python3.12/site-packages/airflow/example_dags/example_complex.py
[2024-06-18T13:10:49.365+0000] {logging_mixin.py:188} INFO - [2024-06-18T13:10:49.365+0000] {dag.py:3096} INFO - Sync 1 DAGs
[2024-06-18T13:10:49.372+0000] {logging_mixin.py:188} INFO - [2024-06-18T13:10:49.372+0000] {dag.py:3954} INFO - Setting next_dagrun for example_complex to None, run_after=None
[2024-06-18T13:10:49.383+0000] {processor.py:183} INFO - Processing /home/airflow/.local/lib/python3.12/site-packages/airflow/example_dags/example_complex.py took 0.061 seconds
[2024-06-18T13:11:19.524+0000] {processor.py:161} INFO - Started process (PID=886) to work on /home/airflow/.local/lib/python3.12/site-packages/airflow/example_dags/example_complex.py
[2024-06-18T13:11:19.533+0000] {processor.py:830} INFO - Processing file /home/airflow/.local/lib/python3.12/site-packages/airflow/example_dags/example_complex.py for tasks to queue
[2024-06-18T13:11:19.535+0000] {logging_mixin.py:188} INFO - [2024-06-18T13:11:19.534+0000] {dagbag.py:545} INFO - Filling up the DagBag from /home/airflow/.local/lib/python3.12/site-packages/airflow/example_dags/example_complex.py
[2024-06-18T13:11:19.543+0000] {processor.py:840} INFO - DAG(s) 'example_complex' retrieved from /home/airflow/.local/lib/python3.12/site-packages/airflow/example_dags/example_complex.py
[2024-06-18T13:11:19.561+0000] {logging_mixin.py:188} INFO - [2024-06-18T13:11:19.561+0000] {dag.py:3096} INFO - Sync 1 DAGs
[2024-06-18T13:11:19.568+0000] {logging_mixin.py:188} INFO - [2024-06-18T13:11:19.568+0000] {dag.py:3954} INFO - Setting next_dagrun for example_complex to None, run_after=None
[2024-06-18T13:11:19.578+0000] {processor.py:183} INFO - Processing /home/airflow/.local/lib/python3.12/site-packages/airflow/example_dags/example_complex.py took 0.058 seconds
