[2024-06-18T13:04:11.864+0000] {processor.py:161} INFO - Started process (PID=38) to work on /home/airflow/.local/lib/python3.12/site-packages/airflow/example_dags/example_branch_python_dop_operator_3.py
[2024-06-18T13:04:11.865+0000] {processor.py:830} INFO - Processing file /home/airflow/.local/lib/python3.12/site-packages/airflow/example_dags/example_branch_python_dop_operator_3.py for tasks to queue
[2024-06-18T13:04:11.866+0000] {logging_mixin.py:188} INFO - [2024-06-18T13:04:11.865+0000] {dagbag.py:545} INFO - Filling up the DagBag from /home/airflow/.local/lib/python3.12/site-packages/airflow/example_dags/example_branch_python_dop_operator_3.py
[2024-06-18T13:04:11.871+0000] {processor.py:840} INFO - DAG(s) 'example_branch_dop_operator_v3' retrieved from /home/airflow/.local/lib/python3.12/site-packages/airflow/example_dags/example_branch_python_dop_operator_3.py
[2024-06-18T13:04:11.878+0000] {logging_mixin.py:188} INFO - [2024-06-18T13:04:11.878+0000] {dag.py:3096} INFO - Sync 1 DAGs
[2024-06-18T13:04:11.892+0000] {logging_mixin.py:188} INFO - [2024-06-18T13:04:11.892+0000] {dag.py:3954} INFO - Setting next_dagrun for example_branch_dop_operator_v3 to 2024-06-18 13:03:00+00:00, run_after=2024-06-18 13:04:00+00:00
[2024-06-18T13:04:11.904+0000] {processor.py:183} INFO - Processing /home/airflow/.local/lib/python3.12/site-packages/airflow/example_dags/example_branch_python_dop_operator_3.py took 0.043 seconds
[2024-06-18T13:04:42.756+0000] {processor.py:161} INFO - Started process (PID=96) to work on /home/airflow/.local/lib/python3.12/site-packages/airflow/example_dags/example_branch_python_dop_operator_3.py
[2024-06-18T13:04:42.757+0000] {processor.py:830} INFO - Processing file /home/airflow/.local/lib/python3.12/site-packages/airflow/example_dags/example_branch_python_dop_operator_3.py for tasks to queue
[2024-06-18T13:04:42.758+0000] {logging_mixin.py:188} INFO - [2024-06-18T13:04:42.757+0000] {dagbag.py:545} INFO - Filling up the DagBag from /home/airflow/.local/lib/python3.12/site-packages/airflow/example_dags/example_branch_python_dop_operator_3.py
[2024-06-18T13:04:42.762+0000] {processor.py:840} INFO - DAG(s) 'example_branch_dop_operator_v3' retrieved from /home/airflow/.local/lib/python3.12/site-packages/airflow/example_dags/example_branch_python_dop_operator_3.py
[2024-06-18T13:04:42.817+0000] {logging_mixin.py:188} INFO - [2024-06-18T13:04:42.817+0000] {dag.py:3096} INFO - Sync 1 DAGs
[2024-06-18T13:04:42.830+0000] {logging_mixin.py:188} INFO - [2024-06-18T13:04:42.830+0000] {dag.py:3954} INFO - Setting next_dagrun for example_branch_dop_operator_v3 to 2024-06-18 13:03:00+00:00, run_after=2024-06-18 13:04:00+00:00
[2024-06-18T13:04:42.840+0000] {processor.py:183} INFO - Processing /home/airflow/.local/lib/python3.12/site-packages/airflow/example_dags/example_branch_python_dop_operator_3.py took 0.087 seconds
[2024-06-18T13:05:13.451+0000] {processor.py:161} INFO - Started process (PID=154) to work on /home/airflow/.local/lib/python3.12/site-packages/airflow/example_dags/example_branch_python_dop_operator_3.py
[2024-06-18T13:05:13.452+0000] {processor.py:830} INFO - Processing file /home/airflow/.local/lib/python3.12/site-packages/airflow/example_dags/example_branch_python_dop_operator_3.py for tasks to queue
[2024-06-18T13:05:13.453+0000] {logging_mixin.py:188} INFO - [2024-06-18T13:05:13.452+0000] {dagbag.py:545} INFO - Filling up the DagBag from /home/airflow/.local/lib/python3.12/site-packages/airflow/example_dags/example_branch_python_dop_operator_3.py
[2024-06-18T13:05:13.457+0000] {processor.py:840} INFO - DAG(s) 'example_branch_dop_operator_v3' retrieved from /home/airflow/.local/lib/python3.12/site-packages/airflow/example_dags/example_branch_python_dop_operator_3.py
[2024-06-18T13:05:13.468+0000] {logging_mixin.py:188} INFO - [2024-06-18T13:05:13.468+0000] {dag.py:3096} INFO - Sync 1 DAGs
[2024-06-18T13:05:13.482+0000] {logging_mixin.py:188} INFO - [2024-06-18T13:05:13.481+0000] {dag.py:3954} INFO - Setting next_dagrun for example_branch_dop_operator_v3 to 2024-06-18 13:04:00+00:00, run_after=2024-06-18 13:05:00+00:00
[2024-06-18T13:05:13.493+0000] {processor.py:183} INFO - Processing /home/airflow/.local/lib/python3.12/site-packages/airflow/example_dags/example_branch_python_dop_operator_3.py took 0.045 seconds
[2024-06-18T13:05:43.540+0000] {processor.py:161} INFO - Started process (PID=213) to work on /home/airflow/.local/lib/python3.12/site-packages/airflow/example_dags/example_branch_python_dop_operator_3.py
[2024-06-18T13:05:43.541+0000] {processor.py:830} INFO - Processing file /home/airflow/.local/lib/python3.12/site-packages/airflow/example_dags/example_branch_python_dop_operator_3.py for tasks to queue
[2024-06-18T13:05:43.542+0000] {logging_mixin.py:188} INFO - [2024-06-18T13:05:43.542+0000] {dagbag.py:545} INFO - Filling up the DagBag from /home/airflow/.local/lib/python3.12/site-packages/airflow/example_dags/example_branch_python_dop_operator_3.py
[2024-06-18T13:05:43.547+0000] {processor.py:840} INFO - DAG(s) 'example_branch_dop_operator_v3' retrieved from /home/airflow/.local/lib/python3.12/site-packages/airflow/example_dags/example_branch_python_dop_operator_3.py
[2024-06-18T13:05:43.560+0000] {logging_mixin.py:188} INFO - [2024-06-18T13:05:43.560+0000] {dag.py:3096} INFO - Sync 1 DAGs
[2024-06-18T13:05:43.575+0000] {logging_mixin.py:188} INFO - [2024-06-18T13:05:43.575+0000] {dag.py:3954} INFO - Setting next_dagrun for example_branch_dop_operator_v3 to 2024-06-18 13:04:00+00:00, run_after=2024-06-18 13:05:00+00:00
[2024-06-18T13:05:43.585+0000] {processor.py:183} INFO - Processing /home/airflow/.local/lib/python3.12/site-packages/airflow/example_dags/example_branch_python_dop_operator_3.py took 0.048 seconds
[2024-06-18T13:06:13.836+0000] {processor.py:161} INFO - Started process (PID=271) to work on /home/airflow/.local/lib/python3.12/site-packages/airflow/example_dags/example_branch_python_dop_operator_3.py
[2024-06-18T13:06:13.836+0000] {processor.py:830} INFO - Processing file /home/airflow/.local/lib/python3.12/site-packages/airflow/example_dags/example_branch_python_dop_operator_3.py for tasks to queue
[2024-06-18T13:06:13.837+0000] {logging_mixin.py:188} INFO - [2024-06-18T13:06:13.837+0000] {dagbag.py:545} INFO - Filling up the DagBag from /home/airflow/.local/lib/python3.12/site-packages/airflow/example_dags/example_branch_python_dop_operator_3.py
[2024-06-18T13:06:13.842+0000] {processor.py:840} INFO - DAG(s) 'example_branch_dop_operator_v3' retrieved from /home/airflow/.local/lib/python3.12/site-packages/airflow/example_dags/example_branch_python_dop_operator_3.py
[2024-06-18T13:06:13.859+0000] {logging_mixin.py:188} INFO - [2024-06-18T13:06:13.859+0000] {dag.py:3096} INFO - Sync 1 DAGs
[2024-06-18T13:06:13.873+0000] {logging_mixin.py:188} INFO - [2024-06-18T13:06:13.873+0000] {dag.py:3954} INFO - Setting next_dagrun for example_branch_dop_operator_v3 to 2024-06-18 13:05:00+00:00, run_after=2024-06-18 13:06:00+00:00
[2024-06-18T13:06:13.883+0000] {processor.py:183} INFO - Processing /home/airflow/.local/lib/python3.12/site-packages/airflow/example_dags/example_branch_python_dop_operator_3.py took 0.050 seconds
[2024-06-18T13:06:43.909+0000] {processor.py:161} INFO - Started process (PID=329) to work on /home/airflow/.local/lib/python3.12/site-packages/airflow/example_dags/example_branch_python_dop_operator_3.py
[2024-06-18T13:06:43.910+0000] {processor.py:830} INFO - Processing file /home/airflow/.local/lib/python3.12/site-packages/airflow/example_dags/example_branch_python_dop_operator_3.py for tasks to queue
[2024-06-18T13:06:43.911+0000] {logging_mixin.py:188} INFO - [2024-06-18T13:06:43.911+0000] {dagbag.py:545} INFO - Filling up the DagBag from /home/airflow/.local/lib/python3.12/site-packages/airflow/example_dags/example_branch_python_dop_operator_3.py
[2024-06-18T13:06:43.915+0000] {processor.py:840} INFO - DAG(s) 'example_branch_dop_operator_v3' retrieved from /home/airflow/.local/lib/python3.12/site-packages/airflow/example_dags/example_branch_python_dop_operator_3.py
[2024-06-18T13:06:43.927+0000] {logging_mixin.py:188} INFO - [2024-06-18T13:06:43.926+0000] {dag.py:3096} INFO - Sync 1 DAGs
[2024-06-18T13:06:43.942+0000] {logging_mixin.py:188} INFO - [2024-06-18T13:06:43.941+0000] {dag.py:3954} INFO - Setting next_dagrun for example_branch_dop_operator_v3 to 2024-06-18 13:05:00+00:00, run_after=2024-06-18 13:06:00+00:00
[2024-06-18T13:06:43.952+0000] {processor.py:183} INFO - Processing /home/airflow/.local/lib/python3.12/site-packages/airflow/example_dags/example_branch_python_dop_operator_3.py took 0.047 seconds
[2024-06-18T13:07:14.136+0000] {processor.py:161} INFO - Started process (PID=387) to work on /home/airflow/.local/lib/python3.12/site-packages/airflow/example_dags/example_branch_python_dop_operator_3.py
[2024-06-18T13:07:14.137+0000] {processor.py:830} INFO - Processing file /home/airflow/.local/lib/python3.12/site-packages/airflow/example_dags/example_branch_python_dop_operator_3.py for tasks to queue
[2024-06-18T13:07:14.139+0000] {logging_mixin.py:188} INFO - [2024-06-18T13:07:14.139+0000] {dagbag.py:545} INFO - Filling up the DagBag from /home/airflow/.local/lib/python3.12/site-packages/airflow/example_dags/example_branch_python_dop_operator_3.py
[2024-06-18T13:07:14.144+0000] {processor.py:840} INFO - DAG(s) 'example_branch_dop_operator_v3' retrieved from /home/airflow/.local/lib/python3.12/site-packages/airflow/example_dags/example_branch_python_dop_operator_3.py
[2024-06-18T13:07:14.156+0000] {logging_mixin.py:188} INFO - [2024-06-18T13:07:14.156+0000] {dag.py:3096} INFO - Sync 1 DAGs
[2024-06-18T13:07:14.172+0000] {logging_mixin.py:188} INFO - [2024-06-18T13:07:14.172+0000] {dag.py:3954} INFO - Setting next_dagrun for example_branch_dop_operator_v3 to 2024-06-18 13:06:00+00:00, run_after=2024-06-18 13:07:00+00:00
[2024-06-18T13:07:14.187+0000] {processor.py:183} INFO - Processing /home/airflow/.local/lib/python3.12/site-packages/airflow/example_dags/example_branch_python_dop_operator_3.py took 0.055 seconds
[2024-06-18T13:07:44.438+0000] {processor.py:161} INFO - Started process (PID=445) to work on /home/airflow/.local/lib/python3.12/site-packages/airflow/example_dags/example_branch_python_dop_operator_3.py
[2024-06-18T13:07:44.439+0000] {processor.py:830} INFO - Processing file /home/airflow/.local/lib/python3.12/site-packages/airflow/example_dags/example_branch_python_dop_operator_3.py for tasks to queue
[2024-06-18T13:07:44.440+0000] {logging_mixin.py:188} INFO - [2024-06-18T13:07:44.440+0000] {dagbag.py:545} INFO - Filling up the DagBag from /home/airflow/.local/lib/python3.12/site-packages/airflow/example_dags/example_branch_python_dop_operator_3.py
[2024-06-18T13:07:44.445+0000] {processor.py:840} INFO - DAG(s) 'example_branch_dop_operator_v3' retrieved from /home/airflow/.local/lib/python3.12/site-packages/airflow/example_dags/example_branch_python_dop_operator_3.py
[2024-06-18T13:07:44.460+0000] {logging_mixin.py:188} INFO - [2024-06-18T13:07:44.460+0000] {dag.py:3096} INFO - Sync 1 DAGs
[2024-06-18T13:07:44.478+0000] {logging_mixin.py:188} INFO - [2024-06-18T13:07:44.478+0000] {dag.py:3954} INFO - Setting next_dagrun for example_branch_dop_operator_v3 to 2024-06-18 13:06:00+00:00, run_after=2024-06-18 13:07:00+00:00
[2024-06-18T13:07:44.491+0000] {processor.py:183} INFO - Processing /home/airflow/.local/lib/python3.12/site-packages/airflow/example_dags/example_branch_python_dop_operator_3.py took 0.056 seconds
[2024-06-18T13:08:14.636+0000] {processor.py:161} INFO - Started process (PID=503) to work on /home/airflow/.local/lib/python3.12/site-packages/airflow/example_dags/example_branch_python_dop_operator_3.py
[2024-06-18T13:08:14.637+0000] {processor.py:830} INFO - Processing file /home/airflow/.local/lib/python3.12/site-packages/airflow/example_dags/example_branch_python_dop_operator_3.py for tasks to queue
[2024-06-18T13:08:14.639+0000] {logging_mixin.py:188} INFO - [2024-06-18T13:08:14.638+0000] {dagbag.py:545} INFO - Filling up the DagBag from /home/airflow/.local/lib/python3.12/site-packages/airflow/example_dags/example_branch_python_dop_operator_3.py
[2024-06-18T13:08:14.644+0000] {processor.py:840} INFO - DAG(s) 'example_branch_dop_operator_v3' retrieved from /home/airflow/.local/lib/python3.12/site-packages/airflow/example_dags/example_branch_python_dop_operator_3.py
[2024-06-18T13:08:14.656+0000] {logging_mixin.py:188} INFO - [2024-06-18T13:08:14.656+0000] {dag.py:3096} INFO - Sync 1 DAGs
[2024-06-18T13:08:14.673+0000] {logging_mixin.py:188} INFO - [2024-06-18T13:08:14.673+0000] {dag.py:3954} INFO - Setting next_dagrun for example_branch_dop_operator_v3 to 2024-06-18 13:07:00+00:00, run_after=2024-06-18 13:08:00+00:00
[2024-06-18T13:08:14.685+0000] {processor.py:183} INFO - Processing /home/airflow/.local/lib/python3.12/site-packages/airflow/example_dags/example_branch_python_dop_operator_3.py took 0.052 seconds
[2024-06-18T13:08:44.750+0000] {processor.py:161} INFO - Started process (PID=561) to work on /home/airflow/.local/lib/python3.12/site-packages/airflow/example_dags/example_branch_python_dop_operator_3.py
[2024-06-18T13:08:44.751+0000] {processor.py:830} INFO - Processing file /home/airflow/.local/lib/python3.12/site-packages/airflow/example_dags/example_branch_python_dop_operator_3.py for tasks to queue
[2024-06-18T13:08:44.752+0000] {logging_mixin.py:188} INFO - [2024-06-18T13:08:44.752+0000] {dagbag.py:545} INFO - Filling up the DagBag from /home/airflow/.local/lib/python3.12/site-packages/airflow/example_dags/example_branch_python_dop_operator_3.py
[2024-06-18T13:08:44.757+0000] {processor.py:840} INFO - DAG(s) 'example_branch_dop_operator_v3' retrieved from /home/airflow/.local/lib/python3.12/site-packages/airflow/example_dags/example_branch_python_dop_operator_3.py
[2024-06-18T13:08:44.767+0000] {logging_mixin.py:188} INFO - [2024-06-18T13:08:44.767+0000] {dag.py:3096} INFO - Sync 1 DAGs
[2024-06-18T13:08:44.780+0000] {logging_mixin.py:188} INFO - [2024-06-18T13:08:44.780+0000] {dag.py:3954} INFO - Setting next_dagrun for example_branch_dop_operator_v3 to 2024-06-18 13:07:00+00:00, run_after=2024-06-18 13:08:00+00:00
[2024-06-18T13:08:44.789+0000] {processor.py:183} INFO - Processing /home/airflow/.local/lib/python3.12/site-packages/airflow/example_dags/example_branch_python_dop_operator_3.py took 0.042 seconds
[2024-06-18T13:09:14.867+0000] {processor.py:161} INFO - Started process (PID=619) to work on /home/airflow/.local/lib/python3.12/site-packages/airflow/example_dags/example_branch_python_dop_operator_3.py
[2024-06-18T13:09:14.868+0000] {processor.py:830} INFO - Processing file /home/airflow/.local/lib/python3.12/site-packages/airflow/example_dags/example_branch_python_dop_operator_3.py for tasks to queue
[2024-06-18T13:09:14.869+0000] {logging_mixin.py:188} INFO - [2024-06-18T13:09:14.868+0000] {dagbag.py:545} INFO - Filling up the DagBag from /home/airflow/.local/lib/python3.12/site-packages/airflow/example_dags/example_branch_python_dop_operator_3.py
[2024-06-18T13:09:14.873+0000] {processor.py:840} INFO - DAG(s) 'example_branch_dop_operator_v3' retrieved from /home/airflow/.local/lib/python3.12/site-packages/airflow/example_dags/example_branch_python_dop_operator_3.py
[2024-06-18T13:09:14.885+0000] {logging_mixin.py:188} INFO - [2024-06-18T13:09:14.884+0000] {dag.py:3096} INFO - Sync 1 DAGs
[2024-06-18T13:09:14.900+0000] {logging_mixin.py:188} INFO - [2024-06-18T13:09:14.900+0000] {dag.py:3954} INFO - Setting next_dagrun for example_branch_dop_operator_v3 to 2024-06-18 13:08:00+00:00, run_after=2024-06-18 13:09:00+00:00
[2024-06-18T13:09:14.911+0000] {processor.py:183} INFO - Processing /home/airflow/.local/lib/python3.12/site-packages/airflow/example_dags/example_branch_python_dop_operator_3.py took 0.048 seconds
[2024-06-18T13:09:45.670+0000] {processor.py:161} INFO - Started process (PID=677) to work on /home/airflow/.local/lib/python3.12/site-packages/airflow/example_dags/example_branch_python_dop_operator_3.py
[2024-06-18T13:09:45.671+0000] {processor.py:830} INFO - Processing file /home/airflow/.local/lib/python3.12/site-packages/airflow/example_dags/example_branch_python_dop_operator_3.py for tasks to queue
[2024-06-18T13:09:45.672+0000] {logging_mixin.py:188} INFO - [2024-06-18T13:09:45.672+0000] {dagbag.py:545} INFO - Filling up the DagBag from /home/airflow/.local/lib/python3.12/site-packages/airflow/example_dags/example_branch_python_dop_operator_3.py
[2024-06-18T13:09:45.677+0000] {processor.py:840} INFO - DAG(s) 'example_branch_dop_operator_v3' retrieved from /home/airflow/.local/lib/python3.12/site-packages/airflow/example_dags/example_branch_python_dop_operator_3.py
[2024-06-18T13:09:45.689+0000] {logging_mixin.py:188} INFO - [2024-06-18T13:09:45.689+0000] {dag.py:3096} INFO - Sync 1 DAGs
[2024-06-18T13:09:45.705+0000] {logging_mixin.py:188} INFO - [2024-06-18T13:09:45.705+0000] {dag.py:3954} INFO - Setting next_dagrun for example_branch_dop_operator_v3 to 2024-06-18 13:08:00+00:00, run_after=2024-06-18 13:09:00+00:00
[2024-06-18T13:09:45.717+0000] {processor.py:183} INFO - Processing /home/airflow/.local/lib/python3.12/site-packages/airflow/example_dags/example_branch_python_dop_operator_3.py took 0.050 seconds
[2024-06-18T13:10:15.863+0000] {processor.py:161} INFO - Started process (PID=734) to work on /home/airflow/.local/lib/python3.12/site-packages/airflow/example_dags/example_branch_python_dop_operator_3.py
[2024-06-18T13:10:15.863+0000] {processor.py:830} INFO - Processing file /home/airflow/.local/lib/python3.12/site-packages/airflow/example_dags/example_branch_python_dop_operator_3.py for tasks to queue
[2024-06-18T13:10:15.864+0000] {logging_mixin.py:188} INFO - [2024-06-18T13:10:15.864+0000] {dagbag.py:545} INFO - Filling up the DagBag from /home/airflow/.local/lib/python3.12/site-packages/airflow/example_dags/example_branch_python_dop_operator_3.py
[2024-06-18T13:10:15.869+0000] {processor.py:840} INFO - DAG(s) 'example_branch_dop_operator_v3' retrieved from /home/airflow/.local/lib/python3.12/site-packages/airflow/example_dags/example_branch_python_dop_operator_3.py
[2024-06-18T13:10:15.882+0000] {logging_mixin.py:188} INFO - [2024-06-18T13:10:15.881+0000] {dag.py:3096} INFO - Sync 1 DAGs
[2024-06-18T13:10:15.896+0000] {logging_mixin.py:188} INFO - [2024-06-18T13:10:15.896+0000] {dag.py:3954} INFO - Setting next_dagrun for example_branch_dop_operator_v3 to 2024-06-18 13:09:00+00:00, run_after=2024-06-18 13:10:00+00:00
[2024-06-18T13:10:15.906+0000] {processor.py:183} INFO - Processing /home/airflow/.local/lib/python3.12/site-packages/airflow/example_dags/example_branch_python_dop_operator_3.py took 0.047 seconds
[2024-06-18T13:10:46.044+0000] {processor.py:161} INFO - Started process (PID=792) to work on /home/airflow/.local/lib/python3.12/site-packages/airflow/example_dags/example_branch_python_dop_operator_3.py
[2024-06-18T13:10:46.045+0000] {processor.py:830} INFO - Processing file /home/airflow/.local/lib/python3.12/site-packages/airflow/example_dags/example_branch_python_dop_operator_3.py for tasks to queue
[2024-06-18T13:10:46.046+0000] {logging_mixin.py:188} INFO - [2024-06-18T13:10:46.046+0000] {dagbag.py:545} INFO - Filling up the DagBag from /home/airflow/.local/lib/python3.12/site-packages/airflow/example_dags/example_branch_python_dop_operator_3.py
[2024-06-18T13:10:46.051+0000] {processor.py:840} INFO - DAG(s) 'example_branch_dop_operator_v3' retrieved from /home/airflow/.local/lib/python3.12/site-packages/airflow/example_dags/example_branch_python_dop_operator_3.py
[2024-06-18T13:10:46.063+0000] {logging_mixin.py:188} INFO - [2024-06-18T13:10:46.062+0000] {dag.py:3096} INFO - Sync 1 DAGs
[2024-06-18T13:10:46.077+0000] {logging_mixin.py:188} INFO - [2024-06-18T13:10:46.077+0000] {dag.py:3954} INFO - Setting next_dagrun for example_branch_dop_operator_v3 to 2024-06-18 13:09:00+00:00, run_after=2024-06-18 13:10:00+00:00
[2024-06-18T13:10:46.086+0000] {processor.py:183} INFO - Processing /home/airflow/.local/lib/python3.12/site-packages/airflow/example_dags/example_branch_python_dop_operator_3.py took 0.045 seconds
[2024-06-18T13:11:16.158+0000] {processor.py:161} INFO - Started process (PID=850) to work on /home/airflow/.local/lib/python3.12/site-packages/airflow/example_dags/example_branch_python_dop_operator_3.py
[2024-06-18T13:11:16.159+0000] {processor.py:830} INFO - Processing file /home/airflow/.local/lib/python3.12/site-packages/airflow/example_dags/example_branch_python_dop_operator_3.py for tasks to queue
[2024-06-18T13:11:16.160+0000] {logging_mixin.py:188} INFO - [2024-06-18T13:11:16.160+0000] {dagbag.py:545} INFO - Filling up the DagBag from /home/airflow/.local/lib/python3.12/site-packages/airflow/example_dags/example_branch_python_dop_operator_3.py
[2024-06-18T13:11:16.165+0000] {processor.py:840} INFO - DAG(s) 'example_branch_dop_operator_v3' retrieved from /home/airflow/.local/lib/python3.12/site-packages/airflow/example_dags/example_branch_python_dop_operator_3.py
[2024-06-18T13:11:16.176+0000] {logging_mixin.py:188} INFO - [2024-06-18T13:11:16.176+0000] {dag.py:3096} INFO - Sync 1 DAGs
[2024-06-18T13:11:16.189+0000] {logging_mixin.py:188} INFO - [2024-06-18T13:11:16.189+0000] {dag.py:3954} INFO - Setting next_dagrun for example_branch_dop_operator_v3 to 2024-06-18 13:10:00+00:00, run_after=2024-06-18 13:11:00+00:00
[2024-06-18T13:11:16.200+0000] {processor.py:183} INFO - Processing /home/airflow/.local/lib/python3.12/site-packages/airflow/example_dags/example_branch_python_dop_operator_3.py took 0.045 seconds
