[2024-06-18T13:04:12.880+0000] {processor.py:161} INFO - Started process (PID=63) to work on /home/airflow/.local/lib/python3.12/site-packages/airflow/example_dags/example_branch_labels.py
[2024-06-18T13:04:12.881+0000] {processor.py:830} INFO - Processing file /home/airflow/.local/lib/python3.12/site-packages/airflow/example_dags/example_branch_labels.py for tasks to queue
[2024-06-18T13:04:12.882+0000] {logging_mixin.py:188} INFO - [2024-06-18T13:04:12.882+0000] {dagbag.py:545} INFO - Filling up the DagBag from /home/airflow/.local/lib/python3.12/site-packages/airflow/example_dags/example_branch_labels.py
[2024-06-18T13:04:12.887+0000] {processor.py:840} INFO - DAG(s) 'example_branch_labels' retrieved from /home/airflow/.local/lib/python3.12/site-packages/airflow/example_dags/example_branch_labels.py
[2024-06-18T13:04:12.894+0000] {logging_mixin.py:188} INFO - [2024-06-18T13:04:12.894+0000] {dag.py:3096} INFO - Sync 1 DAGs
[2024-06-18T13:04:12.908+0000] {logging_mixin.py:188} INFO - [2024-06-18T13:04:12.908+0000] {dag.py:3954} INFO - Setting next_dagrun for example_branch_labels to 2024-06-17 00:00:00+00:00, run_after=2024-06-18 00:00:00+00:00
[2024-06-18T13:04:12.920+0000] {processor.py:183} INFO - Processing /home/airflow/.local/lib/python3.12/site-packages/airflow/example_dags/example_branch_labels.py took 0.043 seconds
[2024-06-18T13:04:43.989+0000] {processor.py:161} INFO - Started process (PID=121) to work on /home/airflow/.local/lib/python3.12/site-packages/airflow/example_dags/example_branch_labels.py
[2024-06-18T13:04:43.990+0000] {processor.py:830} INFO - Processing file /home/airflow/.local/lib/python3.12/site-packages/airflow/example_dags/example_branch_labels.py for tasks to queue
[2024-06-18T13:04:43.991+0000] {logging_mixin.py:188} INFO - [2024-06-18T13:04:43.991+0000] {dagbag.py:545} INFO - Filling up the DagBag from /home/airflow/.local/lib/python3.12/site-packages/airflow/example_dags/example_branch_labels.py
[2024-06-18T13:04:43.995+0000] {processor.py:840} INFO - DAG(s) 'example_branch_labels' retrieved from /home/airflow/.local/lib/python3.12/site-packages/airflow/example_dags/example_branch_labels.py
[2024-06-18T13:04:44.048+0000] {logging_mixin.py:188} INFO - [2024-06-18T13:04:44.048+0000] {dag.py:3096} INFO - Sync 1 DAGs
[2024-06-18T13:04:44.060+0000] {logging_mixin.py:188} INFO - [2024-06-18T13:04:44.060+0000] {dag.py:3954} INFO - Setting next_dagrun for example_branch_labels to 2024-06-17 00:00:00+00:00, run_after=2024-06-18 00:00:00+00:00
[2024-06-18T13:04:44.069+0000] {processor.py:183} INFO - Processing /home/airflow/.local/lib/python3.12/site-packages/airflow/example_dags/example_branch_labels.py took 0.083 seconds
[2024-06-18T13:05:14.257+0000] {processor.py:161} INFO - Started process (PID=179) to work on /home/airflow/.local/lib/python3.12/site-packages/airflow/example_dags/example_branch_labels.py
[2024-06-18T13:05:14.258+0000] {processor.py:830} INFO - Processing file /home/airflow/.local/lib/python3.12/site-packages/airflow/example_dags/example_branch_labels.py for tasks to queue
[2024-06-18T13:05:14.259+0000] {logging_mixin.py:188} INFO - [2024-06-18T13:05:14.259+0000] {dagbag.py:545} INFO - Filling up the DagBag from /home/airflow/.local/lib/python3.12/site-packages/airflow/example_dags/example_branch_labels.py
[2024-06-18T13:05:14.263+0000] {processor.py:840} INFO - DAG(s) 'example_branch_labels' retrieved from /home/airflow/.local/lib/python3.12/site-packages/airflow/example_dags/example_branch_labels.py
[2024-06-18T13:05:14.274+0000] {logging_mixin.py:188} INFO - [2024-06-18T13:05:14.274+0000] {dag.py:3096} INFO - Sync 1 DAGs
[2024-06-18T13:05:14.286+0000] {logging_mixin.py:188} INFO - [2024-06-18T13:05:14.286+0000] {dag.py:3954} INFO - Setting next_dagrun for example_branch_labels to 2024-06-17 00:00:00+00:00, run_after=2024-06-18 00:00:00+00:00
[2024-06-18T13:05:14.295+0000] {processor.py:183} INFO - Processing /home/airflow/.local/lib/python3.12/site-packages/airflow/example_dags/example_branch_labels.py took 0.040 seconds
[2024-06-18T13:05:44.521+0000] {processor.py:161} INFO - Started process (PID=238) to work on /home/airflow/.local/lib/python3.12/site-packages/airflow/example_dags/example_branch_labels.py
[2024-06-18T13:05:44.522+0000] {processor.py:830} INFO - Processing file /home/airflow/.local/lib/python3.12/site-packages/airflow/example_dags/example_branch_labels.py for tasks to queue
[2024-06-18T13:05:44.523+0000] {logging_mixin.py:188} INFO - [2024-06-18T13:05:44.523+0000] {dagbag.py:545} INFO - Filling up the DagBag from /home/airflow/.local/lib/python3.12/site-packages/airflow/example_dags/example_branch_labels.py
[2024-06-18T13:05:44.527+0000] {processor.py:840} INFO - DAG(s) 'example_branch_labels' retrieved from /home/airflow/.local/lib/python3.12/site-packages/airflow/example_dags/example_branch_labels.py
[2024-06-18T13:05:44.540+0000] {logging_mixin.py:188} INFO - [2024-06-18T13:05:44.539+0000] {dag.py:3096} INFO - Sync 1 DAGs
[2024-06-18T13:05:44.552+0000] {logging_mixin.py:188} INFO - [2024-06-18T13:05:44.552+0000] {dag.py:3954} INFO - Setting next_dagrun for example_branch_labels to 2024-06-17 00:00:00+00:00, run_after=2024-06-18 00:00:00+00:00
[2024-06-18T13:05:44.562+0000] {processor.py:183} INFO - Processing /home/airflow/.local/lib/python3.12/site-packages/airflow/example_dags/example_branch_labels.py took 0.046 seconds
[2024-06-18T13:06:14.706+0000] {processor.py:161} INFO - Started process (PID=296) to work on /home/airflow/.local/lib/python3.12/site-packages/airflow/example_dags/example_branch_labels.py
[2024-06-18T13:06:14.707+0000] {processor.py:830} INFO - Processing file /home/airflow/.local/lib/python3.12/site-packages/airflow/example_dags/example_branch_labels.py for tasks to queue
[2024-06-18T13:06:14.707+0000] {logging_mixin.py:188} INFO - [2024-06-18T13:06:14.707+0000] {dagbag.py:545} INFO - Filling up the DagBag from /home/airflow/.local/lib/python3.12/site-packages/airflow/example_dags/example_branch_labels.py
[2024-06-18T13:06:14.712+0000] {processor.py:840} INFO - DAG(s) 'example_branch_labels' retrieved from /home/airflow/.local/lib/python3.12/site-packages/airflow/example_dags/example_branch_labels.py
[2024-06-18T13:06:14.723+0000] {logging_mixin.py:188} INFO - [2024-06-18T13:06:14.722+0000] {dag.py:3096} INFO - Sync 1 DAGs
[2024-06-18T13:06:14.737+0000] {logging_mixin.py:188} INFO - [2024-06-18T13:06:14.736+0000] {dag.py:3954} INFO - Setting next_dagrun for example_branch_labels to 2024-06-17 00:00:00+00:00, run_after=2024-06-18 00:00:00+00:00
[2024-06-18T13:06:14.747+0000] {processor.py:183} INFO - Processing /home/airflow/.local/lib/python3.12/site-packages/airflow/example_dags/example_branch_labels.py took 0.044 seconds
[2024-06-18T13:06:44.829+0000] {processor.py:161} INFO - Started process (PID=354) to work on /home/airflow/.local/lib/python3.12/site-packages/airflow/example_dags/example_branch_labels.py
[2024-06-18T13:06:44.830+0000] {processor.py:830} INFO - Processing file /home/airflow/.local/lib/python3.12/site-packages/airflow/example_dags/example_branch_labels.py for tasks to queue
[2024-06-18T13:06:44.831+0000] {logging_mixin.py:188} INFO - [2024-06-18T13:06:44.831+0000] {dagbag.py:545} INFO - Filling up the DagBag from /home/airflow/.local/lib/python3.12/site-packages/airflow/example_dags/example_branch_labels.py
[2024-06-18T13:06:44.835+0000] {processor.py:840} INFO - DAG(s) 'example_branch_labels' retrieved from /home/airflow/.local/lib/python3.12/site-packages/airflow/example_dags/example_branch_labels.py
[2024-06-18T13:06:44.847+0000] {logging_mixin.py:188} INFO - [2024-06-18T13:06:44.847+0000] {dag.py:3096} INFO - Sync 1 DAGs
[2024-06-18T13:06:44.861+0000] {logging_mixin.py:188} INFO - [2024-06-18T13:06:44.861+0000] {dag.py:3954} INFO - Setting next_dagrun for example_branch_labels to 2024-06-17 00:00:00+00:00, run_after=2024-06-18 00:00:00+00:00
[2024-06-18T13:06:44.870+0000] {processor.py:183} INFO - Processing /home/airflow/.local/lib/python3.12/site-packages/airflow/example_dags/example_branch_labels.py took 0.045 seconds
[2024-06-18T13:07:15.038+0000] {processor.py:161} INFO - Started process (PID=412) to work on /home/airflow/.local/lib/python3.12/site-packages/airflow/example_dags/example_branch_labels.py
[2024-06-18T13:07:15.039+0000] {processor.py:830} INFO - Processing file /home/airflow/.local/lib/python3.12/site-packages/airflow/example_dags/example_branch_labels.py for tasks to queue
[2024-06-18T13:07:15.040+0000] {logging_mixin.py:188} INFO - [2024-06-18T13:07:15.040+0000] {dagbag.py:545} INFO - Filling up the DagBag from /home/airflow/.local/lib/python3.12/site-packages/airflow/example_dags/example_branch_labels.py
[2024-06-18T13:07:15.045+0000] {processor.py:840} INFO - DAG(s) 'example_branch_labels' retrieved from /home/airflow/.local/lib/python3.12/site-packages/airflow/example_dags/example_branch_labels.py
[2024-06-18T13:07:15.059+0000] {logging_mixin.py:188} INFO - [2024-06-18T13:07:15.059+0000] {dag.py:3096} INFO - Sync 1 DAGs
[2024-06-18T13:07:15.072+0000] {logging_mixin.py:188} INFO - [2024-06-18T13:07:15.072+0000] {dag.py:3954} INFO - Setting next_dagrun for example_branch_labels to 2024-06-17 00:00:00+00:00, run_after=2024-06-18 00:00:00+00:00
[2024-06-18T13:07:15.083+0000] {processor.py:183} INFO - Processing /home/airflow/.local/lib/python3.12/site-packages/airflow/example_dags/example_branch_labels.py took 0.049 seconds
[2024-06-18T13:07:45.558+0000] {processor.py:161} INFO - Started process (PID=470) to work on /home/airflow/.local/lib/python3.12/site-packages/airflow/example_dags/example_branch_labels.py
[2024-06-18T13:07:45.559+0000] {processor.py:830} INFO - Processing file /home/airflow/.local/lib/python3.12/site-packages/airflow/example_dags/example_branch_labels.py for tasks to queue
[2024-06-18T13:07:45.560+0000] {logging_mixin.py:188} INFO - [2024-06-18T13:07:45.560+0000] {dagbag.py:545} INFO - Filling up the DagBag from /home/airflow/.local/lib/python3.12/site-packages/airflow/example_dags/example_branch_labels.py
[2024-06-18T13:07:45.564+0000] {processor.py:840} INFO - DAG(s) 'example_branch_labels' retrieved from /home/airflow/.local/lib/python3.12/site-packages/airflow/example_dags/example_branch_labels.py
[2024-06-18T13:07:45.581+0000] {logging_mixin.py:188} INFO - [2024-06-18T13:07:45.580+0000] {dag.py:3096} INFO - Sync 1 DAGs
[2024-06-18T13:07:45.597+0000] {logging_mixin.py:188} INFO - [2024-06-18T13:07:45.597+0000] {dag.py:3954} INFO - Setting next_dagrun for example_branch_labels to 2024-06-17 00:00:00+00:00, run_after=2024-06-18 00:00:00+00:00
[2024-06-18T13:07:45.609+0000] {processor.py:183} INFO - Processing /home/airflow/.local/lib/python3.12/site-packages/airflow/example_dags/example_branch_labels.py took 0.054 seconds
[2024-06-18T13:08:15.639+0000] {processor.py:161} INFO - Started process (PID=528) to work on /home/airflow/.local/lib/python3.12/site-packages/airflow/example_dags/example_branch_labels.py
[2024-06-18T13:08:15.640+0000] {processor.py:830} INFO - Processing file /home/airflow/.local/lib/python3.12/site-packages/airflow/example_dags/example_branch_labels.py for tasks to queue
[2024-06-18T13:08:15.641+0000] {logging_mixin.py:188} INFO - [2024-06-18T13:08:15.641+0000] {dagbag.py:545} INFO - Filling up the DagBag from /home/airflow/.local/lib/python3.12/site-packages/airflow/example_dags/example_branch_labels.py
[2024-06-18T13:08:15.646+0000] {processor.py:840} INFO - DAG(s) 'example_branch_labels' retrieved from /home/airflow/.local/lib/python3.12/site-packages/airflow/example_dags/example_branch_labels.py
[2024-06-18T13:08:15.663+0000] {logging_mixin.py:188} INFO - [2024-06-18T13:08:15.662+0000] {dag.py:3096} INFO - Sync 1 DAGs
[2024-06-18T13:08:15.677+0000] {logging_mixin.py:188} INFO - [2024-06-18T13:08:15.677+0000] {dag.py:3954} INFO - Setting next_dagrun for example_branch_labels to 2024-06-17 00:00:00+00:00, run_after=2024-06-18 00:00:00+00:00
[2024-06-18T13:08:15.688+0000] {processor.py:183} INFO - Processing /home/airflow/.local/lib/python3.12/site-packages/airflow/example_dags/example_branch_labels.py took 0.052 seconds
[2024-06-18T13:08:45.841+0000] {processor.py:161} INFO - Started process (PID=586) to work on /home/airflow/.local/lib/python3.12/site-packages/airflow/example_dags/example_branch_labels.py
[2024-06-18T13:08:45.842+0000] {processor.py:830} INFO - Processing file /home/airflow/.local/lib/python3.12/site-packages/airflow/example_dags/example_branch_labels.py for tasks to queue
[2024-06-18T13:08:45.843+0000] {logging_mixin.py:188} INFO - [2024-06-18T13:08:45.843+0000] {dagbag.py:545} INFO - Filling up the DagBag from /home/airflow/.local/lib/python3.12/site-packages/airflow/example_dags/example_branch_labels.py
[2024-06-18T13:08:45.847+0000] {processor.py:840} INFO - DAG(s) 'example_branch_labels' retrieved from /home/airflow/.local/lib/python3.12/site-packages/airflow/example_dags/example_branch_labels.py
[2024-06-18T13:08:45.859+0000] {logging_mixin.py:188} INFO - [2024-06-18T13:08:45.859+0000] {dag.py:3096} INFO - Sync 1 DAGs
[2024-06-18T13:08:45.872+0000] {logging_mixin.py:188} INFO - [2024-06-18T13:08:45.871+0000] {dag.py:3954} INFO - Setting next_dagrun for example_branch_labels to 2024-06-17 00:00:00+00:00, run_after=2024-06-18 00:00:00+00:00
[2024-06-18T13:08:45.881+0000] {processor.py:183} INFO - Processing /home/airflow/.local/lib/python3.12/site-packages/airflow/example_dags/example_branch_labels.py took 0.043 seconds
[2024-06-18T13:09:16.676+0000] {processor.py:161} INFO - Started process (PID=644) to work on /home/airflow/.local/lib/python3.12/site-packages/airflow/example_dags/example_branch_labels.py
[2024-06-18T13:09:16.677+0000] {processor.py:830} INFO - Processing file /home/airflow/.local/lib/python3.12/site-packages/airflow/example_dags/example_branch_labels.py for tasks to queue
[2024-06-18T13:09:16.678+0000] {logging_mixin.py:188} INFO - [2024-06-18T13:09:16.678+0000] {dagbag.py:545} INFO - Filling up the DagBag from /home/airflow/.local/lib/python3.12/site-packages/airflow/example_dags/example_branch_labels.py
[2024-06-18T13:09:16.682+0000] {processor.py:840} INFO - DAG(s) 'example_branch_labels' retrieved from /home/airflow/.local/lib/python3.12/site-packages/airflow/example_dags/example_branch_labels.py
[2024-06-18T13:09:16.693+0000] {logging_mixin.py:188} INFO - [2024-06-18T13:09:16.693+0000] {dag.py:3096} INFO - Sync 1 DAGs
[2024-06-18T13:09:16.706+0000] {logging_mixin.py:188} INFO - [2024-06-18T13:09:16.705+0000] {dag.py:3954} INFO - Setting next_dagrun for example_branch_labels to 2024-06-17 00:00:00+00:00, run_after=2024-06-18 00:00:00+00:00
[2024-06-18T13:09:16.715+0000] {processor.py:183} INFO - Processing /home/airflow/.local/lib/python3.12/site-packages/airflow/example_dags/example_branch_labels.py took 0.042 seconds
[2024-06-18T13:09:47.574+0000] {processor.py:161} INFO - Started process (PID=702) to work on /home/airflow/.local/lib/python3.12/site-packages/airflow/example_dags/example_branch_labels.py
[2024-06-18T13:09:47.575+0000] {processor.py:830} INFO - Processing file /home/airflow/.local/lib/python3.12/site-packages/airflow/example_dags/example_branch_labels.py for tasks to queue
[2024-06-18T13:09:47.576+0000] {logging_mixin.py:188} INFO - [2024-06-18T13:09:47.576+0000] {dagbag.py:545} INFO - Filling up the DagBag from /home/airflow/.local/lib/python3.12/site-packages/airflow/example_dags/example_branch_labels.py
[2024-06-18T13:09:47.580+0000] {processor.py:840} INFO - DAG(s) 'example_branch_labels' retrieved from /home/airflow/.local/lib/python3.12/site-packages/airflow/example_dags/example_branch_labels.py
[2024-06-18T13:09:47.592+0000] {logging_mixin.py:188} INFO - [2024-06-18T13:09:47.592+0000] {dag.py:3096} INFO - Sync 1 DAGs
[2024-06-18T13:09:47.608+0000] {logging_mixin.py:188} INFO - [2024-06-18T13:09:47.608+0000] {dag.py:3954} INFO - Setting next_dagrun for example_branch_labels to 2024-06-17 00:00:00+00:00, run_after=2024-06-18 00:00:00+00:00
[2024-06-18T13:09:47.619+0000] {processor.py:183} INFO - Processing /home/airflow/.local/lib/python3.12/site-packages/airflow/example_dags/example_branch_labels.py took 0.048 seconds
[2024-06-18T13:10:17.716+0000] {processor.py:161} INFO - Started process (PID=759) to work on /home/airflow/.local/lib/python3.12/site-packages/airflow/example_dags/example_branch_labels.py
[2024-06-18T13:10:17.716+0000] {processor.py:830} INFO - Processing file /home/airflow/.local/lib/python3.12/site-packages/airflow/example_dags/example_branch_labels.py for tasks to queue
[2024-06-18T13:10:17.717+0000] {logging_mixin.py:188} INFO - [2024-06-18T13:10:17.717+0000] {dagbag.py:545} INFO - Filling up the DagBag from /home/airflow/.local/lib/python3.12/site-packages/airflow/example_dags/example_branch_labels.py
[2024-06-18T13:10:17.722+0000] {processor.py:840} INFO - DAG(s) 'example_branch_labels' retrieved from /home/airflow/.local/lib/python3.12/site-packages/airflow/example_dags/example_branch_labels.py
[2024-06-18T13:10:17.734+0000] {logging_mixin.py:188} INFO - [2024-06-18T13:10:17.734+0000] {dag.py:3096} INFO - Sync 1 DAGs
[2024-06-18T13:10:17.748+0000] {logging_mixin.py:188} INFO - [2024-06-18T13:10:17.748+0000] {dag.py:3954} INFO - Setting next_dagrun for example_branch_labels to 2024-06-17 00:00:00+00:00, run_after=2024-06-18 00:00:00+00:00
[2024-06-18T13:10:17.758+0000] {processor.py:183} INFO - Processing /home/airflow/.local/lib/python3.12/site-packages/airflow/example_dags/example_branch_labels.py took 0.046 seconds
[2024-06-18T13:10:47.932+0000] {processor.py:161} INFO - Started process (PID=817) to work on /home/airflow/.local/lib/python3.12/site-packages/airflow/example_dags/example_branch_labels.py
[2024-06-18T13:10:47.933+0000] {processor.py:830} INFO - Processing file /home/airflow/.local/lib/python3.12/site-packages/airflow/example_dags/example_branch_labels.py for tasks to queue
[2024-06-18T13:10:47.934+0000] {logging_mixin.py:188} INFO - [2024-06-18T13:10:47.934+0000] {dagbag.py:545} INFO - Filling up the DagBag from /home/airflow/.local/lib/python3.12/site-packages/airflow/example_dags/example_branch_labels.py
[2024-06-18T13:10:47.938+0000] {processor.py:840} INFO - DAG(s) 'example_branch_labels' retrieved from /home/airflow/.local/lib/python3.12/site-packages/airflow/example_dags/example_branch_labels.py
[2024-06-18T13:10:47.949+0000] {logging_mixin.py:188} INFO - [2024-06-18T13:10:47.949+0000] {dag.py:3096} INFO - Sync 1 DAGs
[2024-06-18T13:10:47.962+0000] {logging_mixin.py:188} INFO - [2024-06-18T13:10:47.962+0000] {dag.py:3954} INFO - Setting next_dagrun for example_branch_labels to 2024-06-17 00:00:00+00:00, run_after=2024-06-18 00:00:00+00:00
[2024-06-18T13:10:47.972+0000] {processor.py:183} INFO - Processing /home/airflow/.local/lib/python3.12/site-packages/airflow/example_dags/example_branch_labels.py took 0.042 seconds
[2024-06-18T13:11:18.125+0000] {processor.py:161} INFO - Started process (PID=875) to work on /home/airflow/.local/lib/python3.12/site-packages/airflow/example_dags/example_branch_labels.py
[2024-06-18T13:11:18.126+0000] {processor.py:830} INFO - Processing file /home/airflow/.local/lib/python3.12/site-packages/airflow/example_dags/example_branch_labels.py for tasks to queue
[2024-06-18T13:11:18.127+0000] {logging_mixin.py:188} INFO - [2024-06-18T13:11:18.127+0000] {dagbag.py:545} INFO - Filling up the DagBag from /home/airflow/.local/lib/python3.12/site-packages/airflow/example_dags/example_branch_labels.py
[2024-06-18T13:11:18.131+0000] {processor.py:840} INFO - DAG(s) 'example_branch_labels' retrieved from /home/airflow/.local/lib/python3.12/site-packages/airflow/example_dags/example_branch_labels.py
[2024-06-18T13:11:18.143+0000] {logging_mixin.py:188} INFO - [2024-06-18T13:11:18.142+0000] {dag.py:3096} INFO - Sync 1 DAGs
[2024-06-18T13:11:18.156+0000] {logging_mixin.py:188} INFO - [2024-06-18T13:11:18.155+0000] {dag.py:3954} INFO - Setting next_dagrun for example_branch_labels to 2024-06-17 00:00:00+00:00, run_after=2024-06-18 00:00:00+00:00
[2024-06-18T13:11:18.165+0000] {processor.py:183} INFO - Processing /home/airflow/.local/lib/python3.12/site-packages/airflow/example_dags/example_branch_labels.py took 0.043 seconds
