[2024-06-18T13:04:13.046+0000] {processor.py:161} INFO - Started process (PID=69) to work on /home/airflow/.local/lib/python3.12/site-packages/airflow/example_dags/example_branch_operator.py
[2024-06-18T13:04:13.047+0000] {processor.py:830} INFO - Processing file /home/airflow/.local/lib/python3.12/site-packages/airflow/example_dags/example_branch_operator.py for tasks to queue
[2024-06-18T13:04:13.048+0000] {logging_mixin.py:188} INFO - [2024-06-18T13:04:13.047+0000] {dagbag.py:545} INFO - Filling up the DagBag from /home/airflow/.local/lib/python3.12/site-packages/airflow/example_dags/example_branch_operator.py
[2024-06-18T13:04:13.057+0000] {processor.py:840} INFO - DAG(s) 'example_branch_operator' retrieved from /home/airflow/.local/lib/python3.12/site-packages/airflow/example_dags/example_branch_operator.py
[2024-06-18T13:04:13.064+0000] {logging_mixin.py:188} INFO - [2024-06-18T13:04:13.064+0000] {dag.py:3096} INFO - Sync 1 DAGs
[2024-06-18T13:04:13.077+0000] {logging_mixin.py:188} INFO - [2024-06-18T13:04:13.077+0000] {dag.py:3954} INFO - Setting next_dagrun for example_branch_operator to 2024-06-17 00:00:00+00:00, run_after=2024-06-18 00:00:00+00:00
[2024-06-18T13:04:13.089+0000] {processor.py:183} INFO - Processing /home/airflow/.local/lib/python3.12/site-packages/airflow/example_dags/example_branch_operator.py took 0.047 seconds
[2024-06-18T13:04:44.371+0000] {processor.py:161} INFO - Started process (PID=127) to work on /home/airflow/.local/lib/python3.12/site-packages/airflow/example_dags/example_branch_operator.py
[2024-06-18T13:04:44.371+0000] {processor.py:830} INFO - Processing file /home/airflow/.local/lib/python3.12/site-packages/airflow/example_dags/example_branch_operator.py for tasks to queue
[2024-06-18T13:04:44.372+0000] {logging_mixin.py:188} INFO - [2024-06-18T13:04:44.372+0000] {dagbag.py:545} INFO - Filling up the DagBag from /home/airflow/.local/lib/python3.12/site-packages/airflow/example_dags/example_branch_operator.py
[2024-06-18T13:04:44.381+0000] {processor.py:840} INFO - DAG(s) 'example_branch_operator' retrieved from /home/airflow/.local/lib/python3.12/site-packages/airflow/example_dags/example_branch_operator.py
[2024-06-18T13:04:44.440+0000] {logging_mixin.py:188} INFO - [2024-06-18T13:04:44.440+0000] {dag.py:3096} INFO - Sync 1 DAGs
[2024-06-18T13:04:44.451+0000] {logging_mixin.py:188} INFO - [2024-06-18T13:04:44.450+0000] {dag.py:3954} INFO - Setting next_dagrun for example_branch_operator to 2024-06-17 00:00:00+00:00, run_after=2024-06-18 00:00:00+00:00
[2024-06-18T13:04:44.461+0000] {processor.py:183} INFO - Processing /home/airflow/.local/lib/python3.12/site-packages/airflow/example_dags/example_branch_operator.py took 0.093 seconds
[2024-06-18T13:05:14.510+0000] {processor.py:161} INFO - Started process (PID=185) to work on /home/airflow/.local/lib/python3.12/site-packages/airflow/example_dags/example_branch_operator.py
[2024-06-18T13:05:14.511+0000] {processor.py:830} INFO - Processing file /home/airflow/.local/lib/python3.12/site-packages/airflow/example_dags/example_branch_operator.py for tasks to queue
[2024-06-18T13:05:14.511+0000] {logging_mixin.py:188} INFO - [2024-06-18T13:05:14.511+0000] {dagbag.py:545} INFO - Filling up the DagBag from /home/airflow/.local/lib/python3.12/site-packages/airflow/example_dags/example_branch_operator.py
[2024-06-18T13:05:14.520+0000] {processor.py:840} INFO - DAG(s) 'example_branch_operator' retrieved from /home/airflow/.local/lib/python3.12/site-packages/airflow/example_dags/example_branch_operator.py
[2024-06-18T13:05:14.535+0000] {logging_mixin.py:188} INFO - [2024-06-18T13:05:14.535+0000] {dag.py:3096} INFO - Sync 1 DAGs
[2024-06-18T13:05:14.547+0000] {logging_mixin.py:188} INFO - [2024-06-18T13:05:14.547+0000] {dag.py:3954} INFO - Setting next_dagrun for example_branch_operator to 2024-06-17 00:00:00+00:00, run_after=2024-06-18 00:00:00+00:00
[2024-06-18T13:05:14.556+0000] {processor.py:183} INFO - Processing /home/airflow/.local/lib/python3.12/site-packages/airflow/example_dags/example_branch_operator.py took 0.049 seconds
[2024-06-18T13:05:44.747+0000] {processor.py:161} INFO - Started process (PID=244) to work on /home/airflow/.local/lib/python3.12/site-packages/airflow/example_dags/example_branch_operator.py
[2024-06-18T13:05:44.747+0000] {processor.py:830} INFO - Processing file /home/airflow/.local/lib/python3.12/site-packages/airflow/example_dags/example_branch_operator.py for tasks to queue
[2024-06-18T13:05:44.748+0000] {logging_mixin.py:188} INFO - [2024-06-18T13:05:44.748+0000] {dagbag.py:545} INFO - Filling up the DagBag from /home/airflow/.local/lib/python3.12/site-packages/airflow/example_dags/example_branch_operator.py
[2024-06-18T13:05:44.758+0000] {processor.py:840} INFO - DAG(s) 'example_branch_operator' retrieved from /home/airflow/.local/lib/python3.12/site-packages/airflow/example_dags/example_branch_operator.py
[2024-06-18T13:05:44.775+0000] {logging_mixin.py:188} INFO - [2024-06-18T13:05:44.775+0000] {dag.py:3096} INFO - Sync 1 DAGs
[2024-06-18T13:05:44.789+0000] {logging_mixin.py:188} INFO - [2024-06-18T13:05:44.789+0000] {dag.py:3954} INFO - Setting next_dagrun for example_branch_operator to 2024-06-17 00:00:00+00:00, run_after=2024-06-18 00:00:00+00:00
[2024-06-18T13:05:44.800+0000] {processor.py:183} INFO - Processing /home/airflow/.local/lib/python3.12/site-packages/airflow/example_dags/example_branch_operator.py took 0.057 seconds
[2024-06-18T13:06:14.870+0000] {processor.py:161} INFO - Started process (PID=302) to work on /home/airflow/.local/lib/python3.12/site-packages/airflow/example_dags/example_branch_operator.py
[2024-06-18T13:06:14.871+0000] {processor.py:830} INFO - Processing file /home/airflow/.local/lib/python3.12/site-packages/airflow/example_dags/example_branch_operator.py for tasks to queue
[2024-06-18T13:06:14.872+0000] {logging_mixin.py:188} INFO - [2024-06-18T13:06:14.872+0000] {dagbag.py:545} INFO - Filling up the DagBag from /home/airflow/.local/lib/python3.12/site-packages/airflow/example_dags/example_branch_operator.py
[2024-06-18T13:06:14.881+0000] {processor.py:840} INFO - DAG(s) 'example_branch_operator' retrieved from /home/airflow/.local/lib/python3.12/site-packages/airflow/example_dags/example_branch_operator.py
[2024-06-18T13:06:14.896+0000] {logging_mixin.py:188} INFO - [2024-06-18T13:06:14.896+0000] {dag.py:3096} INFO - Sync 1 DAGs
[2024-06-18T13:06:14.909+0000] {logging_mixin.py:188} INFO - [2024-06-18T13:06:14.909+0000] {dag.py:3954} INFO - Setting next_dagrun for example_branch_operator to 2024-06-17 00:00:00+00:00, run_after=2024-06-18 00:00:00+00:00
[2024-06-18T13:06:14.919+0000] {processor.py:183} INFO - Processing /home/airflow/.local/lib/python3.12/site-packages/airflow/example_dags/example_branch_operator.py took 0.052 seconds
[2024-06-18T13:06:45.054+0000] {processor.py:161} INFO - Started process (PID=360) to work on /home/airflow/.local/lib/python3.12/site-packages/airflow/example_dags/example_branch_operator.py
[2024-06-18T13:06:45.055+0000] {processor.py:830} INFO - Processing file /home/airflow/.local/lib/python3.12/site-packages/airflow/example_dags/example_branch_operator.py for tasks to queue
[2024-06-18T13:06:45.056+0000] {logging_mixin.py:188} INFO - [2024-06-18T13:06:45.056+0000] {dagbag.py:545} INFO - Filling up the DagBag from /home/airflow/.local/lib/python3.12/site-packages/airflow/example_dags/example_branch_operator.py
[2024-06-18T13:06:45.068+0000] {processor.py:840} INFO - DAG(s) 'example_branch_operator' retrieved from /home/airflow/.local/lib/python3.12/site-packages/airflow/example_dags/example_branch_operator.py
[2024-06-18T13:06:45.084+0000] {logging_mixin.py:188} INFO - [2024-06-18T13:06:45.084+0000] {dag.py:3096} INFO - Sync 1 DAGs
[2024-06-18T13:06:45.098+0000] {logging_mixin.py:188} INFO - [2024-06-18T13:06:45.097+0000] {dag.py:3954} INFO - Setting next_dagrun for example_branch_operator to 2024-06-17 00:00:00+00:00, run_after=2024-06-18 00:00:00+00:00
[2024-06-18T13:06:45.108+0000] {processor.py:183} INFO - Processing /home/airflow/.local/lib/python3.12/site-packages/airflow/example_dags/example_branch_operator.py took 0.057 seconds
[2024-06-18T13:07:15.281+0000] {processor.py:161} INFO - Started process (PID=418) to work on /home/airflow/.local/lib/python3.12/site-packages/airflow/example_dags/example_branch_operator.py
[2024-06-18T13:07:15.282+0000] {processor.py:830} INFO - Processing file /home/airflow/.local/lib/python3.12/site-packages/airflow/example_dags/example_branch_operator.py for tasks to queue
[2024-06-18T13:07:15.283+0000] {logging_mixin.py:188} INFO - [2024-06-18T13:07:15.283+0000] {dagbag.py:545} INFO - Filling up the DagBag from /home/airflow/.local/lib/python3.12/site-packages/airflow/example_dags/example_branch_operator.py
[2024-06-18T13:07:15.294+0000] {processor.py:840} INFO - DAG(s) 'example_branch_operator' retrieved from /home/airflow/.local/lib/python3.12/site-packages/airflow/example_dags/example_branch_operator.py
[2024-06-18T13:07:15.310+0000] {logging_mixin.py:188} INFO - [2024-06-18T13:07:15.310+0000] {dag.py:3096} INFO - Sync 1 DAGs
[2024-06-18T13:07:15.324+0000] {logging_mixin.py:188} INFO - [2024-06-18T13:07:15.324+0000] {dag.py:3954} INFO - Setting next_dagrun for example_branch_operator to 2024-06-17 00:00:00+00:00, run_after=2024-06-18 00:00:00+00:00
[2024-06-18T13:07:15.334+0000] {processor.py:183} INFO - Processing /home/airflow/.local/lib/python3.12/site-packages/airflow/example_dags/example_branch_operator.py took 0.056 seconds
[2024-06-18T13:07:45.762+0000] {processor.py:161} INFO - Started process (PID=476) to work on /home/airflow/.local/lib/python3.12/site-packages/airflow/example_dags/example_branch_operator.py
[2024-06-18T13:07:45.763+0000] {processor.py:830} INFO - Processing file /home/airflow/.local/lib/python3.12/site-packages/airflow/example_dags/example_branch_operator.py for tasks to queue
[2024-06-18T13:07:45.764+0000] {logging_mixin.py:188} INFO - [2024-06-18T13:07:45.763+0000] {dagbag.py:545} INFO - Filling up the DagBag from /home/airflow/.local/lib/python3.12/site-packages/airflow/example_dags/example_branch_operator.py
[2024-06-18T13:07:45.776+0000] {processor.py:840} INFO - DAG(s) 'example_branch_operator' retrieved from /home/airflow/.local/lib/python3.12/site-packages/airflow/example_dags/example_branch_operator.py
[2024-06-18T13:07:45.795+0000] {logging_mixin.py:188} INFO - [2024-06-18T13:07:45.795+0000] {dag.py:3096} INFO - Sync 1 DAGs
[2024-06-18T13:07:45.811+0000] {logging_mixin.py:188} INFO - [2024-06-18T13:07:45.811+0000] {dag.py:3954} INFO - Setting next_dagrun for example_branch_operator to 2024-06-17 00:00:00+00:00, run_after=2024-06-18 00:00:00+00:00
[2024-06-18T13:07:45.823+0000] {processor.py:183} INFO - Processing /home/airflow/.local/lib/python3.12/site-packages/airflow/example_dags/example_branch_operator.py took 0.065 seconds
[2024-06-18T13:08:15.889+0000] {processor.py:161} INFO - Started process (PID=534) to work on /home/airflow/.local/lib/python3.12/site-packages/airflow/example_dags/example_branch_operator.py
[2024-06-18T13:08:15.890+0000] {processor.py:830} INFO - Processing file /home/airflow/.local/lib/python3.12/site-packages/airflow/example_dags/example_branch_operator.py for tasks to queue
[2024-06-18T13:08:15.890+0000] {logging_mixin.py:188} INFO - [2024-06-18T13:08:15.890+0000] {dagbag.py:545} INFO - Filling up the DagBag from /home/airflow/.local/lib/python3.12/site-packages/airflow/example_dags/example_branch_operator.py
[2024-06-18T13:08:15.901+0000] {processor.py:840} INFO - DAG(s) 'example_branch_operator' retrieved from /home/airflow/.local/lib/python3.12/site-packages/airflow/example_dags/example_branch_operator.py
[2024-06-18T13:08:15.919+0000] {logging_mixin.py:188} INFO - [2024-06-18T13:08:15.918+0000] {dag.py:3096} INFO - Sync 1 DAGs
[2024-06-18T13:08:15.934+0000] {logging_mixin.py:188} INFO - [2024-06-18T13:08:15.934+0000] {dag.py:3954} INFO - Setting next_dagrun for example_branch_operator to 2024-06-17 00:00:00+00:00, run_after=2024-06-18 00:00:00+00:00
[2024-06-18T13:08:15.945+0000] {processor.py:183} INFO - Processing /home/airflow/.local/lib/python3.12/site-packages/airflow/example_dags/example_branch_operator.py took 0.060 seconds
[2024-06-18T13:08:46.000+0000] {processor.py:161} INFO - Started process (PID=592) to work on /home/airflow/.local/lib/python3.12/site-packages/airflow/example_dags/example_branch_operator.py
[2024-06-18T13:08:46.001+0000] {processor.py:830} INFO - Processing file /home/airflow/.local/lib/python3.12/site-packages/airflow/example_dags/example_branch_operator.py for tasks to queue
[2024-06-18T13:08:46.002+0000] {logging_mixin.py:188} INFO - [2024-06-18T13:08:46.002+0000] {dagbag.py:545} INFO - Filling up the DagBag from /home/airflow/.local/lib/python3.12/site-packages/airflow/example_dags/example_branch_operator.py
[2024-06-18T13:08:46.011+0000] {processor.py:840} INFO - DAG(s) 'example_branch_operator' retrieved from /home/airflow/.local/lib/python3.12/site-packages/airflow/example_dags/example_branch_operator.py
[2024-06-18T13:08:46.026+0000] {logging_mixin.py:188} INFO - [2024-06-18T13:08:46.026+0000] {dag.py:3096} INFO - Sync 1 DAGs
[2024-06-18T13:08:46.040+0000] {logging_mixin.py:188} INFO - [2024-06-18T13:08:46.040+0000] {dag.py:3954} INFO - Setting next_dagrun for example_branch_operator to 2024-06-17 00:00:00+00:00, run_after=2024-06-18 00:00:00+00:00
[2024-06-18T13:08:46.049+0000] {processor.py:183} INFO - Processing /home/airflow/.local/lib/python3.12/site-packages/airflow/example_dags/example_branch_operator.py took 0.052 seconds
[2024-06-18T13:09:16.873+0000] {processor.py:161} INFO - Started process (PID=650) to work on /home/airflow/.local/lib/python3.12/site-packages/airflow/example_dags/example_branch_operator.py
[2024-06-18T13:09:16.874+0000] {processor.py:830} INFO - Processing file /home/airflow/.local/lib/python3.12/site-packages/airflow/example_dags/example_branch_operator.py for tasks to queue
[2024-06-18T13:09:16.875+0000] {logging_mixin.py:188} INFO - [2024-06-18T13:09:16.875+0000] {dagbag.py:545} INFO - Filling up the DagBag from /home/airflow/.local/lib/python3.12/site-packages/airflow/example_dags/example_branch_operator.py
[2024-06-18T13:09:16.884+0000] {processor.py:840} INFO - DAG(s) 'example_branch_operator' retrieved from /home/airflow/.local/lib/python3.12/site-packages/airflow/example_dags/example_branch_operator.py
[2024-06-18T13:09:16.899+0000] {logging_mixin.py:188} INFO - [2024-06-18T13:09:16.899+0000] {dag.py:3096} INFO - Sync 1 DAGs
[2024-06-18T13:09:16.912+0000] {logging_mixin.py:188} INFO - [2024-06-18T13:09:16.911+0000] {dag.py:3954} INFO - Setting next_dagrun for example_branch_operator to 2024-06-17 00:00:00+00:00, run_after=2024-06-18 00:00:00+00:00
[2024-06-18T13:09:16.921+0000] {processor.py:183} INFO - Processing /home/airflow/.local/lib/python3.12/site-packages/airflow/example_dags/example_branch_operator.py took 0.051 seconds
[2024-06-18T13:09:47.793+0000] {processor.py:161} INFO - Started process (PID=708) to work on /home/airflow/.local/lib/python3.12/site-packages/airflow/example_dags/example_branch_operator.py
[2024-06-18T13:09:47.794+0000] {processor.py:830} INFO - Processing file /home/airflow/.local/lib/python3.12/site-packages/airflow/example_dags/example_branch_operator.py for tasks to queue
[2024-06-18T13:09:47.795+0000] {logging_mixin.py:188} INFO - [2024-06-18T13:09:47.795+0000] {dagbag.py:545} INFO - Filling up the DagBag from /home/airflow/.local/lib/python3.12/site-packages/airflow/example_dags/example_branch_operator.py
[2024-06-18T13:09:47.805+0000] {processor.py:840} INFO - DAG(s) 'example_branch_operator' retrieved from /home/airflow/.local/lib/python3.12/site-packages/airflow/example_dags/example_branch_operator.py
[2024-06-18T13:09:47.820+0000] {logging_mixin.py:188} INFO - [2024-06-18T13:09:47.820+0000] {dag.py:3096} INFO - Sync 1 DAGs
[2024-06-18T13:09:47.834+0000] {logging_mixin.py:188} INFO - [2024-06-18T13:09:47.834+0000] {dag.py:3954} INFO - Setting next_dagrun for example_branch_operator to 2024-06-17 00:00:00+00:00, run_after=2024-06-18 00:00:00+00:00
[2024-06-18T13:09:47.844+0000] {processor.py:183} INFO - Processing /home/airflow/.local/lib/python3.12/site-packages/airflow/example_dags/example_branch_operator.py took 0.054 seconds
[2024-06-18T13:10:17.939+0000] {processor.py:161} INFO - Started process (PID=765) to work on /home/airflow/.local/lib/python3.12/site-packages/airflow/example_dags/example_branch_operator.py
[2024-06-18T13:10:17.940+0000] {processor.py:830} INFO - Processing file /home/airflow/.local/lib/python3.12/site-packages/airflow/example_dags/example_branch_operator.py for tasks to queue
[2024-06-18T13:10:17.941+0000] {logging_mixin.py:188} INFO - [2024-06-18T13:10:17.941+0000] {dagbag.py:545} INFO - Filling up the DagBag from /home/airflow/.local/lib/python3.12/site-packages/airflow/example_dags/example_branch_operator.py
[2024-06-18T13:10:17.951+0000] {processor.py:840} INFO - DAG(s) 'example_branch_operator' retrieved from /home/airflow/.local/lib/python3.12/site-packages/airflow/example_dags/example_branch_operator.py
[2024-06-18T13:10:17.967+0000] {logging_mixin.py:188} INFO - [2024-06-18T13:10:17.967+0000] {dag.py:3096} INFO - Sync 1 DAGs
[2024-06-18T13:10:17.981+0000] {logging_mixin.py:188} INFO - [2024-06-18T13:10:17.981+0000] {dag.py:3954} INFO - Setting next_dagrun for example_branch_operator to 2024-06-17 00:00:00+00:00, run_after=2024-06-18 00:00:00+00:00
[2024-06-18T13:10:17.990+0000] {processor.py:183} INFO - Processing /home/airflow/.local/lib/python3.12/site-packages/airflow/example_dags/example_branch_operator.py took 0.055 seconds
[2024-06-18T13:10:48.185+0000] {processor.py:161} INFO - Started process (PID=823) to work on /home/airflow/.local/lib/python3.12/site-packages/airflow/example_dags/example_branch_operator.py
[2024-06-18T13:10:48.186+0000] {processor.py:830} INFO - Processing file /home/airflow/.local/lib/python3.12/site-packages/airflow/example_dags/example_branch_operator.py for tasks to queue
[2024-06-18T13:10:48.187+0000] {logging_mixin.py:188} INFO - [2024-06-18T13:10:48.187+0000] {dagbag.py:545} INFO - Filling up the DagBag from /home/airflow/.local/lib/python3.12/site-packages/airflow/example_dags/example_branch_operator.py
[2024-06-18T13:10:48.196+0000] {processor.py:840} INFO - DAG(s) 'example_branch_operator' retrieved from /home/airflow/.local/lib/python3.12/site-packages/airflow/example_dags/example_branch_operator.py
[2024-06-18T13:10:48.211+0000] {logging_mixin.py:188} INFO - [2024-06-18T13:10:48.210+0000] {dag.py:3096} INFO - Sync 1 DAGs
[2024-06-18T13:10:48.223+0000] {logging_mixin.py:188} INFO - [2024-06-18T13:10:48.223+0000] {dag.py:3954} INFO - Setting next_dagrun for example_branch_operator to 2024-06-17 00:00:00+00:00, run_after=2024-06-18 00:00:00+00:00
[2024-06-18T13:10:48.233+0000] {processor.py:183} INFO - Processing /home/airflow/.local/lib/python3.12/site-packages/airflow/example_dags/example_branch_operator.py took 0.051 seconds
[2024-06-18T13:11:18.345+0000] {processor.py:161} INFO - Started process (PID=881) to work on /home/airflow/.local/lib/python3.12/site-packages/airflow/example_dags/example_branch_operator.py
[2024-06-18T13:11:18.345+0000] {processor.py:830} INFO - Processing file /home/airflow/.local/lib/python3.12/site-packages/airflow/example_dags/example_branch_operator.py for tasks to queue
[2024-06-18T13:11:18.346+0000] {logging_mixin.py:188} INFO - [2024-06-18T13:11:18.346+0000] {dagbag.py:545} INFO - Filling up the DagBag from /home/airflow/.local/lib/python3.12/site-packages/airflow/example_dags/example_branch_operator.py
[2024-06-18T13:11:18.356+0000] {processor.py:840} INFO - DAG(s) 'example_branch_operator' retrieved from /home/airflow/.local/lib/python3.12/site-packages/airflow/example_dags/example_branch_operator.py
[2024-06-18T13:11:18.373+0000] {logging_mixin.py:188} INFO - [2024-06-18T13:11:18.373+0000] {dag.py:3096} INFO - Sync 1 DAGs
[2024-06-18T13:11:18.387+0000] {logging_mixin.py:188} INFO - [2024-06-18T13:11:18.387+0000] {dag.py:3954} INFO - Setting next_dagrun for example_branch_operator to 2024-06-17 00:00:00+00:00, run_after=2024-06-18 00:00:00+00:00
[2024-06-18T13:11:18.398+0000] {processor.py:183} INFO - Processing /home/airflow/.local/lib/python3.12/site-packages/airflow/example_dags/example_branch_operator.py took 0.056 seconds
