[2024-06-24T12:24:41.019+0000] {local_task_job_runner.py:120} INFO - ::group::Pre task execution logs
[2024-06-24T12:24:41.036+0000] {taskinstance.py:2076} INFO - Dependencies all met for dep_context=non-requeueable deps ti=<TaskInstance: hooks.create_table_task manual__2024-06-24T12:24:40.089453+00:00 [queued]>
[2024-06-24T12:24:41.040+0000] {taskinstance.py:2076} INFO - Dependencies all met for dep_context=requeueable deps ti=<TaskInstance: hooks.create_table_task manual__2024-06-24T12:24:40.089453+00:00 [queued]>
[2024-06-24T12:24:41.041+0000] {taskinstance.py:2306} INFO - Starting attempt 1 of 1
[2024-06-24T12:24:41.049+0000] {taskinstance.py:2330} INFO - Executing <Task(PythonOperator): create_table_task> on 2024-06-24 12:24:40.089453+00:00
[2024-06-24T12:24:41.052+0000] {warnings.py:112} WARNING - /home/***/.local/lib/python3.12/site-packages/***/task/task_runner/standard_task_runner.py:61: DeprecationWarning: This process (pid=772) is multi-threaded, use of fork() may lead to deadlocks in the child.
  pid = os.fork()

[2024-06-24T12:24:41.053+0000] {standard_task_runner.py:63} INFO - Started process 773 to run task
[2024-06-24T12:24:41.053+0000] {standard_task_runner.py:90} INFO - Running: ['***', 'tasks', 'run', 'hooks', 'create_table_task', 'manual__2024-06-24T12:24:40.089453+00:00', '--job-id', '443', '--raw', '--subdir', 'DAGS_FOLDER/hooks.py', '--cfg-path', '/tmp/tmpub8_pzvg']
[2024-06-24T12:24:41.054+0000] {standard_task_runner.py:91} INFO - Job 443: Subtask create_table_task
[2024-06-24T12:24:41.082+0000] {task_command.py:426} INFO - Running <TaskInstance: hooks.create_table_task manual__2024-06-24T12:24:40.089453+00:00 [running]> on host e3e60e62d12c
[2024-06-24T12:24:41.131+0000] {taskinstance.py:2648} INFO - Exporting env vars: AIRFLOW_CTX_DAG_OWNER='***' AIRFLOW_CTX_DAG_ID='hooks' AIRFLOW_CTX_TASK_ID='create_table_task' AIRFLOW_CTX_EXECUTION_DATE='2024-06-24T12:24:40.089453+00:00' AIRFLOW_CTX_TRY_NUMBER='1' AIRFLOW_CTX_DAG_RUN_ID='manual__2024-06-24T12:24:40.089453+00:00'
[2024-06-24T12:24:41.132+0000] {taskinstance.py:430} INFO - ::endgroup::
[2024-06-24T12:24:41.145+0000] {base.py:84} INFO - Using connection ID 'postgres' for task execution.
[2024-06-24T12:24:41.147+0000] {sql.py:487} INFO - Running statement: create table if not exists test2(id int);, parameters: None
[2024-06-24T12:24:41.149+0000] {python.py:237} INFO - Done. Returned value was: None
[2024-06-24T12:24:41.150+0000] {taskinstance.py:441} INFO - ::group::Post task execution logs
[2024-06-24T12:24:41.154+0000] {taskinstance.py:1206} INFO - Marking task as SUCCESS. dag_id=hooks, task_id=create_table_task, run_id=manual__2024-06-24T12:24:40.089453+00:00, execution_date=20240624T122440, start_date=20240624T122441, end_date=20240624T122441
[2024-06-24T12:24:41.186+0000] {local_task_job_runner.py:240} INFO - Task exited with return code 0
[2024-06-24T12:24:41.202+0000] {taskinstance.py:3503} INFO - 1 downstream tasks scheduled from follow-on schedule check
[2024-06-24T12:24:41.204+0000] {local_task_job_runner.py:222} INFO - ::endgroup::
