[2024-06-24T11:57:47.623+0000] {local_task_job_runner.py:120} INFO - ::group::Pre task execution logs
[2024-06-24T11:57:47.637+0000] {taskinstance.py:2076} INFO - Dependencies all met for dep_context=non-requeueable deps ti=<TaskInstance: database.create_table manual__2024-06-24T11:57:46.504666+00:00 [queued]>
[2024-06-24T11:57:47.642+0000] {taskinstance.py:2076} INFO - Dependencies all met for dep_context=requeueable deps ti=<TaskInstance: database.create_table manual__2024-06-24T11:57:46.504666+00:00 [queued]>
[2024-06-24T11:57:47.642+0000] {taskinstance.py:2306} INFO - Starting attempt 1 of 1
[2024-06-24T11:57:47.650+0000] {taskinstance.py:2330} INFO - Executing <Task(PostgresOperator): create_table> on 2024-06-24 11:57:46.504666+00:00
[2024-06-24T11:57:47.653+0000] {warnings.py:112} WARNING - /home/***/.local/lib/python3.12/site-packages/***/task/task_runner/standard_task_runner.py:61: DeprecationWarning: This process (pid=395) is multi-threaded, use of fork() may lead to deadlocks in the child.
  pid = os.fork()

[2024-06-24T11:57:47.654+0000] {standard_task_runner.py:63} INFO - Started process 396 to run task
[2024-06-24T11:57:47.654+0000] {standard_task_runner.py:90} INFO - Running: ['***', 'tasks', 'run', 'database', 'create_table', 'manual__2024-06-24T11:57:46.504666+00:00', '--job-id', '433', '--raw', '--subdir', 'DAGS_FOLDER/databse.py', '--cfg-path', '/tmp/tmpu5ao3kz3']
[2024-06-24T11:57:47.655+0000] {standard_task_runner.py:91} INFO - Job 433: Subtask create_table
[2024-06-24T11:57:47.683+0000] {task_command.py:426} INFO - Running <TaskInstance: database.create_table manual__2024-06-24T11:57:46.504666+00:00 [running]> on host e3e60e62d12c
[2024-06-24T11:57:47.729+0000] {taskinstance.py:2648} INFO - Exporting env vars: AIRFLOW_CTX_DAG_OWNER='***' AIRFLOW_CTX_DAG_ID='database' AIRFLOW_CTX_TASK_ID='create_table' AIRFLOW_CTX_EXECUTION_DATE='2024-06-24T11:57:46.504666+00:00' AIRFLOW_CTX_TRY_NUMBER='1' AIRFLOW_CTX_DAG_RUN_ID='manual__2024-06-24T11:57:46.504666+00:00'
[2024-06-24T11:57:47.730+0000] {taskinstance.py:430} INFO - ::endgroup::
[2024-06-24T11:57:47.737+0000] {sql.py:276} INFO - Executing: create table if not exists test(id int);
[2024-06-24T11:57:47.742+0000] {base.py:84} INFO - Using connection ID 'postgres' for task execution.
[2024-06-24T11:57:47.746+0000] {base.py:84} INFO - Using connection ID 'postgres' for task execution.
[2024-06-24T11:57:47.748+0000] {sql.py:487} INFO - Running statement: create table if not exists test(id int);, parameters: None
[2024-06-24T11:57:47.754+0000] {taskinstance.py:441} INFO - ::group::Post task execution logs
[2024-06-24T11:57:47.763+0000] {taskinstance.py:1206} INFO - Marking task as SUCCESS. dag_id=database, task_id=create_table, run_id=manual__2024-06-24T11:57:46.504666+00:00, execution_date=20240624T115746, start_date=20240624T115747, end_date=20240624T115747
[2024-06-24T11:57:47.787+0000] {local_task_job_runner.py:240} INFO - Task exited with return code 0
[2024-06-24T11:57:47.805+0000] {warnings.py:112} WARNING - /home/***/.local/lib/python3.12/site-packages/***/models/baseoperator.py:1297: AirflowProviderDeprecationWarning: Call to deprecated class PostgresOperator. (Please use `***.providers.common.sql.operators.sql.SQLExecuteQueryOperator`.Also, you can provide `hook_params={'schema': <database>}`.)
  result = cls.__new__(cls)

[2024-06-24T11:57:47.821+0000] {taskinstance.py:3503} INFO - 1 downstream tasks scheduled from follow-on schedule check
[2024-06-24T11:57:47.823+0000] {local_task_job_runner.py:222} INFO - ::endgroup::
