[2024-06-19T11:52:02.594+0000] {local_task_job_runner.py:120} INFO - ::group::Pre task execution logs
[2024-06-19T11:52:02.608+0000] {taskinstance.py:2076} INFO - Dependencies all met for dep_context=non-requeueable deps ti=<TaskInstance: dagcomplexa.task5 manual__2024-06-19T11:51:49.919633+00:00 [queued]>
[2024-06-19T11:52:02.612+0000] {taskinstance.py:2076} INFO - Dependencies all met for dep_context=requeueable deps ti=<TaskInstance: dagcomplexa.task5 manual__2024-06-19T11:51:49.919633+00:00 [queued]>
[2024-06-19T11:52:02.612+0000] {taskinstance.py:2306} INFO - Starting attempt 1 of 1
[2024-06-19T11:52:02.620+0000] {taskinstance.py:2330} INFO - Executing <Task(BashOperator): task5> on 2024-06-19 11:51:49.919633+00:00
[2024-06-19T11:52:02.624+0000] {warnings.py:112} WARNING - /home/***/.local/lib/python3.12/site-packages/***/task/task_runner/standard_task_runner.py:61: DeprecationWarning: This process (pid=1009) is multi-threaded, use of fork() may lead to deadlocks in the child.
  pid = os.fork()

[2024-06-19T11:52:02.624+0000] {standard_task_runner.py:63} INFO - Started process 1010 to run task
[2024-06-19T11:52:02.625+0000] {standard_task_runner.py:90} INFO - Running: ['***', 'tasks', 'run', 'dagcomplexa', 'task5', 'manual__2024-06-19T11:51:49.919633+00:00', '--job-id', '52', '--raw', '--subdir', 'DAGS_FOLDER/dagcomplexa.py', '--cfg-path', '/tmp/tmpqfg1tb6a']
[2024-06-19T11:52:02.625+0000] {standard_task_runner.py:91} INFO - Job 52: Subtask task5
[2024-06-19T11:52:02.650+0000] {task_command.py:426} INFO - Running <TaskInstance: dagcomplexa.task5 manual__2024-06-19T11:51:49.919633+00:00 [running]> on host 61c28926c6e1
[2024-06-19T11:52:02.698+0000] {taskinstance.py:2648} INFO - Exporting env vars: AIRFLOW_CTX_DAG_OWNER='***' AIRFLOW_CTX_DAG_ID='dagcomplexa' AIRFLOW_CTX_TASK_ID='task5' AIRFLOW_CTX_EXECUTION_DATE='2024-06-19T11:51:49.919633+00:00' AIRFLOW_CTX_TRY_NUMBER='1' AIRFLOW_CTX_DAG_RUN_ID='manual__2024-06-19T11:51:49.919633+00:00'
[2024-06-19T11:52:02.698+0000] {taskinstance.py:430} INFO - ::endgroup::
[2024-06-19T11:52:02.706+0000] {subprocess.py:63} INFO - Tmp dir root location: /tmp
[2024-06-19T11:52:02.707+0000] {subprocess.py:75} INFO - Running command: ['/usr/bin/bash', '-c', 'sleep 5']
[2024-06-19T11:52:02.713+0000] {subprocess.py:86} INFO - Output:
[2024-06-19T11:52:07.715+0000] {subprocess.py:97} INFO - Command exited with return code 0
[2024-06-19T11:52:07.716+0000] {taskinstance.py:441} INFO - ::group::Post task execution logs
[2024-06-19T11:52:07.742+0000] {taskinstance.py:1206} INFO - Marking task as SUCCESS. dag_id=dagcomplexa, task_id=task5, run_id=manual__2024-06-19T11:51:49.919633+00:00, execution_date=20240619T115149, start_date=20240619T115202, end_date=20240619T115207
[2024-06-19T11:52:07.791+0000] {local_task_job_runner.py:240} INFO - Task exited with return code 0
[2024-06-19T11:52:07.813+0000] {taskinstance.py:3503} INFO - 1 downstream tasks scheduled from follow-on schedule check
[2024-06-19T11:52:07.814+0000] {local_task_job_runner.py:222} INFO - ::endgroup::
