[2024-06-24T12:01:56.952+0000] {local_task_job_runner.py:120} INFO - ::group::Pre task execution logs
[2024-06-24T12:01:56.962+0000] {taskinstance.py:2076} INFO - Dependencies all met for dep_context=non-requeueable deps ti=<TaskInstance: httpsensor.check_api manual__2024-06-24T12:01:55.865075+00:00 [queued]>
[2024-06-24T12:01:56.968+0000] {taskinstance.py:2076} INFO - Dependencies all met for dep_context=requeueable deps ti=<TaskInstance: httpsensor.check_api manual__2024-06-24T12:01:55.865075+00:00 [queued]>
[2024-06-24T12:01:56.968+0000] {taskinstance.py:2306} INFO - Starting attempt 1 of 1
[2024-06-24T12:01:56.977+0000] {taskinstance.py:2330} INFO - Executing <Task(HttpSensor): check_api> on 2024-06-24 12:01:55.865075+00:00
[2024-06-24T12:01:56.981+0000] {warnings.py:112} WARNING - /home/***/.local/lib/python3.12/site-packages/***/task/task_runner/standard_task_runner.py:61: DeprecationWarning: This process (pid=461) is multi-threaded, use of fork() may lead to deadlocks in the child.
  pid = os.fork()

[2024-06-24T12:01:56.982+0000] {standard_task_runner.py:63} INFO - Started process 462 to run task
[2024-06-24T12:01:56.982+0000] {standard_task_runner.py:90} INFO - Running: ['***', 'tasks', 'run', 'httpsensor', 'check_api', 'manual__2024-06-24T12:01:55.865075+00:00', '--job-id', '438', '--raw', '--subdir', 'DAGS_FOLDER/sensors.py', '--cfg-path', '/tmp/tmpm9syyj09']
[2024-06-24T12:01:56.983+0000] {standard_task_runner.py:91} INFO - Job 438: Subtask check_api
[2024-06-24T12:01:57.008+0000] {task_command.py:426} INFO - Running <TaskInstance: httpsensor.check_api manual__2024-06-24T12:01:55.865075+00:00 [running]> on host e3e60e62d12c
[2024-06-24T12:01:57.055+0000] {taskinstance.py:2648} INFO - Exporting env vars: AIRFLOW_CTX_DAG_OWNER='***' AIRFLOW_CTX_DAG_ID='httpsensor' AIRFLOW_CTX_TASK_ID='check_api' AIRFLOW_CTX_EXECUTION_DATE='2024-06-24T12:01:55.865075+00:00' AIRFLOW_CTX_TRY_NUMBER='1' AIRFLOW_CTX_DAG_RUN_ID='manual__2024-06-24T12:01:55.865075+00:00'
[2024-06-24T12:01:57.056+0000] {taskinstance.py:430} INFO - ::endgroup::
[2024-06-24T12:01:57.065+0000] {baseoperator.py:400} WARNING - HttpSensor.execute cannot be called outside TaskInstance!
[2024-06-24T12:01:57.065+0000] {http.py:137} INFO - Poking: fact
[2024-06-24T12:01:57.069+0000] {taskinstance.py:441} INFO - ::group::Post task execution logs
[2024-06-24T12:01:57.074+0000] {taskinstance.py:2905} ERROR - Task failed with exception
Traceback (most recent call last):
  File "/home/airflow/.local/lib/python3.12/site-packages/airflow/models/taskinstance.py", line 465, in _execute_task
    result = _execute_callable(context=context, **execute_callable_kwargs)
             ^^^^^^^^^^^^^^^^^^^^^^^^^^^^^^^^^^^^^^^^^^^^^^^^^^^^^^^^^^^^^
  File "/home/airflow/.local/lib/python3.12/site-packages/airflow/models/taskinstance.py", line 432, in _execute_callable
    return execute_callable(context=context, **execute_callable_kwargs)
           ^^^^^^^^^^^^^^^^^^^^^^^^^^^^^^^^^^^^^^^^^^^^^^^^^^^^^^^^^^^^
  File "/home/airflow/.local/lib/python3.12/site-packages/airflow/models/baseoperator.py", line 401, in wrapper
    return func(self, *args, **kwargs)
           ^^^^^^^^^^^^^^^^^^^^^^^^^^^
  File "/home/airflow/.local/lib/python3.12/site-packages/airflow/providers/http/sensors/http.py", line 164, in execute
    super().execute(context=context)
  File "/home/airflow/.local/lib/python3.12/site-packages/airflow/models/baseoperator.py", line 401, in wrapper
    return func(self, *args, **kwargs)
           ^^^^^^^^^^^^^^^^^^^^^^^^^^^
  File "/home/airflow/.local/lib/python3.12/site-packages/airflow/sensors/base.py", line 264, in execute
    raise e
  File "/home/airflow/.local/lib/python3.12/site-packages/airflow/sensors/base.py", line 246, in execute
    poke_return = self.poke(context)
                  ^^^^^^^^^^^^^^^^^^
  File "/home/airflow/.local/lib/python3.12/site-packages/airflow/providers/http/sensors/http.py", line 158, in poke
    raise exc
  File "/home/airflow/.local/lib/python3.12/site-packages/airflow/providers/http/sensors/http.py", line 139, in poke
    response = hook.run(
               ^^^^^^^^^
  File "/home/airflow/.local/lib/python3.12/site-packages/airflow/providers/http/hooks/http.py", line 167, in run
    session = self.get_conn(headers)
              ^^^^^^^^^^^^^^^^^^^^^^
  File "/home/airflow/.local/lib/python3.12/site-packages/airflow/providers/http/hooks/http.py", line 108, in get_conn
    conn = self.get_connection(self.http_conn_id)
           ^^^^^^^^^^^^^^^^^^^^^^^^^^^^^^^^^^^^^^
  File "/home/airflow/.local/lib/python3.12/site-packages/airflow/hooks/base.py", line 83, in get_connection
    conn = Connection.get_connection_from_secrets(conn_id)
           ^^^^^^^^^^^^^^^^^^^^^^^^^^^^^^^^^^^^^^^^^^^^^^^
  File "/home/airflow/.local/lib/python3.12/site-packages/airflow/models/connection.py", line 519, in get_connection_from_secrets
    raise AirflowNotFoundException(f"The conn_id `{conn_id}` isn't defined")
airflow.exceptions.AirflowNotFoundException: The conn_id `catfact_connection` isn't defined
[2024-06-24T12:01:57.077+0000] {taskinstance.py:1206} INFO - Marking task as FAILED. dag_id=httpsensor, task_id=check_api, run_id=manual__2024-06-24T12:01:55.865075+00:00, execution_date=20240624T120155, start_date=20240624T120156, end_date=20240624T120157
[2024-06-24T12:01:57.084+0000] {standard_task_runner.py:110} ERROR - Failed to execute job 438 for task check_api (The conn_id `catfact_connection` isn't defined; 462)
[2024-06-24T12:01:57.114+0000] {local_task_job_runner.py:240} INFO - Task exited with return code 1
[2024-06-24T12:01:57.131+0000] {taskinstance.py:3503} INFO - 0 downstream tasks scheduled from follow-on schedule check
[2024-06-24T12:01:57.134+0000] {local_task_job_runner.py:222} INFO - ::endgroup::
