[2024-06-19T11:50:49.067+0000] {local_task_job_runner.py:120} INFO - ::group::Pre task execution logs
[2024-06-19T11:50:49.088+0000] {taskinstance.py:2076} INFO - Dependencies all met for dep_context=non-requeueable deps ti=<TaskInstance: dagcomplexa.task3 manual__2024-06-19T11:50:48.709704+00:00 [queued]>
[2024-06-19T11:50:49.094+0000] {taskinstance.py:2076} INFO - Dependencies all met for dep_context=requeueable deps ti=<TaskInstance: dagcomplexa.task3 manual__2024-06-19T11:50:48.709704+00:00 [queued]>
[2024-06-19T11:50:49.094+0000] {taskinstance.py:2306} INFO - Starting attempt 1 of 1
[2024-06-19T11:50:49.102+0000] {taskinstance.py:2330} INFO - Executing <Task(BashOperator): task3> on 2024-06-19 11:50:48.709704+00:00
[2024-06-19T11:50:49.107+0000] {warnings.py:112} WARNING - /home/***/.local/lib/python3.12/site-packages/***/task/task_runner/standard_task_runner.py:61: DeprecationWarning: This process (pid=974) is multi-threaded, use of fork() may lead to deadlocks in the child.
  pid = os.fork()

[2024-06-19T11:50:49.108+0000] {standard_task_runner.py:63} INFO - Started process 977 to run task
[2024-06-19T11:50:49.108+0000] {standard_task_runner.py:90} INFO - Running: ['***', 'tasks', 'run', 'dagcomplexa', 'task3', 'manual__2024-06-19T11:50:48.709704+00:00', '--job-id', '46', '--raw', '--subdir', 'DAGS_FOLDER/dagcomplexa.py', '--cfg-path', '/tmp/tmpd5k71r6y']
[2024-06-19T11:50:49.109+0000] {standard_task_runner.py:91} INFO - Job 46: Subtask task3
[2024-06-19T11:50:49.137+0000] {task_command.py:426} INFO - Running <TaskInstance: dagcomplexa.task3 manual__2024-06-19T11:50:48.709704+00:00 [running]> on host 61c28926c6e1
[2024-06-19T11:50:49.186+0000] {taskinstance.py:2648} INFO - Exporting env vars: AIRFLOW_CTX_DAG_OWNER='***' AIRFLOW_CTX_DAG_ID='dagcomplexa' AIRFLOW_CTX_TASK_ID='task3' AIRFLOW_CTX_EXECUTION_DATE='2024-06-19T11:50:48.709704+00:00' AIRFLOW_CTX_TRY_NUMBER='1' AIRFLOW_CTX_DAG_RUN_ID='manual__2024-06-19T11:50:48.709704+00:00'
[2024-06-19T11:50:49.187+0000] {taskinstance.py:430} INFO - ::endgroup::
[2024-06-19T11:50:49.195+0000] {subprocess.py:63} INFO - Tmp dir root location: /tmp
[2024-06-19T11:50:49.195+0000] {subprocess.py:75} INFO - Running command: ['/usr/bin/bash', '-c', 'exit 1']
[2024-06-19T11:50:49.201+0000] {subprocess.py:86} INFO - Output:
[2024-06-19T11:50:49.202+0000] {subprocess.py:97} INFO - Command exited with return code 1
[2024-06-19T11:50:49.203+0000] {taskinstance.py:441} INFO - ::group::Post task execution logs
[2024-06-19T11:50:49.210+0000] {taskinstance.py:2905} ERROR - Task failed with exception
Traceback (most recent call last):
  File "/home/airflow/.local/lib/python3.12/site-packages/airflow/models/taskinstance.py", line 465, in _execute_task
    result = _execute_callable(context=context, **execute_callable_kwargs)
             ^^^^^^^^^^^^^^^^^^^^^^^^^^^^^^^^^^^^^^^^^^^^^^^^^^^^^^^^^^^^^
  File "/home/airflow/.local/lib/python3.12/site-packages/airflow/models/taskinstance.py", line 432, in _execute_callable
    return execute_callable(context=context, **execute_callable_kwargs)
           ^^^^^^^^^^^^^^^^^^^^^^^^^^^^^^^^^^^^^^^^^^^^^^^^^^^^^^^^^^^^
  File "/home/airflow/.local/lib/python3.12/site-packages/airflow/models/baseoperator.py", line 401, in wrapper
    return func(self, *args, **kwargs)
           ^^^^^^^^^^^^^^^^^^^^^^^^^^^
  File "/home/airflow/.local/lib/python3.12/site-packages/airflow/operators/bash.py", line 243, in execute
    raise AirflowException(
airflow.exceptions.AirflowException: Bash command failed. The command returned a non-zero exit code 1.
[2024-06-19T11:50:49.212+0000] {taskinstance.py:1206} INFO - Marking task as FAILED. dag_id=dagcomplexa, task_id=task3, run_id=manual__2024-06-19T11:50:48.709704+00:00, execution_date=20240619T115048, start_date=20240619T115049, end_date=20240619T115049
[2024-06-19T11:50:49.220+0000] {standard_task_runner.py:110} ERROR - Failed to execute job 46 for task task3 (Bash command failed. The command returned a non-zero exit code 1.; 977)
[2024-06-19T11:50:49.240+0000] {local_task_job_runner.py:240} INFO - Task exited with return code 1
[2024-06-19T11:50:49.246+0000] {local_task_job_runner.py:222} INFO - ::endgroup::
