[2024-06-19T12:27:46.137+0000] {local_task_job_runner.py:120} INFO - ::group::Pre task execution logs
[2024-06-19T12:27:46.152+0000] {taskinstance.py:2076} INFO - Dependencies all met for dep_context=non-requeueable deps ti=<TaskInstance: dagrundag2.task2 manual__2024-06-19T12:27:38.845665+00:00 [queued]>
[2024-06-19T12:27:46.157+0000] {taskinstance.py:2076} INFO - Dependencies all met for dep_context=requeueable deps ti=<TaskInstance: dagrundag2.task2 manual__2024-06-19T12:27:38.845665+00:00 [queued]>
[2024-06-19T12:27:46.157+0000] {taskinstance.py:2306} INFO - Starting attempt 1 of 1
[2024-06-19T12:27:46.165+0000] {taskinstance.py:2330} INFO - Executing <Task(BashOperator): task2> on 2024-06-19 12:27:38.845665+00:00
[2024-06-19T12:27:46.169+0000] {warnings.py:112} WARNING - /home/***/.local/lib/python3.12/site-packages/***/task/task_runner/standard_task_runner.py:61: DeprecationWarning: This process (pid=1580) is multi-threaded, use of fork() may lead to deadlocks in the child.
  pid = os.fork()

[2024-06-19T12:27:46.170+0000] {standard_task_runner.py:63} INFO - Started process 1581 to run task
[2024-06-19T12:27:46.171+0000] {standard_task_runner.py:90} INFO - Running: ['***', 'tasks', 'run', 'dagrundag2', 'task2', 'manual__2024-06-19T12:27:38.845665+00:00', '--job-id', '84', '--raw', '--subdir', 'DAGS_FOLDER/dagruandag2.py', '--cfg-path', '/tmp/tmpxv1eo8zc']
[2024-06-19T12:27:46.172+0000] {standard_task_runner.py:91} INFO - Job 84: Subtask task2
[2024-06-19T12:27:46.201+0000] {task_command.py:426} INFO - Running <TaskInstance: dagrundag2.task2 manual__2024-06-19T12:27:38.845665+00:00 [running]> on host 61c28926c6e1
[2024-06-19T12:27:46.258+0000] {taskinstance.py:2648} INFO - Exporting env vars: AIRFLOW_CTX_DAG_OWNER='***' AIRFLOW_CTX_DAG_ID='dagrundag2' AIRFLOW_CTX_TASK_ID='task2' AIRFLOW_CTX_EXECUTION_DATE='2024-06-19T12:27:38.845665+00:00' AIRFLOW_CTX_TRY_NUMBER='1' AIRFLOW_CTX_DAG_RUN_ID='manual__2024-06-19T12:27:38.845665+00:00'
[2024-06-19T12:27:46.259+0000] {taskinstance.py:430} INFO - ::endgroup::
[2024-06-19T12:27:46.266+0000] {subprocess.py:63} INFO - Tmp dir root location: /tmp
[2024-06-19T12:27:46.267+0000] {subprocess.py:75} INFO - Running command: ['/usr/bin/bash', '-c', 'sleep 5']
[2024-06-19T12:27:46.276+0000] {subprocess.py:86} INFO - Output:
[2024-06-19T12:27:51.278+0000] {subprocess.py:97} INFO - Command exited with return code 0
[2024-06-19T12:27:51.280+0000] {taskinstance.py:441} INFO - ::group::Post task execution logs
[2024-06-19T12:27:51.320+0000] {taskinstance.py:1206} INFO - Marking task as SUCCESS. dag_id=dagrundag2, task_id=task2, run_id=manual__2024-06-19T12:27:38.845665+00:00, execution_date=20240619T122738, start_date=20240619T122746, end_date=20240619T122751
[2024-06-19T12:27:51.344+0000] {local_task_job_runner.py:240} INFO - Task exited with return code 0
[2024-06-19T12:27:51.360+0000] {taskinstance.py:3503} INFO - 0 downstream tasks scheduled from follow-on schedule check
[2024-06-19T12:27:51.363+0000] {local_task_job_runner.py:222} INFO - ::endgroup::
