[2024-06-24T11:57:49.641+0000] {local_task_job_runner.py:120} INFO - ::group::Pre task execution logs
[2024-06-24T11:57:49.655+0000] {taskinstance.py:2076} INFO - Dependencies all met for dep_context=non-requeueable deps ti=<TaskInstance: database.query_data manual__2024-06-24T11:57:46.504666+00:00 [queued]>
[2024-06-24T11:57:49.660+0000] {taskinstance.py:2076} INFO - Dependencies all met for dep_context=requeueable deps ti=<TaskInstance: database.query_data manual__2024-06-24T11:57:46.504666+00:00 [queued]>
[2024-06-24T11:57:49.660+0000] {taskinstance.py:2306} INFO - Starting attempt 1 of 1
[2024-06-24T11:57:49.668+0000] {taskinstance.py:2330} INFO - Executing <Task(PostgresOperator): query_data> on 2024-06-24 11:57:46.504666+00:00
[2024-06-24T11:57:49.672+0000] {warnings.py:112} WARNING - /home/***/.local/lib/python3.12/site-packages/***/task/task_runner/standard_task_runner.py:61: DeprecationWarning: This process (pid=399) is multi-threaded, use of fork() may lead to deadlocks in the child.
  pid = os.fork()

[2024-06-24T11:57:49.673+0000] {standard_task_runner.py:63} INFO - Started process 400 to run task
[2024-06-24T11:57:49.673+0000] {standard_task_runner.py:90} INFO - Running: ['***', 'tasks', 'run', 'database', 'query_data', 'manual__2024-06-24T11:57:46.504666+00:00', '--job-id', '435', '--raw', '--subdir', 'DAGS_FOLDER/databse.py', '--cfg-path', '/tmp/tmp__49l73s']
[2024-06-24T11:57:49.674+0000] {standard_task_runner.py:91} INFO - Job 435: Subtask query_data
[2024-06-24T11:57:49.698+0000] {task_command.py:426} INFO - Running <TaskInstance: database.query_data manual__2024-06-24T11:57:46.504666+00:00 [running]> on host e3e60e62d12c
[2024-06-24T11:57:49.745+0000] {taskinstance.py:2648} INFO - Exporting env vars: AIRFLOW_CTX_DAG_OWNER='***' AIRFLOW_CTX_DAG_ID='database' AIRFLOW_CTX_TASK_ID='query_data' AIRFLOW_CTX_EXECUTION_DATE='2024-06-24T11:57:46.504666+00:00' AIRFLOW_CTX_TRY_NUMBER='1' AIRFLOW_CTX_DAG_RUN_ID='manual__2024-06-24T11:57:46.504666+00:00'
[2024-06-24T11:57:49.745+0000] {taskinstance.py:430} INFO - ::endgroup::
[2024-06-24T11:57:49.753+0000] {sql.py:276} INFO - Executing: select * from test;
[2024-06-24T11:57:49.757+0000] {base.py:84} INFO - Using connection ID 'postgres' for task execution.
[2024-06-24T11:57:49.762+0000] {base.py:84} INFO - Using connection ID 'postgres' for task execution.
[2024-06-24T11:57:49.764+0000] {sql.py:487} INFO - Running statement: select * from test;, parameters: None
[2024-06-24T11:57:49.764+0000] {sql.py:496} INFO - Rows affected: 1
[2024-06-24T11:57:49.765+0000] {taskinstance.py:441} INFO - ::group::Post task execution logs
[2024-06-24T11:57:49.777+0000] {taskinstance.py:1206} INFO - Marking task as SUCCESS. dag_id=database, task_id=query_data, run_id=manual__2024-06-24T11:57:46.504666+00:00, execution_date=20240624T115746, start_date=20240624T115749, end_date=20240624T115749
[2024-06-24T11:57:49.805+0000] {local_task_job_runner.py:240} INFO - Task exited with return code 0
[2024-06-24T11:57:49.823+0000] {warnings.py:112} WARNING - /home/***/.local/lib/python3.12/site-packages/***/models/baseoperator.py:1297: AirflowProviderDeprecationWarning: Call to deprecated class PostgresOperator. (Please use `***.providers.common.sql.operators.sql.SQLExecuteQueryOperator`.Also, you can provide `hook_params={'schema': <database>}`.)
  result = cls.__new__(cls)

[2024-06-24T11:57:49.838+0000] {taskinstance.py:3503} INFO - 1 downstream tasks scheduled from follow-on schedule check
[2024-06-24T11:57:49.840+0000] {local_task_job_runner.py:222} INFO - ::endgroup::
