[2024-06-19T11:38:15.049+0000] {local_task_job_runner.py:120} INFO - ::group::Pre task execution logs
[2024-06-19T11:38:15.063+0000] {taskinstance.py:2076} INFO - Dependencies all met for dep_context=non-requeueable deps ti=<TaskInstance: second_trigger_dag.task3 manual__2024-06-19T11:38:12.596699+00:00 [queued]>
[2024-06-19T11:38:15.067+0000] {taskinstance.py:2076} INFO - Dependencies all met for dep_context=requeueable deps ti=<TaskInstance: second_trigger_dag.task3 manual__2024-06-19T11:38:12.596699+00:00 [queued]>
[2024-06-19T11:38:15.067+0000] {taskinstance.py:2306} INFO - Starting attempt 1 of 1
[2024-06-19T11:38:15.076+0000] {taskinstance.py:2330} INFO - Executing <Task(BashOperator): task3> on 2024-06-19 11:38:12.596699+00:00
[2024-06-19T11:38:15.080+0000] {warnings.py:112} WARNING - /home/***/.local/lib/python3.12/site-packages/***/task/task_runner/standard_task_runner.py:61: DeprecationWarning: This process (pid=794) is multi-threaded, use of fork() may lead to deadlocks in the child.
  pid = os.fork()

[2024-06-19T11:38:15.080+0000] {standard_task_runner.py:63} INFO - Started process 795 to run task
[2024-06-19T11:38:15.081+0000] {standard_task_runner.py:90} INFO - Running: ['***', 'tasks', 'run', 'second_trigger_dag', 'task3', 'manual__2024-06-19T11:38:12.596699+00:00', '--job-id', '41', '--raw', '--subdir', 'DAGS_FOLDER/triggerdag2.py', '--cfg-path', '/tmp/tmpq2klr5_t']
[2024-06-19T11:38:15.081+0000] {standard_task_runner.py:91} INFO - Job 41: Subtask task3
[2024-06-19T11:38:15.106+0000] {task_command.py:426} INFO - Running <TaskInstance: second_trigger_dag.task3 manual__2024-06-19T11:38:12.596699+00:00 [running]> on host 61c28926c6e1
[2024-06-19T11:38:15.153+0000] {taskinstance.py:2648} INFO - Exporting env vars: AIRFLOW_CTX_DAG_OWNER='***' AIRFLOW_CTX_DAG_ID='second_trigger_dag' AIRFLOW_CTX_TASK_ID='task3' AIRFLOW_CTX_EXECUTION_DATE='2024-06-19T11:38:12.596699+00:00' AIRFLOW_CTX_TRY_NUMBER='1' AIRFLOW_CTX_DAG_RUN_ID='manual__2024-06-19T11:38:12.596699+00:00'
[2024-06-19T11:38:15.153+0000] {taskinstance.py:430} INFO - ::endgroup::
[2024-06-19T11:38:15.161+0000] {subprocess.py:63} INFO - Tmp dir root location: /tmp
[2024-06-19T11:38:15.161+0000] {subprocess.py:75} INFO - Running command: ['/usr/bin/bash', '-c', 'sleep 5']
[2024-06-19T11:38:15.168+0000] {subprocess.py:86} INFO - Output:
[2024-06-19T11:38:20.170+0000] {subprocess.py:97} INFO - Command exited with return code 0
[2024-06-19T11:38:20.172+0000] {taskinstance.py:441} INFO - ::group::Post task execution logs
[2024-06-19T11:38:20.205+0000] {taskinstance.py:1206} INFO - Marking task as SUCCESS. dag_id=second_trigger_dag, task_id=task3, run_id=manual__2024-06-19T11:38:12.596699+00:00, execution_date=20240619T113812, start_date=20240619T113815, end_date=20240619T113820
[2024-06-19T11:38:20.247+0000] {local_task_job_runner.py:240} INFO - Task exited with return code 0
[2024-06-19T11:38:20.275+0000] {taskinstance.py:3503} INFO - 0 downstream tasks scheduled from follow-on schedule check
[2024-06-19T11:38:20.277+0000] {local_task_job_runner.py:222} INFO - ::endgroup::
