[2024-06-19T12:00:20.332+0000] {local_task_job_runner.py:120} INFO - ::group::Pre task execution logs
[2024-06-19T12:00:20.346+0000] {taskinstance.py:2076} INFO - Dependencies all met for dep_context=non-requeueable deps ti=<TaskInstance: daggroup.task_group.task7 manual__2024-06-19T11:59:56.538659+00:00 [queued]>
[2024-06-19T12:00:20.350+0000] {taskinstance.py:2076} INFO - Dependencies all met for dep_context=requeueable deps ti=<TaskInstance: daggroup.task_group.task7 manual__2024-06-19T11:59:56.538659+00:00 [queued]>
[2024-06-19T12:00:20.350+0000] {taskinstance.py:2306} INFO - Starting attempt 1 of 1
[2024-06-19T12:00:20.360+0000] {taskinstance.py:2330} INFO - Executing <Task(BashOperator): task_group.task7> on 2024-06-19 11:59:56.538659+00:00
[2024-06-19T12:00:20.363+0000] {warnings.py:112} WARNING - /home/***/.local/lib/python3.12/site-packages/***/task/task_runner/standard_task_runner.py:61: DeprecationWarning: This process (pid=1152) is multi-threaded, use of fork() may lead to deadlocks in the child.
  pid = os.fork()

[2024-06-19T12:00:20.364+0000] {standard_task_runner.py:63} INFO - Started process 1153 to run task
[2024-06-19T12:00:20.364+0000] {standard_task_runner.py:90} INFO - Running: ['***', 'tasks', 'run', 'daggroup', 'task_group.task7', 'manual__2024-06-19T11:59:56.538659+00:00', '--job-id', '63', '--raw', '--subdir', 'DAGS_FOLDER/daggroup.py', '--cfg-path', '/tmp/tmps098yj79']
[2024-06-19T12:00:20.365+0000] {standard_task_runner.py:91} INFO - Job 63: Subtask task_group.task7
[2024-06-19T12:00:20.390+0000] {task_command.py:426} INFO - Running <TaskInstance: daggroup.task_group.task7 manual__2024-06-19T11:59:56.538659+00:00 [running]> on host 61c28926c6e1
[2024-06-19T12:00:20.437+0000] {taskinstance.py:2648} INFO - Exporting env vars: AIRFLOW_CTX_DAG_OWNER='***' AIRFLOW_CTX_DAG_ID='daggroup' AIRFLOW_CTX_TASK_ID='task_group.task7' AIRFLOW_CTX_EXECUTION_DATE='2024-06-19T11:59:56.538659+00:00' AIRFLOW_CTX_TRY_NUMBER='1' AIRFLOW_CTX_DAG_RUN_ID='manual__2024-06-19T11:59:56.538659+00:00'
[2024-06-19T12:00:20.437+0000] {taskinstance.py:430} INFO - ::endgroup::
[2024-06-19T12:00:20.445+0000] {subprocess.py:63} INFO - Tmp dir root location: /tmp
[2024-06-19T12:00:20.445+0000] {subprocess.py:75} INFO - Running command: ['/usr/bin/bash', '-c', 'sleep 5']
[2024-06-19T12:00:20.452+0000] {subprocess.py:86} INFO - Output:
[2024-06-19T12:00:25.454+0000] {subprocess.py:97} INFO - Command exited with return code 0
[2024-06-19T12:00:25.456+0000] {taskinstance.py:441} INFO - ::group::Post task execution logs
[2024-06-19T12:00:25.498+0000] {taskinstance.py:1206} INFO - Marking task as SUCCESS. dag_id=daggroup, task_id=task_group.task7, run_id=manual__2024-06-19T11:59:56.538659+00:00, execution_date=20240619T115956, start_date=20240619T120020, end_date=20240619T120025
[2024-06-19T12:00:25.532+0000] {local_task_job_runner.py:240} INFO - Task exited with return code 0
[2024-06-19T12:00:25.536+0000] {local_task_job_runner.py:222} INFO - ::endgroup::
