[2024-06-19T11:52:14.884+0000] {local_task_job_runner.py:120} INFO - ::group::Pre task execution logs
[2024-06-19T11:52:14.897+0000] {taskinstance.py:2076} INFO - Dependencies all met for dep_context=non-requeueable deps ti=<TaskInstance: dagcomplexa.task8 manual__2024-06-19T11:51:49.919633+00:00 [queued]>
[2024-06-19T11:52:14.902+0000] {taskinstance.py:2076} INFO - Dependencies all met for dep_context=requeueable deps ti=<TaskInstance: dagcomplexa.task8 manual__2024-06-19T11:51:49.919633+00:00 [queued]>
[2024-06-19T11:52:14.902+0000] {taskinstance.py:2306} INFO - Starting attempt 1 of 1
[2024-06-19T11:52:14.911+0000] {taskinstance.py:2330} INFO - Executing <Task(BashOperator): task8> on 2024-06-19 11:51:49.919633+00:00
[2024-06-19T11:52:14.914+0000] {warnings.py:112} WARNING - /home/***/.local/lib/python3.12/site-packages/***/task/task_runner/standard_task_runner.py:61: DeprecationWarning: This process (pid=1016) is multi-threaded, use of fork() may lead to deadlocks in the child.
  pid = os.fork()

[2024-06-19T11:52:14.915+0000] {standard_task_runner.py:63} INFO - Started process 1018 to run task
[2024-06-19T11:52:14.916+0000] {standard_task_runner.py:90} INFO - Running: ['***', 'tasks', 'run', 'dagcomplexa', 'task8', 'manual__2024-06-19T11:51:49.919633+00:00', '--job-id', '55', '--raw', '--subdir', 'DAGS_FOLDER/dagcomplexa.py', '--cfg-path', '/tmp/tmp9c_0dqw_']
[2024-06-19T11:52:14.916+0000] {standard_task_runner.py:91} INFO - Job 55: Subtask task8
[2024-06-19T11:52:14.943+0000] {task_command.py:426} INFO - Running <TaskInstance: dagcomplexa.task8 manual__2024-06-19T11:51:49.919633+00:00 [running]> on host 61c28926c6e1
[2024-06-19T11:52:14.988+0000] {taskinstance.py:2648} INFO - Exporting env vars: AIRFLOW_CTX_DAG_OWNER='***' AIRFLOW_CTX_DAG_ID='dagcomplexa' AIRFLOW_CTX_TASK_ID='task8' AIRFLOW_CTX_EXECUTION_DATE='2024-06-19T11:51:49.919633+00:00' AIRFLOW_CTX_TRY_NUMBER='1' AIRFLOW_CTX_DAG_RUN_ID='manual__2024-06-19T11:51:49.919633+00:00'
[2024-06-19T11:52:14.989+0000] {taskinstance.py:430} INFO - ::endgroup::
[2024-06-19T11:52:14.996+0000] {subprocess.py:63} INFO - Tmp dir root location: /tmp
[2024-06-19T11:52:14.996+0000] {subprocess.py:75} INFO - Running command: ['/usr/bin/bash', '-c', 'sleep 5']
[2024-06-19T11:52:15.003+0000] {subprocess.py:86} INFO - Output:
[2024-06-19T11:52:20.005+0000] {subprocess.py:97} INFO - Command exited with return code 0
[2024-06-19T11:52:20.007+0000] {taskinstance.py:441} INFO - ::group::Post task execution logs
[2024-06-19T11:52:20.044+0000] {taskinstance.py:1206} INFO - Marking task as SUCCESS. dag_id=dagcomplexa, task_id=task8, run_id=manual__2024-06-19T11:51:49.919633+00:00, execution_date=20240619T115149, start_date=20240619T115214, end_date=20240619T115220
[2024-06-19T11:52:20.084+0000] {local_task_job_runner.py:240} INFO - Task exited with return code 0
[2024-06-19T11:52:20.100+0000] {local_task_job_runner.py:222} INFO - ::endgroup::
