[2024-06-25T12:33:03.573+0000] {local_task_job_runner.py:120} INFO - ::group::Pre task execution logs
[2024-06-25T12:33:03.689+0000] {taskinstance.py:2076} INFO - Dependencies all met for dep_context=non-requeueable deps ti=<TaskInstance: windturbine.file_sensor_task manual__2024-06-25T12:33:02.682409+00:00 [queued]>
[2024-06-25T12:33:03.693+0000] {taskinstance.py:2076} INFO - Dependencies all met for dep_context=requeueable deps ti=<TaskInstance: windturbine.file_sensor_task manual__2024-06-25T12:33:02.682409+00:00 [queued]>
[2024-06-25T12:33:03.694+0000] {taskinstance.py:2306} INFO - Starting attempt 1 of 2
[2024-06-25T12:33:03.701+0000] {taskinstance.py:2330} INFO - Executing <Task(FileSensor): file_sensor_task> on 2024-06-25 12:33:02.682409+00:00
[2024-06-25T12:33:03.705+0000] {warnings.py:112} WARNING - /home/***/.local/lib/python3.12/site-packages/***/task/task_runner/standard_task_runner.py:61: DeprecationWarning: This process (pid=841) is multi-threaded, use of fork() may lead to deadlocks in the child.
  pid = os.fork()

[2024-06-25T12:33:03.706+0000] {standard_task_runner.py:63} INFO - Started process 843 to run task
[2024-06-25T12:33:03.706+0000] {standard_task_runner.py:90} INFO - Running: ['***', 'tasks', 'run', 'windturbine', 'file_sensor_task', 'manual__2024-06-25T12:33:02.682409+00:00', '--job-id', '454', '--raw', '--subdir', 'DAGS_FOLDER/windturbine.py', '--cfg-path', '/tmp/tmpv38h502p']
[2024-06-25T12:33:03.708+0000] {standard_task_runner.py:91} INFO - Job 454: Subtask file_sensor_task
[2024-06-25T12:33:03.735+0000] {task_command.py:426} INFO - Running <TaskInstance: windturbine.file_sensor_task manual__2024-06-25T12:33:02.682409+00:00 [running]> on host 8f35bebe2893
[2024-06-25T12:33:03.783+0000] {taskinstance.py:2648} INFO - Exporting env vars: AIRFLOW_CTX_DAG_EMAIL='liviataina.ltab@gmail.com' AIRFLOW_CTX_DAG_OWNER='***' AIRFLOW_CTX_DAG_ID='windturbine' AIRFLOW_CTX_TASK_ID='file_sensor_task' AIRFLOW_CTX_EXECUTION_DATE='2024-06-25T12:33:02.682409+00:00' AIRFLOW_CTX_TRY_NUMBER='1' AIRFLOW_CTX_DAG_RUN_ID='manual__2024-06-25T12:33:02.682409+00:00'
[2024-06-25T12:33:03.784+0000] {taskinstance.py:430} INFO - ::endgroup::
[2024-06-25T12:33:03.792+0000] {baseoperator.py:400} WARNING - FileSensor.execute cannot be called outside TaskInstance!
[2024-06-25T12:33:03.796+0000] {base.py:84} INFO - Using connection ID 'fs_default' for task execution.
[2024-06-25T12:33:03.797+0000] {filesystem.py:85} INFO - Poking for file /opt/***/data/data.json
[2024-06-25T12:33:13.797+0000] {filesystem.py:85} INFO - Poking for file /opt/***/data/data.json
[2024-06-25T12:33:23.798+0000] {filesystem.py:85} INFO - Poking for file /opt/***/data/data.json
[2024-06-25T12:33:33.799+0000] {filesystem.py:85} INFO - Poking for file /opt/***/data/data.json
[2024-06-25T12:33:43.800+0000] {filesystem.py:85} INFO - Poking for file /opt/***/data/data.json
[2024-06-25T12:33:53.801+0000] {filesystem.py:85} INFO - Poking for file /opt/***/data/data.json
[2024-06-25T12:34:03.801+0000] {filesystem.py:85} INFO - Poking for file /opt/***/data/data.json
[2024-06-25T12:34:13.802+0000] {filesystem.py:85} INFO - Poking for file /opt/***/data/data.json
[2024-06-25T12:34:23.803+0000] {filesystem.py:85} INFO - Poking for file /opt/***/data/data.json
[2024-06-25T12:34:23.804+0000] {filesystem.py:89} INFO - Found File /opt/***/data/data.json last modified: 20230319224634
[2024-06-25T12:34:23.804+0000] {base.py:294} INFO - Success criteria met. Exiting.
[2024-06-25T12:34:23.804+0000] {filesystem.py:85} INFO - Poking for file /opt/***/data/data.json
[2024-06-25T12:34:23.805+0000] {filesystem.py:89} INFO - Found File /opt/***/data/data.json last modified: 20230319224634
[2024-06-25T12:34:23.805+0000] {taskinstance.py:441} INFO - ::group::Post task execution logs
[2024-06-25T12:34:23.822+0000] {taskinstance.py:1206} INFO - Marking task as SUCCESS. dag_id=windturbine, task_id=file_sensor_task, run_id=manual__2024-06-25T12:33:02.682409+00:00, execution_date=20240625T123302, start_date=20240625T123303, end_date=20240625T123423
[2024-06-25T12:34:23.871+0000] {local_task_job_runner.py:240} INFO - Task exited with return code 0
[2024-06-25T12:34:23.889+0000] {warnings.py:112} WARNING - /home/***/.local/lib/python3.12/site-packages/***/models/baseoperator.py:1297: AirflowProviderDeprecationWarning: Call to deprecated class PostgresOperator. (Please use `***.providers.common.sql.operators.sql.SQLExecuteQueryOperator`.Also, you can provide `hook_params={'schema': <database>}`.)
  result = cls.__new__(cls)

[2024-06-25T12:34:23.914+0000] {taskinstance.py:3503} INFO - 1 downstream tasks scheduled from follow-on schedule check
[2024-06-25T12:34:23.916+0000] {local_task_job_runner.py:222} INFO - ::endgroup::
