[2024-06-24T12:24:42.122+0000] {local_task_job_runner.py:120} INFO - ::group::Pre task execution logs
[2024-06-24T12:24:42.140+0000] {taskinstance.py:2076} INFO - Dependencies all met for dep_context=non-requeueable deps ti=<TaskInstance: hooks.insert_data_task manual__2024-06-24T12:24:40.089453+00:00 [queued]>
[2024-06-24T12:24:42.146+0000] {taskinstance.py:2076} INFO - Dependencies all met for dep_context=requeueable deps ti=<TaskInstance: hooks.insert_data_task manual__2024-06-24T12:24:40.089453+00:00 [queued]>
[2024-06-24T12:24:42.146+0000] {taskinstance.py:2306} INFO - Starting attempt 1 of 1
[2024-06-24T12:24:42.154+0000] {taskinstance.py:2330} INFO - Executing <Task(PythonOperator): insert_data_task> on 2024-06-24 12:24:40.089453+00:00
[2024-06-24T12:24:42.159+0000] {warnings.py:112} WARNING - /home/***/.local/lib/python3.12/site-packages/***/task/task_runner/standard_task_runner.py:61: DeprecationWarning: This process (pid=774) is multi-threaded, use of fork() may lead to deadlocks in the child.
  pid = os.fork()

[2024-06-24T12:24:42.160+0000] {standard_task_runner.py:63} INFO - Started process 775 to run task
[2024-06-24T12:24:42.160+0000] {standard_task_runner.py:90} INFO - Running: ['***', 'tasks', 'run', 'hooks', 'insert_data_task', 'manual__2024-06-24T12:24:40.089453+00:00', '--job-id', '444', '--raw', '--subdir', 'DAGS_FOLDER/hooks.py', '--cfg-path', '/tmp/tmpfbbbswt7']
[2024-06-24T12:24:42.161+0000] {standard_task_runner.py:91} INFO - Job 444: Subtask insert_data_task
[2024-06-24T12:24:42.187+0000] {task_command.py:426} INFO - Running <TaskInstance: hooks.insert_data_task manual__2024-06-24T12:24:40.089453+00:00 [running]> on host e3e60e62d12c
[2024-06-24T12:24:42.237+0000] {taskinstance.py:2648} INFO - Exporting env vars: AIRFLOW_CTX_DAG_OWNER='***' AIRFLOW_CTX_DAG_ID='hooks' AIRFLOW_CTX_TASK_ID='insert_data_task' AIRFLOW_CTX_EXECUTION_DATE='2024-06-24T12:24:40.089453+00:00' AIRFLOW_CTX_TRY_NUMBER='1' AIRFLOW_CTX_DAG_RUN_ID='manual__2024-06-24T12:24:40.089453+00:00'
[2024-06-24T12:24:42.237+0000] {taskinstance.py:430} INFO - ::endgroup::
[2024-06-24T12:24:42.250+0000] {base.py:84} INFO - Using connection ID 'postgres' for task execution.
[2024-06-24T12:24:42.252+0000] {sql.py:487} INFO - Running statement: insert into test2 values(1);, parameters: None
[2024-06-24T12:24:42.254+0000] {sql.py:496} INFO - Rows affected: 1
[2024-06-24T12:24:42.254+0000] {python.py:237} INFO - Done. Returned value was: None
[2024-06-24T12:24:42.255+0000] {taskinstance.py:441} INFO - ::group::Post task execution logs
[2024-06-24T12:24:42.260+0000] {taskinstance.py:1206} INFO - Marking task as SUCCESS. dag_id=hooks, task_id=insert_data_task, run_id=manual__2024-06-24T12:24:40.089453+00:00, execution_date=20240624T122440, start_date=20240624T122442, end_date=20240624T122442
[2024-06-24T12:24:42.293+0000] {local_task_job_runner.py:240} INFO - Task exited with return code 0
[2024-06-24T12:24:42.309+0000] {taskinstance.py:3503} INFO - 1 downstream tasks scheduled from follow-on schedule check
[2024-06-24T12:24:42.311+0000] {local_task_job_runner.py:222} INFO - ::endgroup::
