[2024-06-20T11:00:00.324+0000] {local_task_job_runner.py:120} INFO - ::group::Pre task execution logs
[2024-06-20T11:00:00.336+0000] {taskinstance.py:2076} INFO - Dependencies all met for dep_context=non-requeueable deps ti=<TaskInstance: default_args.task1 scheduled__2024-06-20T10:00:00+00:00 [queued]>
[2024-06-20T11:00:00.341+0000] {taskinstance.py:2076} INFO - Dependencies all met for dep_context=requeueable deps ti=<TaskInstance: default_args.task1 scheduled__2024-06-20T10:00:00+00:00 [queued]>
[2024-06-20T11:00:00.341+0000] {taskinstance.py:2306} INFO - Starting attempt 1 of 4
[2024-06-20T11:00:00.351+0000] {taskinstance.py:2330} INFO - Executing <Task(BashOperator): task1> on 2024-06-20 10:00:00+00:00
[2024-06-20T11:00:00.356+0000] {warnings.py:112} WARNING - /home/***/.local/lib/python3.12/site-packages/***/task/task_runner/standard_task_runner.py:61: DeprecationWarning: This process (pid=675) is multi-threaded, use of fork() may lead to deadlocks in the child.
  pid = os.fork()

[2024-06-20T11:00:00.357+0000] {standard_task_runner.py:63} INFO - Started process 676 to run task
[2024-06-20T11:00:00.357+0000] {standard_task_runner.py:90} INFO - Running: ['***', 'tasks', 'run', 'default_args', 'task1', 'scheduled__2024-06-20T10:00:00+00:00', '--job-id', '201', '--raw', '--subdir', 'DAGS_FOLDER/defaultargs.py', '--cfg-path', '/tmp/tmpw5d5d0zl']
[2024-06-20T11:00:00.358+0000] {standard_task_runner.py:91} INFO - Job 201: Subtask task1
[2024-06-20T11:00:00.383+0000] {task_command.py:426} INFO - Running <TaskInstance: default_args.task1 scheduled__2024-06-20T10:00:00+00:00 [running]> on host 9eff92391446
[2024-06-20T11:00:00.430+0000] {taskinstance.py:2648} INFO - Exporting env vars: AIRFLOW_CTX_DAG_EMAIL='teste@gmail.com' AIRFLOW_CTX_DAG_OWNER='***' AIRFLOW_CTX_DAG_ID='default_args' AIRFLOW_CTX_TASK_ID='task1' AIRFLOW_CTX_EXECUTION_DATE='2024-06-20T10:00:00+00:00' AIRFLOW_CTX_TRY_NUMBER='1' AIRFLOW_CTX_DAG_RUN_ID='scheduled__2024-06-20T10:00:00+00:00'
[2024-06-20T11:00:00.430+0000] {taskinstance.py:430} INFO - ::endgroup::
[2024-06-20T11:00:00.438+0000] {subprocess.py:63} INFO - Tmp dir root location: /tmp
[2024-06-20T11:00:00.438+0000] {subprocess.py:75} INFO - Running command: ['/usr/bin/bash', '-c', 'sleep 5']
[2024-06-20T11:00:00.444+0000] {subprocess.py:86} INFO - Output:
[2024-06-20T11:00:05.446+0000] {subprocess.py:97} INFO - Command exited with return code 0
[2024-06-20T11:00:05.447+0000] {taskinstance.py:441} INFO - ::group::Post task execution logs
[2024-06-20T11:00:05.493+0000] {taskinstance.py:1206} INFO - Marking task as SUCCESS. dag_id=default_args, task_id=task1, run_id=scheduled__2024-06-20T10:00:00+00:00, execution_date=20240620T100000, start_date=20240620T110000, end_date=20240620T110005
[2024-06-20T11:00:05.539+0000] {local_task_job_runner.py:240} INFO - Task exited with return code 0
[2024-06-20T11:00:05.577+0000] {taskinstance.py:3503} INFO - 1 downstream tasks scheduled from follow-on schedule check
[2024-06-20T11:00:05.579+0000] {local_task_job_runner.py:222} INFO - ::endgroup::
