[2024-06-20T15:09:37.406+0000] {local_task_job_runner.py:120} INFO - ::group::Pre task execution logs
[2024-06-20T15:09:37.420+0000] {taskinstance.py:2076} INFO - Dependencies all met for dep_context=non-requeueable deps ti=<TaskInstance: pool.task4 manual__2024-06-20T15:09:24.667326+00:00 [queued]>
[2024-06-20T15:09:37.425+0000] {taskinstance.py:2076} INFO - Dependencies all met for dep_context=requeueable deps ti=<TaskInstance: pool.task4 manual__2024-06-20T15:09:24.667326+00:00 [queued]>
[2024-06-20T15:09:37.425+0000] {taskinstance.py:2306} INFO - Starting attempt 1 of 1
[2024-06-20T15:09:37.433+0000] {taskinstance.py:2330} INFO - Executing <Task(BashOperator): task4> on 2024-06-20 15:09:24.667326+00:00
[2024-06-20T15:09:37.437+0000] {warnings.py:112} WARNING - /home/***/.local/lib/python3.12/site-packages/***/task/task_runner/standard_task_runner.py:61: DeprecationWarning: This process (pid=1153) is multi-threaded, use of fork() may lead to deadlocks in the child.
  pid = os.fork()

[2024-06-20T15:09:37.438+0000] {standard_task_runner.py:63} INFO - Started process 1154 to run task
[2024-06-20T15:09:37.438+0000] {standard_task_runner.py:90} INFO - Running: ['***', 'tasks', 'run', 'pool', 'task4', 'manual__2024-06-20T15:09:24.667326+00:00', '--job-id', '388', '--raw', '--subdir', 'DAGS_FOLDER/pooltest.py', '--cfg-path', '/tmp/tmpngctcgiw']
[2024-06-20T15:09:37.439+0000] {standard_task_runner.py:91} INFO - Job 388: Subtask task4
[2024-06-20T15:09:37.467+0000] {task_command.py:426} INFO - Running <TaskInstance: pool.task4 manual__2024-06-20T15:09:24.667326+00:00 [running]> on host ab8e160a89c3
[2024-06-20T15:09:37.515+0000] {taskinstance.py:2648} INFO - Exporting env vars: AIRFLOW_CTX_DAG_OWNER='***' AIRFLOW_CTX_DAG_ID='pool' AIRFLOW_CTX_TASK_ID='task4' AIRFLOW_CTX_EXECUTION_DATE='2024-06-20T15:09:24.667326+00:00' AIRFLOW_CTX_TRY_NUMBER='1' AIRFLOW_CTX_DAG_RUN_ID='manual__2024-06-20T15:09:24.667326+00:00'
[2024-06-20T15:09:37.516+0000] {taskinstance.py:430} INFO - ::endgroup::
[2024-06-20T15:09:37.523+0000] {subprocess.py:63} INFO - Tmp dir root location: /tmp
[2024-06-20T15:09:37.524+0000] {subprocess.py:75} INFO - Running command: ['/usr/bin/bash', '-c', 'sleep 5']
[2024-06-20T15:09:37.531+0000] {subprocess.py:86} INFO - Output:
[2024-06-20T15:09:42.534+0000] {subprocess.py:97} INFO - Command exited with return code 0
[2024-06-20T15:09:42.535+0000] {taskinstance.py:441} INFO - ::group::Post task execution logs
[2024-06-20T15:09:42.578+0000] {taskinstance.py:1206} INFO - Marking task as SUCCESS. dag_id=pool, task_id=task4, run_id=manual__2024-06-20T15:09:24.667326+00:00, execution_date=20240620T150924, start_date=20240620T150937, end_date=20240620T150942
[2024-06-20T15:09:42.612+0000] {local_task_job_runner.py:240} INFO - Task exited with return code 0
[2024-06-20T15:09:42.635+0000] {taskinstance.py:3503} INFO - 0 downstream tasks scheduled from follow-on schedule check
[2024-06-20T15:09:42.637+0000] {local_task_job_runner.py:222} INFO - ::endgroup::
