[2024-06-25T12:39:36.207+0000] {local_task_job_runner.py:120} INFO - ::group::Pre task execution logs
[2024-06-25T12:39:36.220+0000] {taskinstance.py:2076} INFO - Dependencies all met for dep_context=non-requeueable deps ti=<TaskInstance: windturbine.group_database.insert_data manual__2024-06-25T12:39:31.386905+00:00 [queued]>
[2024-06-25T12:39:36.225+0000] {taskinstance.py:2076} INFO - Dependencies all met for dep_context=requeueable deps ti=<TaskInstance: windturbine.group_database.insert_data manual__2024-06-25T12:39:31.386905+00:00 [queued]>
[2024-06-25T12:39:36.225+0000] {taskinstance.py:2306} INFO - Starting attempt 1 of 2
[2024-06-25T12:39:36.233+0000] {taskinstance.py:2330} INFO - Executing <Task(PostgresOperator): group_database.insert_data> on 2024-06-25 12:39:31.386905+00:00
[2024-06-25T12:39:36.239+0000] {warnings.py:112} WARNING - /home/***/.local/lib/python3.12/site-packages/***/task/task_runner/standard_task_runner.py:61: DeprecationWarning: This process (pid=998) is multi-threaded, use of fork() may lead to deadlocks in the child.
  pid = os.fork()

[2024-06-25T12:39:36.240+0000] {standard_task_runner.py:63} INFO - Started process 1001 to run task
[2024-06-25T12:39:36.241+0000] {standard_task_runner.py:90} INFO - Running: ['***', 'tasks', 'run', 'windturbine', 'group_database.insert_data', 'manual__2024-06-25T12:39:31.386905+00:00', '--job-id', '479', '--raw', '--subdir', 'DAGS_FOLDER/windturbine.py', '--cfg-path', '/tmp/tmplwspzd3k']
[2024-06-25T12:39:36.242+0000] {standard_task_runner.py:91} INFO - Job 479: Subtask group_database.insert_data
[2024-06-25T12:39:36.267+0000] {task_command.py:426} INFO - Running <TaskInstance: windturbine.group_database.insert_data manual__2024-06-25T12:39:31.386905+00:00 [running]> on host 8f35bebe2893
[2024-06-25T12:39:36.343+0000] {taskinstance.py:2648} INFO - Exporting env vars: AIRFLOW_CTX_DAG_EMAIL='liviataina.ltab@gmail.com' AIRFLOW_CTX_DAG_OWNER='***' AIRFLOW_CTX_DAG_ID='windturbine' AIRFLOW_CTX_TASK_ID='group_database.insert_data' AIRFLOW_CTX_EXECUTION_DATE='2024-06-25T12:39:31.386905+00:00' AIRFLOW_CTX_TRY_NUMBER='1' AIRFLOW_CTX_DAG_RUN_ID='manual__2024-06-25T12:39:31.386905+00:00'
[2024-06-25T12:39:36.344+0000] {taskinstance.py:430} INFO - ::endgroup::
[2024-06-25T12:39:36.351+0000] {sql.py:276} INFO - Executing: 
        INSERT INTO sensors (idtemp, powerfactor, hydraulicpressure, temperature, timestamp)
        VALUES (%s, %s, %s, %s, %s);
    
[2024-06-25T12:39:36.355+0000] {base.py:84} INFO - Using connection ID 'postgres' for task execution.
[2024-06-25T12:39:36.360+0000] {base.py:84} INFO - Using connection ID 'postgres' for task execution.
[2024-06-25T12:39:36.362+0000] {sql.py:487} INFO - Running statement: 
        INSERT INTO sensors (idtemp, powerfactor, hydraulicpressure, temperature, timestamp)
        VALUES (%s, %s, %s, %s, %s);
    , parameters: ('1', '0.8837929080361997', '78.86011124702158', '20.279809506572597', '2023-03-19 17:26:55.230351')
[2024-06-25T12:39:36.363+0000] {taskinstance.py:441} INFO - ::group::Post task execution logs
[2024-06-25T12:39:36.363+0000] {taskinstance.py:2905} ERROR - Task failed with exception
Traceback (most recent call last):
  File "/home/airflow/.local/lib/python3.12/site-packages/airflow/models/taskinstance.py", line 465, in _execute_task
    result = _execute_callable(context=context, **execute_callable_kwargs)
             ^^^^^^^^^^^^^^^^^^^^^^^^^^^^^^^^^^^^^^^^^^^^^^^^^^^^^^^^^^^^^
  File "/home/airflow/.local/lib/python3.12/site-packages/airflow/models/taskinstance.py", line 432, in _execute_callable
    return execute_callable(context=context, **execute_callable_kwargs)
           ^^^^^^^^^^^^^^^^^^^^^^^^^^^^^^^^^^^^^^^^^^^^^^^^^^^^^^^^^^^^
  File "/home/airflow/.local/lib/python3.12/site-packages/airflow/models/baseoperator.py", line 401, in wrapper
    return func(self, *args, **kwargs)
           ^^^^^^^^^^^^^^^^^^^^^^^^^^^
  File "/home/airflow/.local/lib/python3.12/site-packages/airflow/providers/common/sql/operators/sql.py", line 282, in execute
    output = hook.run(
             ^^^^^^^^^
  File "/home/airflow/.local/lib/python3.12/site-packages/airflow/providers/common/sql/hooks/sql.py", line 435, in run
    self._run_command(cur, sql_statement, parameters)
  File "/home/airflow/.local/lib/python3.12/site-packages/airflow/providers/common/sql/hooks/sql.py", line 490, in _run_command
    cur.execute(sql_statement, parameters)
psycopg2.errors.UniqueViolation: duplicate key value violates unique constraint "sensors_pkey"
DETAIL:  Key (idtemp)=(1) already exists.

[2024-06-25T12:39:36.367+0000] {taskinstance.py:1206} INFO - Marking task as UP_FOR_RETRY. dag_id=windturbine, task_id=group_database.insert_data, run_id=manual__2024-06-25T12:39:31.386905+00:00, execution_date=20240625T123931, start_date=20240625T123936, end_date=20240625T123936
[2024-06-25T12:39:36.374+0000] {standard_task_runner.py:110} ERROR - Failed to execute job 479 for task group_database.insert_data (duplicate key value violates unique constraint "sensors_pkey"
DETAIL:  Key (idtemp)=(1) already exists.
; 1001)
[2024-06-25T12:39:36.413+0000] {local_task_job_runner.py:240} INFO - Task exited with return code 1
[2024-06-25T12:39:36.442+0000] {taskinstance.py:3503} INFO - 0 downstream tasks scheduled from follow-on schedule check
[2024-06-25T12:39:36.444+0000] {local_task_job_runner.py:222} INFO - ::endgroup::
