[2024-06-26T14:13:56.502+0000] {local_task_job_runner.py:120} INFO - ::group::Pre task execution logs
[2024-06-26T14:13:56.552+0000] {taskinstance.py:2076} INFO - Dependencies all met for dep_context=non-requeueable deps ti=<TaskInstance: windturbine.file_sensor_task scheduled__2024-06-25T13:12:00+00:00 [queued]>
[2024-06-26T14:13:56.589+0000] {taskinstance.py:2076} INFO - Dependencies all met for dep_context=requeueable deps ti=<TaskInstance: windturbine.file_sensor_task scheduled__2024-06-25T13:12:00+00:00 [queued]>
[2024-06-26T14:13:56.589+0000] {taskinstance.py:2306} INFO - Starting attempt 2 of 2
[2024-06-26T14:13:56.642+0000] {taskinstance.py:2330} INFO - Executing <Task(FileSensor): file_sensor_task> on 2024-06-25 13:12:00+00:00
[2024-06-26T14:13:56.654+0000] {warnings.py:112} WARNING - /home/***/.local/lib/python3.12/site-packages/***/task/task_runner/standard_task_runner.py:61: DeprecationWarning: This process (pid=69) is multi-threaded, use of fork() may lead to deadlocks in the child.
  pid = os.fork()

[2024-06-26T14:13:56.656+0000] {standard_task_runner.py:63} INFO - Started process 99 to run task
[2024-06-26T14:13:56.661+0000] {standard_task_runner.py:90} INFO - Running: ['***', 'tasks', 'run', 'windturbine', 'file_sensor_task', 'scheduled__2024-06-25T13:12:00+00:00', '--job-id', '517', '--raw', '--subdir', 'DAGS_FOLDER/windturbine.py', '--cfg-path', '/tmp/tmpz33g256p']
[2024-06-26T14:13:56.664+0000] {standard_task_runner.py:91} INFO - Job 517: Subtask file_sensor_task
[2024-06-26T14:13:56.732+0000] {task_command.py:426} INFO - Running <TaskInstance: windturbine.file_sensor_task scheduled__2024-06-25T13:12:00+00:00 [running]> on host 24f7195278eb
[2024-06-26T14:13:56.836+0000] {taskinstance.py:2648} INFO - Exporting env vars: AIRFLOW_CTX_DAG_EMAIL='liviataina.ltab@gmail.com' AIRFLOW_CTX_DAG_OWNER='***' AIRFLOW_CTX_DAG_ID='windturbine' AIRFLOW_CTX_TASK_ID='file_sensor_task' AIRFLOW_CTX_EXECUTION_DATE='2024-06-25T13:12:00+00:00' AIRFLOW_CTX_TRY_NUMBER='2' AIRFLOW_CTX_DAG_RUN_ID='scheduled__2024-06-25T13:12:00+00:00'
[2024-06-26T14:13:56.837+0000] {taskinstance.py:430} INFO - ::endgroup::
[2024-06-26T14:13:56.851+0000] {baseoperator.py:400} WARNING - FileSensor.execute cannot be called outside TaskInstance!
[2024-06-26T14:13:56.862+0000] {base.py:84} INFO - Using connection ID 'fs_default' for task execution.
[2024-06-26T14:13:56.863+0000] {filesystem.py:85} INFO - Poking for file /opt/***/data/data.json
[2024-06-26T14:14:06.863+0000] {filesystem.py:85} INFO - Poking for file /opt/***/data/data.json
[2024-06-26T14:14:16.864+0000] {filesystem.py:85} INFO - Poking for file /opt/***/data/data.json
[2024-06-26T14:14:26.864+0000] {filesystem.py:85} INFO - Poking for file /opt/***/data/data.json
[2024-06-26T14:14:36.865+0000] {filesystem.py:85} INFO - Poking for file /opt/***/data/data.json
[2024-06-26T14:14:46.866+0000] {filesystem.py:85} INFO - Poking for file /opt/***/data/data.json
[2024-06-26T14:14:56.867+0000] {filesystem.py:85} INFO - Poking for file /opt/***/data/data.json
[2024-06-26T14:15:06.867+0000] {filesystem.py:85} INFO - Poking for file /opt/***/data/data.json
[2024-06-26T14:15:16.868+0000] {filesystem.py:85} INFO - Poking for file /opt/***/data/data.json
[2024-06-26T14:15:26.869+0000] {filesystem.py:85} INFO - Poking for file /opt/***/data/data.json
[2024-06-26T14:15:36.869+0000] {filesystem.py:85} INFO - Poking for file /opt/***/data/data.json
[2024-06-26T14:15:46.870+0000] {filesystem.py:85} INFO - Poking for file /opt/***/data/data.json
[2024-06-26T14:15:56.871+0000] {filesystem.py:85} INFO - Poking for file /opt/***/data/data.json
[2024-06-26T14:16:06.871+0000] {filesystem.py:85} INFO - Poking for file /opt/***/data/data.json
[2024-06-26T14:16:16.872+0000] {filesystem.py:85} INFO - Poking for file /opt/***/data/data.json
[2024-06-26T14:16:26.873+0000] {filesystem.py:85} INFO - Poking for file /opt/***/data/data.json
[2024-06-26T14:16:36.874+0000] {filesystem.py:85} INFO - Poking for file /opt/***/data/data.json
[2024-06-26T14:16:46.874+0000] {filesystem.py:85} INFO - Poking for file /opt/***/data/data.json
[2024-06-26T14:16:56.874+0000] {filesystem.py:85} INFO - Poking for file /opt/***/data/data.json
[2024-06-26T14:17:06.875+0000] {filesystem.py:85} INFO - Poking for file /opt/***/data/data.json
[2024-06-26T14:17:16.876+0000] {filesystem.py:85} INFO - Poking for file /opt/***/data/data.json
[2024-06-26T14:17:26.877+0000] {filesystem.py:85} INFO - Poking for file /opt/***/data/data.json
[2024-06-26T14:17:36.878+0000] {filesystem.py:85} INFO - Poking for file /opt/***/data/data.json
[2024-06-26T14:17:46.878+0000] {filesystem.py:85} INFO - Poking for file /opt/***/data/data.json
[2024-06-26T14:17:56.879+0000] {filesystem.py:85} INFO - Poking for file /opt/***/data/data.json
[2024-06-26T14:18:06.880+0000] {filesystem.py:85} INFO - Poking for file /opt/***/data/data.json
[2024-06-26T14:18:16.881+0000] {filesystem.py:85} INFO - Poking for file /opt/***/data/data.json
[2024-06-26T14:18:26.882+0000] {filesystem.py:85} INFO - Poking for file /opt/***/data/data.json
[2024-06-26T14:18:36.883+0000] {filesystem.py:85} INFO - Poking for file /opt/***/data/data.json
[2024-06-26T14:18:46.884+0000] {filesystem.py:85} INFO - Poking for file /opt/***/data/data.json
[2024-06-26T14:18:56.885+0000] {filesystem.py:85} INFO - Poking for file /opt/***/data/data.json
[2024-06-26T14:19:06.885+0000] {filesystem.py:85} INFO - Poking for file /opt/***/data/data.json
[2024-06-26T14:19:16.886+0000] {filesystem.py:85} INFO - Poking for file /opt/***/data/data.json
[2024-06-26T14:19:26.887+0000] {filesystem.py:85} INFO - Poking for file /opt/***/data/data.json
[2024-06-26T14:19:36.887+0000] {filesystem.py:85} INFO - Poking for file /opt/***/data/data.json
[2024-06-26T14:19:46.888+0000] {filesystem.py:85} INFO - Poking for file /opt/***/data/data.json
[2024-06-26T14:19:56.888+0000] {filesystem.py:85} INFO - Poking for file /opt/***/data/data.json
[2024-06-26T14:20:06.889+0000] {filesystem.py:85} INFO - Poking for file /opt/***/data/data.json
