[2024-06-25T13:15:00.579+0000] {local_task_job_runner.py:120} INFO - ::group::Pre task execution logs
[2024-06-25T13:15:00.590+0000] {taskinstance.py:2076} INFO - Dependencies all met for dep_context=non-requeueable deps ti=<TaskInstance: windturbine.file_sensor_task scheduled__2024-06-25T13:12:00+00:00 [queued]>
[2024-06-25T13:15:00.595+0000] {taskinstance.py:2076} INFO - Dependencies all met for dep_context=requeueable deps ti=<TaskInstance: windturbine.file_sensor_task scheduled__2024-06-25T13:12:00+00:00 [queued]>
[2024-06-25T13:15:00.595+0000] {taskinstance.py:2306} INFO - Starting attempt 1 of 2
[2024-06-25T13:15:00.602+0000] {taskinstance.py:2330} INFO - Executing <Task(FileSensor): file_sensor_task> on 2024-06-25 13:12:00+00:00
[2024-06-25T13:15:00.607+0000] {warnings.py:112} WARNING - /home/***/.local/lib/python3.12/site-packages/***/task/task_runner/standard_task_runner.py:61: DeprecationWarning: This process (pid=1544) is multi-threaded, use of fork() may lead to deadlocks in the child.
  pid = os.fork()

[2024-06-25T13:15:00.608+0000] {standard_task_runner.py:63} INFO - Started process 1546 to run task
[2024-06-25T13:15:00.608+0000] {standard_task_runner.py:90} INFO - Running: ['***', 'tasks', 'run', 'windturbine', 'file_sensor_task', 'scheduled__2024-06-25T13:12:00+00:00', '--job-id', '502', '--raw', '--subdir', 'DAGS_FOLDER/windturbine.py', '--cfg-path', '/tmp/tmphfok0dki']
[2024-06-25T13:15:00.609+0000] {standard_task_runner.py:91} INFO - Job 502: Subtask file_sensor_task
[2024-06-25T13:15:00.632+0000] {task_command.py:426} INFO - Running <TaskInstance: windturbine.file_sensor_task scheduled__2024-06-25T13:12:00+00:00 [running]> on host 8f35bebe2893
[2024-06-25T13:15:00.675+0000] {taskinstance.py:2648} INFO - Exporting env vars: AIRFLOW_CTX_DAG_EMAIL='liviataina.ltab@gmail.com' AIRFLOW_CTX_DAG_OWNER='***' AIRFLOW_CTX_DAG_ID='windturbine' AIRFLOW_CTX_TASK_ID='file_sensor_task' AIRFLOW_CTX_EXECUTION_DATE='2024-06-25T13:12:00+00:00' AIRFLOW_CTX_TRY_NUMBER='1' AIRFLOW_CTX_DAG_RUN_ID='scheduled__2024-06-25T13:12:00+00:00'
[2024-06-25T13:15:00.675+0000] {taskinstance.py:430} INFO - ::endgroup::
[2024-06-25T13:15:00.682+0000] {baseoperator.py:400} WARNING - FileSensor.execute cannot be called outside TaskInstance!
[2024-06-25T13:15:00.686+0000] {base.py:84} INFO - Using connection ID 'fs_default' for task execution.
[2024-06-25T13:15:00.687+0000] {filesystem.py:85} INFO - Poking for file /opt/***/data/data.json
[2024-06-25T13:15:10.687+0000] {filesystem.py:85} INFO - Poking for file /opt/***/data/data.json
[2024-06-25T13:15:20.687+0000] {filesystem.py:85} INFO - Poking for file /opt/***/data/data.json
[2024-06-25T13:15:30.688+0000] {filesystem.py:85} INFO - Poking for file /opt/***/data/data.json
[2024-06-25T13:15:40.689+0000] {filesystem.py:85} INFO - Poking for file /opt/***/data/data.json
[2024-06-25T13:15:50.690+0000] {filesystem.py:85} INFO - Poking for file /opt/***/data/data.json
[2024-06-25T13:16:00.691+0000] {filesystem.py:85} INFO - Poking for file /opt/***/data/data.json
[2024-06-25T13:16:10.692+0000] {filesystem.py:85} INFO - Poking for file /opt/***/data/data.json
[2024-06-25T13:16:20.693+0000] {filesystem.py:85} INFO - Poking for file /opt/***/data/data.json
[2024-06-25T13:16:30.694+0000] {filesystem.py:85} INFO - Poking for file /opt/***/data/data.json
[2024-06-25T13:16:40.695+0000] {filesystem.py:85} INFO - Poking for file /opt/***/data/data.json
[2024-06-25T13:16:50.695+0000] {filesystem.py:85} INFO - Poking for file /opt/***/data/data.json
[2024-06-25T13:17:00.696+0000] {filesystem.py:85} INFO - Poking for file /opt/***/data/data.json
[2024-06-25T13:17:10.697+0000] {filesystem.py:85} INFO - Poking for file /opt/***/data/data.json
[2024-06-25T13:17:20.698+0000] {filesystem.py:85} INFO - Poking for file /opt/***/data/data.json
[2024-06-25T13:17:30.699+0000] {filesystem.py:85} INFO - Poking for file /opt/***/data/data.json
[2024-06-25T13:17:40.700+0000] {filesystem.py:85} INFO - Poking for file /opt/***/data/data.json
[2024-06-25T13:17:50.700+0000] {filesystem.py:85} INFO - Poking for file /opt/***/data/data.json
[2024-06-25T13:18:00.701+0000] {filesystem.py:85} INFO - Poking for file /opt/***/data/data.json
[2024-06-25T13:18:10.702+0000] {filesystem.py:85} INFO - Poking for file /opt/***/data/data.json
[2024-06-25T13:18:20.703+0000] {filesystem.py:85} INFO - Poking for file /opt/***/data/data.json
[2024-06-25T13:18:30.703+0000] {filesystem.py:85} INFO - Poking for file /opt/***/data/data.json
[2024-06-25T13:18:40.704+0000] {filesystem.py:85} INFO - Poking for file /opt/***/data/data.json
[2024-06-25T13:18:50.705+0000] {filesystem.py:85} INFO - Poking for file /opt/***/data/data.json
[2024-06-25T13:19:00.705+0000] {filesystem.py:85} INFO - Poking for file /opt/***/data/data.json
[2024-06-25T13:19:10.706+0000] {filesystem.py:85} INFO - Poking for file /opt/***/data/data.json
[2024-06-25T13:19:20.707+0000] {filesystem.py:85} INFO - Poking for file /opt/***/data/data.json
[2024-06-25T13:19:30.707+0000] {filesystem.py:85} INFO - Poking for file /opt/***/data/data.json
[2024-06-25T13:19:40.708+0000] {filesystem.py:85} INFO - Poking for file /opt/***/data/data.json
[2024-06-25T13:19:50.709+0000] {filesystem.py:85} INFO - Poking for file /opt/***/data/data.json
[2024-06-25T13:20:00.709+0000] {filesystem.py:85} INFO - Poking for file /opt/***/data/data.json
[2024-06-25T13:20:10.710+0000] {filesystem.py:85} INFO - Poking for file /opt/***/data/data.json
[2024-06-25T13:20:20.711+0000] {filesystem.py:85} INFO - Poking for file /opt/***/data/data.json
[2024-06-25T13:20:30.712+0000] {filesystem.py:85} INFO - Poking for file /opt/***/data/data.json
[2024-06-25T13:20:40.713+0000] {filesystem.py:85} INFO - Poking for file /opt/***/data/data.json
[2024-06-25T13:20:50.714+0000] {filesystem.py:85} INFO - Poking for file /opt/***/data/data.json
[2024-06-25T13:21:00.715+0000] {filesystem.py:85} INFO - Poking for file /opt/***/data/data.json
[2024-06-25T13:21:10.716+0000] {filesystem.py:85} INFO - Poking for file /opt/***/data/data.json
[2024-06-25T13:21:20.716+0000] {filesystem.py:85} INFO - Poking for file /opt/***/data/data.json
[2024-06-25T13:21:30.717+0000] {filesystem.py:85} INFO - Poking for file /opt/***/data/data.json
[2024-06-25T13:21:40.718+0000] {filesystem.py:85} INFO - Poking for file /opt/***/data/data.json
[2024-06-25T13:21:50.718+0000] {filesystem.py:85} INFO - Poking for file /opt/***/data/data.json
[2024-06-25T13:22:00.719+0000] {filesystem.py:85} INFO - Poking for file /opt/***/data/data.json
[2024-06-25T13:22:10.720+0000] {filesystem.py:85} INFO - Poking for file /opt/***/data/data.json
[2024-06-25T13:22:20.721+0000] {filesystem.py:85} INFO - Poking for file /opt/***/data/data.json
[2024-06-25T13:22:30.722+0000] {filesystem.py:85} INFO - Poking for file /opt/***/data/data.json
[2024-06-25T13:22:40.723+0000] {filesystem.py:85} INFO - Poking for file /opt/***/data/data.json
[2024-06-25T13:22:50.723+0000] {filesystem.py:85} INFO - Poking for file /opt/***/data/data.json
[2024-06-25T13:23:00.724+0000] {filesystem.py:85} INFO - Poking for file /opt/***/data/data.json
[2024-06-25T13:23:10.725+0000] {filesystem.py:85} INFO - Poking for file /opt/***/data/data.json
[2024-06-25T13:23:20.726+0000] {filesystem.py:85} INFO - Poking for file /opt/***/data/data.json
[2024-06-25T13:23:30.727+0000] {filesystem.py:85} INFO - Poking for file /opt/***/data/data.json
[2024-06-25T13:23:40.727+0000] {filesystem.py:85} INFO - Poking for file /opt/***/data/data.json
[2024-06-25T13:23:50.728+0000] {filesystem.py:85} INFO - Poking for file /opt/***/data/data.json
[2024-06-25T13:24:00.729+0000] {filesystem.py:85} INFO - Poking for file /opt/***/data/data.json
[2024-06-25T13:24:10.729+0000] {filesystem.py:85} INFO - Poking for file /opt/***/data/data.json
[2024-06-25T13:24:20.730+0000] {filesystem.py:85} INFO - Poking for file /opt/***/data/data.json
[2024-06-25T13:24:30.731+0000] {filesystem.py:85} INFO - Poking for file /opt/***/data/data.json
[2024-06-25T13:24:40.732+0000] {filesystem.py:85} INFO - Poking for file /opt/***/data/data.json
[2024-06-25T13:24:50.732+0000] {filesystem.py:85} INFO - Poking for file /opt/***/data/data.json
[2024-06-25T13:25:00.734+0000] {filesystem.py:85} INFO - Poking for file /opt/***/data/data.json
[2024-06-25T13:25:10.735+0000] {filesystem.py:85} INFO - Poking for file /opt/***/data/data.json
[2024-06-25T13:25:20.736+0000] {filesystem.py:85} INFO - Poking for file /opt/***/data/data.json
[2024-06-25T13:25:30.736+0000] {filesystem.py:85} INFO - Poking for file /opt/***/data/data.json
[2024-06-25T13:25:40.737+0000] {filesystem.py:85} INFO - Poking for file /opt/***/data/data.json
[2024-06-25T13:25:50.738+0000] {filesystem.py:85} INFO - Poking for file /opt/***/data/data.json
[2024-06-25T13:26:00.739+0000] {filesystem.py:85} INFO - Poking for file /opt/***/data/data.json
[2024-06-25T13:26:10.739+0000] {filesystem.py:85} INFO - Poking for file /opt/***/data/data.json
[2024-06-25T13:26:20.740+0000] {filesystem.py:85} INFO - Poking for file /opt/***/data/data.json
[2024-06-25T13:26:30.741+0000] {filesystem.py:85} INFO - Poking for file /opt/***/data/data.json
[2024-06-25T13:26:40.743+0000] {filesystem.py:85} INFO - Poking for file /opt/***/data/data.json
[2024-06-25T13:26:50.744+0000] {filesystem.py:85} INFO - Poking for file /opt/***/data/data.json
[2024-06-25T13:27:00.745+0000] {filesystem.py:85} INFO - Poking for file /opt/***/data/data.json
[2024-06-25T13:27:10.745+0000] {filesystem.py:85} INFO - Poking for file /opt/***/data/data.json
[2024-06-25T13:27:20.746+0000] {filesystem.py:85} INFO - Poking for file /opt/***/data/data.json
[2024-06-25T13:27:30.747+0000] {filesystem.py:85} INFO - Poking for file /opt/***/data/data.json
[2024-06-25T13:27:40.748+0000] {filesystem.py:85} INFO - Poking for file /opt/***/data/data.json
[2024-06-25T13:27:50.748+0000] {filesystem.py:85} INFO - Poking for file /opt/***/data/data.json
[2024-06-25T13:28:00.750+0000] {filesystem.py:85} INFO - Poking for file /opt/***/data/data.json
[2024-06-25T13:28:10.751+0000] {filesystem.py:85} INFO - Poking for file /opt/***/data/data.json
[2024-06-25T13:28:20.752+0000] {filesystem.py:85} INFO - Poking for file /opt/***/data/data.json
[2024-06-25T13:28:30.752+0000] {filesystem.py:85} INFO - Poking for file /opt/***/data/data.json
[2024-06-25T13:28:40.753+0000] {filesystem.py:85} INFO - Poking for file /opt/***/data/data.json
[2024-06-25T13:28:50.754+0000] {filesystem.py:85} INFO - Poking for file /opt/***/data/data.json
[2024-06-25T13:29:00.755+0000] {filesystem.py:85} INFO - Poking for file /opt/***/data/data.json
[2024-06-25T13:29:10.756+0000] {filesystem.py:85} INFO - Poking for file /opt/***/data/data.json
[2024-06-25T13:29:20.757+0000] {filesystem.py:85} INFO - Poking for file /opt/***/data/data.json
[2024-06-25T13:29:30.758+0000] {filesystem.py:85} INFO - Poking for file /opt/***/data/data.json
[2024-06-25T13:29:40.758+0000] {filesystem.py:85} INFO - Poking for file /opt/***/data/data.json
[2024-06-25T13:29:50.759+0000] {filesystem.py:85} INFO - Poking for file /opt/***/data/data.json
[2024-06-25T13:30:00.760+0000] {filesystem.py:85} INFO - Poking for file /opt/***/data/data.json
[2024-06-25T13:30:10.761+0000] {filesystem.py:85} INFO - Poking for file /opt/***/data/data.json
[2024-06-25T13:30:20.762+0000] {filesystem.py:85} INFO - Poking for file /opt/***/data/data.json
[2024-06-25T13:30:30.763+0000] {filesystem.py:85} INFO - Poking for file /opt/***/data/data.json
[2024-06-25T13:30:40.764+0000] {filesystem.py:85} INFO - Poking for file /opt/***/data/data.json
[2024-06-25T13:30:50.765+0000] {filesystem.py:85} INFO - Poking for file /opt/***/data/data.json
[2024-06-25T13:31:00.765+0000] {filesystem.py:85} INFO - Poking for file /opt/***/data/data.json
[2024-06-25T13:31:10.766+0000] {filesystem.py:85} INFO - Poking for file /opt/***/data/data.json
[2024-06-25T13:31:20.767+0000] {filesystem.py:85} INFO - Poking for file /opt/***/data/data.json
[2024-06-25T13:31:30.768+0000] {filesystem.py:85} INFO - Poking for file /opt/***/data/data.json
[2024-06-25T13:31:40.768+0000] {filesystem.py:85} INFO - Poking for file /opt/***/data/data.json
[2024-06-25T13:31:50.769+0000] {filesystem.py:85} INFO - Poking for file /opt/***/data/data.json
[2024-06-25T13:32:00.770+0000] {filesystem.py:85} INFO - Poking for file /opt/***/data/data.json
[2024-06-25T13:32:10.771+0000] {filesystem.py:85} INFO - Poking for file /opt/***/data/data.json
[2024-06-25T13:32:20.772+0000] {filesystem.py:85} INFO - Poking for file /opt/***/data/data.json
[2024-06-25T13:32:30.773+0000] {filesystem.py:85} INFO - Poking for file /opt/***/data/data.json
[2024-06-25T13:32:40.774+0000] {filesystem.py:85} INFO - Poking for file /opt/***/data/data.json
[2024-06-25T13:32:50.774+0000] {filesystem.py:85} INFO - Poking for file /opt/***/data/data.json
[2024-06-25T13:33:00.775+0000] {filesystem.py:85} INFO - Poking for file /opt/***/data/data.json
[2024-06-25T13:33:10.775+0000] {filesystem.py:85} INFO - Poking for file /opt/***/data/data.json
[2024-06-25T13:33:20.777+0000] {filesystem.py:85} INFO - Poking for file /opt/***/data/data.json
[2024-06-25T13:33:30.777+0000] {filesystem.py:85} INFO - Poking for file /opt/***/data/data.json
[2024-06-25T13:33:40.778+0000] {filesystem.py:85} INFO - Poking for file /opt/***/data/data.json
[2024-06-25T13:33:50.779+0000] {filesystem.py:85} INFO - Poking for file /opt/***/data/data.json
[2024-06-25T13:34:00.780+0000] {filesystem.py:85} INFO - Poking for file /opt/***/data/data.json
[2024-06-25T13:34:10.780+0000] {filesystem.py:85} INFO - Poking for file /opt/***/data/data.json
[2024-06-25T13:34:20.782+0000] {filesystem.py:85} INFO - Poking for file /opt/***/data/data.json
[2024-06-25T13:34:30.782+0000] {filesystem.py:85} INFO - Poking for file /opt/***/data/data.json
[2024-06-25T13:34:40.783+0000] {filesystem.py:85} INFO - Poking for file /opt/***/data/data.json
[2024-06-25T13:34:50.783+0000] {filesystem.py:85} INFO - Poking for file /opt/***/data/data.json
[2024-06-25T13:35:00.784+0000] {filesystem.py:85} INFO - Poking for file /opt/***/data/data.json
[2024-06-25T13:35:10.785+0000] {filesystem.py:85} INFO - Poking for file /opt/***/data/data.json
[2024-06-25T13:35:20.786+0000] {filesystem.py:85} INFO - Poking for file /opt/***/data/data.json
[2024-06-25T13:35:30.787+0000] {filesystem.py:85} INFO - Poking for file /opt/***/data/data.json
[2024-06-25T13:35:40.788+0000] {filesystem.py:85} INFO - Poking for file /opt/***/data/data.json
[2024-06-25T13:35:50.788+0000] {filesystem.py:85} INFO - Poking for file /opt/***/data/data.json
[2024-06-25T13:36:00.789+0000] {filesystem.py:85} INFO - Poking for file /opt/***/data/data.json
[2024-06-25T13:36:10.790+0000] {filesystem.py:85} INFO - Poking for file /opt/***/data/data.json
[2024-06-25T13:36:20.791+0000] {filesystem.py:85} INFO - Poking for file /opt/***/data/data.json
[2024-06-25T13:36:30.792+0000] {filesystem.py:85} INFO - Poking for file /opt/***/data/data.json
[2024-06-25T13:36:40.793+0000] {filesystem.py:85} INFO - Poking for file /opt/***/data/data.json
[2024-06-25T13:36:50.794+0000] {filesystem.py:85} INFO - Poking for file /opt/***/data/data.json
[2024-06-25T13:37:00.795+0000] {filesystem.py:85} INFO - Poking for file /opt/***/data/data.json
[2024-06-25T13:37:10.795+0000] {filesystem.py:85} INFO - Poking for file /opt/***/data/data.json
[2024-06-25T13:37:20.796+0000] {filesystem.py:85} INFO - Poking for file /opt/***/data/data.json
[2024-06-25T13:37:30.797+0000] {filesystem.py:85} INFO - Poking for file /opt/***/data/data.json
[2024-06-25T13:37:40.797+0000] {filesystem.py:85} INFO - Poking for file /opt/***/data/data.json
[2024-06-25T13:37:50.798+0000] {filesystem.py:85} INFO - Poking for file /opt/***/data/data.json
[2024-06-25T13:38:00.799+0000] {filesystem.py:85} INFO - Poking for file /opt/***/data/data.json
[2024-06-25T13:38:10.799+0000] {filesystem.py:85} INFO - Poking for file /opt/***/data/data.json
[2024-06-25T13:38:20.800+0000] {filesystem.py:85} INFO - Poking for file /opt/***/data/data.json
[2024-06-25T13:38:30.801+0000] {filesystem.py:85} INFO - Poking for file /opt/***/data/data.json
[2024-06-25T13:38:40.802+0000] {filesystem.py:85} INFO - Poking for file /opt/***/data/data.json
[2024-06-25T13:38:50.803+0000] {filesystem.py:85} INFO - Poking for file /opt/***/data/data.json
[2024-06-25T13:39:00.803+0000] {filesystem.py:85} INFO - Poking for file /opt/***/data/data.json
[2024-06-25T13:39:10.804+0000] {filesystem.py:85} INFO - Poking for file /opt/***/data/data.json
[2024-06-25T13:39:20.805+0000] {filesystem.py:85} INFO - Poking for file /opt/***/data/data.json
[2024-06-25T13:39:30.806+0000] {filesystem.py:85} INFO - Poking for file /opt/***/data/data.json
[2024-06-25T13:39:40.807+0000] {filesystem.py:85} INFO - Poking for file /opt/***/data/data.json
[2024-06-25T13:39:50.808+0000] {filesystem.py:85} INFO - Poking for file /opt/***/data/data.json
[2024-06-25T13:40:00.808+0000] {filesystem.py:85} INFO - Poking for file /opt/***/data/data.json
[2024-06-25T13:40:10.809+0000] {filesystem.py:85} INFO - Poking for file /opt/***/data/data.json
[2024-06-25T13:40:20.811+0000] {filesystem.py:85} INFO - Poking for file /opt/***/data/data.json
[2024-06-25T13:40:30.812+0000] {filesystem.py:85} INFO - Poking for file /opt/***/data/data.json
[2024-06-25T13:40:40.813+0000] {filesystem.py:85} INFO - Poking for file /opt/***/data/data.json
[2024-06-25T13:40:50.813+0000] {filesystem.py:85} INFO - Poking for file /opt/***/data/data.json
[2024-06-25T13:41:00.814+0000] {filesystem.py:85} INFO - Poking for file /opt/***/data/data.json
[2024-06-25T13:41:10.815+0000] {filesystem.py:85} INFO - Poking for file /opt/***/data/data.json
[2024-06-25T13:41:20.815+0000] {filesystem.py:85} INFO - Poking for file /opt/***/data/data.json
[2024-06-25T13:41:30.816+0000] {filesystem.py:85} INFO - Poking for file /opt/***/data/data.json
[2024-06-25T13:41:40.816+0000] {filesystem.py:85} INFO - Poking for file /opt/***/data/data.json
[2024-06-25T13:41:50.817+0000] {filesystem.py:85} INFO - Poking for file /opt/***/data/data.json
[2024-06-25T13:42:00.818+0000] {filesystem.py:85} INFO - Poking for file /opt/***/data/data.json
[2024-06-25T13:42:10.819+0000] {filesystem.py:85} INFO - Poking for file /opt/***/data/data.json
[2024-06-25T13:42:20.819+0000] {filesystem.py:85} INFO - Poking for file /opt/***/data/data.json
[2024-06-25T13:42:30.820+0000] {filesystem.py:85} INFO - Poking for file /opt/***/data/data.json
[2024-06-25T13:42:40.822+0000] {filesystem.py:85} INFO - Poking for file /opt/***/data/data.json
[2024-06-25T13:42:50.823+0000] {filesystem.py:85} INFO - Poking for file /opt/***/data/data.json
[2024-06-25T13:43:00.824+0000] {filesystem.py:85} INFO - Poking for file /opt/***/data/data.json
[2024-06-25T13:43:10.825+0000] {filesystem.py:85} INFO - Poking for file /opt/***/data/data.json
[2024-06-25T13:43:20.826+0000] {filesystem.py:85} INFO - Poking for file /opt/***/data/data.json
[2024-06-25T13:43:30.826+0000] {filesystem.py:85} INFO - Poking for file /opt/***/data/data.json
[2024-06-25T13:43:40.827+0000] {filesystem.py:85} INFO - Poking for file /opt/***/data/data.json
[2024-06-25T13:43:50.828+0000] {filesystem.py:85} INFO - Poking for file /opt/***/data/data.json
[2024-06-25T13:44:00.828+0000] {filesystem.py:85} INFO - Poking for file /opt/***/data/data.json
[2024-06-25T13:44:10.829+0000] {filesystem.py:85} INFO - Poking for file /opt/***/data/data.json
[2024-06-25T13:44:20.829+0000] {filesystem.py:85} INFO - Poking for file /opt/***/data/data.json
[2024-06-25T13:44:30.830+0000] {filesystem.py:85} INFO - Poking for file /opt/***/data/data.json
[2024-06-25T13:44:40.831+0000] {filesystem.py:85} INFO - Poking for file /opt/***/data/data.json
[2024-06-25T13:44:50.832+0000] {filesystem.py:85} INFO - Poking for file /opt/***/data/data.json
[2024-06-25T13:45:00.833+0000] {filesystem.py:85} INFO - Poking for file /opt/***/data/data.json
[2024-06-25T13:45:10.834+0000] {filesystem.py:85} INFO - Poking for file /opt/***/data/data.json
[2024-06-25T13:45:20.835+0000] {filesystem.py:85} INFO - Poking for file /opt/***/data/data.json
[2024-06-25T13:45:30.835+0000] {filesystem.py:85} INFO - Poking for file /opt/***/data/data.json
[2024-06-25T13:45:40.836+0000] {filesystem.py:85} INFO - Poking for file /opt/***/data/data.json
[2024-06-25T13:45:50.837+0000] {filesystem.py:85} INFO - Poking for file /opt/***/data/data.json
[2024-06-25T13:46:00.838+0000] {filesystem.py:85} INFO - Poking for file /opt/***/data/data.json
[2024-06-25T13:46:10.839+0000] {filesystem.py:85} INFO - Poking for file /opt/***/data/data.json
[2024-06-25T13:46:20.840+0000] {filesystem.py:85} INFO - Poking for file /opt/***/data/data.json
[2024-06-25T13:46:30.840+0000] {filesystem.py:85} INFO - Poking for file /opt/***/data/data.json
[2024-06-25T13:46:40.841+0000] {filesystem.py:85} INFO - Poking for file /opt/***/data/data.json
[2024-06-25T13:46:50.842+0000] {filesystem.py:85} INFO - Poking for file /opt/***/data/data.json
[2024-06-25T13:47:00.843+0000] {filesystem.py:85} INFO - Poking for file /opt/***/data/data.json
[2024-06-25T13:47:10.844+0000] {filesystem.py:85} INFO - Poking for file /opt/***/data/data.json
[2024-06-25T13:47:20.845+0000] {filesystem.py:85} INFO - Poking for file /opt/***/data/data.json
[2024-06-25T13:47:30.845+0000] {filesystem.py:85} INFO - Poking for file /opt/***/data/data.json
[2024-06-25T13:47:40.845+0000] {filesystem.py:85} INFO - Poking for file /opt/***/data/data.json
[2024-06-25T13:47:50.846+0000] {filesystem.py:85} INFO - Poking for file /opt/***/data/data.json
[2024-06-25T13:48:00.847+0000] {filesystem.py:85} INFO - Poking for file /opt/***/data/data.json
[2024-06-25T13:48:10.848+0000] {filesystem.py:85} INFO - Poking for file /opt/***/data/data.json
[2024-06-25T13:48:20.849+0000] {filesystem.py:85} INFO - Poking for file /opt/***/data/data.json
[2024-06-25T13:48:30.850+0000] {filesystem.py:85} INFO - Poking for file /opt/***/data/data.json
[2024-06-25T13:48:40.851+0000] {filesystem.py:85} INFO - Poking for file /opt/***/data/data.json
[2024-06-25T13:48:50.853+0000] {filesystem.py:85} INFO - Poking for file /opt/***/data/data.json
[2024-06-25T13:49:00.854+0000] {filesystem.py:85} INFO - Poking for file /opt/***/data/data.json
[2024-06-25T13:49:10.855+0000] {filesystem.py:85} INFO - Poking for file /opt/***/data/data.json
[2024-06-25T13:49:20.856+0000] {filesystem.py:85} INFO - Poking for file /opt/***/data/data.json
[2024-06-25T13:49:30.857+0000] {filesystem.py:85} INFO - Poking for file /opt/***/data/data.json
[2024-06-25T13:49:40.858+0000] {filesystem.py:85} INFO - Poking for file /opt/***/data/data.json
[2024-06-25T13:49:50.859+0000] {filesystem.py:85} INFO - Poking for file /opt/***/data/data.json
[2024-06-25T13:50:00.860+0000] {filesystem.py:85} INFO - Poking for file /opt/***/data/data.json
[2024-06-25T13:50:10.860+0000] {filesystem.py:85} INFO - Poking for file /opt/***/data/data.json
[2024-06-25T13:50:20.861+0000] {filesystem.py:85} INFO - Poking for file /opt/***/data/data.json
[2024-06-25T13:50:30.862+0000] {filesystem.py:85} INFO - Poking for file /opt/***/data/data.json
[2024-06-25T13:50:40.863+0000] {filesystem.py:85} INFO - Poking for file /opt/***/data/data.json
[2024-06-25T13:50:50.863+0000] {filesystem.py:85} INFO - Poking for file /opt/***/data/data.json
[2024-06-25T13:51:00.864+0000] {filesystem.py:85} INFO - Poking for file /opt/***/data/data.json
[2024-06-25T13:51:10.865+0000] {filesystem.py:85} INFO - Poking for file /opt/***/data/data.json
[2024-06-25T13:51:20.866+0000] {filesystem.py:85} INFO - Poking for file /opt/***/data/data.json
[2024-06-25T13:51:30.867+0000] {filesystem.py:85} INFO - Poking for file /opt/***/data/data.json
[2024-06-25T13:51:40.868+0000] {filesystem.py:85} INFO - Poking for file /opt/***/data/data.json
[2024-06-25T13:51:50.869+0000] {filesystem.py:85} INFO - Poking for file /opt/***/data/data.json
[2024-06-25T13:52:00.870+0000] {filesystem.py:85} INFO - Poking for file /opt/***/data/data.json
[2024-06-25T13:52:10.870+0000] {filesystem.py:85} INFO - Poking for file /opt/***/data/data.json
[2024-06-25T13:52:20.870+0000] {filesystem.py:85} INFO - Poking for file /opt/***/data/data.json
[2024-06-25T13:52:30.871+0000] {filesystem.py:85} INFO - Poking for file /opt/***/data/data.json
[2024-06-25T13:52:40.872+0000] {filesystem.py:85} INFO - Poking for file /opt/***/data/data.json
[2024-06-25T13:52:50.873+0000] {filesystem.py:85} INFO - Poking for file /opt/***/data/data.json
[2024-06-25T13:53:00.874+0000] {filesystem.py:85} INFO - Poking for file /opt/***/data/data.json
[2024-06-25T13:53:10.875+0000] {filesystem.py:85} INFO - Poking for file /opt/***/data/data.json
[2024-06-25T13:53:20.876+0000] {filesystem.py:85} INFO - Poking for file /opt/***/data/data.json
[2024-06-25T13:53:30.877+0000] {filesystem.py:85} INFO - Poking for file /opt/***/data/data.json
[2024-06-25T13:53:40.877+0000] {filesystem.py:85} INFO - Poking for file /opt/***/data/data.json
[2024-06-25T13:53:50.877+0000] {filesystem.py:85} INFO - Poking for file /opt/***/data/data.json
[2024-06-25T13:54:00.878+0000] {filesystem.py:85} INFO - Poking for file /opt/***/data/data.json
[2024-06-25T13:54:10.880+0000] {filesystem.py:85} INFO - Poking for file /opt/***/data/data.json
[2024-06-25T13:54:20.880+0000] {filesystem.py:85} INFO - Poking for file /opt/***/data/data.json
[2024-06-25T13:54:30.881+0000] {filesystem.py:85} INFO - Poking for file /opt/***/data/data.json
[2024-06-25T13:54:40.881+0000] {filesystem.py:85} INFO - Poking for file /opt/***/data/data.json
[2024-06-25T13:54:50.882+0000] {filesystem.py:85} INFO - Poking for file /opt/***/data/data.json
[2024-06-25T13:55:00.883+0000] {filesystem.py:85} INFO - Poking for file /opt/***/data/data.json
[2024-06-25T13:55:10.884+0000] {filesystem.py:85} INFO - Poking for file /opt/***/data/data.json
[2024-06-25T13:55:20.885+0000] {filesystem.py:85} INFO - Poking for file /opt/***/data/data.json
[2024-06-25T13:55:30.886+0000] {filesystem.py:85} INFO - Poking for file /opt/***/data/data.json
[2024-06-25T13:55:40.887+0000] {filesystem.py:85} INFO - Poking for file /opt/***/data/data.json
[2024-06-25T13:55:50.888+0000] {filesystem.py:85} INFO - Poking for file /opt/***/data/data.json
[2024-06-25T13:56:00.889+0000] {filesystem.py:85} INFO - Poking for file /opt/***/data/data.json
[2024-06-25T13:56:10.890+0000] {filesystem.py:85} INFO - Poking for file /opt/***/data/data.json
[2024-06-25T13:56:20.890+0000] {filesystem.py:85} INFO - Poking for file /opt/***/data/data.json
[2024-06-25T13:56:30.891+0000] {filesystem.py:85} INFO - Poking for file /opt/***/data/data.json
[2024-06-25T13:56:40.893+0000] {filesystem.py:85} INFO - Poking for file /opt/***/data/data.json
[2024-06-25T13:56:50.894+0000] {filesystem.py:85} INFO - Poking for file /opt/***/data/data.json
[2024-06-25T13:57:00.895+0000] {filesystem.py:85} INFO - Poking for file /opt/***/data/data.json
[2024-06-25T13:57:10.896+0000] {filesystem.py:85} INFO - Poking for file /opt/***/data/data.json
[2024-06-25T13:57:20.897+0000] {filesystem.py:85} INFO - Poking for file /opt/***/data/data.json
[2024-06-25T13:57:30.897+0000] {filesystem.py:85} INFO - Poking for file /opt/***/data/data.json
[2024-06-25T13:57:40.898+0000] {filesystem.py:85} INFO - Poking for file /opt/***/data/data.json
[2024-06-25T13:57:50.899+0000] {filesystem.py:85} INFO - Poking for file /opt/***/data/data.json
[2024-06-25T13:58:00.900+0000] {filesystem.py:85} INFO - Poking for file /opt/***/data/data.json
[2024-06-25T13:58:10.900+0000] {filesystem.py:85} INFO - Poking for file /opt/***/data/data.json
[2024-06-25T13:58:20.901+0000] {filesystem.py:85} INFO - Poking for file /opt/***/data/data.json
[2024-06-25T13:58:30.902+0000] {filesystem.py:85} INFO - Poking for file /opt/***/data/data.json
[2024-06-25T13:58:40.903+0000] {filesystem.py:85} INFO - Poking for file /opt/***/data/data.json
[2024-06-25T13:58:50.904+0000] {filesystem.py:85} INFO - Poking for file /opt/***/data/data.json
[2024-06-25T13:59:00.905+0000] {filesystem.py:85} INFO - Poking for file /opt/***/data/data.json
[2024-06-25T13:59:10.906+0000] {filesystem.py:85} INFO - Poking for file /opt/***/data/data.json
[2024-06-25T13:59:20.907+0000] {filesystem.py:85} INFO - Poking for file /opt/***/data/data.json
[2024-06-25T13:59:30.908+0000] {filesystem.py:85} INFO - Poking for file /opt/***/data/data.json
[2024-06-25T13:59:40.908+0000] {filesystem.py:85} INFO - Poking for file /opt/***/data/data.json
[2024-06-25T13:59:50.910+0000] {filesystem.py:85} INFO - Poking for file /opt/***/data/data.json
[2024-06-25T14:00:00.911+0000] {filesystem.py:85} INFO - Poking for file /opt/***/data/data.json
[2024-06-25T14:00:10.912+0000] {filesystem.py:85} INFO - Poking for file /opt/***/data/data.json
[2024-06-25T14:00:20.913+0000] {filesystem.py:85} INFO - Poking for file /opt/***/data/data.json
[2024-06-25T14:00:30.914+0000] {filesystem.py:85} INFO - Poking for file /opt/***/data/data.json
[2024-06-25T14:00:40.914+0000] {filesystem.py:85} INFO - Poking for file /opt/***/data/data.json
[2024-06-25T14:00:50.915+0000] {filesystem.py:85} INFO - Poking for file /opt/***/data/data.json
[2024-06-25T14:01:00.915+0000] {filesystem.py:85} INFO - Poking for file /opt/***/data/data.json
[2024-06-25T14:01:10.917+0000] {filesystem.py:85} INFO - Poking for file /opt/***/data/data.json
[2024-06-25T14:01:20.917+0000] {filesystem.py:85} INFO - Poking for file /opt/***/data/data.json
[2024-06-25T14:01:30.917+0000] {filesystem.py:85} INFO - Poking for file /opt/***/data/data.json
[2024-06-25T14:01:40.918+0000] {filesystem.py:85} INFO - Poking for file /opt/***/data/data.json
[2024-06-25T14:01:50.919+0000] {filesystem.py:85} INFO - Poking for file /opt/***/data/data.json
[2024-06-25T14:02:00.919+0000] {filesystem.py:85} INFO - Poking for file /opt/***/data/data.json
[2024-06-25T14:02:10.920+0000] {filesystem.py:85} INFO - Poking for file /opt/***/data/data.json
[2024-06-25T14:02:20.921+0000] {filesystem.py:85} INFO - Poking for file /opt/***/data/data.json
[2024-06-25T14:02:30.921+0000] {filesystem.py:85} INFO - Poking for file /opt/***/data/data.json
[2024-06-25T14:02:40.922+0000] {filesystem.py:85} INFO - Poking for file /opt/***/data/data.json
[2024-06-25T14:02:50.923+0000] {filesystem.py:85} INFO - Poking for file /opt/***/data/data.json
[2024-06-25T14:03:00.924+0000] {filesystem.py:85} INFO - Poking for file /opt/***/data/data.json
[2024-06-25T14:03:10.925+0000] {filesystem.py:85} INFO - Poking for file /opt/***/data/data.json
[2024-06-25T14:03:20.926+0000] {filesystem.py:85} INFO - Poking for file /opt/***/data/data.json
[2024-06-25T14:03:30.927+0000] {filesystem.py:85} INFO - Poking for file /opt/***/data/data.json
[2024-06-25T14:03:40.928+0000] {filesystem.py:85} INFO - Poking for file /opt/***/data/data.json
[2024-06-25T14:03:50.928+0000] {filesystem.py:85} INFO - Poking for file /opt/***/data/data.json
[2024-06-25T14:04:00.929+0000] {filesystem.py:85} INFO - Poking for file /opt/***/data/data.json
[2024-06-25T14:04:10.930+0000] {filesystem.py:85} INFO - Poking for file /opt/***/data/data.json
[2024-06-25T14:04:20.930+0000] {filesystem.py:85} INFO - Poking for file /opt/***/data/data.json
[2024-06-25T14:04:30.931+0000] {filesystem.py:85} INFO - Poking for file /opt/***/data/data.json
[2024-06-25T14:04:40.932+0000] {filesystem.py:85} INFO - Poking for file /opt/***/data/data.json
[2024-06-25T14:04:50.933+0000] {filesystem.py:85} INFO - Poking for file /opt/***/data/data.json
[2024-06-25T14:05:00.934+0000] {filesystem.py:85} INFO - Poking for file /opt/***/data/data.json
[2024-06-25T14:05:10.935+0000] {filesystem.py:85} INFO - Poking for file /opt/***/data/data.json
[2024-06-25T14:05:20.935+0000] {filesystem.py:85} INFO - Poking for file /opt/***/data/data.json
[2024-06-25T14:05:30.936+0000] {filesystem.py:85} INFO - Poking for file /opt/***/data/data.json
[2024-06-25T14:05:40.937+0000] {filesystem.py:85} INFO - Poking for file /opt/***/data/data.json
[2024-06-25T14:05:50.938+0000] {filesystem.py:85} INFO - Poking for file /opt/***/data/data.json
[2024-06-25T14:06:00.939+0000] {filesystem.py:85} INFO - Poking for file /opt/***/data/data.json
[2024-06-25T14:06:10.940+0000] {filesystem.py:85} INFO - Poking for file /opt/***/data/data.json
[2024-06-25T14:06:20.941+0000] {filesystem.py:85} INFO - Poking for file /opt/***/data/data.json
[2024-06-25T14:06:30.942+0000] {filesystem.py:85} INFO - Poking for file /opt/***/data/data.json
[2024-06-25T14:06:40.942+0000] {filesystem.py:85} INFO - Poking for file /opt/***/data/data.json
[2024-06-25T14:06:50.943+0000] {filesystem.py:85} INFO - Poking for file /opt/***/data/data.json
[2024-06-25T14:07:00.944+0000] {filesystem.py:85} INFO - Poking for file /opt/***/data/data.json
[2024-06-25T14:07:10.944+0000] {filesystem.py:85} INFO - Poking for file /opt/***/data/data.json
[2024-06-25T14:07:20.945+0000] {filesystem.py:85} INFO - Poking for file /opt/***/data/data.json
[2024-06-25T14:07:30.946+0000] {filesystem.py:85} INFO - Poking for file /opt/***/data/data.json
[2024-06-25T14:07:40.947+0000] {filesystem.py:85} INFO - Poking for file /opt/***/data/data.json
[2024-06-25T14:07:50.948+0000] {filesystem.py:85} INFO - Poking for file /opt/***/data/data.json
[2024-06-25T14:08:00.949+0000] {filesystem.py:85} INFO - Poking for file /opt/***/data/data.json
[2024-06-25T14:08:10.949+0000] {filesystem.py:85} INFO - Poking for file /opt/***/data/data.json
[2024-06-25T14:08:20.950+0000] {filesystem.py:85} INFO - Poking for file /opt/***/data/data.json
[2024-06-25T14:08:30.950+0000] {filesystem.py:85} INFO - Poking for file /opt/***/data/data.json
[2024-06-25T14:08:40.951+0000] {filesystem.py:85} INFO - Poking for file /opt/***/data/data.json
[2024-06-25T14:08:50.952+0000] {filesystem.py:85} INFO - Poking for file /opt/***/data/data.json
[2024-06-25T14:09:00.953+0000] {filesystem.py:85} INFO - Poking for file /opt/***/data/data.json
[2024-06-25T14:09:10.955+0000] {filesystem.py:85} INFO - Poking for file /opt/***/data/data.json
[2024-06-25T14:09:20.955+0000] {filesystem.py:85} INFO - Poking for file /opt/***/data/data.json
[2024-06-25T14:09:30.956+0000] {filesystem.py:85} INFO - Poking for file /opt/***/data/data.json
[2024-06-25T14:09:40.957+0000] {filesystem.py:85} INFO - Poking for file /opt/***/data/data.json
[2024-06-25T14:09:50.958+0000] {filesystem.py:85} INFO - Poking for file /opt/***/data/data.json
[2024-06-25T14:10:00.959+0000] {filesystem.py:85} INFO - Poking for file /opt/***/data/data.json
[2024-06-25T14:10:10.959+0000] {filesystem.py:85} INFO - Poking for file /opt/***/data/data.json
[2024-06-25T14:10:20.960+0000] {filesystem.py:85} INFO - Poking for file /opt/***/data/data.json
[2024-06-25T14:10:30.961+0000] {filesystem.py:85} INFO - Poking for file /opt/***/data/data.json
[2024-06-25T14:10:40.962+0000] {filesystem.py:85} INFO - Poking for file /opt/***/data/data.json
[2024-06-25T14:10:50.963+0000] {filesystem.py:85} INFO - Poking for file /opt/***/data/data.json
[2024-06-25T14:11:00.964+0000] {filesystem.py:85} INFO - Poking for file /opt/***/data/data.json
[2024-06-25T14:11:10.965+0000] {filesystem.py:85} INFO - Poking for file /opt/***/data/data.json
[2024-06-25T14:11:20.965+0000] {filesystem.py:85} INFO - Poking for file /opt/***/data/data.json
[2024-06-25T14:11:30.966+0000] {filesystem.py:85} INFO - Poking for file /opt/***/data/data.json
[2024-06-25T14:11:40.967+0000] {filesystem.py:85} INFO - Poking for file /opt/***/data/data.json
[2024-06-25T14:11:50.969+0000] {filesystem.py:85} INFO - Poking for file /opt/***/data/data.json
[2024-06-25T14:12:00.970+0000] {filesystem.py:85} INFO - Poking for file /opt/***/data/data.json
[2024-06-25T14:12:10.971+0000] {filesystem.py:85} INFO - Poking for file /opt/***/data/data.json
[2024-06-25T14:12:20.972+0000] {filesystem.py:85} INFO - Poking for file /opt/***/data/data.json
[2024-06-25T14:12:30.973+0000] {filesystem.py:85} INFO - Poking for file /opt/***/data/data.json
[2024-06-25T14:12:40.974+0000] {filesystem.py:85} INFO - Poking for file /opt/***/data/data.json
[2024-06-25T14:12:50.975+0000] {filesystem.py:85} INFO - Poking for file /opt/***/data/data.json
[2024-06-25T14:13:00.976+0000] {filesystem.py:85} INFO - Poking for file /opt/***/data/data.json
[2024-06-25T14:13:10.977+0000] {filesystem.py:85} INFO - Poking for file /opt/***/data/data.json
[2024-06-25T14:13:20.978+0000] {filesystem.py:85} INFO - Poking for file /opt/***/data/data.json
[2024-06-25T14:13:30.978+0000] {filesystem.py:85} INFO - Poking for file /opt/***/data/data.json
[2024-06-25T14:13:40.979+0000] {filesystem.py:85} INFO - Poking for file /opt/***/data/data.json
[2024-06-25T14:13:50.980+0000] {filesystem.py:85} INFO - Poking for file /opt/***/data/data.json
[2024-06-25T14:14:00.981+0000] {filesystem.py:85} INFO - Poking for file /opt/***/data/data.json
[2024-06-25T14:14:10.981+0000] {filesystem.py:85} INFO - Poking for file /opt/***/data/data.json
[2024-06-25T14:14:20.982+0000] {filesystem.py:85} INFO - Poking for file /opt/***/data/data.json
[2024-06-25T14:14:30.984+0000] {filesystem.py:85} INFO - Poking for file /opt/***/data/data.json
[2024-06-25T14:14:40.985+0000] {filesystem.py:85} INFO - Poking for file /opt/***/data/data.json
[2024-06-25T14:14:50.986+0000] {filesystem.py:85} INFO - Poking for file /opt/***/data/data.json
[2024-06-25T14:15:00.986+0000] {filesystem.py:85} INFO - Poking for file /opt/***/data/data.json
[2024-06-25T14:15:10.987+0000] {filesystem.py:85} INFO - Poking for file /opt/***/data/data.json
[2024-06-25T14:15:20.987+0000] {filesystem.py:85} INFO - Poking for file /opt/***/data/data.json
[2024-06-25T14:15:30.988+0000] {filesystem.py:85} INFO - Poking for file /opt/***/data/data.json
[2024-06-25T14:15:40.989+0000] {filesystem.py:85} INFO - Poking for file /opt/***/data/data.json
[2024-06-25T14:15:50.990+0000] {filesystem.py:85} INFO - Poking for file /opt/***/data/data.json
[2024-06-25T14:16:00.991+0000] {filesystem.py:85} INFO - Poking for file /opt/***/data/data.json
[2024-06-25T14:16:10.992+0000] {filesystem.py:85} INFO - Poking for file /opt/***/data/data.json
[2024-06-25T14:16:20.992+0000] {filesystem.py:85} INFO - Poking for file /opt/***/data/data.json
[2024-06-25T14:16:30.993+0000] {filesystem.py:85} INFO - Poking for file /opt/***/data/data.json
[2024-06-25T14:16:40.994+0000] {filesystem.py:85} INFO - Poking for file /opt/***/data/data.json
[2024-06-25T14:16:50.995+0000] {filesystem.py:85} INFO - Poking for file /opt/***/data/data.json
[2024-06-25T14:17:00.995+0000] {filesystem.py:85} INFO - Poking for file /opt/***/data/data.json
[2024-06-25T14:17:10.996+0000] {filesystem.py:85} INFO - Poking for file /opt/***/data/data.json
[2024-06-25T14:17:20.997+0000] {filesystem.py:85} INFO - Poking for file /opt/***/data/data.json
[2024-06-25T14:17:30.998+0000] {filesystem.py:85} INFO - Poking for file /opt/***/data/data.json
[2024-06-25T14:17:40.999+0000] {filesystem.py:85} INFO - Poking for file /opt/***/data/data.json
[2024-06-25T14:17:51.000+0000] {filesystem.py:85} INFO - Poking for file /opt/***/data/data.json
[2024-06-25T14:18:01.001+0000] {filesystem.py:85} INFO - Poking for file /opt/***/data/data.json
[2024-06-25T14:18:11.001+0000] {filesystem.py:85} INFO - Poking for file /opt/***/data/data.json
[2024-06-25T14:18:21.002+0000] {filesystem.py:85} INFO - Poking for file /opt/***/data/data.json
[2024-06-25T14:18:31.003+0000] {filesystem.py:85} INFO - Poking for file /opt/***/data/data.json
[2024-06-25T14:18:41.004+0000] {filesystem.py:85} INFO - Poking for file /opt/***/data/data.json
[2024-06-25T14:18:51.005+0000] {filesystem.py:85} INFO - Poking for file /opt/***/data/data.json
[2024-06-25T14:19:01.006+0000] {filesystem.py:85} INFO - Poking for file /opt/***/data/data.json
[2024-06-25T14:19:11.007+0000] {filesystem.py:85} INFO - Poking for file /opt/***/data/data.json
[2024-06-25T14:19:21.008+0000] {filesystem.py:85} INFO - Poking for file /opt/***/data/data.json
[2024-06-25T14:19:31.008+0000] {filesystem.py:85} INFO - Poking for file /opt/***/data/data.json
[2024-06-25T14:19:41.009+0000] {filesystem.py:85} INFO - Poking for file /opt/***/data/data.json
[2024-06-25T14:19:51.009+0000] {filesystem.py:85} INFO - Poking for file /opt/***/data/data.json
[2024-06-25T14:20:01.010+0000] {filesystem.py:85} INFO - Poking for file /opt/***/data/data.json
[2024-06-25T14:20:11.011+0000] {filesystem.py:85} INFO - Poking for file /opt/***/data/data.json
[2024-06-25T14:20:21.012+0000] {filesystem.py:85} INFO - Poking for file /opt/***/data/data.json
[2024-06-25T14:20:31.013+0000] {filesystem.py:85} INFO - Poking for file /opt/***/data/data.json
[2024-06-25T14:20:41.014+0000] {filesystem.py:85} INFO - Poking for file /opt/***/data/data.json
[2024-06-25T14:20:51.015+0000] {filesystem.py:85} INFO - Poking for file /opt/***/data/data.json
[2024-06-25T14:21:01.016+0000] {filesystem.py:85} INFO - Poking for file /opt/***/data/data.json
[2024-06-25T14:21:11.017+0000] {filesystem.py:85} INFO - Poking for file /opt/***/data/data.json
[2024-06-25T14:21:21.017+0000] {filesystem.py:85} INFO - Poking for file /opt/***/data/data.json
[2024-06-25T14:21:31.018+0000] {filesystem.py:85} INFO - Poking for file /opt/***/data/data.json
[2024-06-25T14:21:41.018+0000] {filesystem.py:85} INFO - Poking for file /opt/***/data/data.json
[2024-06-25T14:21:51.019+0000] {filesystem.py:85} INFO - Poking for file /opt/***/data/data.json
[2024-06-25T14:22:01.020+0000] {filesystem.py:85} INFO - Poking for file /opt/***/data/data.json
[2024-06-25T14:22:11.021+0000] {filesystem.py:85} INFO - Poking for file /opt/***/data/data.json
[2024-06-25T14:22:21.021+0000] {filesystem.py:85} INFO - Poking for file /opt/***/data/data.json
[2024-06-25T14:22:31.022+0000] {filesystem.py:85} INFO - Poking for file /opt/***/data/data.json
[2024-06-25T14:22:41.023+0000] {filesystem.py:85} INFO - Poking for file /opt/***/data/data.json
[2024-06-25T14:22:51.023+0000] {filesystem.py:85} INFO - Poking for file /opt/***/data/data.json
[2024-06-25T14:23:01.025+0000] {filesystem.py:85} INFO - Poking for file /opt/***/data/data.json
[2024-06-25T14:23:11.026+0000] {filesystem.py:85} INFO - Poking for file /opt/***/data/data.json
[2024-06-25T14:23:21.026+0000] {filesystem.py:85} INFO - Poking for file /opt/***/data/data.json
[2024-06-25T14:23:31.027+0000] {filesystem.py:85} INFO - Poking for file /opt/***/data/data.json
[2024-06-25T14:23:41.028+0000] {filesystem.py:85} INFO - Poking for file /opt/***/data/data.json
[2024-06-25T14:23:51.029+0000] {filesystem.py:85} INFO - Poking for file /opt/***/data/data.json
[2024-06-25T14:24:01.030+0000] {filesystem.py:85} INFO - Poking for file /opt/***/data/data.json
[2024-06-25T14:24:11.031+0000] {filesystem.py:85} INFO - Poking for file /opt/***/data/data.json
[2024-06-25T14:24:21.032+0000] {filesystem.py:85} INFO - Poking for file /opt/***/data/data.json
[2024-06-25T14:24:31.032+0000] {filesystem.py:85} INFO - Poking for file /opt/***/data/data.json
[2024-06-25T14:24:41.033+0000] {filesystem.py:85} INFO - Poking for file /opt/***/data/data.json
[2024-06-25T14:24:51.034+0000] {filesystem.py:85} INFO - Poking for file /opt/***/data/data.json
[2024-06-25T14:25:01.034+0000] {filesystem.py:85} INFO - Poking for file /opt/***/data/data.json
[2024-06-25T14:25:11.035+0000] {filesystem.py:85} INFO - Poking for file /opt/***/data/data.json
[2024-06-25T14:25:21.036+0000] {filesystem.py:85} INFO - Poking for file /opt/***/data/data.json
[2024-06-25T14:25:31.037+0000] {filesystem.py:85} INFO - Poking for file /opt/***/data/data.json
[2024-06-25T14:25:41.038+0000] {filesystem.py:85} INFO - Poking for file /opt/***/data/data.json
[2024-06-25T14:25:51.038+0000] {filesystem.py:85} INFO - Poking for file /opt/***/data/data.json
[2024-06-25T14:26:01.039+0000] {filesystem.py:85} INFO - Poking for file /opt/***/data/data.json
[2024-06-25T14:26:11.040+0000] {filesystem.py:85} INFO - Poking for file /opt/***/data/data.json
[2024-06-25T14:26:21.040+0000] {filesystem.py:85} INFO - Poking for file /opt/***/data/data.json
[2024-06-25T14:26:31.041+0000] {filesystem.py:85} INFO - Poking for file /opt/***/data/data.json
[2024-06-25T14:26:41.042+0000] {filesystem.py:85} INFO - Poking for file /opt/***/data/data.json
[2024-06-25T14:26:51.042+0000] {filesystem.py:85} INFO - Poking for file /opt/***/data/data.json
[2024-06-25T14:27:01.043+0000] {filesystem.py:85} INFO - Poking for file /opt/***/data/data.json
[2024-06-25T14:27:11.043+0000] {filesystem.py:85} INFO - Poking for file /opt/***/data/data.json
[2024-06-25T14:27:21.044+0000] {filesystem.py:85} INFO - Poking for file /opt/***/data/data.json
[2024-06-25T14:27:31.045+0000] {filesystem.py:85} INFO - Poking for file /opt/***/data/data.json
[2024-06-25T14:27:41.046+0000] {filesystem.py:85} INFO - Poking for file /opt/***/data/data.json
[2024-06-25T14:27:51.047+0000] {filesystem.py:85} INFO - Poking for file /opt/***/data/data.json
[2024-06-25T14:28:01.047+0000] {filesystem.py:85} INFO - Poking for file /opt/***/data/data.json
[2024-06-25T14:28:11.048+0000] {filesystem.py:85} INFO - Poking for file /opt/***/data/data.json
[2024-06-25T14:28:21.048+0000] {filesystem.py:85} INFO - Poking for file /opt/***/data/data.json
[2024-06-25T14:28:31.049+0000] {filesystem.py:85} INFO - Poking for file /opt/***/data/data.json
[2024-06-25T14:28:41.050+0000] {filesystem.py:85} INFO - Poking for file /opt/***/data/data.json
[2024-06-25T14:28:51.051+0000] {filesystem.py:85} INFO - Poking for file /opt/***/data/data.json
[2024-06-25T14:29:01.051+0000] {filesystem.py:85} INFO - Poking for file /opt/***/data/data.json
[2024-06-25T14:29:11.052+0000] {filesystem.py:85} INFO - Poking for file /opt/***/data/data.json
[2024-06-25T14:29:21.053+0000] {filesystem.py:85} INFO - Poking for file /opt/***/data/data.json
[2024-06-25T14:29:31.054+0000] {filesystem.py:85} INFO - Poking for file /opt/***/data/data.json
[2024-06-25T14:29:41.054+0000] {filesystem.py:85} INFO - Poking for file /opt/***/data/data.json
[2024-06-25T14:29:51.056+0000] {filesystem.py:85} INFO - Poking for file /opt/***/data/data.json
[2024-06-25T14:30:01.057+0000] {filesystem.py:85} INFO - Poking for file /opt/***/data/data.json
[2024-06-25T14:30:11.058+0000] {filesystem.py:85} INFO - Poking for file /opt/***/data/data.json
[2024-06-25T14:30:21.059+0000] {filesystem.py:85} INFO - Poking for file /opt/***/data/data.json
[2024-06-25T14:30:31.060+0000] {filesystem.py:85} INFO - Poking for file /opt/***/data/data.json
[2024-06-25T14:30:41.060+0000] {filesystem.py:85} INFO - Poking for file /opt/***/data/data.json
[2024-06-25T14:30:51.060+0000] {filesystem.py:85} INFO - Poking for file /opt/***/data/data.json
[2024-06-25T14:31:01.061+0000] {filesystem.py:85} INFO - Poking for file /opt/***/data/data.json
[2024-06-25T14:31:11.063+0000] {filesystem.py:85} INFO - Poking for file /opt/***/data/data.json
[2024-06-25T14:31:21.063+0000] {filesystem.py:85} INFO - Poking for file /opt/***/data/data.json
[2024-06-25T14:31:31.064+0000] {filesystem.py:85} INFO - Poking for file /opt/***/data/data.json
[2024-06-25T14:31:41.065+0000] {filesystem.py:85} INFO - Poking for file /opt/***/data/data.json
[2024-06-25T14:31:51.066+0000] {filesystem.py:85} INFO - Poking for file /opt/***/data/data.json
[2024-06-25T14:32:01.067+0000] {filesystem.py:85} INFO - Poking for file /opt/***/data/data.json
[2024-06-25T14:32:11.067+0000] {filesystem.py:85} INFO - Poking for file /opt/***/data/data.json
[2024-06-25T14:32:21.068+0000] {filesystem.py:85} INFO - Poking for file /opt/***/data/data.json
[2024-06-25T14:32:31.068+0000] {filesystem.py:85} INFO - Poking for file /opt/***/data/data.json
[2024-06-25T14:32:41.069+0000] {filesystem.py:85} INFO - Poking for file /opt/***/data/data.json
[2024-06-25T14:32:51.070+0000] {filesystem.py:85} INFO - Poking for file /opt/***/data/data.json
[2024-06-25T14:33:01.071+0000] {filesystem.py:85} INFO - Poking for file /opt/***/data/data.json
[2024-06-25T14:33:11.072+0000] {filesystem.py:85} INFO - Poking for file /opt/***/data/data.json
[2024-06-25T14:33:21.073+0000] {filesystem.py:85} INFO - Poking for file /opt/***/data/data.json
[2024-06-25T14:33:31.074+0000] {filesystem.py:85} INFO - Poking for file /opt/***/data/data.json
[2024-06-25T14:33:41.075+0000] {filesystem.py:85} INFO - Poking for file /opt/***/data/data.json
[2024-06-25T14:33:51.075+0000] {filesystem.py:85} INFO - Poking for file /opt/***/data/data.json
[2024-06-25T14:34:01.076+0000] {filesystem.py:85} INFO - Poking for file /opt/***/data/data.json
[2024-06-25T14:34:11.077+0000] {filesystem.py:85} INFO - Poking for file /opt/***/data/data.json
[2024-06-25T14:34:21.077+0000] {filesystem.py:85} INFO - Poking for file /opt/***/data/data.json
[2024-06-25T14:34:31.079+0000] {filesystem.py:85} INFO - Poking for file /opt/***/data/data.json
[2024-06-25T14:34:41.079+0000] {filesystem.py:85} INFO - Poking for file /opt/***/data/data.json
[2024-06-25T14:34:51.079+0000] {filesystem.py:85} INFO - Poking for file /opt/***/data/data.json
[2024-06-25T14:35:01.080+0000] {filesystem.py:85} INFO - Poking for file /opt/***/data/data.json
[2024-06-25T14:35:11.080+0000] {filesystem.py:85} INFO - Poking for file /opt/***/data/data.json
[2024-06-25T14:35:21.081+0000] {filesystem.py:85} INFO - Poking for file /opt/***/data/data.json
[2024-06-25T14:35:31.083+0000] {filesystem.py:85} INFO - Poking for file /opt/***/data/data.json
[2024-06-25T14:35:41.084+0000] {filesystem.py:85} INFO - Poking for file /opt/***/data/data.json
[2024-06-25T14:35:51.084+0000] {filesystem.py:85} INFO - Poking for file /opt/***/data/data.json
[2024-06-25T14:36:01.084+0000] {filesystem.py:85} INFO - Poking for file /opt/***/data/data.json
[2024-06-25T14:36:11.085+0000] {filesystem.py:85} INFO - Poking for file /opt/***/data/data.json
[2024-06-25T14:36:21.086+0000] {filesystem.py:85} INFO - Poking for file /opt/***/data/data.json
[2024-06-25T14:36:31.087+0000] {filesystem.py:85} INFO - Poking for file /opt/***/data/data.json
[2024-06-25T14:36:41.088+0000] {filesystem.py:85} INFO - Poking for file /opt/***/data/data.json
[2024-06-25T14:36:51.089+0000] {filesystem.py:85} INFO - Poking for file /opt/***/data/data.json
[2024-06-25T14:37:01.089+0000] {filesystem.py:85} INFO - Poking for file /opt/***/data/data.json
[2024-06-25T14:37:11.090+0000] {filesystem.py:85} INFO - Poking for file /opt/***/data/data.json
[2024-06-25T14:37:21.091+0000] {filesystem.py:85} INFO - Poking for file /opt/***/data/data.json
[2024-06-25T14:37:31.092+0000] {filesystem.py:85} INFO - Poking for file /opt/***/data/data.json
[2024-06-25T14:37:41.093+0000] {filesystem.py:85} INFO - Poking for file /opt/***/data/data.json
[2024-06-25T14:37:51.093+0000] {filesystem.py:85} INFO - Poking for file /opt/***/data/data.json
[2024-06-25T14:38:01.094+0000] {filesystem.py:85} INFO - Poking for file /opt/***/data/data.json
[2024-06-25T14:38:11.094+0000] {filesystem.py:85} INFO - Poking for file /opt/***/data/data.json
[2024-06-25T14:38:21.095+0000] {filesystem.py:85} INFO - Poking for file /opt/***/data/data.json
[2024-06-25T14:38:31.096+0000] {filesystem.py:85} INFO - Poking for file /opt/***/data/data.json
[2024-06-25T14:38:41.097+0000] {filesystem.py:85} INFO - Poking for file /opt/***/data/data.json
[2024-06-25T14:38:51.098+0000] {filesystem.py:85} INFO - Poking for file /opt/***/data/data.json
[2024-06-25T14:39:01.099+0000] {filesystem.py:85} INFO - Poking for file /opt/***/data/data.json
[2024-06-25T14:39:11.099+0000] {filesystem.py:85} INFO - Poking for file /opt/***/data/data.json
[2024-06-25T14:39:21.100+0000] {filesystem.py:85} INFO - Poking for file /opt/***/data/data.json
[2024-06-25T14:39:31.101+0000] {filesystem.py:85} INFO - Poking for file /opt/***/data/data.json
[2024-06-25T14:39:41.102+0000] {filesystem.py:85} INFO - Poking for file /opt/***/data/data.json
[2024-06-25T14:39:51.103+0000] {filesystem.py:85} INFO - Poking for file /opt/***/data/data.json
[2024-06-25T14:40:01.103+0000] {filesystem.py:85} INFO - Poking for file /opt/***/data/data.json
[2024-06-25T14:40:11.104+0000] {filesystem.py:85} INFO - Poking for file /opt/***/data/data.json
[2024-06-25T14:40:21.105+0000] {filesystem.py:85} INFO - Poking for file /opt/***/data/data.json
[2024-06-25T14:40:31.106+0000] {filesystem.py:85} INFO - Poking for file /opt/***/data/data.json
[2024-06-25T14:40:41.107+0000] {filesystem.py:85} INFO - Poking for file /opt/***/data/data.json
[2024-06-25T14:40:51.108+0000] {filesystem.py:85} INFO - Poking for file /opt/***/data/data.json
[2024-06-25T14:41:01.109+0000] {filesystem.py:85} INFO - Poking for file /opt/***/data/data.json
[2024-06-25T14:41:11.110+0000] {filesystem.py:85} INFO - Poking for file /opt/***/data/data.json
[2024-06-25T14:41:21.111+0000] {filesystem.py:85} INFO - Poking for file /opt/***/data/data.json
[2024-06-25T14:41:31.111+0000] {filesystem.py:85} INFO - Poking for file /opt/***/data/data.json
[2024-06-25T14:41:41.112+0000] {filesystem.py:85} INFO - Poking for file /opt/***/data/data.json
[2024-06-25T14:41:51.112+0000] {filesystem.py:85} INFO - Poking for file /opt/***/data/data.json
[2024-06-25T14:42:01.113+0000] {filesystem.py:85} INFO - Poking for file /opt/***/data/data.json
[2024-06-25T14:42:11.114+0000] {filesystem.py:85} INFO - Poking for file /opt/***/data/data.json
[2024-06-25T14:42:21.114+0000] {filesystem.py:85} INFO - Poking for file /opt/***/data/data.json
[2024-06-25T14:42:31.115+0000] {filesystem.py:85} INFO - Poking for file /opt/***/data/data.json
[2024-06-25T14:42:41.115+0000] {filesystem.py:85} INFO - Poking for file /opt/***/data/data.json
[2024-06-25T14:42:51.116+0000] {filesystem.py:85} INFO - Poking for file /opt/***/data/data.json
[2024-06-25T14:43:01.117+0000] {filesystem.py:85} INFO - Poking for file /opt/***/data/data.json
[2024-06-25T14:43:11.117+0000] {filesystem.py:85} INFO - Poking for file /opt/***/data/data.json
[2024-06-25T14:43:21.118+0000] {filesystem.py:85} INFO - Poking for file /opt/***/data/data.json
[2024-06-25T14:43:31.119+0000] {filesystem.py:85} INFO - Poking for file /opt/***/data/data.json
[2024-06-25T14:43:41.120+0000] {filesystem.py:85} INFO - Poking for file /opt/***/data/data.json
[2024-06-25T14:43:51.121+0000] {filesystem.py:85} INFO - Poking for file /opt/***/data/data.json
[2024-06-25T14:44:01.122+0000] {filesystem.py:85} INFO - Poking for file /opt/***/data/data.json
[2024-06-25T14:44:11.122+0000] {filesystem.py:85} INFO - Poking for file /opt/***/data/data.json
[2024-06-25T14:44:21.123+0000] {filesystem.py:85} INFO - Poking for file /opt/***/data/data.json
[2024-06-25T14:44:31.124+0000] {filesystem.py:85} INFO - Poking for file /opt/***/data/data.json
[2024-06-25T14:44:41.125+0000] {filesystem.py:85} INFO - Poking for file /opt/***/data/data.json
[2024-06-25T14:44:51.126+0000] {filesystem.py:85} INFO - Poking for file /opt/***/data/data.json
[2024-06-25T14:45:01.126+0000] {filesystem.py:85} INFO - Poking for file /opt/***/data/data.json
[2024-06-25T14:45:11.126+0000] {filesystem.py:85} INFO - Poking for file /opt/***/data/data.json
[2024-06-25T14:45:21.127+0000] {filesystem.py:85} INFO - Poking for file /opt/***/data/data.json
[2024-06-25T14:45:31.128+0000] {filesystem.py:85} INFO - Poking for file /opt/***/data/data.json
[2024-06-25T14:45:41.129+0000] {filesystem.py:85} INFO - Poking for file /opt/***/data/data.json
[2024-06-25T14:45:51.130+0000] {filesystem.py:85} INFO - Poking for file /opt/***/data/data.json
[2024-06-25T14:46:01.131+0000] {filesystem.py:85} INFO - Poking for file /opt/***/data/data.json
[2024-06-25T14:46:11.132+0000] {filesystem.py:85} INFO - Poking for file /opt/***/data/data.json
[2024-06-25T14:46:21.132+0000] {filesystem.py:85} INFO - Poking for file /opt/***/data/data.json
[2024-06-25T14:46:31.133+0000] {filesystem.py:85} INFO - Poking for file /opt/***/data/data.json
[2024-06-25T14:46:41.134+0000] {filesystem.py:85} INFO - Poking for file /opt/***/data/data.json
[2024-06-25T14:46:51.135+0000] {filesystem.py:85} INFO - Poking for file /opt/***/data/data.json
[2024-06-25T14:47:01.135+0000] {filesystem.py:85} INFO - Poking for file /opt/***/data/data.json
[2024-06-25T14:47:11.136+0000] {filesystem.py:85} INFO - Poking for file /opt/***/data/data.json
[2024-06-25T14:47:21.137+0000] {filesystem.py:85} INFO - Poking for file /opt/***/data/data.json
[2024-06-25T14:47:31.137+0000] {filesystem.py:85} INFO - Poking for file /opt/***/data/data.json
[2024-06-25T14:47:41.139+0000] {filesystem.py:85} INFO - Poking for file /opt/***/data/data.json
[2024-06-25T14:47:51.140+0000] {filesystem.py:85} INFO - Poking for file /opt/***/data/data.json
[2024-06-25T14:48:01.140+0000] {filesystem.py:85} INFO - Poking for file /opt/***/data/data.json
[2024-06-25T14:48:11.140+0000] {filesystem.py:85} INFO - Poking for file /opt/***/data/data.json
[2024-06-25T14:48:21.141+0000] {filesystem.py:85} INFO - Poking for file /opt/***/data/data.json
[2024-06-25T14:48:31.142+0000] {filesystem.py:85} INFO - Poking for file /opt/***/data/data.json
[2024-06-25T14:48:41.143+0000] {filesystem.py:85} INFO - Poking for file /opt/***/data/data.json
[2024-06-25T14:48:51.144+0000] {filesystem.py:85} INFO - Poking for file /opt/***/data/data.json
[2024-06-25T14:49:01.145+0000] {filesystem.py:85} INFO - Poking for file /opt/***/data/data.json
[2024-06-25T14:49:11.146+0000] {filesystem.py:85} INFO - Poking for file /opt/***/data/data.json
[2024-06-25T14:49:21.147+0000] {filesystem.py:85} INFO - Poking for file /opt/***/data/data.json
[2024-06-25T14:49:31.148+0000] {filesystem.py:85} INFO - Poking for file /opt/***/data/data.json
[2024-06-25T14:49:41.149+0000] {filesystem.py:85} INFO - Poking for file /opt/***/data/data.json
[2024-06-25T14:49:51.150+0000] {filesystem.py:85} INFO - Poking for file /opt/***/data/data.json
[2024-06-25T14:50:01.151+0000] {filesystem.py:85} INFO - Poking for file /opt/***/data/data.json
[2024-06-25T14:50:11.152+0000] {filesystem.py:85} INFO - Poking for file /opt/***/data/data.json
[2024-06-25T14:50:21.152+0000] {filesystem.py:85} INFO - Poking for file /opt/***/data/data.json
[2024-06-25T14:50:31.153+0000] {filesystem.py:85} INFO - Poking for file /opt/***/data/data.json
[2024-06-25T14:50:41.154+0000] {filesystem.py:85} INFO - Poking for file /opt/***/data/data.json
[2024-06-25T14:50:51.155+0000] {filesystem.py:85} INFO - Poking for file /opt/***/data/data.json
[2024-06-25T14:51:01.155+0000] {filesystem.py:85} INFO - Poking for file /opt/***/data/data.json
[2024-06-25T14:51:11.156+0000] {filesystem.py:85} INFO - Poking for file /opt/***/data/data.json
[2024-06-25T14:51:21.157+0000] {filesystem.py:85} INFO - Poking for file /opt/***/data/data.json
[2024-06-25T14:51:31.158+0000] {filesystem.py:85} INFO - Poking for file /opt/***/data/data.json
[2024-06-25T14:51:41.158+0000] {filesystem.py:85} INFO - Poking for file /opt/***/data/data.json
[2024-06-25T14:51:51.158+0000] {filesystem.py:85} INFO - Poking for file /opt/***/data/data.json
[2024-06-25T14:52:01.159+0000] {filesystem.py:85} INFO - Poking for file /opt/***/data/data.json
[2024-06-25T14:52:11.160+0000] {filesystem.py:85} INFO - Poking for file /opt/***/data/data.json
[2024-06-25T14:52:21.160+0000] {filesystem.py:85} INFO - Poking for file /opt/***/data/data.json
[2024-06-25T14:52:31.161+0000] {filesystem.py:85} INFO - Poking for file /opt/***/data/data.json
[2024-06-25T14:52:41.162+0000] {filesystem.py:85} INFO - Poking for file /opt/***/data/data.json
[2024-06-25T14:52:51.163+0000] {filesystem.py:85} INFO - Poking for file /opt/***/data/data.json
[2024-06-25T14:53:01.163+0000] {filesystem.py:85} INFO - Poking for file /opt/***/data/data.json
[2024-06-25T14:53:11.164+0000] {filesystem.py:85} INFO - Poking for file /opt/***/data/data.json
[2024-06-25T14:53:21.165+0000] {filesystem.py:85} INFO - Poking for file /opt/***/data/data.json
[2024-06-25T14:53:31.165+0000] {filesystem.py:85} INFO - Poking for file /opt/***/data/data.json
[2024-06-25T14:53:41.166+0000] {filesystem.py:85} INFO - Poking for file /opt/***/data/data.json
[2024-06-25T14:53:51.166+0000] {filesystem.py:85} INFO - Poking for file /opt/***/data/data.json
[2024-06-25T14:54:01.167+0000] {filesystem.py:85} INFO - Poking for file /opt/***/data/data.json
[2024-06-25T14:54:11.167+0000] {filesystem.py:85} INFO - Poking for file /opt/***/data/data.json
[2024-06-25T14:54:21.168+0000] {filesystem.py:85} INFO - Poking for file /opt/***/data/data.json
[2024-06-25T14:54:31.169+0000] {filesystem.py:85} INFO - Poking for file /opt/***/data/data.json
[2024-06-25T14:54:41.170+0000] {filesystem.py:85} INFO - Poking for file /opt/***/data/data.json
[2024-06-25T14:54:51.171+0000] {filesystem.py:85} INFO - Poking for file /opt/***/data/data.json
[2024-06-25T14:55:01.172+0000] {filesystem.py:85} INFO - Poking for file /opt/***/data/data.json
[2024-06-25T14:55:11.173+0000] {filesystem.py:85} INFO - Poking for file /opt/***/data/data.json
[2024-06-25T14:55:21.173+0000] {filesystem.py:85} INFO - Poking for file /opt/***/data/data.json
[2024-06-25T14:55:31.174+0000] {filesystem.py:85} INFO - Poking for file /opt/***/data/data.json
[2024-06-25T14:55:41.175+0000] {filesystem.py:85} INFO - Poking for file /opt/***/data/data.json
[2024-06-25T14:55:51.176+0000] {filesystem.py:85} INFO - Poking for file /opt/***/data/data.json
[2024-06-25T14:56:01.177+0000] {filesystem.py:85} INFO - Poking for file /opt/***/data/data.json
[2024-06-25T14:56:11.178+0000] {filesystem.py:85} INFO - Poking for file /opt/***/data/data.json
[2024-06-25T14:56:21.179+0000] {filesystem.py:85} INFO - Poking for file /opt/***/data/data.json
[2024-06-25T14:56:31.180+0000] {filesystem.py:85} INFO - Poking for file /opt/***/data/data.json
[2024-06-25T14:56:41.180+0000] {filesystem.py:85} INFO - Poking for file /opt/***/data/data.json
[2024-06-25T14:56:51.181+0000] {filesystem.py:85} INFO - Poking for file /opt/***/data/data.json
[2024-06-25T14:57:01.182+0000] {filesystem.py:85} INFO - Poking for file /opt/***/data/data.json
[2024-06-25T14:57:11.183+0000] {filesystem.py:85} INFO - Poking for file /opt/***/data/data.json
[2024-06-25T14:57:21.184+0000] {filesystem.py:85} INFO - Poking for file /opt/***/data/data.json
[2024-06-25T14:57:31.184+0000] {filesystem.py:85} INFO - Poking for file /opt/***/data/data.json
[2024-06-25T14:57:41.185+0000] {filesystem.py:85} INFO - Poking for file /opt/***/data/data.json
[2024-06-25T14:57:51.186+0000] {filesystem.py:85} INFO - Poking for file /opt/***/data/data.json
[2024-06-25T14:58:01.187+0000] {filesystem.py:85} INFO - Poking for file /opt/***/data/data.json
[2024-06-25T14:58:11.188+0000] {filesystem.py:85} INFO - Poking for file /opt/***/data/data.json
[2024-06-25T14:58:21.189+0000] {filesystem.py:85} INFO - Poking for file /opt/***/data/data.json
[2024-06-25T14:58:31.190+0000] {filesystem.py:85} INFO - Poking for file /opt/***/data/data.json
[2024-06-25T14:58:41.191+0000] {filesystem.py:85} INFO - Poking for file /opt/***/data/data.json
[2024-06-25T14:58:51.192+0000] {filesystem.py:85} INFO - Poking for file /opt/***/data/data.json
[2024-06-25T14:59:01.193+0000] {filesystem.py:85} INFO - Poking for file /opt/***/data/data.json
[2024-06-25T14:59:11.194+0000] {filesystem.py:85} INFO - Poking for file /opt/***/data/data.json
[2024-06-25T14:59:21.195+0000] {filesystem.py:85} INFO - Poking for file /opt/***/data/data.json
[2024-06-25T14:59:31.195+0000] {filesystem.py:85} INFO - Poking for file /opt/***/data/data.json
[2024-06-25T14:59:41.196+0000] {filesystem.py:85} INFO - Poking for file /opt/***/data/data.json
[2024-06-25T14:59:51.197+0000] {filesystem.py:85} INFO - Poking for file /opt/***/data/data.json
[2024-06-25T15:00:01.198+0000] {filesystem.py:85} INFO - Poking for file /opt/***/data/data.json
[2024-06-25T15:00:11.198+0000] {filesystem.py:85} INFO - Poking for file /opt/***/data/data.json
[2024-06-25T15:00:21.199+0000] {filesystem.py:85} INFO - Poking for file /opt/***/data/data.json
[2024-06-25T15:00:31.200+0000] {filesystem.py:85} INFO - Poking for file /opt/***/data/data.json
[2024-06-25T15:00:41.200+0000] {filesystem.py:85} INFO - Poking for file /opt/***/data/data.json
[2024-06-25T15:00:51.201+0000] {filesystem.py:85} INFO - Poking for file /opt/***/data/data.json
[2024-06-25T15:01:01.202+0000] {filesystem.py:85} INFO - Poking for file /opt/***/data/data.json
[2024-06-25T15:01:11.203+0000] {filesystem.py:85} INFO - Poking for file /opt/***/data/data.json
[2024-06-25T15:01:21.203+0000] {filesystem.py:85} INFO - Poking for file /opt/***/data/data.json
[2024-06-25T15:01:31.205+0000] {filesystem.py:85} INFO - Poking for file /opt/***/data/data.json
