[2024-06-24T11:57:50.904+0000] {local_task_job_runner.py:120} INFO - ::group::Pre task execution logs
[2024-06-24T11:57:50.919+0000] {taskinstance.py:2076} INFO - Dependencies all met for dep_context=non-requeueable deps ti=<TaskInstance: database.print_result_task manual__2024-06-24T11:57:46.504666+00:00 [queued]>
[2024-06-24T11:57:50.923+0000] {taskinstance.py:2076} INFO - Dependencies all met for dep_context=requeueable deps ti=<TaskInstance: database.print_result_task manual__2024-06-24T11:57:46.504666+00:00 [queued]>
[2024-06-24T11:57:50.924+0000] {taskinstance.py:2306} INFO - Starting attempt 1 of 1
[2024-06-24T11:57:50.931+0000] {taskinstance.py:2330} INFO - Executing <Task(PythonOperator): print_result_task> on 2024-06-24 11:57:46.504666+00:00
[2024-06-24T11:57:50.935+0000] {warnings.py:112} WARNING - /home/***/.local/lib/python3.12/site-packages/***/task/task_runner/standard_task_runner.py:61: DeprecationWarning: This process (pid=401) is multi-threaded, use of fork() may lead to deadlocks in the child.
  pid = os.fork()

[2024-06-24T11:57:50.935+0000] {standard_task_runner.py:63} INFO - Started process 402 to run task
[2024-06-24T11:57:50.936+0000] {standard_task_runner.py:90} INFO - Running: ['***', 'tasks', 'run', 'database', 'print_result_task', 'manual__2024-06-24T11:57:46.504666+00:00', '--job-id', '436', '--raw', '--subdir', 'DAGS_FOLDER/databse.py', '--cfg-path', '/tmp/tmprvn743g8']
[2024-06-24T11:57:50.936+0000] {standard_task_runner.py:91} INFO - Job 436: Subtask print_result_task
[2024-06-24T11:57:50.960+0000] {task_command.py:426} INFO - Running <TaskInstance: database.print_result_task manual__2024-06-24T11:57:46.504666+00:00 [running]> on host e3e60e62d12c
[2024-06-24T11:57:51.006+0000] {taskinstance.py:2648} INFO - Exporting env vars: AIRFLOW_CTX_DAG_OWNER='***' AIRFLOW_CTX_DAG_ID='database' AIRFLOW_CTX_TASK_ID='print_result_task' AIRFLOW_CTX_EXECUTION_DATE='2024-06-24T11:57:46.504666+00:00' AIRFLOW_CTX_TRY_NUMBER='1' AIRFLOW_CTX_DAG_RUN_ID='manual__2024-06-24T11:57:46.504666+00:00'
[2024-06-24T11:57:51.007+0000] {taskinstance.py:430} INFO - ::endgroup::
[2024-06-24T11:57:51.020+0000] {logging_mixin.py:188} INFO - Query result: 
[2024-06-24T11:57:51.020+0000] {logging_mixin.py:188} INFO - [1]
[2024-06-24T11:57:51.020+0000] {python.py:237} INFO - Done. Returned value was: None
[2024-06-24T11:57:51.021+0000] {taskinstance.py:441} INFO - ::group::Post task execution logs
[2024-06-24T11:57:51.025+0000] {taskinstance.py:1206} INFO - Marking task as SUCCESS. dag_id=database, task_id=print_result_task, run_id=manual__2024-06-24T11:57:46.504666+00:00, execution_date=20240624T115746, start_date=20240624T115750, end_date=20240624T115751
[2024-06-24T11:57:51.068+0000] {local_task_job_runner.py:240} INFO - Task exited with return code 0
[2024-06-24T11:57:51.097+0000] {taskinstance.py:3503} INFO - 0 downstream tasks scheduled from follow-on schedule check
[2024-06-24T11:57:51.098+0000] {local_task_job_runner.py:222} INFO - ::endgroup::
