[2024-06-26T14:30:52.689+0000] {local_task_job_runner.py:120} INFO - ::group::Pre task execution logs
[2024-06-26T14:30:52.704+0000] {taskinstance.py:2076} INFO - Dependencies all met for dep_context=non-requeueable deps ti=<TaskInstance: windturbine.get_data scheduled__2024-06-26T14:27:00+00:00 [queued]>
[2024-06-26T14:30:52.709+0000] {taskinstance.py:2076} INFO - Dependencies all met for dep_context=requeueable deps ti=<TaskInstance: windturbine.get_data scheduled__2024-06-26T14:27:00+00:00 [queued]>
[2024-06-26T14:30:52.709+0000] {taskinstance.py:2306} INFO - Starting attempt 1 of 2
[2024-06-26T14:30:52.717+0000] {taskinstance.py:2330} INFO - Executing <Task(PythonOperator): get_data> on 2024-06-26 14:27:00+00:00
[2024-06-26T14:30:52.722+0000] {warnings.py:112} WARNING - /home/***/.local/lib/python3.12/site-packages/***/task/task_runner/standard_task_runner.py:61: DeprecationWarning: This process (pid=87) is multi-threaded, use of fork() may lead to deadlocks in the child.
  pid = os.fork()

[2024-06-26T14:30:52.722+0000] {standard_task_runner.py:63} INFO - Started process 89 to run task
[2024-06-26T14:30:52.723+0000] {standard_task_runner.py:90} INFO - Running: ['***', 'tasks', 'run', 'windturbine', 'get_data', 'scheduled__2024-06-26T14:27:00+00:00', '--job-id', '571', '--raw', '--subdir', 'DAGS_FOLDER/windturbine.py', '--cfg-path', '/tmp/tmpdkd56o8n']
[2024-06-26T14:30:52.724+0000] {standard_task_runner.py:91} INFO - Job 571: Subtask get_data
[2024-06-26T14:30:52.749+0000] {task_command.py:426} INFO - Running <TaskInstance: windturbine.get_data scheduled__2024-06-26T14:27:00+00:00 [running]> on host 98350b7a6ca8
[2024-06-26T14:30:52.796+0000] {taskinstance.py:2648} INFO - Exporting env vars: AIRFLOW_CTX_DAG_EMAIL='liviataina.ltab@gmail.com' AIRFLOW_CTX_DAG_OWNER='***' AIRFLOW_CTX_DAG_ID='windturbine' AIRFLOW_CTX_TASK_ID='get_data' AIRFLOW_CTX_EXECUTION_DATE='2024-06-26T14:27:00+00:00' AIRFLOW_CTX_TRY_NUMBER='1' AIRFLOW_CTX_DAG_RUN_ID='scheduled__2024-06-26T14:27:00+00:00'
[2024-06-26T14:30:52.797+0000] {taskinstance.py:430} INFO - ::endgroup::
[2024-06-26T14:30:52.841+0000] {python.py:237} INFO - Done. Returned value was: None
[2024-06-26T14:30:52.842+0000] {taskinstance.py:441} INFO - ::group::Post task execution logs
[2024-06-26T14:30:52.846+0000] {taskinstance.py:1206} INFO - Marking task as SUCCESS. dag_id=windturbine, task_id=get_data, run_id=scheduled__2024-06-26T14:27:00+00:00, execution_date=20240626T142700, start_date=20240626T143052, end_date=20240626T143052
[2024-06-26T14:30:52.895+0000] {local_task_job_runner.py:240} INFO - Task exited with return code 0
[2024-06-26T14:30:52.915+0000] {warnings.py:112} WARNING - /home/***/.local/lib/python3.12/site-packages/***/models/baseoperator.py:1297: AirflowProviderDeprecationWarning: Call to deprecated class PostgresOperator. (Please use `***.providers.common.sql.operators.sql.SQLExecuteQueryOperator`.Also, you can provide `hook_params={'schema': <database>}`.)
  result = cls.__new__(cls)

[2024-06-26T14:30:52.934+0000] {taskinstance.py:3503} INFO - 2 downstream tasks scheduled from follow-on schedule check
[2024-06-26T14:30:52.936+0000] {local_task_job_runner.py:222} INFO - ::endgroup::
