[2024-06-19T11:52:09.005+0000] {local_task_job_runner.py:120} INFO - ::group::Pre task execution logs
[2024-06-19T11:52:09.020+0000] {taskinstance.py:2076} INFO - Dependencies all met for dep_context=non-requeueable deps ti=<TaskInstance: dagcomplexa.task6 manual__2024-06-19T11:51:49.919633+00:00 [queued]>
[2024-06-19T11:52:09.025+0000] {taskinstance.py:2076} INFO - Dependencies all met for dep_context=requeueable deps ti=<TaskInstance: dagcomplexa.task6 manual__2024-06-19T11:51:49.919633+00:00 [queued]>
[2024-06-19T11:52:09.026+0000] {taskinstance.py:2306} INFO - Starting attempt 1 of 1
[2024-06-19T11:52:09.034+0000] {taskinstance.py:2330} INFO - Executing <Task(BashOperator): task6> on 2024-06-19 11:51:49.919633+00:00
[2024-06-19T11:52:09.038+0000] {warnings.py:112} WARNING - /home/***/.local/lib/python3.12/site-packages/***/task/task_runner/standard_task_runner.py:61: DeprecationWarning: This process (pid=1012) is multi-threaded, use of fork() may lead to deadlocks in the child.
  pid = os.fork()

[2024-06-19T11:52:09.039+0000] {standard_task_runner.py:63} INFO - Started process 1013 to run task
[2024-06-19T11:52:09.039+0000] {standard_task_runner.py:90} INFO - Running: ['***', 'tasks', 'run', 'dagcomplexa', 'task6', 'manual__2024-06-19T11:51:49.919633+00:00', '--job-id', '53', '--raw', '--subdir', 'DAGS_FOLDER/dagcomplexa.py', '--cfg-path', '/tmp/tmpuk8kurq_']
[2024-06-19T11:52:09.040+0000] {standard_task_runner.py:91} INFO - Job 53: Subtask task6
[2024-06-19T11:52:09.066+0000] {task_command.py:426} INFO - Running <TaskInstance: dagcomplexa.task6 manual__2024-06-19T11:51:49.919633+00:00 [running]> on host 61c28926c6e1
[2024-06-19T11:52:09.110+0000] {taskinstance.py:2648} INFO - Exporting env vars: AIRFLOW_CTX_DAG_OWNER='***' AIRFLOW_CTX_DAG_ID='dagcomplexa' AIRFLOW_CTX_TASK_ID='task6' AIRFLOW_CTX_EXECUTION_DATE='2024-06-19T11:51:49.919633+00:00' AIRFLOW_CTX_TRY_NUMBER='1' AIRFLOW_CTX_DAG_RUN_ID='manual__2024-06-19T11:51:49.919633+00:00'
[2024-06-19T11:52:09.110+0000] {taskinstance.py:430} INFO - ::endgroup::
[2024-06-19T11:52:09.118+0000] {subprocess.py:63} INFO - Tmp dir root location: /tmp
[2024-06-19T11:52:09.119+0000] {subprocess.py:75} INFO - Running command: ['/usr/bin/bash', '-c', 'sleep 5']
[2024-06-19T11:52:09.124+0000] {subprocess.py:86} INFO - Output:
[2024-06-19T11:52:14.127+0000] {subprocess.py:97} INFO - Command exited with return code 0
[2024-06-19T11:52:14.129+0000] {taskinstance.py:441} INFO - ::group::Post task execution logs
[2024-06-19T11:52:14.166+0000] {taskinstance.py:1206} INFO - Marking task as SUCCESS. dag_id=dagcomplexa, task_id=task6, run_id=manual__2024-06-19T11:51:49.919633+00:00, execution_date=20240619T115149, start_date=20240619T115209, end_date=20240619T115214
[2024-06-19T11:52:14.206+0000] {local_task_job_runner.py:240} INFO - Task exited with return code 0
[2024-06-19T11:52:14.242+0000] {taskinstance.py:3503} INFO - 2 downstream tasks scheduled from follow-on schedule check
[2024-06-19T11:52:14.245+0000] {local_task_job_runner.py:222} INFO - ::endgroup::
