[2024-06-25T12:35:49.834+0000] {local_task_job_runner.py:120} INFO - ::group::Pre task execution logs
[2024-06-25T12:35:49.846+0000] {taskinstance.py:2076} INFO - Dependencies all met for dep_context=non-requeueable deps ti=<TaskInstance: windturbine.group_check_temp.check_temp_branch manual__2024-06-25T12:35:46.893300+00:00 [queued]>
[2024-06-25T12:35:49.850+0000] {taskinstance.py:2076} INFO - Dependencies all met for dep_context=requeueable deps ti=<TaskInstance: windturbine.group_check_temp.check_temp_branch manual__2024-06-25T12:35:46.893300+00:00 [queued]>
[2024-06-25T12:35:49.850+0000] {taskinstance.py:2306} INFO - Starting attempt 1 of 2
[2024-06-25T12:35:49.859+0000] {taskinstance.py:2330} INFO - Executing <Task(BranchPythonOperator): group_check_temp.check_temp_branch> on 2024-06-25 12:35:46.893300+00:00
[2024-06-25T12:35:49.863+0000] {warnings.py:112} WARNING - /home/***/.local/lib/python3.12/site-packages/***/task/task_runner/standard_task_runner.py:61: DeprecationWarning: This process (pid=900) is multi-threaded, use of fork() may lead to deadlocks in the child.
  pid = os.fork()

[2024-06-25T12:35:49.864+0000] {standard_task_runner.py:63} INFO - Started process 905 to run task
[2024-06-25T12:35:49.865+0000] {standard_task_runner.py:90} INFO - Running: ['***', 'tasks', 'run', 'windturbine', 'group_check_temp.check_temp_branch', 'manual__2024-06-25T12:35:46.893300+00:00', '--job-id', '463', '--raw', '--subdir', 'DAGS_FOLDER/windturbine.py', '--cfg-path', '/tmp/tmp3rt5v5rt']
[2024-06-25T12:35:49.866+0000] {standard_task_runner.py:91} INFO - Job 463: Subtask group_check_temp.check_temp_branch
[2024-06-25T12:35:49.890+0000] {task_command.py:426} INFO - Running <TaskInstance: windturbine.group_check_temp.check_temp_branch manual__2024-06-25T12:35:46.893300+00:00 [running]> on host 8f35bebe2893
[2024-06-25T12:35:49.937+0000] {taskinstance.py:2648} INFO - Exporting env vars: AIRFLOW_CTX_DAG_EMAIL='liviataina.ltab@gmail.com' AIRFLOW_CTX_DAG_OWNER='***' AIRFLOW_CTX_DAG_ID='windturbine' AIRFLOW_CTX_TASK_ID='group_check_temp.check_temp_branch' AIRFLOW_CTX_EXECUTION_DATE='2024-06-25T12:35:46.893300+00:00' AIRFLOW_CTX_TRY_NUMBER='1' AIRFLOW_CTX_DAG_RUN_ID='manual__2024-06-25T12:35:46.893300+00:00'
[2024-06-25T12:35:49.938+0000] {taskinstance.py:430} INFO - ::endgroup::
[2024-06-25T12:35:49.946+0000] {baseoperator.py:400} WARNING - BranchPythonOperator.execute cannot be called outside TaskInstance!
[2024-06-25T12:35:49.952+0000] {taskinstance.py:441} INFO - ::group::Post task execution logs
[2024-06-25T12:35:49.952+0000] {taskinstance.py:2905} ERROR - Task failed with exception
Traceback (most recent call last):
  File "/home/airflow/.local/lib/python3.12/site-packages/airflow/models/taskinstance.py", line 465, in _execute_task
    result = _execute_callable(context=context, **execute_callable_kwargs)
             ^^^^^^^^^^^^^^^^^^^^^^^^^^^^^^^^^^^^^^^^^^^^^^^^^^^^^^^^^^^^^
  File "/home/airflow/.local/lib/python3.12/site-packages/airflow/models/taskinstance.py", line 432, in _execute_callable
    return execute_callable(context=context, **execute_callable_kwargs)
           ^^^^^^^^^^^^^^^^^^^^^^^^^^^^^^^^^^^^^^^^^^^^^^^^^^^^^^^^^^^^
  File "/home/airflow/.local/lib/python3.12/site-packages/airflow/models/baseoperator.py", line 401, in wrapper
    return func(self, *args, **kwargs)
           ^^^^^^^^^^^^^^^^^^^^^^^^^^^
  File "/home/airflow/.local/lib/python3.12/site-packages/airflow/operators/python.py", line 269, in execute
    return self.do_branch(context, super().execute(context))
                                   ^^^^^^^^^^^^^^^^^^^^^^^^
  File "/home/airflow/.local/lib/python3.12/site-packages/airflow/models/baseoperator.py", line 401, in wrapper
    return func(self, *args, **kwargs)
           ^^^^^^^^^^^^^^^^^^^^^^^^^^^
  File "/home/airflow/.local/lib/python3.12/site-packages/airflow/operators/python.py", line 235, in execute
    return_value = self.execute_callable()
                   ^^^^^^^^^^^^^^^^^^^^^^^
  File "/home/airflow/.local/lib/python3.12/site-packages/airflow/operators/python.py", line 252, in execute_callable
    return self.python_callable(*self.op_args, **self.op_kwargs)
           ^^^^^^^^^^^^^^^^^^^^^^^^^^^^^^^^^^^^^^^^^^^^^^^^^^^^^
  File "/opt/airflow/dags/windturbine.py", line 53, in check_temperature
    if temperature >= 24:
       ^^^^^^^^^^^^^^^^^
TypeError: '>=' not supported between instances of 'str' and 'int'
[2024-06-25T12:35:49.957+0000] {taskinstance.py:1206} INFO - Marking task as UP_FOR_RETRY. dag_id=windturbine, task_id=group_check_temp.check_temp_branch, run_id=manual__2024-06-25T12:35:46.893300+00:00, execution_date=20240625T123546, start_date=20240625T123549, end_date=20240625T123549
[2024-06-25T12:35:49.966+0000] {standard_task_runner.py:110} ERROR - Failed to execute job 463 for task group_check_temp.check_temp_branch ('>=' not supported between instances of 'str' and 'int'; 905)
[2024-06-25T12:35:49.997+0000] {local_task_job_runner.py:240} INFO - Task exited with return code 1
[2024-06-25T12:35:50.010+0000] {local_task_job_runner.py:222} INFO - ::endgroup::
