[2024-06-25T12:35:48.642+0000] {local_task_job_runner.py:120} INFO - ::group::Pre task execution logs
[2024-06-25T12:35:48.656+0000] {taskinstance.py:2076} INFO - Dependencies all met for dep_context=non-requeueable deps ti=<TaskInstance: windturbine.get_data manual__2024-06-25T12:35:46.893300+00:00 [queued]>
[2024-06-25T12:35:48.661+0000] {taskinstance.py:2076} INFO - Dependencies all met for dep_context=requeueable deps ti=<TaskInstance: windturbine.get_data manual__2024-06-25T12:35:46.893300+00:00 [queued]>
[2024-06-25T12:35:48.661+0000] {taskinstance.py:2306} INFO - Starting attempt 1 of 2
[2024-06-25T12:35:48.668+0000] {taskinstance.py:2330} INFO - Executing <Task(PythonOperator): get_data> on 2024-06-25 12:35:46.893300+00:00
[2024-06-25T12:35:48.673+0000] {warnings.py:112} WARNING - /home/***/.local/lib/python3.12/site-packages/***/task/task_runner/standard_task_runner.py:61: DeprecationWarning: This process (pid=897) is multi-threaded, use of fork() may lead to deadlocks in the child.
  pid = os.fork()

[2024-06-25T12:35:48.674+0000] {standard_task_runner.py:63} INFO - Started process 899 to run task
[2024-06-25T12:35:48.674+0000] {standard_task_runner.py:90} INFO - Running: ['***', 'tasks', 'run', 'windturbine', 'get_data', 'manual__2024-06-25T12:35:46.893300+00:00', '--job-id', '461', '--raw', '--subdir', 'DAGS_FOLDER/windturbine.py', '--cfg-path', '/tmp/tmpl6_te4j6']
[2024-06-25T12:35:48.675+0000] {standard_task_runner.py:91} INFO - Job 461: Subtask get_data
[2024-06-25T12:35:48.699+0000] {task_command.py:426} INFO - Running <TaskInstance: windturbine.get_data manual__2024-06-25T12:35:46.893300+00:00 [running]> on host 8f35bebe2893
[2024-06-25T12:35:48.742+0000] {taskinstance.py:2648} INFO - Exporting env vars: AIRFLOW_CTX_DAG_EMAIL='liviataina.ltab@gmail.com' AIRFLOW_CTX_DAG_OWNER='***' AIRFLOW_CTX_DAG_ID='windturbine' AIRFLOW_CTX_TASK_ID='get_data' AIRFLOW_CTX_EXECUTION_DATE='2024-06-25T12:35:46.893300+00:00' AIRFLOW_CTX_TRY_NUMBER='1' AIRFLOW_CTX_DAG_RUN_ID='manual__2024-06-25T12:35:46.893300+00:00'
[2024-06-25T12:35:48.742+0000] {taskinstance.py:430} INFO - ::endgroup::
[2024-06-25T12:35:48.786+0000] {python.py:237} INFO - Done. Returned value was: None
[2024-06-25T12:35:48.786+0000] {taskinstance.py:441} INFO - ::group::Post task execution logs
[2024-06-25T12:35:48.792+0000] {taskinstance.py:1206} INFO - Marking task as SUCCESS. dag_id=windturbine, task_id=get_data, run_id=manual__2024-06-25T12:35:46.893300+00:00, execution_date=20240625T123546, start_date=20240625T123548, end_date=20240625T123548
[2024-06-25T12:35:48.806+0000] {local_task_job_runner.py:240} INFO - Task exited with return code 0
[2024-06-25T12:35:48.813+0000] {warnings.py:112} WARNING - /home/***/.local/lib/python3.12/site-packages/***/models/baseoperator.py:1297: AirflowProviderDeprecationWarning: Call to deprecated class PostgresOperator. (Please use `***.providers.common.sql.operators.sql.SQLExecuteQueryOperator`.Also, you can provide `hook_params={'schema': <database>}`.)
  result = cls.__new__(cls)

[2024-06-25T12:35:48.825+0000] {taskinstance.py:3503} INFO - 2 downstream tasks scheduled from follow-on schedule check
[2024-06-25T12:35:48.827+0000] {local_task_job_runner.py:222} INFO - ::endgroup::
