[2024-06-25T12:44:16.213+0000] {local_task_job_runner.py:120} INFO - ::group::Pre task execution logs
[2024-06-25T12:44:16.226+0000] {taskinstance.py:2076} INFO - Dependencies all met for dep_context=non-requeueable deps ti=<TaskInstance: windturbine.group_database.insert_data manual__2024-06-25T12:44:11.588824+00:00 [queued]>
[2024-06-25T12:44:16.230+0000] {taskinstance.py:2076} INFO - Dependencies all met for dep_context=requeueable deps ti=<TaskInstance: windturbine.group_database.insert_data manual__2024-06-25T12:44:11.588824+00:00 [queued]>
[2024-06-25T12:44:16.230+0000] {taskinstance.py:2306} INFO - Starting attempt 1 of 2
[2024-06-25T12:44:16.237+0000] {taskinstance.py:2330} INFO - Executing <Task(PostgresOperator): group_database.insert_data> on 2024-06-25 12:44:11.588824+00:00
[2024-06-25T12:44:16.242+0000] {warnings.py:112} WARNING - /home/***/.local/lib/python3.12/site-packages/***/task/task_runner/standard_task_runner.py:61: DeprecationWarning: This process (pid=1082) is multi-threaded, use of fork() may lead to deadlocks in the child.
  pid = os.fork()

[2024-06-25T12:44:16.242+0000] {standard_task_runner.py:63} INFO - Started process 1085 to run task
[2024-06-25T12:44:16.243+0000] {standard_task_runner.py:90} INFO - Running: ['***', 'tasks', 'run', 'windturbine', 'group_database.insert_data', 'manual__2024-06-25T12:44:11.588824+00:00', '--job-id', '486', '--raw', '--subdir', 'DAGS_FOLDER/windturbine.py', '--cfg-path', '/tmp/tmpv0uua68m']
[2024-06-25T12:44:16.244+0000] {standard_task_runner.py:91} INFO - Job 486: Subtask group_database.insert_data
[2024-06-25T12:44:16.267+0000] {task_command.py:426} INFO - Running <TaskInstance: windturbine.group_database.insert_data manual__2024-06-25T12:44:11.588824+00:00 [running]> on host 8f35bebe2893
[2024-06-25T12:44:16.338+0000] {taskinstance.py:2648} INFO - Exporting env vars: AIRFLOW_CTX_DAG_EMAIL='liviataina.ltab@gmail.com' AIRFLOW_CTX_DAG_OWNER='***' AIRFLOW_CTX_DAG_ID='windturbine' AIRFLOW_CTX_TASK_ID='group_database.insert_data' AIRFLOW_CTX_EXECUTION_DATE='2024-06-25T12:44:11.588824+00:00' AIRFLOW_CTX_TRY_NUMBER='1' AIRFLOW_CTX_DAG_RUN_ID='manual__2024-06-25T12:44:11.588824+00:00'
[2024-06-25T12:44:16.338+0000] {taskinstance.py:430} INFO - ::endgroup::
[2024-06-25T12:44:16.345+0000] {sql.py:276} INFO - Executing: 
        INSERT INTO sensors (idtemp, powerfactor, hydraulicpressure, temperature, timestamp)
        VALUES (%(idtemp)s, %(powerfactor)s, %(hydraulicpressure)s, %(temperature)s, %(timestamp)s)
        ON CONFLICT (idtemp)
        DO UPDATE SET
            powerfactor = EXCLUDED.powerfactor,
            hydraulicpressure = EXCLUDED.hydraulicpressure,
            temperature = EXCLUDED.temperature,
            timestamp = EXCLUDED.timestamp;
    
[2024-06-25T12:44:16.349+0000] {base.py:84} INFO - Using connection ID 'postgres' for task execution.
[2024-06-25T12:44:16.354+0000] {base.py:84} INFO - Using connection ID 'postgres' for task execution.
[2024-06-25T12:44:16.355+0000] {sql.py:487} INFO - Running statement: 
        INSERT INTO sensors (idtemp, powerfactor, hydraulicpressure, temperature, timestamp)
        VALUES (%(idtemp)s, %(powerfactor)s, %(hydraulicpressure)s, %(temperature)s, %(timestamp)s)
        ON CONFLICT (idtemp)
        DO UPDATE SET
            powerfactor = EXCLUDED.powerfactor,
            hydraulicpressure = EXCLUDED.hydraulicpressure,
            temperature = EXCLUDED.temperature,
            timestamp = EXCLUDED.timestamp;
    , parameters: {'idtemp': '1', 'powerfactor': '0.8837929080361997', 'hydraulicpressure': '78.86011124702158', 'temperature': '20.279809506572597', 'timestamp': '2023-03-19 17:26:55.230351'}
[2024-06-25T12:44:16.356+0000] {sql.py:496} INFO - Rows affected: 1
[2024-06-25T12:44:16.357+0000] {taskinstance.py:441} INFO - ::group::Post task execution logs
[2024-06-25T12:44:16.362+0000] {taskinstance.py:1206} INFO - Marking task as SUCCESS. dag_id=windturbine, task_id=group_database.insert_data, run_id=manual__2024-06-25T12:44:11.588824+00:00, execution_date=20240625T124411, start_date=20240625T124416, end_date=20240625T124416
[2024-06-25T12:44:16.375+0000] {local_task_job_runner.py:240} INFO - Task exited with return code 0
[2024-06-25T12:44:16.384+0000] {taskinstance.py:3503} INFO - 0 downstream tasks scheduled from follow-on schedule check
[2024-06-25T12:44:16.386+0000] {local_task_job_runner.py:222} INFO - ::endgroup::
