[2024-06-19T12:27:32.916+0000] {local_task_job_runner.py:120} INFO - ::group::Pre task execution logs
[2024-06-19T12:27:32.931+0000] {taskinstance.py:2076} INFO - Dependencies all met for dep_context=non-requeueable deps ti=<TaskInstance: dagrundag1.task1 manual__2024-06-19T12:27:32.048572+00:00 [queued]>
[2024-06-19T12:27:32.935+0000] {taskinstance.py:2076} INFO - Dependencies all met for dep_context=requeueable deps ti=<TaskInstance: dagrundag1.task1 manual__2024-06-19T12:27:32.048572+00:00 [queued]>
[2024-06-19T12:27:32.936+0000] {taskinstance.py:2306} INFO - Starting attempt 1 of 1
[2024-06-19T12:27:32.946+0000] {taskinstance.py:2330} INFO - Executing <Task(BashOperator): task1> on 2024-06-19 12:27:32.048572+00:00
[2024-06-19T12:27:32.950+0000] {warnings.py:112} WARNING - /home/***/.local/lib/python3.12/site-packages/***/task/task_runner/standard_task_runner.py:61: DeprecationWarning: This process (pid=1562) is multi-threaded, use of fork() may lead to deadlocks in the child.
  pid = os.fork()

[2024-06-19T12:27:32.950+0000] {standard_task_runner.py:63} INFO - Started process 1563 to run task
[2024-06-19T12:27:32.951+0000] {standard_task_runner.py:90} INFO - Running: ['***', 'tasks', 'run', 'dagrundag1', 'task1', 'manual__2024-06-19T12:27:32.048572+00:00', '--job-id', '80', '--raw', '--subdir', 'DAGS_FOLDER/dagrundag1.py', '--cfg-path', '/tmp/tmpt2n0_fvr']
[2024-06-19T12:27:32.951+0000] {standard_task_runner.py:91} INFO - Job 80: Subtask task1
[2024-06-19T12:27:32.979+0000] {task_command.py:426} INFO - Running <TaskInstance: dagrundag1.task1 manual__2024-06-19T12:27:32.048572+00:00 [running]> on host 61c28926c6e1
[2024-06-19T12:27:33.032+0000] {taskinstance.py:2648} INFO - Exporting env vars: AIRFLOW_CTX_DAG_OWNER='***' AIRFLOW_CTX_DAG_ID='dagrundag1' AIRFLOW_CTX_TASK_ID='task1' AIRFLOW_CTX_EXECUTION_DATE='2024-06-19T12:27:32.048572+00:00' AIRFLOW_CTX_TRY_NUMBER='1' AIRFLOW_CTX_DAG_RUN_ID='manual__2024-06-19T12:27:32.048572+00:00'
[2024-06-19T12:27:33.032+0000] {taskinstance.py:430} INFO - ::endgroup::
[2024-06-19T12:27:33.041+0000] {subprocess.py:63} INFO - Tmp dir root location: /tmp
[2024-06-19T12:27:33.042+0000] {subprocess.py:75} INFO - Running command: ['/usr/bin/bash', '-c', 'sleep 5']
[2024-06-19T12:27:33.049+0000] {subprocess.py:86} INFO - Output:
[2024-06-19T12:27:38.051+0000] {subprocess.py:97} INFO - Command exited with return code 0
[2024-06-19T12:27:38.053+0000] {taskinstance.py:441} INFO - ::group::Post task execution logs
[2024-06-19T12:27:38.095+0000] {taskinstance.py:1206} INFO - Marking task as SUCCESS. dag_id=dagrundag1, task_id=task1, run_id=manual__2024-06-19T12:27:32.048572+00:00, execution_date=20240619T122732, start_date=20240619T122732, end_date=20240619T122738
[2024-06-19T12:27:38.123+0000] {local_task_job_runner.py:240} INFO - Task exited with return code 0
[2024-06-19T12:27:38.149+0000] {taskinstance.py:3503} INFO - 1 downstream tasks scheduled from follow-on schedule check
[2024-06-19T12:27:38.151+0000] {local_task_job_runner.py:222} INFO - ::endgroup::
