[2024-06-19T11:42:08.602+0000] {local_task_job_runner.py:120} INFO - ::group::Pre task execution logs
[2024-06-19T11:42:08.617+0000] {taskinstance.py:2076} INFO - Dependencies all met for dep_context=non-requeueable deps ti=<TaskInstance: thrid_trigger_dag.task3 manual__2024-06-19T11:42:06.265185+00:00 [queued]>
[2024-06-19T11:42:08.622+0000] {taskinstance.py:2076} INFO - Dependencies all met for dep_context=requeueable deps ti=<TaskInstance: thrid_trigger_dag.task3 manual__2024-06-19T11:42:06.265185+00:00 [queued]>
[2024-06-19T11:42:08.622+0000] {taskinstance.py:2306} INFO - Starting attempt 1 of 1
[2024-06-19T11:42:08.630+0000] {taskinstance.py:2330} INFO - Executing <Task(BashOperator): task3> on 2024-06-19 11:42:06.265185+00:00
[2024-06-19T11:42:08.634+0000] {warnings.py:112} WARNING - /home/***/.local/lib/python3.12/site-packages/***/task/task_runner/standard_task_runner.py:61: DeprecationWarning: This process (pid=852) is multi-threaded, use of fork() may lead to deadlocks in the child.
  pid = os.fork()

[2024-06-19T11:42:08.635+0000] {standard_task_runner.py:63} INFO - Started process 853 to run task
[2024-06-19T11:42:08.636+0000] {standard_task_runner.py:90} INFO - Running: ['***', 'tasks', 'run', 'thrid_trigger_dag', 'task3', 'manual__2024-06-19T11:42:06.265185+00:00', '--job-id', '44', '--raw', '--subdir', 'DAGS_FOLDER/triggerdag3.py', '--cfg-path', '/tmp/tmpo4tiully']
[2024-06-19T11:42:08.636+0000] {standard_task_runner.py:91} INFO - Job 44: Subtask task3
[2024-06-19T11:42:08.664+0000] {task_command.py:426} INFO - Running <TaskInstance: thrid_trigger_dag.task3 manual__2024-06-19T11:42:06.265185+00:00 [running]> on host 61c28926c6e1
[2024-06-19T11:42:08.713+0000] {taskinstance.py:2648} INFO - Exporting env vars: AIRFLOW_CTX_DAG_OWNER='***' AIRFLOW_CTX_DAG_ID='thrid_trigger_dag' AIRFLOW_CTX_TASK_ID='task3' AIRFLOW_CTX_EXECUTION_DATE='2024-06-19T11:42:06.265185+00:00' AIRFLOW_CTX_TRY_NUMBER='1' AIRFLOW_CTX_DAG_RUN_ID='manual__2024-06-19T11:42:06.265185+00:00'
[2024-06-19T11:42:08.713+0000] {taskinstance.py:430} INFO - ::endgroup::
[2024-06-19T11:42:08.721+0000] {subprocess.py:63} INFO - Tmp dir root location: /tmp
[2024-06-19T11:42:08.722+0000] {subprocess.py:75} INFO - Running command: ['/usr/bin/bash', '-c', 'sleep 5']
[2024-06-19T11:42:08.728+0000] {subprocess.py:86} INFO - Output:
[2024-06-19T11:42:13.730+0000] {subprocess.py:97} INFO - Command exited with return code 0
[2024-06-19T11:42:13.732+0000] {taskinstance.py:441} INFO - ::group::Post task execution logs
[2024-06-19T11:42:13.758+0000] {taskinstance.py:1206} INFO - Marking task as SUCCESS. dag_id=thrid_trigger_dag, task_id=task3, run_id=manual__2024-06-19T11:42:06.265185+00:00, execution_date=20240619T114206, start_date=20240619T114208, end_date=20240619T114213
[2024-06-19T11:42:13.799+0000] {local_task_job_runner.py:240} INFO - Task exited with return code 0
[2024-06-19T11:42:13.810+0000] {taskinstance.py:3503} INFO - 0 downstream tasks scheduled from follow-on schedule check
[2024-06-19T11:42:13.811+0000] {local_task_job_runner.py:222} INFO - ::endgroup::
