[2024-06-19T12:01:29.629+0000] {local_task_job_runner.py:120} INFO - ::group::Pre task execution logs
[2024-06-19T12:01:29.643+0000] {taskinstance.py:2076} INFO - Dependencies all met for dep_context=non-requeueable deps ti=<TaskInstance: daggroup.task1 manual__2024-06-19T12:01:29.022377+00:00 [queued]>
[2024-06-19T12:01:29.648+0000] {taskinstance.py:2076} INFO - Dependencies all met for dep_context=requeueable deps ti=<TaskInstance: daggroup.task1 manual__2024-06-19T12:01:29.022377+00:00 [queued]>
[2024-06-19T12:01:29.648+0000] {taskinstance.py:2306} INFO - Starting attempt 1 of 1
[2024-06-19T12:01:29.658+0000] {taskinstance.py:2330} INFO - Executing <Task(BashOperator): task1> on 2024-06-19 12:01:29.022377+00:00
[2024-06-19T12:01:29.662+0000] {warnings.py:112} WARNING - /home/***/.local/lib/python3.12/site-packages/***/task/task_runner/standard_task_runner.py:61: DeprecationWarning: This process (pid=1187) is multi-threaded, use of fork() may lead to deadlocks in the child.
  pid = os.fork()

[2024-06-19T12:01:29.663+0000] {standard_task_runner.py:63} INFO - Started process 1189 to run task
[2024-06-19T12:01:29.663+0000] {standard_task_runner.py:90} INFO - Running: ['***', 'tasks', 'run', 'daggroup', 'task1', 'manual__2024-06-19T12:01:29.022377+00:00', '--job-id', '70', '--raw', '--subdir', 'DAGS_FOLDER/daggroup.py', '--cfg-path', '/tmp/tmp_zsuxjl2']
[2024-06-19T12:01:29.664+0000] {standard_task_runner.py:91} INFO - Job 70: Subtask task1
[2024-06-19T12:01:29.691+0000] {task_command.py:426} INFO - Running <TaskInstance: daggroup.task1 manual__2024-06-19T12:01:29.022377+00:00 [running]> on host 61c28926c6e1
[2024-06-19T12:01:29.742+0000] {taskinstance.py:2648} INFO - Exporting env vars: AIRFLOW_CTX_DAG_OWNER='***' AIRFLOW_CTX_DAG_ID='daggroup' AIRFLOW_CTX_TASK_ID='task1' AIRFLOW_CTX_EXECUTION_DATE='2024-06-19T12:01:29.022377+00:00' AIRFLOW_CTX_TRY_NUMBER='1' AIRFLOW_CTX_DAG_RUN_ID='manual__2024-06-19T12:01:29.022377+00:00'
[2024-06-19T12:01:29.742+0000] {taskinstance.py:430} INFO - ::endgroup::
[2024-06-19T12:01:29.750+0000] {subprocess.py:63} INFO - Tmp dir root location: /tmp
[2024-06-19T12:01:29.751+0000] {subprocess.py:75} INFO - Running command: ['/usr/bin/bash', '-c', 'sleep 5']
[2024-06-19T12:01:29.757+0000] {subprocess.py:86} INFO - Output:
[2024-06-19T12:01:34.760+0000] {subprocess.py:97} INFO - Command exited with return code 0
[2024-06-19T12:01:34.761+0000] {taskinstance.py:441} INFO - ::group::Post task execution logs
[2024-06-19T12:01:34.785+0000] {taskinstance.py:1206} INFO - Marking task as SUCCESS. dag_id=daggroup, task_id=task1, run_id=manual__2024-06-19T12:01:29.022377+00:00, execution_date=20240619T120129, start_date=20240619T120129, end_date=20240619T120134
[2024-06-19T12:01:34.806+0000] {local_task_job_runner.py:240} INFO - Task exited with return code 0
[2024-06-19T12:01:34.814+0000] {local_task_job_runner.py:222} INFO - ::endgroup::
