[2024-06-24T12:04:04.233+0000] {local_task_job_runner.py:120} INFO - ::group::Pre task execution logs
[2024-06-24T12:04:04.242+0000] {taskinstance.py:2076} INFO - Dependencies all met for dep_context=non-requeueable deps ti=<TaskInstance: httpsensor.check_api manual__2024-06-24T12:04:03.440398+00:00 [queued]>
[2024-06-24T12:04:04.249+0000] {taskinstance.py:2076} INFO - Dependencies all met for dep_context=requeueable deps ti=<TaskInstance: httpsensor.check_api manual__2024-06-24T12:04:03.440398+00:00 [queued]>
[2024-06-24T12:04:04.249+0000] {taskinstance.py:2306} INFO - Starting attempt 1 of 1
[2024-06-24T12:04:04.257+0000] {taskinstance.py:2330} INFO - Executing <Task(HttpSensor): check_api> on 2024-06-24 12:04:03.440398+00:00
[2024-06-24T12:04:04.261+0000] {warnings.py:112} WARNING - /home/***/.local/lib/python3.12/site-packages/***/task/task_runner/standard_task_runner.py:61: DeprecationWarning: This process (pid=491) is multi-threaded, use of fork() may lead to deadlocks in the child.
  pid = os.fork()

[2024-06-24T12:04:04.262+0000] {standard_task_runner.py:63} INFO - Started process 492 to run task
[2024-06-24T12:04:04.262+0000] {standard_task_runner.py:90} INFO - Running: ['***', 'tasks', 'run', 'httpsensor', 'check_api', 'manual__2024-06-24T12:04:03.440398+00:00', '--job-id', '439', '--raw', '--subdir', 'DAGS_FOLDER/sensors.py', '--cfg-path', '/tmp/tmpaq4ddnnd']
[2024-06-24T12:04:04.263+0000] {standard_task_runner.py:91} INFO - Job 439: Subtask check_api
[2024-06-24T12:04:04.290+0000] {task_command.py:426} INFO - Running <TaskInstance: httpsensor.check_api manual__2024-06-24T12:04:03.440398+00:00 [running]> on host e3e60e62d12c
[2024-06-24T12:04:04.339+0000] {taskinstance.py:2648} INFO - Exporting env vars: AIRFLOW_CTX_DAG_OWNER='***' AIRFLOW_CTX_DAG_ID='httpsensor' AIRFLOW_CTX_TASK_ID='check_api' AIRFLOW_CTX_EXECUTION_DATE='2024-06-24T12:04:03.440398+00:00' AIRFLOW_CTX_TRY_NUMBER='1' AIRFLOW_CTX_DAG_RUN_ID='manual__2024-06-24T12:04:03.440398+00:00'
[2024-06-24T12:04:04.340+0000] {taskinstance.py:430} INFO - ::endgroup::
[2024-06-24T12:04:04.349+0000] {baseoperator.py:400} WARNING - HttpSensor.execute cannot be called outside TaskInstance!
[2024-06-24T12:04:04.349+0000] {http.py:137} INFO - Poking: fact
[2024-06-24T12:04:04.354+0000] {base.py:84} INFO - Using connection ID 'catfact_connection' for task execution.
[2024-06-24T12:04:04.806+0000] {base.py:294} INFO - Success criteria met. Exiting.
[2024-06-24T12:04:04.808+0000] {taskinstance.py:441} INFO - ::group::Post task execution logs
[2024-06-24T12:04:04.825+0000] {taskinstance.py:1206} INFO - Marking task as SUCCESS. dag_id=httpsensor, task_id=check_api, run_id=manual__2024-06-24T12:04:03.440398+00:00, execution_date=20240624T120403, start_date=20240624T120404, end_date=20240624T120404
[2024-06-24T12:04:04.877+0000] {local_task_job_runner.py:240} INFO - Task exited with return code 0
[2024-06-24T12:04:04.911+0000] {taskinstance.py:3503} INFO - 1 downstream tasks scheduled from follow-on schedule check
[2024-06-24T12:04:04.913+0000] {local_task_job_runner.py:222} INFO - ::endgroup::
