[2024-06-26T14:13:28.566+0000] {processor.py:161} INFO - Started process (PID=37) to work on /opt/airflow/dags/bigdata.py
[2024-06-26T14:13:28.567+0000] {processor.py:830} INFO - Processing file /opt/airflow/dags/bigdata.py for tasks to queue
[2024-06-26T14:13:28.568+0000] {logging_mixin.py:188} INFO - [2024-06-26T14:13:28.568+0000] {dagbag.py:545} INFO - Filling up the DagBag from /opt/airflow/dags/bigdata.py
[2024-06-26T14:13:28.575+0000] {processor.py:840} INFO - DAG(s) 'bigdata' retrieved from /opt/airflow/dags/bigdata.py
[2024-06-26T14:13:28.714+0000] {logging_mixin.py:188} INFO - [2024-06-26T14:13:28.714+0000] {dag.py:3096} INFO - Sync 1 DAGs
[2024-06-26T14:13:28.720+0000] {logging_mixin.py:188} INFO - [2024-06-26T14:13:28.720+0000] {dag.py:3954} INFO - Setting next_dagrun for bigdata to None, run_after=None
[2024-06-26T14:13:28.732+0000] {processor.py:183} INFO - Processing /opt/airflow/dags/bigdata.py took 0.169 seconds
[2024-06-26T14:13:34.140+0000] {processor.py:161} INFO - Started process (PID=64) to work on /opt/airflow/dags/bigdata.py
[2024-06-26T14:13:34.141+0000] {processor.py:830} INFO - Processing file /opt/airflow/dags/bigdata.py for tasks to queue
[2024-06-26T14:13:34.142+0000] {logging_mixin.py:188} INFO - [2024-06-26T14:13:34.142+0000] {dagbag.py:545} INFO - Filling up the DagBag from /opt/airflow/dags/bigdata.py
[2024-06-26T14:13:34.145+0000] {processor.py:840} INFO - DAG(s) 'bigdata' retrieved from /opt/airflow/dags/bigdata.py
[2024-06-26T14:13:34.151+0000] {logging_mixin.py:188} INFO - [2024-06-26T14:13:34.151+0000] {dag.py:3096} INFO - Sync 1 DAGs
[2024-06-26T14:13:34.160+0000] {logging_mixin.py:188} INFO - [2024-06-26T14:13:34.160+0000] {dag.py:3954} INFO - Setting next_dagrun for bigdata to None, run_after=None
[2024-06-26T14:13:34.169+0000] {processor.py:183} INFO - Processing /opt/airflow/dags/bigdata.py took 0.032 seconds
[2024-06-26T14:13:39.751+0000] {processor.py:161} INFO - Started process (PID=91) to work on /opt/airflow/dags/bigdata.py
[2024-06-26T14:13:39.751+0000] {processor.py:830} INFO - Processing file /opt/airflow/dags/bigdata.py for tasks to queue
[2024-06-26T14:13:39.752+0000] {logging_mixin.py:188} INFO - [2024-06-26T14:13:39.752+0000] {dagbag.py:545} INFO - Filling up the DagBag from /opt/airflow/dags/bigdata.py
[2024-06-26T14:13:39.756+0000] {processor.py:840} INFO - DAG(s) 'bigdata' retrieved from /opt/airflow/dags/bigdata.py
[2024-06-26T14:13:39.763+0000] {logging_mixin.py:188} INFO - [2024-06-26T14:13:39.762+0000] {dag.py:3096} INFO - Sync 1 DAGs
[2024-06-26T14:13:39.769+0000] {logging_mixin.py:188} INFO - [2024-06-26T14:13:39.769+0000] {dag.py:3954} INFO - Setting next_dagrun for bigdata to None, run_after=None
[2024-06-26T14:13:39.780+0000] {processor.py:183} INFO - Processing /opt/airflow/dags/bigdata.py took 0.032 seconds
[2024-06-26T14:13:44.839+0000] {processor.py:161} INFO - Started process (PID=118) to work on /opt/airflow/dags/bigdata.py
[2024-06-26T14:13:44.839+0000] {processor.py:830} INFO - Processing file /opt/airflow/dags/bigdata.py for tasks to queue
[2024-06-26T14:13:44.840+0000] {logging_mixin.py:188} INFO - [2024-06-26T14:13:44.840+0000] {dagbag.py:545} INFO - Filling up the DagBag from /opt/airflow/dags/bigdata.py
[2024-06-26T14:13:44.844+0000] {processor.py:840} INFO - DAG(s) 'bigdata' retrieved from /opt/airflow/dags/bigdata.py
[2024-06-26T14:13:44.851+0000] {logging_mixin.py:188} INFO - [2024-06-26T14:13:44.850+0000] {dag.py:3096} INFO - Sync 1 DAGs
[2024-06-26T14:13:44.857+0000] {logging_mixin.py:188} INFO - [2024-06-26T14:13:44.857+0000] {dag.py:3954} INFO - Setting next_dagrun for bigdata to None, run_after=None
[2024-06-26T14:13:44.867+0000] {processor.py:183} INFO - Processing /opt/airflow/dags/bigdata.py took 0.031 seconds
[2024-06-26T14:13:50.501+0000] {processor.py:161} INFO - Started process (PID=151) to work on /opt/airflow/dags/bigdata.py
[2024-06-26T14:13:50.501+0000] {processor.py:830} INFO - Processing file /opt/airflow/dags/bigdata.py for tasks to queue
[2024-06-26T14:13:50.502+0000] {logging_mixin.py:188} INFO - [2024-06-26T14:13:50.502+0000] {dagbag.py:545} INFO - Filling up the DagBag from /opt/airflow/dags/bigdata.py
[2024-06-26T14:13:50.505+0000] {processor.py:840} INFO - DAG(s) 'bigdata' retrieved from /opt/airflow/dags/bigdata.py
[2024-06-26T14:13:50.512+0000] {logging_mixin.py:188} INFO - [2024-06-26T14:13:50.511+0000] {dag.py:3096} INFO - Sync 1 DAGs
[2024-06-26T14:13:50.518+0000] {logging_mixin.py:188} INFO - [2024-06-26T14:13:50.518+0000] {dag.py:3954} INFO - Setting next_dagrun for bigdata to None, run_after=None
[2024-06-26T14:13:50.527+0000] {processor.py:183} INFO - Processing /opt/airflow/dags/bigdata.py took 0.029 seconds
[2024-06-26T14:13:56.107+0000] {processor.py:161} INFO - Started process (PID=191) to work on /opt/airflow/dags/bigdata.py
[2024-06-26T14:13:56.110+0000] {processor.py:830} INFO - Processing file /opt/airflow/dags/bigdata.py for tasks to queue
[2024-06-26T14:13:56.112+0000] {logging_mixin.py:188} INFO - [2024-06-26T14:13:56.112+0000] {dagbag.py:545} INFO - Filling up the DagBag from /opt/airflow/dags/bigdata.py
[2024-06-26T14:13:56.119+0000] {processor.py:840} INFO - DAG(s) 'bigdata' retrieved from /opt/airflow/dags/bigdata.py
[2024-06-26T14:13:56.151+0000] {logging_mixin.py:188} INFO - [2024-06-26T14:13:56.150+0000] {dag.py:3096} INFO - Sync 1 DAGs
[2024-06-26T14:13:56.166+0000] {logging_mixin.py:188} INFO - [2024-06-26T14:13:56.166+0000] {dag.py:3954} INFO - Setting next_dagrun for bigdata to None, run_after=None
[2024-06-26T14:13:56.192+0000] {processor.py:183} INFO - Processing /opt/airflow/dags/bigdata.py took 0.091 seconds
[2024-06-26T14:14:02.174+0000] {processor.py:161} INFO - Started process (PID=218) to work on /opt/airflow/dags/bigdata.py
[2024-06-26T14:14:02.175+0000] {processor.py:830} INFO - Processing file /opt/airflow/dags/bigdata.py for tasks to queue
[2024-06-26T14:14:02.176+0000] {logging_mixin.py:188} INFO - [2024-06-26T14:14:02.176+0000] {dagbag.py:545} INFO - Filling up the DagBag from /opt/airflow/dags/bigdata.py
[2024-06-26T14:14:02.180+0000] {processor.py:840} INFO - DAG(s) 'bigdata' retrieved from /opt/airflow/dags/bigdata.py
[2024-06-26T14:14:02.196+0000] {logging_mixin.py:188} INFO - [2024-06-26T14:14:02.196+0000] {dag.py:3096} INFO - Sync 1 DAGs
[2024-06-26T14:14:02.204+0000] {logging_mixin.py:188} INFO - [2024-06-26T14:14:02.204+0000] {dag.py:3954} INFO - Setting next_dagrun for bigdata to None, run_after=None
[2024-06-26T14:14:02.214+0000] {processor.py:183} INFO - Processing /opt/airflow/dags/bigdata.py took 0.043 seconds
[2024-06-26T14:14:07.953+0000] {processor.py:161} INFO - Started process (PID=245) to work on /opt/airflow/dags/bigdata.py
[2024-06-26T14:14:07.953+0000] {processor.py:830} INFO - Processing file /opt/airflow/dags/bigdata.py for tasks to queue
[2024-06-26T14:14:07.954+0000] {logging_mixin.py:188} INFO - [2024-06-26T14:14:07.954+0000] {dagbag.py:545} INFO - Filling up the DagBag from /opt/airflow/dags/bigdata.py
[2024-06-26T14:14:07.958+0000] {processor.py:840} INFO - DAG(s) 'bigdata' retrieved from /opt/airflow/dags/bigdata.py
[2024-06-26T14:14:07.971+0000] {logging_mixin.py:188} INFO - [2024-06-26T14:14:07.971+0000] {dag.py:3096} INFO - Sync 1 DAGs
[2024-06-26T14:14:07.978+0000] {logging_mixin.py:188} INFO - [2024-06-26T14:14:07.978+0000] {dag.py:3954} INFO - Setting next_dagrun for bigdata to None, run_after=None
[2024-06-26T14:14:07.988+0000] {processor.py:183} INFO - Processing /opt/airflow/dags/bigdata.py took 0.039 seconds
[2024-06-26T14:14:13.904+0000] {processor.py:161} INFO - Started process (PID=272) to work on /opt/airflow/dags/bigdata.py
[2024-06-26T14:14:13.904+0000] {processor.py:830} INFO - Processing file /opt/airflow/dags/bigdata.py for tasks to queue
[2024-06-26T14:14:13.905+0000] {logging_mixin.py:188} INFO - [2024-06-26T14:14:13.905+0000] {dagbag.py:545} INFO - Filling up the DagBag from /opt/airflow/dags/bigdata.py
[2024-06-26T14:14:13.911+0000] {processor.py:840} INFO - DAG(s) 'bigdata' retrieved from /opt/airflow/dags/bigdata.py
[2024-06-26T14:14:13.924+0000] {logging_mixin.py:188} INFO - [2024-06-26T14:14:13.923+0000] {dag.py:3096} INFO - Sync 1 DAGs
[2024-06-26T14:14:13.932+0000] {logging_mixin.py:188} INFO - [2024-06-26T14:14:13.931+0000] {dag.py:3954} INFO - Setting next_dagrun for bigdata to None, run_after=None
[2024-06-26T14:14:13.941+0000] {processor.py:183} INFO - Processing /opt/airflow/dags/bigdata.py took 0.042 seconds
[2024-06-26T14:14:19.674+0000] {processor.py:161} INFO - Started process (PID=305) to work on /opt/airflow/dags/bigdata.py
[2024-06-26T14:14:19.674+0000] {processor.py:830} INFO - Processing file /opt/airflow/dags/bigdata.py for tasks to queue
[2024-06-26T14:14:19.675+0000] {logging_mixin.py:188} INFO - [2024-06-26T14:14:19.675+0000] {dagbag.py:545} INFO - Filling up the DagBag from /opt/airflow/dags/bigdata.py
[2024-06-26T14:14:19.679+0000] {processor.py:840} INFO - DAG(s) 'bigdata' retrieved from /opt/airflow/dags/bigdata.py
[2024-06-26T14:14:19.693+0000] {logging_mixin.py:188} INFO - [2024-06-26T14:14:19.693+0000] {dag.py:3096} INFO - Sync 1 DAGs
[2024-06-26T14:14:19.701+0000] {logging_mixin.py:188} INFO - [2024-06-26T14:14:19.701+0000] {dag.py:3954} INFO - Setting next_dagrun for bigdata to None, run_after=None
[2024-06-26T14:14:19.712+0000] {processor.py:183} INFO - Processing /opt/airflow/dags/bigdata.py took 0.042 seconds
[2024-06-26T14:14:25.445+0000] {processor.py:161} INFO - Started process (PID=332) to work on /opt/airflow/dags/bigdata.py
[2024-06-26T14:14:25.445+0000] {processor.py:830} INFO - Processing file /opt/airflow/dags/bigdata.py for tasks to queue
[2024-06-26T14:14:25.446+0000] {logging_mixin.py:188} INFO - [2024-06-26T14:14:25.446+0000] {dagbag.py:545} INFO - Filling up the DagBag from /opt/airflow/dags/bigdata.py
[2024-06-26T14:14:25.449+0000] {processor.py:840} INFO - DAG(s) 'bigdata' retrieved from /opt/airflow/dags/bigdata.py
[2024-06-26T14:14:25.463+0000] {logging_mixin.py:188} INFO - [2024-06-26T14:14:25.462+0000] {dag.py:3096} INFO - Sync 1 DAGs
[2024-06-26T14:14:25.470+0000] {logging_mixin.py:188} INFO - [2024-06-26T14:14:25.469+0000] {dag.py:3954} INFO - Setting next_dagrun for bigdata to None, run_after=None
[2024-06-26T14:14:25.480+0000] {processor.py:183} INFO - Processing /opt/airflow/dags/bigdata.py took 0.039 seconds
[2024-06-26T14:14:31.322+0000] {processor.py:161} INFO - Started process (PID=359) to work on /opt/airflow/dags/bigdata.py
[2024-06-26T14:14:31.322+0000] {processor.py:830} INFO - Processing file /opt/airflow/dags/bigdata.py for tasks to queue
[2024-06-26T14:14:31.323+0000] {logging_mixin.py:188} INFO - [2024-06-26T14:14:31.323+0000] {dagbag.py:545} INFO - Filling up the DagBag from /opt/airflow/dags/bigdata.py
[2024-06-26T14:14:31.327+0000] {processor.py:840} INFO - DAG(s) 'bigdata' retrieved from /opt/airflow/dags/bigdata.py
[2024-06-26T14:14:31.339+0000] {logging_mixin.py:188} INFO - [2024-06-26T14:14:31.339+0000] {dag.py:3096} INFO - Sync 1 DAGs
[2024-06-26T14:14:31.347+0000] {logging_mixin.py:188} INFO - [2024-06-26T14:14:31.347+0000] {dag.py:3954} INFO - Setting next_dagrun for bigdata to None, run_after=None
[2024-06-26T14:14:31.357+0000] {processor.py:183} INFO - Processing /opt/airflow/dags/bigdata.py took 0.039 seconds
[2024-06-26T14:14:37.111+0000] {processor.py:161} INFO - Started process (PID=386) to work on /opt/airflow/dags/bigdata.py
[2024-06-26T14:14:37.112+0000] {processor.py:830} INFO - Processing file /opt/airflow/dags/bigdata.py for tasks to queue
[2024-06-26T14:14:37.115+0000] {logging_mixin.py:188} INFO - [2024-06-26T14:14:37.114+0000] {dagbag.py:545} INFO - Filling up the DagBag from /opt/airflow/dags/bigdata.py
[2024-06-26T14:14:37.120+0000] {processor.py:840} INFO - DAG(s) 'bigdata' retrieved from /opt/airflow/dags/bigdata.py
[2024-06-26T14:14:37.134+0000] {logging_mixin.py:188} INFO - [2024-06-26T14:14:37.133+0000] {dag.py:3096} INFO - Sync 1 DAGs
[2024-06-26T14:14:37.140+0000] {logging_mixin.py:188} INFO - [2024-06-26T14:14:37.140+0000] {dag.py:3954} INFO - Setting next_dagrun for bigdata to None, run_after=None
[2024-06-26T14:14:37.150+0000] {processor.py:183} INFO - Processing /opt/airflow/dags/bigdata.py took 0.044 seconds
[2024-06-26T14:14:42.896+0000] {processor.py:161} INFO - Started process (PID=413) to work on /opt/airflow/dags/bigdata.py
[2024-06-26T14:14:42.896+0000] {processor.py:830} INFO - Processing file /opt/airflow/dags/bigdata.py for tasks to queue
[2024-06-26T14:14:42.897+0000] {logging_mixin.py:188} INFO - [2024-06-26T14:14:42.897+0000] {dagbag.py:545} INFO - Filling up the DagBag from /opt/airflow/dags/bigdata.py
[2024-06-26T14:14:42.900+0000] {processor.py:840} INFO - DAG(s) 'bigdata' retrieved from /opt/airflow/dags/bigdata.py
[2024-06-26T14:14:42.913+0000] {logging_mixin.py:188} INFO - [2024-06-26T14:14:42.912+0000] {dag.py:3096} INFO - Sync 1 DAGs
[2024-06-26T14:14:42.919+0000] {logging_mixin.py:188} INFO - [2024-06-26T14:14:42.919+0000] {dag.py:3954} INFO - Setting next_dagrun for bigdata to None, run_after=None
[2024-06-26T14:14:42.930+0000] {processor.py:183} INFO - Processing /opt/airflow/dags/bigdata.py took 0.037 seconds
[2024-06-26T14:14:48.627+0000] {processor.py:161} INFO - Started process (PID=446) to work on /opt/airflow/dags/bigdata.py
[2024-06-26T14:14:48.627+0000] {processor.py:830} INFO - Processing file /opt/airflow/dags/bigdata.py for tasks to queue
[2024-06-26T14:14:48.628+0000] {logging_mixin.py:188} INFO - [2024-06-26T14:14:48.628+0000] {dagbag.py:545} INFO - Filling up the DagBag from /opt/airflow/dags/bigdata.py
[2024-06-26T14:14:48.631+0000] {processor.py:840} INFO - DAG(s) 'bigdata' retrieved from /opt/airflow/dags/bigdata.py
[2024-06-26T14:14:48.645+0000] {logging_mixin.py:188} INFO - [2024-06-26T14:14:48.645+0000] {dag.py:3096} INFO - Sync 1 DAGs
[2024-06-26T14:14:48.652+0000] {logging_mixin.py:188} INFO - [2024-06-26T14:14:48.652+0000] {dag.py:3954} INFO - Setting next_dagrun for bigdata to None, run_after=None
[2024-06-26T14:14:48.662+0000] {processor.py:183} INFO - Processing /opt/airflow/dags/bigdata.py took 0.040 seconds
[2024-06-26T14:14:54.369+0000] {processor.py:161} INFO - Started process (PID=473) to work on /opt/airflow/dags/bigdata.py
[2024-06-26T14:14:54.375+0000] {processor.py:830} INFO - Processing file /opt/airflow/dags/bigdata.py for tasks to queue
[2024-06-26T14:14:54.377+0000] {logging_mixin.py:188} INFO - [2024-06-26T14:14:54.377+0000] {dagbag.py:545} INFO - Filling up the DagBag from /opt/airflow/dags/bigdata.py
[2024-06-26T14:14:54.385+0000] {processor.py:840} INFO - DAG(s) 'bigdata' retrieved from /opt/airflow/dags/bigdata.py
[2024-06-26T14:14:54.399+0000] {logging_mixin.py:188} INFO - [2024-06-26T14:14:54.399+0000] {dag.py:3096} INFO - Sync 1 DAGs
[2024-06-26T14:14:54.406+0000] {logging_mixin.py:188} INFO - [2024-06-26T14:14:54.405+0000] {dag.py:3954} INFO - Setting next_dagrun for bigdata to None, run_after=None
[2024-06-26T14:14:54.416+0000] {processor.py:183} INFO - Processing /opt/airflow/dags/bigdata.py took 0.050 seconds
[2024-06-26T14:15:00.199+0000] {processor.py:161} INFO - Started process (PID=500) to work on /opt/airflow/dags/bigdata.py
[2024-06-26T14:15:00.199+0000] {processor.py:830} INFO - Processing file /opt/airflow/dags/bigdata.py for tasks to queue
[2024-06-26T14:15:00.200+0000] {logging_mixin.py:188} INFO - [2024-06-26T14:15:00.200+0000] {dagbag.py:545} INFO - Filling up the DagBag from /opt/airflow/dags/bigdata.py
[2024-06-26T14:15:00.204+0000] {processor.py:840} INFO - DAG(s) 'bigdata' retrieved from /opt/airflow/dags/bigdata.py
[2024-06-26T14:15:00.216+0000] {logging_mixin.py:188} INFO - [2024-06-26T14:15:00.216+0000] {dag.py:3096} INFO - Sync 1 DAGs
[2024-06-26T14:15:00.224+0000] {logging_mixin.py:188} INFO - [2024-06-26T14:15:00.223+0000] {dag.py:3954} INFO - Setting next_dagrun for bigdata to None, run_after=None
[2024-06-26T14:15:00.233+0000] {processor.py:183} INFO - Processing /opt/airflow/dags/bigdata.py took 0.037 seconds
[2024-06-26T14:15:05.985+0000] {processor.py:161} INFO - Started process (PID=527) to work on /opt/airflow/dags/bigdata.py
[2024-06-26T14:15:05.986+0000] {processor.py:830} INFO - Processing file /opt/airflow/dags/bigdata.py for tasks to queue
[2024-06-26T14:15:05.987+0000] {logging_mixin.py:188} INFO - [2024-06-26T14:15:05.987+0000] {dagbag.py:545} INFO - Filling up the DagBag from /opt/airflow/dags/bigdata.py
[2024-06-26T14:15:05.994+0000] {processor.py:840} INFO - DAG(s) 'bigdata' retrieved from /opt/airflow/dags/bigdata.py
[2024-06-26T14:15:06.006+0000] {logging_mixin.py:188} INFO - [2024-06-26T14:15:06.006+0000] {dag.py:3096} INFO - Sync 1 DAGs
[2024-06-26T14:15:06.013+0000] {logging_mixin.py:188} INFO - [2024-06-26T14:15:06.013+0000] {dag.py:3954} INFO - Setting next_dagrun for bigdata to None, run_after=None
[2024-06-26T14:15:06.023+0000] {processor.py:183} INFO - Processing /opt/airflow/dags/bigdata.py took 0.041 seconds
[2024-06-26T14:15:11.817+0000] {processor.py:161} INFO - Started process (PID=554) to work on /opt/airflow/dags/bigdata.py
[2024-06-26T14:15:11.818+0000] {processor.py:830} INFO - Processing file /opt/airflow/dags/bigdata.py for tasks to queue
[2024-06-26T14:15:11.818+0000] {logging_mixin.py:188} INFO - [2024-06-26T14:15:11.818+0000] {dagbag.py:545} INFO - Filling up the DagBag from /opt/airflow/dags/bigdata.py
[2024-06-26T14:15:11.822+0000] {processor.py:840} INFO - DAG(s) 'bigdata' retrieved from /opt/airflow/dags/bigdata.py
[2024-06-26T14:15:11.835+0000] {logging_mixin.py:188} INFO - [2024-06-26T14:15:11.835+0000] {dag.py:3096} INFO - Sync 1 DAGs
[2024-06-26T14:15:11.841+0000] {logging_mixin.py:188} INFO - [2024-06-26T14:15:11.841+0000] {dag.py:3954} INFO - Setting next_dagrun for bigdata to None, run_after=None
[2024-06-26T14:15:11.851+0000] {processor.py:183} INFO - Processing /opt/airflow/dags/bigdata.py took 0.038 seconds
[2024-06-26T14:15:17.617+0000] {processor.py:161} INFO - Started process (PID=587) to work on /opt/airflow/dags/bigdata.py
[2024-06-26T14:15:17.618+0000] {processor.py:830} INFO - Processing file /opt/airflow/dags/bigdata.py for tasks to queue
[2024-06-26T14:15:17.620+0000] {logging_mixin.py:188} INFO - [2024-06-26T14:15:17.619+0000] {dagbag.py:545} INFO - Filling up the DagBag from /opt/airflow/dags/bigdata.py
[2024-06-26T14:15:17.627+0000] {processor.py:840} INFO - DAG(s) 'bigdata' retrieved from /opt/airflow/dags/bigdata.py
[2024-06-26T14:15:17.646+0000] {logging_mixin.py:188} INFO - [2024-06-26T14:15:17.646+0000] {dag.py:3096} INFO - Sync 1 DAGs
[2024-06-26T14:15:17.654+0000] {logging_mixin.py:188} INFO - [2024-06-26T14:15:17.654+0000] {dag.py:3954} INFO - Setting next_dagrun for bigdata to None, run_after=None
[2024-06-26T14:15:17.665+0000] {processor.py:183} INFO - Processing /opt/airflow/dags/bigdata.py took 0.058 seconds
[2024-06-26T14:15:23.399+0000] {processor.py:161} INFO - Started process (PID=614) to work on /opt/airflow/dags/bigdata.py
[2024-06-26T14:15:23.400+0000] {processor.py:830} INFO - Processing file /opt/airflow/dags/bigdata.py for tasks to queue
[2024-06-26T14:15:23.401+0000] {logging_mixin.py:188} INFO - [2024-06-26T14:15:23.400+0000] {dagbag.py:545} INFO - Filling up the DagBag from /opt/airflow/dags/bigdata.py
[2024-06-26T14:15:23.404+0000] {processor.py:840} INFO - DAG(s) 'bigdata' retrieved from /opt/airflow/dags/bigdata.py
[2024-06-26T14:15:23.417+0000] {logging_mixin.py:188} INFO - [2024-06-26T14:15:23.417+0000] {dag.py:3096} INFO - Sync 1 DAGs
[2024-06-26T14:15:23.425+0000] {logging_mixin.py:188} INFO - [2024-06-26T14:15:23.425+0000] {dag.py:3954} INFO - Setting next_dagrun for bigdata to None, run_after=None
[2024-06-26T14:15:23.436+0000] {processor.py:183} INFO - Processing /opt/airflow/dags/bigdata.py took 0.040 seconds
[2024-06-26T14:15:29.238+0000] {processor.py:161} INFO - Started process (PID=641) to work on /opt/airflow/dags/bigdata.py
[2024-06-26T14:15:29.245+0000] {processor.py:830} INFO - Processing file /opt/airflow/dags/bigdata.py for tasks to queue
[2024-06-26T14:15:29.247+0000] {logging_mixin.py:188} INFO - [2024-06-26T14:15:29.246+0000] {dagbag.py:545} INFO - Filling up the DagBag from /opt/airflow/dags/bigdata.py
[2024-06-26T14:15:29.255+0000] {processor.py:840} INFO - DAG(s) 'bigdata' retrieved from /opt/airflow/dags/bigdata.py
[2024-06-26T14:15:29.268+0000] {logging_mixin.py:188} INFO - [2024-06-26T14:15:29.268+0000] {dag.py:3096} INFO - Sync 1 DAGs
[2024-06-26T14:15:29.275+0000] {logging_mixin.py:188} INFO - [2024-06-26T14:15:29.275+0000] {dag.py:3954} INFO - Setting next_dagrun for bigdata to None, run_after=None
[2024-06-26T14:15:29.285+0000] {processor.py:183} INFO - Processing /opt/airflow/dags/bigdata.py took 0.050 seconds
[2024-06-26T14:15:35.059+0000] {processor.py:161} INFO - Started process (PID=668) to work on /opt/airflow/dags/bigdata.py
[2024-06-26T14:15:35.059+0000] {processor.py:830} INFO - Processing file /opt/airflow/dags/bigdata.py for tasks to queue
[2024-06-26T14:15:35.060+0000] {logging_mixin.py:188} INFO - [2024-06-26T14:15:35.060+0000] {dagbag.py:545} INFO - Filling up the DagBag from /opt/airflow/dags/bigdata.py
[2024-06-26T14:15:35.064+0000] {processor.py:840} INFO - DAG(s) 'bigdata' retrieved from /opt/airflow/dags/bigdata.py
[2024-06-26T14:15:35.078+0000] {logging_mixin.py:188} INFO - [2024-06-26T14:15:35.077+0000] {dag.py:3096} INFO - Sync 1 DAGs
[2024-06-26T14:15:35.084+0000] {logging_mixin.py:188} INFO - [2024-06-26T14:15:35.084+0000] {dag.py:3954} INFO - Setting next_dagrun for bigdata to None, run_after=None
[2024-06-26T14:15:35.095+0000] {processor.py:183} INFO - Processing /opt/airflow/dags/bigdata.py took 0.043 seconds
[2024-06-26T14:15:40.924+0000] {processor.py:161} INFO - Started process (PID=695) to work on /opt/airflow/dags/bigdata.py
[2024-06-26T14:15:40.927+0000] {processor.py:830} INFO - Processing file /opt/airflow/dags/bigdata.py for tasks to queue
[2024-06-26T14:15:40.929+0000] {logging_mixin.py:188} INFO - [2024-06-26T14:15:40.928+0000] {dagbag.py:545} INFO - Filling up the DagBag from /opt/airflow/dags/bigdata.py
[2024-06-26T14:15:40.935+0000] {processor.py:840} INFO - DAG(s) 'bigdata' retrieved from /opt/airflow/dags/bigdata.py
[2024-06-26T14:15:40.951+0000] {logging_mixin.py:188} INFO - [2024-06-26T14:15:40.951+0000] {dag.py:3096} INFO - Sync 1 DAGs
[2024-06-26T14:15:40.961+0000] {logging_mixin.py:188} INFO - [2024-06-26T14:15:40.961+0000] {dag.py:3954} INFO - Setting next_dagrun for bigdata to None, run_after=None
[2024-06-26T14:15:40.973+0000] {processor.py:183} INFO - Processing /opt/airflow/dags/bigdata.py took 0.056 seconds
[2024-06-26T14:15:46.723+0000] {processor.py:161} INFO - Started process (PID=722) to work on /opt/airflow/dags/bigdata.py
[2024-06-26T14:15:46.723+0000] {processor.py:830} INFO - Processing file /opt/airflow/dags/bigdata.py for tasks to queue
[2024-06-26T14:15:46.724+0000] {logging_mixin.py:188} INFO - [2024-06-26T14:15:46.724+0000] {dagbag.py:545} INFO - Filling up the DagBag from /opt/airflow/dags/bigdata.py
[2024-06-26T14:15:46.727+0000] {processor.py:840} INFO - DAG(s) 'bigdata' retrieved from /opt/airflow/dags/bigdata.py
[2024-06-26T14:15:46.740+0000] {logging_mixin.py:188} INFO - [2024-06-26T14:15:46.740+0000] {dag.py:3096} INFO - Sync 1 DAGs
[2024-06-26T14:15:46.748+0000] {logging_mixin.py:188} INFO - [2024-06-26T14:15:46.747+0000] {dag.py:3954} INFO - Setting next_dagrun for bigdata to None, run_after=None
[2024-06-26T14:15:46.757+0000] {processor.py:183} INFO - Processing /opt/airflow/dags/bigdata.py took 0.037 seconds
[2024-06-26T14:15:52.522+0000] {processor.py:161} INFO - Started process (PID=755) to work on /opt/airflow/dags/bigdata.py
[2024-06-26T14:15:52.522+0000] {processor.py:830} INFO - Processing file /opt/airflow/dags/bigdata.py for tasks to queue
[2024-06-26T14:15:52.523+0000] {logging_mixin.py:188} INFO - [2024-06-26T14:15:52.523+0000] {dagbag.py:545} INFO - Filling up the DagBag from /opt/airflow/dags/bigdata.py
[2024-06-26T14:15:52.526+0000] {processor.py:840} INFO - DAG(s) 'bigdata' retrieved from /opt/airflow/dags/bigdata.py
[2024-06-26T14:15:52.539+0000] {logging_mixin.py:188} INFO - [2024-06-26T14:15:52.538+0000] {dag.py:3096} INFO - Sync 1 DAGs
[2024-06-26T14:15:52.545+0000] {logging_mixin.py:188} INFO - [2024-06-26T14:15:52.545+0000] {dag.py:3954} INFO - Setting next_dagrun for bigdata to None, run_after=None
[2024-06-26T14:15:52.555+0000] {processor.py:183} INFO - Processing /opt/airflow/dags/bigdata.py took 0.037 seconds
[2024-06-26T14:15:58.404+0000] {processor.py:161} INFO - Started process (PID=782) to work on /opt/airflow/dags/bigdata.py
[2024-06-26T14:15:58.408+0000] {processor.py:830} INFO - Processing file /opt/airflow/dags/bigdata.py for tasks to queue
[2024-06-26T14:15:58.411+0000] {logging_mixin.py:188} INFO - [2024-06-26T14:15:58.411+0000] {dagbag.py:545} INFO - Filling up the DagBag from /opt/airflow/dags/bigdata.py
[2024-06-26T14:15:58.417+0000] {processor.py:840} INFO - DAG(s) 'bigdata' retrieved from /opt/airflow/dags/bigdata.py
[2024-06-26T14:15:58.432+0000] {logging_mixin.py:188} INFO - [2024-06-26T14:15:58.432+0000] {dag.py:3096} INFO - Sync 1 DAGs
[2024-06-26T14:15:58.439+0000] {logging_mixin.py:188} INFO - [2024-06-26T14:15:58.439+0000] {dag.py:3954} INFO - Setting next_dagrun for bigdata to None, run_after=None
[2024-06-26T14:15:58.452+0000] {processor.py:183} INFO - Processing /opt/airflow/dags/bigdata.py took 0.056 seconds
[2024-06-26T14:16:04.191+0000] {processor.py:161} INFO - Started process (PID=809) to work on /opt/airflow/dags/bigdata.py
[2024-06-26T14:16:04.192+0000] {processor.py:830} INFO - Processing file /opt/airflow/dags/bigdata.py for tasks to queue
[2024-06-26T14:16:04.192+0000] {logging_mixin.py:188} INFO - [2024-06-26T14:16:04.192+0000] {dagbag.py:545} INFO - Filling up the DagBag from /opt/airflow/dags/bigdata.py
[2024-06-26T14:16:04.196+0000] {processor.py:840} INFO - DAG(s) 'bigdata' retrieved from /opt/airflow/dags/bigdata.py
[2024-06-26T14:16:04.209+0000] {logging_mixin.py:188} INFO - [2024-06-26T14:16:04.208+0000] {dag.py:3096} INFO - Sync 1 DAGs
[2024-06-26T14:16:04.216+0000] {logging_mixin.py:188} INFO - [2024-06-26T14:16:04.216+0000] {dag.py:3954} INFO - Setting next_dagrun for bigdata to None, run_after=None
[2024-06-26T14:16:04.226+0000] {processor.py:183} INFO - Processing /opt/airflow/dags/bigdata.py took 0.037 seconds
[2024-06-26T14:16:09.981+0000] {processor.py:161} INFO - Started process (PID=836) to work on /opt/airflow/dags/bigdata.py
[2024-06-26T14:16:09.981+0000] {processor.py:830} INFO - Processing file /opt/airflow/dags/bigdata.py for tasks to queue
[2024-06-26T14:16:09.982+0000] {logging_mixin.py:188} INFO - [2024-06-26T14:16:09.982+0000] {dagbag.py:545} INFO - Filling up the DagBag from /opt/airflow/dags/bigdata.py
[2024-06-26T14:16:09.986+0000] {processor.py:840} INFO - DAG(s) 'bigdata' retrieved from /opt/airflow/dags/bigdata.py
[2024-06-26T14:16:09.998+0000] {logging_mixin.py:188} INFO - [2024-06-26T14:16:09.998+0000] {dag.py:3096} INFO - Sync 1 DAGs
[2024-06-26T14:16:10.006+0000] {logging_mixin.py:188} INFO - [2024-06-26T14:16:10.006+0000] {dag.py:3954} INFO - Setting next_dagrun for bigdata to None, run_after=None
[2024-06-26T14:16:10.016+0000] {processor.py:183} INFO - Processing /opt/airflow/dags/bigdata.py took 0.038 seconds
[2024-06-26T14:16:15.810+0000] {processor.py:161} INFO - Started process (PID=863) to work on /opt/airflow/dags/bigdata.py
[2024-06-26T14:16:15.817+0000] {processor.py:830} INFO - Processing file /opt/airflow/dags/bigdata.py for tasks to queue
[2024-06-26T14:16:15.819+0000] {logging_mixin.py:188} INFO - [2024-06-26T14:16:15.819+0000] {dagbag.py:545} INFO - Filling up the DagBag from /opt/airflow/dags/bigdata.py
[2024-06-26T14:16:15.830+0000] {processor.py:840} INFO - DAG(s) 'bigdata' retrieved from /opt/airflow/dags/bigdata.py
[2024-06-26T14:16:15.844+0000] {logging_mixin.py:188} INFO - [2024-06-26T14:16:15.844+0000] {dag.py:3096} INFO - Sync 1 DAGs
[2024-06-26T14:16:15.850+0000] {logging_mixin.py:188} INFO - [2024-06-26T14:16:15.850+0000] {dag.py:3954} INFO - Setting next_dagrun for bigdata to None, run_after=None
[2024-06-26T14:16:15.860+0000] {processor.py:183} INFO - Processing /opt/airflow/dags/bigdata.py took 0.053 seconds
[2024-06-26T14:16:21.610+0000] {processor.py:161} INFO - Started process (PID=896) to work on /opt/airflow/dags/bigdata.py
[2024-06-26T14:16:21.610+0000] {processor.py:830} INFO - Processing file /opt/airflow/dags/bigdata.py for tasks to queue
[2024-06-26T14:16:21.611+0000] {logging_mixin.py:188} INFO - [2024-06-26T14:16:21.611+0000] {dagbag.py:545} INFO - Filling up the DagBag from /opt/airflow/dags/bigdata.py
[2024-06-26T14:16:21.615+0000] {processor.py:840} INFO - DAG(s) 'bigdata' retrieved from /opt/airflow/dags/bigdata.py
[2024-06-26T14:16:21.627+0000] {logging_mixin.py:188} INFO - [2024-06-26T14:16:21.627+0000] {dag.py:3096} INFO - Sync 1 DAGs
[2024-06-26T14:16:21.634+0000] {logging_mixin.py:188} INFO - [2024-06-26T14:16:21.634+0000] {dag.py:3954} INFO - Setting next_dagrun for bigdata to None, run_after=None
[2024-06-26T14:16:21.644+0000] {processor.py:183} INFO - Processing /opt/airflow/dags/bigdata.py took 0.037 seconds
[2024-06-26T14:16:27.355+0000] {processor.py:161} INFO - Started process (PID=923) to work on /opt/airflow/dags/bigdata.py
[2024-06-26T14:16:27.356+0000] {processor.py:830} INFO - Processing file /opt/airflow/dags/bigdata.py for tasks to queue
[2024-06-26T14:16:27.357+0000] {logging_mixin.py:188} INFO - [2024-06-26T14:16:27.357+0000] {dagbag.py:545} INFO - Filling up the DagBag from /opt/airflow/dags/bigdata.py
[2024-06-26T14:16:27.362+0000] {processor.py:840} INFO - DAG(s) 'bigdata' retrieved from /opt/airflow/dags/bigdata.py
[2024-06-26T14:16:27.379+0000] {logging_mixin.py:188} INFO - [2024-06-26T14:16:27.379+0000] {dag.py:3096} INFO - Sync 1 DAGs
[2024-06-26T14:16:27.389+0000] {logging_mixin.py:188} INFO - [2024-06-26T14:16:27.389+0000] {dag.py:3954} INFO - Setting next_dagrun for bigdata to None, run_after=None
[2024-06-26T14:16:27.401+0000] {processor.py:183} INFO - Processing /opt/airflow/dags/bigdata.py took 0.049 seconds
[2024-06-26T14:16:33.208+0000] {processor.py:161} INFO - Started process (PID=950) to work on /opt/airflow/dags/bigdata.py
[2024-06-26T14:16:33.208+0000] {processor.py:830} INFO - Processing file /opt/airflow/dags/bigdata.py for tasks to queue
[2024-06-26T14:16:33.210+0000] {logging_mixin.py:188} INFO - [2024-06-26T14:16:33.209+0000] {dagbag.py:545} INFO - Filling up the DagBag from /opt/airflow/dags/bigdata.py
[2024-06-26T14:16:33.213+0000] {processor.py:840} INFO - DAG(s) 'bigdata' retrieved from /opt/airflow/dags/bigdata.py
[2024-06-26T14:16:33.226+0000] {logging_mixin.py:188} INFO - [2024-06-26T14:16:33.226+0000] {dag.py:3096} INFO - Sync 1 DAGs
[2024-06-26T14:16:33.233+0000] {logging_mixin.py:188} INFO - [2024-06-26T14:16:33.233+0000] {dag.py:3954} INFO - Setting next_dagrun for bigdata to None, run_after=None
[2024-06-26T14:16:33.249+0000] {processor.py:183} INFO - Processing /opt/airflow/dags/bigdata.py took 0.046 seconds
[2024-06-26T14:16:39.006+0000] {processor.py:161} INFO - Started process (PID=977) to work on /opt/airflow/dags/bigdata.py
[2024-06-26T14:16:39.006+0000] {processor.py:830} INFO - Processing file /opt/airflow/dags/bigdata.py for tasks to queue
[2024-06-26T14:16:39.007+0000] {logging_mixin.py:188} INFO - [2024-06-26T14:16:39.007+0000] {dagbag.py:545} INFO - Filling up the DagBag from /opt/airflow/dags/bigdata.py
[2024-06-26T14:16:39.011+0000] {processor.py:840} INFO - DAG(s) 'bigdata' retrieved from /opt/airflow/dags/bigdata.py
[2024-06-26T14:16:39.024+0000] {logging_mixin.py:188} INFO - [2024-06-26T14:16:39.024+0000] {dag.py:3096} INFO - Sync 1 DAGs
[2024-06-26T14:16:39.032+0000] {logging_mixin.py:188} INFO - [2024-06-26T14:16:39.032+0000] {dag.py:3954} INFO - Setting next_dagrun for bigdata to None, run_after=None
[2024-06-26T14:16:39.041+0000] {processor.py:183} INFO - Processing /opt/airflow/dags/bigdata.py took 0.039 seconds
[2024-06-26T14:16:44.776+0000] {processor.py:161} INFO - Started process (PID=1004) to work on /opt/airflow/dags/bigdata.py
[2024-06-26T14:16:44.782+0000] {processor.py:830} INFO - Processing file /opt/airflow/dags/bigdata.py for tasks to queue
[2024-06-26T14:16:44.785+0000] {logging_mixin.py:188} INFO - [2024-06-26T14:16:44.785+0000] {dagbag.py:545} INFO - Filling up the DagBag from /opt/airflow/dags/bigdata.py
[2024-06-26T14:16:44.793+0000] {processor.py:840} INFO - DAG(s) 'bigdata' retrieved from /opt/airflow/dags/bigdata.py
[2024-06-26T14:16:44.808+0000] {logging_mixin.py:188} INFO - [2024-06-26T14:16:44.807+0000] {dag.py:3096} INFO - Sync 1 DAGs
[2024-06-26T14:16:44.814+0000] {logging_mixin.py:188} INFO - [2024-06-26T14:16:44.814+0000] {dag.py:3954} INFO - Setting next_dagrun for bigdata to None, run_after=None
[2024-06-26T14:16:44.824+0000] {processor.py:183} INFO - Processing /opt/airflow/dags/bigdata.py took 0.052 seconds
[2024-06-26T14:16:50.628+0000] {processor.py:161} INFO - Started process (PID=1037) to work on /opt/airflow/dags/bigdata.py
[2024-06-26T14:16:50.629+0000] {processor.py:830} INFO - Processing file /opt/airflow/dags/bigdata.py for tasks to queue
[2024-06-26T14:16:50.630+0000] {logging_mixin.py:188} INFO - [2024-06-26T14:16:50.630+0000] {dagbag.py:545} INFO - Filling up the DagBag from /opt/airflow/dags/bigdata.py
[2024-06-26T14:16:50.633+0000] {processor.py:840} INFO - DAG(s) 'bigdata' retrieved from /opt/airflow/dags/bigdata.py
[2024-06-26T14:16:50.647+0000] {logging_mixin.py:188} INFO - [2024-06-26T14:16:50.647+0000] {dag.py:3096} INFO - Sync 1 DAGs
[2024-06-26T14:16:50.653+0000] {logging_mixin.py:188} INFO - [2024-06-26T14:16:50.653+0000] {dag.py:3954} INFO - Setting next_dagrun for bigdata to None, run_after=None
[2024-06-26T14:16:50.663+0000] {processor.py:183} INFO - Processing /opt/airflow/dags/bigdata.py took 0.038 seconds
[2024-06-26T14:16:56.391+0000] {processor.py:161} INFO - Started process (PID=1064) to work on /opt/airflow/dags/bigdata.py
[2024-06-26T14:16:56.392+0000] {processor.py:830} INFO - Processing file /opt/airflow/dags/bigdata.py for tasks to queue
[2024-06-26T14:16:56.393+0000] {logging_mixin.py:188} INFO - [2024-06-26T14:16:56.393+0000] {dagbag.py:545} INFO - Filling up the DagBag from /opt/airflow/dags/bigdata.py
[2024-06-26T14:16:56.396+0000] {processor.py:840} INFO - DAG(s) 'bigdata' retrieved from /opt/airflow/dags/bigdata.py
[2024-06-26T14:16:56.408+0000] {logging_mixin.py:188} INFO - [2024-06-26T14:16:56.408+0000] {dag.py:3096} INFO - Sync 1 DAGs
[2024-06-26T14:16:56.415+0000] {logging_mixin.py:188} INFO - [2024-06-26T14:16:56.415+0000] {dag.py:3954} INFO - Setting next_dagrun for bigdata to None, run_after=None
[2024-06-26T14:16:56.427+0000] {processor.py:183} INFO - Processing /opt/airflow/dags/bigdata.py took 0.038 seconds
[2024-06-26T14:17:02.264+0000] {processor.py:161} INFO - Started process (PID=1091) to work on /opt/airflow/dags/bigdata.py
[2024-06-26T14:17:02.270+0000] {processor.py:830} INFO - Processing file /opt/airflow/dags/bigdata.py for tasks to queue
[2024-06-26T14:17:02.271+0000] {logging_mixin.py:188} INFO - [2024-06-26T14:17:02.271+0000] {dagbag.py:545} INFO - Filling up the DagBag from /opt/airflow/dags/bigdata.py
[2024-06-26T14:17:02.275+0000] {processor.py:840} INFO - DAG(s) 'bigdata' retrieved from /opt/airflow/dags/bigdata.py
[2024-06-26T14:17:02.288+0000] {logging_mixin.py:188} INFO - [2024-06-26T14:17:02.288+0000] {dag.py:3096} INFO - Sync 1 DAGs
[2024-06-26T14:17:02.295+0000] {logging_mixin.py:188} INFO - [2024-06-26T14:17:02.295+0000] {dag.py:3954} INFO - Setting next_dagrun for bigdata to None, run_after=None
[2024-06-26T14:17:02.305+0000] {processor.py:183} INFO - Processing /opt/airflow/dags/bigdata.py took 0.044 seconds
[2024-06-26T14:17:07.993+0000] {processor.py:161} INFO - Started process (PID=1118) to work on /opt/airflow/dags/bigdata.py
[2024-06-26T14:17:07.993+0000] {processor.py:830} INFO - Processing file /opt/airflow/dags/bigdata.py for tasks to queue
[2024-06-26T14:17:07.994+0000] {logging_mixin.py:188} INFO - [2024-06-26T14:17:07.994+0000] {dagbag.py:545} INFO - Filling up the DagBag from /opt/airflow/dags/bigdata.py
[2024-06-26T14:17:07.998+0000] {processor.py:840} INFO - DAG(s) 'bigdata' retrieved from /opt/airflow/dags/bigdata.py
[2024-06-26T14:17:08.010+0000] {logging_mixin.py:188} INFO - [2024-06-26T14:17:08.010+0000] {dag.py:3096} INFO - Sync 1 DAGs
[2024-06-26T14:17:08.018+0000] {logging_mixin.py:188} INFO - [2024-06-26T14:17:08.017+0000] {dag.py:3954} INFO - Setting next_dagrun for bigdata to None, run_after=None
[2024-06-26T14:17:08.029+0000] {processor.py:183} INFO - Processing /opt/airflow/dags/bigdata.py took 0.040 seconds
[2024-06-26T14:17:13.829+0000] {processor.py:161} INFO - Started process (PID=1145) to work on /opt/airflow/dags/bigdata.py
[2024-06-26T14:17:13.830+0000] {processor.py:830} INFO - Processing file /opt/airflow/dags/bigdata.py for tasks to queue
[2024-06-26T14:17:13.831+0000] {logging_mixin.py:188} INFO - [2024-06-26T14:17:13.830+0000] {dagbag.py:545} INFO - Filling up the DagBag from /opt/airflow/dags/bigdata.py
[2024-06-26T14:17:13.834+0000] {processor.py:840} INFO - DAG(s) 'bigdata' retrieved from /opt/airflow/dags/bigdata.py
[2024-06-26T14:17:13.846+0000] {logging_mixin.py:188} INFO - [2024-06-26T14:17:13.846+0000] {dag.py:3096} INFO - Sync 1 DAGs
[2024-06-26T14:17:13.853+0000] {logging_mixin.py:188} INFO - [2024-06-26T14:17:13.853+0000] {dag.py:3954} INFO - Setting next_dagrun for bigdata to None, run_after=None
[2024-06-26T14:17:13.862+0000] {processor.py:183} INFO - Processing /opt/airflow/dags/bigdata.py took 0.036 seconds
[2024-06-26T14:17:19.608+0000] {processor.py:161} INFO - Started process (PID=1178) to work on /opt/airflow/dags/bigdata.py
[2024-06-26T14:17:19.614+0000] {processor.py:830} INFO - Processing file /opt/airflow/dags/bigdata.py for tasks to queue
[2024-06-26T14:17:19.615+0000] {logging_mixin.py:188} INFO - [2024-06-26T14:17:19.615+0000] {dagbag.py:545} INFO - Filling up the DagBag from /opt/airflow/dags/bigdata.py
[2024-06-26T14:17:19.619+0000] {processor.py:840} INFO - DAG(s) 'bigdata' retrieved from /opt/airflow/dags/bigdata.py
[2024-06-26T14:17:19.632+0000] {logging_mixin.py:188} INFO - [2024-06-26T14:17:19.632+0000] {dag.py:3096} INFO - Sync 1 DAGs
[2024-06-26T14:17:19.639+0000] {logging_mixin.py:188} INFO - [2024-06-26T14:17:19.639+0000] {dag.py:3954} INFO - Setting next_dagrun for bigdata to None, run_after=None
[2024-06-26T14:17:19.648+0000] {processor.py:183} INFO - Processing /opt/airflow/dags/bigdata.py took 0.043 seconds
[2024-06-26T14:17:25.353+0000] {processor.py:161} INFO - Started process (PID=1205) to work on /opt/airflow/dags/bigdata.py
[2024-06-26T14:17:25.353+0000] {processor.py:830} INFO - Processing file /opt/airflow/dags/bigdata.py for tasks to queue
[2024-06-26T14:17:25.354+0000] {logging_mixin.py:188} INFO - [2024-06-26T14:17:25.354+0000] {dagbag.py:545} INFO - Filling up the DagBag from /opt/airflow/dags/bigdata.py
[2024-06-26T14:17:25.357+0000] {processor.py:840} INFO - DAG(s) 'bigdata' retrieved from /opt/airflow/dags/bigdata.py
[2024-06-26T14:17:25.369+0000] {logging_mixin.py:188} INFO - [2024-06-26T14:17:25.369+0000] {dag.py:3096} INFO - Sync 1 DAGs
[2024-06-26T14:17:25.376+0000] {logging_mixin.py:188} INFO - [2024-06-26T14:17:25.376+0000] {dag.py:3954} INFO - Setting next_dagrun for bigdata to None, run_after=None
[2024-06-26T14:17:25.385+0000] {processor.py:183} INFO - Processing /opt/airflow/dags/bigdata.py took 0.036 seconds
[2024-06-26T14:17:31.057+0000] {processor.py:161} INFO - Started process (PID=1232) to work on /opt/airflow/dags/bigdata.py
[2024-06-26T14:17:31.057+0000] {processor.py:830} INFO - Processing file /opt/airflow/dags/bigdata.py for tasks to queue
[2024-06-26T14:17:31.058+0000] {logging_mixin.py:188} INFO - [2024-06-26T14:17:31.058+0000] {dagbag.py:545} INFO - Filling up the DagBag from /opt/airflow/dags/bigdata.py
[2024-06-26T14:17:31.062+0000] {processor.py:840} INFO - DAG(s) 'bigdata' retrieved from /opt/airflow/dags/bigdata.py
[2024-06-26T14:17:31.075+0000] {logging_mixin.py:188} INFO - [2024-06-26T14:17:31.075+0000] {dag.py:3096} INFO - Sync 1 DAGs
[2024-06-26T14:17:31.082+0000] {logging_mixin.py:188} INFO - [2024-06-26T14:17:31.082+0000] {dag.py:3954} INFO - Setting next_dagrun for bigdata to None, run_after=None
[2024-06-26T14:17:31.092+0000] {processor.py:183} INFO - Processing /opt/airflow/dags/bigdata.py took 0.038 seconds
[2024-06-26T14:17:36.819+0000] {processor.py:161} INFO - Started process (PID=1259) to work on /opt/airflow/dags/bigdata.py
[2024-06-26T14:17:36.819+0000] {processor.py:830} INFO - Processing file /opt/airflow/dags/bigdata.py for tasks to queue
[2024-06-26T14:17:36.820+0000] {logging_mixin.py:188} INFO - [2024-06-26T14:17:36.820+0000] {dagbag.py:545} INFO - Filling up the DagBag from /opt/airflow/dags/bigdata.py
[2024-06-26T14:17:36.823+0000] {processor.py:840} INFO - DAG(s) 'bigdata' retrieved from /opt/airflow/dags/bigdata.py
[2024-06-26T14:17:36.836+0000] {logging_mixin.py:188} INFO - [2024-06-26T14:17:36.835+0000] {dag.py:3096} INFO - Sync 1 DAGs
[2024-06-26T14:17:36.842+0000] {logging_mixin.py:188} INFO - [2024-06-26T14:17:36.842+0000] {dag.py:3954} INFO - Setting next_dagrun for bigdata to None, run_after=None
[2024-06-26T14:17:36.851+0000] {processor.py:183} INFO - Processing /opt/airflow/dags/bigdata.py took 0.034 seconds
[2024-06-26T14:17:42.557+0000] {processor.py:161} INFO - Started process (PID=1286) to work on /opt/airflow/dags/bigdata.py
[2024-06-26T14:17:42.557+0000] {processor.py:830} INFO - Processing file /opt/airflow/dags/bigdata.py for tasks to queue
[2024-06-26T14:17:42.558+0000] {logging_mixin.py:188} INFO - [2024-06-26T14:17:42.558+0000] {dagbag.py:545} INFO - Filling up the DagBag from /opt/airflow/dags/bigdata.py
[2024-06-26T14:17:42.561+0000] {processor.py:840} INFO - DAG(s) 'bigdata' retrieved from /opt/airflow/dags/bigdata.py
[2024-06-26T14:17:42.574+0000] {logging_mixin.py:188} INFO - [2024-06-26T14:17:42.574+0000] {dag.py:3096} INFO - Sync 1 DAGs
[2024-06-26T14:17:42.580+0000] {logging_mixin.py:188} INFO - [2024-06-26T14:17:42.580+0000] {dag.py:3954} INFO - Setting next_dagrun for bigdata to None, run_after=None
[2024-06-26T14:17:42.590+0000] {processor.py:183} INFO - Processing /opt/airflow/dags/bigdata.py took 0.036 seconds
[2024-06-26T14:17:48.359+0000] {processor.py:161} INFO - Started process (PID=1319) to work on /opt/airflow/dags/bigdata.py
[2024-06-26T14:17:48.366+0000] {processor.py:830} INFO - Processing file /opt/airflow/dags/bigdata.py for tasks to queue
[2024-06-26T14:17:48.368+0000] {logging_mixin.py:188} INFO - [2024-06-26T14:17:48.368+0000] {dagbag.py:545} INFO - Filling up the DagBag from /opt/airflow/dags/bigdata.py
[2024-06-26T14:17:48.375+0000] {processor.py:840} INFO - DAG(s) 'bigdata' retrieved from /opt/airflow/dags/bigdata.py
[2024-06-26T14:17:48.389+0000] {logging_mixin.py:188} INFO - [2024-06-26T14:17:48.389+0000] {dag.py:3096} INFO - Sync 1 DAGs
[2024-06-26T14:17:48.396+0000] {logging_mixin.py:188} INFO - [2024-06-26T14:17:48.396+0000] {dag.py:3954} INFO - Setting next_dagrun for bigdata to None, run_after=None
[2024-06-26T14:17:48.405+0000] {processor.py:183} INFO - Processing /opt/airflow/dags/bigdata.py took 0.048 seconds
[2024-06-26T14:17:54.134+0000] {processor.py:161} INFO - Started process (PID=1346) to work on /opt/airflow/dags/bigdata.py
[2024-06-26T14:17:54.134+0000] {processor.py:830} INFO - Processing file /opt/airflow/dags/bigdata.py for tasks to queue
[2024-06-26T14:17:54.135+0000] {logging_mixin.py:188} INFO - [2024-06-26T14:17:54.135+0000] {dagbag.py:545} INFO - Filling up the DagBag from /opt/airflow/dags/bigdata.py
[2024-06-26T14:17:54.139+0000] {processor.py:840} INFO - DAG(s) 'bigdata' retrieved from /opt/airflow/dags/bigdata.py
[2024-06-26T14:17:54.161+0000] {logging_mixin.py:188} INFO - [2024-06-26T14:17:54.161+0000] {dag.py:3096} INFO - Sync 1 DAGs
[2024-06-26T14:17:54.170+0000] {logging_mixin.py:188} INFO - [2024-06-26T14:17:54.169+0000] {dag.py:3954} INFO - Setting next_dagrun for bigdata to None, run_after=None
[2024-06-26T14:17:54.179+0000] {processor.py:183} INFO - Processing /opt/airflow/dags/bigdata.py took 0.048 seconds
[2024-06-26T14:17:59.868+0000] {processor.py:161} INFO - Started process (PID=1373) to work on /opt/airflow/dags/bigdata.py
[2024-06-26T14:17:59.868+0000] {processor.py:830} INFO - Processing file /opt/airflow/dags/bigdata.py for tasks to queue
[2024-06-26T14:17:59.869+0000] {logging_mixin.py:188} INFO - [2024-06-26T14:17:59.869+0000] {dagbag.py:545} INFO - Filling up the DagBag from /opt/airflow/dags/bigdata.py
[2024-06-26T14:17:59.872+0000] {processor.py:840} INFO - DAG(s) 'bigdata' retrieved from /opt/airflow/dags/bigdata.py
[2024-06-26T14:17:59.885+0000] {logging_mixin.py:188} INFO - [2024-06-26T14:17:59.884+0000] {dag.py:3096} INFO - Sync 1 DAGs
[2024-06-26T14:17:59.892+0000] {logging_mixin.py:188} INFO - [2024-06-26T14:17:59.892+0000] {dag.py:3954} INFO - Setting next_dagrun for bigdata to None, run_after=None
[2024-06-26T14:17:59.901+0000] {processor.py:183} INFO - Processing /opt/airflow/dags/bigdata.py took 0.036 seconds
[2024-06-26T14:18:05.608+0000] {processor.py:161} INFO - Started process (PID=1400) to work on /opt/airflow/dags/bigdata.py
[2024-06-26T14:18:05.609+0000] {processor.py:830} INFO - Processing file /opt/airflow/dags/bigdata.py for tasks to queue
[2024-06-26T14:18:05.610+0000] {logging_mixin.py:188} INFO - [2024-06-26T14:18:05.609+0000] {dagbag.py:545} INFO - Filling up the DagBag from /opt/airflow/dags/bigdata.py
[2024-06-26T14:18:05.614+0000] {processor.py:840} INFO - DAG(s) 'bigdata' retrieved from /opt/airflow/dags/bigdata.py
[2024-06-26T14:18:05.628+0000] {logging_mixin.py:188} INFO - [2024-06-26T14:18:05.628+0000] {dag.py:3096} INFO - Sync 1 DAGs
[2024-06-26T14:18:05.635+0000] {logging_mixin.py:188} INFO - [2024-06-26T14:18:05.635+0000] {dag.py:3954} INFO - Setting next_dagrun for bigdata to None, run_after=None
[2024-06-26T14:18:05.645+0000] {processor.py:183} INFO - Processing /opt/airflow/dags/bigdata.py took 0.040 seconds
