[2024-06-26T14:13:29.172+0000] {processor.py:161} INFO - Started process (PID=44) to work on /opt/airflow/dags/brachs.py
[2024-06-26T14:13:29.173+0000] {processor.py:830} INFO - Processing file /opt/airflow/dags/brachs.py for tasks to queue
[2024-06-26T14:13:29.174+0000] {logging_mixin.py:188} INFO - [2024-06-26T14:13:29.174+0000] {dagbag.py:545} INFO - Filling up the DagBag from /opt/airflow/dags/brachs.py
[2024-06-26T14:13:29.186+0000] {logging_mixin.py:188} WARNING - /home/airflow/.local/lib/python3.12/site-packages/airflow/models/baseoperator.py:485 RemovedInAirflow3Warning: provide_context is deprecated as of 2.0 and is no longer required
[2024-06-26T14:13:29.189+0000] {processor.py:840} INFO - DAG(s) 'branchtest' retrieved from /opt/airflow/dags/brachs.py
[2024-06-26T14:13:29.252+0000] {logging_mixin.py:188} INFO - [2024-06-26T14:13:29.252+0000] {dag.py:3096} INFO - Sync 1 DAGs
[2024-06-26T14:13:29.258+0000] {logging_mixin.py:188} INFO - [2024-06-26T14:13:29.258+0000] {dag.py:3954} INFO - Setting next_dagrun for branchtest to None, run_after=None
[2024-06-26T14:13:29.269+0000] {processor.py:183} INFO - Processing /opt/airflow/dags/brachs.py took 0.101 seconds
[2024-06-26T14:13:34.319+0000] {processor.py:161} INFO - Started process (PID=71) to work on /opt/airflow/dags/brachs.py
[2024-06-26T14:13:34.320+0000] {processor.py:830} INFO - Processing file /opt/airflow/dags/brachs.py for tasks to queue
[2024-06-26T14:13:34.321+0000] {logging_mixin.py:188} INFO - [2024-06-26T14:13:34.320+0000] {dagbag.py:545} INFO - Filling up the DagBag from /opt/airflow/dags/brachs.py
[2024-06-26T14:13:34.329+0000] {logging_mixin.py:188} WARNING - /home/airflow/.local/lib/python3.12/site-packages/airflow/models/baseoperator.py:485 RemovedInAirflow3Warning: provide_context is deprecated as of 2.0 and is no longer required
[2024-06-26T14:13:34.331+0000] {processor.py:840} INFO - DAG(s) 'branchtest' retrieved from /opt/airflow/dags/brachs.py
[2024-06-26T14:13:34.337+0000] {logging_mixin.py:188} INFO - [2024-06-26T14:13:34.337+0000] {dag.py:3096} INFO - Sync 1 DAGs
[2024-06-26T14:13:34.344+0000] {logging_mixin.py:188} INFO - [2024-06-26T14:13:34.344+0000] {dag.py:3954} INFO - Setting next_dagrun for branchtest to None, run_after=None
[2024-06-26T14:13:34.353+0000] {processor.py:183} INFO - Processing /opt/airflow/dags/brachs.py took 0.037 seconds
[2024-06-26T14:13:39.889+0000] {processor.py:161} INFO - Started process (PID=98) to work on /opt/airflow/dags/brachs.py
[2024-06-26T14:13:39.889+0000] {processor.py:830} INFO - Processing file /opt/airflow/dags/brachs.py for tasks to queue
[2024-06-26T14:13:39.890+0000] {logging_mixin.py:188} INFO - [2024-06-26T14:13:39.890+0000] {dagbag.py:545} INFO - Filling up the DagBag from /opt/airflow/dags/brachs.py
[2024-06-26T14:13:39.897+0000] {logging_mixin.py:188} WARNING - /home/airflow/.local/lib/python3.12/site-packages/airflow/models/baseoperator.py:485 RemovedInAirflow3Warning: provide_context is deprecated as of 2.0 and is no longer required
[2024-06-26T14:13:39.899+0000] {processor.py:840} INFO - DAG(s) 'branchtest' retrieved from /opt/airflow/dags/brachs.py
[2024-06-26T14:13:39.905+0000] {logging_mixin.py:188} INFO - [2024-06-26T14:13:39.905+0000] {dag.py:3096} INFO - Sync 1 DAGs
[2024-06-26T14:13:39.912+0000] {logging_mixin.py:188} INFO - [2024-06-26T14:13:39.912+0000] {dag.py:3954} INFO - Setting next_dagrun for branchtest to None, run_after=None
[2024-06-26T14:13:39.921+0000] {processor.py:183} INFO - Processing /opt/airflow/dags/brachs.py took 0.035 seconds
[2024-06-26T14:13:44.979+0000] {processor.py:161} INFO - Started process (PID=125) to work on /opt/airflow/dags/brachs.py
[2024-06-26T14:13:44.980+0000] {processor.py:830} INFO - Processing file /opt/airflow/dags/brachs.py for tasks to queue
[2024-06-26T14:13:44.981+0000] {logging_mixin.py:188} INFO - [2024-06-26T14:13:44.981+0000] {dagbag.py:545} INFO - Filling up the DagBag from /opt/airflow/dags/brachs.py
[2024-06-26T14:13:44.988+0000] {logging_mixin.py:188} WARNING - /home/airflow/.local/lib/python3.12/site-packages/airflow/models/baseoperator.py:485 RemovedInAirflow3Warning: provide_context is deprecated as of 2.0 and is no longer required
[2024-06-26T14:13:44.990+0000] {processor.py:840} INFO - DAG(s) 'branchtest' retrieved from /opt/airflow/dags/brachs.py
[2024-06-26T14:13:44.996+0000] {logging_mixin.py:188} INFO - [2024-06-26T14:13:44.996+0000] {dag.py:3096} INFO - Sync 1 DAGs
[2024-06-26T14:13:45.002+0000] {logging_mixin.py:188} INFO - [2024-06-26T14:13:45.002+0000] {dag.py:3954} INFO - Setting next_dagrun for branchtest to None, run_after=None
[2024-06-26T14:13:45.012+0000] {processor.py:183} INFO - Processing /opt/airflow/dags/brachs.py took 0.036 seconds
[2024-06-26T14:13:50.673+0000] {processor.py:161} INFO - Started process (PID=158) to work on /opt/airflow/dags/brachs.py
[2024-06-26T14:13:50.674+0000] {processor.py:830} INFO - Processing file /opt/airflow/dags/brachs.py for tasks to queue
[2024-06-26T14:13:50.675+0000] {logging_mixin.py:188} INFO - [2024-06-26T14:13:50.674+0000] {dagbag.py:545} INFO - Filling up the DagBag from /opt/airflow/dags/brachs.py
[2024-06-26T14:13:50.682+0000] {logging_mixin.py:188} WARNING - /home/airflow/.local/lib/python3.12/site-packages/airflow/models/baseoperator.py:485 RemovedInAirflow3Warning: provide_context is deprecated as of 2.0 and is no longer required
[2024-06-26T14:13:50.684+0000] {processor.py:840} INFO - DAG(s) 'branchtest' retrieved from /opt/airflow/dags/brachs.py
[2024-06-26T14:13:50.689+0000] {logging_mixin.py:188} INFO - [2024-06-26T14:13:50.689+0000] {dag.py:3096} INFO - Sync 1 DAGs
[2024-06-26T14:13:50.696+0000] {logging_mixin.py:188} INFO - [2024-06-26T14:13:50.696+0000] {dag.py:3954} INFO - Setting next_dagrun for branchtest to None, run_after=None
[2024-06-26T14:13:50.706+0000] {processor.py:183} INFO - Processing /opt/airflow/dags/brachs.py took 0.036 seconds
[2024-06-26T14:13:56.567+0000] {processor.py:161} INFO - Started process (PID=198) to work on /opt/airflow/dags/brachs.py
[2024-06-26T14:13:56.568+0000] {processor.py:830} INFO - Processing file /opt/airflow/dags/brachs.py for tasks to queue
[2024-06-26T14:13:56.570+0000] {logging_mixin.py:188} INFO - [2024-06-26T14:13:56.570+0000] {dagbag.py:545} INFO - Filling up the DagBag from /opt/airflow/dags/brachs.py
[2024-06-26T14:13:56.595+0000] {logging_mixin.py:188} WARNING - /home/airflow/.local/lib/python3.12/site-packages/airflow/models/baseoperator.py:485 RemovedInAirflow3Warning: provide_context is deprecated as of 2.0 and is no longer required
[2024-06-26T14:13:56.603+0000] {processor.py:840} INFO - DAG(s) 'branchtest' retrieved from /opt/airflow/dags/brachs.py
[2024-06-26T14:13:56.622+0000] {logging_mixin.py:188} INFO - [2024-06-26T14:13:56.622+0000] {dag.py:3096} INFO - Sync 1 DAGs
[2024-06-26T14:13:56.645+0000] {logging_mixin.py:188} INFO - [2024-06-26T14:13:56.645+0000] {dag.py:3954} INFO - Setting next_dagrun for branchtest to None, run_after=None
[2024-06-26T14:13:56.672+0000] {processor.py:183} INFO - Processing /opt/airflow/dags/brachs.py took 0.113 seconds
[2024-06-26T14:14:02.391+0000] {processor.py:161} INFO - Started process (PID=225) to work on /opt/airflow/dags/brachs.py
[2024-06-26T14:14:02.391+0000] {processor.py:830} INFO - Processing file /opt/airflow/dags/brachs.py for tasks to queue
[2024-06-26T14:14:02.392+0000] {logging_mixin.py:188} INFO - [2024-06-26T14:14:02.392+0000] {dagbag.py:545} INFO - Filling up the DagBag from /opt/airflow/dags/brachs.py
[2024-06-26T14:14:02.400+0000] {logging_mixin.py:188} WARNING - /home/airflow/.local/lib/python3.12/site-packages/airflow/models/baseoperator.py:485 RemovedInAirflow3Warning: provide_context is deprecated as of 2.0 and is no longer required
[2024-06-26T14:14:02.402+0000] {processor.py:840} INFO - DAG(s) 'branchtest' retrieved from /opt/airflow/dags/brachs.py
[2024-06-26T14:14:02.415+0000] {logging_mixin.py:188} INFO - [2024-06-26T14:14:02.414+0000] {dag.py:3096} INFO - Sync 1 DAGs
[2024-06-26T14:14:02.422+0000] {logging_mixin.py:188} INFO - [2024-06-26T14:14:02.422+0000] {dag.py:3954} INFO - Setting next_dagrun for branchtest to None, run_after=None
[2024-06-26T14:14:02.432+0000] {processor.py:183} INFO - Processing /opt/airflow/dags/brachs.py took 0.044 seconds
[2024-06-26T14:14:08.165+0000] {processor.py:161} INFO - Started process (PID=252) to work on /opt/airflow/dags/brachs.py
[2024-06-26T14:14:08.166+0000] {processor.py:830} INFO - Processing file /opt/airflow/dags/brachs.py for tasks to queue
[2024-06-26T14:14:08.167+0000] {logging_mixin.py:188} INFO - [2024-06-26T14:14:08.166+0000] {dagbag.py:545} INFO - Filling up the DagBag from /opt/airflow/dags/brachs.py
[2024-06-26T14:14:08.175+0000] {logging_mixin.py:188} WARNING - /home/airflow/.local/lib/python3.12/site-packages/airflow/models/baseoperator.py:485 RemovedInAirflow3Warning: provide_context is deprecated as of 2.0 and is no longer required
[2024-06-26T14:14:08.177+0000] {processor.py:840} INFO - DAG(s) 'branchtest' retrieved from /opt/airflow/dags/brachs.py
[2024-06-26T14:14:08.193+0000] {logging_mixin.py:188} INFO - [2024-06-26T14:14:08.193+0000] {dag.py:3096} INFO - Sync 1 DAGs
[2024-06-26T14:14:08.201+0000] {logging_mixin.py:188} INFO - [2024-06-26T14:14:08.200+0000] {dag.py:3954} INFO - Setting next_dagrun for branchtest to None, run_after=None
[2024-06-26T14:14:08.212+0000] {processor.py:183} INFO - Processing /opt/airflow/dags/brachs.py took 0.049 seconds
[2024-06-26T14:14:14.118+0000] {processor.py:161} INFO - Started process (PID=279) to work on /opt/airflow/dags/brachs.py
[2024-06-26T14:14:14.118+0000] {processor.py:830} INFO - Processing file /opt/airflow/dags/brachs.py for tasks to queue
[2024-06-26T14:14:14.119+0000] {logging_mixin.py:188} INFO - [2024-06-26T14:14:14.119+0000] {dagbag.py:545} INFO - Filling up the DagBag from /opt/airflow/dags/brachs.py
[2024-06-26T14:14:14.127+0000] {logging_mixin.py:188} WARNING - /home/airflow/.local/lib/python3.12/site-packages/airflow/models/baseoperator.py:485 RemovedInAirflow3Warning: provide_context is deprecated as of 2.0 and is no longer required
[2024-06-26T14:14:14.129+0000] {processor.py:840} INFO - DAG(s) 'branchtest' retrieved from /opt/airflow/dags/brachs.py
[2024-06-26T14:14:14.141+0000] {logging_mixin.py:188} INFO - [2024-06-26T14:14:14.141+0000] {dag.py:3096} INFO - Sync 1 DAGs
[2024-06-26T14:14:14.149+0000] {logging_mixin.py:188} INFO - [2024-06-26T14:14:14.149+0000] {dag.py:3954} INFO - Setting next_dagrun for branchtest to None, run_after=None
[2024-06-26T14:14:14.158+0000] {processor.py:183} INFO - Processing /opt/airflow/dags/brachs.py took 0.043 seconds
[2024-06-26T14:14:19.897+0000] {processor.py:161} INFO - Started process (PID=312) to work on /opt/airflow/dags/brachs.py
[2024-06-26T14:14:19.898+0000] {processor.py:830} INFO - Processing file /opt/airflow/dags/brachs.py for tasks to queue
[2024-06-26T14:14:19.900+0000] {logging_mixin.py:188} INFO - [2024-06-26T14:14:19.899+0000] {dagbag.py:545} INFO - Filling up the DagBag from /opt/airflow/dags/brachs.py
[2024-06-26T14:14:19.907+0000] {logging_mixin.py:188} WARNING - /home/airflow/.local/lib/python3.12/site-packages/airflow/models/baseoperator.py:485 RemovedInAirflow3Warning: provide_context is deprecated as of 2.0 and is no longer required
[2024-06-26T14:14:19.909+0000] {processor.py:840} INFO - DAG(s) 'branchtest' retrieved from /opt/airflow/dags/brachs.py
[2024-06-26T14:14:19.923+0000] {logging_mixin.py:188} INFO - [2024-06-26T14:14:19.923+0000] {dag.py:3096} INFO - Sync 1 DAGs
[2024-06-26T14:14:19.930+0000] {logging_mixin.py:188} INFO - [2024-06-26T14:14:19.930+0000] {dag.py:3954} INFO - Setting next_dagrun for branchtest to None, run_after=None
[2024-06-26T14:14:19.941+0000] {processor.py:183} INFO - Processing /opt/airflow/dags/brachs.py took 0.047 seconds
[2024-06-26T14:14:25.651+0000] {processor.py:161} INFO - Started process (PID=339) to work on /opt/airflow/dags/brachs.py
[2024-06-26T14:14:25.651+0000] {processor.py:830} INFO - Processing file /opt/airflow/dags/brachs.py for tasks to queue
[2024-06-26T14:14:25.652+0000] {logging_mixin.py:188} INFO - [2024-06-26T14:14:25.652+0000] {dagbag.py:545} INFO - Filling up the DagBag from /opt/airflow/dags/brachs.py
[2024-06-26T14:14:25.660+0000] {logging_mixin.py:188} WARNING - /home/airflow/.local/lib/python3.12/site-packages/airflow/models/baseoperator.py:485 RemovedInAirflow3Warning: provide_context is deprecated as of 2.0 and is no longer required
[2024-06-26T14:14:25.662+0000] {processor.py:840} INFO - DAG(s) 'branchtest' retrieved from /opt/airflow/dags/brachs.py
[2024-06-26T14:14:25.674+0000] {logging_mixin.py:188} INFO - [2024-06-26T14:14:25.674+0000] {dag.py:3096} INFO - Sync 1 DAGs
[2024-06-26T14:14:25.681+0000] {logging_mixin.py:188} INFO - [2024-06-26T14:14:25.681+0000] {dag.py:3954} INFO - Setting next_dagrun for branchtest to None, run_after=None
[2024-06-26T14:14:25.691+0000] {processor.py:183} INFO - Processing /opt/airflow/dags/brachs.py took 0.043 seconds
[2024-06-26T14:14:31.530+0000] {processor.py:161} INFO - Started process (PID=366) to work on /opt/airflow/dags/brachs.py
[2024-06-26T14:14:31.531+0000] {processor.py:830} INFO - Processing file /opt/airflow/dags/brachs.py for tasks to queue
[2024-06-26T14:14:31.531+0000] {logging_mixin.py:188} INFO - [2024-06-26T14:14:31.531+0000] {dagbag.py:545} INFO - Filling up the DagBag from /opt/airflow/dags/brachs.py
[2024-06-26T14:14:31.539+0000] {logging_mixin.py:188} WARNING - /home/airflow/.local/lib/python3.12/site-packages/airflow/models/baseoperator.py:485 RemovedInAirflow3Warning: provide_context is deprecated as of 2.0 and is no longer required
[2024-06-26T14:14:31.542+0000] {processor.py:840} INFO - DAG(s) 'branchtest' retrieved from /opt/airflow/dags/brachs.py
[2024-06-26T14:14:31.555+0000] {logging_mixin.py:188} INFO - [2024-06-26T14:14:31.555+0000] {dag.py:3096} INFO - Sync 1 DAGs
[2024-06-26T14:14:31.563+0000] {logging_mixin.py:188} INFO - [2024-06-26T14:14:31.562+0000] {dag.py:3954} INFO - Setting next_dagrun for branchtest to None, run_after=None
[2024-06-26T14:14:31.572+0000] {processor.py:183} INFO - Processing /opt/airflow/dags/brachs.py took 0.045 seconds
[2024-06-26T14:14:37.324+0000] {processor.py:161} INFO - Started process (PID=393) to work on /opt/airflow/dags/brachs.py
[2024-06-26T14:14:37.324+0000] {processor.py:830} INFO - Processing file /opt/airflow/dags/brachs.py for tasks to queue
[2024-06-26T14:14:37.325+0000] {logging_mixin.py:188} INFO - [2024-06-26T14:14:37.325+0000] {dagbag.py:545} INFO - Filling up the DagBag from /opt/airflow/dags/brachs.py
[2024-06-26T14:14:37.334+0000] {logging_mixin.py:188} WARNING - /home/airflow/.local/lib/python3.12/site-packages/airflow/models/baseoperator.py:485 RemovedInAirflow3Warning: provide_context is deprecated as of 2.0 and is no longer required
[2024-06-26T14:14:37.336+0000] {processor.py:840} INFO - DAG(s) 'branchtest' retrieved from /opt/airflow/dags/brachs.py
[2024-06-26T14:14:37.349+0000] {logging_mixin.py:188} INFO - [2024-06-26T14:14:37.349+0000] {dag.py:3096} INFO - Sync 1 DAGs
[2024-06-26T14:14:37.355+0000] {logging_mixin.py:188} INFO - [2024-06-26T14:14:37.355+0000] {dag.py:3954} INFO - Setting next_dagrun for branchtest to None, run_after=None
[2024-06-26T14:14:37.366+0000] {processor.py:183} INFO - Processing /opt/airflow/dags/brachs.py took 0.045 seconds
[2024-06-26T14:14:43.104+0000] {processor.py:161} INFO - Started process (PID=420) to work on /opt/airflow/dags/brachs.py
[2024-06-26T14:14:43.105+0000] {processor.py:830} INFO - Processing file /opt/airflow/dags/brachs.py for tasks to queue
[2024-06-26T14:14:43.105+0000] {logging_mixin.py:188} INFO - [2024-06-26T14:14:43.105+0000] {dagbag.py:545} INFO - Filling up the DagBag from /opt/airflow/dags/brachs.py
[2024-06-26T14:14:43.113+0000] {logging_mixin.py:188} WARNING - /home/airflow/.local/lib/python3.12/site-packages/airflow/models/baseoperator.py:485 RemovedInAirflow3Warning: provide_context is deprecated as of 2.0 and is no longer required
[2024-06-26T14:14:43.115+0000] {processor.py:840} INFO - DAG(s) 'branchtest' retrieved from /opt/airflow/dags/brachs.py
[2024-06-26T14:14:43.129+0000] {logging_mixin.py:188} INFO - [2024-06-26T14:14:43.129+0000] {dag.py:3096} INFO - Sync 1 DAGs
[2024-06-26T14:14:43.136+0000] {logging_mixin.py:188} INFO - [2024-06-26T14:14:43.136+0000] {dag.py:3954} INFO - Setting next_dagrun for branchtest to None, run_after=None
[2024-06-26T14:14:43.146+0000] {processor.py:183} INFO - Processing /opt/airflow/dags/brachs.py took 0.046 seconds
[2024-06-26T14:14:48.837+0000] {processor.py:161} INFO - Started process (PID=453) to work on /opt/airflow/dags/brachs.py
[2024-06-26T14:14:48.837+0000] {processor.py:830} INFO - Processing file /opt/airflow/dags/brachs.py for tasks to queue
[2024-06-26T14:14:48.838+0000] {logging_mixin.py:188} INFO - [2024-06-26T14:14:48.838+0000] {dagbag.py:545} INFO - Filling up the DagBag from /opt/airflow/dags/brachs.py
[2024-06-26T14:14:48.846+0000] {logging_mixin.py:188} WARNING - /home/airflow/.local/lib/python3.12/site-packages/airflow/models/baseoperator.py:485 RemovedInAirflow3Warning: provide_context is deprecated as of 2.0 and is no longer required
[2024-06-26T14:14:48.848+0000] {processor.py:840} INFO - DAG(s) 'branchtest' retrieved from /opt/airflow/dags/brachs.py
[2024-06-26T14:14:48.861+0000] {logging_mixin.py:188} INFO - [2024-06-26T14:14:48.861+0000] {dag.py:3096} INFO - Sync 1 DAGs
[2024-06-26T14:14:48.868+0000] {logging_mixin.py:188} INFO - [2024-06-26T14:14:48.867+0000] {dag.py:3954} INFO - Setting next_dagrun for branchtest to None, run_after=None
[2024-06-26T14:14:48.877+0000] {processor.py:183} INFO - Processing /opt/airflow/dags/brachs.py took 0.044 seconds
[2024-06-26T14:14:54.589+0000] {processor.py:161} INFO - Started process (PID=480) to work on /opt/airflow/dags/brachs.py
[2024-06-26T14:14:54.590+0000] {processor.py:830} INFO - Processing file /opt/airflow/dags/brachs.py for tasks to queue
[2024-06-26T14:14:54.591+0000] {logging_mixin.py:188} INFO - [2024-06-26T14:14:54.591+0000] {dagbag.py:545} INFO - Filling up the DagBag from /opt/airflow/dags/brachs.py
[2024-06-26T14:14:54.599+0000] {logging_mixin.py:188} WARNING - /home/airflow/.local/lib/python3.12/site-packages/airflow/models/baseoperator.py:485 RemovedInAirflow3Warning: provide_context is deprecated as of 2.0 and is no longer required
[2024-06-26T14:14:54.600+0000] {processor.py:840} INFO - DAG(s) 'branchtest' retrieved from /opt/airflow/dags/brachs.py
[2024-06-26T14:14:54.613+0000] {logging_mixin.py:188} INFO - [2024-06-26T14:14:54.613+0000] {dag.py:3096} INFO - Sync 1 DAGs
[2024-06-26T14:14:54.620+0000] {logging_mixin.py:188} INFO - [2024-06-26T14:14:54.620+0000] {dag.py:3954} INFO - Setting next_dagrun for branchtest to None, run_after=None
[2024-06-26T14:14:54.631+0000] {processor.py:183} INFO - Processing /opt/airflow/dags/brachs.py took 0.044 seconds
[2024-06-26T14:15:00.402+0000] {processor.py:161} INFO - Started process (PID=507) to work on /opt/airflow/dags/brachs.py
[2024-06-26T14:15:00.403+0000] {processor.py:830} INFO - Processing file /opt/airflow/dags/brachs.py for tasks to queue
[2024-06-26T14:15:00.404+0000] {logging_mixin.py:188} INFO - [2024-06-26T14:15:00.404+0000] {dagbag.py:545} INFO - Filling up the DagBag from /opt/airflow/dags/brachs.py
[2024-06-26T14:15:00.411+0000] {logging_mixin.py:188} WARNING - /home/airflow/.local/lib/python3.12/site-packages/airflow/models/baseoperator.py:485 RemovedInAirflow3Warning: provide_context is deprecated as of 2.0 and is no longer required
[2024-06-26T14:15:00.413+0000] {processor.py:840} INFO - DAG(s) 'branchtest' retrieved from /opt/airflow/dags/brachs.py
[2024-06-26T14:15:00.426+0000] {logging_mixin.py:188} INFO - [2024-06-26T14:15:00.426+0000] {dag.py:3096} INFO - Sync 1 DAGs
[2024-06-26T14:15:00.432+0000] {logging_mixin.py:188} INFO - [2024-06-26T14:15:00.432+0000] {dag.py:3954} INFO - Setting next_dagrun for branchtest to None, run_after=None
[2024-06-26T14:15:00.443+0000] {processor.py:183} INFO - Processing /opt/airflow/dags/brachs.py took 0.043 seconds
[2024-06-26T14:15:06.197+0000] {processor.py:161} INFO - Started process (PID=534) to work on /opt/airflow/dags/brachs.py
[2024-06-26T14:15:06.197+0000] {processor.py:830} INFO - Processing file /opt/airflow/dags/brachs.py for tasks to queue
[2024-06-26T14:15:06.198+0000] {logging_mixin.py:188} INFO - [2024-06-26T14:15:06.198+0000] {dagbag.py:545} INFO - Filling up the DagBag from /opt/airflow/dags/brachs.py
[2024-06-26T14:15:06.205+0000] {logging_mixin.py:188} WARNING - /home/airflow/.local/lib/python3.12/site-packages/airflow/models/baseoperator.py:485 RemovedInAirflow3Warning: provide_context is deprecated as of 2.0 and is no longer required
[2024-06-26T14:15:06.208+0000] {processor.py:840} INFO - DAG(s) 'branchtest' retrieved from /opt/airflow/dags/brachs.py
[2024-06-26T14:15:06.221+0000] {logging_mixin.py:188} INFO - [2024-06-26T14:15:06.221+0000] {dag.py:3096} INFO - Sync 1 DAGs
[2024-06-26T14:15:06.228+0000] {logging_mixin.py:188} INFO - [2024-06-26T14:15:06.228+0000] {dag.py:3954} INFO - Setting next_dagrun for branchtest to None, run_after=None
[2024-06-26T14:15:06.238+0000] {processor.py:183} INFO - Processing /opt/airflow/dags/brachs.py took 0.045 seconds
[2024-06-26T14:15:12.029+0000] {processor.py:161} INFO - Started process (PID=561) to work on /opt/airflow/dags/brachs.py
[2024-06-26T14:15:12.029+0000] {processor.py:830} INFO - Processing file /opt/airflow/dags/brachs.py for tasks to queue
[2024-06-26T14:15:12.030+0000] {logging_mixin.py:188} INFO - [2024-06-26T14:15:12.030+0000] {dagbag.py:545} INFO - Filling up the DagBag from /opt/airflow/dags/brachs.py
[2024-06-26T14:15:12.039+0000] {logging_mixin.py:188} WARNING - /home/airflow/.local/lib/python3.12/site-packages/airflow/models/baseoperator.py:485 RemovedInAirflow3Warning: provide_context is deprecated as of 2.0 and is no longer required
[2024-06-26T14:15:12.041+0000] {processor.py:840} INFO - DAG(s) 'branchtest' retrieved from /opt/airflow/dags/brachs.py
[2024-06-26T14:15:12.054+0000] {logging_mixin.py:188} INFO - [2024-06-26T14:15:12.054+0000] {dag.py:3096} INFO - Sync 1 DAGs
[2024-06-26T14:15:12.060+0000] {logging_mixin.py:188} INFO - [2024-06-26T14:15:12.060+0000] {dag.py:3954} INFO - Setting next_dagrun for branchtest to None, run_after=None
[2024-06-26T14:15:12.071+0000] {processor.py:183} INFO - Processing /opt/airflow/dags/brachs.py took 0.045 seconds
[2024-06-26T14:15:17.835+0000] {processor.py:161} INFO - Started process (PID=594) to work on /opt/airflow/dags/brachs.py
[2024-06-26T14:15:17.835+0000] {processor.py:830} INFO - Processing file /opt/airflow/dags/brachs.py for tasks to queue
[2024-06-26T14:15:17.836+0000] {logging_mixin.py:188} INFO - [2024-06-26T14:15:17.836+0000] {dagbag.py:545} INFO - Filling up the DagBag from /opt/airflow/dags/brachs.py
[2024-06-26T14:15:17.844+0000] {logging_mixin.py:188} WARNING - /home/airflow/.local/lib/python3.12/site-packages/airflow/models/baseoperator.py:485 RemovedInAirflow3Warning: provide_context is deprecated as of 2.0 and is no longer required
[2024-06-26T14:15:17.845+0000] {processor.py:840} INFO - DAG(s) 'branchtest' retrieved from /opt/airflow/dags/brachs.py
[2024-06-26T14:15:17.858+0000] {logging_mixin.py:188} INFO - [2024-06-26T14:15:17.857+0000] {dag.py:3096} INFO - Sync 1 DAGs
[2024-06-26T14:15:17.864+0000] {logging_mixin.py:188} INFO - [2024-06-26T14:15:17.864+0000] {dag.py:3954} INFO - Setting next_dagrun for branchtest to None, run_after=None
[2024-06-26T14:15:17.873+0000] {processor.py:183} INFO - Processing /opt/airflow/dags/brachs.py took 0.041 seconds
[2024-06-26T14:15:23.630+0000] {processor.py:161} INFO - Started process (PID=621) to work on /opt/airflow/dags/brachs.py
[2024-06-26T14:15:23.630+0000] {processor.py:830} INFO - Processing file /opt/airflow/dags/brachs.py for tasks to queue
[2024-06-26T14:15:23.631+0000] {logging_mixin.py:188} INFO - [2024-06-26T14:15:23.631+0000] {dagbag.py:545} INFO - Filling up the DagBag from /opt/airflow/dags/brachs.py
[2024-06-26T14:15:23.639+0000] {logging_mixin.py:188} WARNING - /home/airflow/.local/lib/python3.12/site-packages/airflow/models/baseoperator.py:485 RemovedInAirflow3Warning: provide_context is deprecated as of 2.0 and is no longer required
[2024-06-26T14:15:23.641+0000] {processor.py:840} INFO - DAG(s) 'branchtest' retrieved from /opt/airflow/dags/brachs.py
[2024-06-26T14:15:23.653+0000] {logging_mixin.py:188} INFO - [2024-06-26T14:15:23.653+0000] {dag.py:3096} INFO - Sync 1 DAGs
[2024-06-26T14:15:23.661+0000] {logging_mixin.py:188} INFO - [2024-06-26T14:15:23.661+0000] {dag.py:3954} INFO - Setting next_dagrun for branchtest to None, run_after=None
[2024-06-26T14:15:23.671+0000] {processor.py:183} INFO - Processing /opt/airflow/dags/brachs.py took 0.044 seconds
[2024-06-26T14:15:29.455+0000] {processor.py:161} INFO - Started process (PID=648) to work on /opt/airflow/dags/brachs.py
[2024-06-26T14:15:29.456+0000] {processor.py:830} INFO - Processing file /opt/airflow/dags/brachs.py for tasks to queue
[2024-06-26T14:15:29.457+0000] {logging_mixin.py:188} INFO - [2024-06-26T14:15:29.457+0000] {dagbag.py:545} INFO - Filling up the DagBag from /opt/airflow/dags/brachs.py
[2024-06-26T14:15:29.465+0000] {logging_mixin.py:188} WARNING - /home/airflow/.local/lib/python3.12/site-packages/airflow/models/baseoperator.py:485 RemovedInAirflow3Warning: provide_context is deprecated as of 2.0 and is no longer required
[2024-06-26T14:15:29.467+0000] {processor.py:840} INFO - DAG(s) 'branchtest' retrieved from /opt/airflow/dags/brachs.py
[2024-06-26T14:15:29.479+0000] {logging_mixin.py:188} INFO - [2024-06-26T14:15:29.479+0000] {dag.py:3096} INFO - Sync 1 DAGs
[2024-06-26T14:15:29.487+0000] {logging_mixin.py:188} INFO - [2024-06-26T14:15:29.486+0000] {dag.py:3954} INFO - Setting next_dagrun for branchtest to None, run_after=None
[2024-06-26T14:15:29.497+0000] {processor.py:183} INFO - Processing /opt/airflow/dags/brachs.py took 0.044 seconds
[2024-06-26T14:15:35.271+0000] {processor.py:161} INFO - Started process (PID=675) to work on /opt/airflow/dags/brachs.py
[2024-06-26T14:15:35.271+0000] {processor.py:830} INFO - Processing file /opt/airflow/dags/brachs.py for tasks to queue
[2024-06-26T14:15:35.272+0000] {logging_mixin.py:188} INFO - [2024-06-26T14:15:35.272+0000] {dagbag.py:545} INFO - Filling up the DagBag from /opt/airflow/dags/brachs.py
[2024-06-26T14:15:35.279+0000] {logging_mixin.py:188} WARNING - /home/airflow/.local/lib/python3.12/site-packages/airflow/models/baseoperator.py:485 RemovedInAirflow3Warning: provide_context is deprecated as of 2.0 and is no longer required
[2024-06-26T14:15:35.281+0000] {processor.py:840} INFO - DAG(s) 'branchtest' retrieved from /opt/airflow/dags/brachs.py
[2024-06-26T14:15:35.294+0000] {logging_mixin.py:188} INFO - [2024-06-26T14:15:35.294+0000] {dag.py:3096} INFO - Sync 1 DAGs
[2024-06-26T14:15:35.301+0000] {logging_mixin.py:188} INFO - [2024-06-26T14:15:35.301+0000] {dag.py:3954} INFO - Setting next_dagrun for branchtest to None, run_after=None
[2024-06-26T14:15:35.311+0000] {processor.py:183} INFO - Processing /opt/airflow/dags/brachs.py took 0.044 seconds
[2024-06-26T14:15:41.154+0000] {processor.py:161} INFO - Started process (PID=702) to work on /opt/airflow/dags/brachs.py
[2024-06-26T14:15:41.155+0000] {processor.py:830} INFO - Processing file /opt/airflow/dags/brachs.py for tasks to queue
[2024-06-26T14:15:41.156+0000] {logging_mixin.py:188} INFO - [2024-06-26T14:15:41.155+0000] {dagbag.py:545} INFO - Filling up the DagBag from /opt/airflow/dags/brachs.py
[2024-06-26T14:15:41.164+0000] {logging_mixin.py:188} WARNING - /home/airflow/.local/lib/python3.12/site-packages/airflow/models/baseoperator.py:485 RemovedInAirflow3Warning: provide_context is deprecated as of 2.0 and is no longer required
[2024-06-26T14:15:41.166+0000] {processor.py:840} INFO - DAG(s) 'branchtest' retrieved from /opt/airflow/dags/brachs.py
[2024-06-26T14:15:41.178+0000] {logging_mixin.py:188} INFO - [2024-06-26T14:15:41.178+0000] {dag.py:3096} INFO - Sync 1 DAGs
[2024-06-26T14:15:41.185+0000] {logging_mixin.py:188} INFO - [2024-06-26T14:15:41.185+0000] {dag.py:3954} INFO - Setting next_dagrun for branchtest to None, run_after=None
[2024-06-26T14:15:41.195+0000] {processor.py:183} INFO - Processing /opt/airflow/dags/brachs.py took 0.044 seconds
[2024-06-26T14:15:46.927+0000] {processor.py:161} INFO - Started process (PID=729) to work on /opt/airflow/dags/brachs.py
[2024-06-26T14:15:46.927+0000] {processor.py:830} INFO - Processing file /opt/airflow/dags/brachs.py for tasks to queue
[2024-06-26T14:15:46.928+0000] {logging_mixin.py:188} INFO - [2024-06-26T14:15:46.928+0000] {dagbag.py:545} INFO - Filling up the DagBag from /opt/airflow/dags/brachs.py
[2024-06-26T14:15:46.936+0000] {logging_mixin.py:188} WARNING - /home/airflow/.local/lib/python3.12/site-packages/airflow/models/baseoperator.py:485 RemovedInAirflow3Warning: provide_context is deprecated as of 2.0 and is no longer required
[2024-06-26T14:15:46.938+0000] {processor.py:840} INFO - DAG(s) 'branchtest' retrieved from /opt/airflow/dags/brachs.py
[2024-06-26T14:15:46.950+0000] {logging_mixin.py:188} INFO - [2024-06-26T14:15:46.950+0000] {dag.py:3096} INFO - Sync 1 DAGs
[2024-06-26T14:15:46.957+0000] {logging_mixin.py:188} INFO - [2024-06-26T14:15:46.957+0000] {dag.py:3954} INFO - Setting next_dagrun for branchtest to None, run_after=None
[2024-06-26T14:15:46.967+0000] {processor.py:183} INFO - Processing /opt/airflow/dags/brachs.py took 0.043 seconds
[2024-06-26T14:15:52.737+0000] {processor.py:161} INFO - Started process (PID=762) to work on /opt/airflow/dags/brachs.py
[2024-06-26T14:15:52.738+0000] {processor.py:830} INFO - Processing file /opt/airflow/dags/brachs.py for tasks to queue
[2024-06-26T14:15:52.739+0000] {logging_mixin.py:188} INFO - [2024-06-26T14:15:52.738+0000] {dagbag.py:545} INFO - Filling up the DagBag from /opt/airflow/dags/brachs.py
[2024-06-26T14:15:52.746+0000] {logging_mixin.py:188} WARNING - /home/airflow/.local/lib/python3.12/site-packages/airflow/models/baseoperator.py:485 RemovedInAirflow3Warning: provide_context is deprecated as of 2.0 and is no longer required
[2024-06-26T14:15:52.748+0000] {processor.py:840} INFO - DAG(s) 'branchtest' retrieved from /opt/airflow/dags/brachs.py
[2024-06-26T14:15:52.762+0000] {logging_mixin.py:188} INFO - [2024-06-26T14:15:52.762+0000] {dag.py:3096} INFO - Sync 1 DAGs
[2024-06-26T14:15:52.769+0000] {logging_mixin.py:188} INFO - [2024-06-26T14:15:52.769+0000] {dag.py:3954} INFO - Setting next_dagrun for branchtest to None, run_after=None
[2024-06-26T14:15:52.779+0000] {processor.py:183} INFO - Processing /opt/airflow/dags/brachs.py took 0.045 seconds
[2024-06-26T14:15:58.634+0000] {processor.py:161} INFO - Started process (PID=789) to work on /opt/airflow/dags/brachs.py
[2024-06-26T14:15:58.634+0000] {processor.py:830} INFO - Processing file /opt/airflow/dags/brachs.py for tasks to queue
[2024-06-26T14:15:58.635+0000] {logging_mixin.py:188} INFO - [2024-06-26T14:15:58.635+0000] {dagbag.py:545} INFO - Filling up the DagBag from /opt/airflow/dags/brachs.py
[2024-06-26T14:15:58.642+0000] {logging_mixin.py:188} WARNING - /home/airflow/.local/lib/python3.12/site-packages/airflow/models/baseoperator.py:485 RemovedInAirflow3Warning: provide_context is deprecated as of 2.0 and is no longer required
[2024-06-26T14:15:58.644+0000] {processor.py:840} INFO - DAG(s) 'branchtest' retrieved from /opt/airflow/dags/brachs.py
[2024-06-26T14:15:58.657+0000] {logging_mixin.py:188} INFO - [2024-06-26T14:15:58.657+0000] {dag.py:3096} INFO - Sync 1 DAGs
[2024-06-26T14:15:58.665+0000] {logging_mixin.py:188} INFO - [2024-06-26T14:15:58.664+0000] {dag.py:3954} INFO - Setting next_dagrun for branchtest to None, run_after=None
[2024-06-26T14:15:58.674+0000] {processor.py:183} INFO - Processing /opt/airflow/dags/brachs.py took 0.044 seconds
[2024-06-26T14:16:04.398+0000] {processor.py:161} INFO - Started process (PID=816) to work on /opt/airflow/dags/brachs.py
[2024-06-26T14:16:04.398+0000] {processor.py:830} INFO - Processing file /opt/airflow/dags/brachs.py for tasks to queue
[2024-06-26T14:16:04.399+0000] {logging_mixin.py:188} INFO - [2024-06-26T14:16:04.399+0000] {dagbag.py:545} INFO - Filling up the DagBag from /opt/airflow/dags/brachs.py
[2024-06-26T14:16:04.407+0000] {logging_mixin.py:188} WARNING - /home/airflow/.local/lib/python3.12/site-packages/airflow/models/baseoperator.py:485 RemovedInAirflow3Warning: provide_context is deprecated as of 2.0 and is no longer required
[2024-06-26T14:16:04.408+0000] {processor.py:840} INFO - DAG(s) 'branchtest' retrieved from /opt/airflow/dags/brachs.py
[2024-06-26T14:16:04.422+0000] {logging_mixin.py:188} INFO - [2024-06-26T14:16:04.421+0000] {dag.py:3096} INFO - Sync 1 DAGs
[2024-06-26T14:16:04.428+0000] {logging_mixin.py:188} INFO - [2024-06-26T14:16:04.428+0000] {dag.py:3954} INFO - Setting next_dagrun for branchtest to None, run_after=None
[2024-06-26T14:16:04.439+0000] {processor.py:183} INFO - Processing /opt/airflow/dags/brachs.py took 0.045 seconds
[2024-06-26T14:16:10.188+0000] {processor.py:161} INFO - Started process (PID=843) to work on /opt/airflow/dags/brachs.py
[2024-06-26T14:16:10.189+0000] {processor.py:830} INFO - Processing file /opt/airflow/dags/brachs.py for tasks to queue
[2024-06-26T14:16:10.189+0000] {logging_mixin.py:188} INFO - [2024-06-26T14:16:10.189+0000] {dagbag.py:545} INFO - Filling up the DagBag from /opt/airflow/dags/brachs.py
[2024-06-26T14:16:10.197+0000] {logging_mixin.py:188} WARNING - /home/airflow/.local/lib/python3.12/site-packages/airflow/models/baseoperator.py:485 RemovedInAirflow3Warning: provide_context is deprecated as of 2.0 and is no longer required
[2024-06-26T14:16:10.199+0000] {processor.py:840} INFO - DAG(s) 'branchtest' retrieved from /opt/airflow/dags/brachs.py
[2024-06-26T14:16:10.211+0000] {logging_mixin.py:188} INFO - [2024-06-26T14:16:10.211+0000] {dag.py:3096} INFO - Sync 1 DAGs
[2024-06-26T14:16:10.218+0000] {logging_mixin.py:188} INFO - [2024-06-26T14:16:10.218+0000] {dag.py:3954} INFO - Setting next_dagrun for branchtest to None, run_after=None
[2024-06-26T14:16:10.228+0000] {processor.py:183} INFO - Processing /opt/airflow/dags/brachs.py took 0.043 seconds
[2024-06-26T14:16:16.043+0000] {processor.py:161} INFO - Started process (PID=870) to work on /opt/airflow/dags/brachs.py
[2024-06-26T14:16:16.044+0000] {processor.py:830} INFO - Processing file /opt/airflow/dags/brachs.py for tasks to queue
[2024-06-26T14:16:16.045+0000] {logging_mixin.py:188} INFO - [2024-06-26T14:16:16.045+0000] {dagbag.py:545} INFO - Filling up the DagBag from /opt/airflow/dags/brachs.py
[2024-06-26T14:16:16.052+0000] {logging_mixin.py:188} WARNING - /home/airflow/.local/lib/python3.12/site-packages/airflow/models/baseoperator.py:485 RemovedInAirflow3Warning: provide_context is deprecated as of 2.0 and is no longer required
[2024-06-26T14:16:16.054+0000] {processor.py:840} INFO - DAG(s) 'branchtest' retrieved from /opt/airflow/dags/brachs.py
[2024-06-26T14:16:16.067+0000] {logging_mixin.py:188} INFO - [2024-06-26T14:16:16.067+0000] {dag.py:3096} INFO - Sync 1 DAGs
[2024-06-26T14:16:16.073+0000] {logging_mixin.py:188} INFO - [2024-06-26T14:16:16.073+0000] {dag.py:3954} INFO - Setting next_dagrun for branchtest to None, run_after=None
[2024-06-26T14:16:16.083+0000] {processor.py:183} INFO - Processing /opt/airflow/dags/brachs.py took 0.044 seconds
[2024-06-26T14:16:21.822+0000] {processor.py:161} INFO - Started process (PID=903) to work on /opt/airflow/dags/brachs.py
[2024-06-26T14:16:21.822+0000] {processor.py:830} INFO - Processing file /opt/airflow/dags/brachs.py for tasks to queue
[2024-06-26T14:16:21.823+0000] {logging_mixin.py:188} INFO - [2024-06-26T14:16:21.823+0000] {dagbag.py:545} INFO - Filling up the DagBag from /opt/airflow/dags/brachs.py
[2024-06-26T14:16:21.832+0000] {logging_mixin.py:188} WARNING - /home/airflow/.local/lib/python3.12/site-packages/airflow/models/baseoperator.py:485 RemovedInAirflow3Warning: provide_context is deprecated as of 2.0 and is no longer required
[2024-06-26T14:16:21.834+0000] {processor.py:840} INFO - DAG(s) 'branchtest' retrieved from /opt/airflow/dags/brachs.py
[2024-06-26T14:16:21.848+0000] {logging_mixin.py:188} INFO - [2024-06-26T14:16:21.848+0000] {dag.py:3096} INFO - Sync 1 DAGs
[2024-06-26T14:16:21.855+0000] {logging_mixin.py:188} INFO - [2024-06-26T14:16:21.855+0000] {dag.py:3954} INFO - Setting next_dagrun for branchtest to None, run_after=None
[2024-06-26T14:16:21.866+0000] {processor.py:183} INFO - Processing /opt/airflow/dags/brachs.py took 0.048 seconds
[2024-06-26T14:16:27.651+0000] {processor.py:161} INFO - Started process (PID=930) to work on /opt/airflow/dags/brachs.py
[2024-06-26T14:16:27.651+0000] {processor.py:830} INFO - Processing file /opt/airflow/dags/brachs.py for tasks to queue
[2024-06-26T14:16:27.652+0000] {logging_mixin.py:188} INFO - [2024-06-26T14:16:27.652+0000] {dagbag.py:545} INFO - Filling up the DagBag from /opt/airflow/dags/brachs.py
[2024-06-26T14:16:27.660+0000] {logging_mixin.py:188} WARNING - /home/airflow/.local/lib/python3.12/site-packages/airflow/models/baseoperator.py:485 RemovedInAirflow3Warning: provide_context is deprecated as of 2.0 and is no longer required
[2024-06-26T14:16:27.662+0000] {processor.py:840} INFO - DAG(s) 'branchtest' retrieved from /opt/airflow/dags/brachs.py
[2024-06-26T14:16:27.675+0000] {logging_mixin.py:188} INFO - [2024-06-26T14:16:27.675+0000] {dag.py:3096} INFO - Sync 1 DAGs
[2024-06-26T14:16:27.682+0000] {logging_mixin.py:188} INFO - [2024-06-26T14:16:27.682+0000] {dag.py:3954} INFO - Setting next_dagrun for branchtest to None, run_after=None
[2024-06-26T14:16:27.693+0000] {processor.py:183} INFO - Processing /opt/airflow/dags/brachs.py took 0.045 seconds
[2024-06-26T14:16:33.427+0000] {processor.py:161} INFO - Started process (PID=957) to work on /opt/airflow/dags/brachs.py
[2024-06-26T14:16:33.427+0000] {processor.py:830} INFO - Processing file /opt/airflow/dags/brachs.py for tasks to queue
[2024-06-26T14:16:33.428+0000] {logging_mixin.py:188} INFO - [2024-06-26T14:16:33.428+0000] {dagbag.py:545} INFO - Filling up the DagBag from /opt/airflow/dags/brachs.py
[2024-06-26T14:16:33.436+0000] {logging_mixin.py:188} WARNING - /home/airflow/.local/lib/python3.12/site-packages/airflow/models/baseoperator.py:485 RemovedInAirflow3Warning: provide_context is deprecated as of 2.0 and is no longer required
[2024-06-26T14:16:33.438+0000] {processor.py:840} INFO - DAG(s) 'branchtest' retrieved from /opt/airflow/dags/brachs.py
[2024-06-26T14:16:33.450+0000] {logging_mixin.py:188} INFO - [2024-06-26T14:16:33.450+0000] {dag.py:3096} INFO - Sync 1 DAGs
[2024-06-26T14:16:33.456+0000] {logging_mixin.py:188} INFO - [2024-06-26T14:16:33.456+0000] {dag.py:3954} INFO - Setting next_dagrun for branchtest to None, run_after=None
[2024-06-26T14:16:33.466+0000] {processor.py:183} INFO - Processing /opt/airflow/dags/brachs.py took 0.043 seconds
[2024-06-26T14:16:39.212+0000] {processor.py:161} INFO - Started process (PID=984) to work on /opt/airflow/dags/brachs.py
[2024-06-26T14:16:39.213+0000] {processor.py:830} INFO - Processing file /opt/airflow/dags/brachs.py for tasks to queue
[2024-06-26T14:16:39.214+0000] {logging_mixin.py:188} INFO - [2024-06-26T14:16:39.213+0000] {dagbag.py:545} INFO - Filling up the DagBag from /opt/airflow/dags/brachs.py
[2024-06-26T14:16:39.221+0000] {logging_mixin.py:188} WARNING - /home/airflow/.local/lib/python3.12/site-packages/airflow/models/baseoperator.py:485 RemovedInAirflow3Warning: provide_context is deprecated as of 2.0 and is no longer required
[2024-06-26T14:16:39.223+0000] {processor.py:840} INFO - DAG(s) 'branchtest' retrieved from /opt/airflow/dags/brachs.py
[2024-06-26T14:16:39.236+0000] {logging_mixin.py:188} INFO - [2024-06-26T14:16:39.236+0000] {dag.py:3096} INFO - Sync 1 DAGs
[2024-06-26T14:16:39.243+0000] {logging_mixin.py:188} INFO - [2024-06-26T14:16:39.243+0000] {dag.py:3954} INFO - Setting next_dagrun for branchtest to None, run_after=None
[2024-06-26T14:16:39.252+0000] {processor.py:183} INFO - Processing /opt/airflow/dags/brachs.py took 0.043 seconds
[2024-06-26T14:16:45.001+0000] {processor.py:161} INFO - Started process (PID=1011) to work on /opt/airflow/dags/brachs.py
[2024-06-26T14:16:45.002+0000] {processor.py:830} INFO - Processing file /opt/airflow/dags/brachs.py for tasks to queue
[2024-06-26T14:16:45.002+0000] {logging_mixin.py:188} INFO - [2024-06-26T14:16:45.002+0000] {dagbag.py:545} INFO - Filling up the DagBag from /opt/airflow/dags/brachs.py
[2024-06-26T14:16:45.010+0000] {logging_mixin.py:188} WARNING - /home/airflow/.local/lib/python3.12/site-packages/airflow/models/baseoperator.py:485 RemovedInAirflow3Warning: provide_context is deprecated as of 2.0 and is no longer required
[2024-06-26T14:16:45.012+0000] {processor.py:840} INFO - DAG(s) 'branchtest' retrieved from /opt/airflow/dags/brachs.py
[2024-06-26T14:16:45.024+0000] {logging_mixin.py:188} INFO - [2024-06-26T14:16:45.024+0000] {dag.py:3096} INFO - Sync 1 DAGs
[2024-06-26T14:16:45.031+0000] {logging_mixin.py:188} INFO - [2024-06-26T14:16:45.031+0000] {dag.py:3954} INFO - Setting next_dagrun for branchtest to None, run_after=None
[2024-06-26T14:16:45.042+0000] {processor.py:183} INFO - Processing /opt/airflow/dags/brachs.py took 0.045 seconds
[2024-06-26T14:16:50.832+0000] {processor.py:161} INFO - Started process (PID=1044) to work on /opt/airflow/dags/brachs.py
[2024-06-26T14:16:50.833+0000] {processor.py:830} INFO - Processing file /opt/airflow/dags/brachs.py for tasks to queue
[2024-06-26T14:16:50.834+0000] {logging_mixin.py:188} INFO - [2024-06-26T14:16:50.833+0000] {dagbag.py:545} INFO - Filling up the DagBag from /opt/airflow/dags/brachs.py
[2024-06-26T14:16:50.841+0000] {logging_mixin.py:188} WARNING - /home/airflow/.local/lib/python3.12/site-packages/airflow/models/baseoperator.py:485 RemovedInAirflow3Warning: provide_context is deprecated as of 2.0 and is no longer required
[2024-06-26T14:16:50.842+0000] {processor.py:840} INFO - DAG(s) 'branchtest' retrieved from /opt/airflow/dags/brachs.py
[2024-06-26T14:16:50.855+0000] {logging_mixin.py:188} INFO - [2024-06-26T14:16:50.855+0000] {dag.py:3096} INFO - Sync 1 DAGs
[2024-06-26T14:16:50.862+0000] {logging_mixin.py:188} INFO - [2024-06-26T14:16:50.862+0000] {dag.py:3954} INFO - Setting next_dagrun for branchtest to None, run_after=None
[2024-06-26T14:16:50.871+0000] {processor.py:183} INFO - Processing /opt/airflow/dags/brachs.py took 0.041 seconds
[2024-06-26T14:16:56.671+0000] {processor.py:161} INFO - Started process (PID=1071) to work on /opt/airflow/dags/brachs.py
[2024-06-26T14:16:56.671+0000] {processor.py:830} INFO - Processing file /opt/airflow/dags/brachs.py for tasks to queue
[2024-06-26T14:16:56.672+0000] {logging_mixin.py:188} INFO - [2024-06-26T14:16:56.672+0000] {dagbag.py:545} INFO - Filling up the DagBag from /opt/airflow/dags/brachs.py
[2024-06-26T14:16:56.680+0000] {logging_mixin.py:188} WARNING - /home/airflow/.local/lib/python3.12/site-packages/airflow/models/baseoperator.py:485 RemovedInAirflow3Warning: provide_context is deprecated as of 2.0 and is no longer required
[2024-06-26T14:16:56.682+0000] {processor.py:840} INFO - DAG(s) 'branchtest' retrieved from /opt/airflow/dags/brachs.py
[2024-06-26T14:16:56.695+0000] {logging_mixin.py:188} INFO - [2024-06-26T14:16:56.695+0000] {dag.py:3096} INFO - Sync 1 DAGs
[2024-06-26T14:16:56.701+0000] {logging_mixin.py:188} INFO - [2024-06-26T14:16:56.701+0000] {dag.py:3954} INFO - Setting next_dagrun for branchtest to None, run_after=None
[2024-06-26T14:16:56.713+0000] {processor.py:183} INFO - Processing /opt/airflow/dags/brachs.py took 0.045 seconds
[2024-06-26T14:17:02.485+0000] {processor.py:161} INFO - Started process (PID=1098) to work on /opt/airflow/dags/brachs.py
[2024-06-26T14:17:02.486+0000] {processor.py:830} INFO - Processing file /opt/airflow/dags/brachs.py for tasks to queue
[2024-06-26T14:17:02.487+0000] {logging_mixin.py:188} INFO - [2024-06-26T14:17:02.486+0000] {dagbag.py:545} INFO - Filling up the DagBag from /opt/airflow/dags/brachs.py
[2024-06-26T14:17:02.494+0000] {logging_mixin.py:188} WARNING - /home/airflow/.local/lib/python3.12/site-packages/airflow/models/baseoperator.py:485 RemovedInAirflow3Warning: provide_context is deprecated as of 2.0 and is no longer required
[2024-06-26T14:17:02.496+0000] {processor.py:840} INFO - DAG(s) 'branchtest' retrieved from /opt/airflow/dags/brachs.py
[2024-06-26T14:17:02.509+0000] {logging_mixin.py:188} INFO - [2024-06-26T14:17:02.509+0000] {dag.py:3096} INFO - Sync 1 DAGs
[2024-06-26T14:17:02.516+0000] {logging_mixin.py:188} INFO - [2024-06-26T14:17:02.516+0000] {dag.py:3954} INFO - Setting next_dagrun for branchtest to None, run_after=None
[2024-06-26T14:17:02.526+0000] {processor.py:183} INFO - Processing /opt/airflow/dags/brachs.py took 0.045 seconds
[2024-06-26T14:17:08.206+0000] {processor.py:161} INFO - Started process (PID=1125) to work on /opt/airflow/dags/brachs.py
[2024-06-26T14:17:08.206+0000] {processor.py:830} INFO - Processing file /opt/airflow/dags/brachs.py for tasks to queue
[2024-06-26T14:17:08.207+0000] {logging_mixin.py:188} INFO - [2024-06-26T14:17:08.207+0000] {dagbag.py:545} INFO - Filling up the DagBag from /opt/airflow/dags/brachs.py
[2024-06-26T14:17:08.214+0000] {logging_mixin.py:188} WARNING - /home/airflow/.local/lib/python3.12/site-packages/airflow/models/baseoperator.py:485 RemovedInAirflow3Warning: provide_context is deprecated as of 2.0 and is no longer required
[2024-06-26T14:17:08.216+0000] {processor.py:840} INFO - DAG(s) 'branchtest' retrieved from /opt/airflow/dags/brachs.py
[2024-06-26T14:17:08.229+0000] {logging_mixin.py:188} INFO - [2024-06-26T14:17:08.228+0000] {dag.py:3096} INFO - Sync 1 DAGs
[2024-06-26T14:17:08.236+0000] {logging_mixin.py:188} INFO - [2024-06-26T14:17:08.235+0000] {dag.py:3954} INFO - Setting next_dagrun for branchtest to None, run_after=None
[2024-06-26T14:17:08.245+0000] {processor.py:183} INFO - Processing /opt/airflow/dags/brachs.py took 0.042 seconds
[2024-06-26T14:17:14.029+0000] {processor.py:161} INFO - Started process (PID=1152) to work on /opt/airflow/dags/brachs.py
[2024-06-26T14:17:14.029+0000] {processor.py:830} INFO - Processing file /opt/airflow/dags/brachs.py for tasks to queue
[2024-06-26T14:17:14.030+0000] {logging_mixin.py:188} INFO - [2024-06-26T14:17:14.030+0000] {dagbag.py:545} INFO - Filling up the DagBag from /opt/airflow/dags/brachs.py
[2024-06-26T14:17:14.038+0000] {logging_mixin.py:188} WARNING - /home/airflow/.local/lib/python3.12/site-packages/airflow/models/baseoperator.py:485 RemovedInAirflow3Warning: provide_context is deprecated as of 2.0 and is no longer required
[2024-06-26T14:17:14.040+0000] {processor.py:840} INFO - DAG(s) 'branchtest' retrieved from /opt/airflow/dags/brachs.py
[2024-06-26T14:17:14.052+0000] {logging_mixin.py:188} INFO - [2024-06-26T14:17:14.052+0000] {dag.py:3096} INFO - Sync 1 DAGs
[2024-06-26T14:17:14.059+0000] {logging_mixin.py:188} INFO - [2024-06-26T14:17:14.059+0000] {dag.py:3954} INFO - Setting next_dagrun for branchtest to None, run_after=None
[2024-06-26T14:17:14.068+0000] {processor.py:183} INFO - Processing /opt/airflow/dags/brachs.py took 0.042 seconds
[2024-06-26T14:17:19.814+0000] {processor.py:161} INFO - Started process (PID=1185) to work on /opt/airflow/dags/brachs.py
[2024-06-26T14:17:19.815+0000] {processor.py:830} INFO - Processing file /opt/airflow/dags/brachs.py for tasks to queue
[2024-06-26T14:17:19.816+0000] {logging_mixin.py:188} INFO - [2024-06-26T14:17:19.816+0000] {dagbag.py:545} INFO - Filling up the DagBag from /opt/airflow/dags/brachs.py
[2024-06-26T14:17:19.823+0000] {logging_mixin.py:188} WARNING - /home/airflow/.local/lib/python3.12/site-packages/airflow/models/baseoperator.py:485 RemovedInAirflow3Warning: provide_context is deprecated as of 2.0 and is no longer required
[2024-06-26T14:17:19.825+0000] {processor.py:840} INFO - DAG(s) 'branchtest' retrieved from /opt/airflow/dags/brachs.py
[2024-06-26T14:17:19.837+0000] {logging_mixin.py:188} INFO - [2024-06-26T14:17:19.837+0000] {dag.py:3096} INFO - Sync 1 DAGs
[2024-06-26T14:17:19.844+0000] {logging_mixin.py:188} INFO - [2024-06-26T14:17:19.843+0000] {dag.py:3954} INFO - Setting next_dagrun for branchtest to None, run_after=None
[2024-06-26T14:17:19.853+0000] {processor.py:183} INFO - Processing /opt/airflow/dags/brachs.py took 0.042 seconds
[2024-06-26T14:17:25.549+0000] {processor.py:161} INFO - Started process (PID=1212) to work on /opt/airflow/dags/brachs.py
[2024-06-26T14:17:25.550+0000] {processor.py:830} INFO - Processing file /opt/airflow/dags/brachs.py for tasks to queue
[2024-06-26T14:17:25.551+0000] {logging_mixin.py:188} INFO - [2024-06-26T14:17:25.550+0000] {dagbag.py:545} INFO - Filling up the DagBag from /opt/airflow/dags/brachs.py
[2024-06-26T14:17:25.558+0000] {logging_mixin.py:188} WARNING - /home/airflow/.local/lib/python3.12/site-packages/airflow/models/baseoperator.py:485 RemovedInAirflow3Warning: provide_context is deprecated as of 2.0 and is no longer required
[2024-06-26T14:17:25.560+0000] {processor.py:840} INFO - DAG(s) 'branchtest' retrieved from /opt/airflow/dags/brachs.py
[2024-06-26T14:17:25.571+0000] {logging_mixin.py:188} INFO - [2024-06-26T14:17:25.571+0000] {dag.py:3096} INFO - Sync 1 DAGs
[2024-06-26T14:17:25.578+0000] {logging_mixin.py:188} INFO - [2024-06-26T14:17:25.578+0000] {dag.py:3954} INFO - Setting next_dagrun for branchtest to None, run_after=None
[2024-06-26T14:17:25.587+0000] {processor.py:183} INFO - Processing /opt/airflow/dags/brachs.py took 0.040 seconds
[2024-06-26T14:17:31.255+0000] {processor.py:161} INFO - Started process (PID=1239) to work on /opt/airflow/dags/brachs.py
[2024-06-26T14:17:31.256+0000] {processor.py:830} INFO - Processing file /opt/airflow/dags/brachs.py for tasks to queue
[2024-06-26T14:17:31.257+0000] {logging_mixin.py:188} INFO - [2024-06-26T14:17:31.256+0000] {dagbag.py:545} INFO - Filling up the DagBag from /opt/airflow/dags/brachs.py
[2024-06-26T14:17:31.264+0000] {logging_mixin.py:188} WARNING - /home/airflow/.local/lib/python3.12/site-packages/airflow/models/baseoperator.py:485 RemovedInAirflow3Warning: provide_context is deprecated as of 2.0 and is no longer required
[2024-06-26T14:17:31.266+0000] {processor.py:840} INFO - DAG(s) 'branchtest' retrieved from /opt/airflow/dags/brachs.py
[2024-06-26T14:17:31.278+0000] {logging_mixin.py:188} INFO - [2024-06-26T14:17:31.277+0000] {dag.py:3096} INFO - Sync 1 DAGs
[2024-06-26T14:17:31.284+0000] {logging_mixin.py:188} INFO - [2024-06-26T14:17:31.284+0000] {dag.py:3954} INFO - Setting next_dagrun for branchtest to None, run_after=None
[2024-06-26T14:17:31.293+0000] {processor.py:183} INFO - Processing /opt/airflow/dags/brachs.py took 0.041 seconds
[2024-06-26T14:17:37.014+0000] {processor.py:161} INFO - Started process (PID=1266) to work on /opt/airflow/dags/brachs.py
[2024-06-26T14:17:37.014+0000] {processor.py:830} INFO - Processing file /opt/airflow/dags/brachs.py for tasks to queue
[2024-06-26T14:17:37.015+0000] {logging_mixin.py:188} INFO - [2024-06-26T14:17:37.015+0000] {dagbag.py:545} INFO - Filling up the DagBag from /opt/airflow/dags/brachs.py
[2024-06-26T14:17:37.023+0000] {logging_mixin.py:188} WARNING - /home/airflow/.local/lib/python3.12/site-packages/airflow/models/baseoperator.py:485 RemovedInAirflow3Warning: provide_context is deprecated as of 2.0 and is no longer required
[2024-06-26T14:17:37.024+0000] {processor.py:840} INFO - DAG(s) 'branchtest' retrieved from /opt/airflow/dags/brachs.py
[2024-06-26T14:17:37.036+0000] {logging_mixin.py:188} INFO - [2024-06-26T14:17:37.036+0000] {dag.py:3096} INFO - Sync 1 DAGs
[2024-06-26T14:17:37.043+0000] {logging_mixin.py:188} INFO - [2024-06-26T14:17:37.043+0000] {dag.py:3954} INFO - Setting next_dagrun for branchtest to None, run_after=None
[2024-06-26T14:17:37.054+0000] {processor.py:183} INFO - Processing /opt/airflow/dags/brachs.py took 0.043 seconds
[2024-06-26T14:17:42.760+0000] {processor.py:161} INFO - Started process (PID=1293) to work on /opt/airflow/dags/brachs.py
[2024-06-26T14:17:42.760+0000] {processor.py:830} INFO - Processing file /opt/airflow/dags/brachs.py for tasks to queue
[2024-06-26T14:17:42.761+0000] {logging_mixin.py:188} INFO - [2024-06-26T14:17:42.761+0000] {dagbag.py:545} INFO - Filling up the DagBag from /opt/airflow/dags/brachs.py
[2024-06-26T14:17:42.769+0000] {logging_mixin.py:188} WARNING - /home/airflow/.local/lib/python3.12/site-packages/airflow/models/baseoperator.py:485 RemovedInAirflow3Warning: provide_context is deprecated as of 2.0 and is no longer required
[2024-06-26T14:17:42.770+0000] {processor.py:840} INFO - DAG(s) 'branchtest' retrieved from /opt/airflow/dags/brachs.py
[2024-06-26T14:17:42.782+0000] {logging_mixin.py:188} INFO - [2024-06-26T14:17:42.782+0000] {dag.py:3096} INFO - Sync 1 DAGs
[2024-06-26T14:17:42.789+0000] {logging_mixin.py:188} INFO - [2024-06-26T14:17:42.789+0000] {dag.py:3954} INFO - Setting next_dagrun for branchtest to None, run_after=None
[2024-06-26T14:17:42.799+0000] {processor.py:183} INFO - Processing /opt/airflow/dags/brachs.py took 0.041 seconds
[2024-06-26T14:17:48.570+0000] {processor.py:161} INFO - Started process (PID=1326) to work on /opt/airflow/dags/brachs.py
[2024-06-26T14:17:48.571+0000] {processor.py:830} INFO - Processing file /opt/airflow/dags/brachs.py for tasks to queue
[2024-06-26T14:17:48.572+0000] {logging_mixin.py:188} INFO - [2024-06-26T14:17:48.571+0000] {dagbag.py:545} INFO - Filling up the DagBag from /opt/airflow/dags/brachs.py
[2024-06-26T14:17:48.579+0000] {logging_mixin.py:188} WARNING - /home/airflow/.local/lib/python3.12/site-packages/airflow/models/baseoperator.py:485 RemovedInAirflow3Warning: provide_context is deprecated as of 2.0 and is no longer required
[2024-06-26T14:17:48.581+0000] {processor.py:840} INFO - DAG(s) 'branchtest' retrieved from /opt/airflow/dags/brachs.py
[2024-06-26T14:17:48.594+0000] {logging_mixin.py:188} INFO - [2024-06-26T14:17:48.593+0000] {dag.py:3096} INFO - Sync 1 DAGs
[2024-06-26T14:17:48.600+0000] {logging_mixin.py:188} INFO - [2024-06-26T14:17:48.600+0000] {dag.py:3954} INFO - Setting next_dagrun for branchtest to None, run_after=None
[2024-06-26T14:17:48.610+0000] {processor.py:183} INFO - Processing /opt/airflow/dags/brachs.py took 0.043 seconds
[2024-06-26T14:17:54.352+0000] {processor.py:161} INFO - Started process (PID=1353) to work on /opt/airflow/dags/brachs.py
[2024-06-26T14:17:54.353+0000] {processor.py:830} INFO - Processing file /opt/airflow/dags/brachs.py for tasks to queue
[2024-06-26T14:17:54.354+0000] {logging_mixin.py:188} INFO - [2024-06-26T14:17:54.353+0000] {dagbag.py:545} INFO - Filling up the DagBag from /opt/airflow/dags/brachs.py
[2024-06-26T14:17:54.361+0000] {logging_mixin.py:188} WARNING - /home/airflow/.local/lib/python3.12/site-packages/airflow/models/baseoperator.py:485 RemovedInAirflow3Warning: provide_context is deprecated as of 2.0 and is no longer required
[2024-06-26T14:17:54.363+0000] {processor.py:840} INFO - DAG(s) 'branchtest' retrieved from /opt/airflow/dags/brachs.py
[2024-06-26T14:17:54.375+0000] {logging_mixin.py:188} INFO - [2024-06-26T14:17:54.375+0000] {dag.py:3096} INFO - Sync 1 DAGs
[2024-06-26T14:17:54.382+0000] {logging_mixin.py:188} INFO - [2024-06-26T14:17:54.382+0000] {dag.py:3954} INFO - Setting next_dagrun for branchtest to None, run_after=None
[2024-06-26T14:17:54.391+0000] {processor.py:183} INFO - Processing /opt/airflow/dags/brachs.py took 0.042 seconds
[2024-06-26T14:18:00.072+0000] {processor.py:161} INFO - Started process (PID=1380) to work on /opt/airflow/dags/brachs.py
[2024-06-26T14:18:00.072+0000] {processor.py:830} INFO - Processing file /opt/airflow/dags/brachs.py for tasks to queue
[2024-06-26T14:18:00.073+0000] {logging_mixin.py:188} INFO - [2024-06-26T14:18:00.073+0000] {dagbag.py:545} INFO - Filling up the DagBag from /opt/airflow/dags/brachs.py
[2024-06-26T14:18:00.081+0000] {logging_mixin.py:188} WARNING - /home/airflow/.local/lib/python3.12/site-packages/airflow/models/baseoperator.py:485 RemovedInAirflow3Warning: provide_context is deprecated as of 2.0 and is no longer required
[2024-06-26T14:18:00.082+0000] {processor.py:840} INFO - DAG(s) 'branchtest' retrieved from /opt/airflow/dags/brachs.py
[2024-06-26T14:18:00.095+0000] {logging_mixin.py:188} INFO - [2024-06-26T14:18:00.095+0000] {dag.py:3096} INFO - Sync 1 DAGs
[2024-06-26T14:18:00.101+0000] {logging_mixin.py:188} INFO - [2024-06-26T14:18:00.101+0000] {dag.py:3954} INFO - Setting next_dagrun for branchtest to None, run_after=None
[2024-06-26T14:18:00.111+0000] {processor.py:183} INFO - Processing /opt/airflow/dags/brachs.py took 0.042 seconds
[2024-06-26T14:18:05.811+0000] {processor.py:161} INFO - Started process (PID=1407) to work on /opt/airflow/dags/brachs.py
[2024-06-26T14:18:05.812+0000] {processor.py:830} INFO - Processing file /opt/airflow/dags/brachs.py for tasks to queue
[2024-06-26T14:18:05.813+0000] {logging_mixin.py:188} INFO - [2024-06-26T14:18:05.812+0000] {dagbag.py:545} INFO - Filling up the DagBag from /opt/airflow/dags/brachs.py
[2024-06-26T14:18:05.820+0000] {logging_mixin.py:188} WARNING - /home/airflow/.local/lib/python3.12/site-packages/airflow/models/baseoperator.py:485 RemovedInAirflow3Warning: provide_context is deprecated as of 2.0 and is no longer required
[2024-06-26T14:18:05.821+0000] {processor.py:840} INFO - DAG(s) 'branchtest' retrieved from /opt/airflow/dags/brachs.py
[2024-06-26T14:18:05.833+0000] {logging_mixin.py:188} INFO - [2024-06-26T14:18:05.833+0000] {dag.py:3096} INFO - Sync 1 DAGs
[2024-06-26T14:18:05.840+0000] {logging_mixin.py:188} INFO - [2024-06-26T14:18:05.840+0000] {dag.py:3954} INFO - Setting next_dagrun for branchtest to None, run_after=None
[2024-06-26T14:18:05.849+0000] {processor.py:183} INFO - Processing /opt/airflow/dags/brachs.py took 0.041 seconds
