[2024-06-26T14:13:29.064+0000] {processor.py:161} INFO - Started process (PID=42) to work on /opt/airflow/dags/consumer.py
[2024-06-26T14:13:29.064+0000] {processor.py:830} INFO - Processing file /opt/airflow/dags/consumer.py for tasks to queue
[2024-06-26T14:13:29.065+0000] {logging_mixin.py:188} INFO - [2024-06-26T14:13:29.065+0000] {dagbag.py:545} INFO - Filling up the DagBag from /opt/airflow/dags/consumer.py
[2024-06-26T14:13:29.072+0000] {processor.py:840} INFO - DAG(s) 'consumer' retrieved from /opt/airflow/dags/consumer.py
[2024-06-26T14:13:29.133+0000] {logging_mixin.py:188} INFO - [2024-06-26T14:13:29.133+0000] {dag.py:3096} INFO - Sync 1 DAGs
[2024-06-26T14:13:29.144+0000] {logging_mixin.py:188} INFO - [2024-06-26T14:13:29.144+0000] {dag.py:3954} INFO - Setting next_dagrun for consumer to None, run_after=None
[2024-06-26T14:13:29.156+0000] {processor.py:183} INFO - Processing /opt/airflow/dags/consumer.py took 0.096 seconds
[2024-06-26T14:13:34.269+0000] {processor.py:161} INFO - Started process (PID=69) to work on /opt/airflow/dags/consumer.py
[2024-06-26T14:13:34.270+0000] {processor.py:830} INFO - Processing file /opt/airflow/dags/consumer.py for tasks to queue
[2024-06-26T14:13:34.270+0000] {logging_mixin.py:188} INFO - [2024-06-26T14:13:34.270+0000] {dagbag.py:545} INFO - Filling up the DagBag from /opt/airflow/dags/consumer.py
[2024-06-26T14:13:34.276+0000] {processor.py:840} INFO - DAG(s) 'consumer' retrieved from /opt/airflow/dags/consumer.py
[2024-06-26T14:13:34.284+0000] {logging_mixin.py:188} INFO - [2024-06-26T14:13:34.283+0000] {dag.py:3096} INFO - Sync 1 DAGs
[2024-06-26T14:13:34.296+0000] {logging_mixin.py:188} INFO - [2024-06-26T14:13:34.295+0000] {dag.py:3954} INFO - Setting next_dagrun for consumer to None, run_after=None
[2024-06-26T14:13:34.306+0000] {processor.py:183} INFO - Processing /opt/airflow/dags/consumer.py took 0.040 seconds
[2024-06-26T14:13:39.842+0000] {processor.py:161} INFO - Started process (PID=96) to work on /opt/airflow/dags/consumer.py
[2024-06-26T14:13:39.842+0000] {processor.py:830} INFO - Processing file /opt/airflow/dags/consumer.py for tasks to queue
[2024-06-26T14:13:39.843+0000] {logging_mixin.py:188} INFO - [2024-06-26T14:13:39.843+0000] {dagbag.py:545} INFO - Filling up the DagBag from /opt/airflow/dags/consumer.py
[2024-06-26T14:13:39.848+0000] {processor.py:840} INFO - DAG(s) 'consumer' retrieved from /opt/airflow/dags/consumer.py
[2024-06-26T14:13:39.854+0000] {logging_mixin.py:188} INFO - [2024-06-26T14:13:39.854+0000] {dag.py:3096} INFO - Sync 1 DAGs
[2024-06-26T14:13:39.865+0000] {logging_mixin.py:188} INFO - [2024-06-26T14:13:39.865+0000] {dag.py:3954} INFO - Setting next_dagrun for consumer to None, run_after=None
[2024-06-26T14:13:39.877+0000] {processor.py:183} INFO - Processing /opt/airflow/dags/consumer.py took 0.038 seconds
[2024-06-26T14:13:44.930+0000] {processor.py:161} INFO - Started process (PID=123) to work on /opt/airflow/dags/consumer.py
[2024-06-26T14:13:44.931+0000] {processor.py:830} INFO - Processing file /opt/airflow/dags/consumer.py for tasks to queue
[2024-06-26T14:13:44.931+0000] {logging_mixin.py:188} INFO - [2024-06-26T14:13:44.931+0000] {dagbag.py:545} INFO - Filling up the DagBag from /opt/airflow/dags/consumer.py
[2024-06-26T14:13:44.937+0000] {processor.py:840} INFO - DAG(s) 'consumer' retrieved from /opt/airflow/dags/consumer.py
[2024-06-26T14:13:44.943+0000] {logging_mixin.py:188} INFO - [2024-06-26T14:13:44.943+0000] {dag.py:3096} INFO - Sync 1 DAGs
[2024-06-26T14:13:44.954+0000] {logging_mixin.py:188} INFO - [2024-06-26T14:13:44.954+0000] {dag.py:3954} INFO - Setting next_dagrun for consumer to None, run_after=None
[2024-06-26T14:13:44.966+0000] {processor.py:183} INFO - Processing /opt/airflow/dags/consumer.py took 0.039 seconds
[2024-06-26T14:13:50.625+0000] {processor.py:161} INFO - Started process (PID=156) to work on /opt/airflow/dags/consumer.py
[2024-06-26T14:13:50.625+0000] {processor.py:830} INFO - Processing file /opt/airflow/dags/consumer.py for tasks to queue
[2024-06-26T14:13:50.626+0000] {logging_mixin.py:188} INFO - [2024-06-26T14:13:50.626+0000] {dagbag.py:545} INFO - Filling up the DagBag from /opt/airflow/dags/consumer.py
[2024-06-26T14:13:50.632+0000] {processor.py:840} INFO - DAG(s) 'consumer' retrieved from /opt/airflow/dags/consumer.py
[2024-06-26T14:13:50.638+0000] {logging_mixin.py:188} INFO - [2024-06-26T14:13:50.638+0000] {dag.py:3096} INFO - Sync 1 DAGs
[2024-06-26T14:13:50.649+0000] {logging_mixin.py:188} INFO - [2024-06-26T14:13:50.649+0000] {dag.py:3954} INFO - Setting next_dagrun for consumer to None, run_after=None
[2024-06-26T14:13:50.661+0000] {processor.py:183} INFO - Processing /opt/airflow/dags/consumer.py took 0.039 seconds
[2024-06-26T14:13:56.449+0000] {processor.py:161} INFO - Started process (PID=196) to work on /opt/airflow/dags/consumer.py
[2024-06-26T14:13:56.450+0000] {processor.py:830} INFO - Processing file /opt/airflow/dags/consumer.py for tasks to queue
[2024-06-26T14:13:56.452+0000] {logging_mixin.py:188} INFO - [2024-06-26T14:13:56.451+0000] {dagbag.py:545} INFO - Filling up the DagBag from /opt/airflow/dags/consumer.py
[2024-06-26T14:13:56.462+0000] {processor.py:840} INFO - DAG(s) 'consumer' retrieved from /opt/airflow/dags/consumer.py
[2024-06-26T14:13:56.476+0000] {logging_mixin.py:188} INFO - [2024-06-26T14:13:56.476+0000] {dag.py:3096} INFO - Sync 1 DAGs
[2024-06-26T14:13:56.499+0000] {logging_mixin.py:188} INFO - [2024-06-26T14:13:56.499+0000] {dag.py:3954} INFO - Setting next_dagrun for consumer to None, run_after=None
[2024-06-26T14:13:56.527+0000] {processor.py:183} INFO - Processing /opt/airflow/dags/consumer.py took 0.084 seconds
[2024-06-26T14:14:02.333+0000] {processor.py:161} INFO - Started process (PID=223) to work on /opt/airflow/dags/consumer.py
[2024-06-26T14:14:02.334+0000] {processor.py:830} INFO - Processing file /opt/airflow/dags/consumer.py for tasks to queue
[2024-06-26T14:14:02.335+0000] {logging_mixin.py:188} INFO - [2024-06-26T14:14:02.334+0000] {dagbag.py:545} INFO - Filling up the DagBag from /opt/airflow/dags/consumer.py
[2024-06-26T14:14:02.340+0000] {processor.py:840} INFO - DAG(s) 'consumer' retrieved from /opt/airflow/dags/consumer.py
[2024-06-26T14:14:02.354+0000] {logging_mixin.py:188} INFO - [2024-06-26T14:14:02.353+0000] {dag.py:3096} INFO - Sync 1 DAGs
[2024-06-26T14:14:02.366+0000] {logging_mixin.py:188} INFO - [2024-06-26T14:14:02.365+0000] {dag.py:3954} INFO - Setting next_dagrun for consumer to None, run_after=None
[2024-06-26T14:14:02.376+0000] {processor.py:183} INFO - Processing /opt/airflow/dags/consumer.py took 0.048 seconds
[2024-06-26T14:14:08.105+0000] {processor.py:161} INFO - Started process (PID=250) to work on /opt/airflow/dags/consumer.py
[2024-06-26T14:14:08.106+0000] {processor.py:830} INFO - Processing file /opt/airflow/dags/consumer.py for tasks to queue
[2024-06-26T14:14:08.107+0000] {logging_mixin.py:188} INFO - [2024-06-26T14:14:08.107+0000] {dagbag.py:545} INFO - Filling up the DagBag from /opt/airflow/dags/consumer.py
[2024-06-26T14:14:08.113+0000] {processor.py:840} INFO - DAG(s) 'consumer' retrieved from /opt/airflow/dags/consumer.py
[2024-06-26T14:14:08.127+0000] {logging_mixin.py:188} INFO - [2024-06-26T14:14:08.127+0000] {dag.py:3096} INFO - Sync 1 DAGs
[2024-06-26T14:14:08.139+0000] {logging_mixin.py:188} INFO - [2024-06-26T14:14:08.139+0000] {dag.py:3954} INFO - Setting next_dagrun for consumer to None, run_after=None
[2024-06-26T14:14:08.151+0000] {processor.py:183} INFO - Processing /opt/airflow/dags/consumer.py took 0.049 seconds
[2024-06-26T14:14:14.059+0000] {processor.py:161} INFO - Started process (PID=277) to work on /opt/airflow/dags/consumer.py
[2024-06-26T14:14:14.060+0000] {processor.py:830} INFO - Processing file /opt/airflow/dags/consumer.py for tasks to queue
[2024-06-26T14:14:14.061+0000] {logging_mixin.py:188} INFO - [2024-06-26T14:14:14.061+0000] {dagbag.py:545} INFO - Filling up the DagBag from /opt/airflow/dags/consumer.py
[2024-06-26T14:14:14.067+0000] {processor.py:840} INFO - DAG(s) 'consumer' retrieved from /opt/airflow/dags/consumer.py
[2024-06-26T14:14:14.081+0000] {logging_mixin.py:188} INFO - [2024-06-26T14:14:14.081+0000] {dag.py:3096} INFO - Sync 1 DAGs
[2024-06-26T14:14:14.092+0000] {logging_mixin.py:188} INFO - [2024-06-26T14:14:14.092+0000] {dag.py:3954} INFO - Setting next_dagrun for consumer to None, run_after=None
[2024-06-26T14:14:14.104+0000] {processor.py:183} INFO - Processing /opt/airflow/dags/consumer.py took 0.048 seconds
[2024-06-26T14:14:19.836+0000] {processor.py:161} INFO - Started process (PID=310) to work on /opt/airflow/dags/consumer.py
[2024-06-26T14:14:19.837+0000] {processor.py:830} INFO - Processing file /opt/airflow/dags/consumer.py for tasks to queue
[2024-06-26T14:14:19.838+0000] {logging_mixin.py:188} INFO - [2024-06-26T14:14:19.837+0000] {dagbag.py:545} INFO - Filling up the DagBag from /opt/airflow/dags/consumer.py
[2024-06-26T14:14:19.843+0000] {processor.py:840} INFO - DAG(s) 'consumer' retrieved from /opt/airflow/dags/consumer.py
[2024-06-26T14:14:19.857+0000] {logging_mixin.py:188} INFO - [2024-06-26T14:14:19.857+0000] {dag.py:3096} INFO - Sync 1 DAGs
[2024-06-26T14:14:19.869+0000] {logging_mixin.py:188} INFO - [2024-06-26T14:14:19.869+0000] {dag.py:3954} INFO - Setting next_dagrun for consumer to None, run_after=None
[2024-06-26T14:14:19.883+0000] {processor.py:183} INFO - Processing /opt/airflow/dags/consumer.py took 0.050 seconds
[2024-06-26T14:14:25.595+0000] {processor.py:161} INFO - Started process (PID=337) to work on /opt/airflow/dags/consumer.py
[2024-06-26T14:14:25.596+0000] {processor.py:830} INFO - Processing file /opt/airflow/dags/consumer.py for tasks to queue
[2024-06-26T14:14:25.597+0000] {logging_mixin.py:188} INFO - [2024-06-26T14:14:25.597+0000] {dagbag.py:545} INFO - Filling up the DagBag from /opt/airflow/dags/consumer.py
[2024-06-26T14:14:25.602+0000] {processor.py:840} INFO - DAG(s) 'consumer' retrieved from /opt/airflow/dags/consumer.py
[2024-06-26T14:14:25.615+0000] {logging_mixin.py:188} INFO - [2024-06-26T14:14:25.615+0000] {dag.py:3096} INFO - Sync 1 DAGs
[2024-06-26T14:14:25.627+0000] {logging_mixin.py:188} INFO - [2024-06-26T14:14:25.626+0000] {dag.py:3954} INFO - Setting next_dagrun for consumer to None, run_after=None
[2024-06-26T14:14:25.638+0000] {processor.py:183} INFO - Processing /opt/airflow/dags/consumer.py took 0.045 seconds
[2024-06-26T14:14:31.473+0000] {processor.py:161} INFO - Started process (PID=364) to work on /opt/airflow/dags/consumer.py
[2024-06-26T14:14:31.473+0000] {processor.py:830} INFO - Processing file /opt/airflow/dags/consumer.py for tasks to queue
[2024-06-26T14:14:31.474+0000] {logging_mixin.py:188} INFO - [2024-06-26T14:14:31.474+0000] {dagbag.py:545} INFO - Filling up the DagBag from /opt/airflow/dags/consumer.py
[2024-06-26T14:14:31.480+0000] {processor.py:840} INFO - DAG(s) 'consumer' retrieved from /opt/airflow/dags/consumer.py
[2024-06-26T14:14:31.494+0000] {logging_mixin.py:188} INFO - [2024-06-26T14:14:31.493+0000] {dag.py:3096} INFO - Sync 1 DAGs
[2024-06-26T14:14:31.505+0000] {logging_mixin.py:188} INFO - [2024-06-26T14:14:31.504+0000] {dag.py:3954} INFO - Setting next_dagrun for consumer to None, run_after=None
[2024-06-26T14:14:31.516+0000] {processor.py:183} INFO - Processing /opt/airflow/dags/consumer.py took 0.047 seconds
[2024-06-26T14:14:37.267+0000] {processor.py:161} INFO - Started process (PID=391) to work on /opt/airflow/dags/consumer.py
[2024-06-26T14:14:37.267+0000] {processor.py:830} INFO - Processing file /opt/airflow/dags/consumer.py for tasks to queue
[2024-06-26T14:14:37.268+0000] {logging_mixin.py:188} INFO - [2024-06-26T14:14:37.268+0000] {dagbag.py:545} INFO - Filling up the DagBag from /opt/airflow/dags/consumer.py
[2024-06-26T14:14:37.274+0000] {processor.py:840} INFO - DAG(s) 'consumer' retrieved from /opt/airflow/dags/consumer.py
[2024-06-26T14:14:37.287+0000] {logging_mixin.py:188} INFO - [2024-06-26T14:14:37.287+0000] {dag.py:3096} INFO - Sync 1 DAGs
[2024-06-26T14:14:37.298+0000] {logging_mixin.py:188} INFO - [2024-06-26T14:14:37.298+0000] {dag.py:3954} INFO - Setting next_dagrun for consumer to None, run_after=None
[2024-06-26T14:14:37.310+0000] {processor.py:183} INFO - Processing /opt/airflow/dags/consumer.py took 0.047 seconds
[2024-06-26T14:14:43.046+0000] {processor.py:161} INFO - Started process (PID=418) to work on /opt/airflow/dags/consumer.py
[2024-06-26T14:14:43.046+0000] {processor.py:830} INFO - Processing file /opt/airflow/dags/consumer.py for tasks to queue
[2024-06-26T14:14:43.047+0000] {logging_mixin.py:188} INFO - [2024-06-26T14:14:43.047+0000] {dagbag.py:545} INFO - Filling up the DagBag from /opt/airflow/dags/consumer.py
[2024-06-26T14:14:43.054+0000] {processor.py:840} INFO - DAG(s) 'consumer' retrieved from /opt/airflow/dags/consumer.py
[2024-06-26T14:14:43.066+0000] {logging_mixin.py:188} INFO - [2024-06-26T14:14:43.066+0000] {dag.py:3096} INFO - Sync 1 DAGs
[2024-06-26T14:14:43.077+0000] {logging_mixin.py:188} INFO - [2024-06-26T14:14:43.077+0000] {dag.py:3954} INFO - Setting next_dagrun for consumer to None, run_after=None
[2024-06-26T14:14:43.090+0000] {processor.py:183} INFO - Processing /opt/airflow/dags/consumer.py took 0.047 seconds
[2024-06-26T14:14:48.778+0000] {processor.py:161} INFO - Started process (PID=451) to work on /opt/airflow/dags/consumer.py
[2024-06-26T14:14:48.778+0000] {processor.py:830} INFO - Processing file /opt/airflow/dags/consumer.py for tasks to queue
[2024-06-26T14:14:48.779+0000] {logging_mixin.py:188} INFO - [2024-06-26T14:14:48.779+0000] {dagbag.py:545} INFO - Filling up the DagBag from /opt/airflow/dags/consumer.py
[2024-06-26T14:14:48.785+0000] {processor.py:840} INFO - DAG(s) 'consumer' retrieved from /opt/airflow/dags/consumer.py
[2024-06-26T14:14:48.799+0000] {logging_mixin.py:188} INFO - [2024-06-26T14:14:48.799+0000] {dag.py:3096} INFO - Sync 1 DAGs
[2024-06-26T14:14:48.811+0000] {logging_mixin.py:188} INFO - [2024-06-26T14:14:48.810+0000] {dag.py:3954} INFO - Setting next_dagrun for consumer to None, run_after=None
[2024-06-26T14:14:48.823+0000] {processor.py:183} INFO - Processing /opt/airflow/dags/consumer.py took 0.049 seconds
[2024-06-26T14:14:54.532+0000] {processor.py:161} INFO - Started process (PID=478) to work on /opt/airflow/dags/consumer.py
[2024-06-26T14:14:54.533+0000] {processor.py:830} INFO - Processing file /opt/airflow/dags/consumer.py for tasks to queue
[2024-06-26T14:14:54.534+0000] {logging_mixin.py:188} INFO - [2024-06-26T14:14:54.534+0000] {dagbag.py:545} INFO - Filling up the DagBag from /opt/airflow/dags/consumer.py
[2024-06-26T14:14:54.540+0000] {processor.py:840} INFO - DAG(s) 'consumer' retrieved from /opt/airflow/dags/consumer.py
[2024-06-26T14:14:54.552+0000] {logging_mixin.py:188} INFO - [2024-06-26T14:14:54.552+0000] {dag.py:3096} INFO - Sync 1 DAGs
[2024-06-26T14:14:54.564+0000] {logging_mixin.py:188} INFO - [2024-06-26T14:14:54.564+0000] {dag.py:3954} INFO - Setting next_dagrun for consumer to None, run_after=None
[2024-06-26T14:14:54.576+0000] {processor.py:183} INFO - Processing /opt/airflow/dags/consumer.py took 0.047 seconds
[2024-06-26T14:15:00.346+0000] {processor.py:161} INFO - Started process (PID=505) to work on /opt/airflow/dags/consumer.py
[2024-06-26T14:15:00.347+0000] {processor.py:830} INFO - Processing file /opt/airflow/dags/consumer.py for tasks to queue
[2024-06-26T14:15:00.348+0000] {logging_mixin.py:188} INFO - [2024-06-26T14:15:00.348+0000] {dagbag.py:545} INFO - Filling up the DagBag from /opt/airflow/dags/consumer.py
[2024-06-26T14:15:00.354+0000] {processor.py:840} INFO - DAG(s) 'consumer' retrieved from /opt/airflow/dags/consumer.py
[2024-06-26T14:15:00.367+0000] {logging_mixin.py:188} INFO - [2024-06-26T14:15:00.366+0000] {dag.py:3096} INFO - Sync 1 DAGs
[2024-06-26T14:15:00.378+0000] {logging_mixin.py:188} INFO - [2024-06-26T14:15:00.378+0000] {dag.py:3954} INFO - Setting next_dagrun for consumer to None, run_after=None
[2024-06-26T14:15:00.389+0000] {processor.py:183} INFO - Processing /opt/airflow/dags/consumer.py took 0.046 seconds
[2024-06-26T14:15:06.138+0000] {processor.py:161} INFO - Started process (PID=532) to work on /opt/airflow/dags/consumer.py
[2024-06-26T14:15:06.139+0000] {processor.py:830} INFO - Processing file /opt/airflow/dags/consumer.py for tasks to queue
[2024-06-26T14:15:06.140+0000] {logging_mixin.py:188} INFO - [2024-06-26T14:15:06.139+0000] {dagbag.py:545} INFO - Filling up the DagBag from /opt/airflow/dags/consumer.py
[2024-06-26T14:15:06.146+0000] {processor.py:840} INFO - DAG(s) 'consumer' retrieved from /opt/airflow/dags/consumer.py
[2024-06-26T14:15:06.159+0000] {logging_mixin.py:188} INFO - [2024-06-26T14:15:06.159+0000] {dag.py:3096} INFO - Sync 1 DAGs
[2024-06-26T14:15:06.170+0000] {logging_mixin.py:188} INFO - [2024-06-26T14:15:06.170+0000] {dag.py:3954} INFO - Setting next_dagrun for consumer to None, run_after=None
[2024-06-26T14:15:06.183+0000] {processor.py:183} INFO - Processing /opt/airflow/dags/consumer.py took 0.047 seconds
[2024-06-26T14:15:11.970+0000] {processor.py:161} INFO - Started process (PID=559) to work on /opt/airflow/dags/consumer.py
[2024-06-26T14:15:11.971+0000] {processor.py:830} INFO - Processing file /opt/airflow/dags/consumer.py for tasks to queue
[2024-06-26T14:15:11.972+0000] {logging_mixin.py:188} INFO - [2024-06-26T14:15:11.971+0000] {dagbag.py:545} INFO - Filling up the DagBag from /opt/airflow/dags/consumer.py
[2024-06-26T14:15:11.977+0000] {processor.py:840} INFO - DAG(s) 'consumer' retrieved from /opt/airflow/dags/consumer.py
[2024-06-26T14:15:11.991+0000] {logging_mixin.py:188} INFO - [2024-06-26T14:15:11.991+0000] {dag.py:3096} INFO - Sync 1 DAGs
[2024-06-26T14:15:12.003+0000] {logging_mixin.py:188} INFO - [2024-06-26T14:15:12.003+0000] {dag.py:3954} INFO - Setting next_dagrun for consumer to None, run_after=None
[2024-06-26T14:15:12.015+0000] {processor.py:183} INFO - Processing /opt/airflow/dags/consumer.py took 0.048 seconds
[2024-06-26T14:15:17.780+0000] {processor.py:161} INFO - Started process (PID=592) to work on /opt/airflow/dags/consumer.py
[2024-06-26T14:15:17.780+0000] {processor.py:830} INFO - Processing file /opt/airflow/dags/consumer.py for tasks to queue
[2024-06-26T14:15:17.781+0000] {logging_mixin.py:188} INFO - [2024-06-26T14:15:17.781+0000] {dagbag.py:545} INFO - Filling up the DagBag from /opt/airflow/dags/consumer.py
[2024-06-26T14:15:17.787+0000] {processor.py:840} INFO - DAG(s) 'consumer' retrieved from /opt/airflow/dags/consumer.py
[2024-06-26T14:15:17.799+0000] {logging_mixin.py:188} INFO - [2024-06-26T14:15:17.799+0000] {dag.py:3096} INFO - Sync 1 DAGs
[2024-06-26T14:15:17.810+0000] {logging_mixin.py:188} INFO - [2024-06-26T14:15:17.810+0000] {dag.py:3954} INFO - Setting next_dagrun for consumer to None, run_after=None
[2024-06-26T14:15:17.822+0000] {processor.py:183} INFO - Processing /opt/airflow/dags/consumer.py took 0.045 seconds
[2024-06-26T14:15:23.563+0000] {processor.py:161} INFO - Started process (PID=619) to work on /opt/airflow/dags/consumer.py
[2024-06-26T14:15:23.564+0000] {processor.py:830} INFO - Processing file /opt/airflow/dags/consumer.py for tasks to queue
[2024-06-26T14:15:23.565+0000] {logging_mixin.py:188} INFO - [2024-06-26T14:15:23.565+0000] {dagbag.py:545} INFO - Filling up the DagBag from /opt/airflow/dags/consumer.py
[2024-06-26T14:15:23.571+0000] {processor.py:840} INFO - DAG(s) 'consumer' retrieved from /opt/airflow/dags/consumer.py
[2024-06-26T14:15:23.588+0000] {logging_mixin.py:188} INFO - [2024-06-26T14:15:23.587+0000] {dag.py:3096} INFO - Sync 1 DAGs
[2024-06-26T14:15:23.604+0000] {logging_mixin.py:188} INFO - [2024-06-26T14:15:23.604+0000] {dag.py:3954} INFO - Setting next_dagrun for consumer to None, run_after=None
[2024-06-26T14:15:23.616+0000] {processor.py:183} INFO - Processing /opt/airflow/dags/consumer.py took 0.057 seconds
[2024-06-26T14:15:29.398+0000] {processor.py:161} INFO - Started process (PID=646) to work on /opt/airflow/dags/consumer.py
[2024-06-26T14:15:29.400+0000] {processor.py:830} INFO - Processing file /opt/airflow/dags/consumer.py for tasks to queue
[2024-06-26T14:15:29.401+0000] {logging_mixin.py:188} INFO - [2024-06-26T14:15:29.400+0000] {dagbag.py:545} INFO - Filling up the DagBag from /opt/airflow/dags/consumer.py
[2024-06-26T14:15:29.406+0000] {processor.py:840} INFO - DAG(s) 'consumer' retrieved from /opt/airflow/dags/consumer.py
[2024-06-26T14:15:29.418+0000] {logging_mixin.py:188} INFO - [2024-06-26T14:15:29.418+0000] {dag.py:3096} INFO - Sync 1 DAGs
[2024-06-26T14:15:29.430+0000] {logging_mixin.py:188} INFO - [2024-06-26T14:15:29.430+0000] {dag.py:3954} INFO - Setting next_dagrun for consumer to None, run_after=None
[2024-06-26T14:15:29.441+0000] {processor.py:183} INFO - Processing /opt/airflow/dags/consumer.py took 0.046 seconds
[2024-06-26T14:15:35.213+0000] {processor.py:161} INFO - Started process (PID=673) to work on /opt/airflow/dags/consumer.py
[2024-06-26T14:15:35.214+0000] {processor.py:830} INFO - Processing file /opt/airflow/dags/consumer.py for tasks to queue
[2024-06-26T14:15:35.215+0000] {logging_mixin.py:188} INFO - [2024-06-26T14:15:35.214+0000] {dagbag.py:545} INFO - Filling up the DagBag from /opt/airflow/dags/consumer.py
[2024-06-26T14:15:35.221+0000] {processor.py:840} INFO - DAG(s) 'consumer' retrieved from /opt/airflow/dags/consumer.py
[2024-06-26T14:15:35.233+0000] {logging_mixin.py:188} INFO - [2024-06-26T14:15:35.233+0000] {dag.py:3096} INFO - Sync 1 DAGs
[2024-06-26T14:15:35.246+0000] {logging_mixin.py:188} INFO - [2024-06-26T14:15:35.245+0000] {dag.py:3954} INFO - Setting next_dagrun for consumer to None, run_after=None
[2024-06-26T14:15:35.257+0000] {processor.py:183} INFO - Processing /opt/airflow/dags/consumer.py took 0.047 seconds
[2024-06-26T14:15:41.096+0000] {processor.py:161} INFO - Started process (PID=700) to work on /opt/airflow/dags/consumer.py
[2024-06-26T14:15:41.097+0000] {processor.py:830} INFO - Processing file /opt/airflow/dags/consumer.py for tasks to queue
[2024-06-26T14:15:41.098+0000] {logging_mixin.py:188} INFO - [2024-06-26T14:15:41.097+0000] {dagbag.py:545} INFO - Filling up the DagBag from /opt/airflow/dags/consumer.py
[2024-06-26T14:15:41.103+0000] {processor.py:840} INFO - DAG(s) 'consumer' retrieved from /opt/airflow/dags/consumer.py
[2024-06-26T14:15:41.117+0000] {logging_mixin.py:188} INFO - [2024-06-26T14:15:41.117+0000] {dag.py:3096} INFO - Sync 1 DAGs
[2024-06-26T14:15:41.129+0000] {logging_mixin.py:188} INFO - [2024-06-26T14:15:41.128+0000] {dag.py:3954} INFO - Setting next_dagrun for consumer to None, run_after=None
[2024-06-26T14:15:41.140+0000] {processor.py:183} INFO - Processing /opt/airflow/dags/consumer.py took 0.047 seconds
[2024-06-26T14:15:46.871+0000] {processor.py:161} INFO - Started process (PID=727) to work on /opt/airflow/dags/consumer.py
[2024-06-26T14:15:46.872+0000] {processor.py:830} INFO - Processing file /opt/airflow/dags/consumer.py for tasks to queue
[2024-06-26T14:15:46.873+0000] {logging_mixin.py:188} INFO - [2024-06-26T14:15:46.872+0000] {dagbag.py:545} INFO - Filling up the DagBag from /opt/airflow/dags/consumer.py
[2024-06-26T14:15:46.878+0000] {processor.py:840} INFO - DAG(s) 'consumer' retrieved from /opt/airflow/dags/consumer.py
[2024-06-26T14:15:46.891+0000] {logging_mixin.py:188} INFO - [2024-06-26T14:15:46.891+0000] {dag.py:3096} INFO - Sync 1 DAGs
[2024-06-26T14:15:46.902+0000] {logging_mixin.py:188} INFO - [2024-06-26T14:15:46.902+0000] {dag.py:3954} INFO - Setting next_dagrun for consumer to None, run_after=None
[2024-06-26T14:15:46.913+0000] {processor.py:183} INFO - Processing /opt/airflow/dags/consumer.py took 0.045 seconds
[2024-06-26T14:15:52.673+0000] {processor.py:161} INFO - Started process (PID=760) to work on /opt/airflow/dags/consumer.py
[2024-06-26T14:15:52.673+0000] {processor.py:830} INFO - Processing file /opt/airflow/dags/consumer.py for tasks to queue
[2024-06-26T14:15:52.674+0000] {logging_mixin.py:188} INFO - [2024-06-26T14:15:52.674+0000] {dagbag.py:545} INFO - Filling up the DagBag from /opt/airflow/dags/consumer.py
[2024-06-26T14:15:52.680+0000] {processor.py:840} INFO - DAG(s) 'consumer' retrieved from /opt/airflow/dags/consumer.py
[2024-06-26T14:15:52.695+0000] {logging_mixin.py:188} INFO - [2024-06-26T14:15:52.695+0000] {dag.py:3096} INFO - Sync 1 DAGs
[2024-06-26T14:15:52.708+0000] {logging_mixin.py:188} INFO - [2024-06-26T14:15:52.708+0000] {dag.py:3954} INFO - Setting next_dagrun for consumer to None, run_after=None
[2024-06-26T14:15:52.722+0000] {processor.py:183} INFO - Processing /opt/airflow/dags/consumer.py took 0.052 seconds
[2024-06-26T14:15:58.576+0000] {processor.py:161} INFO - Started process (PID=787) to work on /opt/airflow/dags/consumer.py
[2024-06-26T14:15:58.576+0000] {processor.py:830} INFO - Processing file /opt/airflow/dags/consumer.py for tasks to queue
[2024-06-26T14:15:58.577+0000] {logging_mixin.py:188} INFO - [2024-06-26T14:15:58.577+0000] {dagbag.py:545} INFO - Filling up the DagBag from /opt/airflow/dags/consumer.py
[2024-06-26T14:15:58.583+0000] {processor.py:840} INFO - DAG(s) 'consumer' retrieved from /opt/airflow/dags/consumer.py
[2024-06-26T14:15:58.596+0000] {logging_mixin.py:188} INFO - [2024-06-26T14:15:58.595+0000] {dag.py:3096} INFO - Sync 1 DAGs
[2024-06-26T14:15:58.608+0000] {logging_mixin.py:188} INFO - [2024-06-26T14:15:58.607+0000] {dag.py:3954} INFO - Setting next_dagrun for consumer to None, run_after=None
[2024-06-26T14:15:58.619+0000] {processor.py:183} INFO - Processing /opt/airflow/dags/consumer.py took 0.046 seconds
[2024-06-26T14:16:04.340+0000] {processor.py:161} INFO - Started process (PID=814) to work on /opt/airflow/dags/consumer.py
[2024-06-26T14:16:04.341+0000] {processor.py:830} INFO - Processing file /opt/airflow/dags/consumer.py for tasks to queue
[2024-06-26T14:16:04.342+0000] {logging_mixin.py:188} INFO - [2024-06-26T14:16:04.342+0000] {dagbag.py:545} INFO - Filling up the DagBag from /opt/airflow/dags/consumer.py
[2024-06-26T14:16:04.348+0000] {processor.py:840} INFO - DAG(s) 'consumer' retrieved from /opt/airflow/dags/consumer.py
[2024-06-26T14:16:04.360+0000] {logging_mixin.py:188} INFO - [2024-06-26T14:16:04.360+0000] {dag.py:3096} INFO - Sync 1 DAGs
[2024-06-26T14:16:04.372+0000] {logging_mixin.py:188} INFO - [2024-06-26T14:16:04.372+0000] {dag.py:3954} INFO - Setting next_dagrun for consumer to None, run_after=None
[2024-06-26T14:16:04.384+0000] {processor.py:183} INFO - Processing /opt/airflow/dags/consumer.py took 0.046 seconds
[2024-06-26T14:16:10.131+0000] {processor.py:161} INFO - Started process (PID=841) to work on /opt/airflow/dags/consumer.py
[2024-06-26T14:16:10.132+0000] {processor.py:830} INFO - Processing file /opt/airflow/dags/consumer.py for tasks to queue
[2024-06-26T14:16:10.133+0000] {logging_mixin.py:188} INFO - [2024-06-26T14:16:10.133+0000] {dagbag.py:545} INFO - Filling up the DagBag from /opt/airflow/dags/consumer.py
[2024-06-26T14:16:10.139+0000] {processor.py:840} INFO - DAG(s) 'consumer' retrieved from /opt/airflow/dags/consumer.py
[2024-06-26T14:16:10.152+0000] {logging_mixin.py:188} INFO - [2024-06-26T14:16:10.152+0000] {dag.py:3096} INFO - Sync 1 DAGs
[2024-06-26T14:16:10.163+0000] {logging_mixin.py:188} INFO - [2024-06-26T14:16:10.163+0000] {dag.py:3954} INFO - Setting next_dagrun for consumer to None, run_after=None
[2024-06-26T14:16:10.174+0000] {processor.py:183} INFO - Processing /opt/airflow/dags/consumer.py took 0.046 seconds
[2024-06-26T14:16:15.984+0000] {processor.py:161} INFO - Started process (PID=868) to work on /opt/airflow/dags/consumer.py
[2024-06-26T14:16:15.985+0000] {processor.py:830} INFO - Processing file /opt/airflow/dags/consumer.py for tasks to queue
[2024-06-26T14:16:15.986+0000] {logging_mixin.py:188} INFO - [2024-06-26T14:16:15.986+0000] {dagbag.py:545} INFO - Filling up the DagBag from /opt/airflow/dags/consumer.py
[2024-06-26T14:16:15.992+0000] {processor.py:840} INFO - DAG(s) 'consumer' retrieved from /opt/airflow/dags/consumer.py
[2024-06-26T14:16:16.005+0000] {logging_mixin.py:188} INFO - [2024-06-26T14:16:16.005+0000] {dag.py:3096} INFO - Sync 1 DAGs
[2024-06-26T14:16:16.017+0000] {logging_mixin.py:188} INFO - [2024-06-26T14:16:16.016+0000] {dag.py:3954} INFO - Setting next_dagrun for consumer to None, run_after=None
[2024-06-26T14:16:16.029+0000] {processor.py:183} INFO - Processing /opt/airflow/dags/consumer.py took 0.048 seconds
[2024-06-26T14:16:21.760+0000] {processor.py:161} INFO - Started process (PID=901) to work on /opt/airflow/dags/consumer.py
[2024-06-26T14:16:21.760+0000] {processor.py:830} INFO - Processing file /opt/airflow/dags/consumer.py for tasks to queue
[2024-06-26T14:16:21.761+0000] {logging_mixin.py:188} INFO - [2024-06-26T14:16:21.761+0000] {dagbag.py:545} INFO - Filling up the DagBag from /opt/airflow/dags/consumer.py
[2024-06-26T14:16:21.767+0000] {processor.py:840} INFO - DAG(s) 'consumer' retrieved from /opt/airflow/dags/consumer.py
[2024-06-26T14:16:21.780+0000] {logging_mixin.py:188} INFO - [2024-06-26T14:16:21.779+0000] {dag.py:3096} INFO - Sync 1 DAGs
[2024-06-26T14:16:21.791+0000] {logging_mixin.py:188} INFO - [2024-06-26T14:16:21.790+0000] {dag.py:3954} INFO - Setting next_dagrun for consumer to None, run_after=None
[2024-06-26T14:16:21.806+0000] {processor.py:183} INFO - Processing /opt/airflow/dags/consumer.py took 0.049 seconds
[2024-06-26T14:16:27.590+0000] {processor.py:161} INFO - Started process (PID=928) to work on /opt/airflow/dags/consumer.py
[2024-06-26T14:16:27.590+0000] {processor.py:830} INFO - Processing file /opt/airflow/dags/consumer.py for tasks to queue
[2024-06-26T14:16:27.591+0000] {logging_mixin.py:188} INFO - [2024-06-26T14:16:27.591+0000] {dagbag.py:545} INFO - Filling up the DagBag from /opt/airflow/dags/consumer.py
[2024-06-26T14:16:27.597+0000] {processor.py:840} INFO - DAG(s) 'consumer' retrieved from /opt/airflow/dags/consumer.py
[2024-06-26T14:16:27.609+0000] {logging_mixin.py:188} INFO - [2024-06-26T14:16:27.609+0000] {dag.py:3096} INFO - Sync 1 DAGs
[2024-06-26T14:16:27.621+0000] {logging_mixin.py:188} INFO - [2024-06-26T14:16:27.621+0000] {dag.py:3954} INFO - Setting next_dagrun for consumer to None, run_after=None
[2024-06-26T14:16:27.634+0000] {processor.py:183} INFO - Processing /opt/airflow/dags/consumer.py took 0.047 seconds
[2024-06-26T14:16:33.369+0000] {processor.py:161} INFO - Started process (PID=955) to work on /opt/airflow/dags/consumer.py
[2024-06-26T14:16:33.369+0000] {processor.py:830} INFO - Processing file /opt/airflow/dags/consumer.py for tasks to queue
[2024-06-26T14:16:33.370+0000] {logging_mixin.py:188} INFO - [2024-06-26T14:16:33.370+0000] {dagbag.py:545} INFO - Filling up the DagBag from /opt/airflow/dags/consumer.py
[2024-06-26T14:16:33.377+0000] {processor.py:840} INFO - DAG(s) 'consumer' retrieved from /opt/airflow/dags/consumer.py
[2024-06-26T14:16:33.389+0000] {logging_mixin.py:188} INFO - [2024-06-26T14:16:33.389+0000] {dag.py:3096} INFO - Sync 1 DAGs
[2024-06-26T14:16:33.401+0000] {logging_mixin.py:188} INFO - [2024-06-26T14:16:33.401+0000] {dag.py:3954} INFO - Setting next_dagrun for consumer to None, run_after=None
[2024-06-26T14:16:33.412+0000] {processor.py:183} INFO - Processing /opt/airflow/dags/consumer.py took 0.046 seconds
[2024-06-26T14:16:39.158+0000] {processor.py:161} INFO - Started process (PID=982) to work on /opt/airflow/dags/consumer.py
[2024-06-26T14:16:39.158+0000] {processor.py:830} INFO - Processing file /opt/airflow/dags/consumer.py for tasks to queue
[2024-06-26T14:16:39.159+0000] {logging_mixin.py:188} INFO - [2024-06-26T14:16:39.159+0000] {dagbag.py:545} INFO - Filling up the DagBag from /opt/airflow/dags/consumer.py
[2024-06-26T14:16:39.165+0000] {processor.py:840} INFO - DAG(s) 'consumer' retrieved from /opt/airflow/dags/consumer.py
[2024-06-26T14:16:39.178+0000] {logging_mixin.py:188} INFO - [2024-06-26T14:16:39.178+0000] {dag.py:3096} INFO - Sync 1 DAGs
[2024-06-26T14:16:39.189+0000] {logging_mixin.py:188} INFO - [2024-06-26T14:16:39.188+0000] {dag.py:3954} INFO - Setting next_dagrun for consumer to None, run_after=None
[2024-06-26T14:16:39.200+0000] {processor.py:183} INFO - Processing /opt/airflow/dags/consumer.py took 0.045 seconds
[2024-06-26T14:16:44.943+0000] {processor.py:161} INFO - Started process (PID=1009) to work on /opt/airflow/dags/consumer.py
[2024-06-26T14:16:44.943+0000] {processor.py:830} INFO - Processing file /opt/airflow/dags/consumer.py for tasks to queue
[2024-06-26T14:16:44.944+0000] {logging_mixin.py:188} INFO - [2024-06-26T14:16:44.944+0000] {dagbag.py:545} INFO - Filling up the DagBag from /opt/airflow/dags/consumer.py
[2024-06-26T14:16:44.950+0000] {processor.py:840} INFO - DAG(s) 'consumer' retrieved from /opt/airflow/dags/consumer.py
[2024-06-26T14:16:44.963+0000] {logging_mixin.py:188} INFO - [2024-06-26T14:16:44.963+0000] {dag.py:3096} INFO - Sync 1 DAGs
[2024-06-26T14:16:44.974+0000] {logging_mixin.py:188} INFO - [2024-06-26T14:16:44.974+0000] {dag.py:3954} INFO - Setting next_dagrun for consumer to None, run_after=None
[2024-06-26T14:16:44.987+0000] {processor.py:183} INFO - Processing /opt/airflow/dags/consumer.py took 0.047 seconds
[2024-06-26T14:16:50.778+0000] {processor.py:161} INFO - Started process (PID=1042) to work on /opt/airflow/dags/consumer.py
[2024-06-26T14:16:50.779+0000] {processor.py:830} INFO - Processing file /opt/airflow/dags/consumer.py for tasks to queue
[2024-06-26T14:16:50.779+0000] {logging_mixin.py:188} INFO - [2024-06-26T14:16:50.779+0000] {dagbag.py:545} INFO - Filling up the DagBag from /opt/airflow/dags/consumer.py
[2024-06-26T14:16:50.785+0000] {processor.py:840} INFO - DAG(s) 'consumer' retrieved from /opt/airflow/dags/consumer.py
[2024-06-26T14:16:50.798+0000] {logging_mixin.py:188} INFO - [2024-06-26T14:16:50.797+0000] {dag.py:3096} INFO - Sync 1 DAGs
[2024-06-26T14:16:50.809+0000] {logging_mixin.py:188} INFO - [2024-06-26T14:16:50.809+0000] {dag.py:3954} INFO - Setting next_dagrun for consumer to None, run_after=None
[2024-06-26T14:16:50.819+0000] {processor.py:183} INFO - Processing /opt/airflow/dags/consumer.py took 0.044 seconds
[2024-06-26T14:16:56.609+0000] {processor.py:161} INFO - Started process (PID=1069) to work on /opt/airflow/dags/consumer.py
[2024-06-26T14:16:56.610+0000] {processor.py:830} INFO - Processing file /opt/airflow/dags/consumer.py for tasks to queue
[2024-06-26T14:16:56.611+0000] {logging_mixin.py:188} INFO - [2024-06-26T14:16:56.610+0000] {dagbag.py:545} INFO - Filling up the DagBag from /opt/airflow/dags/consumer.py
[2024-06-26T14:16:56.616+0000] {processor.py:840} INFO - DAG(s) 'consumer' retrieved from /opt/airflow/dags/consumer.py
[2024-06-26T14:16:56.628+0000] {logging_mixin.py:188} INFO - [2024-06-26T14:16:56.628+0000] {dag.py:3096} INFO - Sync 1 DAGs
[2024-06-26T14:16:56.639+0000] {logging_mixin.py:188} INFO - [2024-06-26T14:16:56.639+0000] {dag.py:3954} INFO - Setting next_dagrun for consumer to None, run_after=None
[2024-06-26T14:16:56.655+0000] {processor.py:183} INFO - Processing /opt/airflow/dags/consumer.py took 0.049 seconds
[2024-06-26T14:17:02.426+0000] {processor.py:161} INFO - Started process (PID=1096) to work on /opt/airflow/dags/consumer.py
[2024-06-26T14:17:02.427+0000] {processor.py:830} INFO - Processing file /opt/airflow/dags/consumer.py for tasks to queue
[2024-06-26T14:17:02.428+0000] {logging_mixin.py:188} INFO - [2024-06-26T14:17:02.428+0000] {dagbag.py:545} INFO - Filling up the DagBag from /opt/airflow/dags/consumer.py
[2024-06-26T14:17:02.434+0000] {processor.py:840} INFO - DAG(s) 'consumer' retrieved from /opt/airflow/dags/consumer.py
[2024-06-26T14:17:02.447+0000] {logging_mixin.py:188} INFO - [2024-06-26T14:17:02.446+0000] {dag.py:3096} INFO - Sync 1 DAGs
[2024-06-26T14:17:02.458+0000] {logging_mixin.py:188} INFO - [2024-06-26T14:17:02.458+0000] {dag.py:3954} INFO - Setting next_dagrun for consumer to None, run_after=None
[2024-06-26T14:17:02.471+0000] {processor.py:183} INFO - Processing /opt/airflow/dags/consumer.py took 0.048 seconds
[2024-06-26T14:17:08.149+0000] {processor.py:161} INFO - Started process (PID=1123) to work on /opt/airflow/dags/consumer.py
[2024-06-26T14:17:08.150+0000] {processor.py:830} INFO - Processing file /opt/airflow/dags/consumer.py for tasks to queue
[2024-06-26T14:17:08.151+0000] {logging_mixin.py:188} INFO - [2024-06-26T14:17:08.151+0000] {dagbag.py:545} INFO - Filling up the DagBag from /opt/airflow/dags/consumer.py
[2024-06-26T14:17:08.158+0000] {processor.py:840} INFO - DAG(s) 'consumer' retrieved from /opt/airflow/dags/consumer.py
[2024-06-26T14:17:08.170+0000] {logging_mixin.py:188} INFO - [2024-06-26T14:17:08.170+0000] {dag.py:3096} INFO - Sync 1 DAGs
[2024-06-26T14:17:08.181+0000] {logging_mixin.py:188} INFO - [2024-06-26T14:17:08.181+0000] {dag.py:3954} INFO - Setting next_dagrun for consumer to None, run_after=None
[2024-06-26T14:17:08.193+0000] {processor.py:183} INFO - Processing /opt/airflow/dags/consumer.py took 0.047 seconds
[2024-06-26T14:17:13.974+0000] {processor.py:161} INFO - Started process (PID=1150) to work on /opt/airflow/dags/consumer.py
[2024-06-26T14:17:13.975+0000] {processor.py:830} INFO - Processing file /opt/airflow/dags/consumer.py for tasks to queue
[2024-06-26T14:17:13.976+0000] {logging_mixin.py:188} INFO - [2024-06-26T14:17:13.975+0000] {dagbag.py:545} INFO - Filling up the DagBag from /opt/airflow/dags/consumer.py
[2024-06-26T14:17:13.981+0000] {processor.py:840} INFO - DAG(s) 'consumer' retrieved from /opt/airflow/dags/consumer.py
[2024-06-26T14:17:13.993+0000] {logging_mixin.py:188} INFO - [2024-06-26T14:17:13.993+0000] {dag.py:3096} INFO - Sync 1 DAGs
[2024-06-26T14:17:14.004+0000] {logging_mixin.py:188} INFO - [2024-06-26T14:17:14.004+0000] {dag.py:3954} INFO - Setting next_dagrun for consumer to None, run_after=None
[2024-06-26T14:17:14.015+0000] {processor.py:183} INFO - Processing /opt/airflow/dags/consumer.py took 0.044 seconds
[2024-06-26T14:17:19.757+0000] {processor.py:161} INFO - Started process (PID=1183) to work on /opt/airflow/dags/consumer.py
[2024-06-26T14:17:19.758+0000] {processor.py:830} INFO - Processing file /opt/airflow/dags/consumer.py for tasks to queue
[2024-06-26T14:17:19.759+0000] {logging_mixin.py:188} INFO - [2024-06-26T14:17:19.759+0000] {dagbag.py:545} INFO - Filling up the DagBag from /opt/airflow/dags/consumer.py
[2024-06-26T14:17:19.764+0000] {processor.py:840} INFO - DAG(s) 'consumer' retrieved from /opt/airflow/dags/consumer.py
[2024-06-26T14:17:19.777+0000] {logging_mixin.py:188} INFO - [2024-06-26T14:17:19.777+0000] {dag.py:3096} INFO - Sync 1 DAGs
[2024-06-26T14:17:19.787+0000] {logging_mixin.py:188} INFO - [2024-06-26T14:17:19.787+0000] {dag.py:3954} INFO - Setting next_dagrun for consumer to None, run_after=None
[2024-06-26T14:17:19.800+0000] {processor.py:183} INFO - Processing /opt/airflow/dags/consumer.py took 0.046 seconds
[2024-06-26T14:17:25.496+0000] {processor.py:161} INFO - Started process (PID=1210) to work on /opt/airflow/dags/consumer.py
[2024-06-26T14:17:25.496+0000] {processor.py:830} INFO - Processing file /opt/airflow/dags/consumer.py for tasks to queue
[2024-06-26T14:17:25.497+0000] {logging_mixin.py:188} INFO - [2024-06-26T14:17:25.497+0000] {dagbag.py:545} INFO - Filling up the DagBag from /opt/airflow/dags/consumer.py
[2024-06-26T14:17:25.503+0000] {processor.py:840} INFO - DAG(s) 'consumer' retrieved from /opt/airflow/dags/consumer.py
[2024-06-26T14:17:25.515+0000] {logging_mixin.py:188} INFO - [2024-06-26T14:17:25.515+0000] {dag.py:3096} INFO - Sync 1 DAGs
[2024-06-26T14:17:25.526+0000] {logging_mixin.py:188} INFO - [2024-06-26T14:17:25.525+0000] {dag.py:3954} INFO - Setting next_dagrun for consumer to None, run_after=None
[2024-06-26T14:17:25.536+0000] {processor.py:183} INFO - Processing /opt/airflow/dags/consumer.py took 0.043 seconds
[2024-06-26T14:17:31.202+0000] {processor.py:161} INFO - Started process (PID=1237) to work on /opt/airflow/dags/consumer.py
[2024-06-26T14:17:31.202+0000] {processor.py:830} INFO - Processing file /opt/airflow/dags/consumer.py for tasks to queue
[2024-06-26T14:17:31.203+0000] {logging_mixin.py:188} INFO - [2024-06-26T14:17:31.203+0000] {dagbag.py:545} INFO - Filling up the DagBag from /opt/airflow/dags/consumer.py
[2024-06-26T14:17:31.209+0000] {processor.py:840} INFO - DAG(s) 'consumer' retrieved from /opt/airflow/dags/consumer.py
[2024-06-26T14:17:31.221+0000] {logging_mixin.py:188} INFO - [2024-06-26T14:17:31.221+0000] {dag.py:3096} INFO - Sync 1 DAGs
[2024-06-26T14:17:31.232+0000] {logging_mixin.py:188} INFO - [2024-06-26T14:17:31.232+0000] {dag.py:3954} INFO - Setting next_dagrun for consumer to None, run_after=None
[2024-06-26T14:17:31.243+0000] {processor.py:183} INFO - Processing /opt/airflow/dags/consumer.py took 0.044 seconds
[2024-06-26T14:17:36.960+0000] {processor.py:161} INFO - Started process (PID=1264) to work on /opt/airflow/dags/consumer.py
[2024-06-26T14:17:36.960+0000] {processor.py:830} INFO - Processing file /opt/airflow/dags/consumer.py for tasks to queue
[2024-06-26T14:17:36.961+0000] {logging_mixin.py:188} INFO - [2024-06-26T14:17:36.961+0000] {dagbag.py:545} INFO - Filling up the DagBag from /opt/airflow/dags/consumer.py
[2024-06-26T14:17:36.967+0000] {processor.py:840} INFO - DAG(s) 'consumer' retrieved from /opt/airflow/dags/consumer.py
[2024-06-26T14:17:36.979+0000] {logging_mixin.py:188} INFO - [2024-06-26T14:17:36.979+0000] {dag.py:3096} INFO - Sync 1 DAGs
[2024-06-26T14:17:36.990+0000] {logging_mixin.py:188} INFO - [2024-06-26T14:17:36.989+0000] {dag.py:3954} INFO - Setting next_dagrun for consumer to None, run_after=None
[2024-06-26T14:17:37.001+0000] {processor.py:183} INFO - Processing /opt/airflow/dags/consumer.py took 0.044 seconds
[2024-06-26T14:17:42.705+0000] {processor.py:161} INFO - Started process (PID=1291) to work on /opt/airflow/dags/consumer.py
[2024-06-26T14:17:42.705+0000] {processor.py:830} INFO - Processing file /opt/airflow/dags/consumer.py for tasks to queue
[2024-06-26T14:17:42.706+0000] {logging_mixin.py:188} INFO - [2024-06-26T14:17:42.706+0000] {dagbag.py:545} INFO - Filling up the DagBag from /opt/airflow/dags/consumer.py
[2024-06-26T14:17:42.712+0000] {processor.py:840} INFO - DAG(s) 'consumer' retrieved from /opt/airflow/dags/consumer.py
[2024-06-26T14:17:42.723+0000] {logging_mixin.py:188} INFO - [2024-06-26T14:17:42.723+0000] {dag.py:3096} INFO - Sync 1 DAGs
[2024-06-26T14:17:42.734+0000] {logging_mixin.py:188} INFO - [2024-06-26T14:17:42.734+0000] {dag.py:3954} INFO - Setting next_dagrun for consumer to None, run_after=None
[2024-06-26T14:17:42.746+0000] {processor.py:183} INFO - Processing /opt/airflow/dags/consumer.py took 0.044 seconds
[2024-06-26T14:17:48.516+0000] {processor.py:161} INFO - Started process (PID=1324) to work on /opt/airflow/dags/consumer.py
[2024-06-26T14:17:48.517+0000] {processor.py:830} INFO - Processing file /opt/airflow/dags/consumer.py for tasks to queue
[2024-06-26T14:17:48.517+0000] {logging_mixin.py:188} INFO - [2024-06-26T14:17:48.517+0000] {dagbag.py:545} INFO - Filling up the DagBag from /opt/airflow/dags/consumer.py
[2024-06-26T14:17:48.523+0000] {processor.py:840} INFO - DAG(s) 'consumer' retrieved from /opt/airflow/dags/consumer.py
[2024-06-26T14:17:48.535+0000] {logging_mixin.py:188} INFO - [2024-06-26T14:17:48.535+0000] {dag.py:3096} INFO - Sync 1 DAGs
[2024-06-26T14:17:48.546+0000] {logging_mixin.py:188} INFO - [2024-06-26T14:17:48.546+0000] {dag.py:3954} INFO - Setting next_dagrun for consumer to None, run_after=None
[2024-06-26T14:17:48.557+0000] {processor.py:183} INFO - Processing /opt/airflow/dags/consumer.py took 0.044 seconds
[2024-06-26T14:17:54.297+0000] {processor.py:161} INFO - Started process (PID=1351) to work on /opt/airflow/dags/consumer.py
[2024-06-26T14:17:54.297+0000] {processor.py:830} INFO - Processing file /opt/airflow/dags/consumer.py for tasks to queue
[2024-06-26T14:17:54.298+0000] {logging_mixin.py:188} INFO - [2024-06-26T14:17:54.298+0000] {dagbag.py:545} INFO - Filling up the DagBag from /opt/airflow/dags/consumer.py
[2024-06-26T14:17:54.303+0000] {processor.py:840} INFO - DAG(s) 'consumer' retrieved from /opt/airflow/dags/consumer.py
[2024-06-26T14:17:54.315+0000] {logging_mixin.py:188} INFO - [2024-06-26T14:17:54.315+0000] {dag.py:3096} INFO - Sync 1 DAGs
[2024-06-26T14:17:54.326+0000] {logging_mixin.py:188} INFO - [2024-06-26T14:17:54.326+0000] {dag.py:3954} INFO - Setting next_dagrun for consumer to None, run_after=None
[2024-06-26T14:17:54.337+0000] {processor.py:183} INFO - Processing /opt/airflow/dags/consumer.py took 0.044 seconds
[2024-06-26T14:18:00.011+0000] {processor.py:161} INFO - Started process (PID=1378) to work on /opt/airflow/dags/consumer.py
[2024-06-26T14:18:00.011+0000] {processor.py:830} INFO - Processing file /opt/airflow/dags/consumer.py for tasks to queue
[2024-06-26T14:18:00.012+0000] {logging_mixin.py:188} INFO - [2024-06-26T14:18:00.012+0000] {dagbag.py:545} INFO - Filling up the DagBag from /opt/airflow/dags/consumer.py
[2024-06-26T14:18:00.018+0000] {processor.py:840} INFO - DAG(s) 'consumer' retrieved from /opt/airflow/dags/consumer.py
[2024-06-26T14:18:00.030+0000] {logging_mixin.py:188} INFO - [2024-06-26T14:18:00.030+0000] {dag.py:3096} INFO - Sync 1 DAGs
[2024-06-26T14:18:00.044+0000] {logging_mixin.py:188} INFO - [2024-06-26T14:18:00.043+0000] {dag.py:3954} INFO - Setting next_dagrun for consumer to None, run_after=None
[2024-06-26T14:18:00.058+0000] {processor.py:183} INFO - Processing /opt/airflow/dags/consumer.py took 0.050 seconds
[2024-06-26T14:18:05.755+0000] {processor.py:161} INFO - Started process (PID=1405) to work on /opt/airflow/dags/consumer.py
[2024-06-26T14:18:05.756+0000] {processor.py:830} INFO - Processing file /opt/airflow/dags/consumer.py for tasks to queue
[2024-06-26T14:18:05.757+0000] {logging_mixin.py:188} INFO - [2024-06-26T14:18:05.757+0000] {dagbag.py:545} INFO - Filling up the DagBag from /opt/airflow/dags/consumer.py
[2024-06-26T14:18:05.762+0000] {processor.py:840} INFO - DAG(s) 'consumer' retrieved from /opt/airflow/dags/consumer.py
[2024-06-26T14:18:05.775+0000] {logging_mixin.py:188} INFO - [2024-06-26T14:18:05.775+0000] {dag.py:3096} INFO - Sync 1 DAGs
[2024-06-26T14:18:05.786+0000] {logging_mixin.py:188} INFO - [2024-06-26T14:18:05.786+0000] {dag.py:3954} INFO - Setting next_dagrun for consumer to None, run_after=None
[2024-06-26T14:18:05.798+0000] {processor.py:183} INFO - Processing /opt/airflow/dags/consumer.py took 0.046 seconds
