[2024-06-26T14:13:29.745+0000] {processor.py:161} INFO - Started process (PID=55) to work on /opt/airflow/dags/dagcomplexa.py
[2024-06-26T14:13:29.745+0000] {processor.py:830} INFO - Processing file /opt/airflow/dags/dagcomplexa.py for tasks to queue
[2024-06-26T14:13:29.746+0000] {logging_mixin.py:188} INFO - [2024-06-26T14:13:29.746+0000] {dagbag.py:545} INFO - Filling up the DagBag from /opt/airflow/dags/dagcomplexa.py
[2024-06-26T14:13:29.751+0000] {processor.py:840} INFO - DAG(s) 'dagcomplexa' retrieved from /opt/airflow/dags/dagcomplexa.py
[2024-06-26T14:13:29.812+0000] {logging_mixin.py:188} INFO - [2024-06-26T14:13:29.812+0000] {dag.py:3096} INFO - Sync 1 DAGs
[2024-06-26T14:13:29.818+0000] {logging_mixin.py:188} INFO - [2024-06-26T14:13:29.818+0000] {dag.py:3954} INFO - Setting next_dagrun for dagcomplexa to None, run_after=None
[2024-06-26T14:13:29.828+0000] {processor.py:183} INFO - Processing /opt/airflow/dags/dagcomplexa.py took 0.085 seconds
[2024-06-26T14:13:35.646+0000] {processor.py:161} INFO - Started process (PID=82) to work on /opt/airflow/dags/dagcomplexa.py
[2024-06-26T14:13:35.646+0000] {processor.py:830} INFO - Processing file /opt/airflow/dags/dagcomplexa.py for tasks to queue
[2024-06-26T14:13:35.647+0000] {logging_mixin.py:188} INFO - [2024-06-26T14:13:35.647+0000] {dagbag.py:545} INFO - Filling up the DagBag from /opt/airflow/dags/dagcomplexa.py
[2024-06-26T14:13:35.654+0000] {processor.py:840} INFO - DAG(s) 'dagcomplexa' retrieved from /opt/airflow/dags/dagcomplexa.py
[2024-06-26T14:13:35.662+0000] {logging_mixin.py:188} INFO - [2024-06-26T14:13:35.662+0000] {dag.py:3096} INFO - Sync 1 DAGs
[2024-06-26T14:13:35.674+0000] {logging_mixin.py:188} INFO - [2024-06-26T14:13:35.673+0000] {dag.py:3954} INFO - Setting next_dagrun for dagcomplexa to None, run_after=None
[2024-06-26T14:13:35.686+0000] {processor.py:183} INFO - Processing /opt/airflow/dags/dagcomplexa.py took 0.044 seconds
[2024-06-26T14:13:41.481+0000] {processor.py:161} INFO - Started process (PID=109) to work on /opt/airflow/dags/dagcomplexa.py
[2024-06-26T14:13:41.481+0000] {processor.py:830} INFO - Processing file /opt/airflow/dags/dagcomplexa.py for tasks to queue
[2024-06-26T14:13:41.482+0000] {logging_mixin.py:188} INFO - [2024-06-26T14:13:41.482+0000] {dagbag.py:545} INFO - Filling up the DagBag from /opt/airflow/dags/dagcomplexa.py
[2024-06-26T14:13:41.487+0000] {processor.py:840} INFO - DAG(s) 'dagcomplexa' retrieved from /opt/airflow/dags/dagcomplexa.py
[2024-06-26T14:13:41.493+0000] {logging_mixin.py:188} INFO - [2024-06-26T14:13:41.493+0000] {dag.py:3096} INFO - Sync 1 DAGs
[2024-06-26T14:13:41.500+0000] {logging_mixin.py:188} INFO - [2024-06-26T14:13:41.500+0000] {dag.py:3954} INFO - Setting next_dagrun for dagcomplexa to None, run_after=None
[2024-06-26T14:13:41.512+0000] {processor.py:183} INFO - Processing /opt/airflow/dags/dagcomplexa.py took 0.034 seconds
[2024-06-26T14:13:47.269+0000] {processor.py:161} INFO - Started process (PID=136) to work on /opt/airflow/dags/dagcomplexa.py
[2024-06-26T14:13:47.270+0000] {processor.py:830} INFO - Processing file /opt/airflow/dags/dagcomplexa.py for tasks to queue
[2024-06-26T14:13:47.271+0000] {logging_mixin.py:188} INFO - [2024-06-26T14:13:47.271+0000] {dagbag.py:545} INFO - Filling up the DagBag from /opt/airflow/dags/dagcomplexa.py
[2024-06-26T14:13:47.276+0000] {processor.py:840} INFO - DAG(s) 'dagcomplexa' retrieved from /opt/airflow/dags/dagcomplexa.py
[2024-06-26T14:13:47.283+0000] {logging_mixin.py:188} INFO - [2024-06-26T14:13:47.282+0000] {dag.py:3096} INFO - Sync 1 DAGs
[2024-06-26T14:13:47.290+0000] {logging_mixin.py:188} INFO - [2024-06-26T14:13:47.290+0000] {dag.py:3954} INFO - Setting next_dagrun for dagcomplexa to None, run_after=None
[2024-06-26T14:13:47.302+0000] {processor.py:183} INFO - Processing /opt/airflow/dags/dagcomplexa.py took 0.037 seconds
[2024-06-26T14:13:52.918+0000] {processor.py:161} INFO - Started process (PID=169) to work on /opt/airflow/dags/dagcomplexa.py
[2024-06-26T14:13:52.919+0000] {processor.py:830} INFO - Processing file /opt/airflow/dags/dagcomplexa.py for tasks to queue
[2024-06-26T14:13:52.920+0000] {logging_mixin.py:188} INFO - [2024-06-26T14:13:52.920+0000] {dagbag.py:545} INFO - Filling up the DagBag from /opt/airflow/dags/dagcomplexa.py
[2024-06-26T14:13:52.925+0000] {processor.py:840} INFO - DAG(s) 'dagcomplexa' retrieved from /opt/airflow/dags/dagcomplexa.py
[2024-06-26T14:13:52.931+0000] {logging_mixin.py:188} INFO - [2024-06-26T14:13:52.931+0000] {dag.py:3096} INFO - Sync 1 DAGs
[2024-06-26T14:13:52.938+0000] {logging_mixin.py:188} INFO - [2024-06-26T14:13:52.938+0000] {dag.py:3954} INFO - Setting next_dagrun for dagcomplexa to None, run_after=None
[2024-06-26T14:13:52.948+0000] {processor.py:183} INFO - Processing /opt/airflow/dags/dagcomplexa.py took 0.032 seconds
[2024-06-26T14:13:58.922+0000] {processor.py:161} INFO - Started process (PID=209) to work on /opt/airflow/dags/dagcomplexa.py
[2024-06-26T14:13:58.922+0000] {processor.py:830} INFO - Processing file /opt/airflow/dags/dagcomplexa.py for tasks to queue
[2024-06-26T14:13:58.923+0000] {logging_mixin.py:188} INFO - [2024-06-26T14:13:58.923+0000] {dagbag.py:545} INFO - Filling up the DagBag from /opt/airflow/dags/dagcomplexa.py
[2024-06-26T14:13:58.929+0000] {processor.py:840} INFO - DAG(s) 'dagcomplexa' retrieved from /opt/airflow/dags/dagcomplexa.py
[2024-06-26T14:13:58.935+0000] {logging_mixin.py:188} INFO - [2024-06-26T14:13:58.935+0000] {dag.py:3096} INFO - Sync 1 DAGs
[2024-06-26T14:13:58.942+0000] {logging_mixin.py:188} INFO - [2024-06-26T14:13:58.942+0000] {dag.py:3954} INFO - Setting next_dagrun for dagcomplexa to None, run_after=None
[2024-06-26T14:13:58.951+0000] {processor.py:183} INFO - Processing /opt/airflow/dags/dagcomplexa.py took 0.032 seconds
[2024-06-26T14:14:04.720+0000] {processor.py:161} INFO - Started process (PID=236) to work on /opt/airflow/dags/dagcomplexa.py
[2024-06-26T14:14:04.721+0000] {processor.py:830} INFO - Processing file /opt/airflow/dags/dagcomplexa.py for tasks to queue
[2024-06-26T14:14:04.722+0000] {logging_mixin.py:188} INFO - [2024-06-26T14:14:04.722+0000] {dagbag.py:545} INFO - Filling up the DagBag from /opt/airflow/dags/dagcomplexa.py
[2024-06-26T14:14:04.727+0000] {processor.py:840} INFO - DAG(s) 'dagcomplexa' retrieved from /opt/airflow/dags/dagcomplexa.py
[2024-06-26T14:14:04.740+0000] {logging_mixin.py:188} INFO - [2024-06-26T14:14:04.740+0000] {dag.py:3096} INFO - Sync 1 DAGs
[2024-06-26T14:14:04.747+0000] {logging_mixin.py:188} INFO - [2024-06-26T14:14:04.747+0000] {dag.py:3954} INFO - Setting next_dagrun for dagcomplexa to None, run_after=None
[2024-06-26T14:14:04.757+0000] {processor.py:183} INFO - Processing /opt/airflow/dags/dagcomplexa.py took 0.041 seconds
[2024-06-26T14:14:10.639+0000] {processor.py:161} INFO - Started process (PID=263) to work on /opt/airflow/dags/dagcomplexa.py
[2024-06-26T14:14:10.639+0000] {processor.py:830} INFO - Processing file /opt/airflow/dags/dagcomplexa.py for tasks to queue
[2024-06-26T14:14:10.641+0000] {logging_mixin.py:188} INFO - [2024-06-26T14:14:10.640+0000] {dagbag.py:545} INFO - Filling up the DagBag from /opt/airflow/dags/dagcomplexa.py
[2024-06-26T14:14:10.646+0000] {processor.py:840} INFO - DAG(s) 'dagcomplexa' retrieved from /opt/airflow/dags/dagcomplexa.py
[2024-06-26T14:14:10.659+0000] {logging_mixin.py:188} INFO - [2024-06-26T14:14:10.659+0000] {dag.py:3096} INFO - Sync 1 DAGs
[2024-06-26T14:14:10.665+0000] {logging_mixin.py:188} INFO - [2024-06-26T14:14:10.665+0000] {dag.py:3954} INFO - Setting next_dagrun for dagcomplexa to None, run_after=None
[2024-06-26T14:14:10.674+0000] {processor.py:183} INFO - Processing /opt/airflow/dags/dagcomplexa.py took 0.039 seconds
[2024-06-26T14:14:16.441+0000] {processor.py:161} INFO - Started process (PID=290) to work on /opt/airflow/dags/dagcomplexa.py
[2024-06-26T14:14:16.442+0000] {processor.py:830} INFO - Processing file /opt/airflow/dags/dagcomplexa.py for tasks to queue
[2024-06-26T14:14:16.443+0000] {logging_mixin.py:188} INFO - [2024-06-26T14:14:16.443+0000] {dagbag.py:545} INFO - Filling up the DagBag from /opt/airflow/dags/dagcomplexa.py
[2024-06-26T14:14:16.450+0000] {processor.py:840} INFO - DAG(s) 'dagcomplexa' retrieved from /opt/airflow/dags/dagcomplexa.py
[2024-06-26T14:14:16.464+0000] {logging_mixin.py:188} INFO - [2024-06-26T14:14:16.464+0000] {dag.py:3096} INFO - Sync 1 DAGs
[2024-06-26T14:14:16.471+0000] {logging_mixin.py:188} INFO - [2024-06-26T14:14:16.471+0000] {dag.py:3954} INFO - Setting next_dagrun for dagcomplexa to None, run_after=None
[2024-06-26T14:14:16.481+0000] {processor.py:183} INFO - Processing /opt/airflow/dags/dagcomplexa.py took 0.042 seconds
[2024-06-26T14:14:22.211+0000] {processor.py:161} INFO - Started process (PID=323) to work on /opt/airflow/dags/dagcomplexa.py
[2024-06-26T14:14:22.212+0000] {processor.py:830} INFO - Processing file /opt/airflow/dags/dagcomplexa.py for tasks to queue
[2024-06-26T14:14:22.213+0000] {logging_mixin.py:188} INFO - [2024-06-26T14:14:22.213+0000] {dagbag.py:545} INFO - Filling up the DagBag from /opt/airflow/dags/dagcomplexa.py
[2024-06-26T14:14:22.219+0000] {processor.py:840} INFO - DAG(s) 'dagcomplexa' retrieved from /opt/airflow/dags/dagcomplexa.py
[2024-06-26T14:14:22.232+0000] {logging_mixin.py:188} INFO - [2024-06-26T14:14:22.232+0000] {dag.py:3096} INFO - Sync 1 DAGs
[2024-06-26T14:14:22.240+0000] {logging_mixin.py:188} INFO - [2024-06-26T14:14:22.239+0000] {dag.py:3954} INFO - Setting next_dagrun for dagcomplexa to None, run_after=None
[2024-06-26T14:14:22.249+0000] {processor.py:183} INFO - Processing /opt/airflow/dags/dagcomplexa.py took 0.041 seconds
[2024-06-26T14:14:28.013+0000] {processor.py:161} INFO - Started process (PID=350) to work on /opt/airflow/dags/dagcomplexa.py
[2024-06-26T14:14:28.013+0000] {processor.py:830} INFO - Processing file /opt/airflow/dags/dagcomplexa.py for tasks to queue
[2024-06-26T14:14:28.014+0000] {logging_mixin.py:188} INFO - [2024-06-26T14:14:28.014+0000] {dagbag.py:545} INFO - Filling up the DagBag from /opt/airflow/dags/dagcomplexa.py
[2024-06-26T14:14:28.019+0000] {processor.py:840} INFO - DAG(s) 'dagcomplexa' retrieved from /opt/airflow/dags/dagcomplexa.py
[2024-06-26T14:14:28.033+0000] {logging_mixin.py:188} INFO - [2024-06-26T14:14:28.033+0000] {dag.py:3096} INFO - Sync 1 DAGs
[2024-06-26T14:14:28.041+0000] {logging_mixin.py:188} INFO - [2024-06-26T14:14:28.040+0000] {dag.py:3954} INFO - Setting next_dagrun for dagcomplexa to None, run_after=None
[2024-06-26T14:14:28.050+0000] {processor.py:183} INFO - Processing /opt/airflow/dags/dagcomplexa.py took 0.040 seconds
[2024-06-26T14:14:33.871+0000] {processor.py:161} INFO - Started process (PID=377) to work on /opt/airflow/dags/dagcomplexa.py
[2024-06-26T14:14:33.872+0000] {processor.py:830} INFO - Processing file /opt/airflow/dags/dagcomplexa.py for tasks to queue
[2024-06-26T14:14:33.873+0000] {logging_mixin.py:188} INFO - [2024-06-26T14:14:33.873+0000] {dagbag.py:545} INFO - Filling up the DagBag from /opt/airflow/dags/dagcomplexa.py
[2024-06-26T14:14:33.878+0000] {processor.py:840} INFO - DAG(s) 'dagcomplexa' retrieved from /opt/airflow/dags/dagcomplexa.py
[2024-06-26T14:14:33.891+0000] {logging_mixin.py:188} INFO - [2024-06-26T14:14:33.891+0000] {dag.py:3096} INFO - Sync 1 DAGs
[2024-06-26T14:14:33.898+0000] {logging_mixin.py:188} INFO - [2024-06-26T14:14:33.898+0000] {dag.py:3954} INFO - Setting next_dagrun for dagcomplexa to None, run_after=None
[2024-06-26T14:14:33.907+0000] {processor.py:183} INFO - Processing /opt/airflow/dags/dagcomplexa.py took 0.039 seconds
[2024-06-26T14:14:39.658+0000] {processor.py:161} INFO - Started process (PID=404) to work on /opt/airflow/dags/dagcomplexa.py
[2024-06-26T14:14:39.659+0000] {processor.py:830} INFO - Processing file /opt/airflow/dags/dagcomplexa.py for tasks to queue
[2024-06-26T14:14:39.660+0000] {logging_mixin.py:188} INFO - [2024-06-26T14:14:39.660+0000] {dagbag.py:545} INFO - Filling up the DagBag from /opt/airflow/dags/dagcomplexa.py
[2024-06-26T14:14:39.665+0000] {processor.py:840} INFO - DAG(s) 'dagcomplexa' retrieved from /opt/airflow/dags/dagcomplexa.py
[2024-06-26T14:14:39.679+0000] {logging_mixin.py:188} INFO - [2024-06-26T14:14:39.678+0000] {dag.py:3096} INFO - Sync 1 DAGs
[2024-06-26T14:14:39.686+0000] {logging_mixin.py:188} INFO - [2024-06-26T14:14:39.685+0000] {dag.py:3954} INFO - Setting next_dagrun for dagcomplexa to None, run_after=None
[2024-06-26T14:14:39.695+0000] {processor.py:183} INFO - Processing /opt/airflow/dags/dagcomplexa.py took 0.039 seconds
[2024-06-26T14:14:45.411+0000] {processor.py:161} INFO - Started process (PID=431) to work on /opt/airflow/dags/dagcomplexa.py
[2024-06-26T14:14:45.411+0000] {processor.py:830} INFO - Processing file /opt/airflow/dags/dagcomplexa.py for tasks to queue
[2024-06-26T14:14:45.412+0000] {logging_mixin.py:188} INFO - [2024-06-26T14:14:45.412+0000] {dagbag.py:545} INFO - Filling up the DagBag from /opt/airflow/dags/dagcomplexa.py
[2024-06-26T14:14:45.417+0000] {processor.py:840} INFO - DAG(s) 'dagcomplexa' retrieved from /opt/airflow/dags/dagcomplexa.py
[2024-06-26T14:14:45.431+0000] {logging_mixin.py:188} INFO - [2024-06-26T14:14:45.430+0000] {dag.py:3096} INFO - Sync 1 DAGs
[2024-06-26T14:14:45.437+0000] {logging_mixin.py:188} INFO - [2024-06-26T14:14:45.437+0000] {dag.py:3954} INFO - Setting next_dagrun for dagcomplexa to None, run_after=None
[2024-06-26T14:14:45.446+0000] {processor.py:183} INFO - Processing /opt/airflow/dags/dagcomplexa.py took 0.039 seconds
[2024-06-26T14:14:51.117+0000] {processor.py:161} INFO - Started process (PID=464) to work on /opt/airflow/dags/dagcomplexa.py
[2024-06-26T14:14:51.117+0000] {processor.py:830} INFO - Processing file /opt/airflow/dags/dagcomplexa.py for tasks to queue
[2024-06-26T14:14:51.118+0000] {logging_mixin.py:188} INFO - [2024-06-26T14:14:51.118+0000] {dagbag.py:545} INFO - Filling up the DagBag from /opt/airflow/dags/dagcomplexa.py
[2024-06-26T14:14:51.124+0000] {processor.py:840} INFO - DAG(s) 'dagcomplexa' retrieved from /opt/airflow/dags/dagcomplexa.py
[2024-06-26T14:14:51.138+0000] {logging_mixin.py:188} INFO - [2024-06-26T14:14:51.138+0000] {dag.py:3096} INFO - Sync 1 DAGs
[2024-06-26T14:14:51.145+0000] {logging_mixin.py:188} INFO - [2024-06-26T14:14:51.145+0000] {dag.py:3954} INFO - Setting next_dagrun for dagcomplexa to None, run_after=None
[2024-06-26T14:14:51.157+0000] {processor.py:183} INFO - Processing /opt/airflow/dags/dagcomplexa.py took 0.043 seconds
[2024-06-26T14:14:56.965+0000] {processor.py:161} INFO - Started process (PID=491) to work on /opt/airflow/dags/dagcomplexa.py
[2024-06-26T14:14:56.966+0000] {processor.py:830} INFO - Processing file /opt/airflow/dags/dagcomplexa.py for tasks to queue
[2024-06-26T14:14:56.967+0000] {logging_mixin.py:188} INFO - [2024-06-26T14:14:56.967+0000] {dagbag.py:545} INFO - Filling up the DagBag from /opt/airflow/dags/dagcomplexa.py
[2024-06-26T14:14:56.972+0000] {processor.py:840} INFO - DAG(s) 'dagcomplexa' retrieved from /opt/airflow/dags/dagcomplexa.py
[2024-06-26T14:14:56.985+0000] {logging_mixin.py:188} INFO - [2024-06-26T14:14:56.985+0000] {dag.py:3096} INFO - Sync 1 DAGs
[2024-06-26T14:14:56.992+0000] {logging_mixin.py:188} INFO - [2024-06-26T14:14:56.992+0000] {dag.py:3954} INFO - Setting next_dagrun for dagcomplexa to None, run_after=None
[2024-06-26T14:14:57.002+0000] {processor.py:183} INFO - Processing /opt/airflow/dags/dagcomplexa.py took 0.040 seconds
[2024-06-26T14:15:02.738+0000] {processor.py:161} INFO - Started process (PID=518) to work on /opt/airflow/dags/dagcomplexa.py
[2024-06-26T14:15:02.739+0000] {processor.py:830} INFO - Processing file /opt/airflow/dags/dagcomplexa.py for tasks to queue
[2024-06-26T14:15:02.740+0000] {logging_mixin.py:188} INFO - [2024-06-26T14:15:02.740+0000] {dagbag.py:545} INFO - Filling up the DagBag from /opt/airflow/dags/dagcomplexa.py
[2024-06-26T14:15:02.746+0000] {processor.py:840} INFO - DAG(s) 'dagcomplexa' retrieved from /opt/airflow/dags/dagcomplexa.py
[2024-06-26T14:15:02.760+0000] {logging_mixin.py:188} INFO - [2024-06-26T14:15:02.759+0000] {dag.py:3096} INFO - Sync 1 DAGs
[2024-06-26T14:15:02.766+0000] {logging_mixin.py:188} INFO - [2024-06-26T14:15:02.766+0000] {dag.py:3954} INFO - Setting next_dagrun for dagcomplexa to None, run_after=None
[2024-06-26T14:15:02.776+0000] {processor.py:183} INFO - Processing /opt/airflow/dags/dagcomplexa.py took 0.041 seconds
[2024-06-26T14:15:08.572+0000] {processor.py:161} INFO - Started process (PID=545) to work on /opt/airflow/dags/dagcomplexa.py
[2024-06-26T14:15:08.572+0000] {processor.py:830} INFO - Processing file /opt/airflow/dags/dagcomplexa.py for tasks to queue
[2024-06-26T14:15:08.574+0000] {logging_mixin.py:188} INFO - [2024-06-26T14:15:08.573+0000] {dagbag.py:545} INFO - Filling up the DagBag from /opt/airflow/dags/dagcomplexa.py
[2024-06-26T14:15:08.579+0000] {processor.py:840} INFO - DAG(s) 'dagcomplexa' retrieved from /opt/airflow/dags/dagcomplexa.py
[2024-06-26T14:15:08.592+0000] {logging_mixin.py:188} INFO - [2024-06-26T14:15:08.592+0000] {dag.py:3096} INFO - Sync 1 DAGs
[2024-06-26T14:15:08.599+0000] {logging_mixin.py:188} INFO - [2024-06-26T14:15:08.599+0000] {dag.py:3954} INFO - Setting next_dagrun for dagcomplexa to None, run_after=None
[2024-06-26T14:15:08.608+0000] {processor.py:183} INFO - Processing /opt/airflow/dags/dagcomplexa.py took 0.039 seconds
[2024-06-26T14:15:14.375+0000] {processor.py:161} INFO - Started process (PID=572) to work on /opt/airflow/dags/dagcomplexa.py
[2024-06-26T14:15:14.375+0000] {processor.py:830} INFO - Processing file /opt/airflow/dags/dagcomplexa.py for tasks to queue
[2024-06-26T14:15:14.376+0000] {logging_mixin.py:188} INFO - [2024-06-26T14:15:14.376+0000] {dagbag.py:545} INFO - Filling up the DagBag from /opt/airflow/dags/dagcomplexa.py
[2024-06-26T14:15:14.381+0000] {processor.py:840} INFO - DAG(s) 'dagcomplexa' retrieved from /opt/airflow/dags/dagcomplexa.py
[2024-06-26T14:15:14.394+0000] {logging_mixin.py:188} INFO - [2024-06-26T14:15:14.394+0000] {dag.py:3096} INFO - Sync 1 DAGs
[2024-06-26T14:15:14.401+0000] {logging_mixin.py:188} INFO - [2024-06-26T14:15:14.401+0000] {dag.py:3954} INFO - Setting next_dagrun for dagcomplexa to None, run_after=None
[2024-06-26T14:15:14.410+0000] {processor.py:183} INFO - Processing /opt/airflow/dags/dagcomplexa.py took 0.039 seconds
[2024-06-26T14:15:20.181+0000] {processor.py:161} INFO - Started process (PID=605) to work on /opt/airflow/dags/dagcomplexa.py
[2024-06-26T14:15:20.182+0000] {processor.py:830} INFO - Processing file /opt/airflow/dags/dagcomplexa.py for tasks to queue
[2024-06-26T14:15:20.183+0000] {logging_mixin.py:188} INFO - [2024-06-26T14:15:20.183+0000] {dagbag.py:545} INFO - Filling up the DagBag from /opt/airflow/dags/dagcomplexa.py
[2024-06-26T14:15:20.188+0000] {processor.py:840} INFO - DAG(s) 'dagcomplexa' retrieved from /opt/airflow/dags/dagcomplexa.py
[2024-06-26T14:15:20.201+0000] {logging_mixin.py:188} INFO - [2024-06-26T14:15:20.201+0000] {dag.py:3096} INFO - Sync 1 DAGs
[2024-06-26T14:15:20.208+0000] {logging_mixin.py:188} INFO - [2024-06-26T14:15:20.207+0000] {dag.py:3954} INFO - Setting next_dagrun for dagcomplexa to None, run_after=None
[2024-06-26T14:15:20.217+0000] {processor.py:183} INFO - Processing /opt/airflow/dags/dagcomplexa.py took 0.038 seconds
[2024-06-26T14:15:25.992+0000] {processor.py:161} INFO - Started process (PID=632) to work on /opt/airflow/dags/dagcomplexa.py
[2024-06-26T14:15:25.993+0000] {processor.py:830} INFO - Processing file /opt/airflow/dags/dagcomplexa.py for tasks to queue
[2024-06-26T14:15:25.994+0000] {logging_mixin.py:188} INFO - [2024-06-26T14:15:25.994+0000] {dagbag.py:545} INFO - Filling up the DagBag from /opt/airflow/dags/dagcomplexa.py
[2024-06-26T14:15:26.001+0000] {processor.py:840} INFO - DAG(s) 'dagcomplexa' retrieved from /opt/airflow/dags/dagcomplexa.py
[2024-06-26T14:15:26.016+0000] {logging_mixin.py:188} INFO - [2024-06-26T14:15:26.016+0000] {dag.py:3096} INFO - Sync 1 DAGs
[2024-06-26T14:15:26.023+0000] {logging_mixin.py:188} INFO - [2024-06-26T14:15:26.022+0000] {dag.py:3954} INFO - Setting next_dagrun for dagcomplexa to None, run_after=None
[2024-06-26T14:15:26.033+0000] {processor.py:183} INFO - Processing /opt/airflow/dags/dagcomplexa.py took 0.045 seconds
[2024-06-26T14:15:31.812+0000] {processor.py:161} INFO - Started process (PID=659) to work on /opt/airflow/dags/dagcomplexa.py
[2024-06-26T14:15:31.813+0000] {processor.py:830} INFO - Processing file /opt/airflow/dags/dagcomplexa.py for tasks to queue
[2024-06-26T14:15:31.814+0000] {logging_mixin.py:188} INFO - [2024-06-26T14:15:31.813+0000] {dagbag.py:545} INFO - Filling up the DagBag from /opt/airflow/dags/dagcomplexa.py
[2024-06-26T14:15:31.820+0000] {processor.py:840} INFO - DAG(s) 'dagcomplexa' retrieved from /opt/airflow/dags/dagcomplexa.py
[2024-06-26T14:15:31.835+0000] {logging_mixin.py:188} INFO - [2024-06-26T14:15:31.834+0000] {dag.py:3096} INFO - Sync 1 DAGs
[2024-06-26T14:15:31.841+0000] {logging_mixin.py:188} INFO - [2024-06-26T14:15:31.841+0000] {dag.py:3954} INFO - Setting next_dagrun for dagcomplexa to None, run_after=None
[2024-06-26T14:15:31.851+0000] {processor.py:183} INFO - Processing /opt/airflow/dags/dagcomplexa.py took 0.042 seconds
[2024-06-26T14:15:37.627+0000] {processor.py:161} INFO - Started process (PID=686) to work on /opt/airflow/dags/dagcomplexa.py
[2024-06-26T14:15:37.628+0000] {processor.py:830} INFO - Processing file /opt/airflow/dags/dagcomplexa.py for tasks to queue
[2024-06-26T14:15:37.629+0000] {logging_mixin.py:188} INFO - [2024-06-26T14:15:37.629+0000] {dagbag.py:545} INFO - Filling up the DagBag from /opt/airflow/dags/dagcomplexa.py
[2024-06-26T14:15:37.634+0000] {processor.py:840} INFO - DAG(s) 'dagcomplexa' retrieved from /opt/airflow/dags/dagcomplexa.py
[2024-06-26T14:15:37.651+0000] {logging_mixin.py:188} INFO - [2024-06-26T14:15:37.651+0000] {dag.py:3096} INFO - Sync 1 DAGs
[2024-06-26T14:15:37.661+0000] {logging_mixin.py:188} INFO - [2024-06-26T14:15:37.661+0000] {dag.py:3954} INFO - Setting next_dagrun for dagcomplexa to None, run_after=None
[2024-06-26T14:15:37.672+0000] {processor.py:183} INFO - Processing /opt/airflow/dags/dagcomplexa.py took 0.048 seconds
[2024-06-26T14:15:43.477+0000] {processor.py:161} INFO - Started process (PID=713) to work on /opt/airflow/dags/dagcomplexa.py
[2024-06-26T14:15:43.478+0000] {processor.py:830} INFO - Processing file /opt/airflow/dags/dagcomplexa.py for tasks to queue
[2024-06-26T14:15:43.480+0000] {logging_mixin.py:188} INFO - [2024-06-26T14:15:43.480+0000] {dagbag.py:545} INFO - Filling up the DagBag from /opt/airflow/dags/dagcomplexa.py
[2024-06-26T14:15:43.485+0000] {processor.py:840} INFO - DAG(s) 'dagcomplexa' retrieved from /opt/airflow/dags/dagcomplexa.py
[2024-06-26T14:15:43.499+0000] {logging_mixin.py:188} INFO - [2024-06-26T14:15:43.499+0000] {dag.py:3096} INFO - Sync 1 DAGs
[2024-06-26T14:15:43.505+0000] {logging_mixin.py:188} INFO - [2024-06-26T14:15:43.505+0000] {dag.py:3954} INFO - Setting next_dagrun for dagcomplexa to None, run_after=None
[2024-06-26T14:15:43.515+0000] {processor.py:183} INFO - Processing /opt/airflow/dags/dagcomplexa.py took 0.041 seconds
[2024-06-26T14:15:49.271+0000] {processor.py:161} INFO - Started process (PID=746) to work on /opt/airflow/dags/dagcomplexa.py
[2024-06-26T14:15:49.272+0000] {processor.py:830} INFO - Processing file /opt/airflow/dags/dagcomplexa.py for tasks to queue
[2024-06-26T14:15:49.273+0000] {logging_mixin.py:188} INFO - [2024-06-26T14:15:49.273+0000] {dagbag.py:545} INFO - Filling up the DagBag from /opt/airflow/dags/dagcomplexa.py
[2024-06-26T14:15:49.278+0000] {processor.py:840} INFO - DAG(s) 'dagcomplexa' retrieved from /opt/airflow/dags/dagcomplexa.py
[2024-06-26T14:15:49.292+0000] {logging_mixin.py:188} INFO - [2024-06-26T14:15:49.292+0000] {dag.py:3096} INFO - Sync 1 DAGs
[2024-06-26T14:15:49.299+0000] {logging_mixin.py:188} INFO - [2024-06-26T14:15:49.299+0000] {dag.py:3954} INFO - Setting next_dagrun for dagcomplexa to None, run_after=None
[2024-06-26T14:15:49.308+0000] {processor.py:183} INFO - Processing /opt/airflow/dags/dagcomplexa.py took 0.040 seconds
[2024-06-26T14:15:55.098+0000] {processor.py:161} INFO - Started process (PID=773) to work on /opt/airflow/dags/dagcomplexa.py
[2024-06-26T14:15:55.098+0000] {processor.py:830} INFO - Processing file /opt/airflow/dags/dagcomplexa.py for tasks to queue
[2024-06-26T14:15:55.100+0000] {logging_mixin.py:188} INFO - [2024-06-26T14:15:55.099+0000] {dagbag.py:545} INFO - Filling up the DagBag from /opt/airflow/dags/dagcomplexa.py
[2024-06-26T14:15:55.105+0000] {processor.py:840} INFO - DAG(s) 'dagcomplexa' retrieved from /opt/airflow/dags/dagcomplexa.py
[2024-06-26T14:15:55.118+0000] {logging_mixin.py:188} INFO - [2024-06-26T14:15:55.118+0000] {dag.py:3096} INFO - Sync 1 DAGs
[2024-06-26T14:15:55.125+0000] {logging_mixin.py:188} INFO - [2024-06-26T14:15:55.125+0000] {dag.py:3954} INFO - Setting next_dagrun for dagcomplexa to None, run_after=None
[2024-06-26T14:15:55.135+0000] {processor.py:183} INFO - Processing /opt/airflow/dags/dagcomplexa.py took 0.040 seconds
[2024-06-26T14:16:00.966+0000] {processor.py:161} INFO - Started process (PID=800) to work on /opt/airflow/dags/dagcomplexa.py
[2024-06-26T14:16:00.966+0000] {processor.py:830} INFO - Processing file /opt/airflow/dags/dagcomplexa.py for tasks to queue
[2024-06-26T14:16:00.967+0000] {logging_mixin.py:188} INFO - [2024-06-26T14:16:00.967+0000] {dagbag.py:545} INFO - Filling up the DagBag from /opt/airflow/dags/dagcomplexa.py
[2024-06-26T14:16:00.972+0000] {processor.py:840} INFO - DAG(s) 'dagcomplexa' retrieved from /opt/airflow/dags/dagcomplexa.py
[2024-06-26T14:16:00.986+0000] {logging_mixin.py:188} INFO - [2024-06-26T14:16:00.986+0000] {dag.py:3096} INFO - Sync 1 DAGs
[2024-06-26T14:16:00.993+0000] {logging_mixin.py:188} INFO - [2024-06-26T14:16:00.993+0000] {dag.py:3954} INFO - Setting next_dagrun for dagcomplexa to None, run_after=None
[2024-06-26T14:16:01.002+0000] {processor.py:183} INFO - Processing /opt/airflow/dags/dagcomplexa.py took 0.040 seconds
[2024-06-26T14:16:06.750+0000] {processor.py:161} INFO - Started process (PID=827) to work on /opt/airflow/dags/dagcomplexa.py
[2024-06-26T14:16:06.750+0000] {processor.py:830} INFO - Processing file /opt/airflow/dags/dagcomplexa.py for tasks to queue
[2024-06-26T14:16:06.751+0000] {logging_mixin.py:188} INFO - [2024-06-26T14:16:06.751+0000] {dagbag.py:545} INFO - Filling up the DagBag from /opt/airflow/dags/dagcomplexa.py
[2024-06-26T14:16:06.756+0000] {processor.py:840} INFO - DAG(s) 'dagcomplexa' retrieved from /opt/airflow/dags/dagcomplexa.py
[2024-06-26T14:16:06.770+0000] {logging_mixin.py:188} INFO - [2024-06-26T14:16:06.770+0000] {dag.py:3096} INFO - Sync 1 DAGs
[2024-06-26T14:16:06.776+0000] {logging_mixin.py:188} INFO - [2024-06-26T14:16:06.776+0000] {dag.py:3954} INFO - Setting next_dagrun for dagcomplexa to None, run_after=None
[2024-06-26T14:16:06.786+0000] {processor.py:183} INFO - Processing /opt/airflow/dags/dagcomplexa.py took 0.040 seconds
[2024-06-26T14:16:12.520+0000] {processor.py:161} INFO - Started process (PID=854) to work on /opt/airflow/dags/dagcomplexa.py
[2024-06-26T14:16:12.521+0000] {processor.py:830} INFO - Processing file /opt/airflow/dags/dagcomplexa.py for tasks to queue
[2024-06-26T14:16:12.522+0000] {logging_mixin.py:188} INFO - [2024-06-26T14:16:12.522+0000] {dagbag.py:545} INFO - Filling up the DagBag from /opt/airflow/dags/dagcomplexa.py
[2024-06-26T14:16:12.527+0000] {processor.py:840} INFO - DAG(s) 'dagcomplexa' retrieved from /opt/airflow/dags/dagcomplexa.py
[2024-06-26T14:16:12.540+0000] {logging_mixin.py:188} INFO - [2024-06-26T14:16:12.540+0000] {dag.py:3096} INFO - Sync 1 DAGs
[2024-06-26T14:16:12.547+0000] {logging_mixin.py:188} INFO - [2024-06-26T14:16:12.546+0000] {dag.py:3954} INFO - Setting next_dagrun for dagcomplexa to None, run_after=None
[2024-06-26T14:16:12.556+0000] {processor.py:183} INFO - Processing /opt/airflow/dags/dagcomplexa.py took 0.040 seconds
[2024-06-26T14:16:18.366+0000] {processor.py:161} INFO - Started process (PID=887) to work on /opt/airflow/dags/dagcomplexa.py
[2024-06-26T14:16:18.367+0000] {processor.py:830} INFO - Processing file /opt/airflow/dags/dagcomplexa.py for tasks to queue
[2024-06-26T14:16:18.368+0000] {logging_mixin.py:188} INFO - [2024-06-26T14:16:18.368+0000] {dagbag.py:545} INFO - Filling up the DagBag from /opt/airflow/dags/dagcomplexa.py
[2024-06-26T14:16:18.373+0000] {processor.py:840} INFO - DAG(s) 'dagcomplexa' retrieved from /opt/airflow/dags/dagcomplexa.py
[2024-06-26T14:16:18.388+0000] {logging_mixin.py:188} INFO - [2024-06-26T14:16:18.388+0000] {dag.py:3096} INFO - Sync 1 DAGs
[2024-06-26T14:16:18.396+0000] {logging_mixin.py:188} INFO - [2024-06-26T14:16:18.396+0000] {dag.py:3954} INFO - Setting next_dagrun for dagcomplexa to None, run_after=None
[2024-06-26T14:16:18.404+0000] {processor.py:183} INFO - Processing /opt/airflow/dags/dagcomplexa.py took 0.041 seconds
[2024-06-26T14:16:24.130+0000] {processor.py:161} INFO - Started process (PID=914) to work on /opt/airflow/dags/dagcomplexa.py
[2024-06-26T14:16:24.130+0000] {processor.py:830} INFO - Processing file /opt/airflow/dags/dagcomplexa.py for tasks to queue
[2024-06-26T14:16:24.132+0000] {logging_mixin.py:188} INFO - [2024-06-26T14:16:24.132+0000] {dagbag.py:545} INFO - Filling up the DagBag from /opt/airflow/dags/dagcomplexa.py
[2024-06-26T14:16:24.137+0000] {processor.py:840} INFO - DAG(s) 'dagcomplexa' retrieved from /opt/airflow/dags/dagcomplexa.py
[2024-06-26T14:16:24.151+0000] {logging_mixin.py:188} INFO - [2024-06-26T14:16:24.151+0000] {dag.py:3096} INFO - Sync 1 DAGs
[2024-06-26T14:16:24.157+0000] {logging_mixin.py:188} INFO - [2024-06-26T14:16:24.157+0000] {dag.py:3954} INFO - Setting next_dagrun for dagcomplexa to None, run_after=None
[2024-06-26T14:16:24.167+0000] {processor.py:183} INFO - Processing /opt/airflow/dags/dagcomplexa.py took 0.040 seconds
[2024-06-26T14:16:29.964+0000] {processor.py:161} INFO - Started process (PID=941) to work on /opt/airflow/dags/dagcomplexa.py
[2024-06-26T14:16:29.965+0000] {processor.py:830} INFO - Processing file /opt/airflow/dags/dagcomplexa.py for tasks to queue
[2024-06-26T14:16:29.966+0000] {logging_mixin.py:188} INFO - [2024-06-26T14:16:29.966+0000] {dagbag.py:545} INFO - Filling up the DagBag from /opt/airflow/dags/dagcomplexa.py
[2024-06-26T14:16:29.972+0000] {processor.py:840} INFO - DAG(s) 'dagcomplexa' retrieved from /opt/airflow/dags/dagcomplexa.py
[2024-06-26T14:16:29.986+0000] {logging_mixin.py:188} INFO - [2024-06-26T14:16:29.985+0000] {dag.py:3096} INFO - Sync 1 DAGs
[2024-06-26T14:16:29.993+0000] {logging_mixin.py:188} INFO - [2024-06-26T14:16:29.992+0000] {dag.py:3954} INFO - Setting next_dagrun for dagcomplexa to None, run_after=None
[2024-06-26T14:16:30.002+0000] {processor.py:183} INFO - Processing /opt/airflow/dags/dagcomplexa.py took 0.041 seconds
[2024-06-26T14:16:35.774+0000] {processor.py:161} INFO - Started process (PID=968) to work on /opt/airflow/dags/dagcomplexa.py
[2024-06-26T14:16:35.775+0000] {processor.py:830} INFO - Processing file /opt/airflow/dags/dagcomplexa.py for tasks to queue
[2024-06-26T14:16:35.777+0000] {logging_mixin.py:188} INFO - [2024-06-26T14:16:35.776+0000] {dagbag.py:545} INFO - Filling up the DagBag from /opt/airflow/dags/dagcomplexa.py
[2024-06-26T14:16:35.782+0000] {processor.py:840} INFO - DAG(s) 'dagcomplexa' retrieved from /opt/airflow/dags/dagcomplexa.py
[2024-06-26T14:16:35.795+0000] {logging_mixin.py:188} INFO - [2024-06-26T14:16:35.795+0000] {dag.py:3096} INFO - Sync 1 DAGs
[2024-06-26T14:16:35.802+0000] {logging_mixin.py:188} INFO - [2024-06-26T14:16:35.802+0000] {dag.py:3954} INFO - Setting next_dagrun for dagcomplexa to None, run_after=None
[2024-06-26T14:16:35.811+0000] {processor.py:183} INFO - Processing /opt/airflow/dags/dagcomplexa.py took 0.040 seconds
[2024-06-26T14:16:41.513+0000] {processor.py:161} INFO - Started process (PID=995) to work on /opt/airflow/dags/dagcomplexa.py
[2024-06-26T14:16:41.513+0000] {processor.py:830} INFO - Processing file /opt/airflow/dags/dagcomplexa.py for tasks to queue
[2024-06-26T14:16:41.515+0000] {logging_mixin.py:188} INFO - [2024-06-26T14:16:41.515+0000] {dagbag.py:545} INFO - Filling up the DagBag from /opt/airflow/dags/dagcomplexa.py
[2024-06-26T14:16:41.520+0000] {processor.py:840} INFO - DAG(s) 'dagcomplexa' retrieved from /opt/airflow/dags/dagcomplexa.py
[2024-06-26T14:16:41.532+0000] {logging_mixin.py:188} INFO - [2024-06-26T14:16:41.532+0000] {dag.py:3096} INFO - Sync 1 DAGs
[2024-06-26T14:16:41.538+0000] {logging_mixin.py:188} INFO - [2024-06-26T14:16:41.538+0000] {dag.py:3954} INFO - Setting next_dagrun for dagcomplexa to None, run_after=None
[2024-06-26T14:16:41.548+0000] {processor.py:183} INFO - Processing /opt/airflow/dags/dagcomplexa.py took 0.038 seconds
[2024-06-26T14:16:47.386+0000] {processor.py:161} INFO - Started process (PID=1022) to work on /opt/airflow/dags/dagcomplexa.py
[2024-06-26T14:16:47.387+0000] {processor.py:830} INFO - Processing file /opt/airflow/dags/dagcomplexa.py for tasks to queue
[2024-06-26T14:16:47.389+0000] {logging_mixin.py:188} INFO - [2024-06-26T14:16:47.388+0000] {dagbag.py:545} INFO - Filling up the DagBag from /opt/airflow/dags/dagcomplexa.py
[2024-06-26T14:16:47.394+0000] {processor.py:840} INFO - DAG(s) 'dagcomplexa' retrieved from /opt/airflow/dags/dagcomplexa.py
[2024-06-26T14:16:47.407+0000] {logging_mixin.py:188} INFO - [2024-06-26T14:16:47.407+0000] {dag.py:3096} INFO - Sync 1 DAGs
[2024-06-26T14:16:47.414+0000] {logging_mixin.py:188} INFO - [2024-06-26T14:16:47.414+0000] {dag.py:3954} INFO - Setting next_dagrun for dagcomplexa to None, run_after=None
[2024-06-26T14:16:47.423+0000] {processor.py:183} INFO - Processing /opt/airflow/dags/dagcomplexa.py took 0.040 seconds
[2024-06-26T14:16:53.153+0000] {processor.py:161} INFO - Started process (PID=1055) to work on /opt/airflow/dags/dagcomplexa.py
[2024-06-26T14:16:53.153+0000] {processor.py:830} INFO - Processing file /opt/airflow/dags/dagcomplexa.py for tasks to queue
[2024-06-26T14:16:53.154+0000] {logging_mixin.py:188} INFO - [2024-06-26T14:16:53.154+0000] {dagbag.py:545} INFO - Filling up the DagBag from /opt/airflow/dags/dagcomplexa.py
[2024-06-26T14:16:53.159+0000] {processor.py:840} INFO - DAG(s) 'dagcomplexa' retrieved from /opt/airflow/dags/dagcomplexa.py
[2024-06-26T14:16:53.172+0000] {logging_mixin.py:188} INFO - [2024-06-26T14:16:53.172+0000] {dag.py:3096} INFO - Sync 1 DAGs
[2024-06-26T14:16:53.178+0000] {logging_mixin.py:188} INFO - [2024-06-26T14:16:53.178+0000] {dag.py:3954} INFO - Setting next_dagrun for dagcomplexa to None, run_after=None
[2024-06-26T14:16:53.187+0000] {processor.py:183} INFO - Processing /opt/airflow/dags/dagcomplexa.py took 0.038 seconds
[2024-06-26T14:16:58.998+0000] {processor.py:161} INFO - Started process (PID=1082) to work on /opt/airflow/dags/dagcomplexa.py
[2024-06-26T14:16:58.998+0000] {processor.py:830} INFO - Processing file /opt/airflow/dags/dagcomplexa.py for tasks to queue
[2024-06-26T14:16:58.999+0000] {logging_mixin.py:188} INFO - [2024-06-26T14:16:58.999+0000] {dagbag.py:545} INFO - Filling up the DagBag from /opt/airflow/dags/dagcomplexa.py
[2024-06-26T14:16:59.006+0000] {processor.py:840} INFO - DAG(s) 'dagcomplexa' retrieved from /opt/airflow/dags/dagcomplexa.py
[2024-06-26T14:16:59.020+0000] {logging_mixin.py:188} INFO - [2024-06-26T14:16:59.020+0000] {dag.py:3096} INFO - Sync 1 DAGs
[2024-06-26T14:16:59.027+0000] {logging_mixin.py:188} INFO - [2024-06-26T14:16:59.027+0000] {dag.py:3954} INFO - Setting next_dagrun for dagcomplexa to None, run_after=None
[2024-06-26T14:16:59.038+0000] {processor.py:183} INFO - Processing /opt/airflow/dags/dagcomplexa.py took 0.044 seconds
[2024-06-26T14:17:04.780+0000] {processor.py:161} INFO - Started process (PID=1109) to work on /opt/airflow/dags/dagcomplexa.py
[2024-06-26T14:17:04.781+0000] {processor.py:830} INFO - Processing file /opt/airflow/dags/dagcomplexa.py for tasks to queue
[2024-06-26T14:17:04.782+0000] {logging_mixin.py:188} INFO - [2024-06-26T14:17:04.782+0000] {dagbag.py:545} INFO - Filling up the DagBag from /opt/airflow/dags/dagcomplexa.py
[2024-06-26T14:17:04.787+0000] {processor.py:840} INFO - DAG(s) 'dagcomplexa' retrieved from /opt/airflow/dags/dagcomplexa.py
[2024-06-26T14:17:04.800+0000] {logging_mixin.py:188} INFO - [2024-06-26T14:17:04.800+0000] {dag.py:3096} INFO - Sync 1 DAGs
[2024-06-26T14:17:04.806+0000] {logging_mixin.py:188} INFO - [2024-06-26T14:17:04.806+0000] {dag.py:3954} INFO - Setting next_dagrun for dagcomplexa to None, run_after=None
[2024-06-26T14:17:04.815+0000] {processor.py:183} INFO - Processing /opt/airflow/dags/dagcomplexa.py took 0.038 seconds
[2024-06-26T14:17:10.546+0000] {processor.py:161} INFO - Started process (PID=1136) to work on /opt/airflow/dags/dagcomplexa.py
[2024-06-26T14:17:10.546+0000] {processor.py:830} INFO - Processing file /opt/airflow/dags/dagcomplexa.py for tasks to queue
[2024-06-26T14:17:10.547+0000] {logging_mixin.py:188} INFO - [2024-06-26T14:17:10.547+0000] {dagbag.py:545} INFO - Filling up the DagBag from /opt/airflow/dags/dagcomplexa.py
[2024-06-26T14:17:10.552+0000] {processor.py:840} INFO - DAG(s) 'dagcomplexa' retrieved from /opt/airflow/dags/dagcomplexa.py
[2024-06-26T14:17:10.564+0000] {logging_mixin.py:188} INFO - [2024-06-26T14:17:10.564+0000] {dag.py:3096} INFO - Sync 1 DAGs
[2024-06-26T14:17:10.571+0000] {logging_mixin.py:188} INFO - [2024-06-26T14:17:10.571+0000] {dag.py:3954} INFO - Setting next_dagrun for dagcomplexa to None, run_after=None
[2024-06-26T14:17:10.580+0000] {processor.py:183} INFO - Processing /opt/airflow/dags/dagcomplexa.py took 0.037 seconds
[2024-06-26T14:17:16.348+0000] {processor.py:161} INFO - Started process (PID=1163) to work on /opt/airflow/dags/dagcomplexa.py
[2024-06-26T14:17:16.348+0000] {processor.py:830} INFO - Processing file /opt/airflow/dags/dagcomplexa.py for tasks to queue
[2024-06-26T14:17:16.349+0000] {logging_mixin.py:188} INFO - [2024-06-26T14:17:16.349+0000] {dagbag.py:545} INFO - Filling up the DagBag from /opt/airflow/dags/dagcomplexa.py
[2024-06-26T14:17:16.354+0000] {processor.py:840} INFO - DAG(s) 'dagcomplexa' retrieved from /opt/airflow/dags/dagcomplexa.py
[2024-06-26T14:17:16.367+0000] {logging_mixin.py:188} INFO - [2024-06-26T14:17:16.367+0000] {dag.py:3096} INFO - Sync 1 DAGs
[2024-06-26T14:17:16.373+0000] {logging_mixin.py:188} INFO - [2024-06-26T14:17:16.373+0000] {dag.py:3954} INFO - Setting next_dagrun for dagcomplexa to None, run_after=None
[2024-06-26T14:17:16.382+0000] {processor.py:183} INFO - Processing /opt/airflow/dags/dagcomplexa.py took 0.037 seconds
[2024-06-26T14:17:22.120+0000] {processor.py:161} INFO - Started process (PID=1196) to work on /opt/airflow/dags/dagcomplexa.py
[2024-06-26T14:17:22.120+0000] {processor.py:830} INFO - Processing file /opt/airflow/dags/dagcomplexa.py for tasks to queue
[2024-06-26T14:17:22.121+0000] {logging_mixin.py:188} INFO - [2024-06-26T14:17:22.121+0000] {dagbag.py:545} INFO - Filling up the DagBag from /opt/airflow/dags/dagcomplexa.py
[2024-06-26T14:17:22.127+0000] {processor.py:840} INFO - DAG(s) 'dagcomplexa' retrieved from /opt/airflow/dags/dagcomplexa.py
[2024-06-26T14:17:22.140+0000] {logging_mixin.py:188} INFO - [2024-06-26T14:17:22.140+0000] {dag.py:3096} INFO - Sync 1 DAGs
[2024-06-26T14:17:22.146+0000] {logging_mixin.py:188} INFO - [2024-06-26T14:17:22.146+0000] {dag.py:3954} INFO - Setting next_dagrun for dagcomplexa to None, run_after=None
[2024-06-26T14:17:22.156+0000] {processor.py:183} INFO - Processing /opt/airflow/dags/dagcomplexa.py took 0.040 seconds
[2024-06-26T14:17:27.846+0000] {processor.py:161} INFO - Started process (PID=1223) to work on /opt/airflow/dags/dagcomplexa.py
[2024-06-26T14:17:27.846+0000] {processor.py:830} INFO - Processing file /opt/airflow/dags/dagcomplexa.py for tasks to queue
[2024-06-26T14:17:27.847+0000] {logging_mixin.py:188} INFO - [2024-06-26T14:17:27.847+0000] {dagbag.py:545} INFO - Filling up the DagBag from /opt/airflow/dags/dagcomplexa.py
[2024-06-26T14:17:27.852+0000] {processor.py:840} INFO - DAG(s) 'dagcomplexa' retrieved from /opt/airflow/dags/dagcomplexa.py
[2024-06-26T14:17:27.865+0000] {logging_mixin.py:188} INFO - [2024-06-26T14:17:27.865+0000] {dag.py:3096} INFO - Sync 1 DAGs
[2024-06-26T14:17:27.872+0000] {logging_mixin.py:188} INFO - [2024-06-26T14:17:27.871+0000] {dag.py:3954} INFO - Setting next_dagrun for dagcomplexa to None, run_after=None
[2024-06-26T14:17:27.880+0000] {processor.py:183} INFO - Processing /opt/airflow/dags/dagcomplexa.py took 0.037 seconds
[2024-06-26T14:17:33.571+0000] {processor.py:161} INFO - Started process (PID=1250) to work on /opt/airflow/dags/dagcomplexa.py
[2024-06-26T14:17:33.571+0000] {processor.py:830} INFO - Processing file /opt/airflow/dags/dagcomplexa.py for tasks to queue
[2024-06-26T14:17:33.572+0000] {logging_mixin.py:188} INFO - [2024-06-26T14:17:33.572+0000] {dagbag.py:545} INFO - Filling up the DagBag from /opt/airflow/dags/dagcomplexa.py
[2024-06-26T14:17:33.577+0000] {processor.py:840} INFO - DAG(s) 'dagcomplexa' retrieved from /opt/airflow/dags/dagcomplexa.py
[2024-06-26T14:17:33.590+0000] {logging_mixin.py:188} INFO - [2024-06-26T14:17:33.590+0000] {dag.py:3096} INFO - Sync 1 DAGs
[2024-06-26T14:17:33.596+0000] {logging_mixin.py:188} INFO - [2024-06-26T14:17:33.596+0000] {dag.py:3954} INFO - Setting next_dagrun for dagcomplexa to None, run_after=None
[2024-06-26T14:17:33.605+0000] {processor.py:183} INFO - Processing /opt/airflow/dags/dagcomplexa.py took 0.037 seconds
[2024-06-26T14:17:39.330+0000] {processor.py:161} INFO - Started process (PID=1277) to work on /opt/airflow/dags/dagcomplexa.py
[2024-06-26T14:17:39.331+0000] {processor.py:830} INFO - Processing file /opt/airflow/dags/dagcomplexa.py for tasks to queue
[2024-06-26T14:17:39.332+0000] {logging_mixin.py:188} INFO - [2024-06-26T14:17:39.332+0000] {dagbag.py:545} INFO - Filling up the DagBag from /opt/airflow/dags/dagcomplexa.py
[2024-06-26T14:17:39.337+0000] {processor.py:840} INFO - DAG(s) 'dagcomplexa' retrieved from /opt/airflow/dags/dagcomplexa.py
[2024-06-26T14:17:39.349+0000] {logging_mixin.py:188} INFO - [2024-06-26T14:17:39.349+0000] {dag.py:3096} INFO - Sync 1 DAGs
[2024-06-26T14:17:39.356+0000] {logging_mixin.py:188} INFO - [2024-06-26T14:17:39.356+0000] {dag.py:3954} INFO - Setting next_dagrun for dagcomplexa to None, run_after=None
[2024-06-26T14:17:39.365+0000] {processor.py:183} INFO - Processing /opt/airflow/dags/dagcomplexa.py took 0.038 seconds
[2024-06-26T14:17:45.080+0000] {processor.py:161} INFO - Started process (PID=1304) to work on /opt/airflow/dags/dagcomplexa.py
[2024-06-26T14:17:45.080+0000] {processor.py:830} INFO - Processing file /opt/airflow/dags/dagcomplexa.py for tasks to queue
[2024-06-26T14:17:45.081+0000] {logging_mixin.py:188} INFO - [2024-06-26T14:17:45.081+0000] {dagbag.py:545} INFO - Filling up the DagBag from /opt/airflow/dags/dagcomplexa.py
[2024-06-26T14:17:45.086+0000] {processor.py:840} INFO - DAG(s) 'dagcomplexa' retrieved from /opt/airflow/dags/dagcomplexa.py
[2024-06-26T14:17:45.099+0000] {logging_mixin.py:188} INFO - [2024-06-26T14:17:45.099+0000] {dag.py:3096} INFO - Sync 1 DAGs
[2024-06-26T14:17:45.106+0000] {logging_mixin.py:188} INFO - [2024-06-26T14:17:45.105+0000] {dag.py:3954} INFO - Setting next_dagrun for dagcomplexa to None, run_after=None
[2024-06-26T14:17:45.115+0000] {processor.py:183} INFO - Processing /opt/airflow/dags/dagcomplexa.py took 0.038 seconds
[2024-06-26T14:17:50.909+0000] {processor.py:161} INFO - Started process (PID=1337) to work on /opt/airflow/dags/dagcomplexa.py
[2024-06-26T14:17:50.910+0000] {processor.py:830} INFO - Processing file /opt/airflow/dags/dagcomplexa.py for tasks to queue
[2024-06-26T14:17:50.911+0000] {logging_mixin.py:188} INFO - [2024-06-26T14:17:50.911+0000] {dagbag.py:545} INFO - Filling up the DagBag from /opt/airflow/dags/dagcomplexa.py
[2024-06-26T14:17:50.916+0000] {processor.py:840} INFO - DAG(s) 'dagcomplexa' retrieved from /opt/airflow/dags/dagcomplexa.py
[2024-06-26T14:17:50.929+0000] {logging_mixin.py:188} INFO - [2024-06-26T14:17:50.929+0000] {dag.py:3096} INFO - Sync 1 DAGs
[2024-06-26T14:17:50.936+0000] {logging_mixin.py:188} INFO - [2024-06-26T14:17:50.935+0000] {dag.py:3954} INFO - Setting next_dagrun for dagcomplexa to None, run_after=None
[2024-06-26T14:17:50.944+0000] {processor.py:183} INFO - Processing /opt/airflow/dags/dagcomplexa.py took 0.038 seconds
[2024-06-26T14:17:56.637+0000] {processor.py:161} INFO - Started process (PID=1364) to work on /opt/airflow/dags/dagcomplexa.py
[2024-06-26T14:17:56.638+0000] {processor.py:830} INFO - Processing file /opt/airflow/dags/dagcomplexa.py for tasks to queue
[2024-06-26T14:17:56.638+0000] {logging_mixin.py:188} INFO - [2024-06-26T14:17:56.638+0000] {dagbag.py:545} INFO - Filling up the DagBag from /opt/airflow/dags/dagcomplexa.py
[2024-06-26T14:17:56.644+0000] {processor.py:840} INFO - DAG(s) 'dagcomplexa' retrieved from /opt/airflow/dags/dagcomplexa.py
[2024-06-26T14:17:56.657+0000] {logging_mixin.py:188} INFO - [2024-06-26T14:17:56.656+0000] {dag.py:3096} INFO - Sync 1 DAGs
[2024-06-26T14:17:56.663+0000] {logging_mixin.py:188} INFO - [2024-06-26T14:17:56.663+0000] {dag.py:3954} INFO - Setting next_dagrun for dagcomplexa to None, run_after=None
[2024-06-26T14:17:56.672+0000] {processor.py:183} INFO - Processing /opt/airflow/dags/dagcomplexa.py took 0.038 seconds
[2024-06-26T14:18:02.384+0000] {processor.py:161} INFO - Started process (PID=1391) to work on /opt/airflow/dags/dagcomplexa.py
[2024-06-26T14:18:02.385+0000] {processor.py:830} INFO - Processing file /opt/airflow/dags/dagcomplexa.py for tasks to queue
[2024-06-26T14:18:02.387+0000] {logging_mixin.py:188} INFO - [2024-06-26T14:18:02.386+0000] {dagbag.py:545} INFO - Filling up the DagBag from /opt/airflow/dags/dagcomplexa.py
[2024-06-26T14:18:02.392+0000] {processor.py:840} INFO - DAG(s) 'dagcomplexa' retrieved from /opt/airflow/dags/dagcomplexa.py
[2024-06-26T14:18:02.405+0000] {logging_mixin.py:188} INFO - [2024-06-26T14:18:02.404+0000] {dag.py:3096} INFO - Sync 1 DAGs
[2024-06-26T14:18:02.411+0000] {logging_mixin.py:188} INFO - [2024-06-26T14:18:02.411+0000] {dag.py:3954} INFO - Setting next_dagrun for dagcomplexa to None, run_after=None
[2024-06-26T14:18:02.420+0000] {processor.py:183} INFO - Processing /opt/airflow/dags/dagcomplexa.py took 0.039 seconds
