[2024-06-26T14:13:29.683+0000] {processor.py:161} INFO - Started process (PID=54) to work on /opt/airflow/dags/daggroup.py
[2024-06-26T14:13:29.683+0000] {processor.py:830} INFO - Processing file /opt/airflow/dags/daggroup.py for tasks to queue
[2024-06-26T14:13:29.684+0000] {logging_mixin.py:188} INFO - [2024-06-26T14:13:29.684+0000] {dagbag.py:545} INFO - Filling up the DagBag from /opt/airflow/dags/daggroup.py
[2024-06-26T14:13:29.689+0000] {processor.py:840} INFO - DAG(s) 'daggroup' retrieved from /opt/airflow/dags/daggroup.py
[2024-06-26T14:13:29.745+0000] {logging_mixin.py:188} INFO - [2024-06-26T14:13:29.745+0000] {dag.py:3096} INFO - Sync 1 DAGs
[2024-06-26T14:13:29.751+0000] {logging_mixin.py:188} INFO - [2024-06-26T14:13:29.750+0000] {dag.py:3954} INFO - Setting next_dagrun for daggroup to None, run_after=None
[2024-06-26T14:13:29.761+0000] {processor.py:183} INFO - Processing /opt/airflow/dags/daggroup.py took 0.081 seconds
[2024-06-26T14:13:35.602+0000] {processor.py:161} INFO - Started process (PID=81) to work on /opt/airflow/dags/daggroup.py
[2024-06-26T14:13:35.603+0000] {processor.py:830} INFO - Processing file /opt/airflow/dags/daggroup.py for tasks to queue
[2024-06-26T14:13:35.604+0000] {logging_mixin.py:188} INFO - [2024-06-26T14:13:35.604+0000] {dagbag.py:545} INFO - Filling up the DagBag from /opt/airflow/dags/daggroup.py
[2024-06-26T14:13:35.612+0000] {processor.py:840} INFO - DAG(s) 'daggroup' retrieved from /opt/airflow/dags/daggroup.py
[2024-06-26T14:13:35.618+0000] {logging_mixin.py:188} INFO - [2024-06-26T14:13:35.618+0000] {dag.py:3096} INFO - Sync 1 DAGs
[2024-06-26T14:13:35.624+0000] {logging_mixin.py:188} INFO - [2024-06-26T14:13:35.624+0000] {dag.py:3954} INFO - Setting next_dagrun for daggroup to None, run_after=None
[2024-06-26T14:13:35.634+0000] {processor.py:183} INFO - Processing /opt/airflow/dags/daggroup.py took 0.034 seconds
[2024-06-26T14:13:41.433+0000] {processor.py:161} INFO - Started process (PID=108) to work on /opt/airflow/dags/daggroup.py
[2024-06-26T14:13:41.434+0000] {processor.py:830} INFO - Processing file /opt/airflow/dags/daggroup.py for tasks to queue
[2024-06-26T14:13:41.436+0000] {logging_mixin.py:188} INFO - [2024-06-26T14:13:41.435+0000] {dagbag.py:545} INFO - Filling up the DagBag from /opt/airflow/dags/daggroup.py
[2024-06-26T14:13:41.442+0000] {processor.py:840} INFO - DAG(s) 'daggroup' retrieved from /opt/airflow/dags/daggroup.py
[2024-06-26T14:13:41.448+0000] {logging_mixin.py:188} INFO - [2024-06-26T14:13:41.448+0000] {dag.py:3096} INFO - Sync 1 DAGs
[2024-06-26T14:13:41.458+0000] {logging_mixin.py:188} INFO - [2024-06-26T14:13:41.458+0000] {dag.py:3954} INFO - Setting next_dagrun for daggroup to None, run_after=None
[2024-06-26T14:13:41.469+0000] {processor.py:183} INFO - Processing /opt/airflow/dags/daggroup.py took 0.046 seconds
[2024-06-26T14:13:47.250+0000] {processor.py:161} INFO - Started process (PID=135) to work on /opt/airflow/dags/daggroup.py
[2024-06-26T14:13:47.251+0000] {processor.py:830} INFO - Processing file /opt/airflow/dags/daggroup.py for tasks to queue
[2024-06-26T14:13:47.252+0000] {logging_mixin.py:188} INFO - [2024-06-26T14:13:47.252+0000] {dagbag.py:545} INFO - Filling up the DagBag from /opt/airflow/dags/daggroup.py
[2024-06-26T14:13:47.257+0000] {processor.py:840} INFO - DAG(s) 'daggroup' retrieved from /opt/airflow/dags/daggroup.py
[2024-06-26T14:13:47.263+0000] {logging_mixin.py:188} INFO - [2024-06-26T14:13:47.263+0000] {dag.py:3096} INFO - Sync 1 DAGs
[2024-06-26T14:13:47.273+0000] {logging_mixin.py:188} INFO - [2024-06-26T14:13:47.272+0000] {dag.py:3954} INFO - Setting next_dagrun for daggroup to None, run_after=None
[2024-06-26T14:13:47.283+0000] {processor.py:183} INFO - Processing /opt/airflow/dags/daggroup.py took 0.036 seconds
[2024-06-26T14:13:52.884+0000] {processor.py:161} INFO - Started process (PID=168) to work on /opt/airflow/dags/daggroup.py
[2024-06-26T14:13:52.884+0000] {processor.py:830} INFO - Processing file /opt/airflow/dags/daggroup.py for tasks to queue
[2024-06-26T14:13:52.885+0000] {logging_mixin.py:188} INFO - [2024-06-26T14:13:52.885+0000] {dagbag.py:545} INFO - Filling up the DagBag from /opt/airflow/dags/daggroup.py
[2024-06-26T14:13:52.890+0000] {processor.py:840} INFO - DAG(s) 'daggroup' retrieved from /opt/airflow/dags/daggroup.py
[2024-06-26T14:13:52.898+0000] {logging_mixin.py:188} INFO - [2024-06-26T14:13:52.898+0000] {dag.py:3096} INFO - Sync 1 DAGs
[2024-06-26T14:13:52.905+0000] {logging_mixin.py:188} INFO - [2024-06-26T14:13:52.905+0000] {dag.py:3954} INFO - Setting next_dagrun for daggroup to None, run_after=None
[2024-06-26T14:13:52.914+0000] {processor.py:183} INFO - Processing /opt/airflow/dags/daggroup.py took 0.033 seconds
[2024-06-26T14:13:58.919+0000] {processor.py:161} INFO - Started process (PID=208) to work on /opt/airflow/dags/daggroup.py
[2024-06-26T14:13:58.919+0000] {processor.py:830} INFO - Processing file /opt/airflow/dags/daggroup.py for tasks to queue
[2024-06-26T14:13:58.920+0000] {logging_mixin.py:188} INFO - [2024-06-26T14:13:58.920+0000] {dagbag.py:545} INFO - Filling up the DagBag from /opt/airflow/dags/daggroup.py
[2024-06-26T14:13:58.926+0000] {processor.py:840} INFO - DAG(s) 'daggroup' retrieved from /opt/airflow/dags/daggroup.py
[2024-06-26T14:13:58.932+0000] {logging_mixin.py:188} INFO - [2024-06-26T14:13:58.932+0000] {dag.py:3096} INFO - Sync 1 DAGs
[2024-06-26T14:13:58.939+0000] {logging_mixin.py:188} INFO - [2024-06-26T14:13:58.939+0000] {dag.py:3954} INFO - Setting next_dagrun for daggroup to None, run_after=None
[2024-06-26T14:13:58.949+0000] {processor.py:183} INFO - Processing /opt/airflow/dags/daggroup.py took 0.034 seconds
[2024-06-26T14:14:04.711+0000] {processor.py:161} INFO - Started process (PID=235) to work on /opt/airflow/dags/daggroup.py
[2024-06-26T14:14:04.712+0000] {processor.py:830} INFO - Processing file /opt/airflow/dags/daggroup.py for tasks to queue
[2024-06-26T14:14:04.713+0000] {logging_mixin.py:188} INFO - [2024-06-26T14:14:04.713+0000] {dagbag.py:545} INFO - Filling up the DagBag from /opt/airflow/dags/daggroup.py
[2024-06-26T14:14:04.718+0000] {processor.py:840} INFO - DAG(s) 'daggroup' retrieved from /opt/airflow/dags/daggroup.py
[2024-06-26T14:14:04.731+0000] {logging_mixin.py:188} INFO - [2024-06-26T14:14:04.731+0000] {dag.py:3096} INFO - Sync 1 DAGs
[2024-06-26T14:14:04.738+0000] {logging_mixin.py:188} INFO - [2024-06-26T14:14:04.738+0000] {dag.py:3954} INFO - Setting next_dagrun for daggroup to None, run_after=None
[2024-06-26T14:14:04.747+0000] {processor.py:183} INFO - Processing /opt/airflow/dags/daggroup.py took 0.039 seconds
[2024-06-26T14:14:10.635+0000] {processor.py:161} INFO - Started process (PID=262) to work on /opt/airflow/dags/daggroup.py
[2024-06-26T14:14:10.636+0000] {processor.py:830} INFO - Processing file /opt/airflow/dags/daggroup.py for tasks to queue
[2024-06-26T14:14:10.637+0000] {logging_mixin.py:188} INFO - [2024-06-26T14:14:10.637+0000] {dagbag.py:545} INFO - Filling up the DagBag from /opt/airflow/dags/daggroup.py
[2024-06-26T14:14:10.643+0000] {processor.py:840} INFO - DAG(s) 'daggroup' retrieved from /opt/airflow/dags/daggroup.py
[2024-06-26T14:14:10.656+0000] {logging_mixin.py:188} INFO - [2024-06-26T14:14:10.656+0000] {dag.py:3096} INFO - Sync 1 DAGs
[2024-06-26T14:14:10.663+0000] {logging_mixin.py:188} INFO - [2024-06-26T14:14:10.663+0000] {dag.py:3954} INFO - Setting next_dagrun for daggroup to None, run_after=None
[2024-06-26T14:14:10.672+0000] {processor.py:183} INFO - Processing /opt/airflow/dags/daggroup.py took 0.040 seconds
[2024-06-26T14:14:16.399+0000] {processor.py:161} INFO - Started process (PID=289) to work on /opt/airflow/dags/daggroup.py
[2024-06-26T14:14:16.399+0000] {processor.py:830} INFO - Processing file /opt/airflow/dags/daggroup.py for tasks to queue
[2024-06-26T14:14:16.400+0000] {logging_mixin.py:188} INFO - [2024-06-26T14:14:16.400+0000] {dagbag.py:545} INFO - Filling up the DagBag from /opt/airflow/dags/daggroup.py
[2024-06-26T14:14:16.406+0000] {processor.py:840} INFO - DAG(s) 'daggroup' retrieved from /opt/airflow/dags/daggroup.py
[2024-06-26T14:14:16.419+0000] {logging_mixin.py:188} INFO - [2024-06-26T14:14:16.419+0000] {dag.py:3096} INFO - Sync 1 DAGs
[2024-06-26T14:14:16.426+0000] {logging_mixin.py:188} INFO - [2024-06-26T14:14:16.426+0000] {dag.py:3954} INFO - Setting next_dagrun for daggroup to None, run_after=None
[2024-06-26T14:14:16.436+0000] {processor.py:183} INFO - Processing /opt/airflow/dags/daggroup.py took 0.041 seconds
[2024-06-26T14:14:22.170+0000] {processor.py:161} INFO - Started process (PID=322) to work on /opt/airflow/dags/daggroup.py
[2024-06-26T14:14:22.171+0000] {processor.py:830} INFO - Processing file /opt/airflow/dags/daggroup.py for tasks to queue
[2024-06-26T14:14:22.172+0000] {logging_mixin.py:188} INFO - [2024-06-26T14:14:22.172+0000] {dagbag.py:545} INFO - Filling up the DagBag from /opt/airflow/dags/daggroup.py
[2024-06-26T14:14:22.177+0000] {processor.py:840} INFO - DAG(s) 'daggroup' retrieved from /opt/airflow/dags/daggroup.py
[2024-06-26T14:14:22.190+0000] {logging_mixin.py:188} INFO - [2024-06-26T14:14:22.190+0000] {dag.py:3096} INFO - Sync 1 DAGs
[2024-06-26T14:14:22.197+0000] {logging_mixin.py:188} INFO - [2024-06-26T14:14:22.197+0000] {dag.py:3954} INFO - Setting next_dagrun for daggroup to None, run_after=None
[2024-06-26T14:14:22.207+0000] {processor.py:183} INFO - Processing /opt/airflow/dags/daggroup.py took 0.040 seconds
[2024-06-26T14:14:28.010+0000] {processor.py:161} INFO - Started process (PID=349) to work on /opt/airflow/dags/daggroup.py
[2024-06-26T14:14:28.010+0000] {processor.py:830} INFO - Processing file /opt/airflow/dags/daggroup.py for tasks to queue
[2024-06-26T14:14:28.011+0000] {logging_mixin.py:188} INFO - [2024-06-26T14:14:28.011+0000] {dagbag.py:545} INFO - Filling up the DagBag from /opt/airflow/dags/daggroup.py
[2024-06-26T14:14:28.016+0000] {processor.py:840} INFO - DAG(s) 'daggroup' retrieved from /opt/airflow/dags/daggroup.py
[2024-06-26T14:14:28.030+0000] {logging_mixin.py:188} INFO - [2024-06-26T14:14:28.030+0000] {dag.py:3096} INFO - Sync 1 DAGs
[2024-06-26T14:14:28.037+0000] {logging_mixin.py:188} INFO - [2024-06-26T14:14:28.037+0000] {dag.py:3954} INFO - Setting next_dagrun for daggroup to None, run_after=None
[2024-06-26T14:14:28.047+0000] {processor.py:183} INFO - Processing /opt/airflow/dags/daggroup.py took 0.040 seconds
[2024-06-26T14:14:33.828+0000] {processor.py:161} INFO - Started process (PID=376) to work on /opt/airflow/dags/daggroup.py
[2024-06-26T14:14:33.829+0000] {processor.py:830} INFO - Processing file /opt/airflow/dags/daggroup.py for tasks to queue
[2024-06-26T14:14:33.830+0000] {logging_mixin.py:188} INFO - [2024-06-26T14:14:33.830+0000] {dagbag.py:545} INFO - Filling up the DagBag from /opt/airflow/dags/daggroup.py
[2024-06-26T14:14:33.835+0000] {processor.py:840} INFO - DAG(s) 'daggroup' retrieved from /opt/airflow/dags/daggroup.py
[2024-06-26T14:14:33.848+0000] {logging_mixin.py:188} INFO - [2024-06-26T14:14:33.848+0000] {dag.py:3096} INFO - Sync 1 DAGs
[2024-06-26T14:14:33.855+0000] {logging_mixin.py:188} INFO - [2024-06-26T14:14:33.854+0000] {dag.py:3954} INFO - Setting next_dagrun for daggroup to None, run_after=None
[2024-06-26T14:14:33.864+0000] {processor.py:183} INFO - Processing /opt/airflow/dags/daggroup.py took 0.039 seconds
[2024-06-26T14:14:39.615+0000] {processor.py:161} INFO - Started process (PID=403) to work on /opt/airflow/dags/daggroup.py
[2024-06-26T14:14:39.616+0000] {processor.py:830} INFO - Processing file /opt/airflow/dags/daggroup.py for tasks to queue
[2024-06-26T14:14:39.617+0000] {logging_mixin.py:188} INFO - [2024-06-26T14:14:39.617+0000] {dagbag.py:545} INFO - Filling up the DagBag from /opt/airflow/dags/daggroup.py
[2024-06-26T14:14:39.622+0000] {processor.py:840} INFO - DAG(s) 'daggroup' retrieved from /opt/airflow/dags/daggroup.py
[2024-06-26T14:14:39.637+0000] {logging_mixin.py:188} INFO - [2024-06-26T14:14:39.637+0000] {dag.py:3096} INFO - Sync 1 DAGs
[2024-06-26T14:14:39.644+0000] {logging_mixin.py:188} INFO - [2024-06-26T14:14:39.643+0000] {dag.py:3954} INFO - Setting next_dagrun for daggroup to None, run_after=None
[2024-06-26T14:14:39.653+0000] {processor.py:183} INFO - Processing /opt/airflow/dags/daggroup.py took 0.041 seconds
[2024-06-26T14:14:45.369+0000] {processor.py:161} INFO - Started process (PID=430) to work on /opt/airflow/dags/daggroup.py
[2024-06-26T14:14:45.369+0000] {processor.py:830} INFO - Processing file /opt/airflow/dags/daggroup.py for tasks to queue
[2024-06-26T14:14:45.371+0000] {logging_mixin.py:188} INFO - [2024-06-26T14:14:45.371+0000] {dagbag.py:545} INFO - Filling up the DagBag from /opt/airflow/dags/daggroup.py
[2024-06-26T14:14:45.376+0000] {processor.py:840} INFO - DAG(s) 'daggroup' retrieved from /opt/airflow/dags/daggroup.py
[2024-06-26T14:14:45.390+0000] {logging_mixin.py:188} INFO - [2024-06-26T14:14:45.389+0000] {dag.py:3096} INFO - Sync 1 DAGs
[2024-06-26T14:14:45.396+0000] {logging_mixin.py:188} INFO - [2024-06-26T14:14:45.396+0000] {dag.py:3954} INFO - Setting next_dagrun for daggroup to None, run_after=None
[2024-06-26T14:14:45.405+0000] {processor.py:183} INFO - Processing /opt/airflow/dags/daggroup.py took 0.039 seconds
[2024-06-26T14:14:51.098+0000] {processor.py:161} INFO - Started process (PID=463) to work on /opt/airflow/dags/daggroup.py
[2024-06-26T14:14:51.098+0000] {processor.py:830} INFO - Processing file /opt/airflow/dags/daggroup.py for tasks to queue
[2024-06-26T14:14:51.099+0000] {logging_mixin.py:188} INFO - [2024-06-26T14:14:51.099+0000] {dagbag.py:545} INFO - Filling up the DagBag from /opt/airflow/dags/daggroup.py
[2024-06-26T14:14:51.105+0000] {processor.py:840} INFO - DAG(s) 'daggroup' retrieved from /opt/airflow/dags/daggroup.py
[2024-06-26T14:14:51.120+0000] {logging_mixin.py:188} INFO - [2024-06-26T14:14:51.120+0000] {dag.py:3096} INFO - Sync 1 DAGs
[2024-06-26T14:14:51.127+0000] {logging_mixin.py:188} INFO - [2024-06-26T14:14:51.127+0000] {dag.py:3954} INFO - Setting next_dagrun for daggroup to None, run_after=None
[2024-06-26T14:14:51.138+0000] {processor.py:183} INFO - Processing /opt/airflow/dags/daggroup.py took 0.043 seconds
[2024-06-26T14:14:56.923+0000] {processor.py:161} INFO - Started process (PID=490) to work on /opt/airflow/dags/daggroup.py
[2024-06-26T14:14:56.924+0000] {processor.py:830} INFO - Processing file /opt/airflow/dags/daggroup.py for tasks to queue
[2024-06-26T14:14:56.925+0000] {logging_mixin.py:188} INFO - [2024-06-26T14:14:56.925+0000] {dagbag.py:545} INFO - Filling up the DagBag from /opt/airflow/dags/daggroup.py
[2024-06-26T14:14:56.930+0000] {processor.py:840} INFO - DAG(s) 'daggroup' retrieved from /opt/airflow/dags/daggroup.py
[2024-06-26T14:14:56.944+0000] {logging_mixin.py:188} INFO - [2024-06-26T14:14:56.944+0000] {dag.py:3096} INFO - Sync 1 DAGs
[2024-06-26T14:14:56.951+0000] {logging_mixin.py:188} INFO - [2024-06-26T14:14:56.951+0000] {dag.py:3954} INFO - Setting next_dagrun for daggroup to None, run_after=None
[2024-06-26T14:14:56.960+0000] {processor.py:183} INFO - Processing /opt/airflow/dags/daggroup.py took 0.040 seconds
[2024-06-26T14:15:02.697+0000] {processor.py:161} INFO - Started process (PID=517) to work on /opt/airflow/dags/daggroup.py
[2024-06-26T14:15:02.698+0000] {processor.py:830} INFO - Processing file /opt/airflow/dags/daggroup.py for tasks to queue
[2024-06-26T14:15:02.699+0000] {logging_mixin.py:188} INFO - [2024-06-26T14:15:02.699+0000] {dagbag.py:545} INFO - Filling up the DagBag from /opt/airflow/dags/daggroup.py
[2024-06-26T14:15:02.704+0000] {processor.py:840} INFO - DAG(s) 'daggroup' retrieved from /opt/airflow/dags/daggroup.py
[2024-06-26T14:15:02.718+0000] {logging_mixin.py:188} INFO - [2024-06-26T14:15:02.718+0000] {dag.py:3096} INFO - Sync 1 DAGs
[2024-06-26T14:15:02.724+0000] {logging_mixin.py:188} INFO - [2024-06-26T14:15:02.724+0000] {dag.py:3954} INFO - Setting next_dagrun for daggroup to None, run_after=None
[2024-06-26T14:15:02.734+0000] {processor.py:183} INFO - Processing /opt/airflow/dags/daggroup.py took 0.039 seconds
[2024-06-26T14:15:08.530+0000] {processor.py:161} INFO - Started process (PID=544) to work on /opt/airflow/dags/daggroup.py
[2024-06-26T14:15:08.530+0000] {processor.py:830} INFO - Processing file /opt/airflow/dags/daggroup.py for tasks to queue
[2024-06-26T14:15:08.532+0000] {logging_mixin.py:188} INFO - [2024-06-26T14:15:08.532+0000] {dagbag.py:545} INFO - Filling up the DagBag from /opt/airflow/dags/daggroup.py
[2024-06-26T14:15:08.537+0000] {processor.py:840} INFO - DAG(s) 'daggroup' retrieved from /opt/airflow/dags/daggroup.py
[2024-06-26T14:15:08.551+0000] {logging_mixin.py:188} INFO - [2024-06-26T14:15:08.551+0000] {dag.py:3096} INFO - Sync 1 DAGs
[2024-06-26T14:15:08.557+0000] {logging_mixin.py:188} INFO - [2024-06-26T14:15:08.557+0000] {dag.py:3954} INFO - Setting next_dagrun for daggroup to None, run_after=None
[2024-06-26T14:15:08.567+0000] {processor.py:183} INFO - Processing /opt/airflow/dags/daggroup.py took 0.041 seconds
[2024-06-26T14:15:14.329+0000] {processor.py:161} INFO - Started process (PID=571) to work on /opt/airflow/dags/daggroup.py
[2024-06-26T14:15:14.329+0000] {processor.py:830} INFO - Processing file /opt/airflow/dags/daggroup.py for tasks to queue
[2024-06-26T14:15:14.331+0000] {logging_mixin.py:188} INFO - [2024-06-26T14:15:14.330+0000] {dagbag.py:545} INFO - Filling up the DagBag from /opt/airflow/dags/daggroup.py
[2024-06-26T14:15:14.337+0000] {processor.py:840} INFO - DAG(s) 'daggroup' retrieved from /opt/airflow/dags/daggroup.py
[2024-06-26T14:15:14.351+0000] {logging_mixin.py:188} INFO - [2024-06-26T14:15:14.351+0000] {dag.py:3096} INFO - Sync 1 DAGs
[2024-06-26T14:15:14.358+0000] {logging_mixin.py:188} INFO - [2024-06-26T14:15:14.358+0000] {dag.py:3954} INFO - Setting next_dagrun for daggroup to None, run_after=None
[2024-06-26T14:15:14.369+0000] {processor.py:183} INFO - Processing /opt/airflow/dags/daggroup.py took 0.043 seconds
[2024-06-26T14:15:20.140+0000] {processor.py:161} INFO - Started process (PID=604) to work on /opt/airflow/dags/daggroup.py
[2024-06-26T14:15:20.140+0000] {processor.py:830} INFO - Processing file /opt/airflow/dags/daggroup.py for tasks to queue
[2024-06-26T14:15:20.142+0000] {logging_mixin.py:188} INFO - [2024-06-26T14:15:20.142+0000] {dagbag.py:545} INFO - Filling up the DagBag from /opt/airflow/dags/daggroup.py
[2024-06-26T14:15:20.147+0000] {processor.py:840} INFO - DAG(s) 'daggroup' retrieved from /opt/airflow/dags/daggroup.py
[2024-06-26T14:15:20.161+0000] {logging_mixin.py:188} INFO - [2024-06-26T14:15:20.161+0000] {dag.py:3096} INFO - Sync 1 DAGs
[2024-06-26T14:15:20.168+0000] {logging_mixin.py:188} INFO - [2024-06-26T14:15:20.168+0000] {dag.py:3954} INFO - Setting next_dagrun for daggroup to None, run_after=None
[2024-06-26T14:15:20.177+0000] {processor.py:183} INFO - Processing /opt/airflow/dags/daggroup.py took 0.040 seconds
[2024-06-26T14:15:25.946+0000] {processor.py:161} INFO - Started process (PID=631) to work on /opt/airflow/dags/daggroup.py
[2024-06-26T14:15:25.947+0000] {processor.py:830} INFO - Processing file /opt/airflow/dags/daggroup.py for tasks to queue
[2024-06-26T14:15:25.949+0000] {logging_mixin.py:188} INFO - [2024-06-26T14:15:25.948+0000] {dagbag.py:545} INFO - Filling up the DagBag from /opt/airflow/dags/daggroup.py
[2024-06-26T14:15:25.954+0000] {processor.py:840} INFO - DAG(s) 'daggroup' retrieved from /opt/airflow/dags/daggroup.py
[2024-06-26T14:15:25.969+0000] {logging_mixin.py:188} INFO - [2024-06-26T14:15:25.969+0000] {dag.py:3096} INFO - Sync 1 DAGs
[2024-06-26T14:15:25.976+0000] {logging_mixin.py:188} INFO - [2024-06-26T14:15:25.975+0000] {dag.py:3954} INFO - Setting next_dagrun for daggroup to None, run_after=None
[2024-06-26T14:15:25.988+0000] {processor.py:183} INFO - Processing /opt/airflow/dags/daggroup.py took 0.045 seconds
[2024-06-26T14:15:31.770+0000] {processor.py:161} INFO - Started process (PID=658) to work on /opt/airflow/dags/daggroup.py
[2024-06-26T14:15:31.770+0000] {processor.py:830} INFO - Processing file /opt/airflow/dags/daggroup.py for tasks to queue
[2024-06-26T14:15:31.771+0000] {logging_mixin.py:188} INFO - [2024-06-26T14:15:31.771+0000] {dagbag.py:545} INFO - Filling up the DagBag from /opt/airflow/dags/daggroup.py
[2024-06-26T14:15:31.776+0000] {processor.py:840} INFO - DAG(s) 'daggroup' retrieved from /opt/airflow/dags/daggroup.py
[2024-06-26T14:15:31.789+0000] {logging_mixin.py:188} INFO - [2024-06-26T14:15:31.789+0000] {dag.py:3096} INFO - Sync 1 DAGs
[2024-06-26T14:15:31.795+0000] {logging_mixin.py:188} INFO - [2024-06-26T14:15:31.795+0000] {dag.py:3954} INFO - Setting next_dagrun for daggroup to None, run_after=None
[2024-06-26T14:15:31.806+0000] {processor.py:183} INFO - Processing /opt/airflow/dags/daggroup.py took 0.040 seconds
[2024-06-26T14:15:37.624+0000] {processor.py:161} INFO - Started process (PID=685) to work on /opt/airflow/dags/daggroup.py
[2024-06-26T14:15:37.624+0000] {processor.py:830} INFO - Processing file /opt/airflow/dags/daggroup.py for tasks to queue
[2024-06-26T14:15:37.625+0000] {logging_mixin.py:188} INFO - [2024-06-26T14:15:37.625+0000] {dagbag.py:545} INFO - Filling up the DagBag from /opt/airflow/dags/daggroup.py
[2024-06-26T14:15:37.630+0000] {processor.py:840} INFO - DAG(s) 'daggroup' retrieved from /opt/airflow/dags/daggroup.py
[2024-06-26T14:15:37.647+0000] {logging_mixin.py:188} INFO - [2024-06-26T14:15:37.647+0000] {dag.py:3096} INFO - Sync 1 DAGs
[2024-06-26T14:15:37.659+0000] {logging_mixin.py:188} INFO - [2024-06-26T14:15:37.659+0000] {dag.py:3954} INFO - Setting next_dagrun for daggroup to None, run_after=None
[2024-06-26T14:15:37.669+0000] {processor.py:183} INFO - Processing /opt/airflow/dags/daggroup.py took 0.049 seconds
[2024-06-26T14:15:43.437+0000] {processor.py:161} INFO - Started process (PID=712) to work on /opt/airflow/dags/daggroup.py
[2024-06-26T14:15:43.437+0000] {processor.py:830} INFO - Processing file /opt/airflow/dags/daggroup.py for tasks to queue
[2024-06-26T14:15:43.439+0000] {logging_mixin.py:188} INFO - [2024-06-26T14:15:43.438+0000] {dagbag.py:545} INFO - Filling up the DagBag from /opt/airflow/dags/daggroup.py
[2024-06-26T14:15:43.445+0000] {processor.py:840} INFO - DAG(s) 'daggroup' retrieved from /opt/airflow/dags/daggroup.py
[2024-06-26T14:15:43.458+0000] {logging_mixin.py:188} INFO - [2024-06-26T14:15:43.458+0000] {dag.py:3096} INFO - Sync 1 DAGs
[2024-06-26T14:15:43.465+0000] {logging_mixin.py:188} INFO - [2024-06-26T14:15:43.465+0000] {dag.py:3954} INFO - Setting next_dagrun for daggroup to None, run_after=None
[2024-06-26T14:15:43.474+0000] {processor.py:183} INFO - Processing /opt/airflow/dags/daggroup.py took 0.041 seconds
[2024-06-26T14:15:49.228+0000] {processor.py:161} INFO - Started process (PID=745) to work on /opt/airflow/dags/daggroup.py
[2024-06-26T14:15:49.229+0000] {processor.py:830} INFO - Processing file /opt/airflow/dags/daggroup.py for tasks to queue
[2024-06-26T14:15:49.230+0000] {logging_mixin.py:188} INFO - [2024-06-26T14:15:49.230+0000] {dagbag.py:545} INFO - Filling up the DagBag from /opt/airflow/dags/daggroup.py
[2024-06-26T14:15:49.236+0000] {processor.py:840} INFO - DAG(s) 'daggroup' retrieved from /opt/airflow/dags/daggroup.py
[2024-06-26T14:15:49.249+0000] {logging_mixin.py:188} INFO - [2024-06-26T14:15:49.249+0000] {dag.py:3096} INFO - Sync 1 DAGs
[2024-06-26T14:15:49.256+0000] {logging_mixin.py:188} INFO - [2024-06-26T14:15:49.256+0000] {dag.py:3954} INFO - Setting next_dagrun for daggroup to None, run_after=None
[2024-06-26T14:15:49.266+0000] {processor.py:183} INFO - Processing /opt/airflow/dags/daggroup.py took 0.041 seconds
[2024-06-26T14:15:55.094+0000] {processor.py:161} INFO - Started process (PID=772) to work on /opt/airflow/dags/daggroup.py
[2024-06-26T14:15:55.095+0000] {processor.py:830} INFO - Processing file /opt/airflow/dags/daggroup.py for tasks to queue
[2024-06-26T14:15:55.096+0000] {logging_mixin.py:188} INFO - [2024-06-26T14:15:55.096+0000] {dagbag.py:545} INFO - Filling up the DagBag from /opt/airflow/dags/daggroup.py
[2024-06-26T14:15:55.101+0000] {processor.py:840} INFO - DAG(s) 'daggroup' retrieved from /opt/airflow/dags/daggroup.py
[2024-06-26T14:15:55.116+0000] {logging_mixin.py:188} INFO - [2024-06-26T14:15:55.116+0000] {dag.py:3096} INFO - Sync 1 DAGs
[2024-06-26T14:15:55.123+0000] {logging_mixin.py:188} INFO - [2024-06-26T14:15:55.123+0000] {dag.py:3954} INFO - Setting next_dagrun for daggroup to None, run_after=None
[2024-06-26T14:15:55.133+0000] {processor.py:183} INFO - Processing /opt/airflow/dags/daggroup.py took 0.041 seconds
[2024-06-26T14:16:00.923+0000] {processor.py:161} INFO - Started process (PID=799) to work on /opt/airflow/dags/daggroup.py
[2024-06-26T14:16:00.923+0000] {processor.py:830} INFO - Processing file /opt/airflow/dags/daggroup.py for tasks to queue
[2024-06-26T14:16:00.924+0000] {logging_mixin.py:188} INFO - [2024-06-26T14:16:00.924+0000] {dagbag.py:545} INFO - Filling up the DagBag from /opt/airflow/dags/daggroup.py
[2024-06-26T14:16:00.930+0000] {processor.py:840} INFO - DAG(s) 'daggroup' retrieved from /opt/airflow/dags/daggroup.py
[2024-06-26T14:16:00.942+0000] {logging_mixin.py:188} INFO - [2024-06-26T14:16:00.942+0000] {dag.py:3096} INFO - Sync 1 DAGs
[2024-06-26T14:16:00.950+0000] {logging_mixin.py:188} INFO - [2024-06-26T14:16:00.949+0000] {dag.py:3954} INFO - Setting next_dagrun for daggroup to None, run_after=None
[2024-06-26T14:16:00.959+0000] {processor.py:183} INFO - Processing /opt/airflow/dags/daggroup.py took 0.039 seconds
[2024-06-26T14:16:06.707+0000] {processor.py:161} INFO - Started process (PID=826) to work on /opt/airflow/dags/daggroup.py
[2024-06-26T14:16:06.708+0000] {processor.py:830} INFO - Processing file /opt/airflow/dags/daggroup.py for tasks to queue
[2024-06-26T14:16:06.709+0000] {logging_mixin.py:188} INFO - [2024-06-26T14:16:06.709+0000] {dagbag.py:545} INFO - Filling up the DagBag from /opt/airflow/dags/daggroup.py
[2024-06-26T14:16:06.714+0000] {processor.py:840} INFO - DAG(s) 'daggroup' retrieved from /opt/airflow/dags/daggroup.py
[2024-06-26T14:16:06.727+0000] {logging_mixin.py:188} INFO - [2024-06-26T14:16:06.727+0000] {dag.py:3096} INFO - Sync 1 DAGs
[2024-06-26T14:16:06.734+0000] {logging_mixin.py:188} INFO - [2024-06-26T14:16:06.734+0000] {dag.py:3954} INFO - Setting next_dagrun for daggroup to None, run_after=None
[2024-06-26T14:16:06.744+0000] {processor.py:183} INFO - Processing /opt/airflow/dags/daggroup.py took 0.040 seconds
[2024-06-26T14:16:12.465+0000] {processor.py:161} INFO - Started process (PID=853) to work on /opt/airflow/dags/daggroup.py
[2024-06-26T14:16:12.466+0000] {processor.py:830} INFO - Processing file /opt/airflow/dags/daggroup.py for tasks to queue
[2024-06-26T14:16:12.467+0000] {logging_mixin.py:188} INFO - [2024-06-26T14:16:12.467+0000] {dagbag.py:545} INFO - Filling up the DagBag from /opt/airflow/dags/daggroup.py
[2024-06-26T14:16:12.473+0000] {processor.py:840} INFO - DAG(s) 'daggroup' retrieved from /opt/airflow/dags/daggroup.py
[2024-06-26T14:16:12.487+0000] {logging_mixin.py:188} INFO - [2024-06-26T14:16:12.487+0000] {dag.py:3096} INFO - Sync 1 DAGs
[2024-06-26T14:16:12.493+0000] {logging_mixin.py:188} INFO - [2024-06-26T14:16:12.493+0000] {dag.py:3954} INFO - Setting next_dagrun for daggroup to None, run_after=None
[2024-06-26T14:16:12.504+0000] {processor.py:183} INFO - Processing /opt/airflow/dags/daggroup.py took 0.042 seconds
[2024-06-26T14:16:18.347+0000] {processor.py:161} INFO - Started process (PID=886) to work on /opt/airflow/dags/daggroup.py
[2024-06-26T14:16:18.348+0000] {processor.py:830} INFO - Processing file /opt/airflow/dags/daggroup.py for tasks to queue
[2024-06-26T14:16:18.349+0000] {logging_mixin.py:188} INFO - [2024-06-26T14:16:18.349+0000] {dagbag.py:545} INFO - Filling up the DagBag from /opt/airflow/dags/daggroup.py
[2024-06-26T14:16:18.354+0000] {processor.py:840} INFO - DAG(s) 'daggroup' retrieved from /opt/airflow/dags/daggroup.py
[2024-06-26T14:16:18.368+0000] {logging_mixin.py:188} INFO - [2024-06-26T14:16:18.367+0000] {dag.py:3096} INFO - Sync 1 DAGs
[2024-06-26T14:16:18.375+0000] {logging_mixin.py:188} INFO - [2024-06-26T14:16:18.374+0000] {dag.py:3954} INFO - Setting next_dagrun for daggroup to None, run_after=None
[2024-06-26T14:16:18.385+0000] {processor.py:183} INFO - Processing /opt/airflow/dags/daggroup.py took 0.040 seconds
[2024-06-26T14:16:24.088+0000] {processor.py:161} INFO - Started process (PID=913) to work on /opt/airflow/dags/daggroup.py
[2024-06-26T14:16:24.088+0000] {processor.py:830} INFO - Processing file /opt/airflow/dags/daggroup.py for tasks to queue
[2024-06-26T14:16:24.089+0000] {logging_mixin.py:188} INFO - [2024-06-26T14:16:24.089+0000] {dagbag.py:545} INFO - Filling up the DagBag from /opt/airflow/dags/daggroup.py
[2024-06-26T14:16:24.094+0000] {processor.py:840} INFO - DAG(s) 'daggroup' retrieved from /opt/airflow/dags/daggroup.py
[2024-06-26T14:16:24.108+0000] {logging_mixin.py:188} INFO - [2024-06-26T14:16:24.108+0000] {dag.py:3096} INFO - Sync 1 DAGs
[2024-06-26T14:16:24.115+0000] {logging_mixin.py:188} INFO - [2024-06-26T14:16:24.115+0000] {dag.py:3954} INFO - Setting next_dagrun for daggroup to None, run_after=None
[2024-06-26T14:16:24.125+0000] {processor.py:183} INFO - Processing /opt/airflow/dags/daggroup.py took 0.040 seconds
[2024-06-26T14:16:29.919+0000] {processor.py:161} INFO - Started process (PID=940) to work on /opt/airflow/dags/daggroup.py
[2024-06-26T14:16:29.920+0000] {processor.py:830} INFO - Processing file /opt/airflow/dags/daggroup.py for tasks to queue
[2024-06-26T14:16:29.921+0000] {logging_mixin.py:188} INFO - [2024-06-26T14:16:29.921+0000] {dagbag.py:545} INFO - Filling up the DagBag from /opt/airflow/dags/daggroup.py
[2024-06-26T14:16:29.926+0000] {processor.py:840} INFO - DAG(s) 'daggroup' retrieved from /opt/airflow/dags/daggroup.py
[2024-06-26T14:16:29.940+0000] {logging_mixin.py:188} INFO - [2024-06-26T14:16:29.940+0000] {dag.py:3096} INFO - Sync 1 DAGs
[2024-06-26T14:16:29.947+0000] {logging_mixin.py:188} INFO - [2024-06-26T14:16:29.947+0000] {dag.py:3954} INFO - Setting next_dagrun for daggroup to None, run_after=None
[2024-06-26T14:16:29.958+0000] {processor.py:183} INFO - Processing /opt/airflow/dags/daggroup.py took 0.042 seconds
[2024-06-26T14:16:35.730+0000] {processor.py:161} INFO - Started process (PID=967) to work on /opt/airflow/dags/daggroup.py
[2024-06-26T14:16:35.731+0000] {processor.py:830} INFO - Processing file /opt/airflow/dags/daggroup.py for tasks to queue
[2024-06-26T14:16:35.732+0000] {logging_mixin.py:188} INFO - [2024-06-26T14:16:35.732+0000] {dagbag.py:545} INFO - Filling up the DagBag from /opt/airflow/dags/daggroup.py
[2024-06-26T14:16:35.737+0000] {processor.py:840} INFO - DAG(s) 'daggroup' retrieved from /opt/airflow/dags/daggroup.py
[2024-06-26T14:16:35.752+0000] {logging_mixin.py:188} INFO - [2024-06-26T14:16:35.752+0000] {dag.py:3096} INFO - Sync 1 DAGs
[2024-06-26T14:16:35.759+0000] {logging_mixin.py:188} INFO - [2024-06-26T14:16:35.759+0000] {dag.py:3954} INFO - Setting next_dagrun for daggroup to None, run_after=None
[2024-06-26T14:16:35.769+0000] {processor.py:183} INFO - Processing /opt/airflow/dags/daggroup.py took 0.042 seconds
[2024-06-26T14:16:41.510+0000] {processor.py:161} INFO - Started process (PID=994) to work on /opt/airflow/dags/daggroup.py
[2024-06-26T14:16:41.511+0000] {processor.py:830} INFO - Processing file /opt/airflow/dags/daggroup.py for tasks to queue
[2024-06-26T14:16:41.512+0000] {logging_mixin.py:188} INFO - [2024-06-26T14:16:41.512+0000] {dagbag.py:545} INFO - Filling up the DagBag from /opt/airflow/dags/daggroup.py
[2024-06-26T14:16:41.517+0000] {processor.py:840} INFO - DAG(s) 'daggroup' retrieved from /opt/airflow/dags/daggroup.py
[2024-06-26T14:16:41.531+0000] {logging_mixin.py:188} INFO - [2024-06-26T14:16:41.530+0000] {dag.py:3096} INFO - Sync 1 DAGs
[2024-06-26T14:16:41.537+0000] {logging_mixin.py:188} INFO - [2024-06-26T14:16:41.537+0000] {dag.py:3954} INFO - Setting next_dagrun for daggroup to None, run_after=None
[2024-06-26T14:16:41.546+0000] {processor.py:183} INFO - Processing /opt/airflow/dags/daggroup.py took 0.039 seconds
[2024-06-26T14:16:47.347+0000] {processor.py:161} INFO - Started process (PID=1021) to work on /opt/airflow/dags/daggroup.py
[2024-06-26T14:16:47.348+0000] {processor.py:830} INFO - Processing file /opt/airflow/dags/daggroup.py for tasks to queue
[2024-06-26T14:16:47.349+0000] {logging_mixin.py:188} INFO - [2024-06-26T14:16:47.349+0000] {dagbag.py:545} INFO - Filling up the DagBag from /opt/airflow/dags/daggroup.py
[2024-06-26T14:16:47.354+0000] {processor.py:840} INFO - DAG(s) 'daggroup' retrieved from /opt/airflow/dags/daggroup.py
[2024-06-26T14:16:47.367+0000] {logging_mixin.py:188} INFO - [2024-06-26T14:16:47.367+0000] {dag.py:3096} INFO - Sync 1 DAGs
[2024-06-26T14:16:47.373+0000] {logging_mixin.py:188} INFO - [2024-06-26T14:16:47.373+0000] {dag.py:3954} INFO - Setting next_dagrun for daggroup to None, run_after=None
[2024-06-26T14:16:47.383+0000] {processor.py:183} INFO - Processing /opt/airflow/dags/daggroup.py took 0.038 seconds
[2024-06-26T14:16:53.113+0000] {processor.py:161} INFO - Started process (PID=1054) to work on /opt/airflow/dags/daggroup.py
[2024-06-26T14:16:53.114+0000] {processor.py:830} INFO - Processing file /opt/airflow/dags/daggroup.py for tasks to queue
[2024-06-26T14:16:53.115+0000] {logging_mixin.py:188} INFO - [2024-06-26T14:16:53.115+0000] {dagbag.py:545} INFO - Filling up the DagBag from /opt/airflow/dags/daggroup.py
[2024-06-26T14:16:53.120+0000] {processor.py:840} INFO - DAG(s) 'daggroup' retrieved from /opt/airflow/dags/daggroup.py
[2024-06-26T14:16:53.133+0000] {logging_mixin.py:188} INFO - [2024-06-26T14:16:53.133+0000] {dag.py:3096} INFO - Sync 1 DAGs
[2024-06-26T14:16:53.139+0000] {logging_mixin.py:188} INFO - [2024-06-26T14:16:53.139+0000] {dag.py:3954} INFO - Setting next_dagrun for daggroup to None, run_after=None
[2024-06-26T14:16:53.148+0000] {processor.py:183} INFO - Processing /opt/airflow/dags/daggroup.py took 0.038 seconds
[2024-06-26T14:16:58.956+0000] {processor.py:161} INFO - Started process (PID=1081) to work on /opt/airflow/dags/daggroup.py
[2024-06-26T14:16:58.956+0000] {processor.py:830} INFO - Processing file /opt/airflow/dags/daggroup.py for tasks to queue
[2024-06-26T14:16:58.957+0000] {logging_mixin.py:188} INFO - [2024-06-26T14:16:58.957+0000] {dagbag.py:545} INFO - Filling up the DagBag from /opt/airflow/dags/daggroup.py
[2024-06-26T14:16:58.962+0000] {processor.py:840} INFO - DAG(s) 'daggroup' retrieved from /opt/airflow/dags/daggroup.py
[2024-06-26T14:16:58.976+0000] {logging_mixin.py:188} INFO - [2024-06-26T14:16:58.976+0000] {dag.py:3096} INFO - Sync 1 DAGs
[2024-06-26T14:16:58.982+0000] {logging_mixin.py:188} INFO - [2024-06-26T14:16:58.982+0000] {dag.py:3954} INFO - Setting next_dagrun for daggroup to None, run_after=None
[2024-06-26T14:16:58.992+0000] {processor.py:183} INFO - Processing /opt/airflow/dags/daggroup.py took 0.039 seconds
[2024-06-26T14:17:04.741+0000] {processor.py:161} INFO - Started process (PID=1108) to work on /opt/airflow/dags/daggroup.py
[2024-06-26T14:17:04.742+0000] {processor.py:830} INFO - Processing file /opt/airflow/dags/daggroup.py for tasks to queue
[2024-06-26T14:17:04.743+0000] {logging_mixin.py:188} INFO - [2024-06-26T14:17:04.743+0000] {dagbag.py:545} INFO - Filling up the DagBag from /opt/airflow/dags/daggroup.py
[2024-06-26T14:17:04.748+0000] {processor.py:840} INFO - DAG(s) 'daggroup' retrieved from /opt/airflow/dags/daggroup.py
[2024-06-26T14:17:04.761+0000] {logging_mixin.py:188} INFO - [2024-06-26T14:17:04.761+0000] {dag.py:3096} INFO - Sync 1 DAGs
[2024-06-26T14:17:04.767+0000] {logging_mixin.py:188} INFO - [2024-06-26T14:17:04.767+0000] {dag.py:3954} INFO - Setting next_dagrun for daggroup to None, run_after=None
[2024-06-26T14:17:04.776+0000] {processor.py:183} INFO - Processing /opt/airflow/dags/daggroup.py took 0.038 seconds
[2024-06-26T14:17:10.543+0000] {processor.py:161} INFO - Started process (PID=1135) to work on /opt/airflow/dags/daggroup.py
[2024-06-26T14:17:10.543+0000] {processor.py:830} INFO - Processing file /opt/airflow/dags/daggroup.py for tasks to queue
[2024-06-26T14:17:10.544+0000] {logging_mixin.py:188} INFO - [2024-06-26T14:17:10.544+0000] {dagbag.py:545} INFO - Filling up the DagBag from /opt/airflow/dags/daggroup.py
[2024-06-26T14:17:10.549+0000] {processor.py:840} INFO - DAG(s) 'daggroup' retrieved from /opt/airflow/dags/daggroup.py
[2024-06-26T14:17:10.563+0000] {logging_mixin.py:188} INFO - [2024-06-26T14:17:10.562+0000] {dag.py:3096} INFO - Sync 1 DAGs
[2024-06-26T14:17:10.569+0000] {logging_mixin.py:188} INFO - [2024-06-26T14:17:10.569+0000] {dag.py:3954} INFO - Setting next_dagrun for daggroup to None, run_after=None
[2024-06-26T14:17:10.578+0000] {processor.py:183} INFO - Processing /opt/airflow/dags/daggroup.py took 0.039 seconds
[2024-06-26T14:17:16.344+0000] {processor.py:161} INFO - Started process (PID=1162) to work on /opt/airflow/dags/daggroup.py
[2024-06-26T14:17:16.345+0000] {processor.py:830} INFO - Processing file /opt/airflow/dags/daggroup.py for tasks to queue
[2024-06-26T14:17:16.347+0000] {logging_mixin.py:188} INFO - [2024-06-26T14:17:16.346+0000] {dagbag.py:545} INFO - Filling up the DagBag from /opt/airflow/dags/daggroup.py
[2024-06-26T14:17:16.352+0000] {processor.py:840} INFO - DAG(s) 'daggroup' retrieved from /opt/airflow/dags/daggroup.py
[2024-06-26T14:17:16.365+0000] {logging_mixin.py:188} INFO - [2024-06-26T14:17:16.365+0000] {dag.py:3096} INFO - Sync 1 DAGs
[2024-06-26T14:17:16.371+0000] {logging_mixin.py:188} INFO - [2024-06-26T14:17:16.371+0000] {dag.py:3954} INFO - Setting next_dagrun for daggroup to None, run_after=None
[2024-06-26T14:17:16.381+0000] {processor.py:183} INFO - Processing /opt/airflow/dags/daggroup.py took 0.039 seconds
[2024-06-26T14:17:22.077+0000] {processor.py:161} INFO - Started process (PID=1195) to work on /opt/airflow/dags/daggroup.py
[2024-06-26T14:17:22.078+0000] {processor.py:830} INFO - Processing file /opt/airflow/dags/daggroup.py for tasks to queue
[2024-06-26T14:17:22.079+0000] {logging_mixin.py:188} INFO - [2024-06-26T14:17:22.079+0000] {dagbag.py:545} INFO - Filling up the DagBag from /opt/airflow/dags/daggroup.py
[2024-06-26T14:17:22.084+0000] {processor.py:840} INFO - DAG(s) 'daggroup' retrieved from /opt/airflow/dags/daggroup.py
[2024-06-26T14:17:22.097+0000] {logging_mixin.py:188} INFO - [2024-06-26T14:17:22.097+0000] {dag.py:3096} INFO - Sync 1 DAGs
[2024-06-26T14:17:22.104+0000] {logging_mixin.py:188} INFO - [2024-06-26T14:17:22.104+0000] {dag.py:3954} INFO - Setting next_dagrun for daggroup to None, run_after=None
[2024-06-26T14:17:22.114+0000] {processor.py:183} INFO - Processing /opt/airflow/dags/daggroup.py took 0.040 seconds
[2024-06-26T14:17:27.806+0000] {processor.py:161} INFO - Started process (PID=1222) to work on /opt/airflow/dags/daggroup.py
[2024-06-26T14:17:27.807+0000] {processor.py:830} INFO - Processing file /opt/airflow/dags/daggroup.py for tasks to queue
[2024-06-26T14:17:27.808+0000] {logging_mixin.py:188} INFO - [2024-06-26T14:17:27.808+0000] {dagbag.py:545} INFO - Filling up the DagBag from /opt/airflow/dags/daggroup.py
[2024-06-26T14:17:27.813+0000] {processor.py:840} INFO - DAG(s) 'daggroup' retrieved from /opt/airflow/dags/daggroup.py
[2024-06-26T14:17:27.825+0000] {logging_mixin.py:188} INFO - [2024-06-26T14:17:27.825+0000] {dag.py:3096} INFO - Sync 1 DAGs
[2024-06-26T14:17:27.831+0000] {logging_mixin.py:188} INFO - [2024-06-26T14:17:27.831+0000] {dag.py:3954} INFO - Setting next_dagrun for daggroup to None, run_after=None
[2024-06-26T14:17:27.840+0000] {processor.py:183} INFO - Processing /opt/airflow/dags/daggroup.py took 0.037 seconds
[2024-06-26T14:17:33.531+0000] {processor.py:161} INFO - Started process (PID=1249) to work on /opt/airflow/dags/daggroup.py
[2024-06-26T14:17:33.531+0000] {processor.py:830} INFO - Processing file /opt/airflow/dags/daggroup.py for tasks to queue
[2024-06-26T14:17:33.533+0000] {logging_mixin.py:188} INFO - [2024-06-26T14:17:33.532+0000] {dagbag.py:545} INFO - Filling up the DagBag from /opt/airflow/dags/daggroup.py
[2024-06-26T14:17:33.537+0000] {processor.py:840} INFO - DAG(s) 'daggroup' retrieved from /opt/airflow/dags/daggroup.py
[2024-06-26T14:17:33.550+0000] {logging_mixin.py:188} INFO - [2024-06-26T14:17:33.550+0000] {dag.py:3096} INFO - Sync 1 DAGs
[2024-06-26T14:17:33.557+0000] {logging_mixin.py:188} INFO - [2024-06-26T14:17:33.556+0000] {dag.py:3954} INFO - Setting next_dagrun for daggroup to None, run_after=None
[2024-06-26T14:17:33.566+0000] {processor.py:183} INFO - Processing /opt/airflow/dags/daggroup.py took 0.037 seconds
[2024-06-26T14:17:39.316+0000] {processor.py:161} INFO - Started process (PID=1276) to work on /opt/airflow/dags/daggroup.py
[2024-06-26T14:17:39.316+0000] {processor.py:830} INFO - Processing file /opt/airflow/dags/daggroup.py for tasks to queue
[2024-06-26T14:17:39.318+0000] {logging_mixin.py:188} INFO - [2024-06-26T14:17:39.317+0000] {dagbag.py:545} INFO - Filling up the DagBag from /opt/airflow/dags/daggroup.py
[2024-06-26T14:17:39.323+0000] {processor.py:840} INFO - DAG(s) 'daggroup' retrieved from /opt/airflow/dags/daggroup.py
[2024-06-26T14:17:39.336+0000] {logging_mixin.py:188} INFO - [2024-06-26T14:17:39.336+0000] {dag.py:3096} INFO - Sync 1 DAGs
[2024-06-26T14:17:39.343+0000] {logging_mixin.py:188} INFO - [2024-06-26T14:17:39.343+0000] {dag.py:3954} INFO - Setting next_dagrun for daggroup to None, run_after=None
[2024-06-26T14:17:39.352+0000] {processor.py:183} INFO - Processing /opt/airflow/dags/daggroup.py took 0.039 seconds
[2024-06-26T14:17:45.039+0000] {processor.py:161} INFO - Started process (PID=1303) to work on /opt/airflow/dags/daggroup.py
[2024-06-26T14:17:45.040+0000] {processor.py:830} INFO - Processing file /opt/airflow/dags/daggroup.py for tasks to queue
[2024-06-26T14:17:45.041+0000] {logging_mixin.py:188} INFO - [2024-06-26T14:17:45.041+0000] {dagbag.py:545} INFO - Filling up the DagBag from /opt/airflow/dags/daggroup.py
[2024-06-26T14:17:45.046+0000] {processor.py:840} INFO - DAG(s) 'daggroup' retrieved from /opt/airflow/dags/daggroup.py
[2024-06-26T14:17:45.058+0000] {logging_mixin.py:188} INFO - [2024-06-26T14:17:45.058+0000] {dag.py:3096} INFO - Sync 1 DAGs
[2024-06-26T14:17:45.065+0000] {logging_mixin.py:188} INFO - [2024-06-26T14:17:45.064+0000] {dag.py:3954} INFO - Setting next_dagrun for daggroup to None, run_after=None
[2024-06-26T14:17:45.074+0000] {processor.py:183} INFO - Processing /opt/airflow/dags/daggroup.py took 0.037 seconds
[2024-06-26T14:17:50.870+0000] {processor.py:161} INFO - Started process (PID=1336) to work on /opt/airflow/dags/daggroup.py
[2024-06-26T14:17:50.870+0000] {processor.py:830} INFO - Processing file /opt/airflow/dags/daggroup.py for tasks to queue
[2024-06-26T14:17:50.871+0000] {logging_mixin.py:188} INFO - [2024-06-26T14:17:50.871+0000] {dagbag.py:545} INFO - Filling up the DagBag from /opt/airflow/dags/daggroup.py
[2024-06-26T14:17:50.876+0000] {processor.py:840} INFO - DAG(s) 'daggroup' retrieved from /opt/airflow/dags/daggroup.py
[2024-06-26T14:17:50.889+0000] {logging_mixin.py:188} INFO - [2024-06-26T14:17:50.889+0000] {dag.py:3096} INFO - Sync 1 DAGs
[2024-06-26T14:17:50.895+0000] {logging_mixin.py:188} INFO - [2024-06-26T14:17:50.895+0000] {dag.py:3954} INFO - Setting next_dagrun for daggroup to None, run_after=None
[2024-06-26T14:17:50.905+0000] {processor.py:183} INFO - Processing /opt/airflow/dags/daggroup.py took 0.038 seconds
[2024-06-26T14:17:56.598+0000] {processor.py:161} INFO - Started process (PID=1363) to work on /opt/airflow/dags/daggroup.py
[2024-06-26T14:17:56.598+0000] {processor.py:830} INFO - Processing file /opt/airflow/dags/daggroup.py for tasks to queue
[2024-06-26T14:17:56.599+0000] {logging_mixin.py:188} INFO - [2024-06-26T14:17:56.599+0000] {dagbag.py:545} INFO - Filling up the DagBag from /opt/airflow/dags/daggroup.py
[2024-06-26T14:17:56.604+0000] {processor.py:840} INFO - DAG(s) 'daggroup' retrieved from /opt/airflow/dags/daggroup.py
[2024-06-26T14:17:56.617+0000] {logging_mixin.py:188} INFO - [2024-06-26T14:17:56.617+0000] {dag.py:3096} INFO - Sync 1 DAGs
[2024-06-26T14:17:56.623+0000] {logging_mixin.py:188} INFO - [2024-06-26T14:17:56.623+0000] {dag.py:3954} INFO - Setting next_dagrun for daggroup to None, run_after=None
[2024-06-26T14:17:56.633+0000] {processor.py:183} INFO - Processing /opt/airflow/dags/daggroup.py took 0.038 seconds
[2024-06-26T14:18:02.342+0000] {processor.py:161} INFO - Started process (PID=1390) to work on /opt/airflow/dags/daggroup.py
[2024-06-26T14:18:02.343+0000] {processor.py:830} INFO - Processing file /opt/airflow/dags/daggroup.py for tasks to queue
[2024-06-26T14:18:02.345+0000] {logging_mixin.py:188} INFO - [2024-06-26T14:18:02.344+0000] {dagbag.py:545} INFO - Filling up the DagBag from /opt/airflow/dags/daggroup.py
[2024-06-26T14:18:02.350+0000] {processor.py:840} INFO - DAG(s) 'daggroup' retrieved from /opt/airflow/dags/daggroup.py
[2024-06-26T14:18:02.364+0000] {logging_mixin.py:188} INFO - [2024-06-26T14:18:02.364+0000] {dag.py:3096} INFO - Sync 1 DAGs
[2024-06-26T14:18:02.371+0000] {logging_mixin.py:188} INFO - [2024-06-26T14:18:02.371+0000] {dag.py:3954} INFO - Setting next_dagrun for daggroup to None, run_after=None
[2024-06-26T14:18:02.380+0000] {processor.py:183} INFO - Processing /opt/airflow/dags/daggroup.py took 0.041 seconds
