[2024-06-26T14:13:29.656+0000] {processor.py:161} INFO - Started process (PID=53) to work on /opt/airflow/dags/dagruandag2.py
[2024-06-26T14:13:29.657+0000] {processor.py:830} INFO - Processing file /opt/airflow/dags/dagruandag2.py for tasks to queue
[2024-06-26T14:13:29.658+0000] {logging_mixin.py:188} INFO - [2024-06-26T14:13:29.658+0000] {dagbag.py:545} INFO - Filling up the DagBag from /opt/airflow/dags/dagruandag2.py
[2024-06-26T14:13:29.663+0000] {processor.py:840} INFO - DAG(s) 'dagrundag2' retrieved from /opt/airflow/dags/dagruandag2.py
[2024-06-26T14:13:29.718+0000] {logging_mixin.py:188} INFO - [2024-06-26T14:13:29.718+0000] {dag.py:3096} INFO - Sync 1 DAGs
[2024-06-26T14:13:29.723+0000] {logging_mixin.py:188} INFO - [2024-06-26T14:13:29.723+0000] {dag.py:3954} INFO - Setting next_dagrun for dagrundag2 to None, run_after=None
[2024-06-26T14:13:29.732+0000] {processor.py:183} INFO - Processing /opt/airflow/dags/dagruandag2.py took 0.079 seconds
[2024-06-26T14:13:35.563+0000] {processor.py:161} INFO - Started process (PID=80) to work on /opt/airflow/dags/dagruandag2.py
[2024-06-26T14:13:35.564+0000] {processor.py:830} INFO - Processing file /opt/airflow/dags/dagruandag2.py for tasks to queue
[2024-06-26T14:13:35.565+0000] {logging_mixin.py:188} INFO - [2024-06-26T14:13:35.564+0000] {dagbag.py:545} INFO - Filling up the DagBag from /opt/airflow/dags/dagruandag2.py
[2024-06-26T14:13:35.569+0000] {processor.py:840} INFO - DAG(s) 'dagrundag2' retrieved from /opt/airflow/dags/dagruandag2.py
[2024-06-26T14:13:35.576+0000] {logging_mixin.py:188} INFO - [2024-06-26T14:13:35.576+0000] {dag.py:3096} INFO - Sync 1 DAGs
[2024-06-26T14:13:35.583+0000] {logging_mixin.py:188} INFO - [2024-06-26T14:13:35.583+0000] {dag.py:3954} INFO - Setting next_dagrun for dagrundag2 to None, run_after=None
[2024-06-26T14:13:35.592+0000] {processor.py:183} INFO - Processing /opt/airflow/dags/dagruandag2.py took 0.032 seconds
[2024-06-26T14:13:41.326+0000] {processor.py:161} INFO - Started process (PID=107) to work on /opt/airflow/dags/dagruandag2.py
[2024-06-26T14:13:41.327+0000] {processor.py:830} INFO - Processing file /opt/airflow/dags/dagruandag2.py for tasks to queue
[2024-06-26T14:13:41.328+0000] {logging_mixin.py:188} INFO - [2024-06-26T14:13:41.327+0000] {dagbag.py:545} INFO - Filling up the DagBag from /opt/airflow/dags/dagruandag2.py
[2024-06-26T14:13:41.332+0000] {processor.py:840} INFO - DAG(s) 'dagrundag2' retrieved from /opt/airflow/dags/dagruandag2.py
[2024-06-26T14:13:41.337+0000] {logging_mixin.py:188} INFO - [2024-06-26T14:13:41.337+0000] {dag.py:3096} INFO - Sync 1 DAGs
[2024-06-26T14:13:41.344+0000] {logging_mixin.py:188} INFO - [2024-06-26T14:13:41.344+0000] {dag.py:3954} INFO - Setting next_dagrun for dagrundag2 to None, run_after=None
[2024-06-26T14:13:41.354+0000] {processor.py:183} INFO - Processing /opt/airflow/dags/dagruandag2.py took 0.031 seconds
[2024-06-26T14:13:47.223+0000] {processor.py:161} INFO - Started process (PID=134) to work on /opt/airflow/dags/dagruandag2.py
[2024-06-26T14:13:47.224+0000] {processor.py:830} INFO - Processing file /opt/airflow/dags/dagruandag2.py for tasks to queue
[2024-06-26T14:13:47.224+0000] {logging_mixin.py:188} INFO - [2024-06-26T14:13:47.224+0000] {dagbag.py:545} INFO - Filling up the DagBag from /opt/airflow/dags/dagruandag2.py
[2024-06-26T14:13:47.229+0000] {processor.py:840} INFO - DAG(s) 'dagrundag2' retrieved from /opt/airflow/dags/dagruandag2.py
[2024-06-26T14:13:47.235+0000] {logging_mixin.py:188} INFO - [2024-06-26T14:13:47.235+0000] {dag.py:3096} INFO - Sync 1 DAGs
[2024-06-26T14:13:47.242+0000] {logging_mixin.py:188} INFO - [2024-06-26T14:13:47.242+0000] {dag.py:3954} INFO - Setting next_dagrun for dagrundag2 to None, run_after=None
[2024-06-26T14:13:47.253+0000] {processor.py:183} INFO - Processing /opt/airflow/dags/dagruandag2.py took 0.032 seconds
[2024-06-26T14:13:52.878+0000] {processor.py:161} INFO - Started process (PID=167) to work on /opt/airflow/dags/dagruandag2.py
[2024-06-26T14:13:52.879+0000] {processor.py:830} INFO - Processing file /opt/airflow/dags/dagruandag2.py for tasks to queue
[2024-06-26T14:13:52.880+0000] {logging_mixin.py:188} INFO - [2024-06-26T14:13:52.879+0000] {dagbag.py:545} INFO - Filling up the DagBag from /opt/airflow/dags/dagruandag2.py
[2024-06-26T14:13:52.884+0000] {processor.py:840} INFO - DAG(s) 'dagrundag2' retrieved from /opt/airflow/dags/dagruandag2.py
[2024-06-26T14:13:52.890+0000] {logging_mixin.py:188} INFO - [2024-06-26T14:13:52.890+0000] {dag.py:3096} INFO - Sync 1 DAGs
[2024-06-26T14:13:52.897+0000] {logging_mixin.py:188} INFO - [2024-06-26T14:13:52.897+0000] {dag.py:3954} INFO - Setting next_dagrun for dagrundag2 to None, run_after=None
[2024-06-26T14:13:52.906+0000] {processor.py:183} INFO - Processing /opt/airflow/dags/dagruandag2.py took 0.031 seconds
[2024-06-26T14:13:58.876+0000] {processor.py:161} INFO - Started process (PID=207) to work on /opt/airflow/dags/dagruandag2.py
[2024-06-26T14:13:58.876+0000] {processor.py:830} INFO - Processing file /opt/airflow/dags/dagruandag2.py for tasks to queue
[2024-06-26T14:13:58.878+0000] {logging_mixin.py:188} INFO - [2024-06-26T14:13:58.878+0000] {dagbag.py:545} INFO - Filling up the DagBag from /opt/airflow/dags/dagruandag2.py
[2024-06-26T14:13:58.883+0000] {processor.py:840} INFO - DAG(s) 'dagrundag2' retrieved from /opt/airflow/dags/dagruandag2.py
[2024-06-26T14:13:58.889+0000] {logging_mixin.py:188} INFO - [2024-06-26T14:13:58.889+0000] {dag.py:3096} INFO - Sync 1 DAGs
[2024-06-26T14:13:58.896+0000] {logging_mixin.py:188} INFO - [2024-06-26T14:13:58.896+0000] {dag.py:3954} INFO - Setting next_dagrun for dagrundag2 to None, run_after=None
[2024-06-26T14:13:58.905+0000] {processor.py:183} INFO - Processing /opt/airflow/dags/dagruandag2.py took 0.032 seconds
[2024-06-26T14:14:04.665+0000] {processor.py:161} INFO - Started process (PID=234) to work on /opt/airflow/dags/dagruandag2.py
[2024-06-26T14:14:04.666+0000] {processor.py:830} INFO - Processing file /opt/airflow/dags/dagruandag2.py for tasks to queue
[2024-06-26T14:14:04.667+0000] {logging_mixin.py:188} INFO - [2024-06-26T14:14:04.667+0000] {dagbag.py:545} INFO - Filling up the DagBag from /opt/airflow/dags/dagruandag2.py
[2024-06-26T14:14:04.672+0000] {processor.py:840} INFO - DAG(s) 'dagrundag2' retrieved from /opt/airflow/dags/dagruandag2.py
[2024-06-26T14:14:04.687+0000] {logging_mixin.py:188} INFO - [2024-06-26T14:14:04.687+0000] {dag.py:3096} INFO - Sync 1 DAGs
[2024-06-26T14:14:04.695+0000] {logging_mixin.py:188} INFO - [2024-06-26T14:14:04.695+0000] {dag.py:3954} INFO - Setting next_dagrun for dagrundag2 to None, run_after=None
[2024-06-26T14:14:04.706+0000] {processor.py:183} INFO - Processing /opt/airflow/dags/dagruandag2.py took 0.044 seconds
[2024-06-26T14:14:10.588+0000] {processor.py:161} INFO - Started process (PID=261) to work on /opt/airflow/dags/dagruandag2.py
[2024-06-26T14:14:10.589+0000] {processor.py:830} INFO - Processing file /opt/airflow/dags/dagruandag2.py for tasks to queue
[2024-06-26T14:14:10.590+0000] {logging_mixin.py:188} INFO - [2024-06-26T14:14:10.590+0000] {dagbag.py:545} INFO - Filling up the DagBag from /opt/airflow/dags/dagruandag2.py
[2024-06-26T14:14:10.595+0000] {processor.py:840} INFO - DAG(s) 'dagrundag2' retrieved from /opt/airflow/dags/dagruandag2.py
[2024-06-26T14:14:10.608+0000] {logging_mixin.py:188} INFO - [2024-06-26T14:14:10.608+0000] {dag.py:3096} INFO - Sync 1 DAGs
[2024-06-26T14:14:10.614+0000] {logging_mixin.py:188} INFO - [2024-06-26T14:14:10.614+0000] {dag.py:3954} INFO - Setting next_dagrun for dagrundag2 to None, run_after=None
[2024-06-26T14:14:10.624+0000] {processor.py:183} INFO - Processing /opt/airflow/dags/dagruandag2.py took 0.038 seconds
[2024-06-26T14:14:16.392+0000] {processor.py:161} INFO - Started process (PID=288) to work on /opt/airflow/dags/dagruandag2.py
[2024-06-26T14:14:16.392+0000] {processor.py:830} INFO - Processing file /opt/airflow/dags/dagruandag2.py for tasks to queue
[2024-06-26T14:14:16.394+0000] {logging_mixin.py:188} INFO - [2024-06-26T14:14:16.393+0000] {dagbag.py:545} INFO - Filling up the DagBag from /opt/airflow/dags/dagruandag2.py
[2024-06-26T14:14:16.399+0000] {processor.py:840} INFO - DAG(s) 'dagrundag2' retrieved from /opt/airflow/dags/dagruandag2.py
[2024-06-26T14:14:16.411+0000] {logging_mixin.py:188} INFO - [2024-06-26T14:14:16.411+0000] {dag.py:3096} INFO - Sync 1 DAGs
[2024-06-26T14:14:16.418+0000] {logging_mixin.py:188} INFO - [2024-06-26T14:14:16.418+0000] {dag.py:3954} INFO - Setting next_dagrun for dagrundag2 to None, run_after=None
[2024-06-26T14:14:16.428+0000] {processor.py:183} INFO - Processing /opt/airflow/dags/dagruandag2.py took 0.039 seconds
[2024-06-26T14:14:22.162+0000] {processor.py:161} INFO - Started process (PID=321) to work on /opt/airflow/dags/dagruandag2.py
[2024-06-26T14:14:22.163+0000] {processor.py:830} INFO - Processing file /opt/airflow/dags/dagruandag2.py for tasks to queue
[2024-06-26T14:14:22.164+0000] {logging_mixin.py:188} INFO - [2024-06-26T14:14:22.164+0000] {dagbag.py:545} INFO - Filling up the DagBag from /opt/airflow/dags/dagruandag2.py
[2024-06-26T14:14:22.169+0000] {processor.py:840} INFO - DAG(s) 'dagrundag2' retrieved from /opt/airflow/dags/dagruandag2.py
[2024-06-26T14:14:22.181+0000] {logging_mixin.py:188} INFO - [2024-06-26T14:14:22.181+0000] {dag.py:3096} INFO - Sync 1 DAGs
[2024-06-26T14:14:22.188+0000] {logging_mixin.py:188} INFO - [2024-06-26T14:14:22.188+0000] {dag.py:3954} INFO - Setting next_dagrun for dagrundag2 to None, run_after=None
[2024-06-26T14:14:22.198+0000] {processor.py:183} INFO - Processing /opt/airflow/dags/dagruandag2.py took 0.038 seconds
[2024-06-26T14:14:27.962+0000] {processor.py:161} INFO - Started process (PID=348) to work on /opt/airflow/dags/dagruandag2.py
[2024-06-26T14:14:27.962+0000] {processor.py:830} INFO - Processing file /opt/airflow/dags/dagruandag2.py for tasks to queue
[2024-06-26T14:14:27.963+0000] {logging_mixin.py:188} INFO - [2024-06-26T14:14:27.963+0000] {dagbag.py:545} INFO - Filling up the DagBag from /opt/airflow/dags/dagruandag2.py
[2024-06-26T14:14:27.967+0000] {processor.py:840} INFO - DAG(s) 'dagrundag2' retrieved from /opt/airflow/dags/dagruandag2.py
[2024-06-26T14:14:27.980+0000] {logging_mixin.py:188} INFO - [2024-06-26T14:14:27.980+0000] {dag.py:3096} INFO - Sync 1 DAGs
[2024-06-26T14:14:27.987+0000] {logging_mixin.py:188} INFO - [2024-06-26T14:14:27.986+0000] {dag.py:3954} INFO - Setting next_dagrun for dagrundag2 to None, run_after=None
[2024-06-26T14:14:27.996+0000] {processor.py:183} INFO - Processing /opt/airflow/dags/dagruandag2.py took 0.038 seconds
[2024-06-26T14:14:33.822+0000] {processor.py:161} INFO - Started process (PID=375) to work on /opt/airflow/dags/dagruandag2.py
[2024-06-26T14:14:33.823+0000] {processor.py:830} INFO - Processing file /opt/airflow/dags/dagruandag2.py for tasks to queue
[2024-06-26T14:14:33.824+0000] {logging_mixin.py:188} INFO - [2024-06-26T14:14:33.824+0000] {dagbag.py:545} INFO - Filling up the DagBag from /opt/airflow/dags/dagruandag2.py
[2024-06-26T14:14:33.829+0000] {processor.py:840} INFO - DAG(s) 'dagrundag2' retrieved from /opt/airflow/dags/dagruandag2.py
[2024-06-26T14:14:33.841+0000] {logging_mixin.py:188} INFO - [2024-06-26T14:14:33.841+0000] {dag.py:3096} INFO - Sync 1 DAGs
[2024-06-26T14:14:33.848+0000] {logging_mixin.py:188} INFO - [2024-06-26T14:14:33.848+0000] {dag.py:3954} INFO - Setting next_dagrun for dagrundag2 to None, run_after=None
[2024-06-26T14:14:33.858+0000] {processor.py:183} INFO - Processing /opt/airflow/dags/dagruandag2.py took 0.038 seconds
[2024-06-26T14:14:39.609+0000] {processor.py:161} INFO - Started process (PID=402) to work on /opt/airflow/dags/dagruandag2.py
[2024-06-26T14:14:39.610+0000] {processor.py:830} INFO - Processing file /opt/airflow/dags/dagruandag2.py for tasks to queue
[2024-06-26T14:14:39.611+0000] {logging_mixin.py:188} INFO - [2024-06-26T14:14:39.611+0000] {dagbag.py:545} INFO - Filling up the DagBag from /opt/airflow/dags/dagruandag2.py
[2024-06-26T14:14:39.615+0000] {processor.py:840} INFO - DAG(s) 'dagrundag2' retrieved from /opt/airflow/dags/dagruandag2.py
[2024-06-26T14:14:39.628+0000] {logging_mixin.py:188} INFO - [2024-06-26T14:14:39.627+0000] {dag.py:3096} INFO - Sync 1 DAGs
[2024-06-26T14:14:39.636+0000] {logging_mixin.py:188} INFO - [2024-06-26T14:14:39.636+0000] {dag.py:3954} INFO - Setting next_dagrun for dagrundag2 to None, run_after=None
[2024-06-26T14:14:39.645+0000] {processor.py:183} INFO - Processing /opt/airflow/dags/dagruandag2.py took 0.039 seconds
[2024-06-26T14:14:45.363+0000] {processor.py:161} INFO - Started process (PID=429) to work on /opt/airflow/dags/dagruandag2.py
[2024-06-26T14:14:45.363+0000] {processor.py:830} INFO - Processing file /opt/airflow/dags/dagruandag2.py for tasks to queue
[2024-06-26T14:14:45.364+0000] {logging_mixin.py:188} INFO - [2024-06-26T14:14:45.364+0000] {dagbag.py:545} INFO - Filling up the DagBag from /opt/airflow/dags/dagruandag2.py
[2024-06-26T14:14:45.369+0000] {processor.py:840} INFO - DAG(s) 'dagrundag2' retrieved from /opt/airflow/dags/dagruandag2.py
[2024-06-26T14:14:45.381+0000] {logging_mixin.py:188} INFO - [2024-06-26T14:14:45.381+0000] {dag.py:3096} INFO - Sync 1 DAGs
[2024-06-26T14:14:45.387+0000] {logging_mixin.py:188} INFO - [2024-06-26T14:14:45.387+0000] {dag.py:3954} INFO - Setting next_dagrun for dagrundag2 to None, run_after=None
[2024-06-26T14:14:45.397+0000] {processor.py:183} INFO - Processing /opt/airflow/dags/dagruandag2.py took 0.037 seconds
[2024-06-26T14:14:51.064+0000] {processor.py:161} INFO - Started process (PID=462) to work on /opt/airflow/dags/dagruandag2.py
[2024-06-26T14:14:51.064+0000] {processor.py:830} INFO - Processing file /opt/airflow/dags/dagruandag2.py for tasks to queue
[2024-06-26T14:14:51.065+0000] {logging_mixin.py:188} INFO - [2024-06-26T14:14:51.065+0000] {dagbag.py:545} INFO - Filling up the DagBag from /opt/airflow/dags/dagruandag2.py
[2024-06-26T14:14:51.070+0000] {processor.py:840} INFO - DAG(s) 'dagrundag2' retrieved from /opt/airflow/dags/dagruandag2.py
[2024-06-26T14:14:51.083+0000] {logging_mixin.py:188} INFO - [2024-06-26T14:14:51.083+0000] {dag.py:3096} INFO - Sync 1 DAGs
[2024-06-26T14:14:51.090+0000] {logging_mixin.py:188} INFO - [2024-06-26T14:14:51.090+0000] {dag.py:3954} INFO - Setting next_dagrun for dagrundag2 to None, run_after=None
[2024-06-26T14:14:51.101+0000] {processor.py:183} INFO - Processing /opt/airflow/dags/dagruandag2.py took 0.041 seconds
[2024-06-26T14:14:56.916+0000] {processor.py:161} INFO - Started process (PID=489) to work on /opt/airflow/dags/dagruandag2.py
[2024-06-26T14:14:56.916+0000] {processor.py:830} INFO - Processing file /opt/airflow/dags/dagruandag2.py for tasks to queue
[2024-06-26T14:14:56.918+0000] {logging_mixin.py:188} INFO - [2024-06-26T14:14:56.918+0000] {dagbag.py:545} INFO - Filling up the DagBag from /opt/airflow/dags/dagruandag2.py
[2024-06-26T14:14:56.922+0000] {processor.py:840} INFO - DAG(s) 'dagrundag2' retrieved from /opt/airflow/dags/dagruandag2.py
[2024-06-26T14:14:56.935+0000] {logging_mixin.py:188} INFO - [2024-06-26T14:14:56.935+0000] {dag.py:3096} INFO - Sync 1 DAGs
[2024-06-26T14:14:56.942+0000] {logging_mixin.py:188} INFO - [2024-06-26T14:14:56.942+0000] {dag.py:3954} INFO - Setting next_dagrun for dagrundag2 to None, run_after=None
[2024-06-26T14:14:56.952+0000] {processor.py:183} INFO - Processing /opt/airflow/dags/dagruandag2.py took 0.040 seconds
[2024-06-26T14:15:02.690+0000] {processor.py:161} INFO - Started process (PID=516) to work on /opt/airflow/dags/dagruandag2.py
[2024-06-26T14:15:02.690+0000] {processor.py:830} INFO - Processing file /opt/airflow/dags/dagruandag2.py for tasks to queue
[2024-06-26T14:15:02.692+0000] {logging_mixin.py:188} INFO - [2024-06-26T14:15:02.691+0000] {dagbag.py:545} INFO - Filling up the DagBag from /opt/airflow/dags/dagruandag2.py
[2024-06-26T14:15:02.696+0000] {processor.py:840} INFO - DAG(s) 'dagrundag2' retrieved from /opt/airflow/dags/dagruandag2.py
[2024-06-26T14:15:02.708+0000] {logging_mixin.py:188} INFO - [2024-06-26T14:15:02.708+0000] {dag.py:3096} INFO - Sync 1 DAGs
[2024-06-26T14:15:02.715+0000] {logging_mixin.py:188} INFO - [2024-06-26T14:15:02.715+0000] {dag.py:3954} INFO - Setting next_dagrun for dagrundag2 to None, run_after=None
[2024-06-26T14:15:02.725+0000] {processor.py:183} INFO - Processing /opt/airflow/dags/dagruandag2.py took 0.039 seconds
[2024-06-26T14:15:08.523+0000] {processor.py:161} INFO - Started process (PID=543) to work on /opt/airflow/dags/dagruandag2.py
[2024-06-26T14:15:08.524+0000] {processor.py:830} INFO - Processing file /opt/airflow/dags/dagruandag2.py for tasks to queue
[2024-06-26T14:15:08.525+0000] {logging_mixin.py:188} INFO - [2024-06-26T14:15:08.525+0000] {dagbag.py:545} INFO - Filling up the DagBag from /opt/airflow/dags/dagruandag2.py
[2024-06-26T14:15:08.531+0000] {processor.py:840} INFO - DAG(s) 'dagrundag2' retrieved from /opt/airflow/dags/dagruandag2.py
[2024-06-26T14:15:08.542+0000] {logging_mixin.py:188} INFO - [2024-06-26T14:15:08.542+0000] {dag.py:3096} INFO - Sync 1 DAGs
[2024-06-26T14:15:08.549+0000] {logging_mixin.py:188} INFO - [2024-06-26T14:15:08.549+0000] {dag.py:3954} INFO - Setting next_dagrun for dagrundag2 to None, run_after=None
[2024-06-26T14:15:08.558+0000] {processor.py:183} INFO - Processing /opt/airflow/dags/dagruandag2.py took 0.038 seconds
[2024-06-26T14:15:14.323+0000] {processor.py:161} INFO - Started process (PID=570) to work on /opt/airflow/dags/dagruandag2.py
[2024-06-26T14:15:14.323+0000] {processor.py:830} INFO - Processing file /opt/airflow/dags/dagruandag2.py for tasks to queue
[2024-06-26T14:15:14.324+0000] {logging_mixin.py:188} INFO - [2024-06-26T14:15:14.324+0000] {dagbag.py:545} INFO - Filling up the DagBag from /opt/airflow/dags/dagruandag2.py
[2024-06-26T14:15:14.329+0000] {processor.py:840} INFO - DAG(s) 'dagrundag2' retrieved from /opt/airflow/dags/dagruandag2.py
[2024-06-26T14:15:14.343+0000] {logging_mixin.py:188} INFO - [2024-06-26T14:15:14.342+0000] {dag.py:3096} INFO - Sync 1 DAGs
[2024-06-26T14:15:14.350+0000] {logging_mixin.py:188} INFO - [2024-06-26T14:15:14.350+0000] {dag.py:3954} INFO - Setting next_dagrun for dagrundag2 to None, run_after=None
[2024-06-26T14:15:14.361+0000] {processor.py:183} INFO - Processing /opt/airflow/dags/dagruandag2.py took 0.041 seconds
[2024-06-26T14:15:20.133+0000] {processor.py:161} INFO - Started process (PID=603) to work on /opt/airflow/dags/dagruandag2.py
[2024-06-26T14:15:20.134+0000] {processor.py:830} INFO - Processing file /opt/airflow/dags/dagruandag2.py for tasks to queue
[2024-06-26T14:15:20.135+0000] {logging_mixin.py:188} INFO - [2024-06-26T14:15:20.135+0000] {dagbag.py:545} INFO - Filling up the DagBag from /opt/airflow/dags/dagruandag2.py
[2024-06-26T14:15:20.139+0000] {processor.py:840} INFO - DAG(s) 'dagrundag2' retrieved from /opt/airflow/dags/dagruandag2.py
[2024-06-26T14:15:20.152+0000] {logging_mixin.py:188} INFO - [2024-06-26T14:15:20.152+0000] {dag.py:3096} INFO - Sync 1 DAGs
[2024-06-26T14:15:20.159+0000] {logging_mixin.py:188} INFO - [2024-06-26T14:15:20.159+0000] {dag.py:3954} INFO - Setting next_dagrun for dagrundag2 to None, run_after=None
[2024-06-26T14:15:20.168+0000] {processor.py:183} INFO - Processing /opt/airflow/dags/dagruandag2.py took 0.038 seconds
[2024-06-26T14:15:25.938+0000] {processor.py:161} INFO - Started process (PID=630) to work on /opt/airflow/dags/dagruandag2.py
[2024-06-26T14:15:25.939+0000] {processor.py:830} INFO - Processing file /opt/airflow/dags/dagruandag2.py for tasks to queue
[2024-06-26T14:15:25.940+0000] {logging_mixin.py:188} INFO - [2024-06-26T14:15:25.940+0000] {dagbag.py:545} INFO - Filling up the DagBag from /opt/airflow/dags/dagruandag2.py
[2024-06-26T14:15:25.945+0000] {processor.py:840} INFO - DAG(s) 'dagrundag2' retrieved from /opt/airflow/dags/dagruandag2.py
[2024-06-26T14:15:25.958+0000] {logging_mixin.py:188} INFO - [2024-06-26T14:15:25.957+0000] {dag.py:3096} INFO - Sync 1 DAGs
[2024-06-26T14:15:25.965+0000] {logging_mixin.py:188} INFO - [2024-06-26T14:15:25.965+0000] {dag.py:3954} INFO - Setting next_dagrun for dagrundag2 to None, run_after=None
[2024-06-26T14:15:25.976+0000] {processor.py:183} INFO - Processing /opt/airflow/dags/dagruandag2.py took 0.041 seconds
[2024-06-26T14:15:31.763+0000] {processor.py:161} INFO - Started process (PID=657) to work on /opt/airflow/dags/dagruandag2.py
[2024-06-26T14:15:31.763+0000] {processor.py:830} INFO - Processing file /opt/airflow/dags/dagruandag2.py for tasks to queue
[2024-06-26T14:15:31.764+0000] {logging_mixin.py:188} INFO - [2024-06-26T14:15:31.764+0000] {dagbag.py:545} INFO - Filling up the DagBag from /opt/airflow/dags/dagruandag2.py
[2024-06-26T14:15:31.770+0000] {processor.py:840} INFO - DAG(s) 'dagrundag2' retrieved from /opt/airflow/dags/dagruandag2.py
[2024-06-26T14:15:31.782+0000] {logging_mixin.py:188} INFO - [2024-06-26T14:15:31.782+0000] {dag.py:3096} INFO - Sync 1 DAGs
[2024-06-26T14:15:31.789+0000] {logging_mixin.py:188} INFO - [2024-06-26T14:15:31.789+0000] {dag.py:3954} INFO - Setting next_dagrun for dagrundag2 to None, run_after=None
[2024-06-26T14:15:31.799+0000] {processor.py:183} INFO - Processing /opt/airflow/dags/dagruandag2.py took 0.039 seconds
[2024-06-26T14:15:37.577+0000] {processor.py:161} INFO - Started process (PID=684) to work on /opt/airflow/dags/dagruandag2.py
[2024-06-26T14:15:37.577+0000] {processor.py:830} INFO - Processing file /opt/airflow/dags/dagruandag2.py for tasks to queue
[2024-06-26T14:15:37.578+0000] {logging_mixin.py:188} INFO - [2024-06-26T14:15:37.578+0000] {dagbag.py:545} INFO - Filling up the DagBag from /opt/airflow/dags/dagruandag2.py
[2024-06-26T14:15:37.583+0000] {processor.py:840} INFO - DAG(s) 'dagrundag2' retrieved from /opt/airflow/dags/dagruandag2.py
[2024-06-26T14:15:37.595+0000] {logging_mixin.py:188} INFO - [2024-06-26T14:15:37.595+0000] {dag.py:3096} INFO - Sync 1 DAGs
[2024-06-26T14:15:37.601+0000] {logging_mixin.py:188} INFO - [2024-06-26T14:15:37.601+0000] {dag.py:3954} INFO - Setting next_dagrun for dagrundag2 to None, run_after=None
[2024-06-26T14:15:37.611+0000] {processor.py:183} INFO - Processing /opt/airflow/dags/dagruandag2.py took 0.037 seconds
[2024-06-26T14:15:43.429+0000] {processor.py:161} INFO - Started process (PID=711) to work on /opt/airflow/dags/dagruandag2.py
[2024-06-26T14:15:43.430+0000] {processor.py:830} INFO - Processing file /opt/airflow/dags/dagruandag2.py for tasks to queue
[2024-06-26T14:15:43.431+0000] {logging_mixin.py:188} INFO - [2024-06-26T14:15:43.431+0000] {dagbag.py:545} INFO - Filling up the DagBag from /opt/airflow/dags/dagruandag2.py
[2024-06-26T14:15:43.436+0000] {processor.py:840} INFO - DAG(s) 'dagrundag2' retrieved from /opt/airflow/dags/dagruandag2.py
[2024-06-26T14:15:43.448+0000] {logging_mixin.py:188} INFO - [2024-06-26T14:15:43.448+0000] {dag.py:3096} INFO - Sync 1 DAGs
[2024-06-26T14:15:43.454+0000] {logging_mixin.py:188} INFO - [2024-06-26T14:15:43.454+0000] {dag.py:3954} INFO - Setting next_dagrun for dagrundag2 to None, run_after=None
[2024-06-26T14:15:43.464+0000] {processor.py:183} INFO - Processing /opt/airflow/dags/dagruandag2.py took 0.038 seconds
[2024-06-26T14:15:49.223+0000] {processor.py:161} INFO - Started process (PID=744) to work on /opt/airflow/dags/dagruandag2.py
[2024-06-26T14:15:49.223+0000] {processor.py:830} INFO - Processing file /opt/airflow/dags/dagruandag2.py for tasks to queue
[2024-06-26T14:15:49.224+0000] {logging_mixin.py:188} INFO - [2024-06-26T14:15:49.224+0000] {dagbag.py:545} INFO - Filling up the DagBag from /opt/airflow/dags/dagruandag2.py
[2024-06-26T14:15:49.229+0000] {processor.py:840} INFO - DAG(s) 'dagrundag2' retrieved from /opt/airflow/dags/dagruandag2.py
[2024-06-26T14:15:49.241+0000] {logging_mixin.py:188} INFO - [2024-06-26T14:15:49.241+0000] {dag.py:3096} INFO - Sync 1 DAGs
[2024-06-26T14:15:49.248+0000] {logging_mixin.py:188} INFO - [2024-06-26T14:15:49.248+0000] {dag.py:3954} INFO - Setting next_dagrun for dagrundag2 to None, run_after=None
[2024-06-26T14:15:49.257+0000] {processor.py:183} INFO - Processing /opt/airflow/dags/dagruandag2.py took 0.038 seconds
[2024-06-26T14:15:55.045+0000] {processor.py:161} INFO - Started process (PID=771) to work on /opt/airflow/dags/dagruandag2.py
[2024-06-26T14:15:55.046+0000] {processor.py:830} INFO - Processing file /opt/airflow/dags/dagruandag2.py for tasks to queue
[2024-06-26T14:15:55.047+0000] {logging_mixin.py:188} INFO - [2024-06-26T14:15:55.047+0000] {dagbag.py:545} INFO - Filling up the DagBag from /opt/airflow/dags/dagruandag2.py
[2024-06-26T14:15:55.052+0000] {processor.py:840} INFO - DAG(s) 'dagrundag2' retrieved from /opt/airflow/dags/dagruandag2.py
[2024-06-26T14:15:55.064+0000] {logging_mixin.py:188} INFO - [2024-06-26T14:15:55.064+0000] {dag.py:3096} INFO - Sync 1 DAGs
[2024-06-26T14:15:55.071+0000] {logging_mixin.py:188} INFO - [2024-06-26T14:15:55.071+0000] {dag.py:3954} INFO - Setting next_dagrun for dagrundag2 to None, run_after=None
[2024-06-26T14:15:55.081+0000] {processor.py:183} INFO - Processing /opt/airflow/dags/dagruandag2.py took 0.038 seconds
[2024-06-26T14:16:00.917+0000] {processor.py:161} INFO - Started process (PID=798) to work on /opt/airflow/dags/dagruandag2.py
[2024-06-26T14:16:00.917+0000] {processor.py:830} INFO - Processing file /opt/airflow/dags/dagruandag2.py for tasks to queue
[2024-06-26T14:16:00.918+0000] {logging_mixin.py:188} INFO - [2024-06-26T14:16:00.918+0000] {dagbag.py:545} INFO - Filling up the DagBag from /opt/airflow/dags/dagruandag2.py
[2024-06-26T14:16:00.923+0000] {processor.py:840} INFO - DAG(s) 'dagrundag2' retrieved from /opt/airflow/dags/dagruandag2.py
[2024-06-26T14:16:00.935+0000] {logging_mixin.py:188} INFO - [2024-06-26T14:16:00.935+0000] {dag.py:3096} INFO - Sync 1 DAGs
[2024-06-26T14:16:00.942+0000] {logging_mixin.py:188} INFO - [2024-06-26T14:16:00.942+0000] {dag.py:3954} INFO - Setting next_dagrun for dagrundag2 to None, run_after=None
[2024-06-26T14:16:00.952+0000] {processor.py:183} INFO - Processing /opt/airflow/dags/dagruandag2.py took 0.038 seconds
[2024-06-26T14:16:06.701+0000] {processor.py:161} INFO - Started process (PID=825) to work on /opt/airflow/dags/dagruandag2.py
[2024-06-26T14:16:06.701+0000] {processor.py:830} INFO - Processing file /opt/airflow/dags/dagruandag2.py for tasks to queue
[2024-06-26T14:16:06.702+0000] {logging_mixin.py:188} INFO - [2024-06-26T14:16:06.702+0000] {dagbag.py:545} INFO - Filling up the DagBag from /opt/airflow/dags/dagruandag2.py
[2024-06-26T14:16:06.707+0000] {processor.py:840} INFO - DAG(s) 'dagrundag2' retrieved from /opt/airflow/dags/dagruandag2.py
[2024-06-26T14:16:06.719+0000] {logging_mixin.py:188} INFO - [2024-06-26T14:16:06.719+0000] {dag.py:3096} INFO - Sync 1 DAGs
[2024-06-26T14:16:06.726+0000] {logging_mixin.py:188} INFO - [2024-06-26T14:16:06.726+0000] {dag.py:3954} INFO - Setting next_dagrun for dagrundag2 to None, run_after=None
[2024-06-26T14:16:06.736+0000] {processor.py:183} INFO - Processing /opt/airflow/dags/dagruandag2.py took 0.038 seconds
[2024-06-26T14:16:12.458+0000] {processor.py:161} INFO - Started process (PID=852) to work on /opt/airflow/dags/dagruandag2.py
[2024-06-26T14:16:12.459+0000] {processor.py:830} INFO - Processing file /opt/airflow/dags/dagruandag2.py for tasks to queue
[2024-06-26T14:16:12.461+0000] {logging_mixin.py:188} INFO - [2024-06-26T14:16:12.460+0000] {dagbag.py:545} INFO - Filling up the DagBag from /opt/airflow/dags/dagruandag2.py
[2024-06-26T14:16:12.465+0000] {processor.py:840} INFO - DAG(s) 'dagrundag2' retrieved from /opt/airflow/dags/dagruandag2.py
[2024-06-26T14:16:12.478+0000] {logging_mixin.py:188} INFO - [2024-06-26T14:16:12.478+0000] {dag.py:3096} INFO - Sync 1 DAGs
[2024-06-26T14:16:12.484+0000] {logging_mixin.py:188} INFO - [2024-06-26T14:16:12.484+0000] {dag.py:3954} INFO - Setting next_dagrun for dagrundag2 to None, run_after=None
[2024-06-26T14:16:12.494+0000] {processor.py:183} INFO - Processing /opt/airflow/dags/dagruandag2.py took 0.039 seconds
[2024-06-26T14:16:18.317+0000] {processor.py:161} INFO - Started process (PID=885) to work on /opt/airflow/dags/dagruandag2.py
[2024-06-26T14:16:18.317+0000] {processor.py:830} INFO - Processing file /opt/airflow/dags/dagruandag2.py for tasks to queue
[2024-06-26T14:16:18.318+0000] {logging_mixin.py:188} INFO - [2024-06-26T14:16:18.318+0000] {dagbag.py:545} INFO - Filling up the DagBag from /opt/airflow/dags/dagruandag2.py
[2024-06-26T14:16:18.323+0000] {processor.py:840} INFO - DAG(s) 'dagrundag2' retrieved from /opt/airflow/dags/dagruandag2.py
[2024-06-26T14:16:18.335+0000] {logging_mixin.py:188} INFO - [2024-06-26T14:16:18.335+0000] {dag.py:3096} INFO - Sync 1 DAGs
[2024-06-26T14:16:18.342+0000] {logging_mixin.py:188} INFO - [2024-06-26T14:16:18.342+0000] {dag.py:3954} INFO - Setting next_dagrun for dagrundag2 to None, run_after=None
[2024-06-26T14:16:18.352+0000] {processor.py:183} INFO - Processing /opt/airflow/dags/dagruandag2.py took 0.038 seconds
[2024-06-26T14:16:24.080+0000] {processor.py:161} INFO - Started process (PID=912) to work on /opt/airflow/dags/dagruandag2.py
[2024-06-26T14:16:24.081+0000] {processor.py:830} INFO - Processing file /opt/airflow/dags/dagruandag2.py for tasks to queue
[2024-06-26T14:16:24.083+0000] {logging_mixin.py:188} INFO - [2024-06-26T14:16:24.083+0000] {dagbag.py:545} INFO - Filling up the DagBag from /opt/airflow/dags/dagruandag2.py
[2024-06-26T14:16:24.087+0000] {processor.py:840} INFO - DAG(s) 'dagrundag2' retrieved from /opt/airflow/dags/dagruandag2.py
[2024-06-26T14:16:24.100+0000] {logging_mixin.py:188} INFO - [2024-06-26T14:16:24.100+0000] {dag.py:3096} INFO - Sync 1 DAGs
[2024-06-26T14:16:24.106+0000] {logging_mixin.py:188} INFO - [2024-06-26T14:16:24.106+0000] {dag.py:3954} INFO - Setting next_dagrun for dagrundag2 to None, run_after=None
[2024-06-26T14:16:24.116+0000] {processor.py:183} INFO - Processing /opt/airflow/dags/dagruandag2.py took 0.039 seconds
[2024-06-26T14:16:29.913+0000] {processor.py:161} INFO - Started process (PID=939) to work on /opt/airflow/dags/dagruandag2.py
[2024-06-26T14:16:29.913+0000] {processor.py:830} INFO - Processing file /opt/airflow/dags/dagruandag2.py for tasks to queue
[2024-06-26T14:16:29.914+0000] {logging_mixin.py:188} INFO - [2024-06-26T14:16:29.914+0000] {dagbag.py:545} INFO - Filling up the DagBag from /opt/airflow/dags/dagruandag2.py
[2024-06-26T14:16:29.920+0000] {processor.py:840} INFO - DAG(s) 'dagrundag2' retrieved from /opt/airflow/dags/dagruandag2.py
[2024-06-26T14:16:29.932+0000] {logging_mixin.py:188} INFO - [2024-06-26T14:16:29.931+0000] {dag.py:3096} INFO - Sync 1 DAGs
[2024-06-26T14:16:29.939+0000] {logging_mixin.py:188} INFO - [2024-06-26T14:16:29.938+0000] {dag.py:3954} INFO - Setting next_dagrun for dagrundag2 to None, run_after=None
[2024-06-26T14:16:29.949+0000] {processor.py:183} INFO - Processing /opt/airflow/dags/dagruandag2.py took 0.040 seconds
[2024-06-26T14:16:35.724+0000] {processor.py:161} INFO - Started process (PID=966) to work on /opt/airflow/dags/dagruandag2.py
[2024-06-26T14:16:35.724+0000] {processor.py:830} INFO - Processing file /opt/airflow/dags/dagruandag2.py for tasks to queue
[2024-06-26T14:16:35.726+0000] {logging_mixin.py:188} INFO - [2024-06-26T14:16:35.726+0000] {dagbag.py:545} INFO - Filling up the DagBag from /opt/airflow/dags/dagruandag2.py
[2024-06-26T14:16:35.731+0000] {processor.py:840} INFO - DAG(s) 'dagrundag2' retrieved from /opt/airflow/dags/dagruandag2.py
[2024-06-26T14:16:35.744+0000] {logging_mixin.py:188} INFO - [2024-06-26T14:16:35.744+0000] {dag.py:3096} INFO - Sync 1 DAGs
[2024-06-26T14:16:35.751+0000] {logging_mixin.py:188} INFO - [2024-06-26T14:16:35.751+0000] {dag.py:3954} INFO - Setting next_dagrun for dagrundag2 to None, run_after=None
[2024-06-26T14:16:35.761+0000] {processor.py:183} INFO - Processing /opt/airflow/dags/dagruandag2.py took 0.040 seconds
[2024-06-26T14:16:41.464+0000] {processor.py:161} INFO - Started process (PID=993) to work on /opt/airflow/dags/dagruandag2.py
[2024-06-26T14:16:41.464+0000] {processor.py:830} INFO - Processing file /opt/airflow/dags/dagruandag2.py for tasks to queue
[2024-06-26T14:16:41.466+0000] {logging_mixin.py:188} INFO - [2024-06-26T14:16:41.466+0000] {dagbag.py:545} INFO - Filling up the DagBag from /opt/airflow/dags/dagruandag2.py
[2024-06-26T14:16:41.470+0000] {processor.py:840} INFO - DAG(s) 'dagrundag2' retrieved from /opt/airflow/dags/dagruandag2.py
[2024-06-26T14:16:41.482+0000] {logging_mixin.py:188} INFO - [2024-06-26T14:16:41.482+0000] {dag.py:3096} INFO - Sync 1 DAGs
[2024-06-26T14:16:41.488+0000] {logging_mixin.py:188} INFO - [2024-06-26T14:16:41.488+0000] {dag.py:3954} INFO - Setting next_dagrun for dagrundag2 to None, run_after=None
[2024-06-26T14:16:41.497+0000] {processor.py:183} INFO - Processing /opt/airflow/dags/dagruandag2.py took 0.037 seconds
[2024-06-26T14:16:47.340+0000] {processor.py:161} INFO - Started process (PID=1020) to work on /opt/airflow/dags/dagruandag2.py
[2024-06-26T14:16:47.341+0000] {processor.py:830} INFO - Processing file /opt/airflow/dags/dagruandag2.py for tasks to queue
[2024-06-26T14:16:47.342+0000] {logging_mixin.py:188} INFO - [2024-06-26T14:16:47.342+0000] {dagbag.py:545} INFO - Filling up the DagBag from /opt/airflow/dags/dagruandag2.py
[2024-06-26T14:16:47.346+0000] {processor.py:840} INFO - DAG(s) 'dagrundag2' retrieved from /opt/airflow/dags/dagruandag2.py
[2024-06-26T14:16:47.358+0000] {logging_mixin.py:188} INFO - [2024-06-26T14:16:47.358+0000] {dag.py:3096} INFO - Sync 1 DAGs
[2024-06-26T14:16:47.364+0000] {logging_mixin.py:188} INFO - [2024-06-26T14:16:47.364+0000] {dag.py:3954} INFO - Setting next_dagrun for dagrundag2 to None, run_after=None
[2024-06-26T14:16:47.373+0000] {processor.py:183} INFO - Processing /opt/airflow/dags/dagruandag2.py took 0.037 seconds
[2024-06-26T14:16:53.107+0000] {processor.py:161} INFO - Started process (PID=1053) to work on /opt/airflow/dags/dagruandag2.py
[2024-06-26T14:16:53.107+0000] {processor.py:830} INFO - Processing file /opt/airflow/dags/dagruandag2.py for tasks to queue
[2024-06-26T14:16:53.109+0000] {logging_mixin.py:188} INFO - [2024-06-26T14:16:53.108+0000] {dagbag.py:545} INFO - Filling up the DagBag from /opt/airflow/dags/dagruandag2.py
[2024-06-26T14:16:53.113+0000] {processor.py:840} INFO - DAG(s) 'dagrundag2' retrieved from /opt/airflow/dags/dagruandag2.py
[2024-06-26T14:16:53.125+0000] {logging_mixin.py:188} INFO - [2024-06-26T14:16:53.124+0000] {dag.py:3096} INFO - Sync 1 DAGs
[2024-06-26T14:16:53.131+0000] {logging_mixin.py:188} INFO - [2024-06-26T14:16:53.131+0000] {dag.py:3954} INFO - Setting next_dagrun for dagrundag2 to None, run_after=None
[2024-06-26T14:16:53.140+0000] {processor.py:183} INFO - Processing /opt/airflow/dags/dagruandag2.py took 0.036 seconds
[2024-06-26T14:16:58.950+0000] {processor.py:161} INFO - Started process (PID=1080) to work on /opt/airflow/dags/dagruandag2.py
[2024-06-26T14:16:58.950+0000] {processor.py:830} INFO - Processing file /opt/airflow/dags/dagruandag2.py for tasks to queue
[2024-06-26T14:16:58.951+0000] {logging_mixin.py:188} INFO - [2024-06-26T14:16:58.951+0000] {dagbag.py:545} INFO - Filling up the DagBag from /opt/airflow/dags/dagruandag2.py
[2024-06-26T14:16:58.956+0000] {processor.py:840} INFO - DAG(s) 'dagrundag2' retrieved from /opt/airflow/dags/dagruandag2.py
[2024-06-26T14:16:58.968+0000] {logging_mixin.py:188} INFO - [2024-06-26T14:16:58.968+0000] {dag.py:3096} INFO - Sync 1 DAGs
[2024-06-26T14:16:58.975+0000] {logging_mixin.py:188} INFO - [2024-06-26T14:16:58.974+0000] {dag.py:3954} INFO - Setting next_dagrun for dagrundag2 to None, run_after=None
[2024-06-26T14:16:58.984+0000] {processor.py:183} INFO - Processing /opt/airflow/dags/dagruandag2.py took 0.037 seconds
[2024-06-26T14:17:04.734+0000] {processor.py:161} INFO - Started process (PID=1107) to work on /opt/airflow/dags/dagruandag2.py
[2024-06-26T14:17:04.734+0000] {processor.py:830} INFO - Processing file /opt/airflow/dags/dagruandag2.py for tasks to queue
[2024-06-26T14:17:04.736+0000] {logging_mixin.py:188} INFO - [2024-06-26T14:17:04.735+0000] {dagbag.py:545} INFO - Filling up the DagBag from /opt/airflow/dags/dagruandag2.py
[2024-06-26T14:17:04.740+0000] {processor.py:840} INFO - DAG(s) 'dagrundag2' retrieved from /opt/airflow/dags/dagruandag2.py
[2024-06-26T14:17:04.752+0000] {logging_mixin.py:188} INFO - [2024-06-26T14:17:04.752+0000] {dag.py:3096} INFO - Sync 1 DAGs
[2024-06-26T14:17:04.759+0000] {logging_mixin.py:188} INFO - [2024-06-26T14:17:04.758+0000] {dag.py:3954} INFO - Setting next_dagrun for dagrundag2 to None, run_after=None
[2024-06-26T14:17:04.767+0000] {processor.py:183} INFO - Processing /opt/airflow/dags/dagruandag2.py took 0.037 seconds
[2024-06-26T14:17:10.498+0000] {processor.py:161} INFO - Started process (PID=1134) to work on /opt/airflow/dags/dagruandag2.py
[2024-06-26T14:17:10.498+0000] {processor.py:830} INFO - Processing file /opt/airflow/dags/dagruandag2.py for tasks to queue
[2024-06-26T14:17:10.500+0000] {logging_mixin.py:188} INFO - [2024-06-26T14:17:10.499+0000] {dagbag.py:545} INFO - Filling up the DagBag from /opt/airflow/dags/dagruandag2.py
[2024-06-26T14:17:10.504+0000] {processor.py:840} INFO - DAG(s) 'dagrundag2' retrieved from /opt/airflow/dags/dagruandag2.py
[2024-06-26T14:17:10.515+0000] {logging_mixin.py:188} INFO - [2024-06-26T14:17:10.515+0000] {dag.py:3096} INFO - Sync 1 DAGs
[2024-06-26T14:17:10.522+0000] {logging_mixin.py:188} INFO - [2024-06-26T14:17:10.521+0000] {dag.py:3954} INFO - Setting next_dagrun for dagrundag2 to None, run_after=None
[2024-06-26T14:17:10.530+0000] {processor.py:183} INFO - Processing /opt/airflow/dags/dagruandag2.py took 0.035 seconds
[2024-06-26T14:17:16.298+0000] {processor.py:161} INFO - Started process (PID=1161) to work on /opt/airflow/dags/dagruandag2.py
[2024-06-26T14:17:16.299+0000] {processor.py:830} INFO - Processing file /opt/airflow/dags/dagruandag2.py for tasks to queue
[2024-06-26T14:17:16.300+0000] {logging_mixin.py:188} INFO - [2024-06-26T14:17:16.300+0000] {dagbag.py:545} INFO - Filling up the DagBag from /opt/airflow/dags/dagruandag2.py
[2024-06-26T14:17:16.304+0000] {processor.py:840} INFO - DAG(s) 'dagrundag2' retrieved from /opt/airflow/dags/dagruandag2.py
[2024-06-26T14:17:16.316+0000] {logging_mixin.py:188} INFO - [2024-06-26T14:17:16.316+0000] {dag.py:3096} INFO - Sync 1 DAGs
[2024-06-26T14:17:16.323+0000] {logging_mixin.py:188} INFO - [2024-06-26T14:17:16.323+0000] {dag.py:3954} INFO - Setting next_dagrun for dagrundag2 to None, run_after=None
[2024-06-26T14:17:16.332+0000] {processor.py:183} INFO - Processing /opt/airflow/dags/dagruandag2.py took 0.037 seconds
[2024-06-26T14:17:22.071+0000] {processor.py:161} INFO - Started process (PID=1194) to work on /opt/airflow/dags/dagruandag2.py
[2024-06-26T14:17:22.071+0000] {processor.py:830} INFO - Processing file /opt/airflow/dags/dagruandag2.py for tasks to queue
[2024-06-26T14:17:22.072+0000] {logging_mixin.py:188} INFO - [2024-06-26T14:17:22.072+0000] {dagbag.py:545} INFO - Filling up the DagBag from /opt/airflow/dags/dagruandag2.py
[2024-06-26T14:17:22.077+0000] {processor.py:840} INFO - DAG(s) 'dagrundag2' retrieved from /opt/airflow/dags/dagruandag2.py
[2024-06-26T14:17:22.089+0000] {logging_mixin.py:188} INFO - [2024-06-26T14:17:22.089+0000] {dag.py:3096} INFO - Sync 1 DAGs
[2024-06-26T14:17:22.096+0000] {logging_mixin.py:188} INFO - [2024-06-26T14:17:22.095+0000] {dag.py:3954} INFO - Setting next_dagrun for dagrundag2 to None, run_after=None
[2024-06-26T14:17:22.105+0000] {processor.py:183} INFO - Processing /opt/airflow/dags/dagruandag2.py took 0.037 seconds
[2024-06-26T14:17:27.800+0000] {processor.py:161} INFO - Started process (PID=1221) to work on /opt/airflow/dags/dagruandag2.py
[2024-06-26T14:17:27.801+0000] {processor.py:830} INFO - Processing file /opt/airflow/dags/dagruandag2.py for tasks to queue
[2024-06-26T14:17:27.802+0000] {logging_mixin.py:188} INFO - [2024-06-26T14:17:27.802+0000] {dagbag.py:545} INFO - Filling up the DagBag from /opt/airflow/dags/dagruandag2.py
[2024-06-26T14:17:27.806+0000] {processor.py:840} INFO - DAG(s) 'dagrundag2' retrieved from /opt/airflow/dags/dagruandag2.py
[2024-06-26T14:17:27.818+0000] {logging_mixin.py:188} INFO - [2024-06-26T14:17:27.818+0000] {dag.py:3096} INFO - Sync 1 DAGs
[2024-06-26T14:17:27.824+0000] {logging_mixin.py:188} INFO - [2024-06-26T14:17:27.824+0000] {dag.py:3954} INFO - Setting next_dagrun for dagrundag2 to None, run_after=None
[2024-06-26T14:17:27.833+0000] {processor.py:183} INFO - Processing /opt/airflow/dags/dagruandag2.py took 0.036 seconds
[2024-06-26T14:17:33.525+0000] {processor.py:161} INFO - Started process (PID=1248) to work on /opt/airflow/dags/dagruandag2.py
[2024-06-26T14:17:33.525+0000] {processor.py:830} INFO - Processing file /opt/airflow/dags/dagruandag2.py for tasks to queue
[2024-06-26T14:17:33.526+0000] {logging_mixin.py:188} INFO - [2024-06-26T14:17:33.526+0000] {dagbag.py:545} INFO - Filling up the DagBag from /opt/airflow/dags/dagruandag2.py
[2024-06-26T14:17:33.531+0000] {processor.py:840} INFO - DAG(s) 'dagrundag2' retrieved from /opt/airflow/dags/dagruandag2.py
[2024-06-26T14:17:33.542+0000] {logging_mixin.py:188} INFO - [2024-06-26T14:17:33.542+0000] {dag.py:3096} INFO - Sync 1 DAGs
[2024-06-26T14:17:33.549+0000] {logging_mixin.py:188} INFO - [2024-06-26T14:17:33.549+0000] {dag.py:3954} INFO - Setting next_dagrun for dagrundag2 to None, run_after=None
[2024-06-26T14:17:33.558+0000] {processor.py:183} INFO - Processing /opt/airflow/dags/dagruandag2.py took 0.036 seconds
[2024-06-26T14:17:39.283+0000] {processor.py:161} INFO - Started process (PID=1275) to work on /opt/airflow/dags/dagruandag2.py
[2024-06-26T14:17:39.284+0000] {processor.py:830} INFO - Processing file /opt/airflow/dags/dagruandag2.py for tasks to queue
[2024-06-26T14:17:39.285+0000] {logging_mixin.py:188} INFO - [2024-06-26T14:17:39.285+0000] {dagbag.py:545} INFO - Filling up the DagBag from /opt/airflow/dags/dagruandag2.py
[2024-06-26T14:17:39.289+0000] {processor.py:840} INFO - DAG(s) 'dagrundag2' retrieved from /opt/airflow/dags/dagruandag2.py
[2024-06-26T14:17:39.301+0000] {logging_mixin.py:188} INFO - [2024-06-26T14:17:39.300+0000] {dag.py:3096} INFO - Sync 1 DAGs
[2024-06-26T14:17:39.307+0000] {logging_mixin.py:188} INFO - [2024-06-26T14:17:39.307+0000] {dag.py:3954} INFO - Setting next_dagrun for dagrundag2 to None, run_after=None
[2024-06-26T14:17:39.317+0000] {processor.py:183} INFO - Processing /opt/airflow/dags/dagruandag2.py took 0.036 seconds
[2024-06-26T14:17:45.033+0000] {processor.py:161} INFO - Started process (PID=1302) to work on /opt/airflow/dags/dagruandag2.py
[2024-06-26T14:17:45.034+0000] {processor.py:830} INFO - Processing file /opt/airflow/dags/dagruandag2.py for tasks to queue
[2024-06-26T14:17:45.035+0000] {logging_mixin.py:188} INFO - [2024-06-26T14:17:45.035+0000] {dagbag.py:545} INFO - Filling up the DagBag from /opt/airflow/dags/dagruandag2.py
[2024-06-26T14:17:45.039+0000] {processor.py:840} INFO - DAG(s) 'dagrundag2' retrieved from /opt/airflow/dags/dagruandag2.py
[2024-06-26T14:17:45.050+0000] {logging_mixin.py:188} INFO - [2024-06-26T14:17:45.050+0000] {dag.py:3096} INFO - Sync 1 DAGs
[2024-06-26T14:17:45.057+0000] {logging_mixin.py:188} INFO - [2024-06-26T14:17:45.057+0000] {dag.py:3954} INFO - Setting next_dagrun for dagrundag2 to None, run_after=None
[2024-06-26T14:17:45.067+0000] {processor.py:183} INFO - Processing /opt/airflow/dags/dagruandag2.py took 0.036 seconds
[2024-06-26T14:17:50.864+0000] {processor.py:161} INFO - Started process (PID=1335) to work on /opt/airflow/dags/dagruandag2.py
[2024-06-26T14:17:50.865+0000] {processor.py:830} INFO - Processing file /opt/airflow/dags/dagruandag2.py for tasks to queue
[2024-06-26T14:17:50.866+0000] {logging_mixin.py:188} INFO - [2024-06-26T14:17:50.866+0000] {dagbag.py:545} INFO - Filling up the DagBag from /opt/airflow/dags/dagruandag2.py
[2024-06-26T14:17:50.870+0000] {processor.py:840} INFO - DAG(s) 'dagrundag2' retrieved from /opt/airflow/dags/dagruandag2.py
[2024-06-26T14:17:50.881+0000] {logging_mixin.py:188} INFO - [2024-06-26T14:17:50.881+0000] {dag.py:3096} INFO - Sync 1 DAGs
[2024-06-26T14:17:50.888+0000] {logging_mixin.py:188} INFO - [2024-06-26T14:17:50.888+0000] {dag.py:3954} INFO - Setting next_dagrun for dagrundag2 to None, run_after=None
[2024-06-26T14:17:50.897+0000] {processor.py:183} INFO - Processing /opt/airflow/dags/dagruandag2.py took 0.036 seconds
[2024-06-26T14:17:56.592+0000] {processor.py:161} INFO - Started process (PID=1362) to work on /opt/airflow/dags/dagruandag2.py
[2024-06-26T14:17:56.592+0000] {processor.py:830} INFO - Processing file /opt/airflow/dags/dagruandag2.py for tasks to queue
[2024-06-26T14:17:56.593+0000] {logging_mixin.py:188} INFO - [2024-06-26T14:17:56.593+0000] {dagbag.py:545} INFO - Filling up the DagBag from /opt/airflow/dags/dagruandag2.py
[2024-06-26T14:17:56.598+0000] {processor.py:840} INFO - DAG(s) 'dagrundag2' retrieved from /opt/airflow/dags/dagruandag2.py
[2024-06-26T14:17:56.609+0000] {logging_mixin.py:188} INFO - [2024-06-26T14:17:56.609+0000] {dag.py:3096} INFO - Sync 1 DAGs
[2024-06-26T14:17:56.616+0000] {logging_mixin.py:188} INFO - [2024-06-26T14:17:56.615+0000] {dag.py:3954} INFO - Setting next_dagrun for dagrundag2 to None, run_after=None
[2024-06-26T14:17:56.624+0000] {processor.py:183} INFO - Processing /opt/airflow/dags/dagruandag2.py took 0.035 seconds
[2024-06-26T14:18:02.333+0000] {processor.py:161} INFO - Started process (PID=1389) to work on /opt/airflow/dags/dagruandag2.py
[2024-06-26T14:18:02.334+0000] {processor.py:830} INFO - Processing file /opt/airflow/dags/dagruandag2.py for tasks to queue
[2024-06-26T14:18:02.336+0000] {logging_mixin.py:188} INFO - [2024-06-26T14:18:02.335+0000] {dagbag.py:545} INFO - Filling up the DagBag from /opt/airflow/dags/dagruandag2.py
[2024-06-26T14:18:02.341+0000] {processor.py:840} INFO - DAG(s) 'dagrundag2' retrieved from /opt/airflow/dags/dagruandag2.py
[2024-06-26T14:18:02.354+0000] {logging_mixin.py:188} INFO - [2024-06-26T14:18:02.354+0000] {dag.py:3096} INFO - Sync 1 DAGs
[2024-06-26T14:18:02.362+0000] {logging_mixin.py:188} INFO - [2024-06-26T14:18:02.362+0000] {dag.py:3954} INFO - Setting next_dagrun for dagrundag2 to None, run_after=None
[2024-06-26T14:18:02.371+0000] {processor.py:183} INFO - Processing /opt/airflow/dags/dagruandag2.py took 0.042 seconds
