[2024-06-26T14:13:29.593+0000] {processor.py:161} INFO - Started process (PID=52) to work on /opt/airflow/dags/dagrundag1.py
[2024-06-26T14:13:29.593+0000] {processor.py:830} INFO - Processing file /opt/airflow/dags/dagrundag1.py for tasks to queue
[2024-06-26T14:13:29.595+0000] {logging_mixin.py:188} INFO - [2024-06-26T14:13:29.594+0000] {dagbag.py:545} INFO - Filling up the DagBag from /opt/airflow/dags/dagrundag1.py
[2024-06-26T14:13:29.600+0000] {processor.py:840} INFO - DAG(s) 'dagrundag1' retrieved from /opt/airflow/dags/dagrundag1.py
[2024-06-26T14:13:29.655+0000] {logging_mixin.py:188} INFO - [2024-06-26T14:13:29.654+0000] {dag.py:3096} INFO - Sync 1 DAGs
[2024-06-26T14:13:29.660+0000] {logging_mixin.py:188} INFO - [2024-06-26T14:13:29.660+0000] {dag.py:3954} INFO - Setting next_dagrun for dagrundag1 to None, run_after=None
[2024-06-26T14:13:29.670+0000] {processor.py:183} INFO - Processing /opt/airflow/dags/dagrundag1.py took 0.080 seconds
[2024-06-26T14:13:35.560+0000] {processor.py:161} INFO - Started process (PID=79) to work on /opt/airflow/dags/dagrundag1.py
[2024-06-26T14:13:35.561+0000] {processor.py:830} INFO - Processing file /opt/airflow/dags/dagrundag1.py for tasks to queue
[2024-06-26T14:13:35.561+0000] {logging_mixin.py:188} INFO - [2024-06-26T14:13:35.561+0000] {dagbag.py:545} INFO - Filling up the DagBag from /opt/airflow/dags/dagrundag1.py
[2024-06-26T14:13:35.569+0000] {processor.py:840} INFO - DAG(s) 'dagrundag1' retrieved from /opt/airflow/dags/dagrundag1.py
[2024-06-26T14:13:35.575+0000] {logging_mixin.py:188} INFO - [2024-06-26T14:13:35.575+0000] {dag.py:3096} INFO - Sync 1 DAGs
[2024-06-26T14:13:35.582+0000] {logging_mixin.py:188} INFO - [2024-06-26T14:13:35.582+0000] {dag.py:3954} INFO - Setting next_dagrun for dagrundag1 to None, run_after=None
[2024-06-26T14:13:35.591+0000] {processor.py:183} INFO - Processing /opt/airflow/dags/dagrundag1.py took 0.034 seconds
[2024-06-26T14:13:41.324+0000] {processor.py:161} INFO - Started process (PID=106) to work on /opt/airflow/dags/dagrundag1.py
[2024-06-26T14:13:41.324+0000] {processor.py:830} INFO - Processing file /opt/airflow/dags/dagrundag1.py for tasks to queue
[2024-06-26T14:13:41.325+0000] {logging_mixin.py:188} INFO - [2024-06-26T14:13:41.325+0000] {dagbag.py:545} INFO - Filling up the DagBag from /opt/airflow/dags/dagrundag1.py
[2024-06-26T14:13:41.331+0000] {processor.py:840} INFO - DAG(s) 'dagrundag1' retrieved from /opt/airflow/dags/dagrundag1.py
[2024-06-26T14:13:41.337+0000] {logging_mixin.py:188} INFO - [2024-06-26T14:13:41.337+0000] {dag.py:3096} INFO - Sync 1 DAGs
[2024-06-26T14:13:41.344+0000] {logging_mixin.py:188} INFO - [2024-06-26T14:13:41.344+0000] {dag.py:3954} INFO - Setting next_dagrun for dagrundag1 to None, run_after=None
[2024-06-26T14:13:41.353+0000] {processor.py:183} INFO - Processing /opt/airflow/dags/dagrundag1.py took 0.033 seconds
[2024-06-26T14:13:47.204+0000] {processor.py:161} INFO - Started process (PID=133) to work on /opt/airflow/dags/dagrundag1.py
[2024-06-26T14:13:47.204+0000] {processor.py:830} INFO - Processing file /opt/airflow/dags/dagrundag1.py for tasks to queue
[2024-06-26T14:13:47.205+0000] {logging_mixin.py:188} INFO - [2024-06-26T14:13:47.205+0000] {dagbag.py:545} INFO - Filling up the DagBag from /opt/airflow/dags/dagrundag1.py
[2024-06-26T14:13:47.212+0000] {processor.py:840} INFO - DAG(s) 'dagrundag1' retrieved from /opt/airflow/dags/dagrundag1.py
[2024-06-26T14:13:47.218+0000] {logging_mixin.py:188} INFO - [2024-06-26T14:13:47.218+0000] {dag.py:3096} INFO - Sync 1 DAGs
[2024-06-26T14:13:47.225+0000] {logging_mixin.py:188} INFO - [2024-06-26T14:13:47.225+0000] {dag.py:3954} INFO - Setting next_dagrun for dagrundag1 to None, run_after=None
[2024-06-26T14:13:47.235+0000] {processor.py:183} INFO - Processing /opt/airflow/dags/dagrundag1.py took 0.034 seconds
[2024-06-26T14:13:52.838+0000] {processor.py:161} INFO - Started process (PID=166) to work on /opt/airflow/dags/dagrundag1.py
[2024-06-26T14:13:52.838+0000] {processor.py:830} INFO - Processing file /opt/airflow/dags/dagrundag1.py for tasks to queue
[2024-06-26T14:13:52.839+0000] {logging_mixin.py:188} INFO - [2024-06-26T14:13:52.839+0000] {dagbag.py:545} INFO - Filling up the DagBag from /opt/airflow/dags/dagrundag1.py
[2024-06-26T14:13:52.845+0000] {processor.py:840} INFO - DAG(s) 'dagrundag1' retrieved from /opt/airflow/dags/dagrundag1.py
[2024-06-26T14:13:52.850+0000] {logging_mixin.py:188} INFO - [2024-06-26T14:13:52.850+0000] {dag.py:3096} INFO - Sync 1 DAGs
[2024-06-26T14:13:52.857+0000] {logging_mixin.py:188} INFO - [2024-06-26T14:13:52.857+0000] {dag.py:3954} INFO - Setting next_dagrun for dagrundag1 to None, run_after=None
[2024-06-26T14:13:52.866+0000] {processor.py:183} INFO - Processing /opt/airflow/dags/dagrundag1.py took 0.032 seconds
[2024-06-26T14:13:58.833+0000] {processor.py:161} INFO - Started process (PID=206) to work on /opt/airflow/dags/dagrundag1.py
[2024-06-26T14:13:58.833+0000] {processor.py:830} INFO - Processing file /opt/airflow/dags/dagrundag1.py for tasks to queue
[2024-06-26T14:13:58.835+0000] {logging_mixin.py:188} INFO - [2024-06-26T14:13:58.834+0000] {dagbag.py:545} INFO - Filling up the DagBag from /opt/airflow/dags/dagrundag1.py
[2024-06-26T14:13:58.840+0000] {processor.py:840} INFO - DAG(s) 'dagrundag1' retrieved from /opt/airflow/dags/dagrundag1.py
[2024-06-26T14:13:58.846+0000] {logging_mixin.py:188} INFO - [2024-06-26T14:13:58.846+0000] {dag.py:3096} INFO - Sync 1 DAGs
[2024-06-26T14:13:58.853+0000] {logging_mixin.py:188} INFO - [2024-06-26T14:13:58.853+0000] {dag.py:3954} INFO - Setting next_dagrun for dagrundag1 to None, run_after=None
[2024-06-26T14:13:58.863+0000] {processor.py:183} INFO - Processing /opt/airflow/dags/dagrundag1.py took 0.033 seconds
[2024-06-26T14:14:04.655+0000] {processor.py:161} INFO - Started process (PID=233) to work on /opt/airflow/dags/dagrundag1.py
[2024-06-26T14:14:04.656+0000] {processor.py:830} INFO - Processing file /opt/airflow/dags/dagrundag1.py for tasks to queue
[2024-06-26T14:14:04.657+0000] {logging_mixin.py:188} INFO - [2024-06-26T14:14:04.657+0000] {dagbag.py:545} INFO - Filling up the DagBag from /opt/airflow/dags/dagrundag1.py
[2024-06-26T14:14:04.663+0000] {processor.py:840} INFO - DAG(s) 'dagrundag1' retrieved from /opt/airflow/dags/dagrundag1.py
[2024-06-26T14:14:04.675+0000] {logging_mixin.py:188} INFO - [2024-06-26T14:14:04.675+0000] {dag.py:3096} INFO - Sync 1 DAGs
[2024-06-26T14:14:04.684+0000] {logging_mixin.py:188} INFO - [2024-06-26T14:14:04.684+0000] {dag.py:3954} INFO - Setting next_dagrun for dagrundag1 to None, run_after=None
[2024-06-26T14:14:04.696+0000] {processor.py:183} INFO - Processing /opt/airflow/dags/dagrundag1.py took 0.044 seconds
[2024-06-26T14:14:10.533+0000] {processor.py:161} INFO - Started process (PID=260) to work on /opt/airflow/dags/dagrundag1.py
[2024-06-26T14:14:10.534+0000] {processor.py:830} INFO - Processing file /opt/airflow/dags/dagrundag1.py for tasks to queue
[2024-06-26T14:14:10.535+0000] {logging_mixin.py:188} INFO - [2024-06-26T14:14:10.535+0000] {dagbag.py:545} INFO - Filling up the DagBag from /opt/airflow/dags/dagrundag1.py
[2024-06-26T14:14:10.542+0000] {processor.py:840} INFO - DAG(s) 'dagrundag1' retrieved from /opt/airflow/dags/dagrundag1.py
[2024-06-26T14:14:10.555+0000] {logging_mixin.py:188} INFO - [2024-06-26T14:14:10.555+0000] {dag.py:3096} INFO - Sync 1 DAGs
[2024-06-26T14:14:10.564+0000] {logging_mixin.py:188} INFO - [2024-06-26T14:14:10.564+0000] {dag.py:3954} INFO - Setting next_dagrun for dagrundag1 to None, run_after=None
[2024-06-26T14:14:10.576+0000] {processor.py:183} INFO - Processing /opt/airflow/dags/dagrundag1.py took 0.046 seconds
[2024-06-26T14:14:16.342+0000] {processor.py:161} INFO - Started process (PID=287) to work on /opt/airflow/dags/dagrundag1.py
[2024-06-26T14:14:16.343+0000] {processor.py:830} INFO - Processing file /opt/airflow/dags/dagrundag1.py for tasks to queue
[2024-06-26T14:14:16.344+0000] {logging_mixin.py:188} INFO - [2024-06-26T14:14:16.343+0000] {dagbag.py:545} INFO - Filling up the DagBag from /opt/airflow/dags/dagrundag1.py
[2024-06-26T14:14:16.351+0000] {processor.py:840} INFO - DAG(s) 'dagrundag1' retrieved from /opt/airflow/dags/dagrundag1.py
[2024-06-26T14:14:16.362+0000] {logging_mixin.py:188} INFO - [2024-06-26T14:14:16.362+0000] {dag.py:3096} INFO - Sync 1 DAGs
[2024-06-26T14:14:16.369+0000] {logging_mixin.py:188} INFO - [2024-06-26T14:14:16.369+0000] {dag.py:3954} INFO - Setting next_dagrun for dagrundag1 to None, run_after=None
[2024-06-26T14:14:16.380+0000] {processor.py:183} INFO - Processing /opt/airflow/dags/dagrundag1.py took 0.041 seconds
[2024-06-26T14:14:22.115+0000] {processor.py:161} INFO - Started process (PID=320) to work on /opt/airflow/dags/dagrundag1.py
[2024-06-26T14:14:22.115+0000] {processor.py:830} INFO - Processing file /opt/airflow/dags/dagrundag1.py for tasks to queue
[2024-06-26T14:14:22.116+0000] {logging_mixin.py:188} INFO - [2024-06-26T14:14:22.116+0000] {dagbag.py:545} INFO - Filling up the DagBag from /opt/airflow/dags/dagrundag1.py
[2024-06-26T14:14:22.123+0000] {processor.py:840} INFO - DAG(s) 'dagrundag1' retrieved from /opt/airflow/dags/dagrundag1.py
[2024-06-26T14:14:22.133+0000] {logging_mixin.py:188} INFO - [2024-06-26T14:14:22.133+0000] {dag.py:3096} INFO - Sync 1 DAGs
[2024-06-26T14:14:22.140+0000] {logging_mixin.py:188} INFO - [2024-06-26T14:14:22.140+0000] {dag.py:3954} INFO - Setting next_dagrun for dagrundag1 to None, run_after=None
[2024-06-26T14:14:22.149+0000] {processor.py:183} INFO - Processing /opt/airflow/dags/dagrundag1.py took 0.037 seconds
[2024-06-26T14:14:27.911+0000] {processor.py:161} INFO - Started process (PID=347) to work on /opt/airflow/dags/dagrundag1.py
[2024-06-26T14:14:27.912+0000] {processor.py:830} INFO - Processing file /opt/airflow/dags/dagrundag1.py for tasks to queue
[2024-06-26T14:14:27.913+0000] {logging_mixin.py:188} INFO - [2024-06-26T14:14:27.913+0000] {dagbag.py:545} INFO - Filling up the DagBag from /opt/airflow/dags/dagrundag1.py
[2024-06-26T14:14:27.919+0000] {processor.py:840} INFO - DAG(s) 'dagrundag1' retrieved from /opt/airflow/dags/dagrundag1.py
[2024-06-26T14:14:27.931+0000] {logging_mixin.py:188} INFO - [2024-06-26T14:14:27.931+0000] {dag.py:3096} INFO - Sync 1 DAGs
[2024-06-26T14:14:27.938+0000] {logging_mixin.py:188} INFO - [2024-06-26T14:14:27.938+0000] {dag.py:3954} INFO - Setting next_dagrun for dagrundag1 to None, run_after=None
[2024-06-26T14:14:27.948+0000] {processor.py:183} INFO - Processing /opt/airflow/dags/dagrundag1.py took 0.041 seconds
[2024-06-26T14:14:33.775+0000] {processor.py:161} INFO - Started process (PID=374) to work on /opt/airflow/dags/dagrundag1.py
[2024-06-26T14:14:33.776+0000] {processor.py:830} INFO - Processing file /opt/airflow/dags/dagrundag1.py for tasks to queue
[2024-06-26T14:14:33.777+0000] {logging_mixin.py:188} INFO - [2024-06-26T14:14:33.777+0000] {dagbag.py:545} INFO - Filling up the DagBag from /opt/airflow/dags/dagrundag1.py
[2024-06-26T14:14:33.783+0000] {processor.py:840} INFO - DAG(s) 'dagrundag1' retrieved from /opt/airflow/dags/dagrundag1.py
[2024-06-26T14:14:33.794+0000] {logging_mixin.py:188} INFO - [2024-06-26T14:14:33.793+0000] {dag.py:3096} INFO - Sync 1 DAGs
[2024-06-26T14:14:33.800+0000] {logging_mixin.py:188} INFO - [2024-06-26T14:14:33.800+0000] {dag.py:3954} INFO - Setting next_dagrun for dagrundag1 to None, run_after=None
[2024-06-26T14:14:33.809+0000] {processor.py:183} INFO - Processing /opt/airflow/dags/dagrundag1.py took 0.037 seconds
[2024-06-26T14:14:39.560+0000] {processor.py:161} INFO - Started process (PID=401) to work on /opt/airflow/dags/dagrundag1.py
[2024-06-26T14:14:39.560+0000] {processor.py:830} INFO - Processing file /opt/airflow/dags/dagrundag1.py for tasks to queue
[2024-06-26T14:14:39.561+0000] {logging_mixin.py:188} INFO - [2024-06-26T14:14:39.561+0000] {dagbag.py:545} INFO - Filling up the DagBag from /opt/airflow/dags/dagrundag1.py
[2024-06-26T14:14:39.568+0000] {processor.py:840} INFO - DAG(s) 'dagrundag1' retrieved from /opt/airflow/dags/dagrundag1.py
[2024-06-26T14:14:39.578+0000] {logging_mixin.py:188} INFO - [2024-06-26T14:14:39.578+0000] {dag.py:3096} INFO - Sync 1 DAGs
[2024-06-26T14:14:39.585+0000] {logging_mixin.py:188} INFO - [2024-06-26T14:14:39.585+0000] {dag.py:3954} INFO - Setting next_dagrun for dagrundag1 to None, run_after=None
[2024-06-26T14:14:39.595+0000] {processor.py:183} INFO - Processing /opt/airflow/dags/dagrundag1.py took 0.038 seconds
[2024-06-26T14:14:45.315+0000] {processor.py:161} INFO - Started process (PID=428) to work on /opt/airflow/dags/dagrundag1.py
[2024-06-26T14:14:45.316+0000] {processor.py:830} INFO - Processing file /opt/airflow/dags/dagrundag1.py for tasks to queue
[2024-06-26T14:14:45.317+0000] {logging_mixin.py:188} INFO - [2024-06-26T14:14:45.316+0000] {dagbag.py:545} INFO - Filling up the DagBag from /opt/airflow/dags/dagrundag1.py
[2024-06-26T14:14:45.323+0000] {processor.py:840} INFO - DAG(s) 'dagrundag1' retrieved from /opt/airflow/dags/dagrundag1.py
[2024-06-26T14:14:45.334+0000] {logging_mixin.py:188} INFO - [2024-06-26T14:14:45.334+0000] {dag.py:3096} INFO - Sync 1 DAGs
[2024-06-26T14:14:45.340+0000] {logging_mixin.py:188} INFO - [2024-06-26T14:14:45.340+0000] {dag.py:3954} INFO - Setting next_dagrun for dagrundag1 to None, run_after=None
[2024-06-26T14:14:45.350+0000] {processor.py:183} INFO - Processing /opt/airflow/dags/dagrundag1.py took 0.037 seconds
[2024-06-26T14:14:51.044+0000] {processor.py:161} INFO - Started process (PID=461) to work on /opt/airflow/dags/dagrundag1.py
[2024-06-26T14:14:51.045+0000] {processor.py:830} INFO - Processing file /opt/airflow/dags/dagrundag1.py for tasks to queue
[2024-06-26T14:14:51.046+0000] {logging_mixin.py:188} INFO - [2024-06-26T14:14:51.046+0000] {dagbag.py:545} INFO - Filling up the DagBag from /opt/airflow/dags/dagrundag1.py
[2024-06-26T14:14:51.052+0000] {processor.py:840} INFO - DAG(s) 'dagrundag1' retrieved from /opt/airflow/dags/dagrundag1.py
[2024-06-26T14:14:51.065+0000] {logging_mixin.py:188} INFO - [2024-06-26T14:14:51.064+0000] {dag.py:3096} INFO - Sync 1 DAGs
[2024-06-26T14:14:51.071+0000] {logging_mixin.py:188} INFO - [2024-06-26T14:14:51.071+0000] {dag.py:3954} INFO - Setting next_dagrun for dagrundag1 to None, run_after=None
[2024-06-26T14:14:51.083+0000] {processor.py:183} INFO - Processing /opt/airflow/dags/dagrundag1.py took 0.042 seconds
[2024-06-26T14:14:56.868+0000] {processor.py:161} INFO - Started process (PID=488) to work on /opt/airflow/dags/dagrundag1.py
[2024-06-26T14:14:56.869+0000] {processor.py:830} INFO - Processing file /opt/airflow/dags/dagrundag1.py for tasks to queue
[2024-06-26T14:14:56.870+0000] {logging_mixin.py:188} INFO - [2024-06-26T14:14:56.870+0000] {dagbag.py:545} INFO - Filling up the DagBag from /opt/airflow/dags/dagrundag1.py
[2024-06-26T14:14:56.876+0000] {processor.py:840} INFO - DAG(s) 'dagrundag1' retrieved from /opt/airflow/dags/dagrundag1.py
[2024-06-26T14:14:56.886+0000] {logging_mixin.py:188} INFO - [2024-06-26T14:14:56.886+0000] {dag.py:3096} INFO - Sync 1 DAGs
[2024-06-26T14:14:56.893+0000] {logging_mixin.py:188} INFO - [2024-06-26T14:14:56.893+0000] {dag.py:3954} INFO - Setting next_dagrun for dagrundag1 to None, run_after=None
[2024-06-26T14:14:56.903+0000] {processor.py:183} INFO - Processing /opt/airflow/dags/dagrundag1.py took 0.038 seconds
[2024-06-26T14:15:02.638+0000] {processor.py:161} INFO - Started process (PID=515) to work on /opt/airflow/dags/dagrundag1.py
[2024-06-26T14:15:02.639+0000] {processor.py:830} INFO - Processing file /opt/airflow/dags/dagrundag1.py for tasks to queue
[2024-06-26T14:15:02.641+0000] {logging_mixin.py:188} INFO - [2024-06-26T14:15:02.641+0000] {dagbag.py:545} INFO - Filling up the DagBag from /opt/airflow/dags/dagrundag1.py
[2024-06-26T14:15:02.648+0000] {processor.py:840} INFO - DAG(s) 'dagrundag1' retrieved from /opt/airflow/dags/dagrundag1.py
[2024-06-26T14:15:02.661+0000] {logging_mixin.py:188} INFO - [2024-06-26T14:15:02.660+0000] {dag.py:3096} INFO - Sync 1 DAGs
[2024-06-26T14:15:02.667+0000] {logging_mixin.py:188} INFO - [2024-06-26T14:15:02.667+0000] {dag.py:3954} INFO - Setting next_dagrun for dagrundag1 to None, run_after=None
[2024-06-26T14:15:02.676+0000] {processor.py:183} INFO - Processing /opt/airflow/dags/dagrundag1.py took 0.042 seconds
[2024-06-26T14:15:08.473+0000] {processor.py:161} INFO - Started process (PID=542) to work on /opt/airflow/dags/dagrundag1.py
[2024-06-26T14:15:08.474+0000] {processor.py:830} INFO - Processing file /opt/airflow/dags/dagrundag1.py for tasks to queue
[2024-06-26T14:15:08.475+0000] {logging_mixin.py:188} INFO - [2024-06-26T14:15:08.475+0000] {dagbag.py:545} INFO - Filling up the DagBag from /opt/airflow/dags/dagrundag1.py
[2024-06-26T14:15:08.483+0000] {processor.py:840} INFO - DAG(s) 'dagrundag1' retrieved from /opt/airflow/dags/dagrundag1.py
[2024-06-26T14:15:08.494+0000] {logging_mixin.py:188} INFO - [2024-06-26T14:15:08.494+0000] {dag.py:3096} INFO - Sync 1 DAGs
[2024-06-26T14:15:08.501+0000] {logging_mixin.py:188} INFO - [2024-06-26T14:15:08.501+0000] {dag.py:3954} INFO - Setting next_dagrun for dagrundag1 to None, run_after=None
[2024-06-26T14:15:08.510+0000] {processor.py:183} INFO - Processing /opt/airflow/dags/dagrundag1.py took 0.040 seconds
[2024-06-26T14:15:14.268+0000] {processor.py:161} INFO - Started process (PID=569) to work on /opt/airflow/dags/dagrundag1.py
[2024-06-26T14:15:14.269+0000] {processor.py:830} INFO - Processing file /opt/airflow/dags/dagrundag1.py for tasks to queue
[2024-06-26T14:15:14.270+0000] {logging_mixin.py:188} INFO - [2024-06-26T14:15:14.270+0000] {dagbag.py:545} INFO - Filling up the DagBag from /opt/airflow/dags/dagrundag1.py
[2024-06-26T14:15:14.277+0000] {processor.py:840} INFO - DAG(s) 'dagrundag1' retrieved from /opt/airflow/dags/dagrundag1.py
[2024-06-26T14:15:14.289+0000] {logging_mixin.py:188} INFO - [2024-06-26T14:15:14.289+0000] {dag.py:3096} INFO - Sync 1 DAGs
[2024-06-26T14:15:14.298+0000] {logging_mixin.py:188} INFO - [2024-06-26T14:15:14.298+0000] {dag.py:3954} INFO - Setting next_dagrun for dagrundag1 to None, run_after=None
[2024-06-26T14:15:14.309+0000] {processor.py:183} INFO - Processing /opt/airflow/dags/dagrundag1.py took 0.045 seconds
[2024-06-26T14:15:20.084+0000] {processor.py:161} INFO - Started process (PID=602) to work on /opt/airflow/dags/dagrundag1.py
[2024-06-26T14:15:20.085+0000] {processor.py:830} INFO - Processing file /opt/airflow/dags/dagrundag1.py for tasks to queue
[2024-06-26T14:15:20.086+0000] {logging_mixin.py:188} INFO - [2024-06-26T14:15:20.086+0000] {dagbag.py:545} INFO - Filling up the DagBag from /opt/airflow/dags/dagrundag1.py
[2024-06-26T14:15:20.092+0000] {processor.py:840} INFO - DAG(s) 'dagrundag1' retrieved from /opt/airflow/dags/dagrundag1.py
[2024-06-26T14:15:20.104+0000] {logging_mixin.py:188} INFO - [2024-06-26T14:15:20.104+0000] {dag.py:3096} INFO - Sync 1 DAGs
[2024-06-26T14:15:20.110+0000] {logging_mixin.py:188} INFO - [2024-06-26T14:15:20.110+0000] {dag.py:3954} INFO - Setting next_dagrun for dagrundag1 to None, run_after=None
[2024-06-26T14:15:20.119+0000] {processor.py:183} INFO - Processing /opt/airflow/dags/dagrundag1.py took 0.038 seconds
[2024-06-26T14:15:25.889+0000] {processor.py:161} INFO - Started process (PID=629) to work on /opt/airflow/dags/dagrundag1.py
[2024-06-26T14:15:25.890+0000] {processor.py:830} INFO - Processing file /opt/airflow/dags/dagrundag1.py for tasks to queue
[2024-06-26T14:15:25.891+0000] {logging_mixin.py:188} INFO - [2024-06-26T14:15:25.891+0000] {dagbag.py:545} INFO - Filling up the DagBag from /opt/airflow/dags/dagrundag1.py
[2024-06-26T14:15:25.897+0000] {processor.py:840} INFO - DAG(s) 'dagrundag1' retrieved from /opt/airflow/dags/dagrundag1.py
[2024-06-26T14:15:25.908+0000] {logging_mixin.py:188} INFO - [2024-06-26T14:15:25.908+0000] {dag.py:3096} INFO - Sync 1 DAGs
[2024-06-26T14:15:25.915+0000] {logging_mixin.py:188} INFO - [2024-06-26T14:15:25.915+0000] {dag.py:3954} INFO - Setting next_dagrun for dagrundag1 to None, run_after=None
[2024-06-26T14:15:25.925+0000] {processor.py:183} INFO - Processing /opt/airflow/dags/dagrundag1.py took 0.039 seconds
[2024-06-26T14:15:31.715+0000] {processor.py:161} INFO - Started process (PID=656) to work on /opt/airflow/dags/dagrundag1.py
[2024-06-26T14:15:31.715+0000] {processor.py:830} INFO - Processing file /opt/airflow/dags/dagrundag1.py for tasks to queue
[2024-06-26T14:15:31.717+0000] {logging_mixin.py:188} INFO - [2024-06-26T14:15:31.717+0000] {dagbag.py:545} INFO - Filling up the DagBag from /opt/airflow/dags/dagrundag1.py
[2024-06-26T14:15:31.723+0000] {processor.py:840} INFO - DAG(s) 'dagrundag1' retrieved from /opt/airflow/dags/dagrundag1.py
[2024-06-26T14:15:31.734+0000] {logging_mixin.py:188} INFO - [2024-06-26T14:15:31.734+0000] {dag.py:3096} INFO - Sync 1 DAGs
[2024-06-26T14:15:31.740+0000] {logging_mixin.py:188} INFO - [2024-06-26T14:15:31.740+0000] {dag.py:3954} INFO - Setting next_dagrun for dagrundag1 to None, run_after=None
[2024-06-26T14:15:31.750+0000] {processor.py:183} INFO - Processing /opt/airflow/dags/dagrundag1.py took 0.039 seconds
[2024-06-26T14:15:37.528+0000] {processor.py:161} INFO - Started process (PID=683) to work on /opt/airflow/dags/dagrundag1.py
[2024-06-26T14:15:37.528+0000] {processor.py:830} INFO - Processing file /opt/airflow/dags/dagrundag1.py for tasks to queue
[2024-06-26T14:15:37.529+0000] {logging_mixin.py:188} INFO - [2024-06-26T14:15:37.529+0000] {dagbag.py:545} INFO - Filling up the DagBag from /opt/airflow/dags/dagrundag1.py
[2024-06-26T14:15:37.535+0000] {processor.py:840} INFO - DAG(s) 'dagrundag1' retrieved from /opt/airflow/dags/dagrundag1.py
[2024-06-26T14:15:37.548+0000] {logging_mixin.py:188} INFO - [2024-06-26T14:15:37.548+0000] {dag.py:3096} INFO - Sync 1 DAGs
[2024-06-26T14:15:37.555+0000] {logging_mixin.py:188} INFO - [2024-06-26T14:15:37.555+0000] {dag.py:3954} INFO - Setting next_dagrun for dagrundag1 to None, run_after=None
[2024-06-26T14:15:37.564+0000] {processor.py:183} INFO - Processing /opt/airflow/dags/dagrundag1.py took 0.040 seconds
[2024-06-26T14:15:43.381+0000] {processor.py:161} INFO - Started process (PID=710) to work on /opt/airflow/dags/dagrundag1.py
[2024-06-26T14:15:43.382+0000] {processor.py:830} INFO - Processing file /opt/airflow/dags/dagrundag1.py for tasks to queue
[2024-06-26T14:15:43.383+0000] {logging_mixin.py:188} INFO - [2024-06-26T14:15:43.382+0000] {dagbag.py:545} INFO - Filling up the DagBag from /opt/airflow/dags/dagrundag1.py
[2024-06-26T14:15:43.388+0000] {processor.py:840} INFO - DAG(s) 'dagrundag1' retrieved from /opt/airflow/dags/dagrundag1.py
[2024-06-26T14:15:43.400+0000] {logging_mixin.py:188} INFO - [2024-06-26T14:15:43.400+0000] {dag.py:3096} INFO - Sync 1 DAGs
[2024-06-26T14:15:43.406+0000] {logging_mixin.py:188} INFO - [2024-06-26T14:15:43.406+0000] {dag.py:3954} INFO - Setting next_dagrun for dagrundag1 to None, run_after=None
[2024-06-26T14:15:43.416+0000] {processor.py:183} INFO - Processing /opt/airflow/dags/dagrundag1.py took 0.038 seconds
[2024-06-26T14:15:49.174+0000] {processor.py:161} INFO - Started process (PID=743) to work on /opt/airflow/dags/dagrundag1.py
[2024-06-26T14:15:49.175+0000] {processor.py:830} INFO - Processing file /opt/airflow/dags/dagrundag1.py for tasks to queue
[2024-06-26T14:15:49.176+0000] {logging_mixin.py:188} INFO - [2024-06-26T14:15:49.176+0000] {dagbag.py:545} INFO - Filling up the DagBag from /opt/airflow/dags/dagrundag1.py
[2024-06-26T14:15:49.182+0000] {processor.py:840} INFO - DAG(s) 'dagrundag1' retrieved from /opt/airflow/dags/dagrundag1.py
[2024-06-26T14:15:49.193+0000] {logging_mixin.py:188} INFO - [2024-06-26T14:15:49.193+0000] {dag.py:3096} INFO - Sync 1 DAGs
[2024-06-26T14:15:49.200+0000] {logging_mixin.py:188} INFO - [2024-06-26T14:15:49.200+0000] {dag.py:3954} INFO - Setting next_dagrun for dagrundag1 to None, run_after=None
[2024-06-26T14:15:49.209+0000] {processor.py:183} INFO - Processing /opt/airflow/dags/dagrundag1.py took 0.038 seconds
[2024-06-26T14:15:54.993+0000] {processor.py:161} INFO - Started process (PID=770) to work on /opt/airflow/dags/dagrundag1.py
[2024-06-26T14:15:54.994+0000] {processor.py:830} INFO - Processing file /opt/airflow/dags/dagrundag1.py for tasks to queue
[2024-06-26T14:15:54.995+0000] {logging_mixin.py:188} INFO - [2024-06-26T14:15:54.995+0000] {dagbag.py:545} INFO - Filling up the DagBag from /opt/airflow/dags/dagrundag1.py
[2024-06-26T14:15:55.001+0000] {processor.py:840} INFO - DAG(s) 'dagrundag1' retrieved from /opt/airflow/dags/dagrundag1.py
[2024-06-26T14:15:55.014+0000] {logging_mixin.py:188} INFO - [2024-06-26T14:15:55.014+0000] {dag.py:3096} INFO - Sync 1 DAGs
[2024-06-26T14:15:55.021+0000] {logging_mixin.py:188} INFO - [2024-06-26T14:15:55.021+0000] {dag.py:3954} INFO - Setting next_dagrun for dagrundag1 to None, run_after=None
[2024-06-26T14:15:55.031+0000] {processor.py:183} INFO - Processing /opt/airflow/dags/dagrundag1.py took 0.041 seconds
[2024-06-26T14:16:00.869+0000] {processor.py:161} INFO - Started process (PID=797) to work on /opt/airflow/dags/dagrundag1.py
[2024-06-26T14:16:00.870+0000] {processor.py:830} INFO - Processing file /opt/airflow/dags/dagrundag1.py for tasks to queue
[2024-06-26T14:16:00.871+0000] {logging_mixin.py:188} INFO - [2024-06-26T14:16:00.871+0000] {dagbag.py:545} INFO - Filling up the DagBag from /opt/airflow/dags/dagrundag1.py
[2024-06-26T14:16:00.877+0000] {processor.py:840} INFO - DAG(s) 'dagrundag1' retrieved from /opt/airflow/dags/dagrundag1.py
[2024-06-26T14:16:00.887+0000] {logging_mixin.py:188} INFO - [2024-06-26T14:16:00.887+0000] {dag.py:3096} INFO - Sync 1 DAGs
[2024-06-26T14:16:00.894+0000] {logging_mixin.py:188} INFO - [2024-06-26T14:16:00.894+0000] {dag.py:3954} INFO - Setting next_dagrun for dagrundag1 to None, run_after=None
[2024-06-26T14:16:00.904+0000] {processor.py:183} INFO - Processing /opt/airflow/dags/dagrundag1.py took 0.037 seconds
[2024-06-26T14:16:06.654+0000] {processor.py:161} INFO - Started process (PID=824) to work on /opt/airflow/dags/dagrundag1.py
[2024-06-26T14:16:06.654+0000] {processor.py:830} INFO - Processing file /opt/airflow/dags/dagrundag1.py for tasks to queue
[2024-06-26T14:16:06.655+0000] {logging_mixin.py:188} INFO - [2024-06-26T14:16:06.655+0000] {dagbag.py:545} INFO - Filling up the DagBag from /opt/airflow/dags/dagrundag1.py
[2024-06-26T14:16:06.661+0000] {processor.py:840} INFO - DAG(s) 'dagrundag1' retrieved from /opt/airflow/dags/dagrundag1.py
[2024-06-26T14:16:06.672+0000] {logging_mixin.py:188} INFO - [2024-06-26T14:16:06.672+0000] {dag.py:3096} INFO - Sync 1 DAGs
[2024-06-26T14:16:06.678+0000] {logging_mixin.py:188} INFO - [2024-06-26T14:16:06.678+0000] {dag.py:3954} INFO - Setting next_dagrun for dagrundag1 to None, run_after=None
[2024-06-26T14:16:06.688+0000] {processor.py:183} INFO - Processing /opt/airflow/dags/dagrundag1.py took 0.037 seconds
[2024-06-26T14:16:12.409+0000] {processor.py:161} INFO - Started process (PID=851) to work on /opt/airflow/dags/dagrundag1.py
[2024-06-26T14:16:12.410+0000] {processor.py:830} INFO - Processing file /opt/airflow/dags/dagrundag1.py for tasks to queue
[2024-06-26T14:16:12.411+0000] {logging_mixin.py:188} INFO - [2024-06-26T14:16:12.411+0000] {dagbag.py:545} INFO - Filling up the DagBag from /opt/airflow/dags/dagrundag1.py
[2024-06-26T14:16:12.417+0000] {processor.py:840} INFO - DAG(s) 'dagrundag1' retrieved from /opt/airflow/dags/dagrundag1.py
[2024-06-26T14:16:12.428+0000] {logging_mixin.py:188} INFO - [2024-06-26T14:16:12.428+0000] {dag.py:3096} INFO - Sync 1 DAGs
[2024-06-26T14:16:12.435+0000] {logging_mixin.py:188} INFO - [2024-06-26T14:16:12.434+0000] {dag.py:3954} INFO - Setting next_dagrun for dagrundag1 to None, run_after=None
[2024-06-26T14:16:12.445+0000] {processor.py:183} INFO - Processing /opt/airflow/dags/dagrundag1.py took 0.039 seconds
[2024-06-26T14:16:18.297+0000] {processor.py:161} INFO - Started process (PID=884) to work on /opt/airflow/dags/dagrundag1.py
[2024-06-26T14:16:18.298+0000] {processor.py:830} INFO - Processing file /opt/airflow/dags/dagrundag1.py for tasks to queue
[2024-06-26T14:16:18.299+0000] {logging_mixin.py:188} INFO - [2024-06-26T14:16:18.299+0000] {dagbag.py:545} INFO - Filling up the DagBag from /opt/airflow/dags/dagrundag1.py
[2024-06-26T14:16:18.305+0000] {processor.py:840} INFO - DAG(s) 'dagrundag1' retrieved from /opt/airflow/dags/dagrundag1.py
[2024-06-26T14:16:18.317+0000] {logging_mixin.py:188} INFO - [2024-06-26T14:16:18.317+0000] {dag.py:3096} INFO - Sync 1 DAGs
[2024-06-26T14:16:18.324+0000] {logging_mixin.py:188} INFO - [2024-06-26T14:16:18.324+0000] {dag.py:3954} INFO - Setting next_dagrun for dagrundag1 to None, run_after=None
[2024-06-26T14:16:18.334+0000] {processor.py:183} INFO - Processing /opt/airflow/dags/dagrundag1.py took 0.039 seconds
[2024-06-26T14:16:24.032+0000] {processor.py:161} INFO - Started process (PID=911) to work on /opt/airflow/dags/dagrundag1.py
[2024-06-26T14:16:24.033+0000] {processor.py:830} INFO - Processing file /opt/airflow/dags/dagrundag1.py for tasks to queue
[2024-06-26T14:16:24.034+0000] {logging_mixin.py:188} INFO - [2024-06-26T14:16:24.034+0000] {dagbag.py:545} INFO - Filling up the DagBag from /opt/airflow/dags/dagrundag1.py
[2024-06-26T14:16:24.040+0000] {processor.py:840} INFO - DAG(s) 'dagrundag1' retrieved from /opt/airflow/dags/dagrundag1.py
[2024-06-26T14:16:24.051+0000] {logging_mixin.py:188} INFO - [2024-06-26T14:16:24.051+0000] {dag.py:3096} INFO - Sync 1 DAGs
[2024-06-26T14:16:24.058+0000] {logging_mixin.py:188} INFO - [2024-06-26T14:16:24.057+0000] {dag.py:3954} INFO - Setting next_dagrun for dagrundag1 to None, run_after=None
[2024-06-26T14:16:24.067+0000] {processor.py:183} INFO - Processing /opt/airflow/dags/dagrundag1.py took 0.039 seconds
[2024-06-26T14:16:29.862+0000] {processor.py:161} INFO - Started process (PID=938) to work on /opt/airflow/dags/dagrundag1.py
[2024-06-26T14:16:29.863+0000] {processor.py:830} INFO - Processing file /opt/airflow/dags/dagrundag1.py for tasks to queue
[2024-06-26T14:16:29.863+0000] {logging_mixin.py:188} INFO - [2024-06-26T14:16:29.863+0000] {dagbag.py:545} INFO - Filling up the DagBag from /opt/airflow/dags/dagrundag1.py
[2024-06-26T14:16:29.870+0000] {processor.py:840} INFO - DAG(s) 'dagrundag1' retrieved from /opt/airflow/dags/dagrundag1.py
[2024-06-26T14:16:29.881+0000] {logging_mixin.py:188} INFO - [2024-06-26T14:16:29.880+0000] {dag.py:3096} INFO - Sync 1 DAGs
[2024-06-26T14:16:29.888+0000] {logging_mixin.py:188} INFO - [2024-06-26T14:16:29.888+0000] {dag.py:3954} INFO - Setting next_dagrun for dagrundag1 to None, run_after=None
[2024-06-26T14:16:29.899+0000] {processor.py:183} INFO - Processing /opt/airflow/dags/dagrundag1.py took 0.040 seconds
[2024-06-26T14:16:35.676+0000] {processor.py:161} INFO - Started process (PID=965) to work on /opt/airflow/dags/dagrundag1.py
[2024-06-26T14:16:35.676+0000] {processor.py:830} INFO - Processing file /opt/airflow/dags/dagrundag1.py for tasks to queue
[2024-06-26T14:16:35.678+0000] {logging_mixin.py:188} INFO - [2024-06-26T14:16:35.678+0000] {dagbag.py:545} INFO - Filling up the DagBag from /opt/airflow/dags/dagrundag1.py
[2024-06-26T14:16:35.684+0000] {processor.py:840} INFO - DAG(s) 'dagrundag1' retrieved from /opt/airflow/dags/dagrundag1.py
[2024-06-26T14:16:35.695+0000] {logging_mixin.py:188} INFO - [2024-06-26T14:16:35.695+0000] {dag.py:3096} INFO - Sync 1 DAGs
[2024-06-26T14:16:35.702+0000] {logging_mixin.py:188} INFO - [2024-06-26T14:16:35.702+0000] {dag.py:3954} INFO - Setting next_dagrun for dagrundag1 to None, run_after=None
[2024-06-26T14:16:35.711+0000] {processor.py:183} INFO - Processing /opt/airflow/dags/dagrundag1.py took 0.039 seconds
[2024-06-26T14:16:41.415+0000] {processor.py:161} INFO - Started process (PID=992) to work on /opt/airflow/dags/dagrundag1.py
[2024-06-26T14:16:41.415+0000] {processor.py:830} INFO - Processing file /opt/airflow/dags/dagrundag1.py for tasks to queue
[2024-06-26T14:16:41.417+0000] {logging_mixin.py:188} INFO - [2024-06-26T14:16:41.417+0000] {dagbag.py:545} INFO - Filling up the DagBag from /opt/airflow/dags/dagrundag1.py
[2024-06-26T14:16:41.424+0000] {processor.py:840} INFO - DAG(s) 'dagrundag1' retrieved from /opt/airflow/dags/dagrundag1.py
[2024-06-26T14:16:41.435+0000] {logging_mixin.py:188} INFO - [2024-06-26T14:16:41.435+0000] {dag.py:3096} INFO - Sync 1 DAGs
[2024-06-26T14:16:41.442+0000] {logging_mixin.py:188} INFO - [2024-06-26T14:16:41.441+0000] {dag.py:3954} INFO - Setting next_dagrun for dagrundag1 to None, run_after=None
[2024-06-26T14:16:41.451+0000] {processor.py:183} INFO - Processing /opt/airflow/dags/dagrundag1.py took 0.040 seconds
[2024-06-26T14:16:47.286+0000] {processor.py:161} INFO - Started process (PID=1019) to work on /opt/airflow/dags/dagrundag1.py
[2024-06-26T14:16:47.287+0000] {processor.py:830} INFO - Processing file /opt/airflow/dags/dagrundag1.py for tasks to queue
[2024-06-26T14:16:47.288+0000] {logging_mixin.py:188} INFO - [2024-06-26T14:16:47.288+0000] {dagbag.py:545} INFO - Filling up the DagBag from /opt/airflow/dags/dagrundag1.py
[2024-06-26T14:16:47.294+0000] {processor.py:840} INFO - DAG(s) 'dagrundag1' retrieved from /opt/airflow/dags/dagrundag1.py
[2024-06-26T14:16:47.309+0000] {logging_mixin.py:188} INFO - [2024-06-26T14:16:47.309+0000] {dag.py:3096} INFO - Sync 1 DAGs
[2024-06-26T14:16:47.316+0000] {logging_mixin.py:188} INFO - [2024-06-26T14:16:47.316+0000] {dag.py:3954} INFO - Setting next_dagrun for dagrundag1 to None, run_after=None
[2024-06-26T14:16:47.327+0000] {processor.py:183} INFO - Processing /opt/airflow/dags/dagrundag1.py took 0.043 seconds
[2024-06-26T14:16:53.061+0000] {processor.py:161} INFO - Started process (PID=1052) to work on /opt/airflow/dags/dagrundag1.py
[2024-06-26T14:16:53.061+0000] {processor.py:830} INFO - Processing file /opt/airflow/dags/dagrundag1.py for tasks to queue
[2024-06-26T14:16:53.062+0000] {logging_mixin.py:188} INFO - [2024-06-26T14:16:53.062+0000] {dagbag.py:545} INFO - Filling up the DagBag from /opt/airflow/dags/dagrundag1.py
[2024-06-26T14:16:53.068+0000] {processor.py:840} INFO - DAG(s) 'dagrundag1' retrieved from /opt/airflow/dags/dagrundag1.py
[2024-06-26T14:16:53.078+0000] {logging_mixin.py:188} INFO - [2024-06-26T14:16:53.078+0000] {dag.py:3096} INFO - Sync 1 DAGs
[2024-06-26T14:16:53.084+0000] {logging_mixin.py:188} INFO - [2024-06-26T14:16:53.084+0000] {dag.py:3954} INFO - Setting next_dagrun for dagrundag1 to None, run_after=None
[2024-06-26T14:16:53.093+0000] {processor.py:183} INFO - Processing /opt/airflow/dags/dagrundag1.py took 0.035 seconds
[2024-06-26T14:16:58.903+0000] {processor.py:161} INFO - Started process (PID=1079) to work on /opt/airflow/dags/dagrundag1.py
[2024-06-26T14:16:58.904+0000] {processor.py:830} INFO - Processing file /opt/airflow/dags/dagrundag1.py for tasks to queue
[2024-06-26T14:16:58.905+0000] {logging_mixin.py:188} INFO - [2024-06-26T14:16:58.904+0000] {dagbag.py:545} INFO - Filling up the DagBag from /opt/airflow/dags/dagrundag1.py
[2024-06-26T14:16:58.910+0000] {processor.py:840} INFO - DAG(s) 'dagrundag1' retrieved from /opt/airflow/dags/dagrundag1.py
[2024-06-26T14:16:58.921+0000] {logging_mixin.py:188} INFO - [2024-06-26T14:16:58.921+0000] {dag.py:3096} INFO - Sync 1 DAGs
[2024-06-26T14:16:58.928+0000] {logging_mixin.py:188} INFO - [2024-06-26T14:16:58.927+0000] {dag.py:3954} INFO - Setting next_dagrun for dagrundag1 to None, run_after=None
[2024-06-26T14:16:58.937+0000] {processor.py:183} INFO - Processing /opt/airflow/dags/dagrundag1.py took 0.037 seconds
[2024-06-26T14:17:04.689+0000] {processor.py:161} INFO - Started process (PID=1106) to work on /opt/airflow/dags/dagrundag1.py
[2024-06-26T14:17:04.689+0000] {processor.py:830} INFO - Processing file /opt/airflow/dags/dagrundag1.py for tasks to queue
[2024-06-26T14:17:04.690+0000] {logging_mixin.py:188} INFO - [2024-06-26T14:17:04.690+0000] {dagbag.py:545} INFO - Filling up the DagBag from /opt/airflow/dags/dagrundag1.py
[2024-06-26T14:17:04.696+0000] {processor.py:840} INFO - DAG(s) 'dagrundag1' retrieved from /opt/airflow/dags/dagrundag1.py
[2024-06-26T14:17:04.706+0000] {logging_mixin.py:188} INFO - [2024-06-26T14:17:04.706+0000] {dag.py:3096} INFO - Sync 1 DAGs
[2024-06-26T14:17:04.712+0000] {logging_mixin.py:188} INFO - [2024-06-26T14:17:04.712+0000] {dag.py:3954} INFO - Setting next_dagrun for dagrundag1 to None, run_after=None
[2024-06-26T14:17:04.721+0000] {processor.py:183} INFO - Processing /opt/airflow/dags/dagrundag1.py took 0.036 seconds
[2024-06-26T14:17:10.452+0000] {processor.py:161} INFO - Started process (PID=1133) to work on /opt/airflow/dags/dagrundag1.py
[2024-06-26T14:17:10.452+0000] {processor.py:830} INFO - Processing file /opt/airflow/dags/dagrundag1.py for tasks to queue
[2024-06-26T14:17:10.453+0000] {logging_mixin.py:188} INFO - [2024-06-26T14:17:10.453+0000] {dagbag.py:545} INFO - Filling up the DagBag from /opt/airflow/dags/dagrundag1.py
[2024-06-26T14:17:10.459+0000] {processor.py:840} INFO - DAG(s) 'dagrundag1' retrieved from /opt/airflow/dags/dagrundag1.py
[2024-06-26T14:17:10.470+0000] {logging_mixin.py:188} INFO - [2024-06-26T14:17:10.470+0000] {dag.py:3096} INFO - Sync 1 DAGs
[2024-06-26T14:17:10.477+0000] {logging_mixin.py:188} INFO - [2024-06-26T14:17:10.476+0000] {dag.py:3954} INFO - Setting next_dagrun for dagrundag1 to None, run_after=None
[2024-06-26T14:17:10.486+0000] {processor.py:183} INFO - Processing /opt/airflow/dags/dagrundag1.py took 0.037 seconds
[2024-06-26T14:17:16.248+0000] {processor.py:161} INFO - Started process (PID=1160) to work on /opt/airflow/dags/dagrundag1.py
[2024-06-26T14:17:16.249+0000] {processor.py:830} INFO - Processing file /opt/airflow/dags/dagrundag1.py for tasks to queue
[2024-06-26T14:17:16.250+0000] {logging_mixin.py:188} INFO - [2024-06-26T14:17:16.250+0000] {dagbag.py:545} INFO - Filling up the DagBag from /opt/airflow/dags/dagrundag1.py
[2024-06-26T14:17:16.255+0000] {processor.py:840} INFO - DAG(s) 'dagrundag1' retrieved from /opt/airflow/dags/dagrundag1.py
[2024-06-26T14:17:16.269+0000] {logging_mixin.py:188} INFO - [2024-06-26T14:17:16.269+0000] {dag.py:3096} INFO - Sync 1 DAGs
[2024-06-26T14:17:16.277+0000] {logging_mixin.py:188} INFO - [2024-06-26T14:17:16.277+0000] {dag.py:3954} INFO - Setting next_dagrun for dagrundag1 to None, run_after=None
[2024-06-26T14:17:16.286+0000] {processor.py:183} INFO - Processing /opt/airflow/dags/dagrundag1.py took 0.040 seconds
[2024-06-26T14:17:22.024+0000] {processor.py:161} INFO - Started process (PID=1193) to work on /opt/airflow/dags/dagrundag1.py
[2024-06-26T14:17:22.025+0000] {processor.py:830} INFO - Processing file /opt/airflow/dags/dagrundag1.py for tasks to queue
[2024-06-26T14:17:22.026+0000] {logging_mixin.py:188} INFO - [2024-06-26T14:17:22.026+0000] {dagbag.py:545} INFO - Filling up the DagBag from /opt/airflow/dags/dagrundag1.py
[2024-06-26T14:17:22.031+0000] {processor.py:840} INFO - DAG(s) 'dagrundag1' retrieved from /opt/airflow/dags/dagrundag1.py
[2024-06-26T14:17:22.042+0000] {logging_mixin.py:188} INFO - [2024-06-26T14:17:22.042+0000] {dag.py:3096} INFO - Sync 1 DAGs
[2024-06-26T14:17:22.048+0000] {logging_mixin.py:188} INFO - [2024-06-26T14:17:22.048+0000] {dag.py:3954} INFO - Setting next_dagrun for dagrundag1 to None, run_after=None
[2024-06-26T14:17:22.058+0000] {processor.py:183} INFO - Processing /opt/airflow/dags/dagrundag1.py took 0.036 seconds
[2024-06-26T14:17:27.756+0000] {processor.py:161} INFO - Started process (PID=1220) to work on /opt/airflow/dags/dagrundag1.py
[2024-06-26T14:17:27.756+0000] {processor.py:830} INFO - Processing file /opt/airflow/dags/dagrundag1.py for tasks to queue
[2024-06-26T14:17:27.757+0000] {logging_mixin.py:188} INFO - [2024-06-26T14:17:27.757+0000] {dagbag.py:545} INFO - Filling up the DagBag from /opt/airflow/dags/dagrundag1.py
[2024-06-26T14:17:27.763+0000] {processor.py:840} INFO - DAG(s) 'dagrundag1' retrieved from /opt/airflow/dags/dagrundag1.py
[2024-06-26T14:17:27.773+0000] {logging_mixin.py:188} INFO - [2024-06-26T14:17:27.773+0000] {dag.py:3096} INFO - Sync 1 DAGs
[2024-06-26T14:17:27.780+0000] {logging_mixin.py:188} INFO - [2024-06-26T14:17:27.779+0000] {dag.py:3954} INFO - Setting next_dagrun for dagrundag1 to None, run_after=None
[2024-06-26T14:17:27.788+0000] {processor.py:183} INFO - Processing /opt/airflow/dags/dagrundag1.py took 0.036 seconds
[2024-06-26T14:17:33.480+0000] {processor.py:161} INFO - Started process (PID=1247) to work on /opt/airflow/dags/dagrundag1.py
[2024-06-26T14:17:33.480+0000] {processor.py:830} INFO - Processing file /opt/airflow/dags/dagrundag1.py for tasks to queue
[2024-06-26T14:17:33.482+0000] {logging_mixin.py:188} INFO - [2024-06-26T14:17:33.481+0000] {dagbag.py:545} INFO - Filling up the DagBag from /opt/airflow/dags/dagrundag1.py
[2024-06-26T14:17:33.487+0000] {processor.py:840} INFO - DAG(s) 'dagrundag1' retrieved from /opt/airflow/dags/dagrundag1.py
[2024-06-26T14:17:33.497+0000] {logging_mixin.py:188} INFO - [2024-06-26T14:17:33.497+0000] {dag.py:3096} INFO - Sync 1 DAGs
[2024-06-26T14:17:33.503+0000] {logging_mixin.py:188} INFO - [2024-06-26T14:17:33.503+0000] {dag.py:3954} INFO - Setting next_dagrun for dagrundag1 to None, run_after=None
[2024-06-26T14:17:33.512+0000] {processor.py:183} INFO - Processing /opt/airflow/dags/dagrundag1.py took 0.035 seconds
[2024-06-26T14:17:39.268+0000] {processor.py:161} INFO - Started process (PID=1274) to work on /opt/airflow/dags/dagrundag1.py
[2024-06-26T14:17:39.269+0000] {processor.py:830} INFO - Processing file /opt/airflow/dags/dagrundag1.py for tasks to queue
[2024-06-26T14:17:39.270+0000] {logging_mixin.py:188} INFO - [2024-06-26T14:17:39.270+0000] {dagbag.py:545} INFO - Filling up the DagBag from /opt/airflow/dags/dagrundag1.py
[2024-06-26T14:17:39.276+0000] {processor.py:840} INFO - DAG(s) 'dagrundag1' retrieved from /opt/airflow/dags/dagrundag1.py
[2024-06-26T14:17:39.287+0000] {logging_mixin.py:188} INFO - [2024-06-26T14:17:39.286+0000] {dag.py:3096} INFO - Sync 1 DAGs
[2024-06-26T14:17:39.293+0000] {logging_mixin.py:188} INFO - [2024-06-26T14:17:39.293+0000] {dag.py:3954} INFO - Setting next_dagrun for dagrundag1 to None, run_after=None
[2024-06-26T14:17:39.303+0000] {processor.py:183} INFO - Processing /opt/airflow/dags/dagrundag1.py took 0.037 seconds
[2024-06-26T14:17:44.987+0000] {processor.py:161} INFO - Started process (PID=1301) to work on /opt/airflow/dags/dagrundag1.py
[2024-06-26T14:17:44.987+0000] {processor.py:830} INFO - Processing file /opt/airflow/dags/dagrundag1.py for tasks to queue
[2024-06-26T14:17:44.988+0000] {logging_mixin.py:188} INFO - [2024-06-26T14:17:44.988+0000] {dagbag.py:545} INFO - Filling up the DagBag from /opt/airflow/dags/dagrundag1.py
[2024-06-26T14:17:44.994+0000] {processor.py:840} INFO - DAG(s) 'dagrundag1' retrieved from /opt/airflow/dags/dagrundag1.py
[2024-06-26T14:17:45.005+0000] {logging_mixin.py:188} INFO - [2024-06-26T14:17:45.005+0000] {dag.py:3096} INFO - Sync 1 DAGs
[2024-06-26T14:17:45.012+0000] {logging_mixin.py:188} INFO - [2024-06-26T14:17:45.011+0000] {dag.py:3954} INFO - Setting next_dagrun for dagrundag1 to None, run_after=None
[2024-06-26T14:17:45.020+0000] {processor.py:183} INFO - Processing /opt/airflow/dags/dagrundag1.py took 0.037 seconds
[2024-06-26T14:17:50.818+0000] {processor.py:161} INFO - Started process (PID=1334) to work on /opt/airflow/dags/dagrundag1.py
[2024-06-26T14:17:50.819+0000] {processor.py:830} INFO - Processing file /opt/airflow/dags/dagrundag1.py for tasks to queue
[2024-06-26T14:17:50.820+0000] {logging_mixin.py:188} INFO - [2024-06-26T14:17:50.820+0000] {dagbag.py:545} INFO - Filling up the DagBag from /opt/airflow/dags/dagrundag1.py
[2024-06-26T14:17:50.825+0000] {processor.py:840} INFO - DAG(s) 'dagrundag1' retrieved from /opt/airflow/dags/dagrundag1.py
[2024-06-26T14:17:50.836+0000] {logging_mixin.py:188} INFO - [2024-06-26T14:17:50.836+0000] {dag.py:3096} INFO - Sync 1 DAGs
[2024-06-26T14:17:50.842+0000] {logging_mixin.py:188} INFO - [2024-06-26T14:17:50.842+0000] {dag.py:3954} INFO - Setting next_dagrun for dagrundag1 to None, run_after=None
[2024-06-26T14:17:50.851+0000] {processor.py:183} INFO - Processing /opt/airflow/dags/dagrundag1.py took 0.036 seconds
[2024-06-26T14:17:56.547+0000] {processor.py:161} INFO - Started process (PID=1361) to work on /opt/airflow/dags/dagrundag1.py
[2024-06-26T14:17:56.547+0000] {processor.py:830} INFO - Processing file /opt/airflow/dags/dagrundag1.py for tasks to queue
[2024-06-26T14:17:56.548+0000] {logging_mixin.py:188} INFO - [2024-06-26T14:17:56.548+0000] {dagbag.py:545} INFO - Filling up the DagBag from /opt/airflow/dags/dagrundag1.py
[2024-06-26T14:17:56.554+0000] {processor.py:840} INFO - DAG(s) 'dagrundag1' retrieved from /opt/airflow/dags/dagrundag1.py
[2024-06-26T14:17:56.564+0000] {logging_mixin.py:188} INFO - [2024-06-26T14:17:56.563+0000] {dag.py:3096} INFO - Sync 1 DAGs
[2024-06-26T14:17:56.570+0000] {logging_mixin.py:188} INFO - [2024-06-26T14:17:56.570+0000] {dag.py:3954} INFO - Setting next_dagrun for dagrundag1 to None, run_after=None
[2024-06-26T14:17:56.579+0000] {processor.py:183} INFO - Processing /opt/airflow/dags/dagrundag1.py took 0.035 seconds
[2024-06-26T14:18:02.282+0000] {processor.py:161} INFO - Started process (PID=1388) to work on /opt/airflow/dags/dagrundag1.py
[2024-06-26T14:18:02.282+0000] {processor.py:830} INFO - Processing file /opt/airflow/dags/dagrundag1.py for tasks to queue
[2024-06-26T14:18:02.283+0000] {logging_mixin.py:188} INFO - [2024-06-26T14:18:02.283+0000] {dagbag.py:545} INFO - Filling up the DagBag from /opt/airflow/dags/dagrundag1.py
[2024-06-26T14:18:02.289+0000] {processor.py:840} INFO - DAG(s) 'dagrundag1' retrieved from /opt/airflow/dags/dagrundag1.py
[2024-06-26T14:18:02.300+0000] {logging_mixin.py:188} INFO - [2024-06-26T14:18:02.300+0000] {dag.py:3096} INFO - Sync 1 DAGs
[2024-06-26T14:18:02.307+0000] {logging_mixin.py:188} INFO - [2024-06-26T14:18:02.307+0000] {dag.py:3954} INFO - Setting next_dagrun for dagrundag1 to None, run_after=None
[2024-06-26T14:18:02.317+0000] {processor.py:183} INFO - Processing /opt/airflow/dags/dagrundag1.py took 0.039 seconds
