[2024-06-26T14:13:28.864+0000] {processor.py:161} INFO - Started process (PID=40) to work on /opt/airflow/dags/databse.py
[2024-06-26T14:13:28.864+0000] {processor.py:830} INFO - Processing file /opt/airflow/dags/databse.py for tasks to queue
[2024-06-26T14:13:28.865+0000] {logging_mixin.py:188} INFO - [2024-06-26T14:13:28.865+0000] {dagbag.py:545} INFO - Filling up the DagBag from /opt/airflow/dags/databse.py
[2024-06-26T14:13:28.873+0000] {processor.py:840} INFO - DAG(s) 'database' retrieved from /opt/airflow/dags/databse.py
[2024-06-26T14:13:28.931+0000] {logging_mixin.py:188} INFO - [2024-06-26T14:13:28.931+0000] {dag.py:3096} INFO - Sync 1 DAGs
[2024-06-26T14:13:28.936+0000] {logging_mixin.py:188} INFO - [2024-06-26T14:13:28.936+0000] {dag.py:3954} INFO - Setting next_dagrun for database to None, run_after=None
[2024-06-26T14:13:28.946+0000] {processor.py:183} INFO - Processing /opt/airflow/dags/databse.py took 0.085 seconds
[2024-06-26T14:13:34.226+0000] {processor.py:161} INFO - Started process (PID=67) to work on /opt/airflow/dags/databse.py
[2024-06-26T14:13:34.226+0000] {processor.py:830} INFO - Processing file /opt/airflow/dags/databse.py for tasks to queue
[2024-06-26T14:13:34.227+0000] {logging_mixin.py:188} INFO - [2024-06-26T14:13:34.227+0000] {dagbag.py:545} INFO - Filling up the DagBag from /opt/airflow/dags/databse.py
[2024-06-26T14:13:34.235+0000] {processor.py:840} INFO - DAG(s) 'database' retrieved from /opt/airflow/dags/databse.py
[2024-06-26T14:13:34.241+0000] {logging_mixin.py:188} INFO - [2024-06-26T14:13:34.240+0000] {dag.py:3096} INFO - Sync 1 DAGs
[2024-06-26T14:13:34.248+0000] {logging_mixin.py:188} INFO - [2024-06-26T14:13:34.247+0000] {dag.py:3954} INFO - Setting next_dagrun for database to None, run_after=None
[2024-06-26T14:13:34.257+0000] {processor.py:183} INFO - Processing /opt/airflow/dags/databse.py took 0.034 seconds
[2024-06-26T14:13:39.799+0000] {processor.py:161} INFO - Started process (PID=94) to work on /opt/airflow/dags/databse.py
[2024-06-26T14:13:39.800+0000] {processor.py:830} INFO - Processing file /opt/airflow/dags/databse.py for tasks to queue
[2024-06-26T14:13:39.801+0000] {logging_mixin.py:188} INFO - [2024-06-26T14:13:39.800+0000] {dagbag.py:545} INFO - Filling up the DagBag from /opt/airflow/dags/databse.py
[2024-06-26T14:13:39.807+0000] {processor.py:840} INFO - DAG(s) 'database' retrieved from /opt/airflow/dags/databse.py
[2024-06-26T14:13:39.813+0000] {logging_mixin.py:188} INFO - [2024-06-26T14:13:39.812+0000] {dag.py:3096} INFO - Sync 1 DAGs
[2024-06-26T14:13:39.819+0000] {logging_mixin.py:188} INFO - [2024-06-26T14:13:39.819+0000] {dag.py:3954} INFO - Setting next_dagrun for database to None, run_after=None
[2024-06-26T14:13:39.829+0000] {processor.py:183} INFO - Processing /opt/airflow/dags/databse.py took 0.033 seconds
[2024-06-26T14:13:44.887+0000] {processor.py:161} INFO - Started process (PID=121) to work on /opt/airflow/dags/databse.py
[2024-06-26T14:13:44.887+0000] {processor.py:830} INFO - Processing file /opt/airflow/dags/databse.py for tasks to queue
[2024-06-26T14:13:44.888+0000] {logging_mixin.py:188} INFO - [2024-06-26T14:13:44.888+0000] {dagbag.py:545} INFO - Filling up the DagBag from /opt/airflow/dags/databse.py
[2024-06-26T14:13:44.895+0000] {processor.py:840} INFO - DAG(s) 'database' retrieved from /opt/airflow/dags/databse.py
[2024-06-26T14:13:44.900+0000] {logging_mixin.py:188} INFO - [2024-06-26T14:13:44.900+0000] {dag.py:3096} INFO - Sync 1 DAGs
[2024-06-26T14:13:44.907+0000] {logging_mixin.py:188} INFO - [2024-06-26T14:13:44.907+0000] {dag.py:3954} INFO - Setting next_dagrun for database to None, run_after=None
[2024-06-26T14:13:44.917+0000] {processor.py:183} INFO - Processing /opt/airflow/dags/databse.py took 0.033 seconds
[2024-06-26T14:13:50.581+0000] {processor.py:161} INFO - Started process (PID=154) to work on /opt/airflow/dags/databse.py
[2024-06-26T14:13:50.582+0000] {processor.py:830} INFO - Processing file /opt/airflow/dags/databse.py for tasks to queue
[2024-06-26T14:13:50.583+0000] {logging_mixin.py:188} INFO - [2024-06-26T14:13:50.582+0000] {dagbag.py:545} INFO - Filling up the DagBag from /opt/airflow/dags/databse.py
[2024-06-26T14:13:50.589+0000] {processor.py:840} INFO - DAG(s) 'database' retrieved from /opt/airflow/dags/databse.py
[2024-06-26T14:13:50.595+0000] {logging_mixin.py:188} INFO - [2024-06-26T14:13:50.595+0000] {dag.py:3096} INFO - Sync 1 DAGs
[2024-06-26T14:13:50.602+0000] {logging_mixin.py:188} INFO - [2024-06-26T14:13:50.601+0000] {dag.py:3954} INFO - Setting next_dagrun for database to None, run_after=None
[2024-06-26T14:13:50.613+0000] {processor.py:183} INFO - Processing /opt/airflow/dags/databse.py took 0.034 seconds
[2024-06-26T14:13:56.340+0000] {processor.py:161} INFO - Started process (PID=194) to work on /opt/airflow/dags/databse.py
[2024-06-26T14:13:56.341+0000] {processor.py:830} INFO - Processing file /opt/airflow/dags/databse.py for tasks to queue
[2024-06-26T14:13:56.344+0000] {logging_mixin.py:188} INFO - [2024-06-26T14:13:56.343+0000] {dagbag.py:545} INFO - Filling up the DagBag from /opt/airflow/dags/databse.py
[2024-06-26T14:13:56.356+0000] {processor.py:840} INFO - DAG(s) 'database' retrieved from /opt/airflow/dags/databse.py
[2024-06-26T14:13:56.373+0000] {logging_mixin.py:188} INFO - [2024-06-26T14:13:56.373+0000] {dag.py:3096} INFO - Sync 1 DAGs
[2024-06-26T14:13:56.389+0000] {logging_mixin.py:188} INFO - [2024-06-26T14:13:56.388+0000] {dag.py:3954} INFO - Setting next_dagrun for database to None, run_after=None
[2024-06-26T14:13:56.415+0000] {processor.py:183} INFO - Processing /opt/airflow/dags/databse.py took 0.085 seconds
[2024-06-26T14:14:02.280+0000] {processor.py:161} INFO - Started process (PID=221) to work on /opt/airflow/dags/databse.py
[2024-06-26T14:14:02.281+0000] {processor.py:830} INFO - Processing file /opt/airflow/dags/databse.py for tasks to queue
[2024-06-26T14:14:02.283+0000] {logging_mixin.py:188} INFO - [2024-06-26T14:14:02.282+0000] {dagbag.py:545} INFO - Filling up the DagBag from /opt/airflow/dags/databse.py
[2024-06-26T14:14:02.289+0000] {processor.py:840} INFO - DAG(s) 'database' retrieved from /opt/airflow/dags/databse.py
[2024-06-26T14:14:02.302+0000] {logging_mixin.py:188} INFO - [2024-06-26T14:14:02.302+0000] {dag.py:3096} INFO - Sync 1 DAGs
[2024-06-26T14:14:02.308+0000] {logging_mixin.py:188} INFO - [2024-06-26T14:14:02.308+0000] {dag.py:3954} INFO - Setting next_dagrun for database to None, run_after=None
[2024-06-26T14:14:02.319+0000] {processor.py:183} INFO - Processing /opt/airflow/dags/databse.py took 0.041 seconds
[2024-06-26T14:14:08.052+0000] {processor.py:161} INFO - Started process (PID=248) to work on /opt/airflow/dags/databse.py
[2024-06-26T14:14:08.053+0000] {processor.py:830} INFO - Processing file /opt/airflow/dags/databse.py for tasks to queue
[2024-06-26T14:14:08.054+0000] {logging_mixin.py:188} INFO - [2024-06-26T14:14:08.054+0000] {dagbag.py:545} INFO - Filling up the DagBag from /opt/airflow/dags/databse.py
[2024-06-26T14:14:08.061+0000] {processor.py:840} INFO - DAG(s) 'database' retrieved from /opt/airflow/dags/databse.py
[2024-06-26T14:14:08.074+0000] {logging_mixin.py:188} INFO - [2024-06-26T14:14:08.074+0000] {dag.py:3096} INFO - Sync 1 DAGs
[2024-06-26T14:14:08.080+0000] {logging_mixin.py:188} INFO - [2024-06-26T14:14:08.080+0000] {dag.py:3954} INFO - Setting next_dagrun for database to None, run_after=None
[2024-06-26T14:14:08.092+0000] {processor.py:183} INFO - Processing /opt/airflow/dags/databse.py took 0.042 seconds
[2024-06-26T14:14:14.007+0000] {processor.py:161} INFO - Started process (PID=275) to work on /opt/airflow/dags/databse.py
[2024-06-26T14:14:14.007+0000] {processor.py:830} INFO - Processing file /opt/airflow/dags/databse.py for tasks to queue
[2024-06-26T14:14:14.008+0000] {logging_mixin.py:188} INFO - [2024-06-26T14:14:14.008+0000] {dagbag.py:545} INFO - Filling up the DagBag from /opt/airflow/dags/databse.py
[2024-06-26T14:14:14.016+0000] {processor.py:840} INFO - DAG(s) 'database' retrieved from /opt/airflow/dags/databse.py
[2024-06-26T14:14:14.029+0000] {logging_mixin.py:188} INFO - [2024-06-26T14:14:14.029+0000] {dag.py:3096} INFO - Sync 1 DAGs
[2024-06-26T14:14:14.035+0000] {logging_mixin.py:188} INFO - [2024-06-26T14:14:14.035+0000] {dag.py:3954} INFO - Setting next_dagrun for database to None, run_after=None
[2024-06-26T14:14:14.046+0000] {processor.py:183} INFO - Processing /opt/airflow/dags/databse.py took 0.042 seconds
[2024-06-26T14:14:19.781+0000] {processor.py:161} INFO - Started process (PID=308) to work on /opt/airflow/dags/databse.py
[2024-06-26T14:14:19.782+0000] {processor.py:830} INFO - Processing file /opt/airflow/dags/databse.py for tasks to queue
[2024-06-26T14:14:19.784+0000] {logging_mixin.py:188} INFO - [2024-06-26T14:14:19.783+0000] {dagbag.py:545} INFO - Filling up the DagBag from /opt/airflow/dags/databse.py
[2024-06-26T14:14:19.790+0000] {processor.py:840} INFO - DAG(s) 'database' retrieved from /opt/airflow/dags/databse.py
[2024-06-26T14:14:19.804+0000] {logging_mixin.py:188} INFO - [2024-06-26T14:14:19.804+0000] {dag.py:3096} INFO - Sync 1 DAGs
[2024-06-26T14:14:19.811+0000] {logging_mixin.py:188} INFO - [2024-06-26T14:14:19.811+0000] {dag.py:3954} INFO - Setting next_dagrun for database to None, run_after=None
[2024-06-26T14:14:19.822+0000] {processor.py:183} INFO - Processing /opt/airflow/dags/databse.py took 0.044 seconds
[2024-06-26T14:14:25.545+0000] {processor.py:161} INFO - Started process (PID=335) to work on /opt/airflow/dags/databse.py
[2024-06-26T14:14:25.545+0000] {processor.py:830} INFO - Processing file /opt/airflow/dags/databse.py for tasks to queue
[2024-06-26T14:14:25.546+0000] {logging_mixin.py:188} INFO - [2024-06-26T14:14:25.546+0000] {dagbag.py:545} INFO - Filling up the DagBag from /opt/airflow/dags/databse.py
[2024-06-26T14:14:25.553+0000] {processor.py:840} INFO - DAG(s) 'database' retrieved from /opt/airflow/dags/databse.py
[2024-06-26T14:14:25.565+0000] {logging_mixin.py:188} INFO - [2024-06-26T14:14:25.565+0000] {dag.py:3096} INFO - Sync 1 DAGs
[2024-06-26T14:14:25.573+0000] {logging_mixin.py:188} INFO - [2024-06-26T14:14:25.573+0000] {dag.py:3954} INFO - Setting next_dagrun for database to None, run_after=None
[2024-06-26T14:14:25.582+0000] {processor.py:183} INFO - Processing /opt/airflow/dags/databse.py took 0.040 seconds
[2024-06-26T14:14:31.422+0000] {processor.py:161} INFO - Started process (PID=362) to work on /opt/airflow/dags/databse.py
[2024-06-26T14:14:31.422+0000] {processor.py:830} INFO - Processing file /opt/airflow/dags/databse.py for tasks to queue
[2024-06-26T14:14:31.423+0000] {logging_mixin.py:188} INFO - [2024-06-26T14:14:31.423+0000] {dagbag.py:545} INFO - Filling up the DagBag from /opt/airflow/dags/databse.py
[2024-06-26T14:14:31.431+0000] {processor.py:840} INFO - DAG(s) 'database' retrieved from /opt/airflow/dags/databse.py
[2024-06-26T14:14:31.444+0000] {logging_mixin.py:188} INFO - [2024-06-26T14:14:31.444+0000] {dag.py:3096} INFO - Sync 1 DAGs
[2024-06-26T14:14:31.450+0000] {logging_mixin.py:188} INFO - [2024-06-26T14:14:31.450+0000] {dag.py:3954} INFO - Setting next_dagrun for database to None, run_after=None
[2024-06-26T14:14:31.460+0000] {processor.py:183} INFO - Processing /opt/airflow/dags/databse.py took 0.041 seconds
[2024-06-26T14:14:37.213+0000] {processor.py:161} INFO - Started process (PID=389) to work on /opt/airflow/dags/databse.py
[2024-06-26T14:14:37.215+0000] {processor.py:830} INFO - Processing file /opt/airflow/dags/databse.py for tasks to queue
[2024-06-26T14:14:37.216+0000] {logging_mixin.py:188} INFO - [2024-06-26T14:14:37.216+0000] {dagbag.py:545} INFO - Filling up the DagBag from /opt/airflow/dags/databse.py
[2024-06-26T14:14:37.222+0000] {processor.py:840} INFO - DAG(s) 'database' retrieved from /opt/airflow/dags/databse.py
[2024-06-26T14:14:37.235+0000] {logging_mixin.py:188} INFO - [2024-06-26T14:14:37.235+0000] {dag.py:3096} INFO - Sync 1 DAGs
[2024-06-26T14:14:37.242+0000] {logging_mixin.py:188} INFO - [2024-06-26T14:14:37.241+0000] {dag.py:3954} INFO - Setting next_dagrun for database to None, run_after=None
[2024-06-26T14:14:37.252+0000] {processor.py:183} INFO - Processing /opt/airflow/dags/databse.py took 0.042 seconds
[2024-06-26T14:14:42.994+0000] {processor.py:161} INFO - Started process (PID=416) to work on /opt/airflow/dags/databse.py
[2024-06-26T14:14:42.994+0000] {processor.py:830} INFO - Processing file /opt/airflow/dags/databse.py for tasks to queue
[2024-06-26T14:14:42.995+0000] {logging_mixin.py:188} INFO - [2024-06-26T14:14:42.995+0000] {dagbag.py:545} INFO - Filling up the DagBag from /opt/airflow/dags/databse.py
[2024-06-26T14:14:43.002+0000] {processor.py:840} INFO - DAG(s) 'database' retrieved from /opt/airflow/dags/databse.py
[2024-06-26T14:14:43.015+0000] {logging_mixin.py:188} INFO - [2024-06-26T14:14:43.014+0000] {dag.py:3096} INFO - Sync 1 DAGs
[2024-06-26T14:14:43.022+0000] {logging_mixin.py:188} INFO - [2024-06-26T14:14:43.021+0000] {dag.py:3954} INFO - Setting next_dagrun for database to None, run_after=None
[2024-06-26T14:14:43.031+0000] {processor.py:183} INFO - Processing /opt/airflow/dags/databse.py took 0.040 seconds
[2024-06-26T14:14:48.726+0000] {processor.py:161} INFO - Started process (PID=449) to work on /opt/airflow/dags/databse.py
[2024-06-26T14:14:48.727+0000] {processor.py:830} INFO - Processing file /opt/airflow/dags/databse.py for tasks to queue
[2024-06-26T14:14:48.728+0000] {logging_mixin.py:188} INFO - [2024-06-26T14:14:48.727+0000] {dagbag.py:545} INFO - Filling up the DagBag from /opt/airflow/dags/databse.py
[2024-06-26T14:14:48.734+0000] {processor.py:840} INFO - DAG(s) 'database' retrieved from /opt/airflow/dags/databse.py
[2024-06-26T14:14:48.748+0000] {logging_mixin.py:188} INFO - [2024-06-26T14:14:48.747+0000] {dag.py:3096} INFO - Sync 1 DAGs
[2024-06-26T14:14:48.754+0000] {logging_mixin.py:188} INFO - [2024-06-26T14:14:48.754+0000] {dag.py:3954} INFO - Setting next_dagrun for database to None, run_after=None
[2024-06-26T14:14:48.764+0000] {processor.py:183} INFO - Processing /opt/airflow/dags/databse.py took 0.042 seconds
[2024-06-26T14:14:54.481+0000] {processor.py:161} INFO - Started process (PID=476) to work on /opt/airflow/dags/databse.py
[2024-06-26T14:14:54.482+0000] {processor.py:830} INFO - Processing file /opt/airflow/dags/databse.py for tasks to queue
[2024-06-26T14:14:54.483+0000] {logging_mixin.py:188} INFO - [2024-06-26T14:14:54.482+0000] {dagbag.py:545} INFO - Filling up the DagBag from /opt/airflow/dags/databse.py
[2024-06-26T14:14:54.489+0000] {processor.py:840} INFO - DAG(s) 'database' retrieved from /opt/airflow/dags/databse.py
[2024-06-26T14:14:54.502+0000] {logging_mixin.py:188} INFO - [2024-06-26T14:14:54.502+0000] {dag.py:3096} INFO - Sync 1 DAGs
[2024-06-26T14:14:54.509+0000] {logging_mixin.py:188} INFO - [2024-06-26T14:14:54.509+0000] {dag.py:3954} INFO - Setting next_dagrun for database to None, run_after=None
[2024-06-26T14:14:54.519+0000] {processor.py:183} INFO - Processing /opt/airflow/dags/databse.py took 0.042 seconds
[2024-06-26T14:15:00.296+0000] {processor.py:161} INFO - Started process (PID=503) to work on /opt/airflow/dags/databse.py
[2024-06-26T14:15:00.297+0000] {processor.py:830} INFO - Processing file /opt/airflow/dags/databse.py for tasks to queue
[2024-06-26T14:15:00.298+0000] {logging_mixin.py:188} INFO - [2024-06-26T14:15:00.298+0000] {dagbag.py:545} INFO - Filling up the DagBag from /opt/airflow/dags/databse.py
[2024-06-26T14:15:00.305+0000] {processor.py:840} INFO - DAG(s) 'database' retrieved from /opt/airflow/dags/databse.py
[2024-06-26T14:15:00.317+0000] {logging_mixin.py:188} INFO - [2024-06-26T14:15:00.317+0000] {dag.py:3096} INFO - Sync 1 DAGs
[2024-06-26T14:15:00.324+0000] {logging_mixin.py:188} INFO - [2024-06-26T14:15:00.324+0000] {dag.py:3954} INFO - Setting next_dagrun for database to None, run_after=None
[2024-06-26T14:15:00.333+0000] {processor.py:183} INFO - Processing /opt/airflow/dags/databse.py took 0.040 seconds
[2024-06-26T14:15:06.088+0000] {processor.py:161} INFO - Started process (PID=530) to work on /opt/airflow/dags/databse.py
[2024-06-26T14:15:06.088+0000] {processor.py:830} INFO - Processing file /opt/airflow/dags/databse.py for tasks to queue
[2024-06-26T14:15:06.089+0000] {logging_mixin.py:188} INFO - [2024-06-26T14:15:06.089+0000] {dagbag.py:545} INFO - Filling up the DagBag from /opt/airflow/dags/databse.py
[2024-06-26T14:15:06.096+0000] {processor.py:840} INFO - DAG(s) 'database' retrieved from /opt/airflow/dags/databse.py
[2024-06-26T14:15:06.108+0000] {logging_mixin.py:188} INFO - [2024-06-26T14:15:06.108+0000] {dag.py:3096} INFO - Sync 1 DAGs
[2024-06-26T14:15:06.115+0000] {logging_mixin.py:188} INFO - [2024-06-26T14:15:06.115+0000] {dag.py:3954} INFO - Setting next_dagrun for database to None, run_after=None
[2024-06-26T14:15:06.125+0000] {processor.py:183} INFO - Processing /opt/airflow/dags/databse.py took 0.040 seconds
[2024-06-26T14:15:11.915+0000] {processor.py:161} INFO - Started process (PID=557) to work on /opt/airflow/dags/databse.py
[2024-06-26T14:15:11.915+0000] {processor.py:830} INFO - Processing file /opt/airflow/dags/databse.py for tasks to queue
[2024-06-26T14:15:11.916+0000] {logging_mixin.py:188} INFO - [2024-06-26T14:15:11.916+0000] {dagbag.py:545} INFO - Filling up the DagBag from /opt/airflow/dags/databse.py
[2024-06-26T14:15:11.923+0000] {processor.py:840} INFO - DAG(s) 'database' retrieved from /opt/airflow/dags/databse.py
[2024-06-26T14:15:11.938+0000] {logging_mixin.py:188} INFO - [2024-06-26T14:15:11.938+0000] {dag.py:3096} INFO - Sync 1 DAGs
[2024-06-26T14:15:11.946+0000] {logging_mixin.py:188} INFO - [2024-06-26T14:15:11.946+0000] {dag.py:3954} INFO - Setting next_dagrun for database to None, run_after=None
[2024-06-26T14:15:11.956+0000] {processor.py:183} INFO - Processing /opt/airflow/dags/databse.py took 0.044 seconds
[2024-06-26T14:15:17.730+0000] {processor.py:161} INFO - Started process (PID=590) to work on /opt/airflow/dags/databse.py
[2024-06-26T14:15:17.731+0000] {processor.py:830} INFO - Processing file /opt/airflow/dags/databse.py for tasks to queue
[2024-06-26T14:15:17.732+0000] {logging_mixin.py:188} INFO - [2024-06-26T14:15:17.732+0000] {dagbag.py:545} INFO - Filling up the DagBag from /opt/airflow/dags/databse.py
[2024-06-26T14:15:17.738+0000] {processor.py:840} INFO - DAG(s) 'database' retrieved from /opt/airflow/dags/databse.py
[2024-06-26T14:15:17.750+0000] {logging_mixin.py:188} INFO - [2024-06-26T14:15:17.750+0000] {dag.py:3096} INFO - Sync 1 DAGs
[2024-06-26T14:15:17.757+0000] {logging_mixin.py:188} INFO - [2024-06-26T14:15:17.757+0000] {dag.py:3954} INFO - Setting next_dagrun for database to None, run_after=None
[2024-06-26T14:15:17.767+0000] {processor.py:183} INFO - Processing /opt/airflow/dags/databse.py took 0.039 seconds
[2024-06-26T14:15:23.509+0000] {processor.py:161} INFO - Started process (PID=617) to work on /opt/airflow/dags/databse.py
[2024-06-26T14:15:23.509+0000] {processor.py:830} INFO - Processing file /opt/airflow/dags/databse.py for tasks to queue
[2024-06-26T14:15:23.510+0000] {logging_mixin.py:188} INFO - [2024-06-26T14:15:23.510+0000] {dagbag.py:545} INFO - Filling up the DagBag from /opt/airflow/dags/databse.py
[2024-06-26T14:15:23.517+0000] {processor.py:840} INFO - DAG(s) 'database' retrieved from /opt/airflow/dags/databse.py
[2024-06-26T14:15:23.530+0000] {logging_mixin.py:188} INFO - [2024-06-26T14:15:23.530+0000] {dag.py:3096} INFO - Sync 1 DAGs
[2024-06-26T14:15:23.537+0000] {logging_mixin.py:188} INFO - [2024-06-26T14:15:23.537+0000] {dag.py:3954} INFO - Setting next_dagrun for database to None, run_after=None
[2024-06-26T14:15:23.548+0000] {processor.py:183} INFO - Processing /opt/airflow/dags/databse.py took 0.043 seconds
[2024-06-26T14:15:29.347+0000] {processor.py:161} INFO - Started process (PID=644) to work on /opt/airflow/dags/databse.py
[2024-06-26T14:15:29.348+0000] {processor.py:830} INFO - Processing file /opt/airflow/dags/databse.py for tasks to queue
[2024-06-26T14:15:29.349+0000] {logging_mixin.py:188} INFO - [2024-06-26T14:15:29.349+0000] {dagbag.py:545} INFO - Filling up the DagBag from /opt/airflow/dags/databse.py
[2024-06-26T14:15:29.356+0000] {processor.py:840} INFO - DAG(s) 'database' retrieved from /opt/airflow/dags/databse.py
[2024-06-26T14:15:29.369+0000] {logging_mixin.py:188} INFO - [2024-06-26T14:15:29.369+0000] {dag.py:3096} INFO - Sync 1 DAGs
[2024-06-26T14:15:29.376+0000] {logging_mixin.py:188} INFO - [2024-06-26T14:15:29.376+0000] {dag.py:3954} INFO - Setting next_dagrun for database to None, run_after=None
[2024-06-26T14:15:29.385+0000] {processor.py:183} INFO - Processing /opt/airflow/dags/databse.py took 0.041 seconds
[2024-06-26T14:15:35.161+0000] {processor.py:161} INFO - Started process (PID=671) to work on /opt/airflow/dags/databse.py
[2024-06-26T14:15:35.161+0000] {processor.py:830} INFO - Processing file /opt/airflow/dags/databse.py for tasks to queue
[2024-06-26T14:15:35.162+0000] {logging_mixin.py:188} INFO - [2024-06-26T14:15:35.162+0000] {dagbag.py:545} INFO - Filling up the DagBag from /opt/airflow/dags/databse.py
[2024-06-26T14:15:35.169+0000] {processor.py:840} INFO - DAG(s) 'database' retrieved from /opt/airflow/dags/databse.py
[2024-06-26T14:15:35.182+0000] {logging_mixin.py:188} INFO - [2024-06-26T14:15:35.181+0000] {dag.py:3096} INFO - Sync 1 DAGs
[2024-06-26T14:15:35.190+0000] {logging_mixin.py:188} INFO - [2024-06-26T14:15:35.189+0000] {dag.py:3954} INFO - Setting next_dagrun for database to None, run_after=None
[2024-06-26T14:15:35.199+0000] {processor.py:183} INFO - Processing /opt/airflow/dags/databse.py took 0.041 seconds
[2024-06-26T14:15:41.043+0000] {processor.py:161} INFO - Started process (PID=698) to work on /opt/airflow/dags/databse.py
[2024-06-26T14:15:41.043+0000] {processor.py:830} INFO - Processing file /opt/airflow/dags/databse.py for tasks to queue
[2024-06-26T14:15:41.044+0000] {logging_mixin.py:188} INFO - [2024-06-26T14:15:41.044+0000] {dagbag.py:545} INFO - Filling up the DagBag from /opt/airflow/dags/databse.py
[2024-06-26T14:15:41.051+0000] {processor.py:840} INFO - DAG(s) 'database' retrieved from /opt/airflow/dags/databse.py
[2024-06-26T14:15:41.065+0000] {logging_mixin.py:188} INFO - [2024-06-26T14:15:41.065+0000] {dag.py:3096} INFO - Sync 1 DAGs
[2024-06-26T14:15:41.071+0000] {logging_mixin.py:188} INFO - [2024-06-26T14:15:41.071+0000] {dag.py:3954} INFO - Setting next_dagrun for database to None, run_after=None
[2024-06-26T14:15:41.082+0000] {processor.py:183} INFO - Processing /opt/airflow/dags/databse.py took 0.044 seconds
[2024-06-26T14:15:46.821+0000] {processor.py:161} INFO - Started process (PID=725) to work on /opt/airflow/dags/databse.py
[2024-06-26T14:15:46.821+0000] {processor.py:830} INFO - Processing file /opt/airflow/dags/databse.py for tasks to queue
[2024-06-26T14:15:46.822+0000] {logging_mixin.py:188} INFO - [2024-06-26T14:15:46.822+0000] {dagbag.py:545} INFO - Filling up the DagBag from /opt/airflow/dags/databse.py
[2024-06-26T14:15:46.829+0000] {processor.py:840} INFO - DAG(s) 'database' retrieved from /opt/airflow/dags/databse.py
[2024-06-26T14:15:46.841+0000] {logging_mixin.py:188} INFO - [2024-06-26T14:15:46.841+0000] {dag.py:3096} INFO - Sync 1 DAGs
[2024-06-26T14:15:46.848+0000] {logging_mixin.py:188} INFO - [2024-06-26T14:15:46.848+0000] {dag.py:3954} INFO - Setting next_dagrun for database to None, run_after=None
[2024-06-26T14:15:46.858+0000] {processor.py:183} INFO - Processing /opt/airflow/dags/databse.py took 0.040 seconds
[2024-06-26T14:15:52.622+0000] {processor.py:161} INFO - Started process (PID=758) to work on /opt/airflow/dags/databse.py
[2024-06-26T14:15:52.622+0000] {processor.py:830} INFO - Processing file /opt/airflow/dags/databse.py for tasks to queue
[2024-06-26T14:15:52.623+0000] {logging_mixin.py:188} INFO - [2024-06-26T14:15:52.623+0000] {dagbag.py:545} INFO - Filling up the DagBag from /opt/airflow/dags/databse.py
[2024-06-26T14:15:52.629+0000] {processor.py:840} INFO - DAG(s) 'database' retrieved from /opt/airflow/dags/databse.py
[2024-06-26T14:15:52.642+0000] {logging_mixin.py:188} INFO - [2024-06-26T14:15:52.642+0000] {dag.py:3096} INFO - Sync 1 DAGs
[2024-06-26T14:15:52.649+0000] {logging_mixin.py:188} INFO - [2024-06-26T14:15:52.649+0000] {dag.py:3954} INFO - Setting next_dagrun for database to None, run_after=None
[2024-06-26T14:15:52.659+0000] {processor.py:183} INFO - Processing /opt/airflow/dags/databse.py took 0.041 seconds
[2024-06-26T14:15:58.522+0000] {processor.py:161} INFO - Started process (PID=785) to work on /opt/airflow/dags/databse.py
[2024-06-26T14:15:58.522+0000] {processor.py:830} INFO - Processing file /opt/airflow/dags/databse.py for tasks to queue
[2024-06-26T14:15:58.524+0000] {logging_mixin.py:188} INFO - [2024-06-26T14:15:58.523+0000] {dagbag.py:545} INFO - Filling up the DagBag from /opt/airflow/dags/databse.py
[2024-06-26T14:15:58.532+0000] {processor.py:840} INFO - DAG(s) 'database' retrieved from /opt/airflow/dags/databse.py
[2024-06-26T14:15:58.545+0000] {logging_mixin.py:188} INFO - [2024-06-26T14:15:58.545+0000] {dag.py:3096} INFO - Sync 1 DAGs
[2024-06-26T14:15:58.552+0000] {logging_mixin.py:188} INFO - [2024-06-26T14:15:58.552+0000] {dag.py:3954} INFO - Setting next_dagrun for database to None, run_after=None
[2024-06-26T14:15:58.563+0000] {processor.py:183} INFO - Processing /opt/airflow/dags/databse.py took 0.044 seconds
[2024-06-26T14:16:04.289+0000] {processor.py:161} INFO - Started process (PID=812) to work on /opt/airflow/dags/databse.py
[2024-06-26T14:16:04.290+0000] {processor.py:830} INFO - Processing file /opt/airflow/dags/databse.py for tasks to queue
[2024-06-26T14:16:04.291+0000] {logging_mixin.py:188} INFO - [2024-06-26T14:16:04.291+0000] {dagbag.py:545} INFO - Filling up the DagBag from /opt/airflow/dags/databse.py
[2024-06-26T14:16:04.298+0000] {processor.py:840} INFO - DAG(s) 'database' retrieved from /opt/airflow/dags/databse.py
[2024-06-26T14:16:04.310+0000] {logging_mixin.py:188} INFO - [2024-06-26T14:16:04.310+0000] {dag.py:3096} INFO - Sync 1 DAGs
[2024-06-26T14:16:04.317+0000] {logging_mixin.py:188} INFO - [2024-06-26T14:16:04.317+0000] {dag.py:3954} INFO - Setting next_dagrun for database to None, run_after=None
[2024-06-26T14:16:04.327+0000] {processor.py:183} INFO - Processing /opt/airflow/dags/databse.py took 0.041 seconds
[2024-06-26T14:16:10.080+0000] {processor.py:161} INFO - Started process (PID=839) to work on /opt/airflow/dags/databse.py
[2024-06-26T14:16:10.081+0000] {processor.py:830} INFO - Processing file /opt/airflow/dags/databse.py for tasks to queue
[2024-06-26T14:16:10.082+0000] {logging_mixin.py:188} INFO - [2024-06-26T14:16:10.082+0000] {dagbag.py:545} INFO - Filling up the DagBag from /opt/airflow/dags/databse.py
[2024-06-26T14:16:10.089+0000] {processor.py:840} INFO - DAG(s) 'database' retrieved from /opt/airflow/dags/databse.py
[2024-06-26T14:16:10.102+0000] {logging_mixin.py:188} INFO - [2024-06-26T14:16:10.101+0000] {dag.py:3096} INFO - Sync 1 DAGs
[2024-06-26T14:16:10.108+0000] {logging_mixin.py:188} INFO - [2024-06-26T14:16:10.108+0000] {dag.py:3954} INFO - Setting next_dagrun for database to None, run_after=None
[2024-06-26T14:16:10.118+0000] {processor.py:183} INFO - Processing /opt/airflow/dags/databse.py took 0.041 seconds
[2024-06-26T14:16:15.930+0000] {processor.py:161} INFO - Started process (PID=866) to work on /opt/airflow/dags/databse.py
[2024-06-26T14:16:15.931+0000] {processor.py:830} INFO - Processing file /opt/airflow/dags/databse.py for tasks to queue
[2024-06-26T14:16:15.932+0000] {logging_mixin.py:188} INFO - [2024-06-26T14:16:15.932+0000] {dagbag.py:545} INFO - Filling up the DagBag from /opt/airflow/dags/databse.py
[2024-06-26T14:16:15.939+0000] {processor.py:840} INFO - DAG(s) 'database' retrieved from /opt/airflow/dags/databse.py
[2024-06-26T14:16:15.953+0000] {logging_mixin.py:188} INFO - [2024-06-26T14:16:15.952+0000] {dag.py:3096} INFO - Sync 1 DAGs
[2024-06-26T14:16:15.960+0000] {logging_mixin.py:188} INFO - [2024-06-26T14:16:15.960+0000] {dag.py:3954} INFO - Setting next_dagrun for database to None, run_after=None
[2024-06-26T14:16:15.970+0000] {processor.py:183} INFO - Processing /opt/airflow/dags/databse.py took 0.043 seconds
[2024-06-26T14:16:21.709+0000] {processor.py:161} INFO - Started process (PID=899) to work on /opt/airflow/dags/databse.py
[2024-06-26T14:16:21.709+0000] {processor.py:830} INFO - Processing file /opt/airflow/dags/databse.py for tasks to queue
[2024-06-26T14:16:21.710+0000] {logging_mixin.py:188} INFO - [2024-06-26T14:16:21.710+0000] {dagbag.py:545} INFO - Filling up the DagBag from /opt/airflow/dags/databse.py
[2024-06-26T14:16:21.717+0000] {processor.py:840} INFO - DAG(s) 'database' retrieved from /opt/airflow/dags/databse.py
[2024-06-26T14:16:21.730+0000] {logging_mixin.py:188} INFO - [2024-06-26T14:16:21.730+0000] {dag.py:3096} INFO - Sync 1 DAGs
[2024-06-26T14:16:21.737+0000] {logging_mixin.py:188} INFO - [2024-06-26T14:16:21.737+0000] {dag.py:3954} INFO - Setting next_dagrun for database to None, run_after=None
[2024-06-26T14:16:21.747+0000] {processor.py:183} INFO - Processing /opt/airflow/dags/databse.py took 0.041 seconds
[2024-06-26T14:16:27.484+0000] {processor.py:161} INFO - Started process (PID=926) to work on /opt/airflow/dags/databse.py
[2024-06-26T14:16:27.485+0000] {processor.py:830} INFO - Processing file /opt/airflow/dags/databse.py for tasks to queue
[2024-06-26T14:16:27.486+0000] {logging_mixin.py:188} INFO - [2024-06-26T14:16:27.486+0000] {dagbag.py:545} INFO - Filling up the DagBag from /opt/airflow/dags/databse.py
[2024-06-26T14:16:27.493+0000] {processor.py:840} INFO - DAG(s) 'database' retrieved from /opt/airflow/dags/databse.py
[2024-06-26T14:16:27.506+0000] {logging_mixin.py:188} INFO - [2024-06-26T14:16:27.506+0000] {dag.py:3096} INFO - Sync 1 DAGs
[2024-06-26T14:16:27.512+0000] {logging_mixin.py:188} INFO - [2024-06-26T14:16:27.512+0000] {dag.py:3954} INFO - Setting next_dagrun for database to None, run_after=None
[2024-06-26T14:16:27.524+0000] {processor.py:183} INFO - Processing /opt/airflow/dags/databse.py took 0.043 seconds
[2024-06-26T14:16:33.316+0000] {processor.py:161} INFO - Started process (PID=953) to work on /opt/airflow/dags/databse.py
[2024-06-26T14:16:33.316+0000] {processor.py:830} INFO - Processing file /opt/airflow/dags/databse.py for tasks to queue
[2024-06-26T14:16:33.317+0000] {logging_mixin.py:188} INFO - [2024-06-26T14:16:33.317+0000] {dagbag.py:545} INFO - Filling up the DagBag from /opt/airflow/dags/databse.py
[2024-06-26T14:16:33.325+0000] {processor.py:840} INFO - DAG(s) 'database' retrieved from /opt/airflow/dags/databse.py
[2024-06-26T14:16:33.337+0000] {logging_mixin.py:188} INFO - [2024-06-26T14:16:33.337+0000] {dag.py:3096} INFO - Sync 1 DAGs
[2024-06-26T14:16:33.345+0000] {logging_mixin.py:188} INFO - [2024-06-26T14:16:33.345+0000] {dag.py:3954} INFO - Setting next_dagrun for database to None, run_after=None
[2024-06-26T14:16:33.355+0000] {processor.py:183} INFO - Processing /opt/airflow/dags/databse.py took 0.042 seconds
[2024-06-26T14:16:39.106+0000] {processor.py:161} INFO - Started process (PID=980) to work on /opt/airflow/dags/databse.py
[2024-06-26T14:16:39.107+0000] {processor.py:830} INFO - Processing file /opt/airflow/dags/databse.py for tasks to queue
[2024-06-26T14:16:39.108+0000] {logging_mixin.py:188} INFO - [2024-06-26T14:16:39.107+0000] {dagbag.py:545} INFO - Filling up the DagBag from /opt/airflow/dags/databse.py
[2024-06-26T14:16:39.115+0000] {processor.py:840} INFO - DAG(s) 'database' retrieved from /opt/airflow/dags/databse.py
[2024-06-26T14:16:39.127+0000] {logging_mixin.py:188} INFO - [2024-06-26T14:16:39.127+0000] {dag.py:3096} INFO - Sync 1 DAGs
[2024-06-26T14:16:39.135+0000] {logging_mixin.py:188} INFO - [2024-06-26T14:16:39.134+0000] {dag.py:3954} INFO - Setting next_dagrun for database to None, run_after=None
[2024-06-26T14:16:39.144+0000] {processor.py:183} INFO - Processing /opt/airflow/dags/databse.py took 0.041 seconds
[2024-06-26T14:16:44.891+0000] {processor.py:161} INFO - Started process (PID=1007) to work on /opt/airflow/dags/databse.py
[2024-06-26T14:16:44.892+0000] {processor.py:830} INFO - Processing file /opt/airflow/dags/databse.py for tasks to queue
[2024-06-26T14:16:44.893+0000] {logging_mixin.py:188} INFO - [2024-06-26T14:16:44.893+0000] {dagbag.py:545} INFO - Filling up the DagBag from /opt/airflow/dags/databse.py
[2024-06-26T14:16:44.899+0000] {processor.py:840} INFO - DAG(s) 'database' retrieved from /opt/airflow/dags/databse.py
[2024-06-26T14:16:44.912+0000] {logging_mixin.py:188} INFO - [2024-06-26T14:16:44.912+0000] {dag.py:3096} INFO - Sync 1 DAGs
[2024-06-26T14:16:44.919+0000] {logging_mixin.py:188} INFO - [2024-06-26T14:16:44.918+0000] {dag.py:3954} INFO - Setting next_dagrun for database to None, run_after=None
[2024-06-26T14:16:44.928+0000] {processor.py:183} INFO - Processing /opt/airflow/dags/databse.py took 0.040 seconds
[2024-06-26T14:16:50.727+0000] {processor.py:161} INFO - Started process (PID=1040) to work on /opt/airflow/dags/databse.py
[2024-06-26T14:16:50.727+0000] {processor.py:830} INFO - Processing file /opt/airflow/dags/databse.py for tasks to queue
[2024-06-26T14:16:50.728+0000] {logging_mixin.py:188} INFO - [2024-06-26T14:16:50.728+0000] {dagbag.py:545} INFO - Filling up the DagBag from /opt/airflow/dags/databse.py
[2024-06-26T14:16:50.735+0000] {processor.py:840} INFO - DAG(s) 'database' retrieved from /opt/airflow/dags/databse.py
[2024-06-26T14:16:50.748+0000] {logging_mixin.py:188} INFO - [2024-06-26T14:16:50.748+0000] {dag.py:3096} INFO - Sync 1 DAGs
[2024-06-26T14:16:50.754+0000] {logging_mixin.py:188} INFO - [2024-06-26T14:16:50.754+0000] {dag.py:3954} INFO - Setting next_dagrun for database to None, run_after=None
[2024-06-26T14:16:50.764+0000] {processor.py:183} INFO - Processing /opt/airflow/dags/databse.py took 0.040 seconds
[2024-06-26T14:16:56.554+0000] {processor.py:161} INFO - Started process (PID=1067) to work on /opt/airflow/dags/databse.py
[2024-06-26T14:16:56.554+0000] {processor.py:830} INFO - Processing file /opt/airflow/dags/databse.py for tasks to queue
[2024-06-26T14:16:56.555+0000] {logging_mixin.py:188} INFO - [2024-06-26T14:16:56.555+0000] {dagbag.py:545} INFO - Filling up the DagBag from /opt/airflow/dags/databse.py
[2024-06-26T14:16:56.561+0000] {processor.py:840} INFO - DAG(s) 'database' retrieved from /opt/airflow/dags/databse.py
[2024-06-26T14:16:56.574+0000] {logging_mixin.py:188} INFO - [2024-06-26T14:16:56.573+0000] {dag.py:3096} INFO - Sync 1 DAGs
[2024-06-26T14:16:56.580+0000] {logging_mixin.py:188} INFO - [2024-06-26T14:16:56.580+0000] {dag.py:3954} INFO - Setting next_dagrun for database to None, run_after=None
[2024-06-26T14:16:56.597+0000] {processor.py:183} INFO - Processing /opt/airflow/dags/databse.py took 0.046 seconds
[2024-06-26T14:17:02.374+0000] {processor.py:161} INFO - Started process (PID=1094) to work on /opt/airflow/dags/databse.py
[2024-06-26T14:17:02.375+0000] {processor.py:830} INFO - Processing file /opt/airflow/dags/databse.py for tasks to queue
[2024-06-26T14:17:02.376+0000] {logging_mixin.py:188} INFO - [2024-06-26T14:17:02.375+0000] {dagbag.py:545} INFO - Filling up the DagBag from /opt/airflow/dags/databse.py
[2024-06-26T14:17:02.382+0000] {processor.py:840} INFO - DAG(s) 'database' retrieved from /opt/airflow/dags/databse.py
[2024-06-26T14:17:02.395+0000] {logging_mixin.py:188} INFO - [2024-06-26T14:17:02.395+0000] {dag.py:3096} INFO - Sync 1 DAGs
[2024-06-26T14:17:02.402+0000] {logging_mixin.py:188} INFO - [2024-06-26T14:17:02.402+0000] {dag.py:3954} INFO - Setting next_dagrun for database to None, run_after=None
[2024-06-26T14:17:02.411+0000] {processor.py:183} INFO - Processing /opt/airflow/dags/databse.py took 0.041 seconds
[2024-06-26T14:17:08.095+0000] {processor.py:161} INFO - Started process (PID=1121) to work on /opt/airflow/dags/databse.py
[2024-06-26T14:17:08.095+0000] {processor.py:830} INFO - Processing file /opt/airflow/dags/databse.py for tasks to queue
[2024-06-26T14:17:08.096+0000] {logging_mixin.py:188} INFO - [2024-06-26T14:17:08.096+0000] {dagbag.py:545} INFO - Filling up the DagBag from /opt/airflow/dags/databse.py
[2024-06-26T14:17:08.103+0000] {processor.py:840} INFO - DAG(s) 'database' retrieved from /opt/airflow/dags/databse.py
[2024-06-26T14:17:08.115+0000] {logging_mixin.py:188} INFO - [2024-06-26T14:17:08.115+0000] {dag.py:3096} INFO - Sync 1 DAGs
[2024-06-26T14:17:08.124+0000] {logging_mixin.py:188} INFO - [2024-06-26T14:17:08.124+0000] {dag.py:3954} INFO - Setting next_dagrun for database to None, run_after=None
[2024-06-26T14:17:08.134+0000] {processor.py:183} INFO - Processing /opt/airflow/dags/databse.py took 0.042 seconds
[2024-06-26T14:17:13.926+0000] {processor.py:161} INFO - Started process (PID=1148) to work on /opt/airflow/dags/databse.py
[2024-06-26T14:17:13.926+0000] {processor.py:830} INFO - Processing file /opt/airflow/dags/databse.py for tasks to queue
[2024-06-26T14:17:13.927+0000] {logging_mixin.py:188} INFO - [2024-06-26T14:17:13.927+0000] {dagbag.py:545} INFO - Filling up the DagBag from /opt/airflow/dags/databse.py
[2024-06-26T14:17:13.933+0000] {processor.py:840} INFO - DAG(s) 'database' retrieved from /opt/airflow/dags/databse.py
[2024-06-26T14:17:13.946+0000] {logging_mixin.py:188} INFO - [2024-06-26T14:17:13.945+0000] {dag.py:3096} INFO - Sync 1 DAGs
[2024-06-26T14:17:13.952+0000] {logging_mixin.py:188} INFO - [2024-06-26T14:17:13.952+0000] {dag.py:3954} INFO - Setting next_dagrun for database to None, run_after=None
[2024-06-26T14:17:13.961+0000] {processor.py:183} INFO - Processing /opt/airflow/dags/databse.py took 0.039 seconds
[2024-06-26T14:17:19.709+0000] {processor.py:161} INFO - Started process (PID=1181) to work on /opt/airflow/dags/databse.py
[2024-06-26T14:17:19.710+0000] {processor.py:830} INFO - Processing file /opt/airflow/dags/databse.py for tasks to queue
[2024-06-26T14:17:19.711+0000] {logging_mixin.py:188} INFO - [2024-06-26T14:17:19.711+0000] {dagbag.py:545} INFO - Filling up the DagBag from /opt/airflow/dags/databse.py
[2024-06-26T14:17:19.717+0000] {processor.py:840} INFO - DAG(s) 'database' retrieved from /opt/airflow/dags/databse.py
[2024-06-26T14:17:19.729+0000] {logging_mixin.py:188} INFO - [2024-06-26T14:17:19.729+0000] {dag.py:3096} INFO - Sync 1 DAGs
[2024-06-26T14:17:19.736+0000] {logging_mixin.py:188} INFO - [2024-06-26T14:17:19.736+0000] {dag.py:3954} INFO - Setting next_dagrun for database to None, run_after=None
[2024-06-26T14:17:19.745+0000] {processor.py:183} INFO - Processing /opt/airflow/dags/databse.py took 0.038 seconds
[2024-06-26T14:17:25.446+0000] {processor.py:161} INFO - Started process (PID=1208) to work on /opt/airflow/dags/databse.py
[2024-06-26T14:17:25.447+0000] {processor.py:830} INFO - Processing file /opt/airflow/dags/databse.py for tasks to queue
[2024-06-26T14:17:25.448+0000] {logging_mixin.py:188} INFO - [2024-06-26T14:17:25.448+0000] {dagbag.py:545} INFO - Filling up the DagBag from /opt/airflow/dags/databse.py
[2024-06-26T14:17:25.454+0000] {processor.py:840} INFO - DAG(s) 'database' retrieved from /opt/airflow/dags/databse.py
[2024-06-26T14:17:25.467+0000] {logging_mixin.py:188} INFO - [2024-06-26T14:17:25.467+0000] {dag.py:3096} INFO - Sync 1 DAGs
[2024-06-26T14:17:25.473+0000] {logging_mixin.py:188} INFO - [2024-06-26T14:17:25.473+0000] {dag.py:3954} INFO - Setting next_dagrun for database to None, run_after=None
[2024-06-26T14:17:25.483+0000] {processor.py:183} INFO - Processing /opt/airflow/dags/databse.py took 0.039 seconds
[2024-06-26T14:17:31.154+0000] {processor.py:161} INFO - Started process (PID=1235) to work on /opt/airflow/dags/databse.py
[2024-06-26T14:17:31.154+0000] {processor.py:830} INFO - Processing file /opt/airflow/dags/databse.py for tasks to queue
[2024-06-26T14:17:31.155+0000] {logging_mixin.py:188} INFO - [2024-06-26T14:17:31.155+0000] {dagbag.py:545} INFO - Filling up the DagBag from /opt/airflow/dags/databse.py
[2024-06-26T14:17:31.161+0000] {processor.py:840} INFO - DAG(s) 'database' retrieved from /opt/airflow/dags/databse.py
[2024-06-26T14:17:31.173+0000] {logging_mixin.py:188} INFO - [2024-06-26T14:17:31.173+0000] {dag.py:3096} INFO - Sync 1 DAGs
[2024-06-26T14:17:31.180+0000] {logging_mixin.py:188} INFO - [2024-06-26T14:17:31.180+0000] {dag.py:3954} INFO - Setting next_dagrun for database to None, run_after=None
[2024-06-26T14:17:31.189+0000] {processor.py:183} INFO - Processing /opt/airflow/dags/databse.py took 0.039 seconds
[2024-06-26T14:17:36.912+0000] {processor.py:161} INFO - Started process (PID=1262) to work on /opt/airflow/dags/databse.py
[2024-06-26T14:17:36.912+0000] {processor.py:830} INFO - Processing file /opt/airflow/dags/databse.py for tasks to queue
[2024-06-26T14:17:36.913+0000] {logging_mixin.py:188} INFO - [2024-06-26T14:17:36.913+0000] {dagbag.py:545} INFO - Filling up the DagBag from /opt/airflow/dags/databse.py
[2024-06-26T14:17:36.919+0000] {processor.py:840} INFO - DAG(s) 'database' retrieved from /opt/airflow/dags/databse.py
[2024-06-26T14:17:36.931+0000] {logging_mixin.py:188} INFO - [2024-06-26T14:17:36.931+0000] {dag.py:3096} INFO - Sync 1 DAGs
[2024-06-26T14:17:36.937+0000] {logging_mixin.py:188} INFO - [2024-06-26T14:17:36.937+0000] {dag.py:3954} INFO - Setting next_dagrun for database to None, run_after=None
[2024-06-26T14:17:36.947+0000] {processor.py:183} INFO - Processing /opt/airflow/dags/databse.py took 0.038 seconds
[2024-06-26T14:17:42.655+0000] {processor.py:161} INFO - Started process (PID=1289) to work on /opt/airflow/dags/databse.py
[2024-06-26T14:17:42.655+0000] {processor.py:830} INFO - Processing file /opt/airflow/dags/databse.py for tasks to queue
[2024-06-26T14:17:42.656+0000] {logging_mixin.py:188} INFO - [2024-06-26T14:17:42.656+0000] {dagbag.py:545} INFO - Filling up the DagBag from /opt/airflow/dags/databse.py
[2024-06-26T14:17:42.663+0000] {processor.py:840} INFO - DAG(s) 'database' retrieved from /opt/airflow/dags/databse.py
[2024-06-26T14:17:42.675+0000] {logging_mixin.py:188} INFO - [2024-06-26T14:17:42.675+0000] {dag.py:3096} INFO - Sync 1 DAGs
[2024-06-26T14:17:42.682+0000] {logging_mixin.py:188} INFO - [2024-06-26T14:17:42.682+0000] {dag.py:3954} INFO - Setting next_dagrun for database to None, run_after=None
[2024-06-26T14:17:42.691+0000] {processor.py:183} INFO - Processing /opt/airflow/dags/databse.py took 0.039 seconds
[2024-06-26T14:17:48.466+0000] {processor.py:161} INFO - Started process (PID=1322) to work on /opt/airflow/dags/databse.py
[2024-06-26T14:17:48.467+0000] {processor.py:830} INFO - Processing file /opt/airflow/dags/databse.py for tasks to queue
[2024-06-26T14:17:48.468+0000] {logging_mixin.py:188} INFO - [2024-06-26T14:17:48.467+0000] {dagbag.py:545} INFO - Filling up the DagBag from /opt/airflow/dags/databse.py
[2024-06-26T14:17:48.474+0000] {processor.py:840} INFO - DAG(s) 'database' retrieved from /opt/airflow/dags/databse.py
[2024-06-26T14:17:48.487+0000] {logging_mixin.py:188} INFO - [2024-06-26T14:17:48.486+0000] {dag.py:3096} INFO - Sync 1 DAGs
[2024-06-26T14:17:48.493+0000] {logging_mixin.py:188} INFO - [2024-06-26T14:17:48.493+0000] {dag.py:3954} INFO - Setting next_dagrun for database to None, run_after=None
[2024-06-26T14:17:48.503+0000] {processor.py:183} INFO - Processing /opt/airflow/dags/databse.py took 0.040 seconds
[2024-06-26T14:17:54.247+0000] {processor.py:161} INFO - Started process (PID=1349) to work on /opt/airflow/dags/databse.py
[2024-06-26T14:17:54.247+0000] {processor.py:830} INFO - Processing file /opt/airflow/dags/databse.py for tasks to queue
[2024-06-26T14:17:54.248+0000] {logging_mixin.py:188} INFO - [2024-06-26T14:17:54.248+0000] {dagbag.py:545} INFO - Filling up the DagBag from /opt/airflow/dags/databse.py
[2024-06-26T14:17:54.255+0000] {processor.py:840} INFO - DAG(s) 'database' retrieved from /opt/airflow/dags/databse.py
[2024-06-26T14:17:54.267+0000] {logging_mixin.py:188} INFO - [2024-06-26T14:17:54.267+0000] {dag.py:3096} INFO - Sync 1 DAGs
[2024-06-26T14:17:54.273+0000] {logging_mixin.py:188} INFO - [2024-06-26T14:17:54.273+0000] {dag.py:3954} INFO - Setting next_dagrun for database to None, run_after=None
[2024-06-26T14:17:54.284+0000] {processor.py:183} INFO - Processing /opt/airflow/dags/databse.py took 0.040 seconds
[2024-06-26T14:17:59.962+0000] {processor.py:161} INFO - Started process (PID=1376) to work on /opt/airflow/dags/databse.py
[2024-06-26T14:17:59.963+0000] {processor.py:830} INFO - Processing file /opt/airflow/dags/databse.py for tasks to queue
[2024-06-26T14:17:59.964+0000] {logging_mixin.py:188} INFO - [2024-06-26T14:17:59.964+0000] {dagbag.py:545} INFO - Filling up the DagBag from /opt/airflow/dags/databse.py
[2024-06-26T14:17:59.970+0000] {processor.py:840} INFO - DAG(s) 'database' retrieved from /opt/airflow/dags/databse.py
[2024-06-26T14:17:59.982+0000] {logging_mixin.py:188} INFO - [2024-06-26T14:17:59.982+0000] {dag.py:3096} INFO - Sync 1 DAGs
[2024-06-26T14:17:59.989+0000] {logging_mixin.py:188} INFO - [2024-06-26T14:17:59.989+0000] {dag.py:3954} INFO - Setting next_dagrun for database to None, run_after=None
[2024-06-26T14:17:59.998+0000] {processor.py:183} INFO - Processing /opt/airflow/dags/databse.py took 0.039 seconds
[2024-06-26T14:18:05.707+0000] {processor.py:161} INFO - Started process (PID=1403) to work on /opt/airflow/dags/databse.py
[2024-06-26T14:18:05.708+0000] {processor.py:830} INFO - Processing file /opt/airflow/dags/databse.py for tasks to queue
[2024-06-26T14:18:05.709+0000] {logging_mixin.py:188} INFO - [2024-06-26T14:18:05.709+0000] {dagbag.py:545} INFO - Filling up the DagBag from /opt/airflow/dags/databse.py
[2024-06-26T14:18:05.715+0000] {processor.py:840} INFO - DAG(s) 'database' retrieved from /opt/airflow/dags/databse.py
[2024-06-26T14:18:05.727+0000] {logging_mixin.py:188} INFO - [2024-06-26T14:18:05.727+0000] {dag.py:3096} INFO - Sync 1 DAGs
[2024-06-26T14:18:05.733+0000] {logging_mixin.py:188} INFO - [2024-06-26T14:18:05.733+0000] {dag.py:3954} INFO - Setting next_dagrun for database to None, run_after=None
[2024-06-26T14:18:05.743+0000] {processor.py:183} INFO - Processing /opt/airflow/dags/databse.py took 0.039 seconds
