[2024-06-26T14:13:29.321+0000] {processor.py:161} INFO - Started process (PID=47) to work on /opt/airflow/dags/dummy.py
[2024-06-26T14:13:29.322+0000] {processor.py:830} INFO - Processing file /opt/airflow/dags/dummy.py for tasks to queue
[2024-06-26T14:13:29.323+0000] {logging_mixin.py:188} INFO - [2024-06-26T14:13:29.322+0000] {dagbag.py:545} INFO - Filling up the DagBag from /opt/airflow/dags/dummy.py
[2024-06-26T14:13:29.330+0000] {processor.py:840} INFO - DAG(s) 'dummy' retrieved from /opt/airflow/dags/dummy.py
[2024-06-26T14:13:29.416+0000] {logging_mixin.py:188} INFO - [2024-06-26T14:13:29.416+0000] {dag.py:3096} INFO - Sync 1 DAGs
[2024-06-26T14:13:29.424+0000] {logging_mixin.py:188} INFO - [2024-06-26T14:13:29.424+0000] {dag.py:3954} INFO - Setting next_dagrun for dummy to None, run_after=None
[2024-06-26T14:13:29.438+0000] {processor.py:183} INFO - Processing /opt/airflow/dags/dummy.py took 0.120 seconds
[2024-06-26T14:13:35.383+0000] {processor.py:161} INFO - Started process (PID=74) to work on /opt/airflow/dags/dummy.py
[2024-06-26T14:13:35.384+0000] {processor.py:830} INFO - Processing file /opt/airflow/dags/dummy.py for tasks to queue
[2024-06-26T14:13:35.384+0000] {logging_mixin.py:188} INFO - [2024-06-26T14:13:35.384+0000] {dagbag.py:545} INFO - Filling up the DagBag from /opt/airflow/dags/dummy.py
[2024-06-26T14:13:35.389+0000] {processor.py:840} INFO - DAG(s) 'dummy' retrieved from /opt/airflow/dags/dummy.py
[2024-06-26T14:13:35.396+0000] {logging_mixin.py:188} INFO - [2024-06-26T14:13:35.396+0000] {dag.py:3096} INFO - Sync 1 DAGs
[2024-06-26T14:13:35.402+0000] {logging_mixin.py:188} INFO - [2024-06-26T14:13:35.402+0000] {dag.py:3954} INFO - Setting next_dagrun for dummy to None, run_after=None
[2024-06-26T14:13:35.413+0000] {processor.py:183} INFO - Processing /opt/airflow/dags/dummy.py took 0.033 seconds
[2024-06-26T14:13:40.943+0000] {processor.py:161} INFO - Started process (PID=101) to work on /opt/airflow/dags/dummy.py
[2024-06-26T14:13:40.944+0000] {processor.py:830} INFO - Processing file /opt/airflow/dags/dummy.py for tasks to queue
[2024-06-26T14:13:40.945+0000] {logging_mixin.py:188} INFO - [2024-06-26T14:13:40.944+0000] {dagbag.py:545} INFO - Filling up the DagBag from /opt/airflow/dags/dummy.py
[2024-06-26T14:13:40.950+0000] {processor.py:840} INFO - DAG(s) 'dummy' retrieved from /opt/airflow/dags/dummy.py
[2024-06-26T14:13:40.956+0000] {logging_mixin.py:188} INFO - [2024-06-26T14:13:40.956+0000] {dag.py:3096} INFO - Sync 1 DAGs
[2024-06-26T14:13:40.963+0000] {logging_mixin.py:188} INFO - [2024-06-26T14:13:40.963+0000] {dag.py:3954} INFO - Setting next_dagrun for dummy to None, run_after=None
[2024-06-26T14:13:40.974+0000] {processor.py:183} INFO - Processing /opt/airflow/dags/dummy.py took 0.034 seconds
[2024-06-26T14:13:46.031+0000] {processor.py:161} INFO - Started process (PID=128) to work on /opt/airflow/dags/dummy.py
[2024-06-26T14:13:46.037+0000] {processor.py:830} INFO - Processing file /opt/airflow/dags/dummy.py for tasks to queue
[2024-06-26T14:13:46.038+0000] {logging_mixin.py:188} INFO - [2024-06-26T14:13:46.038+0000] {dagbag.py:545} INFO - Filling up the DagBag from /opt/airflow/dags/dummy.py
[2024-06-26T14:13:46.044+0000] {processor.py:840} INFO - DAG(s) 'dummy' retrieved from /opt/airflow/dags/dummy.py
[2024-06-26T14:13:46.051+0000] {logging_mixin.py:188} INFO - [2024-06-26T14:13:46.050+0000] {dag.py:3096} INFO - Sync 1 DAGs
[2024-06-26T14:13:46.057+0000] {logging_mixin.py:188} INFO - [2024-06-26T14:13:46.057+0000] {dag.py:3954} INFO - Setting next_dagrun for dummy to None, run_after=None
[2024-06-26T14:13:46.068+0000] {processor.py:183} INFO - Processing /opt/airflow/dags/dummy.py took 0.040 seconds
[2024-06-26T14:13:51.731+0000] {processor.py:161} INFO - Started process (PID=161) to work on /opt/airflow/dags/dummy.py
[2024-06-26T14:13:51.732+0000] {processor.py:830} INFO - Processing file /opt/airflow/dags/dummy.py for tasks to queue
[2024-06-26T14:13:51.732+0000] {logging_mixin.py:188} INFO - [2024-06-26T14:13:51.732+0000] {dagbag.py:545} INFO - Filling up the DagBag from /opt/airflow/dags/dummy.py
[2024-06-26T14:13:51.738+0000] {processor.py:840} INFO - DAG(s) 'dummy' retrieved from /opt/airflow/dags/dummy.py
[2024-06-26T14:13:51.743+0000] {logging_mixin.py:188} INFO - [2024-06-26T14:13:51.743+0000] {dag.py:3096} INFO - Sync 1 DAGs
[2024-06-26T14:13:51.750+0000] {logging_mixin.py:188} INFO - [2024-06-26T14:13:51.750+0000] {dag.py:3954} INFO - Setting next_dagrun for dummy to None, run_after=None
[2024-06-26T14:13:51.760+0000] {processor.py:183} INFO - Processing /opt/airflow/dags/dummy.py took 0.031 seconds
[2024-06-26T14:13:57.721+0000] {processor.py:161} INFO - Started process (PID=201) to work on /opt/airflow/dags/dummy.py
[2024-06-26T14:13:57.722+0000] {processor.py:830} INFO - Processing file /opt/airflow/dags/dummy.py for tasks to queue
[2024-06-26T14:13:57.722+0000] {logging_mixin.py:188} INFO - [2024-06-26T14:13:57.722+0000] {dagbag.py:545} INFO - Filling up the DagBag from /opt/airflow/dags/dummy.py
[2024-06-26T14:13:57.728+0000] {processor.py:840} INFO - DAG(s) 'dummy' retrieved from /opt/airflow/dags/dummy.py
[2024-06-26T14:13:57.734+0000] {logging_mixin.py:188} INFO - [2024-06-26T14:13:57.734+0000] {dag.py:3096} INFO - Sync 1 DAGs
[2024-06-26T14:13:57.741+0000] {logging_mixin.py:188} INFO - [2024-06-26T14:13:57.740+0000] {dag.py:3954} INFO - Setting next_dagrun for dummy to None, run_after=None
[2024-06-26T14:13:57.750+0000] {processor.py:183} INFO - Processing /opt/airflow/dags/dummy.py took 0.032 seconds
[2024-06-26T14:14:03.470+0000] {processor.py:161} INFO - Started process (PID=228) to work on /opt/airflow/dags/dummy.py
[2024-06-26T14:14:03.471+0000] {processor.py:830} INFO - Processing file /opt/airflow/dags/dummy.py for tasks to queue
[2024-06-26T14:14:03.472+0000] {logging_mixin.py:188} INFO - [2024-06-26T14:14:03.472+0000] {dagbag.py:545} INFO - Filling up the DagBag from /opt/airflow/dags/dummy.py
[2024-06-26T14:14:03.477+0000] {processor.py:840} INFO - DAG(s) 'dummy' retrieved from /opt/airflow/dags/dummy.py
[2024-06-26T14:14:03.490+0000] {logging_mixin.py:188} INFO - [2024-06-26T14:14:03.490+0000] {dag.py:3096} INFO - Sync 1 DAGs
[2024-06-26T14:14:03.496+0000] {logging_mixin.py:188} INFO - [2024-06-26T14:14:03.496+0000] {dag.py:3954} INFO - Setting next_dagrun for dummy to None, run_after=None
[2024-06-26T14:14:03.508+0000] {processor.py:183} INFO - Processing /opt/airflow/dags/dummy.py took 0.044 seconds
[2024-06-26T14:14:09.358+0000] {processor.py:161} INFO - Started process (PID=255) to work on /opt/airflow/dags/dummy.py
[2024-06-26T14:14:09.358+0000] {processor.py:830} INFO - Processing file /opt/airflow/dags/dummy.py for tasks to queue
[2024-06-26T14:14:09.359+0000] {logging_mixin.py:188} INFO - [2024-06-26T14:14:09.359+0000] {dagbag.py:545} INFO - Filling up the DagBag from /opt/airflow/dags/dummy.py
[2024-06-26T14:14:09.364+0000] {processor.py:840} INFO - DAG(s) 'dummy' retrieved from /opt/airflow/dags/dummy.py
[2024-06-26T14:14:09.377+0000] {logging_mixin.py:188} INFO - [2024-06-26T14:14:09.376+0000] {dag.py:3096} INFO - Sync 1 DAGs
[2024-06-26T14:14:09.383+0000] {logging_mixin.py:188} INFO - [2024-06-26T14:14:09.383+0000] {dag.py:3954} INFO - Setting next_dagrun for dummy to None, run_after=None
[2024-06-26T14:14:09.401+0000] {processor.py:183} INFO - Processing /opt/airflow/dags/dummy.py took 0.047 seconds
[2024-06-26T14:14:15.202+0000] {processor.py:161} INFO - Started process (PID=282) to work on /opt/airflow/dags/dummy.py
[2024-06-26T14:14:15.202+0000] {processor.py:830} INFO - Processing file /opt/airflow/dags/dummy.py for tasks to queue
[2024-06-26T14:14:15.204+0000] {logging_mixin.py:188} INFO - [2024-06-26T14:14:15.204+0000] {dagbag.py:545} INFO - Filling up the DagBag from /opt/airflow/dags/dummy.py
[2024-06-26T14:14:15.209+0000] {processor.py:840} INFO - DAG(s) 'dummy' retrieved from /opt/airflow/dags/dummy.py
[2024-06-26T14:14:15.222+0000] {logging_mixin.py:188} INFO - [2024-06-26T14:14:15.222+0000] {dag.py:3096} INFO - Sync 1 DAGs
[2024-06-26T14:14:15.229+0000] {logging_mixin.py:188} INFO - [2024-06-26T14:14:15.229+0000] {dag.py:3954} INFO - Setting next_dagrun for dummy to None, run_after=None
[2024-06-26T14:14:15.239+0000] {processor.py:183} INFO - Processing /opt/airflow/dags/dummy.py took 0.047 seconds
[2024-06-26T14:14:20.976+0000] {processor.py:161} INFO - Started process (PID=315) to work on /opt/airflow/dags/dummy.py
[2024-06-26T14:14:20.981+0000] {processor.py:830} INFO - Processing file /opt/airflow/dags/dummy.py for tasks to queue
[2024-06-26T14:14:20.983+0000] {logging_mixin.py:188} INFO - [2024-06-26T14:14:20.982+0000] {dagbag.py:545} INFO - Filling up the DagBag from /opt/airflow/dags/dummy.py
[2024-06-26T14:14:20.993+0000] {processor.py:840} INFO - DAG(s) 'dummy' retrieved from /opt/airflow/dags/dummy.py
[2024-06-26T14:14:21.006+0000] {logging_mixin.py:188} INFO - [2024-06-26T14:14:21.006+0000] {dag.py:3096} INFO - Sync 1 DAGs
[2024-06-26T14:14:21.012+0000] {logging_mixin.py:188} INFO - [2024-06-26T14:14:21.012+0000] {dag.py:3954} INFO - Setting next_dagrun for dummy to None, run_after=None
[2024-06-26T14:14:21.022+0000] {processor.py:183} INFO - Processing /opt/airflow/dags/dummy.py took 0.051 seconds
[2024-06-26T14:14:26.732+0000] {processor.py:161} INFO - Started process (PID=342) to work on /opt/airflow/dags/dummy.py
[2024-06-26T14:14:26.733+0000] {processor.py:830} INFO - Processing file /opt/airflow/dags/dummy.py for tasks to queue
[2024-06-26T14:14:26.735+0000] {logging_mixin.py:188} INFO - [2024-06-26T14:14:26.734+0000] {dagbag.py:545} INFO - Filling up the DagBag from /opt/airflow/dags/dummy.py
[2024-06-26T14:14:26.743+0000] {processor.py:840} INFO - DAG(s) 'dummy' retrieved from /opt/airflow/dags/dummy.py
[2024-06-26T14:14:26.756+0000] {logging_mixin.py:188} INFO - [2024-06-26T14:14:26.756+0000] {dag.py:3096} INFO - Sync 1 DAGs
[2024-06-26T14:14:26.762+0000] {logging_mixin.py:188} INFO - [2024-06-26T14:14:26.762+0000] {dag.py:3954} INFO - Setting next_dagrun for dummy to None, run_after=None
[2024-06-26T14:14:26.773+0000] {processor.py:183} INFO - Processing /opt/airflow/dags/dummy.py took 0.049 seconds
[2024-06-26T14:14:32.607+0000] {processor.py:161} INFO - Started process (PID=369) to work on /opt/airflow/dags/dummy.py
[2024-06-26T14:14:32.607+0000] {processor.py:830} INFO - Processing file /opt/airflow/dags/dummy.py for tasks to queue
[2024-06-26T14:14:32.608+0000] {logging_mixin.py:188} INFO - [2024-06-26T14:14:32.608+0000] {dagbag.py:545} INFO - Filling up the DagBag from /opt/airflow/dags/dummy.py
[2024-06-26T14:14:32.614+0000] {processor.py:840} INFO - DAG(s) 'dummy' retrieved from /opt/airflow/dags/dummy.py
[2024-06-26T14:14:32.626+0000] {logging_mixin.py:188} INFO - [2024-06-26T14:14:32.626+0000] {dag.py:3096} INFO - Sync 1 DAGs
[2024-06-26T14:14:32.633+0000] {logging_mixin.py:188} INFO - [2024-06-26T14:14:32.633+0000] {dag.py:3954} INFO - Setting next_dagrun for dummy to None, run_after=None
[2024-06-26T14:14:32.642+0000] {processor.py:183} INFO - Processing /opt/airflow/dags/dummy.py took 0.039 seconds
[2024-06-26T14:14:38.400+0000] {processor.py:161} INFO - Started process (PID=396) to work on /opt/airflow/dags/dummy.py
[2024-06-26T14:14:38.405+0000] {processor.py:830} INFO - Processing file /opt/airflow/dags/dummy.py for tasks to queue
[2024-06-26T14:14:38.406+0000] {logging_mixin.py:188} INFO - [2024-06-26T14:14:38.406+0000] {dagbag.py:545} INFO - Filling up the DagBag from /opt/airflow/dags/dummy.py
[2024-06-26T14:14:38.415+0000] {processor.py:840} INFO - DAG(s) 'dummy' retrieved from /opt/airflow/dags/dummy.py
[2024-06-26T14:14:38.429+0000] {logging_mixin.py:188} INFO - [2024-06-26T14:14:38.429+0000] {dag.py:3096} INFO - Sync 1 DAGs
[2024-06-26T14:14:38.436+0000] {logging_mixin.py:188} INFO - [2024-06-26T14:14:38.436+0000] {dag.py:3954} INFO - Setting next_dagrun for dummy to None, run_after=None
[2024-06-26T14:14:38.446+0000] {processor.py:183} INFO - Processing /opt/airflow/dags/dummy.py took 0.050 seconds
[2024-06-26T14:14:44.179+0000] {processor.py:161} INFO - Started process (PID=423) to work on /opt/airflow/dags/dummy.py
[2024-06-26T14:14:44.179+0000] {processor.py:830} INFO - Processing file /opt/airflow/dags/dummy.py for tasks to queue
[2024-06-26T14:14:44.180+0000] {logging_mixin.py:188} INFO - [2024-06-26T14:14:44.180+0000] {dagbag.py:545} INFO - Filling up the DagBag from /opt/airflow/dags/dummy.py
[2024-06-26T14:14:44.185+0000] {processor.py:840} INFO - DAG(s) 'dummy' retrieved from /opt/airflow/dags/dummy.py
[2024-06-26T14:14:44.198+0000] {logging_mixin.py:188} INFO - [2024-06-26T14:14:44.198+0000] {dag.py:3096} INFO - Sync 1 DAGs
[2024-06-26T14:14:44.205+0000] {logging_mixin.py:188} INFO - [2024-06-26T14:14:44.205+0000] {dag.py:3954} INFO - Setting next_dagrun for dummy to None, run_after=None
[2024-06-26T14:14:44.216+0000] {processor.py:183} INFO - Processing /opt/airflow/dags/dummy.py took 0.040 seconds
[2024-06-26T14:14:49.923+0000] {processor.py:161} INFO - Started process (PID=456) to work on /opt/airflow/dags/dummy.py
[2024-06-26T14:14:49.923+0000] {processor.py:830} INFO - Processing file /opt/airflow/dags/dummy.py for tasks to queue
[2024-06-26T14:14:49.924+0000] {logging_mixin.py:188} INFO - [2024-06-26T14:14:49.924+0000] {dagbag.py:545} INFO - Filling up the DagBag from /opt/airflow/dags/dummy.py
[2024-06-26T14:14:49.931+0000] {processor.py:840} INFO - DAG(s) 'dummy' retrieved from /opt/airflow/dags/dummy.py
[2024-06-26T14:14:49.943+0000] {logging_mixin.py:188} INFO - [2024-06-26T14:14:49.943+0000] {dag.py:3096} INFO - Sync 1 DAGs
[2024-06-26T14:14:49.950+0000] {logging_mixin.py:188} INFO - [2024-06-26T14:14:49.949+0000] {dag.py:3954} INFO - Setting next_dagrun for dummy to None, run_after=None
[2024-06-26T14:14:49.959+0000] {processor.py:183} INFO - Processing /opt/airflow/dags/dummy.py took 0.039 seconds
[2024-06-26T14:14:55.670+0000] {processor.py:161} INFO - Started process (PID=483) to work on /opt/airflow/dags/dummy.py
[2024-06-26T14:14:55.676+0000] {processor.py:830} INFO - Processing file /opt/airflow/dags/dummy.py for tasks to queue
[2024-06-26T14:14:55.678+0000] {logging_mixin.py:188} INFO - [2024-06-26T14:14:55.678+0000] {dagbag.py:545} INFO - Filling up the DagBag from /opt/airflow/dags/dummy.py
[2024-06-26T14:14:55.689+0000] {processor.py:840} INFO - DAG(s) 'dummy' retrieved from /opt/airflow/dags/dummy.py
[2024-06-26T14:14:55.702+0000] {logging_mixin.py:188} INFO - [2024-06-26T14:14:55.702+0000] {dag.py:3096} INFO - Sync 1 DAGs
[2024-06-26T14:14:55.708+0000] {logging_mixin.py:188} INFO - [2024-06-26T14:14:55.708+0000] {dag.py:3954} INFO - Setting next_dagrun for dummy to None, run_after=None
[2024-06-26T14:14:55.719+0000] {processor.py:183} INFO - Processing /opt/airflow/dags/dummy.py took 0.052 seconds
[2024-06-26T14:15:01.483+0000] {processor.py:161} INFO - Started process (PID=510) to work on /opt/airflow/dags/dummy.py
[2024-06-26T14:15:01.484+0000] {processor.py:830} INFO - Processing file /opt/airflow/dags/dummy.py for tasks to queue
[2024-06-26T14:15:01.485+0000] {logging_mixin.py:188} INFO - [2024-06-26T14:15:01.485+0000] {dagbag.py:545} INFO - Filling up the DagBag from /opt/airflow/dags/dummy.py
[2024-06-26T14:15:01.493+0000] {processor.py:840} INFO - DAG(s) 'dummy' retrieved from /opt/airflow/dags/dummy.py
[2024-06-26T14:15:01.506+0000] {logging_mixin.py:188} INFO - [2024-06-26T14:15:01.506+0000] {dag.py:3096} INFO - Sync 1 DAGs
[2024-06-26T14:15:01.513+0000] {logging_mixin.py:188} INFO - [2024-06-26T14:15:01.513+0000] {dag.py:3954} INFO - Setting next_dagrun for dummy to None, run_after=None
[2024-06-26T14:15:01.523+0000] {processor.py:183} INFO - Processing /opt/airflow/dags/dummy.py took 0.045 seconds
[2024-06-26T14:15:07.280+0000] {processor.py:161} INFO - Started process (PID=537) to work on /opt/airflow/dags/dummy.py
[2024-06-26T14:15:07.282+0000] {processor.py:830} INFO - Processing file /opt/airflow/dags/dummy.py for tasks to queue
[2024-06-26T14:15:07.285+0000] {logging_mixin.py:188} INFO - [2024-06-26T14:15:07.284+0000] {dagbag.py:545} INFO - Filling up the DagBag from /opt/airflow/dags/dummy.py
[2024-06-26T14:15:07.305+0000] {processor.py:840} INFO - DAG(s) 'dummy' retrieved from /opt/airflow/dags/dummy.py
[2024-06-26T14:15:07.320+0000] {logging_mixin.py:188} INFO - [2024-06-26T14:15:07.320+0000] {dag.py:3096} INFO - Sync 1 DAGs
[2024-06-26T14:15:07.327+0000] {logging_mixin.py:188} INFO - [2024-06-26T14:15:07.327+0000] {dag.py:3954} INFO - Setting next_dagrun for dummy to None, run_after=None
[2024-06-26T14:15:07.337+0000] {processor.py:183} INFO - Processing /opt/airflow/dags/dummy.py took 0.067 seconds
[2024-06-26T14:15:13.094+0000] {processor.py:161} INFO - Started process (PID=564) to work on /opt/airflow/dags/dummy.py
[2024-06-26T14:15:13.094+0000] {processor.py:830} INFO - Processing file /opt/airflow/dags/dummy.py for tasks to queue
[2024-06-26T14:15:13.095+0000] {logging_mixin.py:188} INFO - [2024-06-26T14:15:13.095+0000] {dagbag.py:545} INFO - Filling up the DagBag from /opt/airflow/dags/dummy.py
[2024-06-26T14:15:13.101+0000] {processor.py:840} INFO - DAG(s) 'dummy' retrieved from /opt/airflow/dags/dummy.py
[2024-06-26T14:15:13.115+0000] {logging_mixin.py:188} INFO - [2024-06-26T14:15:13.115+0000] {dag.py:3096} INFO - Sync 1 DAGs
[2024-06-26T14:15:13.122+0000] {logging_mixin.py:188} INFO - [2024-06-26T14:15:13.122+0000] {dag.py:3954} INFO - Setting next_dagrun for dummy to None, run_after=None
[2024-06-26T14:15:13.132+0000] {processor.py:183} INFO - Processing /opt/airflow/dags/dummy.py took 0.041 seconds
[2024-06-26T14:15:18.907+0000] {processor.py:161} INFO - Started process (PID=597) to work on /opt/airflow/dags/dummy.py
[2024-06-26T14:15:18.908+0000] {processor.py:830} INFO - Processing file /opt/airflow/dags/dummy.py for tasks to queue
[2024-06-26T14:15:18.909+0000] {logging_mixin.py:188} INFO - [2024-06-26T14:15:18.908+0000] {dagbag.py:545} INFO - Filling up the DagBag from /opt/airflow/dags/dummy.py
[2024-06-26T14:15:18.916+0000] {processor.py:840} INFO - DAG(s) 'dummy' retrieved from /opt/airflow/dags/dummy.py
[2024-06-26T14:15:18.945+0000] {logging_mixin.py:188} INFO - [2024-06-26T14:15:18.945+0000] {dag.py:3096} INFO - Sync 1 DAGs
[2024-06-26T14:15:18.952+0000] {logging_mixin.py:188} INFO - [2024-06-26T14:15:18.952+0000] {dag.py:3954} INFO - Setting next_dagrun for dummy to None, run_after=None
[2024-06-26T14:15:18.962+0000] {processor.py:183} INFO - Processing /opt/airflow/dags/dummy.py took 0.058 seconds
[2024-06-26T14:15:24.717+0000] {processor.py:161} INFO - Started process (PID=624) to work on /opt/airflow/dags/dummy.py
[2024-06-26T14:15:24.718+0000] {processor.py:830} INFO - Processing file /opt/airflow/dags/dummy.py for tasks to queue
[2024-06-26T14:15:24.719+0000] {logging_mixin.py:188} INFO - [2024-06-26T14:15:24.719+0000] {dagbag.py:545} INFO - Filling up the DagBag from /opt/airflow/dags/dummy.py
[2024-06-26T14:15:24.729+0000] {processor.py:840} INFO - DAG(s) 'dummy' retrieved from /opt/airflow/dags/dummy.py
[2024-06-26T14:15:24.741+0000] {logging_mixin.py:188} INFO - [2024-06-26T14:15:24.741+0000] {dag.py:3096} INFO - Sync 1 DAGs
[2024-06-26T14:15:24.748+0000] {logging_mixin.py:188} INFO - [2024-06-26T14:15:24.747+0000] {dag.py:3954} INFO - Setting next_dagrun for dummy to None, run_after=None
[2024-06-26T14:15:24.758+0000] {processor.py:183} INFO - Processing /opt/airflow/dags/dummy.py took 0.048 seconds
[2024-06-26T14:15:30.531+0000] {processor.py:161} INFO - Started process (PID=651) to work on /opt/airflow/dags/dummy.py
[2024-06-26T14:15:30.532+0000] {processor.py:830} INFO - Processing file /opt/airflow/dags/dummy.py for tasks to queue
[2024-06-26T14:15:30.533+0000] {logging_mixin.py:188} INFO - [2024-06-26T14:15:30.532+0000] {dagbag.py:545} INFO - Filling up the DagBag from /opt/airflow/dags/dummy.py
[2024-06-26T14:15:30.540+0000] {processor.py:840} INFO - DAG(s) 'dummy' retrieved from /opt/airflow/dags/dummy.py
[2024-06-26T14:15:30.560+0000] {logging_mixin.py:188} INFO - [2024-06-26T14:15:30.560+0000] {dag.py:3096} INFO - Sync 1 DAGs
[2024-06-26T14:15:30.568+0000] {logging_mixin.py:188} INFO - [2024-06-26T14:15:30.568+0000] {dag.py:3954} INFO - Setting next_dagrun for dummy to None, run_after=None
[2024-06-26T14:15:30.578+0000] {processor.py:183} INFO - Processing /opt/airflow/dags/dummy.py took 0.050 seconds
[2024-06-26T14:15:36.337+0000] {processor.py:161} INFO - Started process (PID=678) to work on /opt/airflow/dags/dummy.py
[2024-06-26T14:15:36.337+0000] {processor.py:830} INFO - Processing file /opt/airflow/dags/dummy.py for tasks to queue
[2024-06-26T14:15:36.338+0000] {logging_mixin.py:188} INFO - [2024-06-26T14:15:36.338+0000] {dagbag.py:545} INFO - Filling up the DagBag from /opt/airflow/dags/dummy.py
[2024-06-26T14:15:36.344+0000] {processor.py:840} INFO - DAG(s) 'dummy' retrieved from /opt/airflow/dags/dummy.py
[2024-06-26T14:15:36.358+0000] {logging_mixin.py:188} INFO - [2024-06-26T14:15:36.358+0000] {dag.py:3096} INFO - Sync 1 DAGs
[2024-06-26T14:15:36.365+0000] {logging_mixin.py:188} INFO - [2024-06-26T14:15:36.365+0000] {dag.py:3954} INFO - Setting next_dagrun for dummy to None, run_after=None
[2024-06-26T14:15:36.375+0000] {processor.py:183} INFO - Processing /opt/airflow/dags/dummy.py took 0.042 seconds
[2024-06-26T14:15:42.227+0000] {processor.py:161} INFO - Started process (PID=705) to work on /opt/airflow/dags/dummy.py
[2024-06-26T14:15:42.231+0000] {processor.py:830} INFO - Processing file /opt/airflow/dags/dummy.py for tasks to queue
[2024-06-26T14:15:42.234+0000] {logging_mixin.py:188} INFO - [2024-06-26T14:15:42.233+0000] {dagbag.py:545} INFO - Filling up the DagBag from /opt/airflow/dags/dummy.py
[2024-06-26T14:15:42.243+0000] {processor.py:840} INFO - DAG(s) 'dummy' retrieved from /opt/airflow/dags/dummy.py
[2024-06-26T14:15:42.256+0000] {logging_mixin.py:188} INFO - [2024-06-26T14:15:42.256+0000] {dag.py:3096} INFO - Sync 1 DAGs
[2024-06-26T14:15:42.263+0000] {logging_mixin.py:188} INFO - [2024-06-26T14:15:42.263+0000] {dag.py:3954} INFO - Setting next_dagrun for dummy to None, run_after=None
[2024-06-26T14:15:42.273+0000] {processor.py:183} INFO - Processing /opt/airflow/dags/dummy.py took 0.051 seconds
[2024-06-26T14:15:48.001+0000] {processor.py:161} INFO - Started process (PID=738) to work on /opt/airflow/dags/dummy.py
[2024-06-26T14:15:48.001+0000] {processor.py:830} INFO - Processing file /opt/airflow/dags/dummy.py for tasks to queue
[2024-06-26T14:15:48.002+0000] {logging_mixin.py:188} INFO - [2024-06-26T14:15:48.002+0000] {dagbag.py:545} INFO - Filling up the DagBag from /opt/airflow/dags/dummy.py
[2024-06-26T14:15:48.008+0000] {processor.py:840} INFO - DAG(s) 'dummy' retrieved from /opt/airflow/dags/dummy.py
[2024-06-26T14:15:48.019+0000] {logging_mixin.py:188} INFO - [2024-06-26T14:15:48.019+0000] {dag.py:3096} INFO - Sync 1 DAGs
[2024-06-26T14:15:48.026+0000] {logging_mixin.py:188} INFO - [2024-06-26T14:15:48.026+0000] {dag.py:3954} INFO - Setting next_dagrun for dummy to None, run_after=None
[2024-06-26T14:15:48.036+0000] {processor.py:183} INFO - Processing /opt/airflow/dags/dummy.py took 0.040 seconds
[2024-06-26T14:15:53.817+0000] {processor.py:161} INFO - Started process (PID=765) to work on /opt/airflow/dags/dummy.py
[2024-06-26T14:15:53.818+0000] {processor.py:830} INFO - Processing file /opt/airflow/dags/dummy.py for tasks to queue
[2024-06-26T14:15:53.819+0000] {logging_mixin.py:188} INFO - [2024-06-26T14:15:53.819+0000] {dagbag.py:545} INFO - Filling up the DagBag from /opt/airflow/dags/dummy.py
[2024-06-26T14:15:53.825+0000] {processor.py:840} INFO - DAG(s) 'dummy' retrieved from /opt/airflow/dags/dummy.py
[2024-06-26T14:15:53.837+0000] {logging_mixin.py:188} INFO - [2024-06-26T14:15:53.837+0000] {dag.py:3096} INFO - Sync 1 DAGs
[2024-06-26T14:15:53.844+0000] {logging_mixin.py:188} INFO - [2024-06-26T14:15:53.844+0000] {dag.py:3954} INFO - Setting next_dagrun for dummy to None, run_after=None
[2024-06-26T14:15:53.855+0000] {processor.py:183} INFO - Processing /opt/airflow/dags/dummy.py took 0.040 seconds
[2024-06-26T14:15:59.697+0000] {processor.py:161} INFO - Started process (PID=792) to work on /opt/airflow/dags/dummy.py
[2024-06-26T14:15:59.697+0000] {processor.py:830} INFO - Processing file /opt/airflow/dags/dummy.py for tasks to queue
[2024-06-26T14:15:59.698+0000] {logging_mixin.py:188} INFO - [2024-06-26T14:15:59.698+0000] {dagbag.py:545} INFO - Filling up the DagBag from /opt/airflow/dags/dummy.py
[2024-06-26T14:15:59.704+0000] {processor.py:840} INFO - DAG(s) 'dummy' retrieved from /opt/airflow/dags/dummy.py
[2024-06-26T14:15:59.719+0000] {logging_mixin.py:188} INFO - [2024-06-26T14:15:59.718+0000] {dag.py:3096} INFO - Sync 1 DAGs
[2024-06-26T14:15:59.727+0000] {logging_mixin.py:188} INFO - [2024-06-26T14:15:59.726+0000] {dag.py:3954} INFO - Setting next_dagrun for dummy to None, run_after=None
[2024-06-26T14:15:59.737+0000] {processor.py:183} INFO - Processing /opt/airflow/dags/dummy.py took 0.043 seconds
[2024-06-26T14:16:05.471+0000] {processor.py:161} INFO - Started process (PID=819) to work on /opt/airflow/dags/dummy.py
[2024-06-26T14:16:05.471+0000] {processor.py:830} INFO - Processing file /opt/airflow/dags/dummy.py for tasks to queue
[2024-06-26T14:16:05.472+0000] {logging_mixin.py:188} INFO - [2024-06-26T14:16:05.472+0000] {dagbag.py:545} INFO - Filling up the DagBag from /opt/airflow/dags/dummy.py
[2024-06-26T14:16:05.477+0000] {processor.py:840} INFO - DAG(s) 'dummy' retrieved from /opt/airflow/dags/dummy.py
[2024-06-26T14:16:05.490+0000] {logging_mixin.py:188} INFO - [2024-06-26T14:16:05.490+0000] {dag.py:3096} INFO - Sync 1 DAGs
[2024-06-26T14:16:05.497+0000] {logging_mixin.py:188} INFO - [2024-06-26T14:16:05.497+0000] {dag.py:3954} INFO - Setting next_dagrun for dummy to None, run_after=None
[2024-06-26T14:16:05.507+0000] {processor.py:183} INFO - Processing /opt/airflow/dags/dummy.py took 0.039 seconds
[2024-06-26T14:16:11.267+0000] {processor.py:161} INFO - Started process (PID=846) to work on /opt/airflow/dags/dummy.py
[2024-06-26T14:16:11.269+0000] {processor.py:830} INFO - Processing file /opt/airflow/dags/dummy.py for tasks to queue
[2024-06-26T14:16:11.272+0000] {logging_mixin.py:188} INFO - [2024-06-26T14:16:11.272+0000] {dagbag.py:545} INFO - Filling up the DagBag from /opt/airflow/dags/dummy.py
[2024-06-26T14:16:11.279+0000] {processor.py:840} INFO - DAG(s) 'dummy' retrieved from /opt/airflow/dags/dummy.py
[2024-06-26T14:16:11.293+0000] {logging_mixin.py:188} INFO - [2024-06-26T14:16:11.293+0000] {dag.py:3096} INFO - Sync 1 DAGs
[2024-06-26T14:16:11.300+0000] {logging_mixin.py:188} INFO - [2024-06-26T14:16:11.300+0000] {dag.py:3954} INFO - Setting next_dagrun for dummy to None, run_after=None
[2024-06-26T14:16:11.311+0000] {processor.py:183} INFO - Processing /opt/airflow/dags/dummy.py took 0.051 seconds
[2024-06-26T14:16:17.104+0000] {processor.py:161} INFO - Started process (PID=873) to work on /opt/airflow/dags/dummy.py
[2024-06-26T14:16:17.104+0000] {processor.py:830} INFO - Processing file /opt/airflow/dags/dummy.py for tasks to queue
[2024-06-26T14:16:17.105+0000] {logging_mixin.py:188} INFO - [2024-06-26T14:16:17.105+0000] {dagbag.py:545} INFO - Filling up the DagBag from /opt/airflow/dags/dummy.py
[2024-06-26T14:16:17.114+0000] {processor.py:840} INFO - DAG(s) 'dummy' retrieved from /opt/airflow/dags/dummy.py
[2024-06-26T14:16:17.130+0000] {logging_mixin.py:188} INFO - [2024-06-26T14:16:17.130+0000] {dag.py:3096} INFO - Sync 1 DAGs
[2024-06-26T14:16:17.137+0000] {logging_mixin.py:188} INFO - [2024-06-26T14:16:17.137+0000] {dag.py:3954} INFO - Setting next_dagrun for dummy to None, run_after=None
[2024-06-26T14:16:17.147+0000] {processor.py:183} INFO - Processing /opt/airflow/dags/dummy.py took 0.046 seconds
[2024-06-26T14:16:22.895+0000] {processor.py:161} INFO - Started process (PID=906) to work on /opt/airflow/dags/dummy.py
[2024-06-26T14:16:22.897+0000] {processor.py:830} INFO - Processing file /opt/airflow/dags/dummy.py for tasks to queue
[2024-06-26T14:16:22.899+0000] {logging_mixin.py:188} INFO - [2024-06-26T14:16:22.899+0000] {dagbag.py:545} INFO - Filling up the DagBag from /opt/airflow/dags/dummy.py
[2024-06-26T14:16:22.904+0000] {processor.py:840} INFO - DAG(s) 'dummy' retrieved from /opt/airflow/dags/dummy.py
[2024-06-26T14:16:22.916+0000] {logging_mixin.py:188} INFO - [2024-06-26T14:16:22.916+0000] {dag.py:3096} INFO - Sync 1 DAGs
[2024-06-26T14:16:22.923+0000] {logging_mixin.py:188} INFO - [2024-06-26T14:16:22.922+0000] {dag.py:3954} INFO - Setting next_dagrun for dummy to None, run_after=None
[2024-06-26T14:16:22.932+0000] {processor.py:183} INFO - Processing /opt/airflow/dags/dummy.py took 0.041 seconds
[2024-06-26T14:16:28.731+0000] {processor.py:161} INFO - Started process (PID=933) to work on /opt/airflow/dags/dummy.py
[2024-06-26T14:16:28.736+0000] {processor.py:830} INFO - Processing file /opt/airflow/dags/dummy.py for tasks to queue
[2024-06-26T14:16:28.738+0000] {logging_mixin.py:188} INFO - [2024-06-26T14:16:28.737+0000] {dagbag.py:545} INFO - Filling up the DagBag from /opt/airflow/dags/dummy.py
[2024-06-26T14:16:28.744+0000] {processor.py:840} INFO - DAG(s) 'dummy' retrieved from /opt/airflow/dags/dummy.py
[2024-06-26T14:16:28.758+0000] {logging_mixin.py:188} INFO - [2024-06-26T14:16:28.757+0000] {dag.py:3096} INFO - Sync 1 DAGs
[2024-06-26T14:16:28.764+0000] {logging_mixin.py:188} INFO - [2024-06-26T14:16:28.764+0000] {dag.py:3954} INFO - Setting next_dagrun for dummy to None, run_after=None
[2024-06-26T14:16:28.775+0000] {processor.py:183} INFO - Processing /opt/airflow/dags/dummy.py took 0.049 seconds
[2024-06-26T14:16:34.503+0000] {processor.py:161} INFO - Started process (PID=960) to work on /opt/airflow/dags/dummy.py
[2024-06-26T14:16:34.503+0000] {processor.py:830} INFO - Processing file /opt/airflow/dags/dummy.py for tasks to queue
[2024-06-26T14:16:34.504+0000] {logging_mixin.py:188} INFO - [2024-06-26T14:16:34.504+0000] {dagbag.py:545} INFO - Filling up the DagBag from /opt/airflow/dags/dummy.py
[2024-06-26T14:16:34.509+0000] {processor.py:840} INFO - DAG(s) 'dummy' retrieved from /opt/airflow/dags/dummy.py
[2024-06-26T14:16:34.521+0000] {logging_mixin.py:188} INFO - [2024-06-26T14:16:34.520+0000] {dag.py:3096} INFO - Sync 1 DAGs
[2024-06-26T14:16:34.527+0000] {logging_mixin.py:188} INFO - [2024-06-26T14:16:34.527+0000] {dag.py:3954} INFO - Setting next_dagrun for dummy to None, run_after=None
[2024-06-26T14:16:34.537+0000] {processor.py:183} INFO - Processing /opt/airflow/dags/dummy.py took 0.039 seconds
[2024-06-26T14:16:40.284+0000] {processor.py:161} INFO - Started process (PID=987) to work on /opt/airflow/dags/dummy.py
[2024-06-26T14:16:40.285+0000] {processor.py:830} INFO - Processing file /opt/airflow/dags/dummy.py for tasks to queue
[2024-06-26T14:16:40.286+0000] {logging_mixin.py:188} INFO - [2024-06-26T14:16:40.286+0000] {dagbag.py:545} INFO - Filling up the DagBag from /opt/airflow/dags/dummy.py
[2024-06-26T14:16:40.291+0000] {processor.py:840} INFO - DAG(s) 'dummy' retrieved from /opt/airflow/dags/dummy.py
[2024-06-26T14:16:40.303+0000] {logging_mixin.py:188} INFO - [2024-06-26T14:16:40.303+0000] {dag.py:3096} INFO - Sync 1 DAGs
[2024-06-26T14:16:40.309+0000] {logging_mixin.py:188} INFO - [2024-06-26T14:16:40.309+0000] {dag.py:3954} INFO - Setting next_dagrun for dummy to None, run_after=None
[2024-06-26T14:16:40.318+0000] {processor.py:183} INFO - Processing /opt/airflow/dags/dummy.py took 0.037 seconds
[2024-06-26T14:16:46.076+0000] {processor.py:161} INFO - Started process (PID=1014) to work on /opt/airflow/dags/dummy.py
[2024-06-26T14:16:46.080+0000] {processor.py:830} INFO - Processing file /opt/airflow/dags/dummy.py for tasks to queue
[2024-06-26T14:16:46.082+0000] {logging_mixin.py:188} INFO - [2024-06-26T14:16:46.082+0000] {dagbag.py:545} INFO - Filling up the DagBag from /opt/airflow/dags/dummy.py
[2024-06-26T14:16:46.094+0000] {processor.py:840} INFO - DAG(s) 'dummy' retrieved from /opt/airflow/dags/dummy.py
[2024-06-26T14:16:46.109+0000] {logging_mixin.py:188} INFO - [2024-06-26T14:16:46.109+0000] {dag.py:3096} INFO - Sync 1 DAGs
[2024-06-26T14:16:46.115+0000] {logging_mixin.py:188} INFO - [2024-06-26T14:16:46.115+0000] {dag.py:3954} INFO - Setting next_dagrun for dummy to None, run_after=None
[2024-06-26T14:16:46.126+0000] {processor.py:183} INFO - Processing /opt/airflow/dags/dummy.py took 0.055 seconds
[2024-06-26T14:16:51.907+0000] {processor.py:161} INFO - Started process (PID=1047) to work on /opt/airflow/dags/dummy.py
[2024-06-26T14:16:51.908+0000] {processor.py:830} INFO - Processing file /opt/airflow/dags/dummy.py for tasks to queue
[2024-06-26T14:16:51.909+0000] {logging_mixin.py:188} INFO - [2024-06-26T14:16:51.909+0000] {dagbag.py:545} INFO - Filling up the DagBag from /opt/airflow/dags/dummy.py
[2024-06-26T14:16:51.914+0000] {processor.py:840} INFO - DAG(s) 'dummy' retrieved from /opt/airflow/dags/dummy.py
[2024-06-26T14:16:51.926+0000] {logging_mixin.py:188} INFO - [2024-06-26T14:16:51.926+0000] {dag.py:3096} INFO - Sync 1 DAGs
[2024-06-26T14:16:51.932+0000] {logging_mixin.py:188} INFO - [2024-06-26T14:16:51.932+0000] {dag.py:3954} INFO - Setting next_dagrun for dummy to None, run_after=None
[2024-06-26T14:16:51.942+0000] {processor.py:183} INFO - Processing /opt/airflow/dags/dummy.py took 0.037 seconds
[2024-06-26T14:16:57.739+0000] {processor.py:161} INFO - Started process (PID=1074) to work on /opt/airflow/dags/dummy.py
[2024-06-26T14:16:57.739+0000] {processor.py:830} INFO - Processing file /opt/airflow/dags/dummy.py for tasks to queue
[2024-06-26T14:16:57.740+0000] {logging_mixin.py:188} INFO - [2024-06-26T14:16:57.740+0000] {dagbag.py:545} INFO - Filling up the DagBag from /opt/airflow/dags/dummy.py
[2024-06-26T14:16:57.745+0000] {processor.py:840} INFO - DAG(s) 'dummy' retrieved from /opt/airflow/dags/dummy.py
[2024-06-26T14:16:57.758+0000] {logging_mixin.py:188} INFO - [2024-06-26T14:16:57.758+0000] {dag.py:3096} INFO - Sync 1 DAGs
[2024-06-26T14:16:57.764+0000] {logging_mixin.py:188} INFO - [2024-06-26T14:16:57.764+0000] {dag.py:3954} INFO - Setting next_dagrun for dummy to None, run_after=None
[2024-06-26T14:16:57.784+0000] {processor.py:183} INFO - Processing /opt/airflow/dags/dummy.py took 0.049 seconds
[2024-06-26T14:17:03.561+0000] {processor.py:161} INFO - Started process (PID=1101) to work on /opt/airflow/dags/dummy.py
[2024-06-26T14:17:03.561+0000] {processor.py:830} INFO - Processing file /opt/airflow/dags/dummy.py for tasks to queue
[2024-06-26T14:17:03.562+0000] {logging_mixin.py:188} INFO - [2024-06-26T14:17:03.562+0000] {dagbag.py:545} INFO - Filling up the DagBag from /opt/airflow/dags/dummy.py
[2024-06-26T14:17:03.570+0000] {processor.py:840} INFO - DAG(s) 'dummy' retrieved from /opt/airflow/dags/dummy.py
[2024-06-26T14:17:03.591+0000] {logging_mixin.py:188} INFO - [2024-06-26T14:17:03.591+0000] {dag.py:3096} INFO - Sync 1 DAGs
[2024-06-26T14:17:03.597+0000] {logging_mixin.py:188} INFO - [2024-06-26T14:17:03.597+0000] {dag.py:3954} INFO - Setting next_dagrun for dummy to None, run_after=None
[2024-06-26T14:17:03.606+0000] {processor.py:183} INFO - Processing /opt/airflow/dags/dummy.py took 0.049 seconds
[2024-06-26T14:17:09.278+0000] {processor.py:161} INFO - Started process (PID=1128) to work on /opt/airflow/dags/dummy.py
[2024-06-26T14:17:09.279+0000] {processor.py:830} INFO - Processing file /opt/airflow/dags/dummy.py for tasks to queue
[2024-06-26T14:17:09.280+0000] {logging_mixin.py:188} INFO - [2024-06-26T14:17:09.279+0000] {dagbag.py:545} INFO - Filling up the DagBag from /opt/airflow/dags/dummy.py
[2024-06-26T14:17:09.285+0000] {processor.py:840} INFO - DAG(s) 'dummy' retrieved from /opt/airflow/dags/dummy.py
[2024-06-26T14:17:09.297+0000] {logging_mixin.py:188} INFO - [2024-06-26T14:17:09.297+0000] {dag.py:3096} INFO - Sync 1 DAGs
[2024-06-26T14:17:09.305+0000] {logging_mixin.py:188} INFO - [2024-06-26T14:17:09.304+0000] {dag.py:3954} INFO - Setting next_dagrun for dummy to None, run_after=None
[2024-06-26T14:17:09.316+0000] {processor.py:183} INFO - Processing /opt/airflow/dags/dummy.py took 0.041 seconds
[2024-06-26T14:17:15.104+0000] {processor.py:161} INFO - Started process (PID=1155) to work on /opt/airflow/dags/dummy.py
[2024-06-26T14:17:15.104+0000] {processor.py:830} INFO - Processing file /opt/airflow/dags/dummy.py for tasks to queue
[2024-06-26T14:17:15.105+0000] {logging_mixin.py:188} INFO - [2024-06-26T14:17:15.105+0000] {dagbag.py:545} INFO - Filling up the DagBag from /opt/airflow/dags/dummy.py
[2024-06-26T14:17:15.111+0000] {processor.py:840} INFO - DAG(s) 'dummy' retrieved from /opt/airflow/dags/dummy.py
[2024-06-26T14:17:15.122+0000] {logging_mixin.py:188} INFO - [2024-06-26T14:17:15.122+0000] {dag.py:3096} INFO - Sync 1 DAGs
[2024-06-26T14:17:15.129+0000] {logging_mixin.py:188} INFO - [2024-06-26T14:17:15.128+0000] {dag.py:3954} INFO - Setting next_dagrun for dummy to None, run_after=None
[2024-06-26T14:17:15.138+0000] {processor.py:183} INFO - Processing /opt/airflow/dags/dummy.py took 0.037 seconds
[2024-06-26T14:17:20.891+0000] {processor.py:161} INFO - Started process (PID=1188) to work on /opt/airflow/dags/dummy.py
[2024-06-26T14:17:20.892+0000] {processor.py:830} INFO - Processing file /opt/airflow/dags/dummy.py for tasks to queue
[2024-06-26T14:17:20.893+0000] {logging_mixin.py:188} INFO - [2024-06-26T14:17:20.893+0000] {dagbag.py:545} INFO - Filling up the DagBag from /opt/airflow/dags/dummy.py
[2024-06-26T14:17:20.901+0000] {processor.py:840} INFO - DAG(s) 'dummy' retrieved from /opt/airflow/dags/dummy.py
[2024-06-26T14:17:20.913+0000] {logging_mixin.py:188} INFO - [2024-06-26T14:17:20.913+0000] {dag.py:3096} INFO - Sync 1 DAGs
[2024-06-26T14:17:20.920+0000] {logging_mixin.py:188} INFO - [2024-06-26T14:17:20.920+0000] {dag.py:3954} INFO - Setting next_dagrun for dummy to None, run_after=None
[2024-06-26T14:17:20.929+0000] {processor.py:183} INFO - Processing /opt/airflow/dags/dummy.py took 0.043 seconds
[2024-06-26T14:17:26.627+0000] {processor.py:161} INFO - Started process (PID=1215) to work on /opt/airflow/dags/dummy.py
[2024-06-26T14:17:26.628+0000] {processor.py:830} INFO - Processing file /opt/airflow/dags/dummy.py for tasks to queue
[2024-06-26T14:17:26.631+0000] {logging_mixin.py:188} INFO - [2024-06-26T14:17:26.630+0000] {dagbag.py:545} INFO - Filling up the DagBag from /opt/airflow/dags/dummy.py
[2024-06-26T14:17:26.640+0000] {processor.py:840} INFO - DAG(s) 'dummy' retrieved from /opt/airflow/dags/dummy.py
[2024-06-26T14:17:26.654+0000] {logging_mixin.py:188} INFO - [2024-06-26T14:17:26.654+0000] {dag.py:3096} INFO - Sync 1 DAGs
[2024-06-26T14:17:26.660+0000] {logging_mixin.py:188} INFO - [2024-06-26T14:17:26.660+0000] {dag.py:3954} INFO - Setting next_dagrun for dummy to None, run_after=None
[2024-06-26T14:17:26.671+0000] {processor.py:183} INFO - Processing /opt/airflow/dags/dummy.py took 0.053 seconds
[2024-06-26T14:17:32.316+0000] {processor.py:161} INFO - Started process (PID=1242) to work on /opt/airflow/dags/dummy.py
[2024-06-26T14:17:32.317+0000] {processor.py:830} INFO - Processing file /opt/airflow/dags/dummy.py for tasks to queue
[2024-06-26T14:17:32.317+0000] {logging_mixin.py:188} INFO - [2024-06-26T14:17:32.317+0000] {dagbag.py:545} INFO - Filling up the DagBag from /opt/airflow/dags/dummy.py
[2024-06-26T14:17:32.323+0000] {processor.py:840} INFO - DAG(s) 'dummy' retrieved from /opt/airflow/dags/dummy.py
[2024-06-26T14:17:32.336+0000] {logging_mixin.py:188} INFO - [2024-06-26T14:17:32.335+0000] {dag.py:3096} INFO - Sync 1 DAGs
[2024-06-26T14:17:32.342+0000] {logging_mixin.py:188} INFO - [2024-06-26T14:17:32.342+0000] {dag.py:3954} INFO - Setting next_dagrun for dummy to None, run_after=None
[2024-06-26T14:17:32.352+0000] {processor.py:183} INFO - Processing /opt/airflow/dags/dummy.py took 0.039 seconds
[2024-06-26T14:17:38.090+0000] {processor.py:161} INFO - Started process (PID=1269) to work on /opt/airflow/dags/dummy.py
[2024-06-26T14:17:38.091+0000] {processor.py:830} INFO - Processing file /opt/airflow/dags/dummy.py for tasks to queue
[2024-06-26T14:17:38.091+0000] {logging_mixin.py:188} INFO - [2024-06-26T14:17:38.091+0000] {dagbag.py:545} INFO - Filling up the DagBag from /opt/airflow/dags/dummy.py
[2024-06-26T14:17:38.096+0000] {processor.py:840} INFO - DAG(s) 'dummy' retrieved from /opt/airflow/dags/dummy.py
[2024-06-26T14:17:38.108+0000] {logging_mixin.py:188} INFO - [2024-06-26T14:17:38.108+0000] {dag.py:3096} INFO - Sync 1 DAGs
[2024-06-26T14:17:38.114+0000] {logging_mixin.py:188} INFO - [2024-06-26T14:17:38.114+0000] {dag.py:3954} INFO - Setting next_dagrun for dummy to None, run_after=None
[2024-06-26T14:17:38.124+0000] {processor.py:183} INFO - Processing /opt/airflow/dags/dummy.py took 0.037 seconds
[2024-06-26T14:17:43.822+0000] {processor.py:161} INFO - Started process (PID=1296) to work on /opt/airflow/dags/dummy.py
[2024-06-26T14:17:43.822+0000] {processor.py:830} INFO - Processing file /opt/airflow/dags/dummy.py for tasks to queue
[2024-06-26T14:17:43.823+0000] {logging_mixin.py:188} INFO - [2024-06-26T14:17:43.823+0000] {dagbag.py:545} INFO - Filling up the DagBag from /opt/airflow/dags/dummy.py
[2024-06-26T14:17:43.829+0000] {processor.py:840} INFO - DAG(s) 'dummy' retrieved from /opt/airflow/dags/dummy.py
[2024-06-26T14:17:43.840+0000] {logging_mixin.py:188} INFO - [2024-06-26T14:17:43.840+0000] {dag.py:3096} INFO - Sync 1 DAGs
[2024-06-26T14:17:43.847+0000] {logging_mixin.py:188} INFO - [2024-06-26T14:17:43.846+0000] {dag.py:3954} INFO - Setting next_dagrun for dummy to None, run_after=None
[2024-06-26T14:17:43.856+0000] {processor.py:183} INFO - Processing /opt/airflow/dags/dummy.py took 0.037 seconds
[2024-06-26T14:17:49.644+0000] {processor.py:161} INFO - Started process (PID=1329) to work on /opt/airflow/dags/dummy.py
[2024-06-26T14:17:49.644+0000] {processor.py:830} INFO - Processing file /opt/airflow/dags/dummy.py for tasks to queue
[2024-06-26T14:17:49.645+0000] {logging_mixin.py:188} INFO - [2024-06-26T14:17:49.645+0000] {dagbag.py:545} INFO - Filling up the DagBag from /opt/airflow/dags/dummy.py
[2024-06-26T14:17:49.650+0000] {processor.py:840} INFO - DAG(s) 'dummy' retrieved from /opt/airflow/dags/dummy.py
[2024-06-26T14:17:49.662+0000] {logging_mixin.py:188} INFO - [2024-06-26T14:17:49.662+0000] {dag.py:3096} INFO - Sync 1 DAGs
[2024-06-26T14:17:49.668+0000] {logging_mixin.py:188} INFO - [2024-06-26T14:17:49.668+0000] {dag.py:3954} INFO - Setting next_dagrun for dummy to None, run_after=None
[2024-06-26T14:17:49.678+0000] {processor.py:183} INFO - Processing /opt/airflow/dags/dummy.py took 0.038 seconds
[2024-06-26T14:17:55.432+0000] {processor.py:161} INFO - Started process (PID=1356) to work on /opt/airflow/dags/dummy.py
[2024-06-26T14:17:55.432+0000] {processor.py:830} INFO - Processing file /opt/airflow/dags/dummy.py for tasks to queue
[2024-06-26T14:17:55.433+0000] {logging_mixin.py:188} INFO - [2024-06-26T14:17:55.433+0000] {dagbag.py:545} INFO - Filling up the DagBag from /opt/airflow/dags/dummy.py
[2024-06-26T14:17:55.438+0000] {processor.py:840} INFO - DAG(s) 'dummy' retrieved from /opt/airflow/dags/dummy.py
[2024-06-26T14:17:55.449+0000] {logging_mixin.py:188} INFO - [2024-06-26T14:17:55.449+0000] {dag.py:3096} INFO - Sync 1 DAGs
[2024-06-26T14:17:55.456+0000] {logging_mixin.py:188} INFO - [2024-06-26T14:17:55.456+0000] {dag.py:3954} INFO - Setting next_dagrun for dummy to None, run_after=None
[2024-06-26T14:17:55.465+0000] {processor.py:183} INFO - Processing /opt/airflow/dags/dummy.py took 0.036 seconds
[2024-06-26T14:18:01.133+0000] {processor.py:161} INFO - Started process (PID=1383) to work on /opt/airflow/dags/dummy.py
[2024-06-26T14:18:01.139+0000] {processor.py:830} INFO - Processing file /opt/airflow/dags/dummy.py for tasks to queue
[2024-06-26T14:18:01.140+0000] {logging_mixin.py:188} INFO - [2024-06-26T14:18:01.140+0000] {dagbag.py:545} INFO - Filling up the DagBag from /opt/airflow/dags/dummy.py
[2024-06-26T14:18:01.146+0000] {processor.py:840} INFO - DAG(s) 'dummy' retrieved from /opt/airflow/dags/dummy.py
[2024-06-26T14:18:01.158+0000] {logging_mixin.py:188} INFO - [2024-06-26T14:18:01.158+0000] {dag.py:3096} INFO - Sync 1 DAGs
[2024-06-26T14:18:01.164+0000] {logging_mixin.py:188} INFO - [2024-06-26T14:18:01.164+0000] {dag.py:3954} INFO - Setting next_dagrun for dummy to None, run_after=None
[2024-06-26T14:18:01.175+0000] {processor.py:183} INFO - Processing /opt/airflow/dags/dummy.py took 0.045 seconds
