[2024-06-26T14:13:30.027+0000] {processor.py:161} INFO - Started process (PID=61) to work on /opt/airflow/dags/firstdag.py
[2024-06-26T14:13:30.028+0000] {processor.py:830} INFO - Processing file /opt/airflow/dags/firstdag.py for tasks to queue
[2024-06-26T14:13:30.029+0000] {logging_mixin.py:188} INFO - [2024-06-26T14:13:30.029+0000] {dagbag.py:545} INFO - Filling up the DagBag from /opt/airflow/dags/firstdag.py
[2024-06-26T14:13:30.034+0000] {processor.py:840} INFO - DAG(s) 'firstdag' retrieved from /opt/airflow/dags/firstdag.py
[2024-06-26T14:13:30.091+0000] {logging_mixin.py:188} INFO - [2024-06-26T14:13:30.090+0000] {dag.py:3096} INFO - Sync 1 DAGs
[2024-06-26T14:13:30.096+0000] {logging_mixin.py:188} INFO - [2024-06-26T14:13:30.096+0000] {dag.py:3954} INFO - Setting next_dagrun for firstdag to None, run_after=None
[2024-06-26T14:13:30.105+0000] {processor.py:183} INFO - Processing /opt/airflow/dags/firstdag.py took 0.080 seconds
[2024-06-26T14:13:35.847+0000] {processor.py:161} INFO - Started process (PID=88) to work on /opt/airflow/dags/firstdag.py
[2024-06-26T14:13:35.848+0000] {processor.py:830} INFO - Processing file /opt/airflow/dags/firstdag.py for tasks to queue
[2024-06-26T14:13:35.848+0000] {logging_mixin.py:188} INFO - [2024-06-26T14:13:35.848+0000] {dagbag.py:545} INFO - Filling up the DagBag from /opt/airflow/dags/firstdag.py
[2024-06-26T14:13:35.855+0000] {processor.py:840} INFO - DAG(s) 'firstdag' retrieved from /opt/airflow/dags/firstdag.py
[2024-06-26T14:13:35.861+0000] {logging_mixin.py:188} INFO - [2024-06-26T14:13:35.861+0000] {dag.py:3096} INFO - Sync 1 DAGs
[2024-06-26T14:13:35.868+0000] {logging_mixin.py:188} INFO - [2024-06-26T14:13:35.868+0000] {dag.py:3954} INFO - Setting next_dagrun for firstdag to None, run_after=None
[2024-06-26T14:13:35.880+0000] {processor.py:183} INFO - Processing /opt/airflow/dags/firstdag.py took 0.036 seconds
[2024-06-26T14:13:41.607+0000] {processor.py:161} INFO - Started process (PID=115) to work on /opt/airflow/dags/firstdag.py
[2024-06-26T14:13:41.608+0000] {processor.py:830} INFO - Processing file /opt/airflow/dags/firstdag.py for tasks to queue
[2024-06-26T14:13:41.609+0000] {logging_mixin.py:188} INFO - [2024-06-26T14:13:41.609+0000] {dagbag.py:545} INFO - Filling up the DagBag from /opt/airflow/dags/firstdag.py
[2024-06-26T14:13:41.613+0000] {processor.py:840} INFO - DAG(s) 'firstdag' retrieved from /opt/airflow/dags/firstdag.py
[2024-06-26T14:13:41.619+0000] {logging_mixin.py:188} INFO - [2024-06-26T14:13:41.619+0000] {dag.py:3096} INFO - Sync 1 DAGs
[2024-06-26T14:13:41.626+0000] {logging_mixin.py:188} INFO - [2024-06-26T14:13:41.625+0000] {dag.py:3954} INFO - Setting next_dagrun for firstdag to None, run_after=None
[2024-06-26T14:13:41.635+0000] {processor.py:183} INFO - Processing /opt/airflow/dags/firstdag.py took 0.031 seconds
[2024-06-26T14:13:47.418+0000] {processor.py:161} INFO - Started process (PID=148) to work on /opt/airflow/dags/firstdag.py
[2024-06-26T14:13:47.419+0000] {processor.py:830} INFO - Processing file /opt/airflow/dags/firstdag.py for tasks to queue
[2024-06-26T14:13:47.420+0000] {logging_mixin.py:188} INFO - [2024-06-26T14:13:47.420+0000] {dagbag.py:545} INFO - Filling up the DagBag from /opt/airflow/dags/firstdag.py
[2024-06-26T14:13:47.424+0000] {processor.py:840} INFO - DAG(s) 'firstdag' retrieved from /opt/airflow/dags/firstdag.py
[2024-06-26T14:13:47.431+0000] {logging_mixin.py:188} INFO - [2024-06-26T14:13:47.431+0000] {dag.py:3096} INFO - Sync 1 DAGs
[2024-06-26T14:13:47.439+0000] {logging_mixin.py:188} INFO - [2024-06-26T14:13:47.439+0000] {dag.py:3954} INFO - Setting next_dagrun for firstdag to None, run_after=None
[2024-06-26T14:13:47.448+0000] {processor.py:183} INFO - Processing /opt/airflow/dags/firstdag.py took 0.034 seconds
[2024-06-26T14:13:53.048+0000] {processor.py:161} INFO - Started process (PID=175) to work on /opt/airflow/dags/firstdag.py
[2024-06-26T14:13:53.048+0000] {processor.py:830} INFO - Processing file /opt/airflow/dags/firstdag.py for tasks to queue
[2024-06-26T14:13:53.049+0000] {logging_mixin.py:188} INFO - [2024-06-26T14:13:53.049+0000] {dagbag.py:545} INFO - Filling up the DagBag from /opt/airflow/dags/firstdag.py
[2024-06-26T14:13:53.054+0000] {processor.py:840} INFO - DAG(s) 'firstdag' retrieved from /opt/airflow/dags/firstdag.py
[2024-06-26T14:13:53.060+0000] {logging_mixin.py:188} INFO - [2024-06-26T14:13:53.060+0000] {dag.py:3096} INFO - Sync 1 DAGs
[2024-06-26T14:13:53.070+0000] {logging_mixin.py:188} INFO - [2024-06-26T14:13:53.070+0000] {dag.py:3954} INFO - Setting next_dagrun for firstdag to None, run_after=None
[2024-06-26T14:13:53.082+0000] {processor.py:183} INFO - Processing /opt/airflow/dags/firstdag.py took 0.037 seconds
[2024-06-26T14:13:59.095+0000] {processor.py:161} INFO - Started process (PID=215) to work on /opt/airflow/dags/firstdag.py
[2024-06-26T14:13:59.096+0000] {processor.py:830} INFO - Processing file /opt/airflow/dags/firstdag.py for tasks to queue
[2024-06-26T14:13:59.097+0000] {logging_mixin.py:188} INFO - [2024-06-26T14:13:59.097+0000] {dagbag.py:545} INFO - Filling up the DagBag from /opt/airflow/dags/firstdag.py
[2024-06-26T14:13:59.102+0000] {processor.py:840} INFO - DAG(s) 'firstdag' retrieved from /opt/airflow/dags/firstdag.py
[2024-06-26T14:13:59.107+0000] {logging_mixin.py:188} INFO - [2024-06-26T14:13:59.107+0000] {dag.py:3096} INFO - Sync 1 DAGs
[2024-06-26T14:13:59.115+0000] {logging_mixin.py:188} INFO - [2024-06-26T14:13:59.114+0000] {dag.py:3954} INFO - Setting next_dagrun for firstdag to None, run_after=None
[2024-06-26T14:13:59.124+0000] {processor.py:183} INFO - Processing /opt/airflow/dags/firstdag.py took 0.032 seconds
[2024-06-26T14:14:04.867+0000] {processor.py:161} INFO - Started process (PID=242) to work on /opt/airflow/dags/firstdag.py
[2024-06-26T14:14:04.868+0000] {processor.py:830} INFO - Processing file /opt/airflow/dags/firstdag.py for tasks to queue
[2024-06-26T14:14:04.869+0000] {logging_mixin.py:188} INFO - [2024-06-26T14:14:04.869+0000] {dagbag.py:545} INFO - Filling up the DagBag from /opt/airflow/dags/firstdag.py
[2024-06-26T14:14:04.874+0000] {processor.py:840} INFO - DAG(s) 'firstdag' retrieved from /opt/airflow/dags/firstdag.py
[2024-06-26T14:14:04.886+0000] {logging_mixin.py:188} INFO - [2024-06-26T14:14:04.886+0000] {dag.py:3096} INFO - Sync 1 DAGs
[2024-06-26T14:14:04.893+0000] {logging_mixin.py:188} INFO - [2024-06-26T14:14:04.892+0000] {dag.py:3954} INFO - Setting next_dagrun for firstdag to None, run_after=None
[2024-06-26T14:14:04.902+0000] {processor.py:183} INFO - Processing /opt/airflow/dags/firstdag.py took 0.038 seconds
[2024-06-26T14:14:10.829+0000] {processor.py:161} INFO - Started process (PID=269) to work on /opt/airflow/dags/firstdag.py
[2024-06-26T14:14:10.829+0000] {processor.py:830} INFO - Processing file /opt/airflow/dags/firstdag.py for tasks to queue
[2024-06-26T14:14:10.830+0000] {logging_mixin.py:188} INFO - [2024-06-26T14:14:10.830+0000] {dagbag.py:545} INFO - Filling up the DagBag from /opt/airflow/dags/firstdag.py
[2024-06-26T14:14:10.835+0000] {processor.py:840} INFO - DAG(s) 'firstdag' retrieved from /opt/airflow/dags/firstdag.py
[2024-06-26T14:14:10.847+0000] {logging_mixin.py:188} INFO - [2024-06-26T14:14:10.847+0000] {dag.py:3096} INFO - Sync 1 DAGs
[2024-06-26T14:14:10.853+0000] {logging_mixin.py:188} INFO - [2024-06-26T14:14:10.853+0000] {dag.py:3954} INFO - Setting next_dagrun for firstdag to None, run_after=None
[2024-06-26T14:14:10.863+0000] {processor.py:183} INFO - Processing /opt/airflow/dags/firstdag.py took 0.037 seconds
[2024-06-26T14:14:16.594+0000] {processor.py:161} INFO - Started process (PID=296) to work on /opt/airflow/dags/firstdag.py
[2024-06-26T14:14:16.594+0000] {processor.py:830} INFO - Processing file /opt/airflow/dags/firstdag.py for tasks to queue
[2024-06-26T14:14:16.595+0000] {logging_mixin.py:188} INFO - [2024-06-26T14:14:16.595+0000] {dagbag.py:545} INFO - Filling up the DagBag from /opt/airflow/dags/firstdag.py
[2024-06-26T14:14:16.601+0000] {processor.py:840} INFO - DAG(s) 'firstdag' retrieved from /opt/airflow/dags/firstdag.py
[2024-06-26T14:14:16.613+0000] {logging_mixin.py:188} INFO - [2024-06-26T14:14:16.613+0000] {dag.py:3096} INFO - Sync 1 DAGs
[2024-06-26T14:14:16.621+0000] {logging_mixin.py:188} INFO - [2024-06-26T14:14:16.621+0000] {dag.py:3954} INFO - Setting next_dagrun for firstdag to None, run_after=None
[2024-06-26T14:14:16.631+0000] {processor.py:183} INFO - Processing /opt/airflow/dags/firstdag.py took 0.041 seconds
[2024-06-26T14:14:22.359+0000] {processor.py:161} INFO - Started process (PID=329) to work on /opt/airflow/dags/firstdag.py
[2024-06-26T14:14:22.360+0000] {processor.py:830} INFO - Processing file /opt/airflow/dags/firstdag.py for tasks to queue
[2024-06-26T14:14:22.361+0000] {logging_mixin.py:188} INFO - [2024-06-26T14:14:22.361+0000] {dagbag.py:545} INFO - Filling up the DagBag from /opt/airflow/dags/firstdag.py
[2024-06-26T14:14:22.366+0000] {processor.py:840} INFO - DAG(s) 'firstdag' retrieved from /opt/airflow/dags/firstdag.py
[2024-06-26T14:14:22.378+0000] {logging_mixin.py:188} INFO - [2024-06-26T14:14:22.378+0000] {dag.py:3096} INFO - Sync 1 DAGs
[2024-06-26T14:14:22.385+0000] {logging_mixin.py:188} INFO - [2024-06-26T14:14:22.385+0000] {dag.py:3954} INFO - Setting next_dagrun for firstdag to None, run_after=None
[2024-06-26T14:14:22.394+0000] {processor.py:183} INFO - Processing /opt/airflow/dags/firstdag.py took 0.038 seconds
[2024-06-26T14:14:28.215+0000] {processor.py:161} INFO - Started process (PID=356) to work on /opt/airflow/dags/firstdag.py
[2024-06-26T14:14:28.215+0000] {processor.py:830} INFO - Processing file /opt/airflow/dags/firstdag.py for tasks to queue
[2024-06-26T14:14:28.216+0000] {logging_mixin.py:188} INFO - [2024-06-26T14:14:28.216+0000] {dagbag.py:545} INFO - Filling up the DagBag from /opt/airflow/dags/firstdag.py
[2024-06-26T14:14:28.221+0000] {processor.py:840} INFO - DAG(s) 'firstdag' retrieved from /opt/airflow/dags/firstdag.py
[2024-06-26T14:14:28.234+0000] {logging_mixin.py:188} INFO - [2024-06-26T14:14:28.234+0000] {dag.py:3096} INFO - Sync 1 DAGs
[2024-06-26T14:14:28.242+0000] {logging_mixin.py:188} INFO - [2024-06-26T14:14:28.242+0000] {dag.py:3954} INFO - Setting next_dagrun for firstdag to None, run_after=None
[2024-06-26T14:14:28.252+0000] {processor.py:183} INFO - Processing /opt/airflow/dags/firstdag.py took 0.040 seconds
[2024-06-26T14:14:34.024+0000] {processor.py:161} INFO - Started process (PID=383) to work on /opt/airflow/dags/firstdag.py
[2024-06-26T14:14:34.025+0000] {processor.py:830} INFO - Processing file /opt/airflow/dags/firstdag.py for tasks to queue
[2024-06-26T14:14:34.026+0000] {logging_mixin.py:188} INFO - [2024-06-26T14:14:34.026+0000] {dagbag.py:545} INFO - Filling up the DagBag from /opt/airflow/dags/firstdag.py
[2024-06-26T14:14:34.031+0000] {processor.py:840} INFO - DAG(s) 'firstdag' retrieved from /opt/airflow/dags/firstdag.py
[2024-06-26T14:14:34.046+0000] {logging_mixin.py:188} INFO - [2024-06-26T14:14:34.045+0000] {dag.py:3096} INFO - Sync 1 DAGs
[2024-06-26T14:14:34.052+0000] {logging_mixin.py:188} INFO - [2024-06-26T14:14:34.052+0000] {dag.py:3954} INFO - Setting next_dagrun for firstdag to None, run_after=None
[2024-06-26T14:14:34.062+0000] {processor.py:183} INFO - Processing /opt/airflow/dags/firstdag.py took 0.041 seconds
[2024-06-26T14:14:39.806+0000] {processor.py:161} INFO - Started process (PID=410) to work on /opt/airflow/dags/firstdag.py
[2024-06-26T14:14:39.807+0000] {processor.py:830} INFO - Processing file /opt/airflow/dags/firstdag.py for tasks to queue
[2024-06-26T14:14:39.808+0000] {logging_mixin.py:188} INFO - [2024-06-26T14:14:39.808+0000] {dagbag.py:545} INFO - Filling up the DagBag from /opt/airflow/dags/firstdag.py
[2024-06-26T14:14:39.813+0000] {processor.py:840} INFO - DAG(s) 'firstdag' retrieved from /opt/airflow/dags/firstdag.py
[2024-06-26T14:14:39.825+0000] {logging_mixin.py:188} INFO - [2024-06-26T14:14:39.825+0000] {dag.py:3096} INFO - Sync 1 DAGs
[2024-06-26T14:14:39.831+0000] {logging_mixin.py:188} INFO - [2024-06-26T14:14:39.831+0000] {dag.py:3954} INFO - Setting next_dagrun for firstdag to None, run_after=None
[2024-06-26T14:14:39.841+0000] {processor.py:183} INFO - Processing /opt/airflow/dags/firstdag.py took 0.038 seconds
[2024-06-26T14:14:45.554+0000] {processor.py:161} INFO - Started process (PID=437) to work on /opt/airflow/dags/firstdag.py
[2024-06-26T14:14:45.554+0000] {processor.py:830} INFO - Processing file /opt/airflow/dags/firstdag.py for tasks to queue
[2024-06-26T14:14:45.555+0000] {logging_mixin.py:188} INFO - [2024-06-26T14:14:45.555+0000] {dagbag.py:545} INFO - Filling up the DagBag from /opt/airflow/dags/firstdag.py
[2024-06-26T14:14:45.560+0000] {processor.py:840} INFO - DAG(s) 'firstdag' retrieved from /opt/airflow/dags/firstdag.py
[2024-06-26T14:14:45.572+0000] {logging_mixin.py:188} INFO - [2024-06-26T14:14:45.572+0000] {dag.py:3096} INFO - Sync 1 DAGs
[2024-06-26T14:14:45.579+0000] {logging_mixin.py:188} INFO - [2024-06-26T14:14:45.579+0000] {dag.py:3954} INFO - Setting next_dagrun for firstdag to None, run_after=None
[2024-06-26T14:14:45.588+0000] {processor.py:183} INFO - Processing /opt/airflow/dags/firstdag.py took 0.038 seconds
[2024-06-26T14:14:51.278+0000] {processor.py:161} INFO - Started process (PID=470) to work on /opt/airflow/dags/firstdag.py
[2024-06-26T14:14:51.279+0000] {processor.py:830} INFO - Processing file /opt/airflow/dags/firstdag.py for tasks to queue
[2024-06-26T14:14:51.280+0000] {logging_mixin.py:188} INFO - [2024-06-26T14:14:51.280+0000] {dagbag.py:545} INFO - Filling up the DagBag from /opt/airflow/dags/firstdag.py
[2024-06-26T14:14:51.285+0000] {processor.py:840} INFO - DAG(s) 'firstdag' retrieved from /opt/airflow/dags/firstdag.py
[2024-06-26T14:14:51.300+0000] {logging_mixin.py:188} INFO - [2024-06-26T14:14:51.300+0000] {dag.py:3096} INFO - Sync 1 DAGs
[2024-06-26T14:14:51.309+0000] {logging_mixin.py:188} INFO - [2024-06-26T14:14:51.308+0000] {dag.py:3954} INFO - Setting next_dagrun for firstdag to None, run_after=None
[2024-06-26T14:14:51.320+0000] {processor.py:183} INFO - Processing /opt/airflow/dags/firstdag.py took 0.046 seconds
[2024-06-26T14:14:57.116+0000] {processor.py:161} INFO - Started process (PID=497) to work on /opt/airflow/dags/firstdag.py
[2024-06-26T14:14:57.116+0000] {processor.py:830} INFO - Processing file /opt/airflow/dags/firstdag.py for tasks to queue
[2024-06-26T14:14:57.118+0000] {logging_mixin.py:188} INFO - [2024-06-26T14:14:57.117+0000] {dagbag.py:545} INFO - Filling up the DagBag from /opt/airflow/dags/firstdag.py
[2024-06-26T14:14:57.122+0000] {processor.py:840} INFO - DAG(s) 'firstdag' retrieved from /opt/airflow/dags/firstdag.py
[2024-06-26T14:14:57.135+0000] {logging_mixin.py:188} INFO - [2024-06-26T14:14:57.134+0000] {dag.py:3096} INFO - Sync 1 DAGs
[2024-06-26T14:14:57.142+0000] {logging_mixin.py:188} INFO - [2024-06-26T14:14:57.141+0000] {dag.py:3954} INFO - Setting next_dagrun for firstdag to None, run_after=None
[2024-06-26T14:14:57.151+0000] {processor.py:183} INFO - Processing /opt/airflow/dags/firstdag.py took 0.039 seconds
[2024-06-26T14:15:02.893+0000] {processor.py:161} INFO - Started process (PID=524) to work on /opt/airflow/dags/firstdag.py
[2024-06-26T14:15:02.893+0000] {processor.py:830} INFO - Processing file /opt/airflow/dags/firstdag.py for tasks to queue
[2024-06-26T14:15:02.894+0000] {logging_mixin.py:188} INFO - [2024-06-26T14:15:02.894+0000] {dagbag.py:545} INFO - Filling up the DagBag from /opt/airflow/dags/firstdag.py
[2024-06-26T14:15:02.899+0000] {processor.py:840} INFO - DAG(s) 'firstdag' retrieved from /opt/airflow/dags/firstdag.py
[2024-06-26T14:15:02.912+0000] {logging_mixin.py:188} INFO - [2024-06-26T14:15:02.912+0000] {dag.py:3096} INFO - Sync 1 DAGs
[2024-06-26T14:15:02.919+0000] {logging_mixin.py:188} INFO - [2024-06-26T14:15:02.919+0000] {dag.py:3954} INFO - Setting next_dagrun for firstdag to None, run_after=None
[2024-06-26T14:15:02.930+0000] {processor.py:183} INFO - Processing /opt/airflow/dags/firstdag.py took 0.041 seconds
[2024-06-26T14:15:08.721+0000] {processor.py:161} INFO - Started process (PID=551) to work on /opt/airflow/dags/firstdag.py
[2024-06-26T14:15:08.721+0000] {processor.py:830} INFO - Processing file /opt/airflow/dags/firstdag.py for tasks to queue
[2024-06-26T14:15:08.722+0000] {logging_mixin.py:188} INFO - [2024-06-26T14:15:08.722+0000] {dagbag.py:545} INFO - Filling up the DagBag from /opt/airflow/dags/firstdag.py
[2024-06-26T14:15:08.727+0000] {processor.py:840} INFO - DAG(s) 'firstdag' retrieved from /opt/airflow/dags/firstdag.py
[2024-06-26T14:15:08.739+0000] {logging_mixin.py:188} INFO - [2024-06-26T14:15:08.739+0000] {dag.py:3096} INFO - Sync 1 DAGs
[2024-06-26T14:15:08.746+0000] {logging_mixin.py:188} INFO - [2024-06-26T14:15:08.746+0000] {dag.py:3954} INFO - Setting next_dagrun for firstdag to None, run_after=None
[2024-06-26T14:15:08.755+0000] {processor.py:183} INFO - Processing /opt/airflow/dags/firstdag.py took 0.037 seconds
[2024-06-26T14:15:14.522+0000] {processor.py:161} INFO - Started process (PID=578) to work on /opt/airflow/dags/firstdag.py
[2024-06-26T14:15:14.523+0000] {processor.py:830} INFO - Processing file /opt/airflow/dags/firstdag.py for tasks to queue
[2024-06-26T14:15:14.524+0000] {logging_mixin.py:188} INFO - [2024-06-26T14:15:14.523+0000] {dagbag.py:545} INFO - Filling up the DagBag from /opt/airflow/dags/firstdag.py
[2024-06-26T14:15:14.528+0000] {processor.py:840} INFO - DAG(s) 'firstdag' retrieved from /opt/airflow/dags/firstdag.py
[2024-06-26T14:15:14.541+0000] {logging_mixin.py:188} INFO - [2024-06-26T14:15:14.541+0000] {dag.py:3096} INFO - Sync 1 DAGs
[2024-06-26T14:15:14.547+0000] {logging_mixin.py:188} INFO - [2024-06-26T14:15:14.547+0000] {dag.py:3954} INFO - Setting next_dagrun for firstdag to None, run_after=None
[2024-06-26T14:15:14.556+0000] {processor.py:183} INFO - Processing /opt/airflow/dags/firstdag.py took 0.037 seconds
[2024-06-26T14:15:20.325+0000] {processor.py:161} INFO - Started process (PID=611) to work on /opt/airflow/dags/firstdag.py
[2024-06-26T14:15:20.325+0000] {processor.py:830} INFO - Processing file /opt/airflow/dags/firstdag.py for tasks to queue
[2024-06-26T14:15:20.326+0000] {logging_mixin.py:188} INFO - [2024-06-26T14:15:20.326+0000] {dagbag.py:545} INFO - Filling up the DagBag from /opt/airflow/dags/firstdag.py
[2024-06-26T14:15:20.330+0000] {processor.py:840} INFO - DAG(s) 'firstdag' retrieved from /opt/airflow/dags/firstdag.py
[2024-06-26T14:15:20.342+0000] {logging_mixin.py:188} INFO - [2024-06-26T14:15:20.342+0000] {dag.py:3096} INFO - Sync 1 DAGs
[2024-06-26T14:15:20.349+0000] {logging_mixin.py:188} INFO - [2024-06-26T14:15:20.349+0000] {dag.py:3954} INFO - Setting next_dagrun for firstdag to None, run_after=None
[2024-06-26T14:15:20.358+0000] {processor.py:183} INFO - Processing /opt/airflow/dags/firstdag.py took 0.037 seconds
[2024-06-26T14:15:26.150+0000] {processor.py:161} INFO - Started process (PID=638) to work on /opt/airflow/dags/firstdag.py
[2024-06-26T14:15:26.151+0000] {processor.py:830} INFO - Processing file /opt/airflow/dags/firstdag.py for tasks to queue
[2024-06-26T14:15:26.151+0000] {logging_mixin.py:188} INFO - [2024-06-26T14:15:26.151+0000] {dagbag.py:545} INFO - Filling up the DagBag from /opt/airflow/dags/firstdag.py
[2024-06-26T14:15:26.156+0000] {processor.py:840} INFO - DAG(s) 'firstdag' retrieved from /opt/airflow/dags/firstdag.py
[2024-06-26T14:15:26.168+0000] {logging_mixin.py:188} INFO - [2024-06-26T14:15:26.168+0000] {dag.py:3096} INFO - Sync 1 DAGs
[2024-06-26T14:15:26.175+0000] {logging_mixin.py:188} INFO - [2024-06-26T14:15:26.175+0000] {dag.py:3954} INFO - Setting next_dagrun for firstdag to None, run_after=None
[2024-06-26T14:15:26.186+0000] {processor.py:183} INFO - Processing /opt/airflow/dags/firstdag.py took 0.041 seconds
[2024-06-26T14:15:32.009+0000] {processor.py:161} INFO - Started process (PID=665) to work on /opt/airflow/dags/firstdag.py
[2024-06-26T14:15:32.009+0000] {processor.py:830} INFO - Processing file /opt/airflow/dags/firstdag.py for tasks to queue
[2024-06-26T14:15:32.010+0000] {logging_mixin.py:188} INFO - [2024-06-26T14:15:32.010+0000] {dagbag.py:545} INFO - Filling up the DagBag from /opt/airflow/dags/firstdag.py
[2024-06-26T14:15:32.015+0000] {processor.py:840} INFO - DAG(s) 'firstdag' retrieved from /opt/airflow/dags/firstdag.py
[2024-06-26T14:15:32.028+0000] {logging_mixin.py:188} INFO - [2024-06-26T14:15:32.028+0000] {dag.py:3096} INFO - Sync 1 DAGs
[2024-06-26T14:15:32.035+0000] {logging_mixin.py:188} INFO - [2024-06-26T14:15:32.035+0000] {dag.py:3954} INFO - Setting next_dagrun for firstdag to None, run_after=None
[2024-06-26T14:15:32.045+0000] {processor.py:183} INFO - Processing /opt/airflow/dags/firstdag.py took 0.039 seconds
[2024-06-26T14:15:37.827+0000] {processor.py:161} INFO - Started process (PID=692) to work on /opt/airflow/dags/firstdag.py
[2024-06-26T14:15:37.827+0000] {processor.py:830} INFO - Processing file /opt/airflow/dags/firstdag.py for tasks to queue
[2024-06-26T14:15:37.828+0000] {logging_mixin.py:188} INFO - [2024-06-26T14:15:37.828+0000] {dagbag.py:545} INFO - Filling up the DagBag from /opt/airflow/dags/firstdag.py
[2024-06-26T14:15:37.833+0000] {processor.py:840} INFO - DAG(s) 'firstdag' retrieved from /opt/airflow/dags/firstdag.py
[2024-06-26T14:15:37.845+0000] {logging_mixin.py:188} INFO - [2024-06-26T14:15:37.845+0000] {dag.py:3096} INFO - Sync 1 DAGs
[2024-06-26T14:15:37.852+0000] {logging_mixin.py:188} INFO - [2024-06-26T14:15:37.852+0000] {dag.py:3954} INFO - Setting next_dagrun for firstdag to None, run_after=None
[2024-06-26T14:15:37.863+0000] {processor.py:183} INFO - Processing /opt/airflow/dags/firstdag.py took 0.040 seconds
[2024-06-26T14:15:43.638+0000] {processor.py:161} INFO - Started process (PID=719) to work on /opt/airflow/dags/firstdag.py
[2024-06-26T14:15:43.638+0000] {processor.py:830} INFO - Processing file /opt/airflow/dags/firstdag.py for tasks to queue
[2024-06-26T14:15:43.639+0000] {logging_mixin.py:188} INFO - [2024-06-26T14:15:43.639+0000] {dagbag.py:545} INFO - Filling up the DagBag from /opt/airflow/dags/firstdag.py
[2024-06-26T14:15:43.645+0000] {processor.py:840} INFO - DAG(s) 'firstdag' retrieved from /opt/airflow/dags/firstdag.py
[2024-06-26T14:15:43.658+0000] {logging_mixin.py:188} INFO - [2024-06-26T14:15:43.657+0000] {dag.py:3096} INFO - Sync 1 DAGs
[2024-06-26T14:15:43.666+0000] {logging_mixin.py:188} INFO - [2024-06-26T14:15:43.665+0000] {dag.py:3954} INFO - Setting next_dagrun for firstdag to None, run_after=None
[2024-06-26T14:15:43.676+0000] {processor.py:183} INFO - Processing /opt/airflow/dags/firstdag.py took 0.041 seconds
[2024-06-26T14:15:49.425+0000] {processor.py:161} INFO - Started process (PID=752) to work on /opt/airflow/dags/firstdag.py
[2024-06-26T14:15:49.425+0000] {processor.py:830} INFO - Processing file /opt/airflow/dags/firstdag.py for tasks to queue
[2024-06-26T14:15:49.426+0000] {logging_mixin.py:188} INFO - [2024-06-26T14:15:49.426+0000] {dagbag.py:545} INFO - Filling up the DagBag from /opt/airflow/dags/firstdag.py
[2024-06-26T14:15:49.431+0000] {processor.py:840} INFO - DAG(s) 'firstdag' retrieved from /opt/airflow/dags/firstdag.py
[2024-06-26T14:15:49.443+0000] {logging_mixin.py:188} INFO - [2024-06-26T14:15:49.443+0000] {dag.py:3096} INFO - Sync 1 DAGs
[2024-06-26T14:15:49.450+0000] {logging_mixin.py:188} INFO - [2024-06-26T14:15:49.450+0000] {dag.py:3954} INFO - Setting next_dagrun for firstdag to None, run_after=None
[2024-06-26T14:15:49.459+0000] {processor.py:183} INFO - Processing /opt/airflow/dags/firstdag.py took 0.038 seconds
[2024-06-26T14:15:55.304+0000] {processor.py:161} INFO - Started process (PID=779) to work on /opt/airflow/dags/firstdag.py
[2024-06-26T14:15:55.305+0000] {processor.py:830} INFO - Processing file /opt/airflow/dags/firstdag.py for tasks to queue
[2024-06-26T14:15:55.306+0000] {logging_mixin.py:188} INFO - [2024-06-26T14:15:55.306+0000] {dagbag.py:545} INFO - Filling up the DagBag from /opt/airflow/dags/firstdag.py
[2024-06-26T14:15:55.310+0000] {processor.py:840} INFO - DAG(s) 'firstdag' retrieved from /opt/airflow/dags/firstdag.py
[2024-06-26T14:15:55.323+0000] {logging_mixin.py:188} INFO - [2024-06-26T14:15:55.323+0000] {dag.py:3096} INFO - Sync 1 DAGs
[2024-06-26T14:15:55.329+0000] {logging_mixin.py:188} INFO - [2024-06-26T14:15:55.329+0000] {dag.py:3954} INFO - Setting next_dagrun for firstdag to None, run_after=None
[2024-06-26T14:15:55.339+0000] {processor.py:183} INFO - Processing /opt/airflow/dags/firstdag.py took 0.039 seconds
[2024-06-26T14:16:01.114+0000] {processor.py:161} INFO - Started process (PID=806) to work on /opt/airflow/dags/firstdag.py
[2024-06-26T14:16:01.115+0000] {processor.py:830} INFO - Processing file /opt/airflow/dags/firstdag.py for tasks to queue
[2024-06-26T14:16:01.115+0000] {logging_mixin.py:188} INFO - [2024-06-26T14:16:01.115+0000] {dagbag.py:545} INFO - Filling up the DagBag from /opt/airflow/dags/firstdag.py
[2024-06-26T14:16:01.120+0000] {processor.py:840} INFO - DAG(s) 'firstdag' retrieved from /opt/airflow/dags/firstdag.py
[2024-06-26T14:16:01.133+0000] {logging_mixin.py:188} INFO - [2024-06-26T14:16:01.133+0000] {dag.py:3096} INFO - Sync 1 DAGs
[2024-06-26T14:16:01.140+0000] {logging_mixin.py:188} INFO - [2024-06-26T14:16:01.140+0000] {dag.py:3954} INFO - Setting next_dagrun for firstdag to None, run_after=None
[2024-06-26T14:16:01.149+0000] {processor.py:183} INFO - Processing /opt/airflow/dags/firstdag.py took 0.038 seconds
[2024-06-26T14:16:06.897+0000] {processor.py:161} INFO - Started process (PID=833) to work on /opt/airflow/dags/firstdag.py
[2024-06-26T14:16:06.898+0000] {processor.py:830} INFO - Processing file /opt/airflow/dags/firstdag.py for tasks to queue
[2024-06-26T14:16:06.899+0000] {logging_mixin.py:188} INFO - [2024-06-26T14:16:06.899+0000] {dagbag.py:545} INFO - Filling up the DagBag from /opt/airflow/dags/firstdag.py
[2024-06-26T14:16:06.905+0000] {processor.py:840} INFO - DAG(s) 'firstdag' retrieved from /opt/airflow/dags/firstdag.py
[2024-06-26T14:16:06.918+0000] {logging_mixin.py:188} INFO - [2024-06-26T14:16:06.918+0000] {dag.py:3096} INFO - Sync 1 DAGs
[2024-06-26T14:16:06.925+0000] {logging_mixin.py:188} INFO - [2024-06-26T14:16:06.925+0000] {dag.py:3954} INFO - Setting next_dagrun for firstdag to None, run_after=None
[2024-06-26T14:16:06.935+0000] {processor.py:183} INFO - Processing /opt/airflow/dags/firstdag.py took 0.041 seconds
[2024-06-26T14:16:12.722+0000] {processor.py:161} INFO - Started process (PID=860) to work on /opt/airflow/dags/firstdag.py
[2024-06-26T14:16:12.723+0000] {processor.py:830} INFO - Processing file /opt/airflow/dags/firstdag.py for tasks to queue
[2024-06-26T14:16:12.723+0000] {logging_mixin.py:188} INFO - [2024-06-26T14:16:12.723+0000] {dagbag.py:545} INFO - Filling up the DagBag from /opt/airflow/dags/firstdag.py
[2024-06-26T14:16:12.728+0000] {processor.py:840} INFO - DAG(s) 'firstdag' retrieved from /opt/airflow/dags/firstdag.py
[2024-06-26T14:16:12.740+0000] {logging_mixin.py:188} INFO - [2024-06-26T14:16:12.740+0000] {dag.py:3096} INFO - Sync 1 DAGs
[2024-06-26T14:16:12.747+0000] {logging_mixin.py:188} INFO - [2024-06-26T14:16:12.747+0000] {dag.py:3954} INFO - Setting next_dagrun for firstdag to None, run_after=None
[2024-06-26T14:16:12.756+0000] {processor.py:183} INFO - Processing /opt/airflow/dags/firstdag.py took 0.039 seconds
[2024-06-26T14:16:18.521+0000] {processor.py:161} INFO - Started process (PID=893) to work on /opt/airflow/dags/firstdag.py
[2024-06-26T14:16:18.522+0000] {processor.py:830} INFO - Processing file /opt/airflow/dags/firstdag.py for tasks to queue
[2024-06-26T14:16:18.523+0000] {logging_mixin.py:188} INFO - [2024-06-26T14:16:18.523+0000] {dagbag.py:545} INFO - Filling up the DagBag from /opt/airflow/dags/firstdag.py
[2024-06-26T14:16:18.529+0000] {processor.py:840} INFO - DAG(s) 'firstdag' retrieved from /opt/airflow/dags/firstdag.py
[2024-06-26T14:16:18.541+0000] {logging_mixin.py:188} INFO - [2024-06-26T14:16:18.541+0000] {dag.py:3096} INFO - Sync 1 DAGs
[2024-06-26T14:16:18.550+0000] {logging_mixin.py:188} INFO - [2024-06-26T14:16:18.550+0000] {dag.py:3954} INFO - Setting next_dagrun for firstdag to None, run_after=None
[2024-06-26T14:16:18.564+0000] {processor.py:183} INFO - Processing /opt/airflow/dags/firstdag.py took 0.047 seconds
[2024-06-26T14:16:24.283+0000] {processor.py:161} INFO - Started process (PID=920) to work on /opt/airflow/dags/firstdag.py
[2024-06-26T14:16:24.283+0000] {processor.py:830} INFO - Processing file /opt/airflow/dags/firstdag.py for tasks to queue
[2024-06-26T14:16:24.284+0000] {logging_mixin.py:188} INFO - [2024-06-26T14:16:24.284+0000] {dagbag.py:545} INFO - Filling up the DagBag from /opt/airflow/dags/firstdag.py
[2024-06-26T14:16:24.289+0000] {processor.py:840} INFO - DAG(s) 'firstdag' retrieved from /opt/airflow/dags/firstdag.py
[2024-06-26T14:16:24.302+0000] {logging_mixin.py:188} INFO - [2024-06-26T14:16:24.302+0000] {dag.py:3096} INFO - Sync 1 DAGs
[2024-06-26T14:16:24.308+0000] {logging_mixin.py:188} INFO - [2024-06-26T14:16:24.308+0000] {dag.py:3954} INFO - Setting next_dagrun for firstdag to None, run_after=None
[2024-06-26T14:16:24.318+0000] {processor.py:183} INFO - Processing /opt/airflow/dags/firstdag.py took 0.039 seconds
[2024-06-26T14:16:30.114+0000] {processor.py:161} INFO - Started process (PID=947) to work on /opt/airflow/dags/firstdag.py
[2024-06-26T14:16:30.114+0000] {processor.py:830} INFO - Processing file /opt/airflow/dags/firstdag.py for tasks to queue
[2024-06-26T14:16:30.115+0000] {logging_mixin.py:188} INFO - [2024-06-26T14:16:30.115+0000] {dagbag.py:545} INFO - Filling up the DagBag from /opt/airflow/dags/firstdag.py
[2024-06-26T14:16:30.120+0000] {processor.py:840} INFO - DAG(s) 'firstdag' retrieved from /opt/airflow/dags/firstdag.py
[2024-06-26T14:16:30.131+0000] {logging_mixin.py:188} INFO - [2024-06-26T14:16:30.131+0000] {dag.py:3096} INFO - Sync 1 DAGs
[2024-06-26T14:16:30.137+0000] {logging_mixin.py:188} INFO - [2024-06-26T14:16:30.137+0000] {dag.py:3954} INFO - Setting next_dagrun for firstdag to None, run_after=None
[2024-06-26T14:16:30.147+0000] {processor.py:183} INFO - Processing /opt/airflow/dags/firstdag.py took 0.036 seconds
[2024-06-26T14:16:35.918+0000] {processor.py:161} INFO - Started process (PID=974) to work on /opt/airflow/dags/firstdag.py
[2024-06-26T14:16:35.918+0000] {processor.py:830} INFO - Processing file /opt/airflow/dags/firstdag.py for tasks to queue
[2024-06-26T14:16:35.919+0000] {logging_mixin.py:188} INFO - [2024-06-26T14:16:35.919+0000] {dagbag.py:545} INFO - Filling up the DagBag from /opt/airflow/dags/firstdag.py
[2024-06-26T14:16:35.924+0000] {processor.py:840} INFO - DAG(s) 'firstdag' retrieved from /opt/airflow/dags/firstdag.py
[2024-06-26T14:16:35.936+0000] {logging_mixin.py:188} INFO - [2024-06-26T14:16:35.935+0000] {dag.py:3096} INFO - Sync 1 DAGs
[2024-06-26T14:16:35.942+0000] {logging_mixin.py:188} INFO - [2024-06-26T14:16:35.942+0000] {dag.py:3954} INFO - Setting next_dagrun for firstdag to None, run_after=None
[2024-06-26T14:16:35.951+0000] {processor.py:183} INFO - Processing /opt/airflow/dags/firstdag.py took 0.036 seconds
[2024-06-26T14:16:41.701+0000] {processor.py:161} INFO - Started process (PID=1001) to work on /opt/airflow/dags/firstdag.py
[2024-06-26T14:16:41.701+0000] {processor.py:830} INFO - Processing file /opt/airflow/dags/firstdag.py for tasks to queue
[2024-06-26T14:16:41.702+0000] {logging_mixin.py:188} INFO - [2024-06-26T14:16:41.702+0000] {dagbag.py:545} INFO - Filling up the DagBag from /opt/airflow/dags/firstdag.py
[2024-06-26T14:16:41.707+0000] {processor.py:840} INFO - DAG(s) 'firstdag' retrieved from /opt/airflow/dags/firstdag.py
[2024-06-26T14:16:41.718+0000] {logging_mixin.py:188} INFO - [2024-06-26T14:16:41.718+0000] {dag.py:3096} INFO - Sync 1 DAGs
[2024-06-26T14:16:41.724+0000] {logging_mixin.py:188} INFO - [2024-06-26T14:16:41.724+0000] {dag.py:3954} INFO - Setting next_dagrun for firstdag to None, run_after=None
[2024-06-26T14:16:41.733+0000] {processor.py:183} INFO - Processing /opt/airflow/dags/firstdag.py took 0.035 seconds
[2024-06-26T14:16:47.532+0000] {processor.py:161} INFO - Started process (PID=1028) to work on /opt/airflow/dags/firstdag.py
[2024-06-26T14:16:47.533+0000] {processor.py:830} INFO - Processing file /opt/airflow/dags/firstdag.py for tasks to queue
[2024-06-26T14:16:47.534+0000] {logging_mixin.py:188} INFO - [2024-06-26T14:16:47.534+0000] {dagbag.py:545} INFO - Filling up the DagBag from /opt/airflow/dags/firstdag.py
[2024-06-26T14:16:47.539+0000] {processor.py:840} INFO - DAG(s) 'firstdag' retrieved from /opt/airflow/dags/firstdag.py
[2024-06-26T14:16:47.551+0000] {logging_mixin.py:188} INFO - [2024-06-26T14:16:47.551+0000] {dag.py:3096} INFO - Sync 1 DAGs
[2024-06-26T14:16:47.557+0000] {logging_mixin.py:188} INFO - [2024-06-26T14:16:47.557+0000] {dag.py:3954} INFO - Setting next_dagrun for firstdag to None, run_after=None
[2024-06-26T14:16:47.566+0000] {processor.py:183} INFO - Processing /opt/airflow/dags/firstdag.py took 0.038 seconds
[2024-06-26T14:16:53.346+0000] {processor.py:161} INFO - Started process (PID=1061) to work on /opt/airflow/dags/firstdag.py
[2024-06-26T14:16:53.346+0000] {processor.py:830} INFO - Processing file /opt/airflow/dags/firstdag.py for tasks to queue
[2024-06-26T14:16:53.347+0000] {logging_mixin.py:188} INFO - [2024-06-26T14:16:53.347+0000] {dagbag.py:545} INFO - Filling up the DagBag from /opt/airflow/dags/firstdag.py
[2024-06-26T14:16:53.352+0000] {processor.py:840} INFO - DAG(s) 'firstdag' retrieved from /opt/airflow/dags/firstdag.py
[2024-06-26T14:16:53.364+0000] {logging_mixin.py:188} INFO - [2024-06-26T14:16:53.364+0000] {dag.py:3096} INFO - Sync 1 DAGs
[2024-06-26T14:16:53.371+0000] {logging_mixin.py:188} INFO - [2024-06-26T14:16:53.371+0000] {dag.py:3954} INFO - Setting next_dagrun for firstdag to None, run_after=None
[2024-06-26T14:16:53.380+0000] {processor.py:183} INFO - Processing /opt/airflow/dags/firstdag.py took 0.038 seconds
[2024-06-26T14:16:59.182+0000] {processor.py:161} INFO - Started process (PID=1088) to work on /opt/airflow/dags/firstdag.py
[2024-06-26T14:16:59.183+0000] {processor.py:830} INFO - Processing file /opt/airflow/dags/firstdag.py for tasks to queue
[2024-06-26T14:16:59.184+0000] {logging_mixin.py:188} INFO - [2024-06-26T14:16:59.184+0000] {dagbag.py:545} INFO - Filling up the DagBag from /opt/airflow/dags/firstdag.py
[2024-06-26T14:16:59.190+0000] {processor.py:840} INFO - DAG(s) 'firstdag' retrieved from /opt/airflow/dags/firstdag.py
[2024-06-26T14:16:59.204+0000] {logging_mixin.py:188} INFO - [2024-06-26T14:16:59.204+0000] {dag.py:3096} INFO - Sync 1 DAGs
[2024-06-26T14:16:59.211+0000] {logging_mixin.py:188} INFO - [2024-06-26T14:16:59.211+0000] {dag.py:3954} INFO - Setting next_dagrun for firstdag to None, run_after=None
[2024-06-26T14:16:59.223+0000] {processor.py:183} INFO - Processing /opt/airflow/dags/firstdag.py took 0.046 seconds
[2024-06-26T14:17:04.920+0000] {processor.py:161} INFO - Started process (PID=1115) to work on /opt/airflow/dags/firstdag.py
[2024-06-26T14:17:04.920+0000] {processor.py:830} INFO - Processing file /opt/airflow/dags/firstdag.py for tasks to queue
[2024-06-26T14:17:04.921+0000] {logging_mixin.py:188} INFO - [2024-06-26T14:17:04.921+0000] {dagbag.py:545} INFO - Filling up the DagBag from /opt/airflow/dags/firstdag.py
[2024-06-26T14:17:04.926+0000] {processor.py:840} INFO - DAG(s) 'firstdag' retrieved from /opt/airflow/dags/firstdag.py
[2024-06-26T14:17:04.937+0000] {logging_mixin.py:188} INFO - [2024-06-26T14:17:04.937+0000] {dag.py:3096} INFO - Sync 1 DAGs
[2024-06-26T14:17:04.944+0000] {logging_mixin.py:188} INFO - [2024-06-26T14:17:04.943+0000] {dag.py:3954} INFO - Setting next_dagrun for firstdag to None, run_after=None
[2024-06-26T14:17:04.952+0000] {processor.py:183} INFO - Processing /opt/airflow/dags/firstdag.py took 0.036 seconds
[2024-06-26T14:17:10.728+0000] {processor.py:161} INFO - Started process (PID=1142) to work on /opt/airflow/dags/firstdag.py
[2024-06-26T14:17:10.729+0000] {processor.py:830} INFO - Processing file /opt/airflow/dags/firstdag.py for tasks to queue
[2024-06-26T14:17:10.730+0000] {logging_mixin.py:188} INFO - [2024-06-26T14:17:10.729+0000] {dagbag.py:545} INFO - Filling up the DagBag from /opt/airflow/dags/firstdag.py
[2024-06-26T14:17:10.734+0000] {processor.py:840} INFO - DAG(s) 'firstdag' retrieved from /opt/airflow/dags/firstdag.py
[2024-06-26T14:17:10.746+0000] {logging_mixin.py:188} INFO - [2024-06-26T14:17:10.746+0000] {dag.py:3096} INFO - Sync 1 DAGs
[2024-06-26T14:17:10.752+0000] {logging_mixin.py:188} INFO - [2024-06-26T14:17:10.752+0000] {dag.py:3954} INFO - Setting next_dagrun for firstdag to None, run_after=None
[2024-06-26T14:17:10.761+0000] {processor.py:183} INFO - Processing /opt/airflow/dags/firstdag.py took 0.036 seconds
[2024-06-26T14:17:16.532+0000] {processor.py:161} INFO - Started process (PID=1169) to work on /opt/airflow/dags/firstdag.py
[2024-06-26T14:17:16.532+0000] {processor.py:830} INFO - Processing file /opt/airflow/dags/firstdag.py for tasks to queue
[2024-06-26T14:17:16.533+0000] {logging_mixin.py:188} INFO - [2024-06-26T14:17:16.533+0000] {dagbag.py:545} INFO - Filling up the DagBag from /opt/airflow/dags/firstdag.py
[2024-06-26T14:17:16.538+0000] {processor.py:840} INFO - DAG(s) 'firstdag' retrieved from /opt/airflow/dags/firstdag.py
[2024-06-26T14:17:16.550+0000] {logging_mixin.py:188} INFO - [2024-06-26T14:17:16.550+0000] {dag.py:3096} INFO - Sync 1 DAGs
[2024-06-26T14:17:16.557+0000] {logging_mixin.py:188} INFO - [2024-06-26T14:17:16.557+0000] {dag.py:3954} INFO - Setting next_dagrun for firstdag to None, run_after=None
[2024-06-26T14:17:16.568+0000] {processor.py:183} INFO - Processing /opt/airflow/dags/firstdag.py took 0.039 seconds
[2024-06-26T14:17:22.270+0000] {processor.py:161} INFO - Started process (PID=1202) to work on /opt/airflow/dags/firstdag.py
[2024-06-26T14:17:22.271+0000] {processor.py:830} INFO - Processing file /opt/airflow/dags/firstdag.py for tasks to queue
[2024-06-26T14:17:22.272+0000] {logging_mixin.py:188} INFO - [2024-06-26T14:17:22.271+0000] {dagbag.py:545} INFO - Filling up the DagBag from /opt/airflow/dags/firstdag.py
[2024-06-26T14:17:22.276+0000] {processor.py:840} INFO - DAG(s) 'firstdag' retrieved from /opt/airflow/dags/firstdag.py
[2024-06-26T14:17:22.289+0000] {logging_mixin.py:188} INFO - [2024-06-26T14:17:22.288+0000] {dag.py:3096} INFO - Sync 1 DAGs
[2024-06-26T14:17:22.295+0000] {logging_mixin.py:188} INFO - [2024-06-26T14:17:22.295+0000] {dag.py:3954} INFO - Setting next_dagrun for firstdag to None, run_after=None
[2024-06-26T14:17:22.304+0000] {processor.py:183} INFO - Processing /opt/airflow/dags/firstdag.py took 0.038 seconds
[2024-06-26T14:17:28.029+0000] {processor.py:161} INFO - Started process (PID=1229) to work on /opt/airflow/dags/firstdag.py
[2024-06-26T14:17:28.030+0000] {processor.py:830} INFO - Processing file /opt/airflow/dags/firstdag.py for tasks to queue
[2024-06-26T14:17:28.030+0000] {logging_mixin.py:188} INFO - [2024-06-26T14:17:28.030+0000] {dagbag.py:545} INFO - Filling up the DagBag from /opt/airflow/dags/firstdag.py
[2024-06-26T14:17:28.035+0000] {processor.py:840} INFO - DAG(s) 'firstdag' retrieved from /opt/airflow/dags/firstdag.py
[2024-06-26T14:17:28.048+0000] {logging_mixin.py:188} INFO - [2024-06-26T14:17:28.047+0000] {dag.py:3096} INFO - Sync 1 DAGs
[2024-06-26T14:17:28.054+0000] {logging_mixin.py:188} INFO - [2024-06-26T14:17:28.054+0000] {dag.py:3954} INFO - Setting next_dagrun for firstdag to None, run_after=None
[2024-06-26T14:17:28.063+0000] {processor.py:183} INFO - Processing /opt/airflow/dags/firstdag.py took 0.037 seconds
[2024-06-26T14:17:33.715+0000] {processor.py:161} INFO - Started process (PID=1256) to work on /opt/airflow/dags/firstdag.py
[2024-06-26T14:17:33.715+0000] {processor.py:830} INFO - Processing file /opt/airflow/dags/firstdag.py for tasks to queue
[2024-06-26T14:17:33.716+0000] {logging_mixin.py:188} INFO - [2024-06-26T14:17:33.716+0000] {dagbag.py:545} INFO - Filling up the DagBag from /opt/airflow/dags/firstdag.py
[2024-06-26T14:17:33.721+0000] {processor.py:840} INFO - DAG(s) 'firstdag' retrieved from /opt/airflow/dags/firstdag.py
[2024-06-26T14:17:33.732+0000] {logging_mixin.py:188} INFO - [2024-06-26T14:17:33.732+0000] {dag.py:3096} INFO - Sync 1 DAGs
[2024-06-26T14:17:33.739+0000] {logging_mixin.py:188} INFO - [2024-06-26T14:17:33.738+0000] {dag.py:3954} INFO - Setting next_dagrun for firstdag to None, run_after=None
[2024-06-26T14:17:33.748+0000] {processor.py:183} INFO - Processing /opt/airflow/dags/firstdag.py took 0.036 seconds
[2024-06-26T14:17:39.471+0000] {processor.py:161} INFO - Started process (PID=1283) to work on /opt/airflow/dags/firstdag.py
[2024-06-26T14:17:39.472+0000] {processor.py:830} INFO - Processing file /opt/airflow/dags/firstdag.py for tasks to queue
[2024-06-26T14:17:39.473+0000] {logging_mixin.py:188} INFO - [2024-06-26T14:17:39.473+0000] {dagbag.py:545} INFO - Filling up the DagBag from /opt/airflow/dags/firstdag.py
[2024-06-26T14:17:39.477+0000] {processor.py:840} INFO - DAG(s) 'firstdag' retrieved from /opt/airflow/dags/firstdag.py
[2024-06-26T14:17:39.489+0000] {logging_mixin.py:188} INFO - [2024-06-26T14:17:39.489+0000] {dag.py:3096} INFO - Sync 1 DAGs
[2024-06-26T14:17:39.496+0000] {logging_mixin.py:188} INFO - [2024-06-26T14:17:39.495+0000] {dag.py:3954} INFO - Setting next_dagrun for firstdag to None, run_after=None
[2024-06-26T14:17:39.505+0000] {processor.py:183} INFO - Processing /opt/airflow/dags/firstdag.py took 0.037 seconds
[2024-06-26T14:17:45.266+0000] {processor.py:161} INFO - Started process (PID=1310) to work on /opt/airflow/dags/firstdag.py
[2024-06-26T14:17:45.266+0000] {processor.py:830} INFO - Processing file /opt/airflow/dags/firstdag.py for tasks to queue
[2024-06-26T14:17:45.267+0000] {logging_mixin.py:188} INFO - [2024-06-26T14:17:45.267+0000] {dagbag.py:545} INFO - Filling up the DagBag from /opt/airflow/dags/firstdag.py
[2024-06-26T14:17:45.272+0000] {processor.py:840} INFO - DAG(s) 'firstdag' retrieved from /opt/airflow/dags/firstdag.py
[2024-06-26T14:17:45.284+0000] {logging_mixin.py:188} INFO - [2024-06-26T14:17:45.284+0000] {dag.py:3096} INFO - Sync 1 DAGs
[2024-06-26T14:17:45.291+0000] {logging_mixin.py:188} INFO - [2024-06-26T14:17:45.290+0000] {dag.py:3954} INFO - Setting next_dagrun for firstdag to None, run_after=None
[2024-06-26T14:17:45.299+0000] {processor.py:183} INFO - Processing /opt/airflow/dags/firstdag.py took 0.037 seconds
[2024-06-26T14:17:51.051+0000] {processor.py:161} INFO - Started process (PID=1343) to work on /opt/airflow/dags/firstdag.py
[2024-06-26T14:17:51.052+0000] {processor.py:830} INFO - Processing file /opt/airflow/dags/firstdag.py for tasks to queue
[2024-06-26T14:17:51.053+0000] {logging_mixin.py:188} INFO - [2024-06-26T14:17:51.053+0000] {dagbag.py:545} INFO - Filling up the DagBag from /opt/airflow/dags/firstdag.py
[2024-06-26T14:17:51.057+0000] {processor.py:840} INFO - DAG(s) 'firstdag' retrieved from /opt/airflow/dags/firstdag.py
[2024-06-26T14:17:51.069+0000] {logging_mixin.py:188} INFO - [2024-06-26T14:17:51.069+0000] {dag.py:3096} INFO - Sync 1 DAGs
[2024-06-26T14:17:51.075+0000] {logging_mixin.py:188} INFO - [2024-06-26T14:17:51.075+0000] {dag.py:3954} INFO - Setting next_dagrun for firstdag to None, run_after=None
[2024-06-26T14:17:51.084+0000] {processor.py:183} INFO - Processing /opt/airflow/dags/firstdag.py took 0.036 seconds
[2024-06-26T14:17:56.778+0000] {processor.py:161} INFO - Started process (PID=1370) to work on /opt/airflow/dags/firstdag.py
[2024-06-26T14:17:56.779+0000] {processor.py:830} INFO - Processing file /opt/airflow/dags/firstdag.py for tasks to queue
[2024-06-26T14:17:56.780+0000] {logging_mixin.py:188} INFO - [2024-06-26T14:17:56.780+0000] {dagbag.py:545} INFO - Filling up the DagBag from /opt/airflow/dags/firstdag.py
[2024-06-26T14:17:56.785+0000] {processor.py:840} INFO - DAG(s) 'firstdag' retrieved from /opt/airflow/dags/firstdag.py
[2024-06-26T14:17:56.796+0000] {logging_mixin.py:188} INFO - [2024-06-26T14:17:56.796+0000] {dag.py:3096} INFO - Sync 1 DAGs
[2024-06-26T14:17:56.803+0000] {logging_mixin.py:188} INFO - [2024-06-26T14:17:56.802+0000] {dag.py:3954} INFO - Setting next_dagrun for firstdag to None, run_after=None
[2024-06-26T14:17:56.811+0000] {processor.py:183} INFO - Processing /opt/airflow/dags/firstdag.py took 0.036 seconds
[2024-06-26T14:18:02.527+0000] {processor.py:161} INFO - Started process (PID=1397) to work on /opt/airflow/dags/firstdag.py
[2024-06-26T14:18:02.528+0000] {processor.py:830} INFO - Processing file /opt/airflow/dags/firstdag.py for tasks to queue
[2024-06-26T14:18:02.529+0000] {logging_mixin.py:188} INFO - [2024-06-26T14:18:02.529+0000] {dagbag.py:545} INFO - Filling up the DagBag from /opt/airflow/dags/firstdag.py
[2024-06-26T14:18:02.534+0000] {processor.py:840} INFO - DAG(s) 'firstdag' retrieved from /opt/airflow/dags/firstdag.py
[2024-06-26T14:18:02.545+0000] {logging_mixin.py:188} INFO - [2024-06-26T14:18:02.545+0000] {dag.py:3096} INFO - Sync 1 DAGs
[2024-06-26T14:18:02.552+0000] {logging_mixin.py:188} INFO - [2024-06-26T14:18:02.552+0000] {dag.py:3954} INFO - Setting next_dagrun for firstdag to None, run_after=None
[2024-06-26T14:18:02.562+0000] {processor.py:183} INFO - Processing /opt/airflow/dags/firstdag.py took 0.038 seconds
