[2024-06-26T14:13:30.055+0000] {processor.py:161} INFO - Started process (PID=62) to work on /opt/airflow/dags/fourthdag.py
[2024-06-26T14:13:30.056+0000] {processor.py:830} INFO - Processing file /opt/airflow/dags/fourthdag.py for tasks to queue
[2024-06-26T14:13:30.057+0000] {logging_mixin.py:188} INFO - [2024-06-26T14:13:30.056+0000] {dagbag.py:545} INFO - Filling up the DagBag from /opt/airflow/dags/fourthdag.py
[2024-06-26T14:13:30.061+0000] {processor.py:840} INFO - DAG(s) 'fourthddag' retrieved from /opt/airflow/dags/fourthdag.py
[2024-06-26T14:13:30.115+0000] {logging_mixin.py:188} INFO - [2024-06-26T14:13:30.115+0000] {dag.py:3096} INFO - Sync 1 DAGs
[2024-06-26T14:13:30.121+0000] {logging_mixin.py:188} INFO - [2024-06-26T14:13:30.120+0000] {dag.py:3954} INFO - Setting next_dagrun for fourthddag to None, run_after=None
[2024-06-26T14:13:30.129+0000] {processor.py:183} INFO - Processing /opt/airflow/dags/fourthdag.py took 0.077 seconds
[2024-06-26T14:13:35.850+0000] {processor.py:161} INFO - Started process (PID=89) to work on /opt/airflow/dags/fourthdag.py
[2024-06-26T14:13:35.851+0000] {processor.py:830} INFO - Processing file /opt/airflow/dags/fourthdag.py for tasks to queue
[2024-06-26T14:13:35.852+0000] {logging_mixin.py:188} INFO - [2024-06-26T14:13:35.851+0000] {dagbag.py:545} INFO - Filling up the DagBag from /opt/airflow/dags/fourthdag.py
[2024-06-26T14:13:35.858+0000] {processor.py:840} INFO - DAG(s) 'fourthddag' retrieved from /opt/airflow/dags/fourthdag.py
[2024-06-26T14:13:35.864+0000] {logging_mixin.py:188} INFO - [2024-06-26T14:13:35.864+0000] {dag.py:3096} INFO - Sync 1 DAGs
[2024-06-26T14:13:35.871+0000] {logging_mixin.py:188} INFO - [2024-06-26T14:13:35.871+0000] {dag.py:3954} INFO - Setting next_dagrun for fourthddag to None, run_after=None
[2024-06-26T14:13:35.883+0000] {processor.py:183} INFO - Processing /opt/airflow/dags/fourthdag.py took 0.035 seconds
[2024-06-26T14:13:41.646+0000] {processor.py:161} INFO - Started process (PID=116) to work on /opt/airflow/dags/fourthdag.py
[2024-06-26T14:13:41.646+0000] {processor.py:830} INFO - Processing file /opt/airflow/dags/fourthdag.py for tasks to queue
[2024-06-26T14:13:41.648+0000] {logging_mixin.py:188} INFO - [2024-06-26T14:13:41.647+0000] {dagbag.py:545} INFO - Filling up the DagBag from /opt/airflow/dags/fourthdag.py
[2024-06-26T14:13:41.652+0000] {processor.py:840} INFO - DAG(s) 'fourthddag' retrieved from /opt/airflow/dags/fourthdag.py
[2024-06-26T14:13:41.658+0000] {logging_mixin.py:188} INFO - [2024-06-26T14:13:41.658+0000] {dag.py:3096} INFO - Sync 1 DAGs
[2024-06-26T14:13:41.664+0000] {logging_mixin.py:188} INFO - [2024-06-26T14:13:41.664+0000] {dag.py:3954} INFO - Setting next_dagrun for fourthddag to None, run_after=None
[2024-06-26T14:13:41.673+0000] {processor.py:183} INFO - Processing /opt/airflow/dags/fourthdag.py took 0.030 seconds
[2024-06-26T14:13:47.443+0000] {processor.py:161} INFO - Started process (PID=149) to work on /opt/airflow/dags/fourthdag.py
[2024-06-26T14:13:47.443+0000] {processor.py:830} INFO - Processing file /opt/airflow/dags/fourthdag.py for tasks to queue
[2024-06-26T14:13:47.444+0000] {logging_mixin.py:188} INFO - [2024-06-26T14:13:47.444+0000] {dagbag.py:545} INFO - Filling up the DagBag from /opt/airflow/dags/fourthdag.py
[2024-06-26T14:13:47.449+0000] {processor.py:840} INFO - DAG(s) 'fourthddag' retrieved from /opt/airflow/dags/fourthdag.py
[2024-06-26T14:13:47.456+0000] {logging_mixin.py:188} INFO - [2024-06-26T14:13:47.456+0000] {dag.py:3096} INFO - Sync 1 DAGs
[2024-06-26T14:13:47.463+0000] {logging_mixin.py:188} INFO - [2024-06-26T14:13:47.462+0000] {dag.py:3954} INFO - Setting next_dagrun for fourthddag to None, run_after=None
[2024-06-26T14:13:47.473+0000] {processor.py:183} INFO - Processing /opt/airflow/dags/fourthdag.py took 0.034 seconds
[2024-06-26T14:13:53.055+0000] {processor.py:161} INFO - Started process (PID=176) to work on /opt/airflow/dags/fourthdag.py
[2024-06-26T14:13:53.056+0000] {processor.py:830} INFO - Processing file /opt/airflow/dags/fourthdag.py for tasks to queue
[2024-06-26T14:13:53.057+0000] {logging_mixin.py:188} INFO - [2024-06-26T14:13:53.057+0000] {dagbag.py:545} INFO - Filling up the DagBag from /opt/airflow/dags/fourthdag.py
[2024-06-26T14:13:53.061+0000] {processor.py:840} INFO - DAG(s) 'fourthddag' retrieved from /opt/airflow/dags/fourthdag.py
[2024-06-26T14:13:53.067+0000] {logging_mixin.py:188} INFO - [2024-06-26T14:13:53.067+0000] {dag.py:3096} INFO - Sync 1 DAGs
[2024-06-26T14:13:53.074+0000] {logging_mixin.py:188} INFO - [2024-06-26T14:13:53.074+0000] {dag.py:3954} INFO - Setting next_dagrun for fourthddag to None, run_after=None
[2024-06-26T14:13:53.084+0000] {processor.py:183} INFO - Processing /opt/airflow/dags/fourthdag.py took 0.031 seconds
[2024-06-26T14:13:59.136+0000] {processor.py:161} INFO - Started process (PID=216) to work on /opt/airflow/dags/fourthdag.py
[2024-06-26T14:13:59.136+0000] {processor.py:830} INFO - Processing file /opt/airflow/dags/fourthdag.py for tasks to queue
[2024-06-26T14:13:59.137+0000] {logging_mixin.py:188} INFO - [2024-06-26T14:13:59.137+0000] {dagbag.py:545} INFO - Filling up the DagBag from /opt/airflow/dags/fourthdag.py
[2024-06-26T14:13:59.142+0000] {processor.py:840} INFO - DAG(s) 'fourthddag' retrieved from /opt/airflow/dags/fourthdag.py
[2024-06-26T14:13:59.148+0000] {logging_mixin.py:188} INFO - [2024-06-26T14:13:59.148+0000] {dag.py:3096} INFO - Sync 1 DAGs
[2024-06-26T14:13:59.156+0000] {logging_mixin.py:188} INFO - [2024-06-26T14:13:59.156+0000] {dag.py:3954} INFO - Setting next_dagrun for fourthddag to None, run_after=None
[2024-06-26T14:13:59.166+0000] {processor.py:183} INFO - Processing /opt/airflow/dags/fourthdag.py took 0.033 seconds
[2024-06-26T14:14:04.907+0000] {processor.py:161} INFO - Started process (PID=243) to work on /opt/airflow/dags/fourthdag.py
[2024-06-26T14:14:04.908+0000] {processor.py:830} INFO - Processing file /opt/airflow/dags/fourthdag.py for tasks to queue
[2024-06-26T14:14:04.909+0000] {logging_mixin.py:188} INFO - [2024-06-26T14:14:04.909+0000] {dagbag.py:545} INFO - Filling up the DagBag from /opt/airflow/dags/fourthdag.py
[2024-06-26T14:14:04.914+0000] {processor.py:840} INFO - DAG(s) 'fourthddag' retrieved from /opt/airflow/dags/fourthdag.py
[2024-06-26T14:14:04.926+0000] {logging_mixin.py:188} INFO - [2024-06-26T14:14:04.926+0000] {dag.py:3096} INFO - Sync 1 DAGs
[2024-06-26T14:14:04.932+0000] {logging_mixin.py:188} INFO - [2024-06-26T14:14:04.932+0000] {dag.py:3954} INFO - Setting next_dagrun for fourthddag to None, run_after=None
[2024-06-26T14:14:04.941+0000] {processor.py:183} INFO - Processing /opt/airflow/dags/fourthdag.py took 0.037 seconds
[2024-06-26T14:14:10.873+0000] {processor.py:161} INFO - Started process (PID=270) to work on /opt/airflow/dags/fourthdag.py
[2024-06-26T14:14:10.873+0000] {processor.py:830} INFO - Processing file /opt/airflow/dags/fourthdag.py for tasks to queue
[2024-06-26T14:14:10.874+0000] {logging_mixin.py:188} INFO - [2024-06-26T14:14:10.874+0000] {dagbag.py:545} INFO - Filling up the DagBag from /opt/airflow/dags/fourthdag.py
[2024-06-26T14:14:10.879+0000] {processor.py:840} INFO - DAG(s) 'fourthddag' retrieved from /opt/airflow/dags/fourthdag.py
[2024-06-26T14:14:10.891+0000] {logging_mixin.py:188} INFO - [2024-06-26T14:14:10.891+0000] {dag.py:3096} INFO - Sync 1 DAGs
[2024-06-26T14:14:10.897+0000] {logging_mixin.py:188} INFO - [2024-06-26T14:14:10.897+0000] {dag.py:3954} INFO - Setting next_dagrun for fourthddag to None, run_after=None
[2024-06-26T14:14:10.906+0000] {processor.py:183} INFO - Processing /opt/airflow/dags/fourthdag.py took 0.037 seconds
[2024-06-26T14:14:16.607+0000] {processor.py:161} INFO - Started process (PID=297) to work on /opt/airflow/dags/fourthdag.py
[2024-06-26T14:14:16.607+0000] {processor.py:830} INFO - Processing file /opt/airflow/dags/fourthdag.py for tasks to queue
[2024-06-26T14:14:16.608+0000] {logging_mixin.py:188} INFO - [2024-06-26T14:14:16.608+0000] {dagbag.py:545} INFO - Filling up the DagBag from /opt/airflow/dags/fourthdag.py
[2024-06-26T14:14:16.613+0000] {processor.py:840} INFO - DAG(s) 'fourthddag' retrieved from /opt/airflow/dags/fourthdag.py
[2024-06-26T14:14:16.625+0000] {logging_mixin.py:188} INFO - [2024-06-26T14:14:16.625+0000] {dag.py:3096} INFO - Sync 1 DAGs
[2024-06-26T14:14:16.633+0000] {logging_mixin.py:188} INFO - [2024-06-26T14:14:16.633+0000] {dag.py:3954} INFO - Setting next_dagrun for fourthddag to None, run_after=None
[2024-06-26T14:14:16.642+0000] {processor.py:183} INFO - Processing /opt/airflow/dags/fourthdag.py took 0.039 seconds
[2024-06-26T14:14:22.366+0000] {processor.py:161} INFO - Started process (PID=330) to work on /opt/airflow/dags/fourthdag.py
[2024-06-26T14:14:22.367+0000] {processor.py:830} INFO - Processing file /opt/airflow/dags/fourthdag.py for tasks to queue
[2024-06-26T14:14:22.369+0000] {logging_mixin.py:188} INFO - [2024-06-26T14:14:22.368+0000] {dagbag.py:545} INFO - Filling up the DagBag from /opt/airflow/dags/fourthdag.py
[2024-06-26T14:14:22.373+0000] {processor.py:840} INFO - DAG(s) 'fourthddag' retrieved from /opt/airflow/dags/fourthdag.py
[2024-06-26T14:14:22.385+0000] {logging_mixin.py:188} INFO - [2024-06-26T14:14:22.385+0000] {dag.py:3096} INFO - Sync 1 DAGs
[2024-06-26T14:14:22.391+0000] {logging_mixin.py:188} INFO - [2024-06-26T14:14:22.391+0000] {dag.py:3954} INFO - Setting next_dagrun for fourthddag to None, run_after=None
[2024-06-26T14:14:22.401+0000] {processor.py:183} INFO - Processing /opt/airflow/dags/fourthdag.py took 0.038 seconds
[2024-06-26T14:14:28.264+0000] {processor.py:161} INFO - Started process (PID=357) to work on /opt/airflow/dags/fourthdag.py
[2024-06-26T14:14:28.264+0000] {processor.py:830} INFO - Processing file /opt/airflow/dags/fourthdag.py for tasks to queue
[2024-06-26T14:14:28.265+0000] {logging_mixin.py:188} INFO - [2024-06-26T14:14:28.265+0000] {dagbag.py:545} INFO - Filling up the DagBag from /opt/airflow/dags/fourthdag.py
[2024-06-26T14:14:28.269+0000] {processor.py:840} INFO - DAG(s) 'fourthddag' retrieved from /opt/airflow/dags/fourthdag.py
[2024-06-26T14:14:28.282+0000] {logging_mixin.py:188} INFO - [2024-06-26T14:14:28.282+0000] {dag.py:3096} INFO - Sync 1 DAGs
[2024-06-26T14:14:28.289+0000] {logging_mixin.py:188} INFO - [2024-06-26T14:14:28.289+0000] {dag.py:3954} INFO - Setting next_dagrun for fourthddag to None, run_after=None
[2024-06-26T14:14:28.298+0000] {processor.py:183} INFO - Processing /opt/airflow/dags/fourthdag.py took 0.038 seconds
[2024-06-26T14:14:34.034+0000] {processor.py:161} INFO - Started process (PID=384) to work on /opt/airflow/dags/fourthdag.py
[2024-06-26T14:14:34.034+0000] {processor.py:830} INFO - Processing file /opt/airflow/dags/fourthdag.py for tasks to queue
[2024-06-26T14:14:34.035+0000] {logging_mixin.py:188} INFO - [2024-06-26T14:14:34.035+0000] {dagbag.py:545} INFO - Filling up the DagBag from /opt/airflow/dags/fourthdag.py
[2024-06-26T14:14:34.040+0000] {processor.py:840} INFO - DAG(s) 'fourthddag' retrieved from /opt/airflow/dags/fourthdag.py
[2024-06-26T14:14:34.054+0000] {logging_mixin.py:188} INFO - [2024-06-26T14:14:34.054+0000] {dag.py:3096} INFO - Sync 1 DAGs
[2024-06-26T14:14:34.061+0000] {logging_mixin.py:188} INFO - [2024-06-26T14:14:34.061+0000] {dag.py:3954} INFO - Setting next_dagrun for fourthddag to None, run_after=None
[2024-06-26T14:14:34.071+0000] {processor.py:183} INFO - Processing /opt/airflow/dags/fourthdag.py took 0.041 seconds
[2024-06-26T14:14:39.814+0000] {processor.py:161} INFO - Started process (PID=411) to work on /opt/airflow/dags/fourthdag.py
[2024-06-26T14:14:39.814+0000] {processor.py:830} INFO - Processing file /opt/airflow/dags/fourthdag.py for tasks to queue
[2024-06-26T14:14:39.816+0000] {logging_mixin.py:188} INFO - [2024-06-26T14:14:39.815+0000] {dagbag.py:545} INFO - Filling up the DagBag from /opt/airflow/dags/fourthdag.py
[2024-06-26T14:14:39.821+0000] {processor.py:840} INFO - DAG(s) 'fourthddag' retrieved from /opt/airflow/dags/fourthdag.py
[2024-06-26T14:14:39.832+0000] {logging_mixin.py:188} INFO - [2024-06-26T14:14:39.832+0000] {dag.py:3096} INFO - Sync 1 DAGs
[2024-06-26T14:14:39.839+0000] {logging_mixin.py:188} INFO - [2024-06-26T14:14:39.839+0000] {dag.py:3954} INFO - Setting next_dagrun for fourthddag to None, run_after=None
[2024-06-26T14:14:39.848+0000] {processor.py:183} INFO - Processing /opt/airflow/dags/fourthdag.py took 0.038 seconds
[2024-06-26T14:14:45.564+0000] {processor.py:161} INFO - Started process (PID=438) to work on /opt/airflow/dags/fourthdag.py
[2024-06-26T14:14:45.564+0000] {processor.py:830} INFO - Processing file /opt/airflow/dags/fourthdag.py for tasks to queue
[2024-06-26T14:14:45.565+0000] {logging_mixin.py:188} INFO - [2024-06-26T14:14:45.565+0000] {dagbag.py:545} INFO - Filling up the DagBag from /opt/airflow/dags/fourthdag.py
[2024-06-26T14:14:45.570+0000] {processor.py:840} INFO - DAG(s) 'fourthddag' retrieved from /opt/airflow/dags/fourthdag.py
[2024-06-26T14:14:45.582+0000] {logging_mixin.py:188} INFO - [2024-06-26T14:14:45.582+0000] {dag.py:3096} INFO - Sync 1 DAGs
[2024-06-26T14:14:45.589+0000] {logging_mixin.py:188} INFO - [2024-06-26T14:14:45.589+0000] {dag.py:3954} INFO - Setting next_dagrun for fourthddag to None, run_after=None
[2024-06-26T14:14:45.599+0000] {processor.py:183} INFO - Processing /opt/airflow/dags/fourthdag.py took 0.038 seconds
[2024-06-26T14:14:51.317+0000] {processor.py:161} INFO - Started process (PID=471) to work on /opt/airflow/dags/fourthdag.py
[2024-06-26T14:14:51.317+0000] {processor.py:830} INFO - Processing file /opt/airflow/dags/fourthdag.py for tasks to queue
[2024-06-26T14:14:51.318+0000] {logging_mixin.py:188} INFO - [2024-06-26T14:14:51.318+0000] {dagbag.py:545} INFO - Filling up the DagBag from /opt/airflow/dags/fourthdag.py
[2024-06-26T14:14:51.324+0000] {processor.py:840} INFO - DAG(s) 'fourthddag' retrieved from /opt/airflow/dags/fourthdag.py
[2024-06-26T14:14:51.336+0000] {logging_mixin.py:188} INFO - [2024-06-26T14:14:51.336+0000] {dag.py:3096} INFO - Sync 1 DAGs
[2024-06-26T14:14:51.343+0000] {logging_mixin.py:188} INFO - [2024-06-26T14:14:51.343+0000] {dag.py:3954} INFO - Setting next_dagrun for fourthddag to None, run_after=None
[2024-06-26T14:14:51.353+0000] {processor.py:183} INFO - Processing /opt/airflow/dags/fourthdag.py took 0.040 seconds
[2024-06-26T14:14:57.126+0000] {processor.py:161} INFO - Started process (PID=498) to work on /opt/airflow/dags/fourthdag.py
[2024-06-26T14:14:57.127+0000] {processor.py:830} INFO - Processing file /opt/airflow/dags/fourthdag.py for tasks to queue
[2024-06-26T14:14:57.128+0000] {logging_mixin.py:188} INFO - [2024-06-26T14:14:57.128+0000] {dagbag.py:545} INFO - Filling up the DagBag from /opt/airflow/dags/fourthdag.py
[2024-06-26T14:14:57.133+0000] {processor.py:840} INFO - DAG(s) 'fourthddag' retrieved from /opt/airflow/dags/fourthdag.py
[2024-06-26T14:14:57.145+0000] {logging_mixin.py:188} INFO - [2024-06-26T14:14:57.144+0000] {dag.py:3096} INFO - Sync 1 DAGs
[2024-06-26T14:14:57.152+0000] {logging_mixin.py:188} INFO - [2024-06-26T14:14:57.152+0000] {dag.py:3954} INFO - Setting next_dagrun for fourthddag to None, run_after=None
[2024-06-26T14:14:57.161+0000] {processor.py:183} INFO - Processing /opt/airflow/dags/fourthdag.py took 0.038 seconds
[2024-06-26T14:15:02.905+0000] {processor.py:161} INFO - Started process (PID=525) to work on /opt/airflow/dags/fourthdag.py
[2024-06-26T14:15:02.906+0000] {processor.py:830} INFO - Processing file /opt/airflow/dags/fourthdag.py for tasks to queue
[2024-06-26T14:15:02.907+0000] {logging_mixin.py:188} INFO - [2024-06-26T14:15:02.907+0000] {dagbag.py:545} INFO - Filling up the DagBag from /opt/airflow/dags/fourthdag.py
[2024-06-26T14:15:02.911+0000] {processor.py:840} INFO - DAG(s) 'fourthddag' retrieved from /opt/airflow/dags/fourthdag.py
[2024-06-26T14:15:02.925+0000] {logging_mixin.py:188} INFO - [2024-06-26T14:15:02.925+0000] {dag.py:3096} INFO - Sync 1 DAGs
[2024-06-26T14:15:02.932+0000] {logging_mixin.py:188} INFO - [2024-06-26T14:15:02.932+0000] {dag.py:3954} INFO - Setting next_dagrun for fourthddag to None, run_after=None
[2024-06-26T14:15:02.941+0000] {processor.py:183} INFO - Processing /opt/airflow/dags/fourthdag.py took 0.040 seconds
[2024-06-26T14:15:08.726+0000] {processor.py:161} INFO - Started process (PID=552) to work on /opt/airflow/dags/fourthdag.py
[2024-06-26T14:15:08.727+0000] {processor.py:830} INFO - Processing file /opt/airflow/dags/fourthdag.py for tasks to queue
[2024-06-26T14:15:08.728+0000] {logging_mixin.py:188} INFO - [2024-06-26T14:15:08.728+0000] {dagbag.py:545} INFO - Filling up the DagBag from /opt/airflow/dags/fourthdag.py
[2024-06-26T14:15:08.733+0000] {processor.py:840} INFO - DAG(s) 'fourthddag' retrieved from /opt/airflow/dags/fourthdag.py
[2024-06-26T14:15:08.745+0000] {logging_mixin.py:188} INFO - [2024-06-26T14:15:08.744+0000] {dag.py:3096} INFO - Sync 1 DAGs
[2024-06-26T14:15:08.751+0000] {logging_mixin.py:188} INFO - [2024-06-26T14:15:08.751+0000] {dag.py:3954} INFO - Setting next_dagrun for fourthddag to None, run_after=None
[2024-06-26T14:15:08.760+0000] {processor.py:183} INFO - Processing /opt/airflow/dags/fourthdag.py took 0.037 seconds
[2024-06-26T14:15:14.568+0000] {processor.py:161} INFO - Started process (PID=579) to work on /opt/airflow/dags/fourthdag.py
[2024-06-26T14:15:14.569+0000] {processor.py:830} INFO - Processing file /opt/airflow/dags/fourthdag.py for tasks to queue
[2024-06-26T14:15:14.570+0000] {logging_mixin.py:188} INFO - [2024-06-26T14:15:14.569+0000] {dagbag.py:545} INFO - Filling up the DagBag from /opt/airflow/dags/fourthdag.py
[2024-06-26T14:15:14.576+0000] {processor.py:840} INFO - DAG(s) 'fourthddag' retrieved from /opt/airflow/dags/fourthdag.py
[2024-06-26T14:15:14.589+0000] {logging_mixin.py:188} INFO - [2024-06-26T14:15:14.589+0000] {dag.py:3096} INFO - Sync 1 DAGs
[2024-06-26T14:15:14.596+0000] {logging_mixin.py:188} INFO - [2024-06-26T14:15:14.596+0000] {dag.py:3954} INFO - Setting next_dagrun for fourthddag to None, run_after=None
[2024-06-26T14:15:14.607+0000] {processor.py:183} INFO - Processing /opt/airflow/dags/fourthdag.py took 0.042 seconds
[2024-06-26T14:15:20.337+0000] {processor.py:161} INFO - Started process (PID=612) to work on /opt/airflow/dags/fourthdag.py
[2024-06-26T14:15:20.338+0000] {processor.py:830} INFO - Processing file /opt/airflow/dags/fourthdag.py for tasks to queue
[2024-06-26T14:15:20.339+0000] {logging_mixin.py:188} INFO - [2024-06-26T14:15:20.338+0000] {dagbag.py:545} INFO - Filling up the DagBag from /opt/airflow/dags/fourthdag.py
[2024-06-26T14:15:20.343+0000] {processor.py:840} INFO - DAG(s) 'fourthddag' retrieved from /opt/airflow/dags/fourthdag.py
[2024-06-26T14:15:20.355+0000] {logging_mixin.py:188} INFO - [2024-06-26T14:15:20.355+0000] {dag.py:3096} INFO - Sync 1 DAGs
[2024-06-26T14:15:20.362+0000] {logging_mixin.py:188} INFO - [2024-06-26T14:15:20.361+0000] {dag.py:3954} INFO - Setting next_dagrun for fourthddag to None, run_after=None
[2024-06-26T14:15:20.370+0000] {processor.py:183} INFO - Processing /opt/airflow/dags/fourthdag.py took 0.036 seconds
[2024-06-26T14:15:26.157+0000] {processor.py:161} INFO - Started process (PID=639) to work on /opt/airflow/dags/fourthdag.py
[2024-06-26T14:15:26.158+0000] {processor.py:830} INFO - Processing file /opt/airflow/dags/fourthdag.py for tasks to queue
[2024-06-26T14:15:26.159+0000] {logging_mixin.py:188} INFO - [2024-06-26T14:15:26.159+0000] {dagbag.py:545} INFO - Filling up the DagBag from /opt/airflow/dags/fourthdag.py
[2024-06-26T14:15:26.164+0000] {processor.py:840} INFO - DAG(s) 'fourthddag' retrieved from /opt/airflow/dags/fourthdag.py
[2024-06-26T14:15:26.177+0000] {logging_mixin.py:188} INFO - [2024-06-26T14:15:26.177+0000] {dag.py:3096} INFO - Sync 1 DAGs
[2024-06-26T14:15:26.186+0000] {logging_mixin.py:188} INFO - [2024-06-26T14:15:26.186+0000] {dag.py:3954} INFO - Setting next_dagrun for fourthddag to None, run_after=None
[2024-06-26T14:15:26.198+0000] {processor.py:183} INFO - Processing /opt/airflow/dags/fourthdag.py took 0.044 seconds
[2024-06-26T14:15:32.012+0000] {processor.py:161} INFO - Started process (PID=666) to work on /opt/airflow/dags/fourthdag.py
[2024-06-26T14:15:32.012+0000] {processor.py:830} INFO - Processing file /opt/airflow/dags/fourthdag.py for tasks to queue
[2024-06-26T14:15:32.013+0000] {logging_mixin.py:188} INFO - [2024-06-26T14:15:32.013+0000] {dagbag.py:545} INFO - Filling up the DagBag from /opt/airflow/dags/fourthdag.py
[2024-06-26T14:15:32.019+0000] {processor.py:840} INFO - DAG(s) 'fourthddag' retrieved from /opt/airflow/dags/fourthdag.py
[2024-06-26T14:15:32.030+0000] {logging_mixin.py:188} INFO - [2024-06-26T14:15:32.030+0000] {dag.py:3096} INFO - Sync 1 DAGs
[2024-06-26T14:15:32.037+0000] {logging_mixin.py:188} INFO - [2024-06-26T14:15:32.037+0000] {dag.py:3954} INFO - Setting next_dagrun for fourthddag to None, run_after=None
[2024-06-26T14:15:32.046+0000] {processor.py:183} INFO - Processing /opt/airflow/dags/fourthdag.py took 0.037 seconds
[2024-06-26T14:15:37.875+0000] {processor.py:161} INFO - Started process (PID=693) to work on /opt/airflow/dags/fourthdag.py
[2024-06-26T14:15:37.875+0000] {processor.py:830} INFO - Processing file /opt/airflow/dags/fourthdag.py for tasks to queue
[2024-06-26T14:15:37.876+0000] {logging_mixin.py:188} INFO - [2024-06-26T14:15:37.876+0000] {dagbag.py:545} INFO - Filling up the DagBag from /opt/airflow/dags/fourthdag.py
[2024-06-26T14:15:37.881+0000] {processor.py:840} INFO - DAG(s) 'fourthddag' retrieved from /opt/airflow/dags/fourthdag.py
[2024-06-26T14:15:37.893+0000] {logging_mixin.py:188} INFO - [2024-06-26T14:15:37.893+0000] {dag.py:3096} INFO - Sync 1 DAGs
[2024-06-26T14:15:37.899+0000] {logging_mixin.py:188} INFO - [2024-06-26T14:15:37.899+0000] {dag.py:3954} INFO - Setting next_dagrun for fourthddag to None, run_after=None
[2024-06-26T14:15:37.908+0000] {processor.py:183} INFO - Processing /opt/airflow/dags/fourthdag.py took 0.037 seconds
[2024-06-26T14:15:43.644+0000] {processor.py:161} INFO - Started process (PID=720) to work on /opt/airflow/dags/fourthdag.py
[2024-06-26T14:15:43.645+0000] {processor.py:830} INFO - Processing file /opt/airflow/dags/fourthdag.py for tasks to queue
[2024-06-26T14:15:43.646+0000] {logging_mixin.py:188} INFO - [2024-06-26T14:15:43.646+0000] {dagbag.py:545} INFO - Filling up the DagBag from /opt/airflow/dags/fourthdag.py
[2024-06-26T14:15:43.651+0000] {processor.py:840} INFO - DAG(s) 'fourthddag' retrieved from /opt/airflow/dags/fourthdag.py
[2024-06-26T14:15:43.663+0000] {logging_mixin.py:188} INFO - [2024-06-26T14:15:43.663+0000] {dag.py:3096} INFO - Sync 1 DAGs
[2024-06-26T14:15:43.670+0000] {logging_mixin.py:188} INFO - [2024-06-26T14:15:43.670+0000] {dag.py:3954} INFO - Setting next_dagrun for fourthddag to None, run_after=None
[2024-06-26T14:15:43.680+0000] {processor.py:183} INFO - Processing /opt/airflow/dags/fourthdag.py took 0.040 seconds
[2024-06-26T14:15:49.432+0000] {processor.py:161} INFO - Started process (PID=753) to work on /opt/airflow/dags/fourthdag.py
[2024-06-26T14:15:49.432+0000] {processor.py:830} INFO - Processing file /opt/airflow/dags/fourthdag.py for tasks to queue
[2024-06-26T14:15:49.433+0000] {logging_mixin.py:188} INFO - [2024-06-26T14:15:49.433+0000] {dagbag.py:545} INFO - Filling up the DagBag from /opt/airflow/dags/fourthdag.py
[2024-06-26T14:15:49.438+0000] {processor.py:840} INFO - DAG(s) 'fourthddag' retrieved from /opt/airflow/dags/fourthdag.py
[2024-06-26T14:15:49.451+0000] {logging_mixin.py:188} INFO - [2024-06-26T14:15:49.450+0000] {dag.py:3096} INFO - Sync 1 DAGs
[2024-06-26T14:15:49.457+0000] {logging_mixin.py:188} INFO - [2024-06-26T14:15:49.457+0000] {dag.py:3954} INFO - Setting next_dagrun for fourthddag to None, run_after=None
[2024-06-26T14:15:49.467+0000] {processor.py:183} INFO - Processing /opt/airflow/dags/fourthdag.py took 0.039 seconds
[2024-06-26T14:15:55.351+0000] {processor.py:161} INFO - Started process (PID=780) to work on /opt/airflow/dags/fourthdag.py
[2024-06-26T14:15:55.352+0000] {processor.py:830} INFO - Processing file /opt/airflow/dags/fourthdag.py for tasks to queue
[2024-06-26T14:15:55.353+0000] {logging_mixin.py:188} INFO - [2024-06-26T14:15:55.352+0000] {dagbag.py:545} INFO - Filling up the DagBag from /opt/airflow/dags/fourthdag.py
[2024-06-26T14:15:55.358+0000] {processor.py:840} INFO - DAG(s) 'fourthddag' retrieved from /opt/airflow/dags/fourthdag.py
[2024-06-26T14:15:55.370+0000] {logging_mixin.py:188} INFO - [2024-06-26T14:15:55.370+0000] {dag.py:3096} INFO - Sync 1 DAGs
[2024-06-26T14:15:55.377+0000] {logging_mixin.py:188} INFO - [2024-06-26T14:15:55.377+0000] {dag.py:3954} INFO - Setting next_dagrun for fourthddag to None, run_after=None
[2024-06-26T14:15:55.387+0000] {processor.py:183} INFO - Processing /opt/airflow/dags/fourthdag.py took 0.039 seconds
[2024-06-26T14:16:01.119+0000] {processor.py:161} INFO - Started process (PID=807) to work on /opt/airflow/dags/fourthdag.py
[2024-06-26T14:16:01.120+0000] {processor.py:830} INFO - Processing file /opt/airflow/dags/fourthdag.py for tasks to queue
[2024-06-26T14:16:01.121+0000] {logging_mixin.py:188} INFO - [2024-06-26T14:16:01.120+0000] {dagbag.py:545} INFO - Filling up the DagBag from /opt/airflow/dags/fourthdag.py
[2024-06-26T14:16:01.125+0000] {processor.py:840} INFO - DAG(s) 'fourthddag' retrieved from /opt/airflow/dags/fourthdag.py
[2024-06-26T14:16:01.138+0000] {logging_mixin.py:188} INFO - [2024-06-26T14:16:01.138+0000] {dag.py:3096} INFO - Sync 1 DAGs
[2024-06-26T14:16:01.145+0000] {logging_mixin.py:188} INFO - [2024-06-26T14:16:01.145+0000] {dag.py:3954} INFO - Setting next_dagrun for fourthddag to None, run_after=None
[2024-06-26T14:16:01.154+0000] {processor.py:183} INFO - Processing /opt/airflow/dags/fourthdag.py took 0.038 seconds
[2024-06-26T14:16:06.905+0000] {processor.py:161} INFO - Started process (PID=834) to work on /opt/airflow/dags/fourthdag.py
[2024-06-26T14:16:06.906+0000] {processor.py:830} INFO - Processing file /opt/airflow/dags/fourthdag.py for tasks to queue
[2024-06-26T14:16:06.907+0000] {logging_mixin.py:188} INFO - [2024-06-26T14:16:06.906+0000] {dagbag.py:545} INFO - Filling up the DagBag from /opt/airflow/dags/fourthdag.py
[2024-06-26T14:16:06.911+0000] {processor.py:840} INFO - DAG(s) 'fourthddag' retrieved from /opt/airflow/dags/fourthdag.py
[2024-06-26T14:16:06.924+0000] {logging_mixin.py:188} INFO - [2024-06-26T14:16:06.924+0000] {dag.py:3096} INFO - Sync 1 DAGs
[2024-06-26T14:16:06.931+0000] {logging_mixin.py:188} INFO - [2024-06-26T14:16:06.931+0000] {dag.py:3954} INFO - Setting next_dagrun for fourthddag to None, run_after=None
[2024-06-26T14:16:06.941+0000] {processor.py:183} INFO - Processing /opt/airflow/dags/fourthdag.py took 0.039 seconds
[2024-06-26T14:16:12.769+0000] {processor.py:161} INFO - Started process (PID=861) to work on /opt/airflow/dags/fourthdag.py
[2024-06-26T14:16:12.771+0000] {processor.py:830} INFO - Processing file /opt/airflow/dags/fourthdag.py for tasks to queue
[2024-06-26T14:16:12.773+0000] {logging_mixin.py:188} INFO - [2024-06-26T14:16:12.772+0000] {dagbag.py:545} INFO - Filling up the DagBag from /opt/airflow/dags/fourthdag.py
[2024-06-26T14:16:12.778+0000] {processor.py:840} INFO - DAG(s) 'fourthddag' retrieved from /opt/airflow/dags/fourthdag.py
[2024-06-26T14:16:12.791+0000] {logging_mixin.py:188} INFO - [2024-06-26T14:16:12.791+0000] {dag.py:3096} INFO - Sync 1 DAGs
[2024-06-26T14:16:12.798+0000] {logging_mixin.py:188} INFO - [2024-06-26T14:16:12.798+0000] {dag.py:3954} INFO - Setting next_dagrun for fourthddag to None, run_after=None
[2024-06-26T14:16:12.807+0000] {processor.py:183} INFO - Processing /opt/airflow/dags/fourthdag.py took 0.042 seconds
[2024-06-26T14:16:18.554+0000] {processor.py:161} INFO - Started process (PID=894) to work on /opt/airflow/dags/fourthdag.py
[2024-06-26T14:16:18.554+0000] {processor.py:830} INFO - Processing file /opt/airflow/dags/fourthdag.py for tasks to queue
[2024-06-26T14:16:18.555+0000] {logging_mixin.py:188} INFO - [2024-06-26T14:16:18.555+0000] {dagbag.py:545} INFO - Filling up the DagBag from /opt/airflow/dags/fourthdag.py
[2024-06-26T14:16:18.562+0000] {processor.py:840} INFO - DAG(s) 'fourthddag' retrieved from /opt/airflow/dags/fourthdag.py
[2024-06-26T14:16:18.576+0000] {logging_mixin.py:188} INFO - [2024-06-26T14:16:18.575+0000] {dag.py:3096} INFO - Sync 1 DAGs
[2024-06-26T14:16:18.582+0000] {logging_mixin.py:188} INFO - [2024-06-26T14:16:18.582+0000] {dag.py:3954} INFO - Setting next_dagrun for fourthddag to None, run_after=None
[2024-06-26T14:16:18.591+0000] {processor.py:183} INFO - Processing /opt/airflow/dags/fourthdag.py took 0.042 seconds
[2024-06-26T14:16:24.290+0000] {processor.py:161} INFO - Started process (PID=921) to work on /opt/airflow/dags/fourthdag.py
[2024-06-26T14:16:24.291+0000] {processor.py:830} INFO - Processing file /opt/airflow/dags/fourthdag.py for tasks to queue
[2024-06-26T14:16:24.292+0000] {logging_mixin.py:188} INFO - [2024-06-26T14:16:24.291+0000] {dagbag.py:545} INFO - Filling up the DagBag from /opt/airflow/dags/fourthdag.py
[2024-06-26T14:16:24.296+0000] {processor.py:840} INFO - DAG(s) 'fourthddag' retrieved from /opt/airflow/dags/fourthdag.py
[2024-06-26T14:16:24.308+0000] {logging_mixin.py:188} INFO - [2024-06-26T14:16:24.308+0000] {dag.py:3096} INFO - Sync 1 DAGs
[2024-06-26T14:16:24.315+0000] {logging_mixin.py:188} INFO - [2024-06-26T14:16:24.315+0000] {dag.py:3954} INFO - Setting next_dagrun for fourthddag to None, run_after=None
[2024-06-26T14:16:24.324+0000] {processor.py:183} INFO - Processing /opt/airflow/dags/fourthdag.py took 0.037 seconds
[2024-06-26T14:16:30.158+0000] {processor.py:161} INFO - Started process (PID=948) to work on /opt/airflow/dags/fourthdag.py
[2024-06-26T14:16:30.158+0000] {processor.py:830} INFO - Processing file /opt/airflow/dags/fourthdag.py for tasks to queue
[2024-06-26T14:16:30.159+0000] {logging_mixin.py:188} INFO - [2024-06-26T14:16:30.159+0000] {dagbag.py:545} INFO - Filling up the DagBag from /opt/airflow/dags/fourthdag.py
[2024-06-26T14:16:30.164+0000] {processor.py:840} INFO - DAG(s) 'fourthddag' retrieved from /opt/airflow/dags/fourthdag.py
[2024-06-26T14:16:30.175+0000] {logging_mixin.py:188} INFO - [2024-06-26T14:16:30.175+0000] {dag.py:3096} INFO - Sync 1 DAGs
[2024-06-26T14:16:30.181+0000] {logging_mixin.py:188} INFO - [2024-06-26T14:16:30.181+0000] {dag.py:3954} INFO - Setting next_dagrun for fourthddag to None, run_after=None
[2024-06-26T14:16:30.191+0000] {processor.py:183} INFO - Processing /opt/airflow/dags/fourthdag.py took 0.036 seconds
[2024-06-26T14:16:35.926+0000] {processor.py:161} INFO - Started process (PID=975) to work on /opt/airflow/dags/fourthdag.py
[2024-06-26T14:16:35.926+0000] {processor.py:830} INFO - Processing file /opt/airflow/dags/fourthdag.py for tasks to queue
[2024-06-26T14:16:35.927+0000] {logging_mixin.py:188} INFO - [2024-06-26T14:16:35.927+0000] {dagbag.py:545} INFO - Filling up the DagBag from /opt/airflow/dags/fourthdag.py
[2024-06-26T14:16:35.932+0000] {processor.py:840} INFO - DAG(s) 'fourthddag' retrieved from /opt/airflow/dags/fourthdag.py
[2024-06-26T14:16:35.943+0000] {logging_mixin.py:188} INFO - [2024-06-26T14:16:35.943+0000] {dag.py:3096} INFO - Sync 1 DAGs
[2024-06-26T14:16:35.949+0000] {logging_mixin.py:188} INFO - [2024-06-26T14:16:35.949+0000] {dag.py:3954} INFO - Setting next_dagrun for fourthddag to None, run_after=None
[2024-06-26T14:16:35.958+0000] {processor.py:183} INFO - Processing /opt/airflow/dags/fourthdag.py took 0.036 seconds
[2024-06-26T14:16:41.744+0000] {processor.py:161} INFO - Started process (PID=1002) to work on /opt/airflow/dags/fourthdag.py
[2024-06-26T14:16:41.744+0000] {processor.py:830} INFO - Processing file /opt/airflow/dags/fourthdag.py for tasks to queue
[2024-06-26T14:16:41.745+0000] {logging_mixin.py:188} INFO - [2024-06-26T14:16:41.745+0000] {dagbag.py:545} INFO - Filling up the DagBag from /opt/airflow/dags/fourthdag.py
[2024-06-26T14:16:41.750+0000] {processor.py:840} INFO - DAG(s) 'fourthddag' retrieved from /opt/airflow/dags/fourthdag.py
[2024-06-26T14:16:41.761+0000] {logging_mixin.py:188} INFO - [2024-06-26T14:16:41.761+0000] {dag.py:3096} INFO - Sync 1 DAGs
[2024-06-26T14:16:41.767+0000] {logging_mixin.py:188} INFO - [2024-06-26T14:16:41.767+0000] {dag.py:3954} INFO - Setting next_dagrun for fourthddag to None, run_after=None
[2024-06-26T14:16:41.776+0000] {processor.py:183} INFO - Processing /opt/airflow/dags/fourthdag.py took 0.035 seconds
[2024-06-26T14:16:47.540+0000] {processor.py:161} INFO - Started process (PID=1029) to work on /opt/airflow/dags/fourthdag.py
[2024-06-26T14:16:47.541+0000] {processor.py:830} INFO - Processing file /opt/airflow/dags/fourthdag.py for tasks to queue
[2024-06-26T14:16:47.542+0000] {logging_mixin.py:188} INFO - [2024-06-26T14:16:47.542+0000] {dagbag.py:545} INFO - Filling up the DagBag from /opt/airflow/dags/fourthdag.py
[2024-06-26T14:16:47.547+0000] {processor.py:840} INFO - DAG(s) 'fourthddag' retrieved from /opt/airflow/dags/fourthdag.py
[2024-06-26T14:16:47.558+0000] {logging_mixin.py:188} INFO - [2024-06-26T14:16:47.558+0000] {dag.py:3096} INFO - Sync 1 DAGs
[2024-06-26T14:16:47.565+0000] {logging_mixin.py:188} INFO - [2024-06-26T14:16:47.565+0000] {dag.py:3954} INFO - Setting next_dagrun for fourthddag to None, run_after=None
[2024-06-26T14:16:47.574+0000] {processor.py:183} INFO - Processing /opt/airflow/dags/fourthdag.py took 0.037 seconds
[2024-06-26T14:16:53.349+0000] {processor.py:161} INFO - Started process (PID=1062) to work on /opt/airflow/dags/fourthdag.py
[2024-06-26T14:16:53.349+0000] {processor.py:830} INFO - Processing file /opt/airflow/dags/fourthdag.py for tasks to queue
[2024-06-26T14:16:53.350+0000] {logging_mixin.py:188} INFO - [2024-06-26T14:16:53.350+0000] {dagbag.py:545} INFO - Filling up the DagBag from /opt/airflow/dags/fourthdag.py
[2024-06-26T14:16:53.355+0000] {processor.py:840} INFO - DAG(s) 'fourthddag' retrieved from /opt/airflow/dags/fourthdag.py
[2024-06-26T14:16:53.366+0000] {logging_mixin.py:188} INFO - [2024-06-26T14:16:53.366+0000] {dag.py:3096} INFO - Sync 1 DAGs
[2024-06-26T14:16:53.372+0000] {logging_mixin.py:188} INFO - [2024-06-26T14:16:53.372+0000] {dag.py:3954} INFO - Setting next_dagrun for fourthddag to None, run_after=None
[2024-06-26T14:16:53.382+0000] {processor.py:183} INFO - Processing /opt/airflow/dags/fourthdag.py took 0.036 seconds
[2024-06-26T14:16:59.193+0000] {processor.py:161} INFO - Started process (PID=1089) to work on /opt/airflow/dags/fourthdag.py
[2024-06-26T14:16:59.194+0000] {processor.py:830} INFO - Processing file /opt/airflow/dags/fourthdag.py for tasks to queue
[2024-06-26T14:16:59.195+0000] {logging_mixin.py:188} INFO - [2024-06-26T14:16:59.195+0000] {dagbag.py:545} INFO - Filling up the DagBag from /opt/airflow/dags/fourthdag.py
[2024-06-26T14:16:59.200+0000] {processor.py:840} INFO - DAG(s) 'fourthddag' retrieved from /opt/airflow/dags/fourthdag.py
[2024-06-26T14:16:59.214+0000] {logging_mixin.py:188} INFO - [2024-06-26T14:16:59.214+0000] {dag.py:3096} INFO - Sync 1 DAGs
[2024-06-26T14:16:59.222+0000] {logging_mixin.py:188} INFO - [2024-06-26T14:16:59.221+0000] {dag.py:3954} INFO - Setting next_dagrun for fourthddag to None, run_after=None
[2024-06-26T14:16:59.233+0000] {processor.py:183} INFO - Processing /opt/airflow/dags/fourthdag.py took 0.043 seconds
[2024-06-26T14:17:04.929+0000] {processor.py:161} INFO - Started process (PID=1116) to work on /opt/airflow/dags/fourthdag.py
[2024-06-26T14:17:04.929+0000] {processor.py:830} INFO - Processing file /opt/airflow/dags/fourthdag.py for tasks to queue
[2024-06-26T14:17:04.930+0000] {logging_mixin.py:188} INFO - [2024-06-26T14:17:04.930+0000] {dagbag.py:545} INFO - Filling up the DagBag from /opt/airflow/dags/fourthdag.py
[2024-06-26T14:17:04.934+0000] {processor.py:840} INFO - DAG(s) 'fourthddag' retrieved from /opt/airflow/dags/fourthdag.py
[2024-06-26T14:17:04.946+0000] {logging_mixin.py:188} INFO - [2024-06-26T14:17:04.946+0000] {dag.py:3096} INFO - Sync 1 DAGs
[2024-06-26T14:17:04.952+0000] {logging_mixin.py:188} INFO - [2024-06-26T14:17:04.952+0000] {dag.py:3954} INFO - Setting next_dagrun for fourthddag to None, run_after=None
[2024-06-26T14:17:04.961+0000] {processor.py:183} INFO - Processing /opt/airflow/dags/fourthdag.py took 0.036 seconds
[2024-06-26T14:17:10.771+0000] {processor.py:161} INFO - Started process (PID=1143) to work on /opt/airflow/dags/fourthdag.py
[2024-06-26T14:17:10.772+0000] {processor.py:830} INFO - Processing file /opt/airflow/dags/fourthdag.py for tasks to queue
[2024-06-26T14:17:10.773+0000] {logging_mixin.py:188} INFO - [2024-06-26T14:17:10.772+0000] {dagbag.py:545} INFO - Filling up the DagBag from /opt/airflow/dags/fourthdag.py
[2024-06-26T14:17:10.777+0000] {processor.py:840} INFO - DAG(s) 'fourthddag' retrieved from /opt/airflow/dags/fourthdag.py
[2024-06-26T14:17:10.788+0000] {logging_mixin.py:188} INFO - [2024-06-26T14:17:10.788+0000] {dag.py:3096} INFO - Sync 1 DAGs
[2024-06-26T14:17:10.795+0000] {logging_mixin.py:188} INFO - [2024-06-26T14:17:10.795+0000] {dag.py:3954} INFO - Setting next_dagrun for fourthddag to None, run_after=None
[2024-06-26T14:17:10.806+0000] {processor.py:183} INFO - Processing /opt/airflow/dags/fourthdag.py took 0.037 seconds
[2024-06-26T14:17:16.580+0000] {processor.py:161} INFO - Started process (PID=1170) to work on /opt/airflow/dags/fourthdag.py
[2024-06-26T14:17:16.581+0000] {processor.py:830} INFO - Processing file /opt/airflow/dags/fourthdag.py for tasks to queue
[2024-06-26T14:17:16.582+0000] {logging_mixin.py:188} INFO - [2024-06-26T14:17:16.582+0000] {dagbag.py:545} INFO - Filling up the DagBag from /opt/airflow/dags/fourthdag.py
[2024-06-26T14:17:16.586+0000] {processor.py:840} INFO - DAG(s) 'fourthddag' retrieved from /opt/airflow/dags/fourthdag.py
[2024-06-26T14:17:16.598+0000] {logging_mixin.py:188} INFO - [2024-06-26T14:17:16.598+0000] {dag.py:3096} INFO - Sync 1 DAGs
[2024-06-26T14:17:16.606+0000] {logging_mixin.py:188} INFO - [2024-06-26T14:17:16.606+0000] {dag.py:3954} INFO - Setting next_dagrun for fourthddag to None, run_after=None
[2024-06-26T14:17:16.615+0000] {processor.py:183} INFO - Processing /opt/airflow/dags/fourthdag.py took 0.039 seconds
[2024-06-26T14:17:22.279+0000] {processor.py:161} INFO - Started process (PID=1203) to work on /opt/airflow/dags/fourthdag.py
[2024-06-26T14:17:22.279+0000] {processor.py:830} INFO - Processing file /opt/airflow/dags/fourthdag.py for tasks to queue
[2024-06-26T14:17:22.280+0000] {logging_mixin.py:188} INFO - [2024-06-26T14:17:22.280+0000] {dagbag.py:545} INFO - Filling up the DagBag from /opt/airflow/dags/fourthdag.py
[2024-06-26T14:17:22.285+0000] {processor.py:840} INFO - DAG(s) 'fourthddag' retrieved from /opt/airflow/dags/fourthdag.py
[2024-06-26T14:17:22.296+0000] {logging_mixin.py:188} INFO - [2024-06-26T14:17:22.296+0000] {dag.py:3096} INFO - Sync 1 DAGs
[2024-06-26T14:17:22.303+0000] {logging_mixin.py:188} INFO - [2024-06-26T14:17:22.303+0000] {dag.py:3954} INFO - Setting next_dagrun for fourthddag to None, run_after=None
[2024-06-26T14:17:22.313+0000] {processor.py:183} INFO - Processing /opt/airflow/dags/fourthdag.py took 0.038 seconds
[2024-06-26T14:17:28.032+0000] {processor.py:161} INFO - Started process (PID=1230) to work on /opt/airflow/dags/fourthdag.py
[2024-06-26T14:17:28.032+0000] {processor.py:830} INFO - Processing file /opt/airflow/dags/fourthdag.py for tasks to queue
[2024-06-26T14:17:28.033+0000] {logging_mixin.py:188} INFO - [2024-06-26T14:17:28.033+0000] {dagbag.py:545} INFO - Filling up the DagBag from /opt/airflow/dags/fourthdag.py
[2024-06-26T14:17:28.038+0000] {processor.py:840} INFO - DAG(s) 'fourthddag' retrieved from /opt/airflow/dags/fourthdag.py
[2024-06-26T14:17:28.050+0000] {logging_mixin.py:188} INFO - [2024-06-26T14:17:28.049+0000] {dag.py:3096} INFO - Sync 1 DAGs
[2024-06-26T14:17:28.056+0000] {logging_mixin.py:188} INFO - [2024-06-26T14:17:28.056+0000] {dag.py:3954} INFO - Setting next_dagrun for fourthddag to None, run_after=None
[2024-06-26T14:17:28.064+0000] {processor.py:183} INFO - Processing /opt/airflow/dags/fourthdag.py took 0.036 seconds
[2024-06-26T14:17:33.720+0000] {processor.py:161} INFO - Started process (PID=1257) to work on /opt/airflow/dags/fourthdag.py
[2024-06-26T14:17:33.720+0000] {processor.py:830} INFO - Processing file /opt/airflow/dags/fourthdag.py for tasks to queue
[2024-06-26T14:17:33.721+0000] {logging_mixin.py:188} INFO - [2024-06-26T14:17:33.721+0000] {dagbag.py:545} INFO - Filling up the DagBag from /opt/airflow/dags/fourthdag.py
[2024-06-26T14:17:33.726+0000] {processor.py:840} INFO - DAG(s) 'fourthddag' retrieved from /opt/airflow/dags/fourthdag.py
[2024-06-26T14:17:33.737+0000] {logging_mixin.py:188} INFO - [2024-06-26T14:17:33.737+0000] {dag.py:3096} INFO - Sync 1 DAGs
[2024-06-26T14:17:33.743+0000] {logging_mixin.py:188} INFO - [2024-06-26T14:17:33.743+0000] {dag.py:3954} INFO - Setting next_dagrun for fourthddag to None, run_after=None
[2024-06-26T14:17:33.753+0000] {processor.py:183} INFO - Processing /opt/airflow/dags/fourthdag.py took 0.036 seconds
[2024-06-26T14:17:39.505+0000] {processor.py:161} INFO - Started process (PID=1284) to work on /opt/airflow/dags/fourthdag.py
[2024-06-26T14:17:39.506+0000] {processor.py:830} INFO - Processing file /opt/airflow/dags/fourthdag.py for tasks to queue
[2024-06-26T14:17:39.507+0000] {logging_mixin.py:188} INFO - [2024-06-26T14:17:39.507+0000] {dagbag.py:545} INFO - Filling up the DagBag from /opt/airflow/dags/fourthdag.py
[2024-06-26T14:17:39.511+0000] {processor.py:840} INFO - DAG(s) 'fourthddag' retrieved from /opt/airflow/dags/fourthdag.py
[2024-06-26T14:17:39.523+0000] {logging_mixin.py:188} INFO - [2024-06-26T14:17:39.522+0000] {dag.py:3096} INFO - Sync 1 DAGs
[2024-06-26T14:17:39.529+0000] {logging_mixin.py:188} INFO - [2024-06-26T14:17:39.529+0000] {dag.py:3954} INFO - Setting next_dagrun for fourthddag to None, run_after=None
[2024-06-26T14:17:39.538+0000] {processor.py:183} INFO - Processing /opt/airflow/dags/fourthdag.py took 0.035 seconds
[2024-06-26T14:17:45.269+0000] {processor.py:161} INFO - Started process (PID=1311) to work on /opt/airflow/dags/fourthdag.py
[2024-06-26T14:17:45.269+0000] {processor.py:830} INFO - Processing file /opt/airflow/dags/fourthdag.py for tasks to queue
[2024-06-26T14:17:45.270+0000] {logging_mixin.py:188} INFO - [2024-06-26T14:17:45.270+0000] {dagbag.py:545} INFO - Filling up the DagBag from /opt/airflow/dags/fourthdag.py
[2024-06-26T14:17:45.274+0000] {processor.py:840} INFO - DAG(s) 'fourthddag' retrieved from /opt/airflow/dags/fourthdag.py
[2024-06-26T14:17:45.286+0000] {logging_mixin.py:188} INFO - [2024-06-26T14:17:45.286+0000] {dag.py:3096} INFO - Sync 1 DAGs
[2024-06-26T14:17:45.293+0000] {logging_mixin.py:188} INFO - [2024-06-26T14:17:45.292+0000] {dag.py:3954} INFO - Setting next_dagrun for fourthddag to None, run_after=None
[2024-06-26T14:17:45.302+0000] {processor.py:183} INFO - Processing /opt/airflow/dags/fourthdag.py took 0.037 seconds
[2024-06-26T14:17:51.056+0000] {processor.py:161} INFO - Started process (PID=1344) to work on /opt/airflow/dags/fourthdag.py
[2024-06-26T14:17:51.057+0000] {processor.py:830} INFO - Processing file /opt/airflow/dags/fourthdag.py for tasks to queue
[2024-06-26T14:17:51.058+0000] {logging_mixin.py:188} INFO - [2024-06-26T14:17:51.057+0000] {dagbag.py:545} INFO - Filling up the DagBag from /opt/airflow/dags/fourthdag.py
[2024-06-26T14:17:51.062+0000] {processor.py:840} INFO - DAG(s) 'fourthddag' retrieved from /opt/airflow/dags/fourthdag.py
[2024-06-26T14:17:51.074+0000] {logging_mixin.py:188} INFO - [2024-06-26T14:17:51.074+0000] {dag.py:3096} INFO - Sync 1 DAGs
[2024-06-26T14:17:51.080+0000] {logging_mixin.py:188} INFO - [2024-06-26T14:17:51.080+0000] {dag.py:3954} INFO - Setting next_dagrun for fourthddag to None, run_after=None
[2024-06-26T14:17:51.089+0000] {processor.py:183} INFO - Processing /opt/airflow/dags/fourthdag.py took 0.036 seconds
[2024-06-26T14:17:56.784+0000] {processor.py:161} INFO - Started process (PID=1371) to work on /opt/airflow/dags/fourthdag.py
[2024-06-26T14:17:56.784+0000] {processor.py:830} INFO - Processing file /opt/airflow/dags/fourthdag.py for tasks to queue
[2024-06-26T14:17:56.785+0000] {logging_mixin.py:188} INFO - [2024-06-26T14:17:56.785+0000] {dagbag.py:545} INFO - Filling up the DagBag from /opt/airflow/dags/fourthdag.py
[2024-06-26T14:17:56.790+0000] {processor.py:840} INFO - DAG(s) 'fourthddag' retrieved from /opt/airflow/dags/fourthdag.py
[2024-06-26T14:17:56.801+0000] {logging_mixin.py:188} INFO - [2024-06-26T14:17:56.801+0000] {dag.py:3096} INFO - Sync 1 DAGs
[2024-06-26T14:17:56.808+0000] {logging_mixin.py:188} INFO - [2024-06-26T14:17:56.807+0000] {dag.py:3954} INFO - Setting next_dagrun for fourthddag to None, run_after=None
[2024-06-26T14:17:56.817+0000] {processor.py:183} INFO - Processing /opt/airflow/dags/fourthdag.py took 0.036 seconds
[2024-06-26T14:18:02.534+0000] {processor.py:161} INFO - Started process (PID=1398) to work on /opt/airflow/dags/fourthdag.py
[2024-06-26T14:18:02.535+0000] {processor.py:830} INFO - Processing file /opt/airflow/dags/fourthdag.py for tasks to queue
[2024-06-26T14:18:02.535+0000] {logging_mixin.py:188} INFO - [2024-06-26T14:18:02.535+0000] {dagbag.py:545} INFO - Filling up the DagBag from /opt/airflow/dags/fourthdag.py
[2024-06-26T14:18:02.540+0000] {processor.py:840} INFO - DAG(s) 'fourthddag' retrieved from /opt/airflow/dags/fourthdag.py
[2024-06-26T14:18:02.552+0000] {logging_mixin.py:188} INFO - [2024-06-26T14:18:02.552+0000] {dag.py:3096} INFO - Sync 1 DAGs
[2024-06-26T14:18:02.559+0000] {logging_mixin.py:188} INFO - [2024-06-26T14:18:02.558+0000] {dag.py:3954} INFO - Setting next_dagrun for fourthddag to None, run_after=None
[2024-06-26T14:18:02.569+0000] {processor.py:183} INFO - Processing /opt/airflow/dags/fourthdag.py took 0.038 seconds
