[2024-06-26T14:13:28.748+0000] {processor.py:161} INFO - Started process (PID=38) to work on /opt/airflow/dags/hooks.py
[2024-06-26T14:13:28.749+0000] {processor.py:830} INFO - Processing file /opt/airflow/dags/hooks.py for tasks to queue
[2024-06-26T14:13:28.750+0000] {logging_mixin.py:188} INFO - [2024-06-26T14:13:28.750+0000] {dagbag.py:545} INFO - Filling up the DagBag from /opt/airflow/dags/hooks.py
[2024-06-26T14:13:28.756+0000] {processor.py:840} INFO - DAG(s) 'hooks' retrieved from /opt/airflow/dags/hooks.py
[2024-06-26T14:13:28.814+0000] {logging_mixin.py:188} INFO - [2024-06-26T14:13:28.814+0000] {dag.py:3096} INFO - Sync 1 DAGs
[2024-06-26T14:13:28.820+0000] {logging_mixin.py:188} INFO - [2024-06-26T14:13:28.820+0000] {dag.py:3954} INFO - Setting next_dagrun for hooks to None, run_after=None
[2024-06-26T14:13:28.830+0000] {processor.py:183} INFO - Processing /opt/airflow/dags/hooks.py took 0.085 seconds
[2024-06-26T14:13:34.181+0000] {processor.py:161} INFO - Started process (PID=65) to work on /opt/airflow/dags/hooks.py
[2024-06-26T14:13:34.182+0000] {processor.py:830} INFO - Processing file /opt/airflow/dags/hooks.py for tasks to queue
[2024-06-26T14:13:34.183+0000] {logging_mixin.py:188} INFO - [2024-06-26T14:13:34.182+0000] {dagbag.py:545} INFO - Filling up the DagBag from /opt/airflow/dags/hooks.py
[2024-06-26T14:13:34.190+0000] {processor.py:840} INFO - DAG(s) 'hooks' retrieved from /opt/airflow/dags/hooks.py
[2024-06-26T14:13:34.196+0000] {logging_mixin.py:188} INFO - [2024-06-26T14:13:34.196+0000] {dag.py:3096} INFO - Sync 1 DAGs
[2024-06-26T14:13:34.203+0000] {logging_mixin.py:188} INFO - [2024-06-26T14:13:34.203+0000] {dag.py:3954} INFO - Setting next_dagrun for hooks to None, run_after=None
[2024-06-26T14:13:34.213+0000] {processor.py:183} INFO - Processing /opt/airflow/dags/hooks.py took 0.035 seconds
[2024-06-26T14:13:39.755+0000] {processor.py:161} INFO - Started process (PID=92) to work on /opt/airflow/dags/hooks.py
[2024-06-26T14:13:39.755+0000] {processor.py:830} INFO - Processing file /opt/airflow/dags/hooks.py for tasks to queue
[2024-06-26T14:13:39.756+0000] {logging_mixin.py:188} INFO - [2024-06-26T14:13:39.756+0000] {dagbag.py:545} INFO - Filling up the DagBag from /opt/airflow/dags/hooks.py
[2024-06-26T14:13:39.762+0000] {processor.py:840} INFO - DAG(s) 'hooks' retrieved from /opt/airflow/dags/hooks.py
[2024-06-26T14:13:39.769+0000] {logging_mixin.py:188} INFO - [2024-06-26T14:13:39.769+0000] {dag.py:3096} INFO - Sync 1 DAGs
[2024-06-26T14:13:39.776+0000] {logging_mixin.py:188} INFO - [2024-06-26T14:13:39.776+0000] {dag.py:3954} INFO - Setting next_dagrun for hooks to None, run_after=None
[2024-06-26T14:13:39.786+0000] {processor.py:183} INFO - Processing /opt/airflow/dags/hooks.py took 0.035 seconds
[2024-06-26T14:13:44.843+0000] {processor.py:161} INFO - Started process (PID=119) to work on /opt/airflow/dags/hooks.py
[2024-06-26T14:13:44.843+0000] {processor.py:830} INFO - Processing file /opt/airflow/dags/hooks.py for tasks to queue
[2024-06-26T14:13:44.844+0000] {logging_mixin.py:188} INFO - [2024-06-26T14:13:44.844+0000] {dagbag.py:545} INFO - Filling up the DagBag from /opt/airflow/dags/hooks.py
[2024-06-26T14:13:44.850+0000] {processor.py:840} INFO - DAG(s) 'hooks' retrieved from /opt/airflow/dags/hooks.py
[2024-06-26T14:13:44.856+0000] {logging_mixin.py:188} INFO - [2024-06-26T14:13:44.856+0000] {dag.py:3096} INFO - Sync 1 DAGs
[2024-06-26T14:13:44.863+0000] {logging_mixin.py:188} INFO - [2024-06-26T14:13:44.863+0000] {dag.py:3954} INFO - Setting next_dagrun for hooks to None, run_after=None
[2024-06-26T14:13:44.874+0000] {processor.py:183} INFO - Processing /opt/airflow/dags/hooks.py took 0.035 seconds
[2024-06-26T14:13:50.539+0000] {processor.py:161} INFO - Started process (PID=152) to work on /opt/airflow/dags/hooks.py
[2024-06-26T14:13:50.540+0000] {processor.py:830} INFO - Processing file /opt/airflow/dags/hooks.py for tasks to queue
[2024-06-26T14:13:50.541+0000] {logging_mixin.py:188} INFO - [2024-06-26T14:13:50.540+0000] {dagbag.py:545} INFO - Filling up the DagBag from /opt/airflow/dags/hooks.py
[2024-06-26T14:13:50.547+0000] {processor.py:840} INFO - DAG(s) 'hooks' retrieved from /opt/airflow/dags/hooks.py
[2024-06-26T14:13:50.553+0000] {logging_mixin.py:188} INFO - [2024-06-26T14:13:50.553+0000] {dag.py:3096} INFO - Sync 1 DAGs
[2024-06-26T14:13:50.560+0000] {logging_mixin.py:188} INFO - [2024-06-26T14:13:50.560+0000] {dag.py:3954} INFO - Setting next_dagrun for hooks to None, run_after=None
[2024-06-26T14:13:50.569+0000] {processor.py:183} INFO - Processing /opt/airflow/dags/hooks.py took 0.033 seconds
[2024-06-26T14:13:56.231+0000] {processor.py:161} INFO - Started process (PID=192) to work on /opt/airflow/dags/hooks.py
[2024-06-26T14:13:56.231+0000] {processor.py:830} INFO - Processing file /opt/airflow/dags/hooks.py for tasks to queue
[2024-06-26T14:13:56.233+0000] {logging_mixin.py:188} INFO - [2024-06-26T14:13:56.233+0000] {dagbag.py:545} INFO - Filling up the DagBag from /opt/airflow/dags/hooks.py
[2024-06-26T14:13:56.246+0000] {processor.py:840} INFO - DAG(s) 'hooks' retrieved from /opt/airflow/dags/hooks.py
[2024-06-26T14:13:56.260+0000] {logging_mixin.py:188} INFO - [2024-06-26T14:13:56.260+0000] {dag.py:3096} INFO - Sync 1 DAGs
[2024-06-26T14:13:56.276+0000] {logging_mixin.py:188} INFO - [2024-06-26T14:13:56.276+0000] {dag.py:3954} INFO - Setting next_dagrun for hooks to None, run_after=None
[2024-06-26T14:13:56.301+0000] {processor.py:183} INFO - Processing /opt/airflow/dags/hooks.py took 0.077 seconds
[2024-06-26T14:14:02.228+0000] {processor.py:161} INFO - Started process (PID=219) to work on /opt/airflow/dags/hooks.py
[2024-06-26T14:14:02.228+0000] {processor.py:830} INFO - Processing file /opt/airflow/dags/hooks.py for tasks to queue
[2024-06-26T14:14:02.229+0000] {logging_mixin.py:188} INFO - [2024-06-26T14:14:02.229+0000] {dagbag.py:545} INFO - Filling up the DagBag from /opt/airflow/dags/hooks.py
[2024-06-26T14:14:02.237+0000] {processor.py:840} INFO - DAG(s) 'hooks' retrieved from /opt/airflow/dags/hooks.py
[2024-06-26T14:14:02.250+0000] {logging_mixin.py:188} INFO - [2024-06-26T14:14:02.250+0000] {dag.py:3096} INFO - Sync 1 DAGs
[2024-06-26T14:14:02.257+0000] {logging_mixin.py:188} INFO - [2024-06-26T14:14:02.257+0000] {dag.py:3954} INFO - Setting next_dagrun for hooks to None, run_after=None
[2024-06-26T14:14:02.267+0000] {processor.py:183} INFO - Processing /opt/airflow/dags/hooks.py took 0.042 seconds
[2024-06-26T14:14:08.000+0000] {processor.py:161} INFO - Started process (PID=246) to work on /opt/airflow/dags/hooks.py
[2024-06-26T14:14:08.001+0000] {processor.py:830} INFO - Processing file /opt/airflow/dags/hooks.py for tasks to queue
[2024-06-26T14:14:08.002+0000] {logging_mixin.py:188} INFO - [2024-06-26T14:14:08.001+0000] {dagbag.py:545} INFO - Filling up the DagBag from /opt/airflow/dags/hooks.py
[2024-06-26T14:14:08.009+0000] {processor.py:840} INFO - DAG(s) 'hooks' retrieved from /opt/airflow/dags/hooks.py
[2024-06-26T14:14:08.023+0000] {logging_mixin.py:188} INFO - [2024-06-26T14:14:08.022+0000] {dag.py:3096} INFO - Sync 1 DAGs
[2024-06-26T14:14:08.029+0000] {logging_mixin.py:188} INFO - [2024-06-26T14:14:08.029+0000] {dag.py:3954} INFO - Setting next_dagrun for hooks to None, run_after=None
[2024-06-26T14:14:08.040+0000] {processor.py:183} INFO - Processing /opt/airflow/dags/hooks.py took 0.042 seconds
[2024-06-26T14:14:13.955+0000] {processor.py:161} INFO - Started process (PID=273) to work on /opt/airflow/dags/hooks.py
[2024-06-26T14:14:13.955+0000] {processor.py:830} INFO - Processing file /opt/airflow/dags/hooks.py for tasks to queue
[2024-06-26T14:14:13.956+0000] {logging_mixin.py:188} INFO - [2024-06-26T14:14:13.956+0000] {dagbag.py:545} INFO - Filling up the DagBag from /opt/airflow/dags/hooks.py
[2024-06-26T14:14:13.964+0000] {processor.py:840} INFO - DAG(s) 'hooks' retrieved from /opt/airflow/dags/hooks.py
[2024-06-26T14:14:13.977+0000] {logging_mixin.py:188} INFO - [2024-06-26T14:14:13.976+0000] {dag.py:3096} INFO - Sync 1 DAGs
[2024-06-26T14:14:13.984+0000] {logging_mixin.py:188} INFO - [2024-06-26T14:14:13.984+0000] {dag.py:3954} INFO - Setting next_dagrun for hooks to None, run_after=None
[2024-06-26T14:14:13.994+0000] {processor.py:183} INFO - Processing /opt/airflow/dags/hooks.py took 0.042 seconds
[2024-06-26T14:14:19.726+0000] {processor.py:161} INFO - Started process (PID=306) to work on /opt/airflow/dags/hooks.py
[2024-06-26T14:14:19.727+0000] {processor.py:830} INFO - Processing file /opt/airflow/dags/hooks.py for tasks to queue
[2024-06-26T14:14:19.728+0000] {logging_mixin.py:188} INFO - [2024-06-26T14:14:19.727+0000] {dagbag.py:545} INFO - Filling up the DagBag from /opt/airflow/dags/hooks.py
[2024-06-26T14:14:19.735+0000] {processor.py:840} INFO - DAG(s) 'hooks' retrieved from /opt/airflow/dags/hooks.py
[2024-06-26T14:14:19.749+0000] {logging_mixin.py:188} INFO - [2024-06-26T14:14:19.749+0000] {dag.py:3096} INFO - Sync 1 DAGs
[2024-06-26T14:14:19.757+0000] {logging_mixin.py:188} INFO - [2024-06-26T14:14:19.756+0000] {dag.py:3954} INFO - Setting next_dagrun for hooks to None, run_after=None
[2024-06-26T14:14:19.767+0000] {processor.py:183} INFO - Processing /opt/airflow/dags/hooks.py took 0.044 seconds
[2024-06-26T14:14:25.493+0000] {processor.py:161} INFO - Started process (PID=333) to work on /opt/airflow/dags/hooks.py
[2024-06-26T14:14:25.494+0000] {processor.py:830} INFO - Processing file /opt/airflow/dags/hooks.py for tasks to queue
[2024-06-26T14:14:25.495+0000] {logging_mixin.py:188} INFO - [2024-06-26T14:14:25.494+0000] {dagbag.py:545} INFO - Filling up the DagBag from /opt/airflow/dags/hooks.py
[2024-06-26T14:14:25.501+0000] {processor.py:840} INFO - DAG(s) 'hooks' retrieved from /opt/airflow/dags/hooks.py
[2024-06-26T14:14:25.514+0000] {logging_mixin.py:188} INFO - [2024-06-26T14:14:25.513+0000] {dag.py:3096} INFO - Sync 1 DAGs
[2024-06-26T14:14:25.521+0000] {logging_mixin.py:188} INFO - [2024-06-26T14:14:25.521+0000] {dag.py:3954} INFO - Setting next_dagrun for hooks to None, run_after=None
[2024-06-26T14:14:25.531+0000] {processor.py:183} INFO - Processing /opt/airflow/dags/hooks.py took 0.040 seconds
[2024-06-26T14:14:31.371+0000] {processor.py:161} INFO - Started process (PID=360) to work on /opt/airflow/dags/hooks.py
[2024-06-26T14:14:31.371+0000] {processor.py:830} INFO - Processing file /opt/airflow/dags/hooks.py for tasks to queue
[2024-06-26T14:14:31.372+0000] {logging_mixin.py:188} INFO - [2024-06-26T14:14:31.372+0000] {dagbag.py:545} INFO - Filling up the DagBag from /opt/airflow/dags/hooks.py
[2024-06-26T14:14:31.379+0000] {processor.py:840} INFO - DAG(s) 'hooks' retrieved from /opt/airflow/dags/hooks.py
[2024-06-26T14:14:31.392+0000] {logging_mixin.py:188} INFO - [2024-06-26T14:14:31.391+0000] {dag.py:3096} INFO - Sync 1 DAGs
[2024-06-26T14:14:31.399+0000] {logging_mixin.py:188} INFO - [2024-06-26T14:14:31.399+0000] {dag.py:3954} INFO - Setting next_dagrun for hooks to None, run_after=None
[2024-06-26T14:14:31.408+0000] {processor.py:183} INFO - Processing /opt/airflow/dags/hooks.py took 0.041 seconds
[2024-06-26T14:14:37.162+0000] {processor.py:161} INFO - Started process (PID=387) to work on /opt/airflow/dags/hooks.py
[2024-06-26T14:14:37.163+0000] {processor.py:830} INFO - Processing file /opt/airflow/dags/hooks.py for tasks to queue
[2024-06-26T14:14:37.165+0000] {logging_mixin.py:188} INFO - [2024-06-26T14:14:37.164+0000] {dagbag.py:545} INFO - Filling up the DagBag from /opt/airflow/dags/hooks.py
[2024-06-26T14:14:37.171+0000] {processor.py:840} INFO - DAG(s) 'hooks' retrieved from /opt/airflow/dags/hooks.py
[2024-06-26T14:14:37.183+0000] {logging_mixin.py:188} INFO - [2024-06-26T14:14:37.183+0000] {dag.py:3096} INFO - Sync 1 DAGs
[2024-06-26T14:14:37.190+0000] {logging_mixin.py:188} INFO - [2024-06-26T14:14:37.190+0000] {dag.py:3954} INFO - Setting next_dagrun for hooks to None, run_after=None
[2024-06-26T14:14:37.199+0000] {processor.py:183} INFO - Processing /opt/airflow/dags/hooks.py took 0.040 seconds
[2024-06-26T14:14:42.943+0000] {processor.py:161} INFO - Started process (PID=414) to work on /opt/airflow/dags/hooks.py
[2024-06-26T14:14:42.944+0000] {processor.py:830} INFO - Processing file /opt/airflow/dags/hooks.py for tasks to queue
[2024-06-26T14:14:42.945+0000] {logging_mixin.py:188} INFO - [2024-06-26T14:14:42.945+0000] {dagbag.py:545} INFO - Filling up the DagBag from /opt/airflow/dags/hooks.py
[2024-06-26T14:14:42.951+0000] {processor.py:840} INFO - DAG(s) 'hooks' retrieved from /opt/airflow/dags/hooks.py
[2024-06-26T14:14:42.964+0000] {logging_mixin.py:188} INFO - [2024-06-26T14:14:42.964+0000] {dag.py:3096} INFO - Sync 1 DAGs
[2024-06-26T14:14:42.971+0000] {logging_mixin.py:188} INFO - [2024-06-26T14:14:42.971+0000] {dag.py:3954} INFO - Setting next_dagrun for hooks to None, run_after=None
[2024-06-26T14:14:42.980+0000] {processor.py:183} INFO - Processing /opt/airflow/dags/hooks.py took 0.040 seconds
[2024-06-26T14:14:48.674+0000] {processor.py:161} INFO - Started process (PID=447) to work on /opt/airflow/dags/hooks.py
[2024-06-26T14:14:48.675+0000] {processor.py:830} INFO - Processing file /opt/airflow/dags/hooks.py for tasks to queue
[2024-06-26T14:14:48.676+0000] {logging_mixin.py:188} INFO - [2024-06-26T14:14:48.676+0000] {dagbag.py:545} INFO - Filling up the DagBag from /opt/airflow/dags/hooks.py
[2024-06-26T14:14:48.682+0000] {processor.py:840} INFO - DAG(s) 'hooks' retrieved from /opt/airflow/dags/hooks.py
[2024-06-26T14:14:48.695+0000] {logging_mixin.py:188} INFO - [2024-06-26T14:14:48.695+0000] {dag.py:3096} INFO - Sync 1 DAGs
[2024-06-26T14:14:48.702+0000] {logging_mixin.py:188} INFO - [2024-06-26T14:14:48.702+0000] {dag.py:3954} INFO - Setting next_dagrun for hooks to None, run_after=None
[2024-06-26T14:14:48.712+0000] {processor.py:183} INFO - Processing /opt/airflow/dags/hooks.py took 0.041 seconds
[2024-06-26T14:14:54.429+0000] {processor.py:161} INFO - Started process (PID=474) to work on /opt/airflow/dags/hooks.py
[2024-06-26T14:14:54.430+0000] {processor.py:830} INFO - Processing file /opt/airflow/dags/hooks.py for tasks to queue
[2024-06-26T14:14:54.431+0000] {logging_mixin.py:188} INFO - [2024-06-26T14:14:54.431+0000] {dagbag.py:545} INFO - Filling up the DagBag from /opt/airflow/dags/hooks.py
[2024-06-26T14:14:54.438+0000] {processor.py:840} INFO - DAG(s) 'hooks' retrieved from /opt/airflow/dags/hooks.py
[2024-06-26T14:14:54.451+0000] {logging_mixin.py:188} INFO - [2024-06-26T14:14:54.450+0000] {dag.py:3096} INFO - Sync 1 DAGs
[2024-06-26T14:14:54.458+0000] {logging_mixin.py:188} INFO - [2024-06-26T14:14:54.458+0000] {dag.py:3954} INFO - Setting next_dagrun for hooks to None, run_after=None
[2024-06-26T14:14:54.467+0000] {processor.py:183} INFO - Processing /opt/airflow/dags/hooks.py took 0.042 seconds
[2024-06-26T14:15:00.246+0000] {processor.py:161} INFO - Started process (PID=501) to work on /opt/airflow/dags/hooks.py
[2024-06-26T14:15:00.246+0000] {processor.py:830} INFO - Processing file /opt/airflow/dags/hooks.py for tasks to queue
[2024-06-26T14:15:00.247+0000] {logging_mixin.py:188} INFO - [2024-06-26T14:15:00.247+0000] {dagbag.py:545} INFO - Filling up the DagBag from /opt/airflow/dags/hooks.py
[2024-06-26T14:15:00.254+0000] {processor.py:840} INFO - DAG(s) 'hooks' retrieved from /opt/airflow/dags/hooks.py
[2024-06-26T14:15:00.266+0000] {logging_mixin.py:188} INFO - [2024-06-26T14:15:00.266+0000] {dag.py:3096} INFO - Sync 1 DAGs
[2024-06-26T14:15:00.273+0000] {logging_mixin.py:188} INFO - [2024-06-26T14:15:00.273+0000] {dag.py:3954} INFO - Setting next_dagrun for hooks to None, run_after=None
[2024-06-26T14:15:00.283+0000] {processor.py:183} INFO - Processing /opt/airflow/dags/hooks.py took 0.040 seconds
[2024-06-26T14:15:06.036+0000] {processor.py:161} INFO - Started process (PID=528) to work on /opt/airflow/dags/hooks.py
[2024-06-26T14:15:06.036+0000] {processor.py:830} INFO - Processing file /opt/airflow/dags/hooks.py for tasks to queue
[2024-06-26T14:15:06.037+0000] {logging_mixin.py:188} INFO - [2024-06-26T14:15:06.037+0000] {dagbag.py:545} INFO - Filling up the DagBag from /opt/airflow/dags/hooks.py
[2024-06-26T14:15:06.044+0000] {processor.py:840} INFO - DAG(s) 'hooks' retrieved from /opt/airflow/dags/hooks.py
[2024-06-26T14:15:06.057+0000] {logging_mixin.py:188} INFO - [2024-06-26T14:15:06.057+0000] {dag.py:3096} INFO - Sync 1 DAGs
[2024-06-26T14:15:06.065+0000] {logging_mixin.py:188} INFO - [2024-06-26T14:15:06.064+0000] {dag.py:3954} INFO - Setting next_dagrun for hooks to None, run_after=None
[2024-06-26T14:15:06.074+0000] {processor.py:183} INFO - Processing /opt/airflow/dags/hooks.py took 0.041 seconds
[2024-06-26T14:15:11.865+0000] {processor.py:161} INFO - Started process (PID=555) to work on /opt/airflow/dags/hooks.py
[2024-06-26T14:15:11.865+0000] {processor.py:830} INFO - Processing file /opt/airflow/dags/hooks.py for tasks to queue
[2024-06-26T14:15:11.866+0000] {logging_mixin.py:188} INFO - [2024-06-26T14:15:11.866+0000] {dagbag.py:545} INFO - Filling up the DagBag from /opt/airflow/dags/hooks.py
[2024-06-26T14:15:11.872+0000] {processor.py:840} INFO - DAG(s) 'hooks' retrieved from /opt/airflow/dags/hooks.py
[2024-06-26T14:15:11.885+0000] {logging_mixin.py:188} INFO - [2024-06-26T14:15:11.885+0000] {dag.py:3096} INFO - Sync 1 DAGs
[2024-06-26T14:15:11.892+0000] {logging_mixin.py:188} INFO - [2024-06-26T14:15:11.891+0000] {dag.py:3954} INFO - Setting next_dagrun for hooks to None, run_after=None
[2024-06-26T14:15:11.901+0000] {processor.py:183} INFO - Processing /opt/airflow/dags/hooks.py took 0.040 seconds
[2024-06-26T14:15:17.679+0000] {processor.py:161} INFO - Started process (PID=588) to work on /opt/airflow/dags/hooks.py
[2024-06-26T14:15:17.679+0000] {processor.py:830} INFO - Processing file /opt/airflow/dags/hooks.py for tasks to queue
[2024-06-26T14:15:17.681+0000] {logging_mixin.py:188} INFO - [2024-06-26T14:15:17.680+0000] {dagbag.py:545} INFO - Filling up the DagBag from /opt/airflow/dags/hooks.py
[2024-06-26T14:15:17.689+0000] {processor.py:840} INFO - DAG(s) 'hooks' retrieved from /opt/airflow/dags/hooks.py
[2024-06-26T14:15:17.701+0000] {logging_mixin.py:188} INFO - [2024-06-26T14:15:17.701+0000] {dag.py:3096} INFO - Sync 1 DAGs
[2024-06-26T14:15:17.708+0000] {logging_mixin.py:188} INFO - [2024-06-26T14:15:17.708+0000] {dag.py:3954} INFO - Setting next_dagrun for hooks to None, run_after=None
[2024-06-26T14:15:17.717+0000] {processor.py:183} INFO - Processing /opt/airflow/dags/hooks.py took 0.041 seconds
[2024-06-26T14:15:23.451+0000] {processor.py:161} INFO - Started process (PID=615) to work on /opt/airflow/dags/hooks.py
[2024-06-26T14:15:23.452+0000] {processor.py:830} INFO - Processing file /opt/airflow/dags/hooks.py for tasks to queue
[2024-06-26T14:15:23.453+0000] {logging_mixin.py:188} INFO - [2024-06-26T14:15:23.452+0000] {dagbag.py:545} INFO - Filling up the DagBag from /opt/airflow/dags/hooks.py
[2024-06-26T14:15:23.459+0000] {processor.py:840} INFO - DAG(s) 'hooks' retrieved from /opt/airflow/dags/hooks.py
[2024-06-26T14:15:23.473+0000] {logging_mixin.py:188} INFO - [2024-06-26T14:15:23.473+0000] {dag.py:3096} INFO - Sync 1 DAGs
[2024-06-26T14:15:23.481+0000] {logging_mixin.py:188} INFO - [2024-06-26T14:15:23.481+0000] {dag.py:3954} INFO - Setting next_dagrun for hooks to None, run_after=None
[2024-06-26T14:15:23.492+0000] {processor.py:183} INFO - Processing /opt/airflow/dags/hooks.py took 0.044 seconds
[2024-06-26T14:15:29.298+0000] {processor.py:161} INFO - Started process (PID=642) to work on /opt/airflow/dags/hooks.py
[2024-06-26T14:15:29.299+0000] {processor.py:830} INFO - Processing file /opt/airflow/dags/hooks.py for tasks to queue
[2024-06-26T14:15:29.300+0000] {logging_mixin.py:188} INFO - [2024-06-26T14:15:29.300+0000] {dagbag.py:545} INFO - Filling up the DagBag from /opt/airflow/dags/hooks.py
[2024-06-26T14:15:29.306+0000] {processor.py:840} INFO - DAG(s) 'hooks' retrieved from /opt/airflow/dags/hooks.py
[2024-06-26T14:15:29.318+0000] {logging_mixin.py:188} INFO - [2024-06-26T14:15:29.318+0000] {dag.py:3096} INFO - Sync 1 DAGs
[2024-06-26T14:15:29.325+0000] {logging_mixin.py:188} INFO - [2024-06-26T14:15:29.325+0000] {dag.py:3954} INFO - Setting next_dagrun for hooks to None, run_after=None
[2024-06-26T14:15:29.334+0000] {processor.py:183} INFO - Processing /opt/airflow/dags/hooks.py took 0.039 seconds
[2024-06-26T14:15:35.108+0000] {processor.py:161} INFO - Started process (PID=669) to work on /opt/airflow/dags/hooks.py
[2024-06-26T14:15:35.109+0000] {processor.py:830} INFO - Processing file /opt/airflow/dags/hooks.py for tasks to queue
[2024-06-26T14:15:35.110+0000] {logging_mixin.py:188} INFO - [2024-06-26T14:15:35.109+0000] {dagbag.py:545} INFO - Filling up the DagBag from /opt/airflow/dags/hooks.py
[2024-06-26T14:15:35.116+0000] {processor.py:840} INFO - DAG(s) 'hooks' retrieved from /opt/airflow/dags/hooks.py
[2024-06-26T14:15:35.129+0000] {logging_mixin.py:188} INFO - [2024-06-26T14:15:35.129+0000] {dag.py:3096} INFO - Sync 1 DAGs
[2024-06-26T14:15:35.136+0000] {logging_mixin.py:188} INFO - [2024-06-26T14:15:35.136+0000] {dag.py:3954} INFO - Setting next_dagrun for hooks to None, run_after=None
[2024-06-26T14:15:35.146+0000] {processor.py:183} INFO - Processing /opt/airflow/dags/hooks.py took 0.041 seconds
[2024-06-26T14:15:40.987+0000] {processor.py:161} INFO - Started process (PID=696) to work on /opt/airflow/dags/hooks.py
[2024-06-26T14:15:40.989+0000] {processor.py:830} INFO - Processing file /opt/airflow/dags/hooks.py for tasks to queue
[2024-06-26T14:15:40.990+0000] {logging_mixin.py:188} INFO - [2024-06-26T14:15:40.990+0000] {dagbag.py:545} INFO - Filling up the DagBag from /opt/airflow/dags/hooks.py
[2024-06-26T14:15:40.997+0000] {processor.py:840} INFO - DAG(s) 'hooks' retrieved from /opt/airflow/dags/hooks.py
[2024-06-26T14:15:41.011+0000] {logging_mixin.py:188} INFO - [2024-06-26T14:15:41.010+0000] {dag.py:3096} INFO - Sync 1 DAGs
[2024-06-26T14:15:41.017+0000] {logging_mixin.py:188} INFO - [2024-06-26T14:15:41.017+0000] {dag.py:3954} INFO - Setting next_dagrun for hooks to None, run_after=None
[2024-06-26T14:15:41.028+0000] {processor.py:183} INFO - Processing /opt/airflow/dags/hooks.py took 0.044 seconds
[2024-06-26T14:15:46.770+0000] {processor.py:161} INFO - Started process (PID=723) to work on /opt/airflow/dags/hooks.py
[2024-06-26T14:15:46.771+0000] {processor.py:830} INFO - Processing file /opt/airflow/dags/hooks.py for tasks to queue
[2024-06-26T14:15:46.772+0000] {logging_mixin.py:188} INFO - [2024-06-26T14:15:46.771+0000] {dagbag.py:545} INFO - Filling up the DagBag from /opt/airflow/dags/hooks.py
[2024-06-26T14:15:46.778+0000] {processor.py:840} INFO - DAG(s) 'hooks' retrieved from /opt/airflow/dags/hooks.py
[2024-06-26T14:15:46.791+0000] {logging_mixin.py:188} INFO - [2024-06-26T14:15:46.790+0000] {dag.py:3096} INFO - Sync 1 DAGs
[2024-06-26T14:15:46.798+0000] {logging_mixin.py:188} INFO - [2024-06-26T14:15:46.798+0000] {dag.py:3954} INFO - Setting next_dagrun for hooks to None, run_after=None
[2024-06-26T14:15:46.807+0000] {processor.py:183} INFO - Processing /opt/airflow/dags/hooks.py took 0.040 seconds
[2024-06-26T14:15:52.568+0000] {processor.py:161} INFO - Started process (PID=756) to work on /opt/airflow/dags/hooks.py
[2024-06-26T14:15:52.569+0000] {processor.py:830} INFO - Processing file /opt/airflow/dags/hooks.py for tasks to queue
[2024-06-26T14:15:52.570+0000] {logging_mixin.py:188} INFO - [2024-06-26T14:15:52.570+0000] {dagbag.py:545} INFO - Filling up the DagBag from /opt/airflow/dags/hooks.py
[2024-06-26T14:15:52.577+0000] {processor.py:840} INFO - DAG(s) 'hooks' retrieved from /opt/airflow/dags/hooks.py
[2024-06-26T14:15:52.590+0000] {logging_mixin.py:188} INFO - [2024-06-26T14:15:52.590+0000] {dag.py:3096} INFO - Sync 1 DAGs
[2024-06-26T14:15:52.597+0000] {logging_mixin.py:188} INFO - [2024-06-26T14:15:52.597+0000] {dag.py:3954} INFO - Setting next_dagrun for hooks to None, run_after=None
[2024-06-26T14:15:52.607+0000] {processor.py:183} INFO - Processing /opt/airflow/dags/hooks.py took 0.042 seconds
[2024-06-26T14:15:58.466+0000] {processor.py:161} INFO - Started process (PID=783) to work on /opt/airflow/dags/hooks.py
[2024-06-26T14:15:58.467+0000] {processor.py:830} INFO - Processing file /opt/airflow/dags/hooks.py for tasks to queue
[2024-06-26T14:15:58.468+0000] {logging_mixin.py:188} INFO - [2024-06-26T14:15:58.468+0000] {dagbag.py:545} INFO - Filling up the DagBag from /opt/airflow/dags/hooks.py
[2024-06-26T14:15:58.476+0000] {processor.py:840} INFO - DAG(s) 'hooks' retrieved from /opt/airflow/dags/hooks.py
[2024-06-26T14:15:58.488+0000] {logging_mixin.py:188} INFO - [2024-06-26T14:15:58.488+0000] {dag.py:3096} INFO - Sync 1 DAGs
[2024-06-26T14:15:58.496+0000] {logging_mixin.py:188} INFO - [2024-06-26T14:15:58.496+0000] {dag.py:3954} INFO - Setting next_dagrun for hooks to None, run_after=None
[2024-06-26T14:15:58.506+0000] {processor.py:183} INFO - Processing /opt/airflow/dags/hooks.py took 0.043 seconds
[2024-06-26T14:16:04.238+0000] {processor.py:161} INFO - Started process (PID=810) to work on /opt/airflow/dags/hooks.py
[2024-06-26T14:16:04.239+0000] {processor.py:830} INFO - Processing file /opt/airflow/dags/hooks.py for tasks to queue
[2024-06-26T14:16:04.240+0000] {logging_mixin.py:188} INFO - [2024-06-26T14:16:04.240+0000] {dagbag.py:545} INFO - Filling up the DagBag from /opt/airflow/dags/hooks.py
[2024-06-26T14:16:04.246+0000] {processor.py:840} INFO - DAG(s) 'hooks' retrieved from /opt/airflow/dags/hooks.py
[2024-06-26T14:16:04.259+0000] {logging_mixin.py:188} INFO - [2024-06-26T14:16:04.259+0000] {dag.py:3096} INFO - Sync 1 DAGs
[2024-06-26T14:16:04.266+0000] {logging_mixin.py:188} INFO - [2024-06-26T14:16:04.266+0000] {dag.py:3954} INFO - Setting next_dagrun for hooks to None, run_after=None
[2024-06-26T14:16:04.276+0000] {processor.py:183} INFO - Processing /opt/airflow/dags/hooks.py took 0.040 seconds
[2024-06-26T14:16:10.029+0000] {processor.py:161} INFO - Started process (PID=837) to work on /opt/airflow/dags/hooks.py
[2024-06-26T14:16:10.030+0000] {processor.py:830} INFO - Processing file /opt/airflow/dags/hooks.py for tasks to queue
[2024-06-26T14:16:10.030+0000] {logging_mixin.py:188} INFO - [2024-06-26T14:16:10.030+0000] {dagbag.py:545} INFO - Filling up the DagBag from /opt/airflow/dags/hooks.py
[2024-06-26T14:16:10.038+0000] {processor.py:840} INFO - DAG(s) 'hooks' retrieved from /opt/airflow/dags/hooks.py
[2024-06-26T14:16:10.050+0000] {logging_mixin.py:188} INFO - [2024-06-26T14:16:10.050+0000] {dag.py:3096} INFO - Sync 1 DAGs
[2024-06-26T14:16:10.057+0000] {logging_mixin.py:188} INFO - [2024-06-26T14:16:10.057+0000] {dag.py:3954} INFO - Setting next_dagrun for hooks to None, run_after=None
[2024-06-26T14:16:10.067+0000] {processor.py:183} INFO - Processing /opt/airflow/dags/hooks.py took 0.041 seconds
[2024-06-26T14:16:15.872+0000] {processor.py:161} INFO - Started process (PID=864) to work on /opt/airflow/dags/hooks.py
[2024-06-26T14:16:15.874+0000] {processor.py:830} INFO - Processing file /opt/airflow/dags/hooks.py for tasks to queue
[2024-06-26T14:16:15.875+0000] {logging_mixin.py:188} INFO - [2024-06-26T14:16:15.874+0000] {dagbag.py:545} INFO - Filling up the DagBag from /opt/airflow/dags/hooks.py
[2024-06-26T14:16:15.881+0000] {processor.py:840} INFO - DAG(s) 'hooks' retrieved from /opt/airflow/dags/hooks.py
[2024-06-26T14:16:15.893+0000] {logging_mixin.py:188} INFO - [2024-06-26T14:16:15.893+0000] {dag.py:3096} INFO - Sync 1 DAGs
[2024-06-26T14:16:15.900+0000] {logging_mixin.py:188} INFO - [2024-06-26T14:16:15.900+0000] {dag.py:3954} INFO - Setting next_dagrun for hooks to None, run_after=None
[2024-06-26T14:16:15.913+0000] {processor.py:183} INFO - Processing /opt/airflow/dags/hooks.py took 0.044 seconds
[2024-06-26T14:16:21.657+0000] {processor.py:161} INFO - Started process (PID=897) to work on /opt/airflow/dags/hooks.py
[2024-06-26T14:16:21.657+0000] {processor.py:830} INFO - Processing file /opt/airflow/dags/hooks.py for tasks to queue
[2024-06-26T14:16:21.658+0000] {logging_mixin.py:188} INFO - [2024-06-26T14:16:21.658+0000] {dagbag.py:545} INFO - Filling up the DagBag from /opt/airflow/dags/hooks.py
[2024-06-26T14:16:21.665+0000] {processor.py:840} INFO - DAG(s) 'hooks' retrieved from /opt/airflow/dags/hooks.py
[2024-06-26T14:16:21.677+0000] {logging_mixin.py:188} INFO - [2024-06-26T14:16:21.677+0000] {dag.py:3096} INFO - Sync 1 DAGs
[2024-06-26T14:16:21.684+0000] {logging_mixin.py:188} INFO - [2024-06-26T14:16:21.684+0000] {dag.py:3954} INFO - Setting next_dagrun for hooks to None, run_after=None
[2024-06-26T14:16:21.694+0000] {processor.py:183} INFO - Processing /opt/airflow/dags/hooks.py took 0.041 seconds
[2024-06-26T14:16:27.415+0000] {processor.py:161} INFO - Started process (PID=924) to work on /opt/airflow/dags/hooks.py
[2024-06-26T14:16:27.416+0000] {processor.py:830} INFO - Processing file /opt/airflow/dags/hooks.py for tasks to queue
[2024-06-26T14:16:27.417+0000] {logging_mixin.py:188} INFO - [2024-06-26T14:16:27.416+0000] {dagbag.py:545} INFO - Filling up the DagBag from /opt/airflow/dags/hooks.py
[2024-06-26T14:16:27.423+0000] {processor.py:840} INFO - DAG(s) 'hooks' retrieved from /opt/airflow/dags/hooks.py
[2024-06-26T14:16:27.441+0000] {logging_mixin.py:188} INFO - [2024-06-26T14:16:27.441+0000] {dag.py:3096} INFO - Sync 1 DAGs
[2024-06-26T14:16:27.451+0000] {logging_mixin.py:188} INFO - [2024-06-26T14:16:27.450+0000] {dag.py:3954} INFO - Setting next_dagrun for hooks to None, run_after=None
[2024-06-26T14:16:27.465+0000] {processor.py:183} INFO - Processing /opt/airflow/dags/hooks.py took 0.052 seconds
[2024-06-26T14:16:33.263+0000] {processor.py:161} INFO - Started process (PID=951) to work on /opt/airflow/dags/hooks.py
[2024-06-26T14:16:33.264+0000] {processor.py:830} INFO - Processing file /opt/airflow/dags/hooks.py for tasks to queue
[2024-06-26T14:16:33.265+0000] {logging_mixin.py:188} INFO - [2024-06-26T14:16:33.265+0000] {dagbag.py:545} INFO - Filling up the DagBag from /opt/airflow/dags/hooks.py
[2024-06-26T14:16:33.271+0000] {processor.py:840} INFO - DAG(s) 'hooks' retrieved from /opt/airflow/dags/hooks.py
[2024-06-26T14:16:33.284+0000] {logging_mixin.py:188} INFO - [2024-06-26T14:16:33.284+0000] {dag.py:3096} INFO - Sync 1 DAGs
[2024-06-26T14:16:33.292+0000] {logging_mixin.py:188} INFO - [2024-06-26T14:16:33.292+0000] {dag.py:3954} INFO - Setting next_dagrun for hooks to None, run_after=None
[2024-06-26T14:16:33.302+0000] {processor.py:183} INFO - Processing /opt/airflow/dags/hooks.py took 0.041 seconds
[2024-06-26T14:16:39.055+0000] {processor.py:161} INFO - Started process (PID=978) to work on /opt/airflow/dags/hooks.py
[2024-06-26T14:16:39.055+0000] {processor.py:830} INFO - Processing file /opt/airflow/dags/hooks.py for tasks to queue
[2024-06-26T14:16:39.056+0000] {logging_mixin.py:188} INFO - [2024-06-26T14:16:39.056+0000] {dagbag.py:545} INFO - Filling up the DagBag from /opt/airflow/dags/hooks.py
[2024-06-26T14:16:39.063+0000] {processor.py:840} INFO - DAG(s) 'hooks' retrieved from /opt/airflow/dags/hooks.py
[2024-06-26T14:16:39.076+0000] {logging_mixin.py:188} INFO - [2024-06-26T14:16:39.075+0000] {dag.py:3096} INFO - Sync 1 DAGs
[2024-06-26T14:16:39.083+0000] {logging_mixin.py:188} INFO - [2024-06-26T14:16:39.083+0000] {dag.py:3954} INFO - Setting next_dagrun for hooks to None, run_after=None
[2024-06-26T14:16:39.093+0000] {processor.py:183} INFO - Processing /opt/airflow/dags/hooks.py took 0.041 seconds
[2024-06-26T14:16:44.837+0000] {processor.py:161} INFO - Started process (PID=1005) to work on /opt/airflow/dags/hooks.py
[2024-06-26T14:16:44.838+0000] {processor.py:830} INFO - Processing file /opt/airflow/dags/hooks.py for tasks to queue
[2024-06-26T14:16:44.839+0000] {logging_mixin.py:188} INFO - [2024-06-26T14:16:44.839+0000] {dagbag.py:545} INFO - Filling up the DagBag from /opt/airflow/dags/hooks.py
[2024-06-26T14:16:44.846+0000] {processor.py:840} INFO - DAG(s) 'hooks' retrieved from /opt/airflow/dags/hooks.py
[2024-06-26T14:16:44.860+0000] {logging_mixin.py:188} INFO - [2024-06-26T14:16:44.860+0000] {dag.py:3096} INFO - Sync 1 DAGs
[2024-06-26T14:16:44.867+0000] {logging_mixin.py:188} INFO - [2024-06-26T14:16:44.867+0000] {dag.py:3954} INFO - Setting next_dagrun for hooks to None, run_after=None
[2024-06-26T14:16:44.877+0000] {processor.py:183} INFO - Processing /opt/airflow/dags/hooks.py took 0.043 seconds
[2024-06-26T14:16:50.676+0000] {processor.py:161} INFO - Started process (PID=1038) to work on /opt/airflow/dags/hooks.py
[2024-06-26T14:16:50.677+0000] {processor.py:830} INFO - Processing file /opt/airflow/dags/hooks.py for tasks to queue
[2024-06-26T14:16:50.678+0000] {logging_mixin.py:188} INFO - [2024-06-26T14:16:50.677+0000] {dagbag.py:545} INFO - Filling up the DagBag from /opt/airflow/dags/hooks.py
[2024-06-26T14:16:50.684+0000] {processor.py:840} INFO - DAG(s) 'hooks' retrieved from /opt/airflow/dags/hooks.py
[2024-06-26T14:16:50.697+0000] {logging_mixin.py:188} INFO - [2024-06-26T14:16:50.697+0000] {dag.py:3096} INFO - Sync 1 DAGs
[2024-06-26T14:16:50.704+0000] {logging_mixin.py:188} INFO - [2024-06-26T14:16:50.703+0000] {dag.py:3954} INFO - Setting next_dagrun for hooks to None, run_after=None
[2024-06-26T14:16:50.714+0000] {processor.py:183} INFO - Processing /opt/airflow/dags/hooks.py took 0.041 seconds
[2024-06-26T14:16:56.439+0000] {processor.py:161} INFO - Started process (PID=1065) to work on /opt/airflow/dags/hooks.py
[2024-06-26T14:16:56.439+0000] {processor.py:830} INFO - Processing file /opt/airflow/dags/hooks.py for tasks to queue
[2024-06-26T14:16:56.440+0000] {logging_mixin.py:188} INFO - [2024-06-26T14:16:56.440+0000] {dagbag.py:545} INFO - Filling up the DagBag from /opt/airflow/dags/hooks.py
[2024-06-26T14:16:56.447+0000] {processor.py:840} INFO - DAG(s) 'hooks' retrieved from /opt/airflow/dags/hooks.py
[2024-06-26T14:16:56.458+0000] {logging_mixin.py:188} INFO - [2024-06-26T14:16:56.458+0000] {dag.py:3096} INFO - Sync 1 DAGs
[2024-06-26T14:16:56.464+0000] {logging_mixin.py:188} INFO - [2024-06-26T14:16:56.464+0000] {dag.py:3954} INFO - Setting next_dagrun for hooks to None, run_after=None
[2024-06-26T14:16:56.488+0000] {processor.py:183} INFO - Processing /opt/airflow/dags/hooks.py took 0.052 seconds
[2024-06-26T14:17:02.318+0000] {processor.py:161} INFO - Started process (PID=1092) to work on /opt/airflow/dags/hooks.py
[2024-06-26T14:17:02.320+0000] {processor.py:830} INFO - Processing file /opt/airflow/dags/hooks.py for tasks to queue
[2024-06-26T14:17:02.321+0000] {logging_mixin.py:188} INFO - [2024-06-26T14:17:02.321+0000] {dagbag.py:545} INFO - Filling up the DagBag from /opt/airflow/dags/hooks.py
[2024-06-26T14:17:02.328+0000] {processor.py:840} INFO - DAG(s) 'hooks' retrieved from /opt/airflow/dags/hooks.py
[2024-06-26T14:17:02.341+0000] {logging_mixin.py:188} INFO - [2024-06-26T14:17:02.341+0000] {dag.py:3096} INFO - Sync 1 DAGs
[2024-06-26T14:17:02.349+0000] {logging_mixin.py:188} INFO - [2024-06-26T14:17:02.348+0000] {dag.py:3954} INFO - Setting next_dagrun for hooks to None, run_after=None
[2024-06-26T14:17:02.360+0000] {processor.py:183} INFO - Processing /opt/airflow/dags/hooks.py took 0.045 seconds
[2024-06-26T14:17:08.043+0000] {processor.py:161} INFO - Started process (PID=1119) to work on /opt/airflow/dags/hooks.py
[2024-06-26T14:17:08.043+0000] {processor.py:830} INFO - Processing file /opt/airflow/dags/hooks.py for tasks to queue
[2024-06-26T14:17:08.044+0000] {logging_mixin.py:188} INFO - [2024-06-26T14:17:08.044+0000] {dagbag.py:545} INFO - Filling up the DagBag from /opt/airflow/dags/hooks.py
[2024-06-26T14:17:08.051+0000] {processor.py:840} INFO - DAG(s) 'hooks' retrieved from /opt/airflow/dags/hooks.py
[2024-06-26T14:17:08.063+0000] {logging_mixin.py:188} INFO - [2024-06-26T14:17:08.063+0000] {dag.py:3096} INFO - Sync 1 DAGs
[2024-06-26T14:17:08.071+0000] {logging_mixin.py:188} INFO - [2024-06-26T14:17:08.071+0000] {dag.py:3954} INFO - Setting next_dagrun for hooks to None, run_after=None
[2024-06-26T14:17:08.081+0000] {processor.py:183} INFO - Processing /opt/airflow/dags/hooks.py took 0.042 seconds
[2024-06-26T14:17:13.875+0000] {processor.py:161} INFO - Started process (PID=1146) to work on /opt/airflow/dags/hooks.py
[2024-06-26T14:17:13.875+0000] {processor.py:830} INFO - Processing file /opt/airflow/dags/hooks.py for tasks to queue
[2024-06-26T14:17:13.876+0000] {logging_mixin.py:188} INFO - [2024-06-26T14:17:13.876+0000] {dagbag.py:545} INFO - Filling up the DagBag from /opt/airflow/dags/hooks.py
[2024-06-26T14:17:13.882+0000] {processor.py:840} INFO - DAG(s) 'hooks' retrieved from /opt/airflow/dags/hooks.py
[2024-06-26T14:17:13.896+0000] {logging_mixin.py:188} INFO - [2024-06-26T14:17:13.896+0000] {dag.py:3096} INFO - Sync 1 DAGs
[2024-06-26T14:17:13.903+0000] {logging_mixin.py:188} INFO - [2024-06-26T14:17:13.903+0000] {dag.py:3954} INFO - Setting next_dagrun for hooks to None, run_after=None
[2024-06-26T14:17:13.913+0000] {processor.py:183} INFO - Processing /opt/airflow/dags/hooks.py took 0.041 seconds
[2024-06-26T14:17:19.660+0000] {processor.py:161} INFO - Started process (PID=1179) to work on /opt/airflow/dags/hooks.py
[2024-06-26T14:17:19.661+0000] {processor.py:830} INFO - Processing file /opt/airflow/dags/hooks.py for tasks to queue
[2024-06-26T14:17:19.661+0000] {logging_mixin.py:188} INFO - [2024-06-26T14:17:19.661+0000] {dagbag.py:545} INFO - Filling up the DagBag from /opt/airflow/dags/hooks.py
[2024-06-26T14:17:19.668+0000] {processor.py:840} INFO - DAG(s) 'hooks' retrieved from /opt/airflow/dags/hooks.py
[2024-06-26T14:17:19.680+0000] {logging_mixin.py:188} INFO - [2024-06-26T14:17:19.680+0000] {dag.py:3096} INFO - Sync 1 DAGs
[2024-06-26T14:17:19.687+0000] {logging_mixin.py:188} INFO - [2024-06-26T14:17:19.686+0000] {dag.py:3954} INFO - Setting next_dagrun for hooks to None, run_after=None
[2024-06-26T14:17:19.696+0000] {processor.py:183} INFO - Processing /opt/airflow/dags/hooks.py took 0.039 seconds
[2024-06-26T14:17:25.398+0000] {processor.py:161} INFO - Started process (PID=1206) to work on /opt/airflow/dags/hooks.py
[2024-06-26T14:17:25.399+0000] {processor.py:830} INFO - Processing file /opt/airflow/dags/hooks.py for tasks to queue
[2024-06-26T14:17:25.399+0000] {logging_mixin.py:188} INFO - [2024-06-26T14:17:25.399+0000] {dagbag.py:545} INFO - Filling up the DagBag from /opt/airflow/dags/hooks.py
[2024-06-26T14:17:25.406+0000] {processor.py:840} INFO - DAG(s) 'hooks' retrieved from /opt/airflow/dags/hooks.py
[2024-06-26T14:17:25.418+0000] {logging_mixin.py:188} INFO - [2024-06-26T14:17:25.418+0000] {dag.py:3096} INFO - Sync 1 DAGs
[2024-06-26T14:17:25.424+0000] {logging_mixin.py:188} INFO - [2024-06-26T14:17:25.424+0000] {dag.py:3954} INFO - Setting next_dagrun for hooks to None, run_after=None
[2024-06-26T14:17:25.433+0000] {processor.py:183} INFO - Processing /opt/airflow/dags/hooks.py took 0.038 seconds
[2024-06-26T14:17:31.105+0000] {processor.py:161} INFO - Started process (PID=1233) to work on /opt/airflow/dags/hooks.py
[2024-06-26T14:17:31.106+0000] {processor.py:830} INFO - Processing file /opt/airflow/dags/hooks.py for tasks to queue
[2024-06-26T14:17:31.107+0000] {logging_mixin.py:188} INFO - [2024-06-26T14:17:31.107+0000] {dagbag.py:545} INFO - Filling up the DagBag from /opt/airflow/dags/hooks.py
[2024-06-26T14:17:31.113+0000] {processor.py:840} INFO - DAG(s) 'hooks' retrieved from /opt/airflow/dags/hooks.py
[2024-06-26T14:17:31.125+0000] {logging_mixin.py:188} INFO - [2024-06-26T14:17:31.125+0000] {dag.py:3096} INFO - Sync 1 DAGs
[2024-06-26T14:17:31.132+0000] {logging_mixin.py:188} INFO - [2024-06-26T14:17:31.132+0000] {dag.py:3954} INFO - Setting next_dagrun for hooks to None, run_after=None
[2024-06-26T14:17:31.141+0000] {processor.py:183} INFO - Processing /opt/airflow/dags/hooks.py took 0.039 seconds
[2024-06-26T14:17:36.863+0000] {processor.py:161} INFO - Started process (PID=1260) to work on /opt/airflow/dags/hooks.py
[2024-06-26T14:17:36.863+0000] {processor.py:830} INFO - Processing file /opt/airflow/dags/hooks.py for tasks to queue
[2024-06-26T14:17:36.864+0000] {logging_mixin.py:188} INFO - [2024-06-26T14:17:36.864+0000] {dagbag.py:545} INFO - Filling up the DagBag from /opt/airflow/dags/hooks.py
[2024-06-26T14:17:36.871+0000] {processor.py:840} INFO - DAG(s) 'hooks' retrieved from /opt/airflow/dags/hooks.py
[2024-06-26T14:17:36.883+0000] {logging_mixin.py:188} INFO - [2024-06-26T14:17:36.883+0000] {dag.py:3096} INFO - Sync 1 DAGs
[2024-06-26T14:17:36.889+0000] {logging_mixin.py:188} INFO - [2024-06-26T14:17:36.889+0000] {dag.py:3954} INFO - Setting next_dagrun for hooks to None, run_after=None
[2024-06-26T14:17:36.898+0000] {processor.py:183} INFO - Processing /opt/airflow/dags/hooks.py took 0.038 seconds
[2024-06-26T14:17:42.603+0000] {processor.py:161} INFO - Started process (PID=1287) to work on /opt/airflow/dags/hooks.py
[2024-06-26T14:17:42.603+0000] {processor.py:830} INFO - Processing file /opt/airflow/dags/hooks.py for tasks to queue
[2024-06-26T14:17:42.604+0000] {logging_mixin.py:188} INFO - [2024-06-26T14:17:42.604+0000] {dagbag.py:545} INFO - Filling up the DagBag from /opt/airflow/dags/hooks.py
[2024-06-26T14:17:42.610+0000] {processor.py:840} INFO - DAG(s) 'hooks' retrieved from /opt/airflow/dags/hooks.py
[2024-06-26T14:17:42.623+0000] {logging_mixin.py:188} INFO - [2024-06-26T14:17:42.623+0000] {dag.py:3096} INFO - Sync 1 DAGs
[2024-06-26T14:17:42.631+0000] {logging_mixin.py:188} INFO - [2024-06-26T14:17:42.631+0000] {dag.py:3954} INFO - Setting next_dagrun for hooks to None, run_after=None
[2024-06-26T14:17:42.642+0000] {processor.py:183} INFO - Processing /opt/airflow/dags/hooks.py took 0.042 seconds
[2024-06-26T14:17:48.417+0000] {processor.py:161} INFO - Started process (PID=1320) to work on /opt/airflow/dags/hooks.py
[2024-06-26T14:17:48.417+0000] {processor.py:830} INFO - Processing file /opt/airflow/dags/hooks.py for tasks to queue
[2024-06-26T14:17:48.418+0000] {logging_mixin.py:188} INFO - [2024-06-26T14:17:48.418+0000] {dagbag.py:545} INFO - Filling up the DagBag from /opt/airflow/dags/hooks.py
[2024-06-26T14:17:48.424+0000] {processor.py:840} INFO - DAG(s) 'hooks' retrieved from /opt/airflow/dags/hooks.py
[2024-06-26T14:17:48.437+0000] {logging_mixin.py:188} INFO - [2024-06-26T14:17:48.437+0000] {dag.py:3096} INFO - Sync 1 DAGs
[2024-06-26T14:17:48.443+0000] {logging_mixin.py:188} INFO - [2024-06-26T14:17:48.443+0000] {dag.py:3954} INFO - Setting next_dagrun for hooks to None, run_after=None
[2024-06-26T14:17:48.453+0000] {processor.py:183} INFO - Processing /opt/airflow/dags/hooks.py took 0.039 seconds
[2024-06-26T14:17:54.191+0000] {processor.py:161} INFO - Started process (PID=1347) to work on /opt/airflow/dags/hooks.py
[2024-06-26T14:17:54.191+0000] {processor.py:830} INFO - Processing file /opt/airflow/dags/hooks.py for tasks to queue
[2024-06-26T14:17:54.192+0000] {logging_mixin.py:188} INFO - [2024-06-26T14:17:54.192+0000] {dagbag.py:545} INFO - Filling up the DagBag from /opt/airflow/dags/hooks.py
[2024-06-26T14:17:54.199+0000] {processor.py:840} INFO - DAG(s) 'hooks' retrieved from /opt/airflow/dags/hooks.py
[2024-06-26T14:17:54.214+0000] {logging_mixin.py:188} INFO - [2024-06-26T14:17:54.214+0000] {dag.py:3096} INFO - Sync 1 DAGs
[2024-06-26T14:17:54.223+0000] {logging_mixin.py:188} INFO - [2024-06-26T14:17:54.223+0000] {dag.py:3954} INFO - Setting next_dagrun for hooks to None, run_after=None
[2024-06-26T14:17:54.234+0000] {processor.py:183} INFO - Processing /opt/airflow/dags/hooks.py took 0.046 seconds
[2024-06-26T14:17:59.913+0000] {processor.py:161} INFO - Started process (PID=1374) to work on /opt/airflow/dags/hooks.py
[2024-06-26T14:17:59.914+0000] {processor.py:830} INFO - Processing file /opt/airflow/dags/hooks.py for tasks to queue
[2024-06-26T14:17:59.915+0000] {logging_mixin.py:188} INFO - [2024-06-26T14:17:59.915+0000] {dagbag.py:545} INFO - Filling up the DagBag from /opt/airflow/dags/hooks.py
[2024-06-26T14:17:59.921+0000] {processor.py:840} INFO - DAG(s) 'hooks' retrieved from /opt/airflow/dags/hooks.py
[2024-06-26T14:17:59.933+0000] {logging_mixin.py:188} INFO - [2024-06-26T14:17:59.933+0000] {dag.py:3096} INFO - Sync 1 DAGs
[2024-06-26T14:17:59.940+0000] {logging_mixin.py:188} INFO - [2024-06-26T14:17:59.940+0000] {dag.py:3954} INFO - Setting next_dagrun for hooks to None, run_after=None
[2024-06-26T14:17:59.949+0000] {processor.py:183} INFO - Processing /opt/airflow/dags/hooks.py took 0.039 seconds
[2024-06-26T14:18:05.658+0000] {processor.py:161} INFO - Started process (PID=1401) to work on /opt/airflow/dags/hooks.py
[2024-06-26T14:18:05.659+0000] {processor.py:830} INFO - Processing file /opt/airflow/dags/hooks.py for tasks to queue
[2024-06-26T14:18:05.660+0000] {logging_mixin.py:188} INFO - [2024-06-26T14:18:05.660+0000] {dagbag.py:545} INFO - Filling up the DagBag from /opt/airflow/dags/hooks.py
[2024-06-26T14:18:05.666+0000] {processor.py:840} INFO - DAG(s) 'hooks' retrieved from /opt/airflow/dags/hooks.py
[2024-06-26T14:18:05.678+0000] {logging_mixin.py:188} INFO - [2024-06-26T14:18:05.678+0000] {dag.py:3096} INFO - Sync 1 DAGs
[2024-06-26T14:18:05.685+0000] {logging_mixin.py:188} INFO - [2024-06-26T14:18:05.685+0000] {dag.py:3954} INFO - Setting next_dagrun for hooks to None, run_after=None
[2024-06-26T14:18:05.694+0000] {processor.py:183} INFO - Processing /opt/airflow/dags/hooks.py took 0.039 seconds
