[2024-06-26T14:13:28.958+0000] {processor.py:161} INFO - Started process (PID=41) to work on /opt/airflow/dags/producer.py
[2024-06-26T14:13:28.959+0000] {processor.py:830} INFO - Processing file /opt/airflow/dags/producer.py for tasks to queue
[2024-06-26T14:13:28.960+0000] {logging_mixin.py:188} INFO - [2024-06-26T14:13:28.959+0000] {dagbag.py:545} INFO - Filling up the DagBag from /opt/airflow/dags/producer.py
[2024-06-26T14:13:28.966+0000] {processor.py:840} INFO - DAG(s) 'producer' retrieved from /opt/airflow/dags/producer.py
[2024-06-26T14:13:29.030+0000] {logging_mixin.py:188} INFO - [2024-06-26T14:13:29.029+0000] {dag.py:3096} INFO - Sync 1 DAGs
[2024-06-26T14:13:29.035+0000] {logging_mixin.py:188} INFO - [2024-06-26T14:13:29.035+0000] {dag.py:3954} INFO - Setting next_dagrun for producer to None, run_after=None
[2024-06-26T14:13:29.048+0000] {processor.py:183} INFO - Processing /opt/airflow/dags/producer.py took 0.093 seconds
[2024-06-26T14:13:34.242+0000] {processor.py:161} INFO - Started process (PID=68) to work on /opt/airflow/dags/producer.py
[2024-06-26T14:13:34.243+0000] {processor.py:830} INFO - Processing file /opt/airflow/dags/producer.py for tasks to queue
[2024-06-26T14:13:34.243+0000] {logging_mixin.py:188} INFO - [2024-06-26T14:13:34.243+0000] {dagbag.py:545} INFO - Filling up the DagBag from /opt/airflow/dags/producer.py
[2024-06-26T14:13:34.251+0000] {processor.py:840} INFO - DAG(s) 'producer' retrieved from /opt/airflow/dags/producer.py
[2024-06-26T14:13:34.256+0000] {logging_mixin.py:188} INFO - [2024-06-26T14:13:34.256+0000] {dag.py:3096} INFO - Sync 1 DAGs
[2024-06-26T14:13:34.263+0000] {logging_mixin.py:188} INFO - [2024-06-26T14:13:34.263+0000] {dag.py:3954} INFO - Setting next_dagrun for producer to None, run_after=None
[2024-06-26T14:13:34.275+0000] {processor.py:183} INFO - Processing /opt/airflow/dags/producer.py took 0.036 seconds
[2024-06-26T14:13:39.834+0000] {processor.py:161} INFO - Started process (PID=95) to work on /opt/airflow/dags/producer.py
[2024-06-26T14:13:39.835+0000] {processor.py:830} INFO - Processing file /opt/airflow/dags/producer.py for tasks to queue
[2024-06-26T14:13:39.836+0000] {logging_mixin.py:188} INFO - [2024-06-26T14:13:39.835+0000] {dagbag.py:545} INFO - Filling up the DagBag from /opt/airflow/dags/producer.py
[2024-06-26T14:13:39.842+0000] {processor.py:840} INFO - DAG(s) 'producer' retrieved from /opt/airflow/dags/producer.py
[2024-06-26T14:13:39.847+0000] {logging_mixin.py:188} INFO - [2024-06-26T14:13:39.847+0000] {dag.py:3096} INFO - Sync 1 DAGs
[2024-06-26T14:13:39.854+0000] {logging_mixin.py:188} INFO - [2024-06-26T14:13:39.854+0000] {dag.py:3954} INFO - Setting next_dagrun for producer to None, run_after=None
[2024-06-26T14:13:39.866+0000] {processor.py:183} INFO - Processing /opt/airflow/dags/producer.py took 0.034 seconds
[2024-06-26T14:13:44.922+0000] {processor.py:161} INFO - Started process (PID=122) to work on /opt/airflow/dags/producer.py
[2024-06-26T14:13:44.922+0000] {processor.py:830} INFO - Processing file /opt/airflow/dags/producer.py for tasks to queue
[2024-06-26T14:13:44.923+0000] {logging_mixin.py:188} INFO - [2024-06-26T14:13:44.923+0000] {dagbag.py:545} INFO - Filling up the DagBag from /opt/airflow/dags/producer.py
[2024-06-26T14:13:44.929+0000] {processor.py:840} INFO - DAG(s) 'producer' retrieved from /opt/airflow/dags/producer.py
[2024-06-26T14:13:44.935+0000] {logging_mixin.py:188} INFO - [2024-06-26T14:13:44.935+0000] {dag.py:3096} INFO - Sync 1 DAGs
[2024-06-26T14:13:44.942+0000] {logging_mixin.py:188} INFO - [2024-06-26T14:13:44.942+0000] {dag.py:3954} INFO - Setting next_dagrun for producer to None, run_after=None
[2024-06-26T14:13:44.954+0000] {processor.py:183} INFO - Processing /opt/airflow/dags/producer.py took 0.035 seconds
[2024-06-26T14:13:50.595+0000] {processor.py:161} INFO - Started process (PID=155) to work on /opt/airflow/dags/producer.py
[2024-06-26T14:13:50.595+0000] {processor.py:830} INFO - Processing file /opt/airflow/dags/producer.py for tasks to queue
[2024-06-26T14:13:50.596+0000] {logging_mixin.py:188} INFO - [2024-06-26T14:13:50.596+0000] {dagbag.py:545} INFO - Filling up the DagBag from /opt/airflow/dags/producer.py
[2024-06-26T14:13:50.602+0000] {processor.py:840} INFO - DAG(s) 'producer' retrieved from /opt/airflow/dags/producer.py
[2024-06-26T14:13:50.609+0000] {logging_mixin.py:188} INFO - [2024-06-26T14:13:50.608+0000] {dag.py:3096} INFO - Sync 1 DAGs
[2024-06-26T14:13:50.615+0000] {logging_mixin.py:188} INFO - [2024-06-26T14:13:50.615+0000] {dag.py:3954} INFO - Setting next_dagrun for producer to None, run_after=None
[2024-06-26T14:13:50.628+0000] {processor.py:183} INFO - Processing /opt/airflow/dags/producer.py took 0.035 seconds
[2024-06-26T14:13:56.365+0000] {processor.py:161} INFO - Started process (PID=195) to work on /opt/airflow/dags/producer.py
[2024-06-26T14:13:56.366+0000] {processor.py:830} INFO - Processing file /opt/airflow/dags/producer.py for tasks to queue
[2024-06-26T14:13:56.368+0000] {logging_mixin.py:188} INFO - [2024-06-26T14:13:56.368+0000] {dagbag.py:545} INFO - Filling up the DagBag from /opt/airflow/dags/producer.py
[2024-06-26T14:13:56.381+0000] {processor.py:840} INFO - DAG(s) 'producer' retrieved from /opt/airflow/dags/producer.py
[2024-06-26T14:13:56.392+0000] {logging_mixin.py:188} INFO - [2024-06-26T14:13:56.392+0000] {dag.py:3096} INFO - Sync 1 DAGs
[2024-06-26T14:13:56.406+0000] {logging_mixin.py:188} INFO - [2024-06-26T14:13:56.406+0000] {dag.py:3954} INFO - Setting next_dagrun for producer to None, run_after=None
[2024-06-26T14:13:56.440+0000] {processor.py:183} INFO - Processing /opt/airflow/dags/producer.py took 0.084 seconds
[2024-06-26T14:14:02.292+0000] {processor.py:161} INFO - Started process (PID=222) to work on /opt/airflow/dags/producer.py
[2024-06-26T14:14:02.293+0000] {processor.py:830} INFO - Processing file /opt/airflow/dags/producer.py for tasks to queue
[2024-06-26T14:14:02.293+0000] {logging_mixin.py:188} INFO - [2024-06-26T14:14:02.293+0000] {dagbag.py:545} INFO - Filling up the DagBag from /opt/airflow/dags/producer.py
[2024-06-26T14:14:02.300+0000] {processor.py:840} INFO - DAG(s) 'producer' retrieved from /opt/airflow/dags/producer.py
[2024-06-26T14:14:02.312+0000] {logging_mixin.py:188} INFO - [2024-06-26T14:14:02.311+0000] {dag.py:3096} INFO - Sync 1 DAGs
[2024-06-26T14:14:02.319+0000] {logging_mixin.py:188} INFO - [2024-06-26T14:14:02.318+0000] {dag.py:3954} INFO - Setting next_dagrun for producer to None, run_after=None
[2024-06-26T14:14:02.330+0000] {processor.py:183} INFO - Processing /opt/airflow/dags/producer.py took 0.041 seconds
[2024-06-26T14:14:08.066+0000] {processor.py:161} INFO - Started process (PID=249) to work on /opt/airflow/dags/producer.py
[2024-06-26T14:14:08.066+0000] {processor.py:830} INFO - Processing file /opt/airflow/dags/producer.py for tasks to queue
[2024-06-26T14:14:08.067+0000] {logging_mixin.py:188} INFO - [2024-06-26T14:14:08.067+0000] {dagbag.py:545} INFO - Filling up the DagBag from /opt/airflow/dags/producer.py
[2024-06-26T14:14:08.073+0000] {processor.py:840} INFO - DAG(s) 'producer' retrieved from /opt/airflow/dags/producer.py
[2024-06-26T14:14:08.086+0000] {logging_mixin.py:188} INFO - [2024-06-26T14:14:08.086+0000] {dag.py:3096} INFO - Sync 1 DAGs
[2024-06-26T14:14:08.094+0000] {logging_mixin.py:188} INFO - [2024-06-26T14:14:08.094+0000] {dag.py:3954} INFO - Setting next_dagrun for producer to None, run_after=None
[2024-06-26T14:14:08.107+0000] {processor.py:183} INFO - Processing /opt/airflow/dags/producer.py took 0.044 seconds
[2024-06-26T14:14:14.023+0000] {processor.py:161} INFO - Started process (PID=276) to work on /opt/airflow/dags/producer.py
[2024-06-26T14:14:14.023+0000] {processor.py:830} INFO - Processing file /opt/airflow/dags/producer.py for tasks to queue
[2024-06-26T14:14:14.024+0000] {logging_mixin.py:188} INFO - [2024-06-26T14:14:14.024+0000] {dagbag.py:545} INFO - Filling up the DagBag from /opt/airflow/dags/producer.py
[2024-06-26T14:14:14.030+0000] {processor.py:840} INFO - DAG(s) 'producer' retrieved from /opt/airflow/dags/producer.py
[2024-06-26T14:14:14.042+0000] {logging_mixin.py:188} INFO - [2024-06-26T14:14:14.042+0000] {dag.py:3096} INFO - Sync 1 DAGs
[2024-06-26T14:14:14.049+0000] {logging_mixin.py:188} INFO - [2024-06-26T14:14:14.049+0000] {dag.py:3954} INFO - Setting next_dagrun for producer to None, run_after=None
[2024-06-26T14:14:14.061+0000] {processor.py:183} INFO - Processing /opt/airflow/dags/producer.py took 0.042 seconds
[2024-06-26T14:14:19.795+0000] {processor.py:161} INFO - Started process (PID=309) to work on /opt/airflow/dags/producer.py
[2024-06-26T14:14:19.796+0000] {processor.py:830} INFO - Processing file /opt/airflow/dags/producer.py for tasks to queue
[2024-06-26T14:14:19.797+0000] {logging_mixin.py:188} INFO - [2024-06-26T14:14:19.796+0000] {dagbag.py:545} INFO - Filling up the DagBag from /opt/airflow/dags/producer.py
[2024-06-26T14:14:19.804+0000] {processor.py:840} INFO - DAG(s) 'producer' retrieved from /opt/airflow/dags/producer.py
[2024-06-26T14:14:19.817+0000] {logging_mixin.py:188} INFO - [2024-06-26T14:14:19.817+0000] {dag.py:3096} INFO - Sync 1 DAGs
[2024-06-26T14:14:19.823+0000] {logging_mixin.py:188} INFO - [2024-06-26T14:14:19.823+0000] {dag.py:3954} INFO - Setting next_dagrun for producer to None, run_after=None
[2024-06-26T14:14:19.837+0000] {processor.py:183} INFO - Processing /opt/airflow/dags/producer.py took 0.045 seconds
[2024-06-26T14:14:25.561+0000] {processor.py:161} INFO - Started process (PID=336) to work on /opt/airflow/dags/producer.py
[2024-06-26T14:14:25.562+0000] {processor.py:830} INFO - Processing file /opt/airflow/dags/producer.py for tasks to queue
[2024-06-26T14:14:25.562+0000] {logging_mixin.py:188} INFO - [2024-06-26T14:14:25.562+0000] {dagbag.py:545} INFO - Filling up the DagBag from /opt/airflow/dags/producer.py
[2024-06-26T14:14:25.568+0000] {processor.py:840} INFO - DAG(s) 'producer' retrieved from /opt/airflow/dags/producer.py
[2024-06-26T14:14:25.580+0000] {logging_mixin.py:188} INFO - [2024-06-26T14:14:25.580+0000] {dag.py:3096} INFO - Sync 1 DAGs
[2024-06-26T14:14:25.588+0000] {logging_mixin.py:188} INFO - [2024-06-26T14:14:25.588+0000] {dag.py:3954} INFO - Setting next_dagrun for producer to None, run_after=None
[2024-06-26T14:14:25.600+0000] {processor.py:183} INFO - Processing /opt/airflow/dags/producer.py took 0.041 seconds
[2024-06-26T14:14:31.437+0000] {processor.py:161} INFO - Started process (PID=363) to work on /opt/airflow/dags/producer.py
[2024-06-26T14:14:31.437+0000] {processor.py:830} INFO - Processing file /opt/airflow/dags/producer.py for tasks to queue
[2024-06-26T14:14:31.438+0000] {logging_mixin.py:188} INFO - [2024-06-26T14:14:31.438+0000] {dagbag.py:545} INFO - Filling up the DagBag from /opt/airflow/dags/producer.py
[2024-06-26T14:14:31.445+0000] {processor.py:840} INFO - DAG(s) 'producer' retrieved from /opt/airflow/dags/producer.py
[2024-06-26T14:14:31.456+0000] {logging_mixin.py:188} INFO - [2024-06-26T14:14:31.456+0000] {dag.py:3096} INFO - Sync 1 DAGs
[2024-06-26T14:14:31.463+0000] {logging_mixin.py:188} INFO - [2024-06-26T14:14:31.463+0000] {dag.py:3954} INFO - Setting next_dagrun for producer to None, run_after=None
[2024-06-26T14:14:31.475+0000] {processor.py:183} INFO - Processing /opt/airflow/dags/producer.py took 0.041 seconds
[2024-06-26T14:14:37.232+0000] {processor.py:161} INFO - Started process (PID=390) to work on /opt/airflow/dags/producer.py
[2024-06-26T14:14:37.233+0000] {processor.py:830} INFO - Processing file /opt/airflow/dags/producer.py for tasks to queue
[2024-06-26T14:14:37.234+0000] {logging_mixin.py:188} INFO - [2024-06-26T14:14:37.233+0000] {dagbag.py:545} INFO - Filling up the DagBag from /opt/airflow/dags/producer.py
[2024-06-26T14:14:37.239+0000] {processor.py:840} INFO - DAG(s) 'producer' retrieved from /opt/airflow/dags/producer.py
[2024-06-26T14:14:37.252+0000] {logging_mixin.py:188} INFO - [2024-06-26T14:14:37.252+0000] {dag.py:3096} INFO - Sync 1 DAGs
[2024-06-26T14:14:37.259+0000] {logging_mixin.py:188} INFO - [2024-06-26T14:14:37.259+0000] {dag.py:3954} INFO - Setting next_dagrun for producer to None, run_after=None
[2024-06-26T14:14:37.272+0000] {processor.py:183} INFO - Processing /opt/airflow/dags/producer.py took 0.044 seconds
[2024-06-26T14:14:43.008+0000] {processor.py:161} INFO - Started process (PID=417) to work on /opt/airflow/dags/producer.py
[2024-06-26T14:14:43.009+0000] {processor.py:830} INFO - Processing file /opt/airflow/dags/producer.py for tasks to queue
[2024-06-26T14:14:43.010+0000] {logging_mixin.py:188} INFO - [2024-06-26T14:14:43.009+0000] {dagbag.py:545} INFO - Filling up the DagBag from /opt/airflow/dags/producer.py
[2024-06-26T14:14:43.015+0000] {processor.py:840} INFO - DAG(s) 'producer' retrieved from /opt/airflow/dags/producer.py
[2024-06-26T14:14:43.027+0000] {logging_mixin.py:188} INFO - [2024-06-26T14:14:43.027+0000] {dag.py:3096} INFO - Sync 1 DAGs
[2024-06-26T14:14:43.034+0000] {logging_mixin.py:188} INFO - [2024-06-26T14:14:43.034+0000] {dag.py:3954} INFO - Setting next_dagrun for producer to None, run_after=None
[2024-06-26T14:14:43.047+0000] {processor.py:183} INFO - Processing /opt/airflow/dags/producer.py took 0.042 seconds
[2024-06-26T14:14:48.743+0000] {processor.py:161} INFO - Started process (PID=450) to work on /opt/airflow/dags/producer.py
[2024-06-26T14:14:48.743+0000] {processor.py:830} INFO - Processing file /opt/airflow/dags/producer.py for tasks to queue
[2024-06-26T14:14:48.744+0000] {logging_mixin.py:188} INFO - [2024-06-26T14:14:48.744+0000] {dagbag.py:545} INFO - Filling up the DagBag from /opt/airflow/dags/producer.py
[2024-06-26T14:14:48.750+0000] {processor.py:840} INFO - DAG(s) 'producer' retrieved from /opt/airflow/dags/producer.py
[2024-06-26T14:14:48.763+0000] {logging_mixin.py:188} INFO - [2024-06-26T14:14:48.762+0000] {dag.py:3096} INFO - Sync 1 DAGs
[2024-06-26T14:14:48.769+0000] {logging_mixin.py:188} INFO - [2024-06-26T14:14:48.769+0000] {dag.py:3954} INFO - Setting next_dagrun for producer to None, run_after=None
[2024-06-26T14:14:48.782+0000] {processor.py:183} INFO - Processing /opt/airflow/dags/producer.py took 0.044 seconds
[2024-06-26T14:14:54.499+0000] {processor.py:161} INFO - Started process (PID=477) to work on /opt/airflow/dags/producer.py
[2024-06-26T14:14:54.500+0000] {processor.py:830} INFO - Processing file /opt/airflow/dags/producer.py for tasks to queue
[2024-06-26T14:14:54.501+0000] {logging_mixin.py:188} INFO - [2024-06-26T14:14:54.501+0000] {dagbag.py:545} INFO - Filling up the DagBag from /opt/airflow/dags/producer.py
[2024-06-26T14:14:54.507+0000] {processor.py:840} INFO - DAG(s) 'producer' retrieved from /opt/airflow/dags/producer.py
[2024-06-26T14:14:54.519+0000] {logging_mixin.py:188} INFO - [2024-06-26T14:14:54.519+0000] {dag.py:3096} INFO - Sync 1 DAGs
[2024-06-26T14:14:54.526+0000] {logging_mixin.py:188} INFO - [2024-06-26T14:14:54.526+0000] {dag.py:3954} INFO - Setting next_dagrun for producer to None, run_after=None
[2024-06-26T14:14:54.538+0000] {processor.py:183} INFO - Processing /opt/airflow/dags/producer.py took 0.042 seconds
[2024-06-26T14:15:00.312+0000] {processor.py:161} INFO - Started process (PID=504) to work on /opt/airflow/dags/producer.py
[2024-06-26T14:15:00.312+0000] {processor.py:830} INFO - Processing file /opt/airflow/dags/producer.py for tasks to queue
[2024-06-26T14:15:00.313+0000] {logging_mixin.py:188} INFO - [2024-06-26T14:15:00.313+0000] {dagbag.py:545} INFO - Filling up the DagBag from /opt/airflow/dags/producer.py
[2024-06-26T14:15:00.319+0000] {processor.py:840} INFO - DAG(s) 'producer' retrieved from /opt/airflow/dags/producer.py
[2024-06-26T14:15:00.332+0000] {logging_mixin.py:188} INFO - [2024-06-26T14:15:00.331+0000] {dag.py:3096} INFO - Sync 1 DAGs
[2024-06-26T14:15:00.339+0000] {logging_mixin.py:188} INFO - [2024-06-26T14:15:00.339+0000] {dag.py:3954} INFO - Setting next_dagrun for producer to None, run_after=None
[2024-06-26T14:15:00.351+0000] {processor.py:183} INFO - Processing /opt/airflow/dags/producer.py took 0.041 seconds
[2024-06-26T14:15:06.100+0000] {processor.py:161} INFO - Started process (PID=531) to work on /opt/airflow/dags/producer.py
[2024-06-26T14:15:06.101+0000] {processor.py:830} INFO - Processing file /opt/airflow/dags/producer.py for tasks to queue
[2024-06-26T14:15:06.102+0000] {logging_mixin.py:188} INFO - [2024-06-26T14:15:06.101+0000] {dagbag.py:545} INFO - Filling up the DagBag from /opt/airflow/dags/producer.py
[2024-06-26T14:15:06.107+0000] {processor.py:840} INFO - DAG(s) 'producer' retrieved from /opt/airflow/dags/producer.py
[2024-06-26T14:15:06.120+0000] {logging_mixin.py:188} INFO - [2024-06-26T14:15:06.119+0000] {dag.py:3096} INFO - Sync 1 DAGs
[2024-06-26T14:15:06.126+0000] {logging_mixin.py:188} INFO - [2024-06-26T14:15:06.126+0000] {dag.py:3954} INFO - Setting next_dagrun for producer to None, run_after=None
[2024-06-26T14:15:06.138+0000] {processor.py:183} INFO - Processing /opt/airflow/dags/producer.py took 0.041 seconds
[2024-06-26T14:15:11.931+0000] {processor.py:161} INFO - Started process (PID=558) to work on /opt/airflow/dags/producer.py
[2024-06-26T14:15:11.932+0000] {processor.py:830} INFO - Processing file /opt/airflow/dags/producer.py for tasks to queue
[2024-06-26T14:15:11.933+0000] {logging_mixin.py:188} INFO - [2024-06-26T14:15:11.932+0000] {dagbag.py:545} INFO - Filling up the DagBag from /opt/airflow/dags/producer.py
[2024-06-26T14:15:11.939+0000] {processor.py:840} INFO - DAG(s) 'producer' retrieved from /opt/airflow/dags/producer.py
[2024-06-26T14:15:11.951+0000] {logging_mixin.py:188} INFO - [2024-06-26T14:15:11.951+0000] {dag.py:3096} INFO - Sync 1 DAGs
[2024-06-26T14:15:11.958+0000] {logging_mixin.py:188} INFO - [2024-06-26T14:15:11.957+0000] {dag.py:3954} INFO - Setting next_dagrun for producer to None, run_after=None
[2024-06-26T14:15:11.970+0000] {processor.py:183} INFO - Processing /opt/airflow/dags/producer.py took 0.043 seconds
[2024-06-26T14:15:17.743+0000] {processor.py:161} INFO - Started process (PID=591) to work on /opt/airflow/dags/producer.py
[2024-06-26T14:15:17.743+0000] {processor.py:830} INFO - Processing file /opt/airflow/dags/producer.py for tasks to queue
[2024-06-26T14:15:17.744+0000] {logging_mixin.py:188} INFO - [2024-06-26T14:15:17.744+0000] {dagbag.py:545} INFO - Filling up the DagBag from /opt/airflow/dags/producer.py
[2024-06-26T14:15:17.750+0000] {processor.py:840} INFO - DAG(s) 'producer' retrieved from /opt/airflow/dags/producer.py
[2024-06-26T14:15:17.762+0000] {logging_mixin.py:188} INFO - [2024-06-26T14:15:17.762+0000] {dag.py:3096} INFO - Sync 1 DAGs
[2024-06-26T14:15:17.768+0000] {logging_mixin.py:188} INFO - [2024-06-26T14:15:17.768+0000] {dag.py:3954} INFO - Setting next_dagrun for producer to None, run_after=None
[2024-06-26T14:15:17.780+0000] {processor.py:183} INFO - Processing /opt/airflow/dags/producer.py took 0.040 seconds
[2024-06-26T14:15:23.525+0000] {processor.py:161} INFO - Started process (PID=618) to work on /opt/airflow/dags/producer.py
[2024-06-26T14:15:23.525+0000] {processor.py:830} INFO - Processing file /opt/airflow/dags/producer.py for tasks to queue
[2024-06-26T14:15:23.526+0000] {logging_mixin.py:188} INFO - [2024-06-26T14:15:23.526+0000] {dagbag.py:545} INFO - Filling up the DagBag from /opt/airflow/dags/producer.py
[2024-06-26T14:15:23.532+0000] {processor.py:840} INFO - DAG(s) 'producer' retrieved from /opt/airflow/dags/producer.py
[2024-06-26T14:15:23.545+0000] {logging_mixin.py:188} INFO - [2024-06-26T14:15:23.545+0000] {dag.py:3096} INFO - Sync 1 DAGs
[2024-06-26T14:15:23.552+0000] {logging_mixin.py:188} INFO - [2024-06-26T14:15:23.552+0000] {dag.py:3954} INFO - Setting next_dagrun for producer to None, run_after=None
[2024-06-26T14:15:23.567+0000] {processor.py:183} INFO - Processing /opt/airflow/dags/producer.py took 0.045 seconds
[2024-06-26T14:15:29.365+0000] {processor.py:161} INFO - Started process (PID=645) to work on /opt/airflow/dags/producer.py
[2024-06-26T14:15:29.366+0000] {processor.py:830} INFO - Processing file /opt/airflow/dags/producer.py for tasks to queue
[2024-06-26T14:15:29.367+0000] {logging_mixin.py:188} INFO - [2024-06-26T14:15:29.367+0000] {dagbag.py:545} INFO - Filling up the DagBag from /opt/airflow/dags/producer.py
[2024-06-26T14:15:29.373+0000] {processor.py:840} INFO - DAG(s) 'producer' retrieved from /opt/airflow/dags/producer.py
[2024-06-26T14:15:29.384+0000] {logging_mixin.py:188} INFO - [2024-06-26T14:15:29.384+0000] {dag.py:3096} INFO - Sync 1 DAGs
[2024-06-26T14:15:29.391+0000] {logging_mixin.py:188} INFO - [2024-06-26T14:15:29.391+0000] {dag.py:3954} INFO - Setting next_dagrun for producer to None, run_after=None
[2024-06-26T14:15:29.403+0000] {processor.py:183} INFO - Processing /opt/airflow/dags/producer.py took 0.040 seconds
[2024-06-26T14:15:35.174+0000] {processor.py:161} INFO - Started process (PID=672) to work on /opt/airflow/dags/producer.py
[2024-06-26T14:15:35.175+0000] {processor.py:830} INFO - Processing file /opt/airflow/dags/producer.py for tasks to queue
[2024-06-26T14:15:35.176+0000] {logging_mixin.py:188} INFO - [2024-06-26T14:15:35.175+0000] {dagbag.py:545} INFO - Filling up the DagBag from /opt/airflow/dags/producer.py
[2024-06-26T14:15:35.181+0000] {processor.py:840} INFO - DAG(s) 'producer' retrieved from /opt/airflow/dags/producer.py
[2024-06-26T14:15:35.194+0000] {logging_mixin.py:188} INFO - [2024-06-26T14:15:35.194+0000] {dag.py:3096} INFO - Sync 1 DAGs
[2024-06-26T14:15:35.201+0000] {logging_mixin.py:188} INFO - [2024-06-26T14:15:35.201+0000] {dag.py:3954} INFO - Setting next_dagrun for producer to None, run_after=None
[2024-06-26T14:15:35.214+0000] {processor.py:183} INFO - Processing /opt/airflow/dags/producer.py took 0.043 seconds
[2024-06-26T14:15:41.060+0000] {processor.py:161} INFO - Started process (PID=699) to work on /opt/airflow/dags/producer.py
[2024-06-26T14:15:41.060+0000] {processor.py:830} INFO - Processing file /opt/airflow/dags/producer.py for tasks to queue
[2024-06-26T14:15:41.061+0000] {logging_mixin.py:188} INFO - [2024-06-26T14:15:41.061+0000] {dagbag.py:545} INFO - Filling up the DagBag from /opt/airflow/dags/producer.py
[2024-06-26T14:15:41.067+0000] {processor.py:840} INFO - DAG(s) 'producer' retrieved from /opt/airflow/dags/producer.py
[2024-06-26T14:15:41.079+0000] {logging_mixin.py:188} INFO - [2024-06-26T14:15:41.079+0000] {dag.py:3096} INFO - Sync 1 DAGs
[2024-06-26T14:15:41.086+0000] {logging_mixin.py:188} INFO - [2024-06-26T14:15:41.086+0000] {dag.py:3954} INFO - Setting next_dagrun for producer to None, run_after=None
[2024-06-26T14:15:41.099+0000] {processor.py:183} INFO - Processing /opt/airflow/dags/producer.py took 0.043 seconds
[2024-06-26T14:15:46.837+0000] {processor.py:161} INFO - Started process (PID=726) to work on /opt/airflow/dags/producer.py
[2024-06-26T14:15:46.837+0000] {processor.py:830} INFO - Processing file /opt/airflow/dags/producer.py for tasks to queue
[2024-06-26T14:15:46.838+0000] {logging_mixin.py:188} INFO - [2024-06-26T14:15:46.838+0000] {dagbag.py:545} INFO - Filling up the DagBag from /opt/airflow/dags/producer.py
[2024-06-26T14:15:46.844+0000] {processor.py:840} INFO - DAG(s) 'producer' retrieved from /opt/airflow/dags/producer.py
[2024-06-26T14:15:46.857+0000] {logging_mixin.py:188} INFO - [2024-06-26T14:15:46.856+0000] {dag.py:3096} INFO - Sync 1 DAGs
[2024-06-26T14:15:46.864+0000] {logging_mixin.py:188} INFO - [2024-06-26T14:15:46.863+0000] {dag.py:3954} INFO - Setting next_dagrun for producer to None, run_after=None
[2024-06-26T14:15:46.875+0000] {processor.py:183} INFO - Processing /opt/airflow/dags/producer.py took 0.041 seconds
[2024-06-26T14:15:52.640+0000] {processor.py:161} INFO - Started process (PID=759) to work on /opt/airflow/dags/producer.py
[2024-06-26T14:15:52.640+0000] {processor.py:830} INFO - Processing file /opt/airflow/dags/producer.py for tasks to queue
[2024-06-26T14:15:52.641+0000] {logging_mixin.py:188} INFO - [2024-06-26T14:15:52.641+0000] {dagbag.py:545} INFO - Filling up the DagBag from /opt/airflow/dags/producer.py
[2024-06-26T14:15:52.647+0000] {processor.py:840} INFO - DAG(s) 'producer' retrieved from /opt/airflow/dags/producer.py
[2024-06-26T14:15:52.659+0000] {logging_mixin.py:188} INFO - [2024-06-26T14:15:52.659+0000] {dag.py:3096} INFO - Sync 1 DAGs
[2024-06-26T14:15:52.666+0000] {logging_mixin.py:188} INFO - [2024-06-26T14:15:52.666+0000] {dag.py:3954} INFO - Setting next_dagrun for producer to None, run_after=None
[2024-06-26T14:15:52.680+0000] {processor.py:183} INFO - Processing /opt/airflow/dags/producer.py took 0.044 seconds
[2024-06-26T14:15:58.542+0000] {processor.py:161} INFO - Started process (PID=786) to work on /opt/airflow/dags/producer.py
[2024-06-26T14:15:58.542+0000] {processor.py:830} INFO - Processing file /opt/airflow/dags/producer.py for tasks to queue
[2024-06-26T14:15:58.543+0000] {logging_mixin.py:188} INFO - [2024-06-26T14:15:58.543+0000] {dagbag.py:545} INFO - Filling up the DagBag from /opt/airflow/dags/producer.py
[2024-06-26T14:15:58.549+0000] {processor.py:840} INFO - DAG(s) 'producer' retrieved from /opt/airflow/dags/producer.py
[2024-06-26T14:15:58.561+0000] {logging_mixin.py:188} INFO - [2024-06-26T14:15:58.561+0000] {dag.py:3096} INFO - Sync 1 DAGs
[2024-06-26T14:15:58.568+0000] {logging_mixin.py:188} INFO - [2024-06-26T14:15:58.568+0000] {dag.py:3954} INFO - Setting next_dagrun for producer to None, run_after=None
[2024-06-26T14:15:58.581+0000] {processor.py:183} INFO - Processing /opt/airflow/dags/producer.py took 0.043 seconds
[2024-06-26T14:16:04.304+0000] {processor.py:161} INFO - Started process (PID=813) to work on /opt/airflow/dags/producer.py
[2024-06-26T14:16:04.305+0000] {processor.py:830} INFO - Processing file /opt/airflow/dags/producer.py for tasks to queue
[2024-06-26T14:16:04.305+0000] {logging_mixin.py:188} INFO - [2024-06-26T14:16:04.305+0000] {dagbag.py:545} INFO - Filling up the DagBag from /opt/airflow/dags/producer.py
[2024-06-26T14:16:04.311+0000] {processor.py:840} INFO - DAG(s) 'producer' retrieved from /opt/airflow/dags/producer.py
[2024-06-26T14:16:04.324+0000] {logging_mixin.py:188} INFO - [2024-06-26T14:16:04.323+0000] {dag.py:3096} INFO - Sync 1 DAGs
[2024-06-26T14:16:04.330+0000] {logging_mixin.py:188} INFO - [2024-06-26T14:16:04.330+0000] {dag.py:3954} INFO - Setting next_dagrun for producer to None, run_after=None
[2024-06-26T14:16:04.342+0000] {processor.py:183} INFO - Processing /opt/airflow/dags/producer.py took 0.041 seconds
[2024-06-26T14:16:10.096+0000] {processor.py:161} INFO - Started process (PID=840) to work on /opt/airflow/dags/producer.py
[2024-06-26T14:16:10.096+0000] {processor.py:830} INFO - Processing file /opt/airflow/dags/producer.py for tasks to queue
[2024-06-26T14:16:10.097+0000] {logging_mixin.py:188} INFO - [2024-06-26T14:16:10.097+0000] {dagbag.py:545} INFO - Filling up the DagBag from /opt/airflow/dags/producer.py
[2024-06-26T14:16:10.103+0000] {processor.py:840} INFO - DAG(s) 'producer' retrieved from /opt/airflow/dags/producer.py
[2024-06-26T14:16:10.115+0000] {logging_mixin.py:188} INFO - [2024-06-26T14:16:10.115+0000] {dag.py:3096} INFO - Sync 1 DAGs
[2024-06-26T14:16:10.122+0000] {logging_mixin.py:188} INFO - [2024-06-26T14:16:10.122+0000] {dag.py:3954} INFO - Setting next_dagrun for producer to None, run_after=None
[2024-06-26T14:16:10.133+0000] {processor.py:183} INFO - Processing /opt/airflow/dags/producer.py took 0.041 seconds
[2024-06-26T14:16:15.949+0000] {processor.py:161} INFO - Started process (PID=867) to work on /opt/airflow/dags/producer.py
[2024-06-26T14:16:15.950+0000] {processor.py:830} INFO - Processing file /opt/airflow/dags/producer.py for tasks to queue
[2024-06-26T14:16:15.951+0000] {logging_mixin.py:188} INFO - [2024-06-26T14:16:15.951+0000] {dagbag.py:545} INFO - Filling up the DagBag from /opt/airflow/dags/producer.py
[2024-06-26T14:16:15.958+0000] {processor.py:840} INFO - DAG(s) 'producer' retrieved from /opt/airflow/dags/producer.py
[2024-06-26T14:16:15.970+0000] {logging_mixin.py:188} INFO - [2024-06-26T14:16:15.970+0000] {dag.py:3096} INFO - Sync 1 DAGs
[2024-06-26T14:16:15.978+0000] {logging_mixin.py:188} INFO - [2024-06-26T14:16:15.978+0000] {dag.py:3954} INFO - Setting next_dagrun for producer to None, run_after=None
[2024-06-26T14:16:15.990+0000] {processor.py:183} INFO - Processing /opt/airflow/dags/producer.py took 0.044 seconds
[2024-06-26T14:16:21.724+0000] {processor.py:161} INFO - Started process (PID=900) to work on /opt/airflow/dags/producer.py
[2024-06-26T14:16:21.725+0000] {processor.py:830} INFO - Processing file /opt/airflow/dags/producer.py for tasks to queue
[2024-06-26T14:16:21.725+0000] {logging_mixin.py:188} INFO - [2024-06-26T14:16:21.725+0000] {dagbag.py:545} INFO - Filling up the DagBag from /opt/airflow/dags/producer.py
[2024-06-26T14:16:21.732+0000] {processor.py:840} INFO - DAG(s) 'producer' retrieved from /opt/airflow/dags/producer.py
[2024-06-26T14:16:21.743+0000] {logging_mixin.py:188} INFO - [2024-06-26T14:16:21.743+0000] {dag.py:3096} INFO - Sync 1 DAGs
[2024-06-26T14:16:21.750+0000] {logging_mixin.py:188} INFO - [2024-06-26T14:16:21.750+0000] {dag.py:3954} INFO - Setting next_dagrun for producer to None, run_after=None
[2024-06-26T14:16:21.762+0000] {processor.py:183} INFO - Processing /opt/airflow/dags/producer.py took 0.041 seconds
[2024-06-26T14:16:27.535+0000] {processor.py:161} INFO - Started process (PID=927) to work on /opt/airflow/dags/producer.py
[2024-06-26T14:16:27.536+0000] {processor.py:830} INFO - Processing file /opt/airflow/dags/producer.py for tasks to queue
[2024-06-26T14:16:27.537+0000] {logging_mixin.py:188} INFO - [2024-06-26T14:16:27.537+0000] {dagbag.py:545} INFO - Filling up the DagBag from /opt/airflow/dags/producer.py
[2024-06-26T14:16:27.543+0000] {processor.py:840} INFO - DAG(s) 'producer' retrieved from /opt/airflow/dags/producer.py
[2024-06-26T14:16:27.555+0000] {logging_mixin.py:188} INFO - [2024-06-26T14:16:27.555+0000] {dag.py:3096} INFO - Sync 1 DAGs
[2024-06-26T14:16:27.562+0000] {logging_mixin.py:188} INFO - [2024-06-26T14:16:27.562+0000] {dag.py:3954} INFO - Setting next_dagrun for producer to None, run_after=None
[2024-06-26T14:16:27.575+0000] {processor.py:183} INFO - Processing /opt/airflow/dags/producer.py took 0.043 seconds
[2024-06-26T14:16:33.331+0000] {processor.py:161} INFO - Started process (PID=954) to work on /opt/airflow/dags/producer.py
[2024-06-26T14:16:33.332+0000] {processor.py:830} INFO - Processing file /opt/airflow/dags/producer.py for tasks to queue
[2024-06-26T14:16:33.333+0000] {logging_mixin.py:188} INFO - [2024-06-26T14:16:33.333+0000] {dagbag.py:545} INFO - Filling up the DagBag from /opt/airflow/dags/producer.py
[2024-06-26T14:16:33.339+0000] {processor.py:840} INFO - DAG(s) 'producer' retrieved from /opt/airflow/dags/producer.py
[2024-06-26T14:16:33.351+0000] {logging_mixin.py:188} INFO - [2024-06-26T14:16:33.351+0000] {dag.py:3096} INFO - Sync 1 DAGs
[2024-06-26T14:16:33.358+0000] {logging_mixin.py:188} INFO - [2024-06-26T14:16:33.358+0000] {dag.py:3954} INFO - Setting next_dagrun for producer to None, run_after=None
[2024-06-26T14:16:33.371+0000] {processor.py:183} INFO - Processing /opt/airflow/dags/producer.py took 0.042 seconds
[2024-06-26T14:16:39.122+0000] {processor.py:161} INFO - Started process (PID=981) to work on /opt/airflow/dags/producer.py
[2024-06-26T14:16:39.122+0000] {processor.py:830} INFO - Processing file /opt/airflow/dags/producer.py for tasks to queue
[2024-06-26T14:16:39.123+0000] {logging_mixin.py:188} INFO - [2024-06-26T14:16:39.123+0000] {dagbag.py:545} INFO - Filling up the DagBag from /opt/airflow/dags/producer.py
[2024-06-26T14:16:39.129+0000] {processor.py:840} INFO - DAG(s) 'producer' retrieved from /opt/airflow/dags/producer.py
[2024-06-26T14:16:39.141+0000] {logging_mixin.py:188} INFO - [2024-06-26T14:16:39.141+0000] {dag.py:3096} INFO - Sync 1 DAGs
[2024-06-26T14:16:39.148+0000] {logging_mixin.py:188} INFO - [2024-06-26T14:16:39.148+0000] {dag.py:3954} INFO - Setting next_dagrun for producer to None, run_after=None
[2024-06-26T14:16:39.159+0000] {processor.py:183} INFO - Processing /opt/airflow/dags/producer.py took 0.041 seconds
[2024-06-26T14:16:44.909+0000] {processor.py:161} INFO - Started process (PID=1008) to work on /opt/airflow/dags/producer.py
[2024-06-26T14:16:44.910+0000] {processor.py:830} INFO - Processing file /opt/airflow/dags/producer.py for tasks to queue
[2024-06-26T14:16:44.911+0000] {logging_mixin.py:188} INFO - [2024-06-26T14:16:44.911+0000] {dagbag.py:545} INFO - Filling up the DagBag from /opt/airflow/dags/producer.py
[2024-06-26T14:16:44.917+0000] {processor.py:840} INFO - DAG(s) 'producer' retrieved from /opt/airflow/dags/producer.py
[2024-06-26T14:16:44.929+0000] {logging_mixin.py:188} INFO - [2024-06-26T14:16:44.929+0000] {dag.py:3096} INFO - Sync 1 DAGs
[2024-06-26T14:16:44.937+0000] {logging_mixin.py:188} INFO - [2024-06-26T14:16:44.937+0000] {dag.py:3954} INFO - Setting next_dagrun for producer to None, run_after=None
[2024-06-26T14:16:44.950+0000] {processor.py:183} INFO - Processing /opt/airflow/dags/producer.py took 0.044 seconds
[2024-06-26T14:16:50.743+0000] {processor.py:161} INFO - Started process (PID=1041) to work on /opt/airflow/dags/producer.py
[2024-06-26T14:16:50.743+0000] {processor.py:830} INFO - Processing file /opt/airflow/dags/producer.py for tasks to queue
[2024-06-26T14:16:50.744+0000] {logging_mixin.py:188} INFO - [2024-06-26T14:16:50.744+0000] {dagbag.py:545} INFO - Filling up the DagBag from /opt/airflow/dags/producer.py
[2024-06-26T14:16:50.750+0000] {processor.py:840} INFO - DAG(s) 'producer' retrieved from /opt/airflow/dags/producer.py
[2024-06-26T14:16:50.762+0000] {logging_mixin.py:188} INFO - [2024-06-26T14:16:50.762+0000] {dag.py:3096} INFO - Sync 1 DAGs
[2024-06-26T14:16:50.768+0000] {logging_mixin.py:188} INFO - [2024-06-26T14:16:50.768+0000] {dag.py:3954} INFO - Setting next_dagrun for producer to None, run_after=None
[2024-06-26T14:16:50.781+0000] {processor.py:183} INFO - Processing /opt/airflow/dags/producer.py took 0.042 seconds
[2024-06-26T14:16:56.557+0000] {processor.py:161} INFO - Started process (PID=1068) to work on /opt/airflow/dags/producer.py
[2024-06-26T14:16:56.557+0000] {processor.py:830} INFO - Processing file /opt/airflow/dags/producer.py for tasks to queue
[2024-06-26T14:16:56.558+0000] {logging_mixin.py:188} INFO - [2024-06-26T14:16:56.558+0000] {dagbag.py:545} INFO - Filling up the DagBag from /opt/airflow/dags/producer.py
[2024-06-26T14:16:56.563+0000] {processor.py:840} INFO - DAG(s) 'producer' retrieved from /opt/airflow/dags/producer.py
[2024-06-26T14:16:56.574+0000] {logging_mixin.py:188} INFO - [2024-06-26T14:16:56.574+0000] {dag.py:3096} INFO - Sync 1 DAGs
[2024-06-26T14:16:56.580+0000] {logging_mixin.py:188} INFO - [2024-06-26T14:16:56.580+0000] {dag.py:3954} INFO - Setting next_dagrun for producer to None, run_after=None
[2024-06-26T14:16:56.599+0000] {processor.py:183} INFO - Processing /opt/airflow/dags/producer.py took 0.045 seconds
[2024-06-26T14:17:02.390+0000] {processor.py:161} INFO - Started process (PID=1095) to work on /opt/airflow/dags/producer.py
[2024-06-26T14:17:02.391+0000] {processor.py:830} INFO - Processing file /opt/airflow/dags/producer.py for tasks to queue
[2024-06-26T14:17:02.392+0000] {logging_mixin.py:188} INFO - [2024-06-26T14:17:02.391+0000] {dagbag.py:545} INFO - Filling up the DagBag from /opt/airflow/dags/producer.py
[2024-06-26T14:17:02.398+0000] {processor.py:840} INFO - DAG(s) 'producer' retrieved from /opt/airflow/dags/producer.py
[2024-06-26T14:17:02.410+0000] {logging_mixin.py:188} INFO - [2024-06-26T14:17:02.410+0000] {dag.py:3096} INFO - Sync 1 DAGs
[2024-06-26T14:17:02.417+0000] {logging_mixin.py:188} INFO - [2024-06-26T14:17:02.417+0000] {dag.py:3954} INFO - Setting next_dagrun for producer to None, run_after=None
[2024-06-26T14:17:02.431+0000] {processor.py:183} INFO - Processing /opt/airflow/dags/producer.py took 0.045 seconds
[2024-06-26T14:17:08.108+0000] {processor.py:161} INFO - Started process (PID=1122) to work on /opt/airflow/dags/producer.py
[2024-06-26T14:17:08.108+0000] {processor.py:830} INFO - Processing file /opt/airflow/dags/producer.py for tasks to queue
[2024-06-26T14:17:08.109+0000] {logging_mixin.py:188} INFO - [2024-06-26T14:17:08.109+0000] {dagbag.py:545} INFO - Filling up the DagBag from /opt/airflow/dags/producer.py
[2024-06-26T14:17:08.115+0000] {processor.py:840} INFO - DAG(s) 'producer' retrieved from /opt/airflow/dags/producer.py
[2024-06-26T14:17:08.128+0000] {logging_mixin.py:188} INFO - [2024-06-26T14:17:08.128+0000] {dag.py:3096} INFO - Sync 1 DAGs
[2024-06-26T14:17:08.135+0000] {logging_mixin.py:188} INFO - [2024-06-26T14:17:08.135+0000] {dag.py:3954} INFO - Setting next_dagrun for producer to None, run_after=None
[2024-06-26T14:17:08.150+0000] {processor.py:183} INFO - Processing /opt/airflow/dags/producer.py took 0.045 seconds
[2024-06-26T14:17:13.940+0000] {processor.py:161} INFO - Started process (PID=1149) to work on /opt/airflow/dags/producer.py
[2024-06-26T14:17:13.940+0000] {processor.py:830} INFO - Processing file /opt/airflow/dags/producer.py for tasks to queue
[2024-06-26T14:17:13.941+0000] {logging_mixin.py:188} INFO - [2024-06-26T14:17:13.941+0000] {dagbag.py:545} INFO - Filling up the DagBag from /opt/airflow/dags/producer.py
[2024-06-26T14:17:13.947+0000] {processor.py:840} INFO - DAG(s) 'producer' retrieved from /opt/airflow/dags/producer.py
[2024-06-26T14:17:13.959+0000] {logging_mixin.py:188} INFO - [2024-06-26T14:17:13.958+0000] {dag.py:3096} INFO - Sync 1 DAGs
[2024-06-26T14:17:13.965+0000] {logging_mixin.py:188} INFO - [2024-06-26T14:17:13.965+0000] {dag.py:3954} INFO - Setting next_dagrun for producer to None, run_after=None
[2024-06-26T14:17:13.977+0000] {processor.py:183} INFO - Processing /opt/airflow/dags/producer.py took 0.040 seconds
[2024-06-26T14:17:19.726+0000] {processor.py:161} INFO - Started process (PID=1182) to work on /opt/airflow/dags/producer.py
[2024-06-26T14:17:19.727+0000] {processor.py:830} INFO - Processing file /opt/airflow/dags/producer.py for tasks to queue
[2024-06-26T14:17:19.728+0000] {logging_mixin.py:188} INFO - [2024-06-26T14:17:19.728+0000] {dagbag.py:545} INFO - Filling up the DagBag from /opt/airflow/dags/producer.py
[2024-06-26T14:17:19.734+0000] {processor.py:840} INFO - DAG(s) 'producer' retrieved from /opt/airflow/dags/producer.py
[2024-06-26T14:17:19.746+0000] {logging_mixin.py:188} INFO - [2024-06-26T14:17:19.746+0000] {dag.py:3096} INFO - Sync 1 DAGs
[2024-06-26T14:17:19.752+0000] {logging_mixin.py:188} INFO - [2024-06-26T14:17:19.752+0000] {dag.py:3954} INFO - Setting next_dagrun for producer to None, run_after=None
[2024-06-26T14:17:19.763+0000] {processor.py:183} INFO - Processing /opt/airflow/dags/producer.py took 0.039 seconds
[2024-06-26T14:17:25.461+0000] {processor.py:161} INFO - Started process (PID=1209) to work on /opt/airflow/dags/producer.py
[2024-06-26T14:17:25.461+0000] {processor.py:830} INFO - Processing file /opt/airflow/dags/producer.py for tasks to queue
[2024-06-26T14:17:25.462+0000] {logging_mixin.py:188} INFO - [2024-06-26T14:17:25.462+0000] {dagbag.py:545} INFO - Filling up the DagBag from /opt/airflow/dags/producer.py
[2024-06-26T14:17:25.468+0000] {processor.py:840} INFO - DAG(s) 'producer' retrieved from /opt/airflow/dags/producer.py
[2024-06-26T14:17:25.480+0000] {logging_mixin.py:188} INFO - [2024-06-26T14:17:25.480+0000] {dag.py:3096} INFO - Sync 1 DAGs
[2024-06-26T14:17:25.487+0000] {logging_mixin.py:188} INFO - [2024-06-26T14:17:25.486+0000] {dag.py:3954} INFO - Setting next_dagrun for producer to None, run_after=None
[2024-06-26T14:17:25.498+0000] {processor.py:183} INFO - Processing /opt/airflow/dags/producer.py took 0.040 seconds
[2024-06-26T14:17:31.167+0000] {processor.py:161} INFO - Started process (PID=1236) to work on /opt/airflow/dags/producer.py
[2024-06-26T14:17:31.167+0000] {processor.py:830} INFO - Processing file /opt/airflow/dags/producer.py for tasks to queue
[2024-06-26T14:17:31.168+0000] {logging_mixin.py:188} INFO - [2024-06-26T14:17:31.168+0000] {dagbag.py:545} INFO - Filling up the DagBag from /opt/airflow/dags/producer.py
[2024-06-26T14:17:31.174+0000] {processor.py:840} INFO - DAG(s) 'producer' retrieved from /opt/airflow/dags/producer.py
[2024-06-26T14:17:31.185+0000] {logging_mixin.py:188} INFO - [2024-06-26T14:17:31.185+0000] {dag.py:3096} INFO - Sync 1 DAGs
[2024-06-26T14:17:31.192+0000] {logging_mixin.py:188} INFO - [2024-06-26T14:17:31.192+0000] {dag.py:3954} INFO - Setting next_dagrun for producer to None, run_after=None
[2024-06-26T14:17:31.204+0000] {processor.py:183} INFO - Processing /opt/airflow/dags/producer.py took 0.040 seconds
[2024-06-26T14:17:36.926+0000] {processor.py:161} INFO - Started process (PID=1263) to work on /opt/airflow/dags/producer.py
[2024-06-26T14:17:36.927+0000] {processor.py:830} INFO - Processing file /opt/airflow/dags/producer.py for tasks to queue
[2024-06-26T14:17:36.928+0000] {logging_mixin.py:188} INFO - [2024-06-26T14:17:36.927+0000] {dagbag.py:545} INFO - Filling up the DagBag from /opt/airflow/dags/producer.py
[2024-06-26T14:17:36.933+0000] {processor.py:840} INFO - DAG(s) 'producer' retrieved from /opt/airflow/dags/producer.py
[2024-06-26T14:17:36.944+0000] {logging_mixin.py:188} INFO - [2024-06-26T14:17:36.944+0000] {dag.py:3096} INFO - Sync 1 DAGs
[2024-06-26T14:17:36.951+0000] {logging_mixin.py:188} INFO - [2024-06-26T14:17:36.951+0000] {dag.py:3954} INFO - Setting next_dagrun for producer to None, run_after=None
[2024-06-26T14:17:36.963+0000] {processor.py:183} INFO - Processing /opt/airflow/dags/producer.py took 0.040 seconds
[2024-06-26T14:17:42.669+0000] {processor.py:161} INFO - Started process (PID=1290) to work on /opt/airflow/dags/producer.py
[2024-06-26T14:17:42.669+0000] {processor.py:830} INFO - Processing file /opt/airflow/dags/producer.py for tasks to queue
[2024-06-26T14:17:42.670+0000] {logging_mixin.py:188} INFO - [2024-06-26T14:17:42.670+0000] {dagbag.py:545} INFO - Filling up the DagBag from /opt/airflow/dags/producer.py
[2024-06-26T14:17:42.676+0000] {processor.py:840} INFO - DAG(s) 'producer' retrieved from /opt/airflow/dags/producer.py
[2024-06-26T14:17:42.688+0000] {logging_mixin.py:188} INFO - [2024-06-26T14:17:42.688+0000] {dag.py:3096} INFO - Sync 1 DAGs
[2024-06-26T14:17:42.695+0000] {logging_mixin.py:188} INFO - [2024-06-26T14:17:42.695+0000] {dag.py:3954} INFO - Setting next_dagrun for producer to None, run_after=None
[2024-06-26T14:17:42.706+0000] {processor.py:183} INFO - Processing /opt/airflow/dags/producer.py took 0.041 seconds
[2024-06-26T14:17:48.484+0000] {processor.py:161} INFO - Started process (PID=1323) to work on /opt/airflow/dags/producer.py
[2024-06-26T14:17:48.485+0000] {processor.py:830} INFO - Processing file /opt/airflow/dags/producer.py for tasks to queue
[2024-06-26T14:17:48.485+0000] {logging_mixin.py:188} INFO - [2024-06-26T14:17:48.485+0000] {dagbag.py:545} INFO - Filling up the DagBag from /opt/airflow/dags/producer.py
[2024-06-26T14:17:48.491+0000] {processor.py:840} INFO - DAG(s) 'producer' retrieved from /opt/airflow/dags/producer.py
[2024-06-26T14:17:48.503+0000] {logging_mixin.py:188} INFO - [2024-06-26T14:17:48.503+0000] {dag.py:3096} INFO - Sync 1 DAGs
[2024-06-26T14:17:48.510+0000] {logging_mixin.py:188} INFO - [2024-06-26T14:17:48.509+0000] {dag.py:3954} INFO - Setting next_dagrun for producer to None, run_after=None
[2024-06-26T14:17:48.521+0000] {processor.py:183} INFO - Processing /opt/airflow/dags/producer.py took 0.040 seconds
[2024-06-26T14:17:54.256+0000] {processor.py:161} INFO - Started process (PID=1350) to work on /opt/airflow/dags/producer.py
[2024-06-26T14:17:54.256+0000] {processor.py:830} INFO - Processing file /opt/airflow/dags/producer.py for tasks to queue
[2024-06-26T14:17:54.257+0000] {logging_mixin.py:188} INFO - [2024-06-26T14:17:54.257+0000] {dagbag.py:545} INFO - Filling up the DagBag from /opt/airflow/dags/producer.py
[2024-06-26T14:17:54.263+0000] {processor.py:840} INFO - DAG(s) 'producer' retrieved from /opt/airflow/dags/producer.py
[2024-06-26T14:17:54.275+0000] {logging_mixin.py:188} INFO - [2024-06-26T14:17:54.275+0000] {dag.py:3096} INFO - Sync 1 DAGs
[2024-06-26T14:17:54.281+0000] {logging_mixin.py:188} INFO - [2024-06-26T14:17:54.281+0000] {dag.py:3954} INFO - Setting next_dagrun for producer to None, run_after=None
[2024-06-26T14:17:54.293+0000] {processor.py:183} INFO - Processing /opt/airflow/dags/producer.py took 0.040 seconds
[2024-06-26T14:17:59.975+0000] {processor.py:161} INFO - Started process (PID=1377) to work on /opt/airflow/dags/producer.py
[2024-06-26T14:17:59.975+0000] {processor.py:830} INFO - Processing file /opt/airflow/dags/producer.py for tasks to queue
[2024-06-26T14:17:59.976+0000] {logging_mixin.py:188} INFO - [2024-06-26T14:17:59.976+0000] {dagbag.py:545} INFO - Filling up the DagBag from /opt/airflow/dags/producer.py
[2024-06-26T14:17:59.982+0000] {processor.py:840} INFO - DAG(s) 'producer' retrieved from /opt/airflow/dags/producer.py
[2024-06-26T14:17:59.993+0000] {logging_mixin.py:188} INFO - [2024-06-26T14:17:59.993+0000] {dag.py:3096} INFO - Sync 1 DAGs
[2024-06-26T14:18:00.000+0000] {logging_mixin.py:188} INFO - [2024-06-26T14:17:59.999+0000] {dag.py:3954} INFO - Setting next_dagrun for producer to None, run_after=None
[2024-06-26T14:18:00.012+0000] {processor.py:183} INFO - Processing /opt/airflow/dags/producer.py took 0.040 seconds
[2024-06-26T14:18:05.718+0000] {processor.py:161} INFO - Started process (PID=1404) to work on /opt/airflow/dags/producer.py
[2024-06-26T14:18:05.719+0000] {processor.py:830} INFO - Processing file /opt/airflow/dags/producer.py for tasks to queue
[2024-06-26T14:18:05.720+0000] {logging_mixin.py:188} INFO - [2024-06-26T14:18:05.720+0000] {dagbag.py:545} INFO - Filling up the DagBag from /opt/airflow/dags/producer.py
[2024-06-26T14:18:05.726+0000] {processor.py:840} INFO - DAG(s) 'producer' retrieved from /opt/airflow/dags/producer.py
[2024-06-26T14:18:05.737+0000] {logging_mixin.py:188} INFO - [2024-06-26T14:18:05.737+0000] {dag.py:3096} INFO - Sync 1 DAGs
[2024-06-26T14:18:05.743+0000] {logging_mixin.py:188} INFO - [2024-06-26T14:18:05.743+0000] {dag.py:3954} INFO - Setting next_dagrun for producer to None, run_after=None
[2024-06-26T14:18:05.755+0000] {processor.py:183} INFO - Processing /opt/airflow/dags/producer.py took 0.040 seconds
