[2024-06-26T14:13:29.070+0000] {processor.py:161} INFO - Started process (PID=43) to work on /opt/airflow/dags/pythonoperator.py
[2024-06-26T14:13:29.070+0000] {processor.py:830} INFO - Processing file /opt/airflow/dags/pythonoperator.py for tasks to queue
[2024-06-26T14:13:29.071+0000] {logging_mixin.py:188} INFO - [2024-06-26T14:13:29.071+0000] {dagbag.py:545} INFO - Filling up the DagBag from /opt/airflow/dags/pythonoperator.py
[2024-06-26T14:13:29.096+0000] {processor.py:840} INFO - DAG(s) 'pythonoperator' retrieved from /opt/airflow/dags/pythonoperator.py
[2024-06-26T14:13:29.175+0000] {logging_mixin.py:188} INFO - [2024-06-26T14:13:29.174+0000] {dag.py:3096} INFO - Sync 1 DAGs
[2024-06-26T14:13:29.183+0000] {logging_mixin.py:188} INFO - [2024-06-26T14:13:29.182+0000] {dag.py:3954} INFO - Setting next_dagrun for pythonoperator to None, run_after=None
[2024-06-26T14:13:29.196+0000] {processor.py:183} INFO - Processing /opt/airflow/dags/pythonoperator.py took 0.130 seconds
[2024-06-26T14:13:34.288+0000] {processor.py:161} INFO - Started process (PID=70) to work on /opt/airflow/dags/pythonoperator.py
[2024-06-26T14:13:34.288+0000] {processor.py:830} INFO - Processing file /opt/airflow/dags/pythonoperator.py for tasks to queue
[2024-06-26T14:13:34.289+0000] {logging_mixin.py:188} INFO - [2024-06-26T14:13:34.289+0000] {dagbag.py:545} INFO - Filling up the DagBag from /opt/airflow/dags/pythonoperator.py
[2024-06-26T14:13:34.308+0000] {processor.py:840} INFO - DAG(s) 'pythonoperator' retrieved from /opt/airflow/dags/pythonoperator.py
[2024-06-26T14:13:34.314+0000] {logging_mixin.py:188} INFO - [2024-06-26T14:13:34.314+0000] {dag.py:3096} INFO - Sync 1 DAGs
[2024-06-26T14:13:34.321+0000] {logging_mixin.py:188} INFO - [2024-06-26T14:13:34.321+0000] {dag.py:3954} INFO - Setting next_dagrun for pythonoperator to None, run_after=None
[2024-06-26T14:13:34.330+0000] {processor.py:183} INFO - Processing /opt/airflow/dags/pythonoperator.py took 0.045 seconds
[2024-06-26T14:13:39.878+0000] {processor.py:161} INFO - Started process (PID=97) to work on /opt/airflow/dags/pythonoperator.py
[2024-06-26T14:13:39.878+0000] {processor.py:830} INFO - Processing file /opt/airflow/dags/pythonoperator.py for tasks to queue
[2024-06-26T14:13:39.879+0000] {logging_mixin.py:188} INFO - [2024-06-26T14:13:39.879+0000] {dagbag.py:545} INFO - Filling up the DagBag from /opt/airflow/dags/pythonoperator.py
[2024-06-26T14:13:39.897+0000] {processor.py:840} INFO - DAG(s) 'pythonoperator' retrieved from /opt/airflow/dags/pythonoperator.py
[2024-06-26T14:13:39.903+0000] {logging_mixin.py:188} INFO - [2024-06-26T14:13:39.903+0000] {dag.py:3096} INFO - Sync 1 DAGs
[2024-06-26T14:13:39.910+0000] {logging_mixin.py:188} INFO - [2024-06-26T14:13:39.910+0000] {dag.py:3954} INFO - Setting next_dagrun for pythonoperator to None, run_after=None
[2024-06-26T14:13:39.920+0000] {processor.py:183} INFO - Processing /opt/airflow/dags/pythonoperator.py took 0.045 seconds
[2024-06-26T14:13:44.967+0000] {processor.py:161} INFO - Started process (PID=124) to work on /opt/airflow/dags/pythonoperator.py
[2024-06-26T14:13:44.967+0000] {processor.py:830} INFO - Processing file /opt/airflow/dags/pythonoperator.py for tasks to queue
[2024-06-26T14:13:44.968+0000] {logging_mixin.py:188} INFO - [2024-06-26T14:13:44.968+0000] {dagbag.py:545} INFO - Filling up the DagBag from /opt/airflow/dags/pythonoperator.py
[2024-06-26T14:13:44.986+0000] {processor.py:840} INFO - DAG(s) 'pythonoperator' retrieved from /opt/airflow/dags/pythonoperator.py
[2024-06-26T14:13:44.992+0000] {logging_mixin.py:188} INFO - [2024-06-26T14:13:44.992+0000] {dag.py:3096} INFO - Sync 1 DAGs
[2024-06-26T14:13:44.999+0000] {logging_mixin.py:188} INFO - [2024-06-26T14:13:44.999+0000] {dag.py:3954} INFO - Setting next_dagrun for pythonoperator to None, run_after=None
[2024-06-26T14:13:45.008+0000] {processor.py:183} INFO - Processing /opt/airflow/dags/pythonoperator.py took 0.045 seconds
[2024-06-26T14:13:50.640+0000] {processor.py:161} INFO - Started process (PID=157) to work on /opt/airflow/dags/pythonoperator.py
[2024-06-26T14:13:50.641+0000] {processor.py:830} INFO - Processing file /opt/airflow/dags/pythonoperator.py for tasks to queue
[2024-06-26T14:13:50.642+0000] {logging_mixin.py:188} INFO - [2024-06-26T14:13:50.642+0000] {dagbag.py:545} INFO - Filling up the DagBag from /opt/airflow/dags/pythonoperator.py
[2024-06-26T14:13:50.659+0000] {processor.py:840} INFO - DAG(s) 'pythonoperator' retrieved from /opt/airflow/dags/pythonoperator.py
[2024-06-26T14:13:50.665+0000] {logging_mixin.py:188} INFO - [2024-06-26T14:13:50.665+0000] {dag.py:3096} INFO - Sync 1 DAGs
[2024-06-26T14:13:50.672+0000] {logging_mixin.py:188} INFO - [2024-06-26T14:13:50.672+0000] {dag.py:3954} INFO - Setting next_dagrun for pythonoperator to None, run_after=None
[2024-06-26T14:13:50.682+0000] {processor.py:183} INFO - Processing /opt/airflow/dags/pythonoperator.py took 0.044 seconds
[2024-06-26T14:13:56.471+0000] {processor.py:161} INFO - Started process (PID=197) to work on /opt/airflow/dags/pythonoperator.py
[2024-06-26T14:13:56.471+0000] {processor.py:830} INFO - Processing file /opt/airflow/dags/pythonoperator.py for tasks to queue
[2024-06-26T14:13:56.473+0000] {logging_mixin.py:188} INFO - [2024-06-26T14:13:56.473+0000] {dagbag.py:545} INFO - Filling up the DagBag from /opt/airflow/dags/pythonoperator.py
[2024-06-26T14:13:56.506+0000] {processor.py:840} INFO - DAG(s) 'pythonoperator' retrieved from /opt/airflow/dags/pythonoperator.py
[2024-06-26T14:13:56.523+0000] {logging_mixin.py:188} INFO - [2024-06-26T14:13:56.522+0000] {dag.py:3096} INFO - Sync 1 DAGs
[2024-06-26T14:13:56.550+0000] {logging_mixin.py:188} INFO - [2024-06-26T14:13:56.550+0000] {dag.py:3954} INFO - Setting next_dagrun for pythonoperator to None, run_after=None
[2024-06-26T14:13:56.578+0000] {processor.py:183} INFO - Processing /opt/airflow/dags/pythonoperator.py took 0.113 seconds
[2024-06-26T14:14:02.344+0000] {processor.py:161} INFO - Started process (PID=224) to work on /opt/airflow/dags/pythonoperator.py
[2024-06-26T14:14:02.345+0000] {processor.py:830} INFO - Processing file /opt/airflow/dags/pythonoperator.py for tasks to queue
[2024-06-26T14:14:02.346+0000] {logging_mixin.py:188} INFO - [2024-06-26T14:14:02.346+0000] {dagbag.py:545} INFO - Filling up the DagBag from /opt/airflow/dags/pythonoperator.py
[2024-06-26T14:14:02.365+0000] {processor.py:840} INFO - DAG(s) 'pythonoperator' retrieved from /opt/airflow/dags/pythonoperator.py
[2024-06-26T14:14:02.391+0000] {logging_mixin.py:188} INFO - [2024-06-26T14:14:02.391+0000] {dag.py:3096} INFO - Sync 1 DAGs
[2024-06-26T14:14:02.398+0000] {logging_mixin.py:188} INFO - [2024-06-26T14:14:02.398+0000] {dag.py:3954} INFO - Setting next_dagrun for pythonoperator to None, run_after=None
[2024-06-26T14:14:02.408+0000] {processor.py:183} INFO - Processing /opt/airflow/dags/pythonoperator.py took 0.067 seconds
[2024-06-26T14:14:08.122+0000] {processor.py:161} INFO - Started process (PID=251) to work on /opt/airflow/dags/pythonoperator.py
[2024-06-26T14:14:08.122+0000] {processor.py:830} INFO - Processing file /opt/airflow/dags/pythonoperator.py for tasks to queue
[2024-06-26T14:14:08.123+0000] {logging_mixin.py:188} INFO - [2024-06-26T14:14:08.123+0000] {dagbag.py:545} INFO - Filling up the DagBag from /opt/airflow/dags/pythonoperator.py
[2024-06-26T14:14:08.146+0000] {processor.py:840} INFO - DAG(s) 'pythonoperator' retrieved from /opt/airflow/dags/pythonoperator.py
[2024-06-26T14:14:08.174+0000] {logging_mixin.py:188} INFO - [2024-06-26T14:14:08.174+0000] {dag.py:3096} INFO - Sync 1 DAGs
[2024-06-26T14:14:08.181+0000] {logging_mixin.py:188} INFO - [2024-06-26T14:14:08.181+0000] {dag.py:3954} INFO - Setting next_dagrun for pythonoperator to None, run_after=None
[2024-06-26T14:14:08.197+0000] {processor.py:183} INFO - Processing /opt/airflow/dags/pythonoperator.py took 0.079 seconds
[2024-06-26T14:14:14.075+0000] {processor.py:161} INFO - Started process (PID=278) to work on /opt/airflow/dags/pythonoperator.py
[2024-06-26T14:14:14.075+0000] {processor.py:830} INFO - Processing file /opt/airflow/dags/pythonoperator.py for tasks to queue
[2024-06-26T14:14:14.077+0000] {logging_mixin.py:188} INFO - [2024-06-26T14:14:14.076+0000] {dagbag.py:545} INFO - Filling up the DagBag from /opt/airflow/dags/pythonoperator.py
[2024-06-26T14:14:14.096+0000] {processor.py:840} INFO - DAG(s) 'pythonoperator' retrieved from /opt/airflow/dags/pythonoperator.py
[2024-06-26T14:14:14.122+0000] {logging_mixin.py:188} INFO - [2024-06-26T14:14:14.122+0000] {dag.py:3096} INFO - Sync 1 DAGs
[2024-06-26T14:14:14.129+0000] {logging_mixin.py:188} INFO - [2024-06-26T14:14:14.129+0000] {dag.py:3954} INFO - Setting next_dagrun for pythonoperator to None, run_after=None
[2024-06-26T14:14:14.140+0000] {processor.py:183} INFO - Processing /opt/airflow/dags/pythonoperator.py took 0.068 seconds
[2024-06-26T14:14:19.853+0000] {processor.py:161} INFO - Started process (PID=311) to work on /opt/airflow/dags/pythonoperator.py
[2024-06-26T14:14:19.854+0000] {processor.py:830} INFO - Processing file /opt/airflow/dags/pythonoperator.py for tasks to queue
[2024-06-26T14:14:19.855+0000] {logging_mixin.py:188} INFO - [2024-06-26T14:14:19.854+0000] {dagbag.py:545} INFO - Filling up the DagBag from /opt/airflow/dags/pythonoperator.py
[2024-06-26T14:14:19.873+0000] {processor.py:840} INFO - DAG(s) 'pythonoperator' retrieved from /opt/airflow/dags/pythonoperator.py
[2024-06-26T14:14:19.900+0000] {logging_mixin.py:188} INFO - [2024-06-26T14:14:19.900+0000] {dag.py:3096} INFO - Sync 1 DAGs
[2024-06-26T14:14:19.908+0000] {logging_mixin.py:188} INFO - [2024-06-26T14:14:19.908+0000] {dag.py:3954} INFO - Setting next_dagrun for pythonoperator to None, run_after=None
[2024-06-26T14:14:19.919+0000] {processor.py:183} INFO - Processing /opt/airflow/dags/pythonoperator.py took 0.069 seconds
[2024-06-26T14:14:25.613+0000] {processor.py:161} INFO - Started process (PID=338) to work on /opt/airflow/dags/pythonoperator.py
[2024-06-26T14:14:25.614+0000] {processor.py:830} INFO - Processing file /opt/airflow/dags/pythonoperator.py for tasks to queue
[2024-06-26T14:14:25.615+0000] {logging_mixin.py:188} INFO - [2024-06-26T14:14:25.615+0000] {dagbag.py:545} INFO - Filling up the DagBag from /opt/airflow/dags/pythonoperator.py
[2024-06-26T14:14:25.633+0000] {processor.py:840} INFO - DAG(s) 'pythonoperator' retrieved from /opt/airflow/dags/pythonoperator.py
[2024-06-26T14:14:25.659+0000] {logging_mixin.py:188} INFO - [2024-06-26T14:14:25.659+0000] {dag.py:3096} INFO - Sync 1 DAGs
[2024-06-26T14:14:25.665+0000] {logging_mixin.py:188} INFO - [2024-06-26T14:14:25.665+0000] {dag.py:3954} INFO - Setting next_dagrun for pythonoperator to None, run_after=None
[2024-06-26T14:14:25.675+0000] {processor.py:183} INFO - Processing /opt/airflow/dags/pythonoperator.py took 0.064 seconds
[2024-06-26T14:14:31.489+0000] {processor.py:161} INFO - Started process (PID=365) to work on /opt/airflow/dags/pythonoperator.py
[2024-06-26T14:14:31.489+0000] {processor.py:830} INFO - Processing file /opt/airflow/dags/pythonoperator.py for tasks to queue
[2024-06-26T14:14:31.490+0000] {logging_mixin.py:188} INFO - [2024-06-26T14:14:31.490+0000] {dagbag.py:545} INFO - Filling up the DagBag from /opt/airflow/dags/pythonoperator.py
[2024-06-26T14:14:31.509+0000] {processor.py:840} INFO - DAG(s) 'pythonoperator' retrieved from /opt/airflow/dags/pythonoperator.py
[2024-06-26T14:14:31.535+0000] {logging_mixin.py:188} INFO - [2024-06-26T14:14:31.534+0000] {dag.py:3096} INFO - Sync 1 DAGs
[2024-06-26T14:14:31.542+0000] {logging_mixin.py:188} INFO - [2024-06-26T14:14:31.542+0000] {dag.py:3954} INFO - Setting next_dagrun for pythonoperator to None, run_after=None
[2024-06-26T14:14:31.552+0000] {processor.py:183} INFO - Processing /opt/airflow/dags/pythonoperator.py took 0.066 seconds
[2024-06-26T14:14:37.287+0000] {processor.py:161} INFO - Started process (PID=392) to work on /opt/airflow/dags/pythonoperator.py
[2024-06-26T14:14:37.288+0000] {processor.py:830} INFO - Processing file /opt/airflow/dags/pythonoperator.py for tasks to queue
[2024-06-26T14:14:37.289+0000] {logging_mixin.py:188} INFO - [2024-06-26T14:14:37.288+0000] {dagbag.py:545} INFO - Filling up the DagBag from /opt/airflow/dags/pythonoperator.py
[2024-06-26T14:14:37.307+0000] {processor.py:840} INFO - DAG(s) 'pythonoperator' retrieved from /opt/airflow/dags/pythonoperator.py
[2024-06-26T14:14:37.337+0000] {logging_mixin.py:188} INFO - [2024-06-26T14:14:37.336+0000] {dag.py:3096} INFO - Sync 1 DAGs
[2024-06-26T14:14:37.344+0000] {logging_mixin.py:188} INFO - [2024-06-26T14:14:37.344+0000] {dag.py:3954} INFO - Setting next_dagrun for pythonoperator to None, run_after=None
[2024-06-26T14:14:37.355+0000] {processor.py:183} INFO - Processing /opt/airflow/dags/pythonoperator.py took 0.071 seconds
[2024-06-26T14:14:43.062+0000] {processor.py:161} INFO - Started process (PID=419) to work on /opt/airflow/dags/pythonoperator.py
[2024-06-26T14:14:43.062+0000] {processor.py:830} INFO - Processing file /opt/airflow/dags/pythonoperator.py for tasks to queue
[2024-06-26T14:14:43.063+0000] {logging_mixin.py:188} INFO - [2024-06-26T14:14:43.063+0000] {dagbag.py:545} INFO - Filling up the DagBag from /opt/airflow/dags/pythonoperator.py
[2024-06-26T14:14:43.082+0000] {processor.py:840} INFO - DAG(s) 'pythonoperator' retrieved from /opt/airflow/dags/pythonoperator.py
[2024-06-26T14:14:43.121+0000] {logging_mixin.py:188} INFO - [2024-06-26T14:14:43.121+0000] {dag.py:3096} INFO - Sync 1 DAGs
[2024-06-26T14:14:43.130+0000] {logging_mixin.py:188} INFO - [2024-06-26T14:14:43.130+0000] {dag.py:3954} INFO - Setting next_dagrun for pythonoperator to None, run_after=None
[2024-06-26T14:14:43.141+0000] {processor.py:183} INFO - Processing /opt/airflow/dags/pythonoperator.py took 0.082 seconds
[2024-06-26T14:14:48.797+0000] {processor.py:161} INFO - Started process (PID=452) to work on /opt/airflow/dags/pythonoperator.py
[2024-06-26T14:14:48.797+0000] {processor.py:830} INFO - Processing file /opt/airflow/dags/pythonoperator.py for tasks to queue
[2024-06-26T14:14:48.798+0000] {logging_mixin.py:188} INFO - [2024-06-26T14:14:48.798+0000] {dagbag.py:545} INFO - Filling up the DagBag from /opt/airflow/dags/pythonoperator.py
[2024-06-26T14:14:48.817+0000] {processor.py:840} INFO - DAG(s) 'pythonoperator' retrieved from /opt/airflow/dags/pythonoperator.py
[2024-06-26T14:14:48.843+0000] {logging_mixin.py:188} INFO - [2024-06-26T14:14:48.843+0000] {dag.py:3096} INFO - Sync 1 DAGs
[2024-06-26T14:14:48.850+0000] {logging_mixin.py:188} INFO - [2024-06-26T14:14:48.849+0000] {dag.py:3954} INFO - Setting next_dagrun for pythonoperator to None, run_after=None
[2024-06-26T14:14:48.860+0000] {processor.py:183} INFO - Processing /opt/airflow/dags/pythonoperator.py took 0.066 seconds
[2024-06-26T14:14:54.552+0000] {processor.py:161} INFO - Started process (PID=479) to work on /opt/airflow/dags/pythonoperator.py
[2024-06-26T14:14:54.553+0000] {processor.py:830} INFO - Processing file /opt/airflow/dags/pythonoperator.py for tasks to queue
[2024-06-26T14:14:54.554+0000] {logging_mixin.py:188} INFO - [2024-06-26T14:14:54.554+0000] {dagbag.py:545} INFO - Filling up the DagBag from /opt/airflow/dags/pythonoperator.py
[2024-06-26T14:14:54.572+0000] {processor.py:840} INFO - DAG(s) 'pythonoperator' retrieved from /opt/airflow/dags/pythonoperator.py
[2024-06-26T14:14:54.599+0000] {logging_mixin.py:188} INFO - [2024-06-26T14:14:54.599+0000] {dag.py:3096} INFO - Sync 1 DAGs
[2024-06-26T14:14:54.605+0000] {logging_mixin.py:188} INFO - [2024-06-26T14:14:54.605+0000] {dag.py:3954} INFO - Setting next_dagrun for pythonoperator to None, run_after=None
[2024-06-26T14:14:54.615+0000] {processor.py:183} INFO - Processing /opt/airflow/dags/pythonoperator.py took 0.066 seconds
[2024-06-26T14:15:00.365+0000] {processor.py:161} INFO - Started process (PID=506) to work on /opt/airflow/dags/pythonoperator.py
[2024-06-26T14:15:00.365+0000] {processor.py:830} INFO - Processing file /opt/airflow/dags/pythonoperator.py for tasks to queue
[2024-06-26T14:15:00.366+0000] {logging_mixin.py:188} INFO - [2024-06-26T14:15:00.366+0000] {dagbag.py:545} INFO - Filling up the DagBag from /opt/airflow/dags/pythonoperator.py
[2024-06-26T14:15:00.384+0000] {processor.py:840} INFO - DAG(s) 'pythonoperator' retrieved from /opt/airflow/dags/pythonoperator.py
[2024-06-26T14:15:00.411+0000] {logging_mixin.py:188} INFO - [2024-06-26T14:15:00.411+0000] {dag.py:3096} INFO - Sync 1 DAGs
[2024-06-26T14:15:00.418+0000] {logging_mixin.py:188} INFO - [2024-06-26T14:15:00.417+0000] {dag.py:3954} INFO - Setting next_dagrun for pythonoperator to None, run_after=None
[2024-06-26T14:15:00.428+0000] {processor.py:183} INFO - Processing /opt/airflow/dags/pythonoperator.py took 0.066 seconds
[2024-06-26T14:15:06.153+0000] {processor.py:161} INFO - Started process (PID=533) to work on /opt/airflow/dags/pythonoperator.py
[2024-06-26T14:15:06.153+0000] {processor.py:830} INFO - Processing file /opt/airflow/dags/pythonoperator.py for tasks to queue
[2024-06-26T14:15:06.154+0000] {logging_mixin.py:188} INFO - [2024-06-26T14:15:06.154+0000] {dagbag.py:545} INFO - Filling up the DagBag from /opt/airflow/dags/pythonoperator.py
[2024-06-26T14:15:06.172+0000] {processor.py:840} INFO - DAG(s) 'pythonoperator' retrieved from /opt/airflow/dags/pythonoperator.py
[2024-06-26T14:15:06.198+0000] {logging_mixin.py:188} INFO - [2024-06-26T14:15:06.198+0000] {dag.py:3096} INFO - Sync 1 DAGs
[2024-06-26T14:15:06.204+0000] {logging_mixin.py:188} INFO - [2024-06-26T14:15:06.204+0000] {dag.py:3954} INFO - Setting next_dagrun for pythonoperator to None, run_after=None
[2024-06-26T14:15:06.215+0000] {processor.py:183} INFO - Processing /opt/airflow/dags/pythonoperator.py took 0.065 seconds
[2024-06-26T14:15:11.986+0000] {processor.py:161} INFO - Started process (PID=560) to work on /opt/airflow/dags/pythonoperator.py
[2024-06-26T14:15:11.986+0000] {processor.py:830} INFO - Processing file /opt/airflow/dags/pythonoperator.py for tasks to queue
[2024-06-26T14:15:11.987+0000] {logging_mixin.py:188} INFO - [2024-06-26T14:15:11.987+0000] {dagbag.py:545} INFO - Filling up the DagBag from /opt/airflow/dags/pythonoperator.py
[2024-06-26T14:15:12.005+0000] {processor.py:840} INFO - DAG(s) 'pythonoperator' retrieved from /opt/airflow/dags/pythonoperator.py
[2024-06-26T14:15:12.032+0000] {logging_mixin.py:188} INFO - [2024-06-26T14:15:12.032+0000] {dag.py:3096} INFO - Sync 1 DAGs
[2024-06-26T14:15:12.040+0000] {logging_mixin.py:188} INFO - [2024-06-26T14:15:12.040+0000] {dag.py:3954} INFO - Setting next_dagrun for pythonoperator to None, run_after=None
[2024-06-26T14:15:12.051+0000] {processor.py:183} INFO - Processing /opt/airflow/dags/pythonoperator.py took 0.068 seconds
[2024-06-26T14:15:17.794+0000] {processor.py:161} INFO - Started process (PID=593) to work on /opt/airflow/dags/pythonoperator.py
[2024-06-26T14:15:17.794+0000] {processor.py:830} INFO - Processing file /opt/airflow/dags/pythonoperator.py for tasks to queue
[2024-06-26T14:15:17.795+0000] {logging_mixin.py:188} INFO - [2024-06-26T14:15:17.795+0000] {dagbag.py:545} INFO - Filling up the DagBag from /opt/airflow/dags/pythonoperator.py
[2024-06-26T14:15:17.813+0000] {processor.py:840} INFO - DAG(s) 'pythonoperator' retrieved from /opt/airflow/dags/pythonoperator.py
[2024-06-26T14:15:17.838+0000] {logging_mixin.py:188} INFO - [2024-06-26T14:15:17.838+0000] {dag.py:3096} INFO - Sync 1 DAGs
[2024-06-26T14:15:17.844+0000] {logging_mixin.py:188} INFO - [2024-06-26T14:15:17.844+0000] {dag.py:3954} INFO - Setting next_dagrun for pythonoperator to None, run_after=None
[2024-06-26T14:15:17.855+0000] {processor.py:183} INFO - Processing /opt/airflow/dags/pythonoperator.py took 0.064 seconds
[2024-06-26T14:15:23.582+0000] {processor.py:161} INFO - Started process (PID=620) to work on /opt/airflow/dags/pythonoperator.py
[2024-06-26T14:15:23.582+0000] {processor.py:830} INFO - Processing file /opt/airflow/dags/pythonoperator.py for tasks to queue
[2024-06-26T14:15:23.583+0000] {logging_mixin.py:188} INFO - [2024-06-26T14:15:23.583+0000] {dagbag.py:545} INFO - Filling up the DagBag from /opt/airflow/dags/pythonoperator.py
[2024-06-26T14:15:23.602+0000] {processor.py:840} INFO - DAG(s) 'pythonoperator' retrieved from /opt/airflow/dags/pythonoperator.py
[2024-06-26T14:15:23.629+0000] {logging_mixin.py:188} INFO - [2024-06-26T14:15:23.629+0000] {dag.py:3096} INFO - Sync 1 DAGs
[2024-06-26T14:15:23.636+0000] {logging_mixin.py:188} INFO - [2024-06-26T14:15:23.636+0000] {dag.py:3954} INFO - Setting next_dagrun for pythonoperator to None, run_after=None
[2024-06-26T14:15:23.647+0000] {processor.py:183} INFO - Processing /opt/airflow/dags/pythonoperator.py took 0.068 seconds
[2024-06-26T14:15:29.417+0000] {processor.py:161} INFO - Started process (PID=647) to work on /opt/airflow/dags/pythonoperator.py
[2024-06-26T14:15:29.417+0000] {processor.py:830} INFO - Processing file /opt/airflow/dags/pythonoperator.py for tasks to queue
[2024-06-26T14:15:29.418+0000] {logging_mixin.py:188} INFO - [2024-06-26T14:15:29.418+0000] {dagbag.py:545} INFO - Filling up the DagBag from /opt/airflow/dags/pythonoperator.py
[2024-06-26T14:15:29.437+0000] {processor.py:840} INFO - DAG(s) 'pythonoperator' retrieved from /opt/airflow/dags/pythonoperator.py
[2024-06-26T14:15:29.463+0000] {logging_mixin.py:188} INFO - [2024-06-26T14:15:29.463+0000] {dag.py:3096} INFO - Sync 1 DAGs
[2024-06-26T14:15:29.470+0000] {logging_mixin.py:188} INFO - [2024-06-26T14:15:29.470+0000] {dag.py:3954} INFO - Setting next_dagrun for pythonoperator to None, run_after=None
[2024-06-26T14:15:29.480+0000] {processor.py:183} INFO - Processing /opt/airflow/dags/pythonoperator.py took 0.067 seconds
[2024-06-26T14:15:35.228+0000] {processor.py:161} INFO - Started process (PID=674) to work on /opt/airflow/dags/pythonoperator.py
[2024-06-26T14:15:35.229+0000] {processor.py:830} INFO - Processing file /opt/airflow/dags/pythonoperator.py for tasks to queue
[2024-06-26T14:15:35.230+0000] {logging_mixin.py:188} INFO - [2024-06-26T14:15:35.229+0000] {dagbag.py:545} INFO - Filling up the DagBag from /opt/airflow/dags/pythonoperator.py
[2024-06-26T14:15:35.249+0000] {processor.py:840} INFO - DAG(s) 'pythonoperator' retrieved from /opt/airflow/dags/pythonoperator.py
[2024-06-26T14:15:35.275+0000] {logging_mixin.py:188} INFO - [2024-06-26T14:15:35.275+0000] {dag.py:3096} INFO - Sync 1 DAGs
[2024-06-26T14:15:35.281+0000] {logging_mixin.py:188} INFO - [2024-06-26T14:15:35.281+0000] {dag.py:3954} INFO - Setting next_dagrun for pythonoperator to None, run_after=None
[2024-06-26T14:15:35.292+0000] {processor.py:183} INFO - Processing /opt/airflow/dags/pythonoperator.py took 0.066 seconds
[2024-06-26T14:15:41.114+0000] {processor.py:161} INFO - Started process (PID=701) to work on /opt/airflow/dags/pythonoperator.py
[2024-06-26T14:15:41.115+0000] {processor.py:830} INFO - Processing file /opt/airflow/dags/pythonoperator.py for tasks to queue
[2024-06-26T14:15:41.116+0000] {logging_mixin.py:188} INFO - [2024-06-26T14:15:41.115+0000] {dagbag.py:545} INFO - Filling up the DagBag from /opt/airflow/dags/pythonoperator.py
[2024-06-26T14:15:41.135+0000] {processor.py:840} INFO - DAG(s) 'pythonoperator' retrieved from /opt/airflow/dags/pythonoperator.py
[2024-06-26T14:15:41.162+0000] {logging_mixin.py:188} INFO - [2024-06-26T14:15:41.162+0000] {dag.py:3096} INFO - Sync 1 DAGs
[2024-06-26T14:15:41.169+0000] {logging_mixin.py:188} INFO - [2024-06-26T14:15:41.169+0000] {dag.py:3954} INFO - Setting next_dagrun for pythonoperator to None, run_after=None
[2024-06-26T14:15:41.180+0000] {processor.py:183} INFO - Processing /opt/airflow/dags/pythonoperator.py took 0.069 seconds
[2024-06-26T14:15:46.889+0000] {processor.py:161} INFO - Started process (PID=728) to work on /opt/airflow/dags/pythonoperator.py
[2024-06-26T14:15:46.890+0000] {processor.py:830} INFO - Processing file /opt/airflow/dags/pythonoperator.py for tasks to queue
[2024-06-26T14:15:46.891+0000] {logging_mixin.py:188} INFO - [2024-06-26T14:15:46.891+0000] {dagbag.py:545} INFO - Filling up the DagBag from /opt/airflow/dags/pythonoperator.py
[2024-06-26T14:15:46.909+0000] {processor.py:840} INFO - DAG(s) 'pythonoperator' retrieved from /opt/airflow/dags/pythonoperator.py
[2024-06-26T14:15:46.935+0000] {logging_mixin.py:188} INFO - [2024-06-26T14:15:46.935+0000] {dag.py:3096} INFO - Sync 1 DAGs
[2024-06-26T14:15:46.942+0000] {logging_mixin.py:188} INFO - [2024-06-26T14:15:46.942+0000] {dag.py:3954} INFO - Setting next_dagrun for pythonoperator to None, run_after=None
[2024-06-26T14:15:46.952+0000] {processor.py:183} INFO - Processing /opt/airflow/dags/pythonoperator.py took 0.065 seconds
[2024-06-26T14:15:52.699+0000] {processor.py:161} INFO - Started process (PID=761) to work on /opt/airflow/dags/pythonoperator.py
[2024-06-26T14:15:52.699+0000] {processor.py:830} INFO - Processing file /opt/airflow/dags/pythonoperator.py for tasks to queue
[2024-06-26T14:15:52.700+0000] {logging_mixin.py:188} INFO - [2024-06-26T14:15:52.700+0000] {dagbag.py:545} INFO - Filling up the DagBag from /opt/airflow/dags/pythonoperator.py
[2024-06-26T14:15:52.721+0000] {processor.py:840} INFO - DAG(s) 'pythonoperator' retrieved from /opt/airflow/dags/pythonoperator.py
[2024-06-26T14:15:52.759+0000] {logging_mixin.py:188} INFO - [2024-06-26T14:15:52.758+0000] {dag.py:3096} INFO - Sync 1 DAGs
[2024-06-26T14:15:52.766+0000] {logging_mixin.py:188} INFO - [2024-06-26T14:15:52.766+0000] {dag.py:3954} INFO - Setting next_dagrun for pythonoperator to None, run_after=None
[2024-06-26T14:15:52.777+0000] {processor.py:183} INFO - Processing /opt/airflow/dags/pythonoperator.py took 0.081 seconds
[2024-06-26T14:15:58.595+0000] {processor.py:161} INFO - Started process (PID=788) to work on /opt/airflow/dags/pythonoperator.py
[2024-06-26T14:15:58.595+0000] {processor.py:830} INFO - Processing file /opt/airflow/dags/pythonoperator.py for tasks to queue
[2024-06-26T14:15:58.596+0000] {logging_mixin.py:188} INFO - [2024-06-26T14:15:58.596+0000] {dagbag.py:545} INFO - Filling up the DagBag from /opt/airflow/dags/pythonoperator.py
[2024-06-26T14:15:58.615+0000] {processor.py:840} INFO - DAG(s) 'pythonoperator' retrieved from /opt/airflow/dags/pythonoperator.py
[2024-06-26T14:15:58.642+0000] {logging_mixin.py:188} INFO - [2024-06-26T14:15:58.641+0000] {dag.py:3096} INFO - Sync 1 DAGs
[2024-06-26T14:15:58.649+0000] {logging_mixin.py:188} INFO - [2024-06-26T14:15:58.648+0000] {dag.py:3954} INFO - Setting next_dagrun for pythonoperator to None, run_after=None
[2024-06-26T14:15:58.659+0000] {processor.py:183} INFO - Processing /opt/airflow/dags/pythonoperator.py took 0.067 seconds
[2024-06-26T14:16:04.357+0000] {processor.py:161} INFO - Started process (PID=815) to work on /opt/airflow/dags/pythonoperator.py
[2024-06-26T14:16:04.357+0000] {processor.py:830} INFO - Processing file /opt/airflow/dags/pythonoperator.py for tasks to queue
[2024-06-26T14:16:04.358+0000] {logging_mixin.py:188} INFO - [2024-06-26T14:16:04.358+0000] {dagbag.py:545} INFO - Filling up the DagBag from /opt/airflow/dags/pythonoperator.py
[2024-06-26T14:16:04.376+0000] {processor.py:840} INFO - DAG(s) 'pythonoperator' retrieved from /opt/airflow/dags/pythonoperator.py
[2024-06-26T14:16:04.403+0000] {logging_mixin.py:188} INFO - [2024-06-26T14:16:04.403+0000] {dag.py:3096} INFO - Sync 1 DAGs
[2024-06-26T14:16:04.410+0000] {logging_mixin.py:188} INFO - [2024-06-26T14:16:04.409+0000] {dag.py:3954} INFO - Setting next_dagrun for pythonoperator to None, run_after=None
[2024-06-26T14:16:04.420+0000] {processor.py:183} INFO - Processing /opt/airflow/dags/pythonoperator.py took 0.066 seconds
[2024-06-26T14:16:10.148+0000] {processor.py:161} INFO - Started process (PID=842) to work on /opt/airflow/dags/pythonoperator.py
[2024-06-26T14:16:10.148+0000] {processor.py:830} INFO - Processing file /opt/airflow/dags/pythonoperator.py for tasks to queue
[2024-06-26T14:16:10.149+0000] {logging_mixin.py:188} INFO - [2024-06-26T14:16:10.149+0000] {dagbag.py:545} INFO - Filling up the DagBag from /opt/airflow/dags/pythonoperator.py
[2024-06-26T14:16:10.168+0000] {processor.py:840} INFO - DAG(s) 'pythonoperator' retrieved from /opt/airflow/dags/pythonoperator.py
[2024-06-26T14:16:10.194+0000] {logging_mixin.py:188} INFO - [2024-06-26T14:16:10.194+0000] {dag.py:3096} INFO - Sync 1 DAGs
[2024-06-26T14:16:10.200+0000] {logging_mixin.py:188} INFO - [2024-06-26T14:16:10.200+0000] {dag.py:3954} INFO - Setting next_dagrun for pythonoperator to None, run_after=None
[2024-06-26T14:16:10.210+0000] {processor.py:183} INFO - Processing /opt/airflow/dags/pythonoperator.py took 0.065 seconds
[2024-06-26T14:16:16.005+0000] {processor.py:161} INFO - Started process (PID=869) to work on /opt/airflow/dags/pythonoperator.py
[2024-06-26T14:16:16.006+0000] {processor.py:830} INFO - Processing file /opt/airflow/dags/pythonoperator.py for tasks to queue
[2024-06-26T14:16:16.007+0000] {logging_mixin.py:188} INFO - [2024-06-26T14:16:16.007+0000] {dagbag.py:545} INFO - Filling up the DagBag from /opt/airflow/dags/pythonoperator.py
[2024-06-26T14:16:16.027+0000] {processor.py:840} INFO - DAG(s) 'pythonoperator' retrieved from /opt/airflow/dags/pythonoperator.py
[2024-06-26T14:16:16.055+0000] {logging_mixin.py:188} INFO - [2024-06-26T14:16:16.054+0000] {dag.py:3096} INFO - Sync 1 DAGs
[2024-06-26T14:16:16.062+0000] {logging_mixin.py:188} INFO - [2024-06-26T14:16:16.062+0000] {dag.py:3954} INFO - Setting next_dagrun for pythonoperator to None, run_after=None
[2024-06-26T14:16:16.071+0000] {processor.py:183} INFO - Processing /opt/airflow/dags/pythonoperator.py took 0.069 seconds
[2024-06-26T14:16:21.776+0000] {processor.py:161} INFO - Started process (PID=902) to work on /opt/airflow/dags/pythonoperator.py
[2024-06-26T14:16:21.776+0000] {processor.py:830} INFO - Processing file /opt/airflow/dags/pythonoperator.py for tasks to queue
[2024-06-26T14:16:21.777+0000] {logging_mixin.py:188} INFO - [2024-06-26T14:16:21.777+0000] {dagbag.py:545} INFO - Filling up the DagBag from /opt/airflow/dags/pythonoperator.py
[2024-06-26T14:16:21.796+0000] {processor.py:840} INFO - DAG(s) 'pythonoperator' retrieved from /opt/airflow/dags/pythonoperator.py
[2024-06-26T14:16:21.822+0000] {logging_mixin.py:188} INFO - [2024-06-26T14:16:21.822+0000] {dag.py:3096} INFO - Sync 1 DAGs
[2024-06-26T14:16:21.829+0000] {logging_mixin.py:188} INFO - [2024-06-26T14:16:21.828+0000] {dag.py:3954} INFO - Setting next_dagrun for pythonoperator to None, run_after=None
[2024-06-26T14:16:21.839+0000] {processor.py:183} INFO - Processing /opt/airflow/dags/pythonoperator.py took 0.067 seconds
[2024-06-26T14:16:27.595+0000] {processor.py:161} INFO - Started process (PID=929) to work on /opt/airflow/dags/pythonoperator.py
[2024-06-26T14:16:27.595+0000] {processor.py:830} INFO - Processing file /opt/airflow/dags/pythonoperator.py for tasks to queue
[2024-06-26T14:16:27.596+0000] {logging_mixin.py:188} INFO - [2024-06-26T14:16:27.596+0000] {dagbag.py:545} INFO - Filling up the DagBag from /opt/airflow/dags/pythonoperator.py
[2024-06-26T14:16:27.614+0000] {processor.py:840} INFO - DAG(s) 'pythonoperator' retrieved from /opt/airflow/dags/pythonoperator.py
[2024-06-26T14:16:27.641+0000] {logging_mixin.py:188} INFO - [2024-06-26T14:16:27.641+0000] {dag.py:3096} INFO - Sync 1 DAGs
[2024-06-26T14:16:27.649+0000] {logging_mixin.py:188} INFO - [2024-06-26T14:16:27.649+0000] {dag.py:3954} INFO - Setting next_dagrun for pythonoperator to None, run_after=None
[2024-06-26T14:16:27.659+0000] {processor.py:183} INFO - Processing /opt/airflow/dags/pythonoperator.py took 0.067 seconds
[2024-06-26T14:16:33.386+0000] {processor.py:161} INFO - Started process (PID=956) to work on /opt/airflow/dags/pythonoperator.py
[2024-06-26T14:16:33.386+0000] {processor.py:830} INFO - Processing file /opt/airflow/dags/pythonoperator.py for tasks to queue
[2024-06-26T14:16:33.387+0000] {logging_mixin.py:188} INFO - [2024-06-26T14:16:33.387+0000] {dagbag.py:545} INFO - Filling up the DagBag from /opt/airflow/dags/pythonoperator.py
[2024-06-26T14:16:33.405+0000] {processor.py:840} INFO - DAG(s) 'pythonoperator' retrieved from /opt/airflow/dags/pythonoperator.py
[2024-06-26T14:16:33.433+0000] {logging_mixin.py:188} INFO - [2024-06-26T14:16:33.433+0000] {dag.py:3096} INFO - Sync 1 DAGs
[2024-06-26T14:16:33.439+0000] {logging_mixin.py:188} INFO - [2024-06-26T14:16:33.439+0000] {dag.py:3954} INFO - Setting next_dagrun for pythonoperator to None, run_after=None
[2024-06-26T14:16:33.449+0000] {processor.py:183} INFO - Processing /opt/airflow/dags/pythonoperator.py took 0.066 seconds
[2024-06-26T14:16:39.173+0000] {processor.py:161} INFO - Started process (PID=983) to work on /opt/airflow/dags/pythonoperator.py
[2024-06-26T14:16:39.173+0000] {processor.py:830} INFO - Processing file /opt/airflow/dags/pythonoperator.py for tasks to queue
[2024-06-26T14:16:39.174+0000] {logging_mixin.py:188} INFO - [2024-06-26T14:16:39.174+0000] {dagbag.py:545} INFO - Filling up the DagBag from /opt/airflow/dags/pythonoperator.py
[2024-06-26T14:16:39.192+0000] {processor.py:840} INFO - DAG(s) 'pythonoperator' retrieved from /opt/airflow/dags/pythonoperator.py
[2024-06-26T14:16:39.216+0000] {logging_mixin.py:188} INFO - [2024-06-26T14:16:39.216+0000] {dag.py:3096} INFO - Sync 1 DAGs
[2024-06-26T14:16:39.223+0000] {logging_mixin.py:188} INFO - [2024-06-26T14:16:39.223+0000] {dag.py:3954} INFO - Setting next_dagrun for pythonoperator to None, run_after=None
[2024-06-26T14:16:39.233+0000] {processor.py:183} INFO - Processing /opt/airflow/dags/pythonoperator.py took 0.063 seconds
[2024-06-26T14:16:44.963+0000] {processor.py:161} INFO - Started process (PID=1010) to work on /opt/airflow/dags/pythonoperator.py
[2024-06-26T14:16:44.964+0000] {processor.py:830} INFO - Processing file /opt/airflow/dags/pythonoperator.py for tasks to queue
[2024-06-26T14:16:44.965+0000] {logging_mixin.py:188} INFO - [2024-06-26T14:16:44.965+0000] {dagbag.py:545} INFO - Filling up the DagBag from /opt/airflow/dags/pythonoperator.py
[2024-06-26T14:16:44.984+0000] {processor.py:840} INFO - DAG(s) 'pythonoperator' retrieved from /opt/airflow/dags/pythonoperator.py
[2024-06-26T14:16:45.010+0000] {logging_mixin.py:188} INFO - [2024-06-26T14:16:45.010+0000] {dag.py:3096} INFO - Sync 1 DAGs
[2024-06-26T14:16:45.017+0000] {logging_mixin.py:188} INFO - [2024-06-26T14:16:45.017+0000] {dag.py:3954} INFO - Setting next_dagrun for pythonoperator to None, run_after=None
[2024-06-26T14:16:45.027+0000] {processor.py:183} INFO - Processing /opt/airflow/dags/pythonoperator.py took 0.067 seconds
[2024-06-26T14:16:50.795+0000] {processor.py:161} INFO - Started process (PID=1043) to work on /opt/airflow/dags/pythonoperator.py
[2024-06-26T14:16:50.796+0000] {processor.py:830} INFO - Processing file /opt/airflow/dags/pythonoperator.py for tasks to queue
[2024-06-26T14:16:50.797+0000] {logging_mixin.py:188} INFO - [2024-06-26T14:16:50.796+0000] {dagbag.py:545} INFO - Filling up the DagBag from /opt/airflow/dags/pythonoperator.py
[2024-06-26T14:16:50.815+0000] {processor.py:840} INFO - DAG(s) 'pythonoperator' retrieved from /opt/airflow/dags/pythonoperator.py
[2024-06-26T14:16:50.839+0000] {logging_mixin.py:188} INFO - [2024-06-26T14:16:50.839+0000] {dag.py:3096} INFO - Sync 1 DAGs
[2024-06-26T14:16:50.846+0000] {logging_mixin.py:188} INFO - [2024-06-26T14:16:50.846+0000] {dag.py:3954} INFO - Setting next_dagrun for pythonoperator to None, run_after=None
[2024-06-26T14:16:50.856+0000] {processor.py:183} INFO - Processing /opt/airflow/dags/pythonoperator.py took 0.064 seconds
[2024-06-26T14:16:56.668+0000] {processor.py:161} INFO - Started process (PID=1070) to work on /opt/airflow/dags/pythonoperator.py
[2024-06-26T14:16:56.668+0000] {processor.py:830} INFO - Processing file /opt/airflow/dags/pythonoperator.py for tasks to queue
[2024-06-26T14:16:56.669+0000] {logging_mixin.py:188} INFO - [2024-06-26T14:16:56.669+0000] {dagbag.py:545} INFO - Filling up the DagBag from /opt/airflow/dags/pythonoperator.py
[2024-06-26T14:16:56.688+0000] {processor.py:840} INFO - DAG(s) 'pythonoperator' retrieved from /opt/airflow/dags/pythonoperator.py
[2024-06-26T14:16:56.713+0000] {logging_mixin.py:188} INFO - [2024-06-26T14:16:56.713+0000] {dag.py:3096} INFO - Sync 1 DAGs
[2024-06-26T14:16:56.720+0000] {logging_mixin.py:188} INFO - [2024-06-26T14:16:56.719+0000] {dag.py:3954} INFO - Setting next_dagrun for pythonoperator to None, run_after=None
[2024-06-26T14:16:56.770+0000] {processor.py:183} INFO - Processing /opt/airflow/dags/pythonoperator.py took 0.105 seconds
[2024-06-26T14:17:02.445+0000] {processor.py:161} INFO - Started process (PID=1097) to work on /opt/airflow/dags/pythonoperator.py
[2024-06-26T14:17:02.446+0000] {processor.py:830} INFO - Processing file /opt/airflow/dags/pythonoperator.py for tasks to queue
[2024-06-26T14:17:02.447+0000] {logging_mixin.py:188} INFO - [2024-06-26T14:17:02.447+0000] {dagbag.py:545} INFO - Filling up the DagBag from /opt/airflow/dags/pythonoperator.py
[2024-06-26T14:17:02.465+0000] {processor.py:840} INFO - DAG(s) 'pythonoperator' retrieved from /opt/airflow/dags/pythonoperator.py
[2024-06-26T14:17:02.492+0000] {logging_mixin.py:188} INFO - [2024-06-26T14:17:02.492+0000] {dag.py:3096} INFO - Sync 1 DAGs
[2024-06-26T14:17:02.499+0000] {logging_mixin.py:188} INFO - [2024-06-26T14:17:02.499+0000] {dag.py:3954} INFO - Setting next_dagrun for pythonoperator to None, run_after=None
[2024-06-26T14:17:02.510+0000] {processor.py:183} INFO - Processing /opt/airflow/dags/pythonoperator.py took 0.067 seconds
[2024-06-26T14:17:08.165+0000] {processor.py:161} INFO - Started process (PID=1124) to work on /opt/airflow/dags/pythonoperator.py
[2024-06-26T14:17:08.166+0000] {processor.py:830} INFO - Processing file /opt/airflow/dags/pythonoperator.py for tasks to queue
[2024-06-26T14:17:08.167+0000] {logging_mixin.py:188} INFO - [2024-06-26T14:17:08.166+0000] {dagbag.py:545} INFO - Filling up the DagBag from /opt/airflow/dags/pythonoperator.py
[2024-06-26T14:17:08.184+0000] {processor.py:840} INFO - DAG(s) 'pythonoperator' retrieved from /opt/airflow/dags/pythonoperator.py
[2024-06-26T14:17:08.209+0000] {logging_mixin.py:188} INFO - [2024-06-26T14:17:08.209+0000] {dag.py:3096} INFO - Sync 1 DAGs
[2024-06-26T14:17:08.216+0000] {logging_mixin.py:188} INFO - [2024-06-26T14:17:08.215+0000] {dag.py:3954} INFO - Setting next_dagrun for pythonoperator to None, run_after=None
[2024-06-26T14:17:08.226+0000] {processor.py:183} INFO - Processing /opt/airflow/dags/pythonoperator.py took 0.064 seconds
[2024-06-26T14:17:13.991+0000] {processor.py:161} INFO - Started process (PID=1151) to work on /opt/airflow/dags/pythonoperator.py
[2024-06-26T14:17:13.991+0000] {processor.py:830} INFO - Processing file /opt/airflow/dags/pythonoperator.py for tasks to queue
[2024-06-26T14:17:13.992+0000] {logging_mixin.py:188} INFO - [2024-06-26T14:17:13.992+0000] {dagbag.py:545} INFO - Filling up the DagBag from /opt/airflow/dags/pythonoperator.py
[2024-06-26T14:17:14.010+0000] {processor.py:840} INFO - DAG(s) 'pythonoperator' retrieved from /opt/airflow/dags/pythonoperator.py
[2024-06-26T14:17:14.035+0000] {logging_mixin.py:188} INFO - [2024-06-26T14:17:14.035+0000] {dag.py:3096} INFO - Sync 1 DAGs
[2024-06-26T14:17:14.043+0000] {logging_mixin.py:188} INFO - [2024-06-26T14:17:14.042+0000] {dag.py:3954} INFO - Setting next_dagrun for pythonoperator to None, run_after=None
[2024-06-26T14:17:14.052+0000] {processor.py:183} INFO - Processing /opt/airflow/dags/pythonoperator.py took 0.065 seconds
[2024-06-26T14:17:19.776+0000] {processor.py:161} INFO - Started process (PID=1184) to work on /opt/airflow/dags/pythonoperator.py
[2024-06-26T14:17:19.777+0000] {processor.py:830} INFO - Processing file /opt/airflow/dags/pythonoperator.py for tasks to queue
[2024-06-26T14:17:19.778+0000] {logging_mixin.py:188} INFO - [2024-06-26T14:17:19.778+0000] {dagbag.py:545} INFO - Filling up the DagBag from /opt/airflow/dags/pythonoperator.py
[2024-06-26T14:17:19.796+0000] {processor.py:840} INFO - DAG(s) 'pythonoperator' retrieved from /opt/airflow/dags/pythonoperator.py
[2024-06-26T14:17:19.822+0000] {logging_mixin.py:188} INFO - [2024-06-26T14:17:19.822+0000] {dag.py:3096} INFO - Sync 1 DAGs
[2024-06-26T14:17:19.829+0000] {logging_mixin.py:188} INFO - [2024-06-26T14:17:19.829+0000] {dag.py:3954} INFO - Setting next_dagrun for pythonoperator to None, run_after=None
[2024-06-26T14:17:19.838+0000] {processor.py:183} INFO - Processing /opt/airflow/dags/pythonoperator.py took 0.065 seconds
[2024-06-26T14:17:25.512+0000] {processor.py:161} INFO - Started process (PID=1211) to work on /opt/airflow/dags/pythonoperator.py
[2024-06-26T14:17:25.512+0000] {processor.py:830} INFO - Processing file /opt/airflow/dags/pythonoperator.py for tasks to queue
[2024-06-26T14:17:25.513+0000] {logging_mixin.py:188} INFO - [2024-06-26T14:17:25.513+0000] {dagbag.py:545} INFO - Filling up the DagBag from /opt/airflow/dags/pythonoperator.py
[2024-06-26T14:17:25.531+0000] {processor.py:840} INFO - DAG(s) 'pythonoperator' retrieved from /opt/airflow/dags/pythonoperator.py
[2024-06-26T14:17:25.555+0000] {logging_mixin.py:188} INFO - [2024-06-26T14:17:25.555+0000] {dag.py:3096} INFO - Sync 1 DAGs
[2024-06-26T14:17:25.562+0000] {logging_mixin.py:188} INFO - [2024-06-26T14:17:25.561+0000] {dag.py:3954} INFO - Setting next_dagrun for pythonoperator to None, run_after=None
[2024-06-26T14:17:25.571+0000] {processor.py:183} INFO - Processing /opt/airflow/dags/pythonoperator.py took 0.062 seconds
[2024-06-26T14:17:31.218+0000] {processor.py:161} INFO - Started process (PID=1238) to work on /opt/airflow/dags/pythonoperator.py
[2024-06-26T14:17:31.218+0000] {processor.py:830} INFO - Processing file /opt/airflow/dags/pythonoperator.py for tasks to queue
[2024-06-26T14:17:31.219+0000] {logging_mixin.py:188} INFO - [2024-06-26T14:17:31.219+0000] {dagbag.py:545} INFO - Filling up the DagBag from /opt/airflow/dags/pythonoperator.py
[2024-06-26T14:17:31.237+0000] {processor.py:840} INFO - DAG(s) 'pythonoperator' retrieved from /opt/airflow/dags/pythonoperator.py
[2024-06-26T14:17:31.262+0000] {logging_mixin.py:188} INFO - [2024-06-26T14:17:31.262+0000] {dag.py:3096} INFO - Sync 1 DAGs
[2024-06-26T14:17:31.269+0000] {logging_mixin.py:188} INFO - [2024-06-26T14:17:31.269+0000] {dag.py:3954} INFO - Setting next_dagrun for pythonoperator to None, run_after=None
[2024-06-26T14:17:31.279+0000] {processor.py:183} INFO - Processing /opt/airflow/dags/pythonoperator.py took 0.064 seconds
[2024-06-26T14:17:36.976+0000] {processor.py:161} INFO - Started process (PID=1265) to work on /opt/airflow/dags/pythonoperator.py
[2024-06-26T14:17:36.977+0000] {processor.py:830} INFO - Processing file /opt/airflow/dags/pythonoperator.py for tasks to queue
[2024-06-26T14:17:36.978+0000] {logging_mixin.py:188} INFO - [2024-06-26T14:17:36.978+0000] {dagbag.py:545} INFO - Filling up the DagBag from /opt/airflow/dags/pythonoperator.py
[2024-06-26T14:17:36.995+0000] {processor.py:840} INFO - DAG(s) 'pythonoperator' retrieved from /opt/airflow/dags/pythonoperator.py
[2024-06-26T14:17:37.020+0000] {logging_mixin.py:188} INFO - [2024-06-26T14:17:37.020+0000] {dag.py:3096} INFO - Sync 1 DAGs
[2024-06-26T14:17:37.028+0000] {logging_mixin.py:188} INFO - [2024-06-26T14:17:37.027+0000] {dag.py:3954} INFO - Setting next_dagrun for pythonoperator to None, run_after=None
[2024-06-26T14:17:37.037+0000] {processor.py:183} INFO - Processing /opt/airflow/dags/pythonoperator.py took 0.064 seconds
[2024-06-26T14:17:42.720+0000] {processor.py:161} INFO - Started process (PID=1292) to work on /opt/airflow/dags/pythonoperator.py
[2024-06-26T14:17:42.720+0000] {processor.py:830} INFO - Processing file /opt/airflow/dags/pythonoperator.py for tasks to queue
[2024-06-26T14:17:42.721+0000] {logging_mixin.py:188} INFO - [2024-06-26T14:17:42.721+0000] {dagbag.py:545} INFO - Filling up the DagBag from /opt/airflow/dags/pythonoperator.py
[2024-06-26T14:17:42.738+0000] {processor.py:840} INFO - DAG(s) 'pythonoperator' retrieved from /opt/airflow/dags/pythonoperator.py
[2024-06-26T14:17:42.765+0000] {logging_mixin.py:188} INFO - [2024-06-26T14:17:42.765+0000] {dag.py:3096} INFO - Sync 1 DAGs
[2024-06-26T14:17:42.772+0000] {logging_mixin.py:188} INFO - [2024-06-26T14:17:42.772+0000] {dag.py:3954} INFO - Setting next_dagrun for pythonoperator to None, run_after=None
[2024-06-26T14:17:42.781+0000] {processor.py:183} INFO - Processing /opt/airflow/dags/pythonoperator.py took 0.064 seconds
[2024-06-26T14:17:48.534+0000] {processor.py:161} INFO - Started process (PID=1325) to work on /opt/airflow/dags/pythonoperator.py
[2024-06-26T14:17:48.535+0000] {processor.py:830} INFO - Processing file /opt/airflow/dags/pythonoperator.py for tasks to queue
[2024-06-26T14:17:48.536+0000] {logging_mixin.py:188} INFO - [2024-06-26T14:17:48.536+0000] {dagbag.py:545} INFO - Filling up the DagBag from /opt/airflow/dags/pythonoperator.py
[2024-06-26T14:17:48.553+0000] {processor.py:840} INFO - DAG(s) 'pythonoperator' retrieved from /opt/airflow/dags/pythonoperator.py
[2024-06-26T14:17:48.578+0000] {logging_mixin.py:188} INFO - [2024-06-26T14:17:48.578+0000] {dag.py:3096} INFO - Sync 1 DAGs
[2024-06-26T14:17:48.585+0000] {logging_mixin.py:188} INFO - [2024-06-26T14:17:48.585+0000] {dag.py:3954} INFO - Setting next_dagrun for pythonoperator to None, run_after=None
[2024-06-26T14:17:48.595+0000] {processor.py:183} INFO - Processing /opt/airflow/dags/pythonoperator.py took 0.063 seconds
[2024-06-26T14:17:54.306+0000] {processor.py:161} INFO - Started process (PID=1352) to work on /opt/airflow/dags/pythonoperator.py
[2024-06-26T14:17:54.307+0000] {processor.py:830} INFO - Processing file /opt/airflow/dags/pythonoperator.py for tasks to queue
[2024-06-26T14:17:54.307+0000] {logging_mixin.py:188} INFO - [2024-06-26T14:17:54.307+0000] {dagbag.py:545} INFO - Filling up the DagBag from /opt/airflow/dags/pythonoperator.py
[2024-06-26T14:17:54.325+0000] {processor.py:840} INFO - DAG(s) 'pythonoperator' retrieved from /opt/airflow/dags/pythonoperator.py
[2024-06-26T14:17:54.351+0000] {logging_mixin.py:188} INFO - [2024-06-26T14:17:54.351+0000] {dag.py:3096} INFO - Sync 1 DAGs
[2024-06-26T14:17:54.358+0000] {logging_mixin.py:188} INFO - [2024-06-26T14:17:54.358+0000] {dag.py:3954} INFO - Setting next_dagrun for pythonoperator to None, run_after=None
[2024-06-26T14:17:54.368+0000] {processor.py:183} INFO - Processing /opt/airflow/dags/pythonoperator.py took 0.065 seconds
[2024-06-26T14:18:00.026+0000] {processor.py:161} INFO - Started process (PID=1379) to work on /opt/airflow/dags/pythonoperator.py
[2024-06-26T14:18:00.026+0000] {processor.py:830} INFO - Processing file /opt/airflow/dags/pythonoperator.py for tasks to queue
[2024-06-26T14:18:00.027+0000] {logging_mixin.py:188} INFO - [2024-06-26T14:18:00.027+0000] {dagbag.py:545} INFO - Filling up the DagBag from /opt/airflow/dags/pythonoperator.py
[2024-06-26T14:18:00.045+0000] {processor.py:840} INFO - DAG(s) 'pythonoperator' retrieved from /opt/airflow/dags/pythonoperator.py
[2024-06-26T14:18:00.072+0000] {logging_mixin.py:188} INFO - [2024-06-26T14:18:00.072+0000] {dag.py:3096} INFO - Sync 1 DAGs
[2024-06-26T14:18:00.078+0000] {logging_mixin.py:188} INFO - [2024-06-26T14:18:00.078+0000] {dag.py:3954} INFO - Setting next_dagrun for pythonoperator to None, run_after=None
[2024-06-26T14:18:00.089+0000] {processor.py:183} INFO - Processing /opt/airflow/dags/pythonoperator.py took 0.066 seconds
[2024-06-26T14:18:05.769+0000] {processor.py:161} INFO - Started process (PID=1406) to work on /opt/airflow/dags/pythonoperator.py
[2024-06-26T14:18:05.769+0000] {processor.py:830} INFO - Processing file /opt/airflow/dags/pythonoperator.py for tasks to queue
[2024-06-26T14:18:05.770+0000] {logging_mixin.py:188} INFO - [2024-06-26T14:18:05.770+0000] {dagbag.py:545} INFO - Filling up the DagBag from /opt/airflow/dags/pythonoperator.py
[2024-06-26T14:18:05.788+0000] {processor.py:840} INFO - DAG(s) 'pythonoperator' retrieved from /opt/airflow/dags/pythonoperator.py
[2024-06-26T14:18:05.813+0000] {logging_mixin.py:188} INFO - [2024-06-26T14:18:05.813+0000] {dag.py:3096} INFO - Sync 1 DAGs
[2024-06-26T14:18:05.819+0000] {logging_mixin.py:188} INFO - [2024-06-26T14:18:05.819+0000] {dag.py:3954} INFO - Setting next_dagrun for pythonoperator to None, run_after=None
[2024-06-26T14:18:05.829+0000] {processor.py:183} INFO - Processing /opt/airflow/dags/pythonoperator.py took 0.064 seconds
