[2024-06-26T14:13:28.860+0000] {processor.py:161} INFO - Started process (PID=39) to work on /opt/airflow/dags/sensors.py
[2024-06-26T14:13:28.861+0000] {processor.py:830} INFO - Processing file /opt/airflow/dags/sensors.py for tasks to queue
[2024-06-26T14:13:28.862+0000] {logging_mixin.py:188} INFO - [2024-06-26T14:13:28.862+0000] {dagbag.py:545} INFO - Filling up the DagBag from /opt/airflow/dags/sensors.py
[2024-06-26T14:13:28.869+0000] {processor.py:840} INFO - DAG(s) 'httpsensor' retrieved from /opt/airflow/dags/sensors.py
[2024-06-26T14:13:28.928+0000] {logging_mixin.py:188} INFO - [2024-06-26T14:13:28.928+0000] {dag.py:3096} INFO - Sync 1 DAGs
[2024-06-26T14:13:28.934+0000] {logging_mixin.py:188} INFO - [2024-06-26T14:13:28.934+0000] {dag.py:3954} INFO - Setting next_dagrun for httpsensor to None, run_after=None
[2024-06-26T14:13:28.944+0000] {processor.py:183} INFO - Processing /opt/airflow/dags/sensors.py took 0.087 seconds
[2024-06-26T14:13:34.193+0000] {processor.py:161} INFO - Started process (PID=66) to work on /opt/airflow/dags/sensors.py
[2024-06-26T14:13:34.194+0000] {processor.py:830} INFO - Processing file /opt/airflow/dags/sensors.py for tasks to queue
[2024-06-26T14:13:34.195+0000] {logging_mixin.py:188} INFO - [2024-06-26T14:13:34.194+0000] {dagbag.py:545} INFO - Filling up the DagBag from /opt/airflow/dags/sensors.py
[2024-06-26T14:13:34.202+0000] {processor.py:840} INFO - DAG(s) 'httpsensor' retrieved from /opt/airflow/dags/sensors.py
[2024-06-26T14:13:34.209+0000] {logging_mixin.py:188} INFO - [2024-06-26T14:13:34.208+0000] {dag.py:3096} INFO - Sync 1 DAGs
[2024-06-26T14:13:34.216+0000] {logging_mixin.py:188} INFO - [2024-06-26T14:13:34.216+0000] {dag.py:3954} INFO - Setting next_dagrun for httpsensor to None, run_after=None
[2024-06-26T14:13:34.228+0000] {processor.py:183} INFO - Processing /opt/airflow/dags/sensors.py took 0.038 seconds
[2024-06-26T14:13:39.792+0000] {processor.py:161} INFO - Started process (PID=93) to work on /opt/airflow/dags/sensors.py
[2024-06-26T14:13:39.792+0000] {processor.py:830} INFO - Processing file /opt/airflow/dags/sensors.py for tasks to queue
[2024-06-26T14:13:39.793+0000] {logging_mixin.py:188} INFO - [2024-06-26T14:13:39.793+0000] {dagbag.py:545} INFO - Filling up the DagBag from /opt/airflow/dags/sensors.py
[2024-06-26T14:13:39.799+0000] {processor.py:840} INFO - DAG(s) 'httpsensor' retrieved from /opt/airflow/dags/sensors.py
[2024-06-26T14:13:39.805+0000] {logging_mixin.py:188} INFO - [2024-06-26T14:13:39.805+0000] {dag.py:3096} INFO - Sync 1 DAGs
[2024-06-26T14:13:39.812+0000] {logging_mixin.py:188} INFO - [2024-06-26T14:13:39.812+0000] {dag.py:3954} INFO - Setting next_dagrun for httpsensor to None, run_after=None
[2024-06-26T14:13:39.821+0000] {processor.py:183} INFO - Processing /opt/airflow/dags/sensors.py took 0.033 seconds
[2024-06-26T14:13:44.880+0000] {processor.py:161} INFO - Started process (PID=120) to work on /opt/airflow/dags/sensors.py
[2024-06-26T14:13:44.880+0000] {processor.py:830} INFO - Processing file /opt/airflow/dags/sensors.py for tasks to queue
[2024-06-26T14:13:44.881+0000] {logging_mixin.py:188} INFO - [2024-06-26T14:13:44.881+0000] {dagbag.py:545} INFO - Filling up the DagBag from /opt/airflow/dags/sensors.py
[2024-06-26T14:13:44.887+0000] {processor.py:840} INFO - DAG(s) 'httpsensor' retrieved from /opt/airflow/dags/sensors.py
[2024-06-26T14:13:44.893+0000] {logging_mixin.py:188} INFO - [2024-06-26T14:13:44.893+0000] {dag.py:3096} INFO - Sync 1 DAGs
[2024-06-26T14:13:44.900+0000] {logging_mixin.py:188} INFO - [2024-06-26T14:13:44.900+0000] {dag.py:3954} INFO - Setting next_dagrun for httpsensor to None, run_after=None
[2024-06-26T14:13:44.909+0000] {processor.py:183} INFO - Processing /opt/airflow/dags/sensors.py took 0.033 seconds
[2024-06-26T14:13:50.553+0000] {processor.py:161} INFO - Started process (PID=153) to work on /opt/airflow/dags/sensors.py
[2024-06-26T14:13:50.554+0000] {processor.py:830} INFO - Processing file /opt/airflow/dags/sensors.py for tasks to queue
[2024-06-26T14:13:50.555+0000] {logging_mixin.py:188} INFO - [2024-06-26T14:13:50.554+0000] {dagbag.py:545} INFO - Filling up the DagBag from /opt/airflow/dags/sensors.py
[2024-06-26T14:13:50.561+0000] {processor.py:840} INFO - DAG(s) 'httpsensor' retrieved from /opt/airflow/dags/sensors.py
[2024-06-26T14:13:50.566+0000] {logging_mixin.py:188} INFO - [2024-06-26T14:13:50.566+0000] {dag.py:3096} INFO - Sync 1 DAGs
[2024-06-26T14:13:50.573+0000] {logging_mixin.py:188} INFO - [2024-06-26T14:13:50.573+0000] {dag.py:3954} INFO - Setting next_dagrun for httpsensor to None, run_after=None
[2024-06-26T14:13:50.583+0000] {processor.py:183} INFO - Processing /opt/airflow/dags/sensors.py took 0.032 seconds
[2024-06-26T14:13:56.246+0000] {processor.py:161} INFO - Started process (PID=193) to work on /opt/airflow/dags/sensors.py
[2024-06-26T14:13:56.247+0000] {processor.py:830} INFO - Processing file /opt/airflow/dags/sensors.py for tasks to queue
[2024-06-26T14:13:56.249+0000] {logging_mixin.py:188} INFO - [2024-06-26T14:13:56.249+0000] {dagbag.py:545} INFO - Filling up the DagBag from /opt/airflow/dags/sensors.py
[2024-06-26T14:13:56.266+0000] {processor.py:840} INFO - DAG(s) 'httpsensor' retrieved from /opt/airflow/dags/sensors.py
[2024-06-26T14:13:56.281+0000] {logging_mixin.py:188} INFO - [2024-06-26T14:13:56.281+0000] {dag.py:3096} INFO - Sync 1 DAGs
[2024-06-26T14:13:56.311+0000] {logging_mixin.py:188} INFO - [2024-06-26T14:13:56.310+0000] {dag.py:3954} INFO - Setting next_dagrun for httpsensor to None, run_after=None
[2024-06-26T14:13:56.330+0000] {processor.py:183} INFO - Processing /opt/airflow/dags/sensors.py took 0.089 seconds
[2024-06-26T14:14:02.241+0000] {processor.py:161} INFO - Started process (PID=220) to work on /opt/airflow/dags/sensors.py
[2024-06-26T14:14:02.242+0000] {processor.py:830} INFO - Processing file /opt/airflow/dags/sensors.py for tasks to queue
[2024-06-26T14:14:02.243+0000] {logging_mixin.py:188} INFO - [2024-06-26T14:14:02.243+0000] {dagbag.py:545} INFO - Filling up the DagBag from /opt/airflow/dags/sensors.py
[2024-06-26T14:14:02.250+0000] {processor.py:840} INFO - DAG(s) 'httpsensor' retrieved from /opt/airflow/dags/sensors.py
[2024-06-26T14:14:02.262+0000] {logging_mixin.py:188} INFO - [2024-06-26T14:14:02.262+0000] {dag.py:3096} INFO - Sync 1 DAGs
[2024-06-26T14:14:02.269+0000] {logging_mixin.py:188} INFO - [2024-06-26T14:14:02.269+0000] {dag.py:3954} INFO - Setting next_dagrun for httpsensor to None, run_after=None
[2024-06-26T14:14:02.278+0000] {processor.py:183} INFO - Processing /opt/airflow/dags/sensors.py took 0.040 seconds
[2024-06-26T14:14:08.015+0000] {processor.py:161} INFO - Started process (PID=247) to work on /opt/airflow/dags/sensors.py
[2024-06-26T14:14:08.015+0000] {processor.py:830} INFO - Processing file /opt/airflow/dags/sensors.py for tasks to queue
[2024-06-26T14:14:08.016+0000] {logging_mixin.py:188} INFO - [2024-06-26T14:14:08.016+0000] {dagbag.py:545} INFO - Filling up the DagBag from /opt/airflow/dags/sensors.py
[2024-06-26T14:14:08.023+0000] {processor.py:840} INFO - DAG(s) 'httpsensor' retrieved from /opt/airflow/dags/sensors.py
[2024-06-26T14:14:08.035+0000] {logging_mixin.py:188} INFO - [2024-06-26T14:14:08.035+0000] {dag.py:3096} INFO - Sync 1 DAGs
[2024-06-26T14:14:08.042+0000] {logging_mixin.py:188} INFO - [2024-06-26T14:14:08.042+0000] {dag.py:3954} INFO - Setting next_dagrun for httpsensor to None, run_after=None
[2024-06-26T14:14:08.052+0000] {processor.py:183} INFO - Processing /opt/airflow/dags/sensors.py took 0.040 seconds
[2024-06-26T14:14:13.971+0000] {processor.py:161} INFO - Started process (PID=274) to work on /opt/airflow/dags/sensors.py
[2024-06-26T14:14:13.971+0000] {processor.py:830} INFO - Processing file /opt/airflow/dags/sensors.py for tasks to queue
[2024-06-26T14:14:13.972+0000] {logging_mixin.py:188} INFO - [2024-06-26T14:14:13.972+0000] {dagbag.py:545} INFO - Filling up the DagBag from /opt/airflow/dags/sensors.py
[2024-06-26T14:14:13.980+0000] {processor.py:840} INFO - DAG(s) 'httpsensor' retrieved from /opt/airflow/dags/sensors.py
[2024-06-26T14:14:13.992+0000] {logging_mixin.py:188} INFO - [2024-06-26T14:14:13.992+0000] {dag.py:3096} INFO - Sync 1 DAGs
[2024-06-26T14:14:13.999+0000] {logging_mixin.py:188} INFO - [2024-06-26T14:14:13.999+0000] {dag.py:3954} INFO - Setting next_dagrun for httpsensor to None, run_after=None
[2024-06-26T14:14:14.008+0000] {processor.py:183} INFO - Processing /opt/airflow/dags/sensors.py took 0.041 seconds
[2024-06-26T14:14:19.740+0000] {processor.py:161} INFO - Started process (PID=307) to work on /opt/airflow/dags/sensors.py
[2024-06-26T14:14:19.741+0000] {processor.py:830} INFO - Processing file /opt/airflow/dags/sensors.py for tasks to queue
[2024-06-26T14:14:19.742+0000] {logging_mixin.py:188} INFO - [2024-06-26T14:14:19.742+0000] {dagbag.py:545} INFO - Filling up the DagBag from /opt/airflow/dags/sensors.py
[2024-06-26T14:14:19.750+0000] {processor.py:840} INFO - DAG(s) 'httpsensor' retrieved from /opt/airflow/dags/sensors.py
[2024-06-26T14:14:19.762+0000] {logging_mixin.py:188} INFO - [2024-06-26T14:14:19.762+0000] {dag.py:3096} INFO - Sync 1 DAGs
[2024-06-26T14:14:19.770+0000] {logging_mixin.py:188} INFO - [2024-06-26T14:14:19.770+0000] {dag.py:3954} INFO - Setting next_dagrun for httpsensor to None, run_after=None
[2024-06-26T14:14:19.780+0000] {processor.py:183} INFO - Processing /opt/airflow/dags/sensors.py took 0.043 seconds
[2024-06-26T14:14:25.509+0000] {processor.py:161} INFO - Started process (PID=334) to work on /opt/airflow/dags/sensors.py
[2024-06-26T14:14:25.509+0000] {processor.py:830} INFO - Processing file /opt/airflow/dags/sensors.py for tasks to queue
[2024-06-26T14:14:25.510+0000] {logging_mixin.py:188} INFO - [2024-06-26T14:14:25.510+0000] {dagbag.py:545} INFO - Filling up the DagBag from /opt/airflow/dags/sensors.py
[2024-06-26T14:14:25.516+0000] {processor.py:840} INFO - DAG(s) 'httpsensor' retrieved from /opt/airflow/dags/sensors.py
[2024-06-26T14:14:25.529+0000] {logging_mixin.py:188} INFO - [2024-06-26T14:14:25.529+0000] {dag.py:3096} INFO - Sync 1 DAGs
[2024-06-26T14:14:25.536+0000] {logging_mixin.py:188} INFO - [2024-06-26T14:14:25.536+0000] {dag.py:3954} INFO - Setting next_dagrun for httpsensor to None, run_after=None
[2024-06-26T14:14:25.547+0000] {processor.py:183} INFO - Processing /opt/airflow/dags/sensors.py took 0.041 seconds
[2024-06-26T14:14:31.386+0000] {processor.py:161} INFO - Started process (PID=361) to work on /opt/airflow/dags/sensors.py
[2024-06-26T14:14:31.386+0000] {processor.py:830} INFO - Processing file /opt/airflow/dags/sensors.py for tasks to queue
[2024-06-26T14:14:31.387+0000] {logging_mixin.py:188} INFO - [2024-06-26T14:14:31.387+0000] {dagbag.py:545} INFO - Filling up the DagBag from /opt/airflow/dags/sensors.py
[2024-06-26T14:14:31.394+0000] {processor.py:840} INFO - DAG(s) 'httpsensor' retrieved from /opt/airflow/dags/sensors.py
[2024-06-26T14:14:31.406+0000] {logging_mixin.py:188} INFO - [2024-06-26T14:14:31.406+0000] {dag.py:3096} INFO - Sync 1 DAGs
[2024-06-26T14:14:31.413+0000] {logging_mixin.py:188} INFO - [2024-06-26T14:14:31.412+0000] {dag.py:3954} INFO - Setting next_dagrun for httpsensor to None, run_after=None
[2024-06-26T14:14:31.422+0000] {processor.py:183} INFO - Processing /opt/airflow/dags/sensors.py took 0.040 seconds
[2024-06-26T14:14:37.180+0000] {processor.py:161} INFO - Started process (PID=388) to work on /opt/airflow/dags/sensors.py
[2024-06-26T14:14:37.180+0000] {processor.py:830} INFO - Processing file /opt/airflow/dags/sensors.py for tasks to queue
[2024-06-26T14:14:37.182+0000] {logging_mixin.py:188} INFO - [2024-06-26T14:14:37.181+0000] {dagbag.py:545} INFO - Filling up the DagBag from /opt/airflow/dags/sensors.py
[2024-06-26T14:14:37.188+0000] {processor.py:840} INFO - DAG(s) 'httpsensor' retrieved from /opt/airflow/dags/sensors.py
[2024-06-26T14:14:37.200+0000] {logging_mixin.py:188} INFO - [2024-06-26T14:14:37.200+0000] {dag.py:3096} INFO - Sync 1 DAGs
[2024-06-26T14:14:37.208+0000] {logging_mixin.py:188} INFO - [2024-06-26T14:14:37.208+0000] {dag.py:3954} INFO - Setting next_dagrun for httpsensor to None, run_after=None
[2024-06-26T14:14:37.218+0000] {processor.py:183} INFO - Processing /opt/airflow/dags/sensors.py took 0.041 seconds
[2024-06-26T14:14:42.958+0000] {processor.py:161} INFO - Started process (PID=415) to work on /opt/airflow/dags/sensors.py
[2024-06-26T14:14:42.958+0000] {processor.py:830} INFO - Processing file /opt/airflow/dags/sensors.py for tasks to queue
[2024-06-26T14:14:42.959+0000] {logging_mixin.py:188} INFO - [2024-06-26T14:14:42.959+0000] {dagbag.py:545} INFO - Filling up the DagBag from /opt/airflow/dags/sensors.py
[2024-06-26T14:14:42.965+0000] {processor.py:840} INFO - DAG(s) 'httpsensor' retrieved from /opt/airflow/dags/sensors.py
[2024-06-26T14:14:42.978+0000] {logging_mixin.py:188} INFO - [2024-06-26T14:14:42.978+0000] {dag.py:3096} INFO - Sync 1 DAGs
[2024-06-26T14:14:42.985+0000] {logging_mixin.py:188} INFO - [2024-06-26T14:14:42.985+0000] {dag.py:3954} INFO - Setting next_dagrun for httpsensor to None, run_after=None
[2024-06-26T14:14:42.994+0000] {processor.py:183} INFO - Processing /opt/airflow/dags/sensors.py took 0.040 seconds
[2024-06-26T14:14:48.689+0000] {processor.py:161} INFO - Started process (PID=448) to work on /opt/airflow/dags/sensors.py
[2024-06-26T14:14:48.690+0000] {processor.py:830} INFO - Processing file /opt/airflow/dags/sensors.py for tasks to queue
[2024-06-26T14:14:48.691+0000] {logging_mixin.py:188} INFO - [2024-06-26T14:14:48.691+0000] {dagbag.py:545} INFO - Filling up the DagBag from /opt/airflow/dags/sensors.py
[2024-06-26T14:14:48.698+0000] {processor.py:840} INFO - DAG(s) 'httpsensor' retrieved from /opt/airflow/dags/sensors.py
[2024-06-26T14:14:48.711+0000] {logging_mixin.py:188} INFO - [2024-06-26T14:14:48.711+0000] {dag.py:3096} INFO - Sync 1 DAGs
[2024-06-26T14:14:48.718+0000] {logging_mixin.py:188} INFO - [2024-06-26T14:14:48.717+0000] {dag.py:3954} INFO - Setting next_dagrun for httpsensor to None, run_after=None
[2024-06-26T14:14:48.728+0000] {processor.py:183} INFO - Processing /opt/airflow/dags/sensors.py took 0.042 seconds
[2024-06-26T14:14:54.447+0000] {processor.py:161} INFO - Started process (PID=475) to work on /opt/airflow/dags/sensors.py
[2024-06-26T14:14:54.448+0000] {processor.py:830} INFO - Processing file /opt/airflow/dags/sensors.py for tasks to queue
[2024-06-26T14:14:54.449+0000] {logging_mixin.py:188} INFO - [2024-06-26T14:14:54.449+0000] {dagbag.py:545} INFO - Filling up the DagBag from /opt/airflow/dags/sensors.py
[2024-06-26T14:14:54.455+0000] {processor.py:840} INFO - DAG(s) 'httpsensor' retrieved from /opt/airflow/dags/sensors.py
[2024-06-26T14:14:54.467+0000] {logging_mixin.py:188} INFO - [2024-06-26T14:14:54.467+0000] {dag.py:3096} INFO - Sync 1 DAGs
[2024-06-26T14:14:54.475+0000] {logging_mixin.py:188} INFO - [2024-06-26T14:14:54.474+0000] {dag.py:3954} INFO - Setting next_dagrun for httpsensor to None, run_after=None
[2024-06-26T14:14:54.486+0000] {processor.py:183} INFO - Processing /opt/airflow/dags/sensors.py took 0.042 seconds
[2024-06-26T14:15:00.261+0000] {processor.py:161} INFO - Started process (PID=502) to work on /opt/airflow/dags/sensors.py
[2024-06-26T14:15:00.261+0000] {processor.py:830} INFO - Processing file /opt/airflow/dags/sensors.py for tasks to queue
[2024-06-26T14:15:00.262+0000] {logging_mixin.py:188} INFO - [2024-06-26T14:15:00.262+0000] {dagbag.py:545} INFO - Filling up the DagBag from /opt/airflow/dags/sensors.py
[2024-06-26T14:15:00.268+0000] {processor.py:840} INFO - DAG(s) 'httpsensor' retrieved from /opt/airflow/dags/sensors.py
[2024-06-26T14:15:00.281+0000] {logging_mixin.py:188} INFO - [2024-06-26T14:15:00.281+0000] {dag.py:3096} INFO - Sync 1 DAGs
[2024-06-26T14:15:00.288+0000] {logging_mixin.py:188} INFO - [2024-06-26T14:15:00.288+0000] {dag.py:3954} INFO - Setting next_dagrun for httpsensor to None, run_after=None
[2024-06-26T14:15:00.298+0000] {processor.py:183} INFO - Processing /opt/airflow/dags/sensors.py took 0.041 seconds
[2024-06-26T14:15:06.049+0000] {processor.py:161} INFO - Started process (PID=529) to work on /opt/airflow/dags/sensors.py
[2024-06-26T14:15:06.050+0000] {processor.py:830} INFO - Processing file /opt/airflow/dags/sensors.py for tasks to queue
[2024-06-26T14:15:06.051+0000] {logging_mixin.py:188} INFO - [2024-06-26T14:15:06.051+0000] {dagbag.py:545} INFO - Filling up the DagBag from /opt/airflow/dags/sensors.py
[2024-06-26T14:15:06.057+0000] {processor.py:840} INFO - DAG(s) 'httpsensor' retrieved from /opt/airflow/dags/sensors.py
[2024-06-26T14:15:06.070+0000] {logging_mixin.py:188} INFO - [2024-06-26T14:15:06.070+0000] {dag.py:3096} INFO - Sync 1 DAGs
[2024-06-26T14:15:06.077+0000] {logging_mixin.py:188} INFO - [2024-06-26T14:15:06.077+0000] {dag.py:3954} INFO - Setting next_dagrun for httpsensor to None, run_after=None
[2024-06-26T14:15:06.086+0000] {processor.py:183} INFO - Processing /opt/airflow/dags/sensors.py took 0.040 seconds
[2024-06-26T14:15:11.877+0000] {processor.py:161} INFO - Started process (PID=556) to work on /opt/airflow/dags/sensors.py
[2024-06-26T14:15:11.878+0000] {processor.py:830} INFO - Processing file /opt/airflow/dags/sensors.py for tasks to queue
[2024-06-26T14:15:11.879+0000] {logging_mixin.py:188} INFO - [2024-06-26T14:15:11.879+0000] {dagbag.py:545} INFO - Filling up the DagBag from /opt/airflow/dags/sensors.py
[2024-06-26T14:15:11.885+0000] {processor.py:840} INFO - DAG(s) 'httpsensor' retrieved from /opt/airflow/dags/sensors.py
[2024-06-26T14:15:11.898+0000] {logging_mixin.py:188} INFO - [2024-06-26T14:15:11.898+0000] {dag.py:3096} INFO - Sync 1 DAGs
[2024-06-26T14:15:11.906+0000] {logging_mixin.py:188} INFO - [2024-06-26T14:15:11.905+0000] {dag.py:3954} INFO - Setting next_dagrun for httpsensor to None, run_after=None
[2024-06-26T14:15:11.916+0000] {processor.py:183} INFO - Processing /opt/airflow/dags/sensors.py took 0.042 seconds
[2024-06-26T14:15:17.694+0000] {processor.py:161} INFO - Started process (PID=589) to work on /opt/airflow/dags/sensors.py
[2024-06-26T14:15:17.695+0000] {processor.py:830} INFO - Processing file /opt/airflow/dags/sensors.py for tasks to queue
[2024-06-26T14:15:17.695+0000] {logging_mixin.py:188} INFO - [2024-06-26T14:15:17.695+0000] {dagbag.py:545} INFO - Filling up the DagBag from /opt/airflow/dags/sensors.py
[2024-06-26T14:15:17.701+0000] {processor.py:840} INFO - DAG(s) 'httpsensor' retrieved from /opt/airflow/dags/sensors.py
[2024-06-26T14:15:17.713+0000] {logging_mixin.py:188} INFO - [2024-06-26T14:15:17.713+0000] {dag.py:3096} INFO - Sync 1 DAGs
[2024-06-26T14:15:17.720+0000] {logging_mixin.py:188} INFO - [2024-06-26T14:15:17.719+0000] {dag.py:3954} INFO - Setting next_dagrun for httpsensor to None, run_after=None
[2024-06-26T14:15:17.729+0000] {processor.py:183} INFO - Processing /opt/airflow/dags/sensors.py took 0.038 seconds
[2024-06-26T14:15:23.469+0000] {processor.py:161} INFO - Started process (PID=616) to work on /opt/airflow/dags/sensors.py
[2024-06-26T14:15:23.469+0000] {processor.py:830} INFO - Processing file /opt/airflow/dags/sensors.py for tasks to queue
[2024-06-26T14:15:23.470+0000] {logging_mixin.py:188} INFO - [2024-06-26T14:15:23.470+0000] {dagbag.py:545} INFO - Filling up the DagBag from /opt/airflow/dags/sensors.py
[2024-06-26T14:15:23.477+0000] {processor.py:840} INFO - DAG(s) 'httpsensor' retrieved from /opt/airflow/dags/sensors.py
[2024-06-26T14:15:23.491+0000] {logging_mixin.py:188} INFO - [2024-06-26T14:15:23.490+0000] {dag.py:3096} INFO - Sync 1 DAGs
[2024-06-26T14:15:23.498+0000] {logging_mixin.py:188} INFO - [2024-06-26T14:15:23.497+0000] {dag.py:3954} INFO - Setting next_dagrun for httpsensor to None, run_after=None
[2024-06-26T14:15:23.509+0000] {processor.py:183} INFO - Processing /opt/airflow/dags/sensors.py took 0.043 seconds
[2024-06-26T14:15:29.314+0000] {processor.py:161} INFO - Started process (PID=643) to work on /opt/airflow/dags/sensors.py
[2024-06-26T14:15:29.315+0000] {processor.py:830} INFO - Processing file /opt/airflow/dags/sensors.py for tasks to queue
[2024-06-26T14:15:29.316+0000] {logging_mixin.py:188} INFO - [2024-06-26T14:15:29.316+0000] {dagbag.py:545} INFO - Filling up the DagBag from /opt/airflow/dags/sensors.py
[2024-06-26T14:15:29.322+0000] {processor.py:840} INFO - DAG(s) 'httpsensor' retrieved from /opt/airflow/dags/sensors.py
[2024-06-26T14:15:29.334+0000] {logging_mixin.py:188} INFO - [2024-06-26T14:15:29.334+0000] {dag.py:3096} INFO - Sync 1 DAGs
[2024-06-26T14:15:29.341+0000] {logging_mixin.py:188} INFO - [2024-06-26T14:15:29.341+0000] {dag.py:3954} INFO - Setting next_dagrun for httpsensor to None, run_after=None
[2024-06-26T14:15:29.351+0000] {processor.py:183} INFO - Processing /opt/airflow/dags/sensors.py took 0.039 seconds
[2024-06-26T14:15:35.123+0000] {processor.py:161} INFO - Started process (PID=670) to work on /opt/airflow/dags/sensors.py
[2024-06-26T14:15:35.123+0000] {processor.py:830} INFO - Processing file /opt/airflow/dags/sensors.py for tasks to queue
[2024-06-26T14:15:35.124+0000] {logging_mixin.py:188} INFO - [2024-06-26T14:15:35.124+0000] {dagbag.py:545} INFO - Filling up the DagBag from /opt/airflow/dags/sensors.py
[2024-06-26T14:15:35.130+0000] {processor.py:840} INFO - DAG(s) 'httpsensor' retrieved from /opt/airflow/dags/sensors.py
[2024-06-26T14:15:35.143+0000] {logging_mixin.py:188} INFO - [2024-06-26T14:15:35.143+0000] {dag.py:3096} INFO - Sync 1 DAGs
[2024-06-26T14:15:35.149+0000] {logging_mixin.py:188} INFO - [2024-06-26T14:15:35.149+0000] {dag.py:3954} INFO - Setting next_dagrun for httpsensor to None, run_after=None
[2024-06-26T14:15:35.160+0000] {processor.py:183} INFO - Processing /opt/airflow/dags/sensors.py took 0.041 seconds
[2024-06-26T14:15:41.007+0000] {processor.py:161} INFO - Started process (PID=697) to work on /opt/airflow/dags/sensors.py
[2024-06-26T14:15:41.008+0000] {processor.py:830} INFO - Processing file /opt/airflow/dags/sensors.py for tasks to queue
[2024-06-26T14:15:41.010+0000] {logging_mixin.py:188} INFO - [2024-06-26T14:15:41.009+0000] {dagbag.py:545} INFO - Filling up the DagBag from /opt/airflow/dags/sensors.py
[2024-06-26T14:15:41.016+0000] {processor.py:840} INFO - DAG(s) 'httpsensor' retrieved from /opt/airflow/dags/sensors.py
[2024-06-26T14:15:41.028+0000] {logging_mixin.py:188} INFO - [2024-06-26T14:15:41.028+0000] {dag.py:3096} INFO - Sync 1 DAGs
[2024-06-26T14:15:41.035+0000] {logging_mixin.py:188} INFO - [2024-06-26T14:15:41.035+0000] {dag.py:3954} INFO - Setting next_dagrun for httpsensor to None, run_after=None
[2024-06-26T14:15:41.045+0000] {processor.py:183} INFO - Processing /opt/airflow/dags/sensors.py took 0.041 seconds
[2024-06-26T14:15:46.785+0000] {processor.py:161} INFO - Started process (PID=724) to work on /opt/airflow/dags/sensors.py
[2024-06-26T14:15:46.786+0000] {processor.py:830} INFO - Processing file /opt/airflow/dags/sensors.py for tasks to queue
[2024-06-26T14:15:46.787+0000] {logging_mixin.py:188} INFO - [2024-06-26T14:15:46.786+0000] {dagbag.py:545} INFO - Filling up the DagBag from /opt/airflow/dags/sensors.py
[2024-06-26T14:15:46.792+0000] {processor.py:840} INFO - DAG(s) 'httpsensor' retrieved from /opt/airflow/dags/sensors.py
[2024-06-26T14:15:46.805+0000] {logging_mixin.py:188} INFO - [2024-06-26T14:15:46.805+0000] {dag.py:3096} INFO - Sync 1 DAGs
[2024-06-26T14:15:46.812+0000] {logging_mixin.py:188} INFO - [2024-06-26T14:15:46.812+0000] {dag.py:3954} INFO - Setting next_dagrun for httpsensor to None, run_after=None
[2024-06-26T14:15:46.822+0000] {processor.py:183} INFO - Processing /opt/airflow/dags/sensors.py took 0.040 seconds
[2024-06-26T14:15:52.587+0000] {processor.py:161} INFO - Started process (PID=757) to work on /opt/airflow/dags/sensors.py
[2024-06-26T14:15:52.588+0000] {processor.py:830} INFO - Processing file /opt/airflow/dags/sensors.py for tasks to queue
[2024-06-26T14:15:52.589+0000] {logging_mixin.py:188} INFO - [2024-06-26T14:15:52.588+0000] {dagbag.py:545} INFO - Filling up the DagBag from /opt/airflow/dags/sensors.py
[2024-06-26T14:15:52.595+0000] {processor.py:840} INFO - DAG(s) 'httpsensor' retrieved from /opt/airflow/dags/sensors.py
[2024-06-26T14:15:52.608+0000] {logging_mixin.py:188} INFO - [2024-06-26T14:15:52.608+0000] {dag.py:3096} INFO - Sync 1 DAGs
[2024-06-26T14:15:52.615+0000] {logging_mixin.py:188} INFO - [2024-06-26T14:15:52.615+0000] {dag.py:3954} INFO - Setting next_dagrun for httpsensor to None, run_after=None
[2024-06-26T14:15:52.625+0000] {processor.py:183} INFO - Processing /opt/airflow/dags/sensors.py took 0.042 seconds
[2024-06-26T14:15:58.485+0000] {processor.py:161} INFO - Started process (PID=784) to work on /opt/airflow/dags/sensors.py
[2024-06-26T14:15:58.486+0000] {processor.py:830} INFO - Processing file /opt/airflow/dags/sensors.py for tasks to queue
[2024-06-26T14:15:58.487+0000] {logging_mixin.py:188} INFO - [2024-06-26T14:15:58.486+0000] {dagbag.py:545} INFO - Filling up the DagBag from /opt/airflow/dags/sensors.py
[2024-06-26T14:15:58.494+0000] {processor.py:840} INFO - DAG(s) 'httpsensor' retrieved from /opt/airflow/dags/sensors.py
[2024-06-26T14:15:58.506+0000] {logging_mixin.py:188} INFO - [2024-06-26T14:15:58.506+0000] {dag.py:3096} INFO - Sync 1 DAGs
[2024-06-26T14:15:58.516+0000] {logging_mixin.py:188} INFO - [2024-06-26T14:15:58.516+0000] {dag.py:3954} INFO - Setting next_dagrun for httpsensor to None, run_after=None
[2024-06-26T14:15:58.526+0000] {processor.py:183} INFO - Processing /opt/airflow/dags/sensors.py took 0.044 seconds
[2024-06-26T14:16:04.253+0000] {processor.py:161} INFO - Started process (PID=811) to work on /opt/airflow/dags/sensors.py
[2024-06-26T14:16:04.253+0000] {processor.py:830} INFO - Processing file /opt/airflow/dags/sensors.py for tasks to queue
[2024-06-26T14:16:04.254+0000] {logging_mixin.py:188} INFO - [2024-06-26T14:16:04.254+0000] {dagbag.py:545} INFO - Filling up the DagBag from /opt/airflow/dags/sensors.py
[2024-06-26T14:16:04.260+0000] {processor.py:840} INFO - DAG(s) 'httpsensor' retrieved from /opt/airflow/dags/sensors.py
[2024-06-26T14:16:04.273+0000] {logging_mixin.py:188} INFO - [2024-06-26T14:16:04.273+0000] {dag.py:3096} INFO - Sync 1 DAGs
[2024-06-26T14:16:04.280+0000] {logging_mixin.py:188} INFO - [2024-06-26T14:16:04.280+0000] {dag.py:3954} INFO - Setting next_dagrun for httpsensor to None, run_after=None
[2024-06-26T14:16:04.290+0000] {processor.py:183} INFO - Processing /opt/airflow/dags/sensors.py took 0.040 seconds
[2024-06-26T14:16:10.045+0000] {processor.py:161} INFO - Started process (PID=838) to work on /opt/airflow/dags/sensors.py
[2024-06-26T14:16:10.045+0000] {processor.py:830} INFO - Processing file /opt/airflow/dags/sensors.py for tasks to queue
[2024-06-26T14:16:10.046+0000] {logging_mixin.py:188} INFO - [2024-06-26T14:16:10.046+0000] {dagbag.py:545} INFO - Filling up the DagBag from /opt/airflow/dags/sensors.py
[2024-06-26T14:16:10.053+0000] {processor.py:840} INFO - DAG(s) 'httpsensor' retrieved from /opt/airflow/dags/sensors.py
[2024-06-26T14:16:10.065+0000] {logging_mixin.py:188} INFO - [2024-06-26T14:16:10.065+0000] {dag.py:3096} INFO - Sync 1 DAGs
[2024-06-26T14:16:10.072+0000] {logging_mixin.py:188} INFO - [2024-06-26T14:16:10.072+0000] {dag.py:3954} INFO - Setting next_dagrun for httpsensor to None, run_after=None
[2024-06-26T14:16:10.082+0000] {processor.py:183} INFO - Processing /opt/airflow/dags/sensors.py took 0.040 seconds
[2024-06-26T14:16:15.892+0000] {processor.py:161} INFO - Started process (PID=865) to work on /opt/airflow/dags/sensors.py
[2024-06-26T14:16:15.893+0000] {processor.py:830} INFO - Processing file /opt/airflow/dags/sensors.py for tasks to queue
[2024-06-26T14:16:15.894+0000] {logging_mixin.py:188} INFO - [2024-06-26T14:16:15.893+0000] {dagbag.py:545} INFO - Filling up the DagBag from /opt/airflow/dags/sensors.py
[2024-06-26T14:16:15.900+0000] {processor.py:840} INFO - DAG(s) 'httpsensor' retrieved from /opt/airflow/dags/sensors.py
[2024-06-26T14:16:15.916+0000] {logging_mixin.py:188} INFO - [2024-06-26T14:16:15.916+0000] {dag.py:3096} INFO - Sync 1 DAGs
[2024-06-26T14:16:15.923+0000] {logging_mixin.py:188} INFO - [2024-06-26T14:16:15.923+0000] {dag.py:3954} INFO - Setting next_dagrun for httpsensor to None, run_after=None
[2024-06-26T14:16:15.934+0000] {processor.py:183} INFO - Processing /opt/airflow/dags/sensors.py took 0.046 seconds
[2024-06-26T14:16:21.673+0000] {processor.py:161} INFO - Started process (PID=898) to work on /opt/airflow/dags/sensors.py
[2024-06-26T14:16:21.673+0000] {processor.py:830} INFO - Processing file /opt/airflow/dags/sensors.py for tasks to queue
[2024-06-26T14:16:21.674+0000] {logging_mixin.py:188} INFO - [2024-06-26T14:16:21.674+0000] {dagbag.py:545} INFO - Filling up the DagBag from /opt/airflow/dags/sensors.py
[2024-06-26T14:16:21.681+0000] {processor.py:840} INFO - DAG(s) 'httpsensor' retrieved from /opt/airflow/dags/sensors.py
[2024-06-26T14:16:21.693+0000] {logging_mixin.py:188} INFO - [2024-06-26T14:16:21.692+0000] {dag.py:3096} INFO - Sync 1 DAGs
[2024-06-26T14:16:21.700+0000] {logging_mixin.py:188} INFO - [2024-06-26T14:16:21.700+0000] {dag.py:3954} INFO - Setting next_dagrun for httpsensor to None, run_after=None
[2024-06-26T14:16:21.710+0000] {processor.py:183} INFO - Processing /opt/airflow/dags/sensors.py took 0.041 seconds
[2024-06-26T14:16:27.481+0000] {processor.py:161} INFO - Started process (PID=925) to work on /opt/airflow/dags/sensors.py
[2024-06-26T14:16:27.481+0000] {processor.py:830} INFO - Processing file /opt/airflow/dags/sensors.py for tasks to queue
[2024-06-26T14:16:27.482+0000] {logging_mixin.py:188} INFO - [2024-06-26T14:16:27.482+0000] {dagbag.py:545} INFO - Filling up the DagBag from /opt/airflow/dags/sensors.py
[2024-06-26T14:16:27.489+0000] {processor.py:840} INFO - DAG(s) 'httpsensor' retrieved from /opt/airflow/dags/sensors.py
[2024-06-26T14:16:27.502+0000] {logging_mixin.py:188} INFO - [2024-06-26T14:16:27.502+0000] {dag.py:3096} INFO - Sync 1 DAGs
[2024-06-26T14:16:27.509+0000] {logging_mixin.py:188} INFO - [2024-06-26T14:16:27.509+0000] {dag.py:3954} INFO - Setting next_dagrun for httpsensor to None, run_after=None
[2024-06-26T14:16:27.520+0000] {processor.py:183} INFO - Processing /opt/airflow/dags/sensors.py took 0.043 seconds
[2024-06-26T14:16:33.279+0000] {processor.py:161} INFO - Started process (PID=952) to work on /opt/airflow/dags/sensors.py
[2024-06-26T14:16:33.279+0000] {processor.py:830} INFO - Processing file /opt/airflow/dags/sensors.py for tasks to queue
[2024-06-26T14:16:33.280+0000] {logging_mixin.py:188} INFO - [2024-06-26T14:16:33.280+0000] {dagbag.py:545} INFO - Filling up the DagBag from /opt/airflow/dags/sensors.py
[2024-06-26T14:16:33.286+0000] {processor.py:840} INFO - DAG(s) 'httpsensor' retrieved from /opt/airflow/dags/sensors.py
[2024-06-26T14:16:33.300+0000] {logging_mixin.py:188} INFO - [2024-06-26T14:16:33.300+0000] {dag.py:3096} INFO - Sync 1 DAGs
[2024-06-26T14:16:33.307+0000] {logging_mixin.py:188} INFO - [2024-06-26T14:16:33.307+0000] {dag.py:3954} INFO - Setting next_dagrun for httpsensor to None, run_after=None
[2024-06-26T14:16:33.317+0000] {processor.py:183} INFO - Processing /opt/airflow/dags/sensors.py took 0.041 seconds
[2024-06-26T14:16:39.070+0000] {processor.py:161} INFO - Started process (PID=979) to work on /opt/airflow/dags/sensors.py
[2024-06-26T14:16:39.070+0000] {processor.py:830} INFO - Processing file /opt/airflow/dags/sensors.py for tasks to queue
[2024-06-26T14:16:39.071+0000] {logging_mixin.py:188} INFO - [2024-06-26T14:16:39.071+0000] {dagbag.py:545} INFO - Filling up the DagBag from /opt/airflow/dags/sensors.py
[2024-06-26T14:16:39.077+0000] {processor.py:840} INFO - DAG(s) 'httpsensor' retrieved from /opt/airflow/dags/sensors.py
[2024-06-26T14:16:39.090+0000] {logging_mixin.py:188} INFO - [2024-06-26T14:16:39.090+0000] {dag.py:3096} INFO - Sync 1 DAGs
[2024-06-26T14:16:39.097+0000] {logging_mixin.py:188} INFO - [2024-06-26T14:16:39.097+0000] {dag.py:3954} INFO - Setting next_dagrun for httpsensor to None, run_after=None
[2024-06-26T14:16:39.107+0000] {processor.py:183} INFO - Processing /opt/airflow/dags/sensors.py took 0.040 seconds
[2024-06-26T14:16:44.857+0000] {processor.py:161} INFO - Started process (PID=1006) to work on /opt/airflow/dags/sensors.py
[2024-06-26T14:16:44.858+0000] {processor.py:830} INFO - Processing file /opt/airflow/dags/sensors.py for tasks to queue
[2024-06-26T14:16:44.859+0000] {logging_mixin.py:188} INFO - [2024-06-26T14:16:44.858+0000] {dagbag.py:545} INFO - Filling up the DagBag from /opt/airflow/dags/sensors.py
[2024-06-26T14:16:44.865+0000] {processor.py:840} INFO - DAG(s) 'httpsensor' retrieved from /opt/airflow/dags/sensors.py
[2024-06-26T14:16:44.878+0000] {logging_mixin.py:188} INFO - [2024-06-26T14:16:44.878+0000] {dag.py:3096} INFO - Sync 1 DAGs
[2024-06-26T14:16:44.885+0000] {logging_mixin.py:188} INFO - [2024-06-26T14:16:44.885+0000] {dag.py:3954} INFO - Setting next_dagrun for httpsensor to None, run_after=None
[2024-06-26T14:16:44.895+0000] {processor.py:183} INFO - Processing /opt/airflow/dags/sensors.py took 0.041 seconds
[2024-06-26T14:16:50.691+0000] {processor.py:161} INFO - Started process (PID=1039) to work on /opt/airflow/dags/sensors.py
[2024-06-26T14:16:50.692+0000] {processor.py:830} INFO - Processing file /opt/airflow/dags/sensors.py for tasks to queue
[2024-06-26T14:16:50.693+0000] {logging_mixin.py:188} INFO - [2024-06-26T14:16:50.693+0000] {dagbag.py:545} INFO - Filling up the DagBag from /opt/airflow/dags/sensors.py
[2024-06-26T14:16:50.699+0000] {processor.py:840} INFO - DAG(s) 'httpsensor' retrieved from /opt/airflow/dags/sensors.py
[2024-06-26T14:16:50.711+0000] {logging_mixin.py:188} INFO - [2024-06-26T14:16:50.711+0000] {dag.py:3096} INFO - Sync 1 DAGs
[2024-06-26T14:16:50.718+0000] {logging_mixin.py:188} INFO - [2024-06-26T14:16:50.718+0000] {dag.py:3954} INFO - Setting next_dagrun for httpsensor to None, run_after=None
[2024-06-26T14:16:50.728+0000] {processor.py:183} INFO - Processing /opt/airflow/dags/sensors.py took 0.041 seconds
[2024-06-26T14:16:56.504+0000] {processor.py:161} INFO - Started process (PID=1066) to work on /opt/airflow/dags/sensors.py
[2024-06-26T14:16:56.505+0000] {processor.py:830} INFO - Processing file /opt/airflow/dags/sensors.py for tasks to queue
[2024-06-26T14:16:56.506+0000] {logging_mixin.py:188} INFO - [2024-06-26T14:16:56.506+0000] {dagbag.py:545} INFO - Filling up the DagBag from /opt/airflow/dags/sensors.py
[2024-06-26T14:16:56.513+0000] {processor.py:840} INFO - DAG(s) 'httpsensor' retrieved from /opt/airflow/dags/sensors.py
[2024-06-26T14:16:56.526+0000] {logging_mixin.py:188} INFO - [2024-06-26T14:16:56.526+0000] {dag.py:3096} INFO - Sync 1 DAGs
[2024-06-26T14:16:56.532+0000] {logging_mixin.py:188} INFO - [2024-06-26T14:16:56.532+0000] {dag.py:3954} INFO - Setting next_dagrun for httpsensor to None, run_after=None
[2024-06-26T14:16:56.542+0000] {processor.py:183} INFO - Processing /opt/airflow/dags/sensors.py took 0.042 seconds
[2024-06-26T14:17:02.337+0000] {processor.py:161} INFO - Started process (PID=1093) to work on /opt/airflow/dags/sensors.py
[2024-06-26T14:17:02.338+0000] {processor.py:830} INFO - Processing file /opt/airflow/dags/sensors.py for tasks to queue
[2024-06-26T14:17:02.339+0000] {logging_mixin.py:188} INFO - [2024-06-26T14:17:02.339+0000] {dagbag.py:545} INFO - Filling up the DagBag from /opt/airflow/dags/sensors.py
[2024-06-26T14:17:02.345+0000] {processor.py:840} INFO - DAG(s) 'httpsensor' retrieved from /opt/airflow/dags/sensors.py
[2024-06-26T14:17:02.359+0000] {logging_mixin.py:188} INFO - [2024-06-26T14:17:02.358+0000] {dag.py:3096} INFO - Sync 1 DAGs
[2024-06-26T14:17:02.365+0000] {logging_mixin.py:188} INFO - [2024-06-26T14:17:02.365+0000] {dag.py:3954} INFO - Setting next_dagrun for httpsensor to None, run_after=None
[2024-06-26T14:17:02.375+0000] {processor.py:183} INFO - Processing /opt/airflow/dags/sensors.py took 0.041 seconds
[2024-06-26T14:17:08.055+0000] {processor.py:161} INFO - Started process (PID=1120) to work on /opt/airflow/dags/sensors.py
[2024-06-26T14:17:08.056+0000] {processor.py:830} INFO - Processing file /opt/airflow/dags/sensors.py for tasks to queue
[2024-06-26T14:17:08.057+0000] {logging_mixin.py:188} INFO - [2024-06-26T14:17:08.057+0000] {dagbag.py:545} INFO - Filling up the DagBag from /opt/airflow/dags/sensors.py
[2024-06-26T14:17:08.063+0000] {processor.py:840} INFO - DAG(s) 'httpsensor' retrieved from /opt/airflow/dags/sensors.py
[2024-06-26T14:17:08.076+0000] {logging_mixin.py:188} INFO - [2024-06-26T14:17:08.076+0000] {dag.py:3096} INFO - Sync 1 DAGs
[2024-06-26T14:17:08.083+0000] {logging_mixin.py:188} INFO - [2024-06-26T14:17:08.083+0000] {dag.py:3954} INFO - Setting next_dagrun for httpsensor to None, run_after=None
[2024-06-26T14:17:08.094+0000] {processor.py:183} INFO - Processing /opt/airflow/dags/sensors.py took 0.042 seconds
[2024-06-26T14:17:13.890+0000] {processor.py:161} INFO - Started process (PID=1147) to work on /opt/airflow/dags/sensors.py
[2024-06-26T14:17:13.890+0000] {processor.py:830} INFO - Processing file /opt/airflow/dags/sensors.py for tasks to queue
[2024-06-26T14:17:13.891+0000] {logging_mixin.py:188} INFO - [2024-06-26T14:17:13.891+0000] {dagbag.py:545} INFO - Filling up the DagBag from /opt/airflow/dags/sensors.py
[2024-06-26T14:17:13.899+0000] {processor.py:840} INFO - DAG(s) 'httpsensor' retrieved from /opt/airflow/dags/sensors.py
[2024-06-26T14:17:13.911+0000] {logging_mixin.py:188} INFO - [2024-06-26T14:17:13.911+0000] {dag.py:3096} INFO - Sync 1 DAGs
[2024-06-26T14:17:13.917+0000] {logging_mixin.py:188} INFO - [2024-06-26T14:17:13.917+0000] {dag.py:3954} INFO - Setting next_dagrun for httpsensor to None, run_after=None
[2024-06-26T14:17:13.927+0000] {processor.py:183} INFO - Processing /opt/airflow/dags/sensors.py took 0.040 seconds
[2024-06-26T14:17:19.677+0000] {processor.py:161} INFO - Started process (PID=1180) to work on /opt/airflow/dags/sensors.py
[2024-06-26T14:17:19.678+0000] {processor.py:830} INFO - Processing file /opt/airflow/dags/sensors.py for tasks to queue
[2024-06-26T14:17:19.679+0000] {logging_mixin.py:188} INFO - [2024-06-26T14:17:19.678+0000] {dagbag.py:545} INFO - Filling up the DagBag from /opt/airflow/dags/sensors.py
[2024-06-26T14:17:19.685+0000] {processor.py:840} INFO - DAG(s) 'httpsensor' retrieved from /opt/airflow/dags/sensors.py
[2024-06-26T14:17:19.697+0000] {logging_mixin.py:188} INFO - [2024-06-26T14:17:19.697+0000] {dag.py:3096} INFO - Sync 1 DAGs
[2024-06-26T14:17:19.704+0000] {logging_mixin.py:188} INFO - [2024-06-26T14:17:19.703+0000] {dag.py:3954} INFO - Setting next_dagrun for httpsensor to None, run_after=None
[2024-06-26T14:17:19.713+0000] {processor.py:183} INFO - Processing /opt/airflow/dags/sensors.py took 0.039 seconds
[2024-06-26T14:17:25.412+0000] {processor.py:161} INFO - Started process (PID=1207) to work on /opt/airflow/dags/sensors.py
[2024-06-26T14:17:25.412+0000] {processor.py:830} INFO - Processing file /opt/airflow/dags/sensors.py for tasks to queue
[2024-06-26T14:17:25.413+0000] {logging_mixin.py:188} INFO - [2024-06-26T14:17:25.413+0000] {dagbag.py:545} INFO - Filling up the DagBag from /opt/airflow/dags/sensors.py
[2024-06-26T14:17:25.419+0000] {processor.py:840} INFO - DAG(s) 'httpsensor' retrieved from /opt/airflow/dags/sensors.py
[2024-06-26T14:17:25.430+0000] {logging_mixin.py:188} INFO - [2024-06-26T14:17:25.430+0000] {dag.py:3096} INFO - Sync 1 DAGs
[2024-06-26T14:17:25.437+0000] {logging_mixin.py:188} INFO - [2024-06-26T14:17:25.437+0000] {dag.py:3954} INFO - Setting next_dagrun for httpsensor to None, run_after=None
[2024-06-26T14:17:25.446+0000] {processor.py:183} INFO - Processing /opt/airflow/dags/sensors.py took 0.038 seconds
[2024-06-26T14:17:31.119+0000] {processor.py:161} INFO - Started process (PID=1234) to work on /opt/airflow/dags/sensors.py
[2024-06-26T14:17:31.119+0000] {processor.py:830} INFO - Processing file /opt/airflow/dags/sensors.py for tasks to queue
[2024-06-26T14:17:31.120+0000] {logging_mixin.py:188} INFO - [2024-06-26T14:17:31.120+0000] {dagbag.py:545} INFO - Filling up the DagBag from /opt/airflow/dags/sensors.py
[2024-06-26T14:17:31.126+0000] {processor.py:840} INFO - DAG(s) 'httpsensor' retrieved from /opt/airflow/dags/sensors.py
[2024-06-26T14:17:31.138+0000] {logging_mixin.py:188} INFO - [2024-06-26T14:17:31.138+0000] {dag.py:3096} INFO - Sync 1 DAGs
[2024-06-26T14:17:31.144+0000] {logging_mixin.py:188} INFO - [2024-06-26T14:17:31.144+0000] {dag.py:3954} INFO - Setting next_dagrun for httpsensor to None, run_after=None
[2024-06-26T14:17:31.154+0000] {processor.py:183} INFO - Processing /opt/airflow/dags/sensors.py took 0.038 seconds
[2024-06-26T14:17:36.879+0000] {processor.py:161} INFO - Started process (PID=1261) to work on /opt/airflow/dags/sensors.py
[2024-06-26T14:17:36.879+0000] {processor.py:830} INFO - Processing file /opt/airflow/dags/sensors.py for tasks to queue
[2024-06-26T14:17:36.880+0000] {logging_mixin.py:188} INFO - [2024-06-26T14:17:36.880+0000] {dagbag.py:545} INFO - Filling up the DagBag from /opt/airflow/dags/sensors.py
[2024-06-26T14:17:36.886+0000] {processor.py:840} INFO - DAG(s) 'httpsensor' retrieved from /opt/airflow/dags/sensors.py
[2024-06-26T14:17:36.898+0000] {logging_mixin.py:188} INFO - [2024-06-26T14:17:36.898+0000] {dag.py:3096} INFO - Sync 1 DAGs
[2024-06-26T14:17:36.904+0000] {logging_mixin.py:188} INFO - [2024-06-26T14:17:36.904+0000] {dag.py:3954} INFO - Setting next_dagrun for httpsensor to None, run_after=None
[2024-06-26T14:17:36.913+0000] {processor.py:183} INFO - Processing /opt/airflow/dags/sensors.py took 0.037 seconds
[2024-06-26T14:17:42.615+0000] {processor.py:161} INFO - Started process (PID=1288) to work on /opt/airflow/dags/sensors.py
[2024-06-26T14:17:42.616+0000] {processor.py:830} INFO - Processing file /opt/airflow/dags/sensors.py for tasks to queue
[2024-06-26T14:17:42.617+0000] {logging_mixin.py:188} INFO - [2024-06-26T14:17:42.617+0000] {dagbag.py:545} INFO - Filling up the DagBag from /opt/airflow/dags/sensors.py
[2024-06-26T14:17:42.623+0000] {processor.py:840} INFO - DAG(s) 'httpsensor' retrieved from /opt/airflow/dags/sensors.py
[2024-06-26T14:17:42.637+0000] {logging_mixin.py:188} INFO - [2024-06-26T14:17:42.636+0000] {dag.py:3096} INFO - Sync 1 DAGs
[2024-06-26T14:17:42.644+0000] {logging_mixin.py:188} INFO - [2024-06-26T14:17:42.644+0000] {dag.py:3954} INFO - Setting next_dagrun for httpsensor to None, run_after=None
[2024-06-26T14:17:42.655+0000] {processor.py:183} INFO - Processing /opt/airflow/dags/sensors.py took 0.043 seconds
[2024-06-26T14:17:48.434+0000] {processor.py:161} INFO - Started process (PID=1321) to work on /opt/airflow/dags/sensors.py
[2024-06-26T14:17:48.435+0000] {processor.py:830} INFO - Processing file /opt/airflow/dags/sensors.py for tasks to queue
[2024-06-26T14:17:48.436+0000] {logging_mixin.py:188} INFO - [2024-06-26T14:17:48.435+0000] {dagbag.py:545} INFO - Filling up the DagBag from /opt/airflow/dags/sensors.py
[2024-06-26T14:17:48.441+0000] {processor.py:840} INFO - DAG(s) 'httpsensor' retrieved from /opt/airflow/dags/sensors.py
[2024-06-26T14:17:48.453+0000] {logging_mixin.py:188} INFO - [2024-06-26T14:17:48.453+0000] {dag.py:3096} INFO - Sync 1 DAGs
[2024-06-26T14:17:48.460+0000] {logging_mixin.py:188} INFO - [2024-06-26T14:17:48.460+0000] {dag.py:3954} INFO - Setting next_dagrun for httpsensor to None, run_after=None
[2024-06-26T14:17:48.470+0000] {processor.py:183} INFO - Processing /opt/airflow/dags/sensors.py took 0.039 seconds
[2024-06-26T14:17:54.207+0000] {processor.py:161} INFO - Started process (PID=1348) to work on /opt/airflow/dags/sensors.py
[2024-06-26T14:17:54.208+0000] {processor.py:830} INFO - Processing file /opt/airflow/dags/sensors.py for tasks to queue
[2024-06-26T14:17:54.209+0000] {logging_mixin.py:188} INFO - [2024-06-26T14:17:54.208+0000] {dagbag.py:545} INFO - Filling up the DagBag from /opt/airflow/dags/sensors.py
[2024-06-26T14:17:54.215+0000] {processor.py:840} INFO - DAG(s) 'httpsensor' retrieved from /opt/airflow/dags/sensors.py
[2024-06-26T14:17:54.227+0000] {logging_mixin.py:188} INFO - [2024-06-26T14:17:54.227+0000] {dag.py:3096} INFO - Sync 1 DAGs
[2024-06-26T14:17:54.233+0000] {logging_mixin.py:188} INFO - [2024-06-26T14:17:54.233+0000] {dag.py:3954} INFO - Setting next_dagrun for httpsensor to None, run_after=None
[2024-06-26T14:17:54.243+0000] {processor.py:183} INFO - Processing /opt/airflow/dags/sensors.py took 0.039 seconds
[2024-06-26T14:17:59.927+0000] {processor.py:161} INFO - Started process (PID=1375) to work on /opt/airflow/dags/sensors.py
[2024-06-26T14:17:59.927+0000] {processor.py:830} INFO - Processing file /opt/airflow/dags/sensors.py for tasks to queue
[2024-06-26T14:17:59.928+0000] {logging_mixin.py:188} INFO - [2024-06-26T14:17:59.928+0000] {dagbag.py:545} INFO - Filling up the DagBag from /opt/airflow/dags/sensors.py
[2024-06-26T14:17:59.934+0000] {processor.py:840} INFO - DAG(s) 'httpsensor' retrieved from /opt/airflow/dags/sensors.py
[2024-06-26T14:17:59.945+0000] {logging_mixin.py:188} INFO - [2024-06-26T14:17:59.945+0000] {dag.py:3096} INFO - Sync 1 DAGs
[2024-06-26T14:17:59.952+0000] {logging_mixin.py:188} INFO - [2024-06-26T14:17:59.952+0000] {dag.py:3954} INFO - Setting next_dagrun for httpsensor to None, run_after=None
[2024-06-26T14:17:59.961+0000] {processor.py:183} INFO - Processing /opt/airflow/dags/sensors.py took 0.038 seconds
[2024-06-26T14:18:05.670+0000] {processor.py:161} INFO - Started process (PID=1402) to work on /opt/airflow/dags/sensors.py
[2024-06-26T14:18:05.671+0000] {processor.py:830} INFO - Processing file /opt/airflow/dags/sensors.py for tasks to queue
[2024-06-26T14:18:05.672+0000] {logging_mixin.py:188} INFO - [2024-06-26T14:18:05.672+0000] {dagbag.py:545} INFO - Filling up the DagBag from /opt/airflow/dags/sensors.py
[2024-06-26T14:18:05.678+0000] {processor.py:840} INFO - DAG(s) 'httpsensor' retrieved from /opt/airflow/dags/sensors.py
[2024-06-26T14:18:05.689+0000] {logging_mixin.py:188} INFO - [2024-06-26T14:18:05.689+0000] {dag.py:3096} INFO - Sync 1 DAGs
[2024-06-26T14:18:05.696+0000] {logging_mixin.py:188} INFO - [2024-06-26T14:18:05.696+0000] {dag.py:3954} INFO - Setting next_dagrun for httpsensor to None, run_after=None
[2024-06-26T14:18:05.705+0000] {processor.py:183} INFO - Processing /opt/airflow/dags/sensors.py took 0.039 seconds
