[2024-06-26T14:13:29.930+0000] {processor.py:161} INFO - Started process (PID=59) to work on /opt/airflow/dags/thriddag.py
[2024-06-26T14:13:29.930+0000] {processor.py:830} INFO - Processing file /opt/airflow/dags/thriddag.py for tasks to queue
[2024-06-26T14:13:29.931+0000] {logging_mixin.py:188} INFO - [2024-06-26T14:13:29.931+0000] {dagbag.py:545} INFO - Filling up the DagBag from /opt/airflow/dags/thriddag.py
[2024-06-26T14:13:29.936+0000] {processor.py:840} INFO - DAG(s) 'thirddag' retrieved from /opt/airflow/dags/thriddag.py
[2024-06-26T14:13:29.997+0000] {logging_mixin.py:188} INFO - [2024-06-26T14:13:29.997+0000] {dag.py:3096} INFO - Sync 1 DAGs
[2024-06-26T14:13:30.004+0000] {logging_mixin.py:188} INFO - [2024-06-26T14:13:30.004+0000] {dag.py:3954} INFO - Setting next_dagrun for thirddag to None, run_after=None
[2024-06-26T14:13:30.014+0000] {processor.py:183} INFO - Processing /opt/airflow/dags/thriddag.py took 0.087 seconds
[2024-06-26T14:13:35.756+0000] {processor.py:161} INFO - Started process (PID=86) to work on /opt/airflow/dags/thriddag.py
[2024-06-26T14:13:35.756+0000] {processor.py:830} INFO - Processing file /opt/airflow/dags/thriddag.py for tasks to queue
[2024-06-26T14:13:35.758+0000] {logging_mixin.py:188} INFO - [2024-06-26T14:13:35.757+0000] {dagbag.py:545} INFO - Filling up the DagBag from /opt/airflow/dags/thriddag.py
[2024-06-26T14:13:35.765+0000] {processor.py:840} INFO - DAG(s) 'thirddag' retrieved from /opt/airflow/dags/thriddag.py
[2024-06-26T14:13:35.771+0000] {logging_mixin.py:188} INFO - [2024-06-26T14:13:35.771+0000] {dag.py:3096} INFO - Sync 1 DAGs
[2024-06-26T14:13:35.779+0000] {logging_mixin.py:188} INFO - [2024-06-26T14:13:35.779+0000] {dag.py:3954} INFO - Setting next_dagrun for thirddag to None, run_after=None
[2024-06-26T14:13:35.790+0000] {processor.py:183} INFO - Processing /opt/airflow/dags/thriddag.py took 0.038 seconds
[2024-06-26T14:13:41.566+0000] {processor.py:161} INFO - Started process (PID=113) to work on /opt/airflow/dags/thriddag.py
[2024-06-26T14:13:41.566+0000] {processor.py:830} INFO - Processing file /opt/airflow/dags/thriddag.py for tasks to queue
[2024-06-26T14:13:41.567+0000] {logging_mixin.py:188} INFO - [2024-06-26T14:13:41.567+0000] {dagbag.py:545} INFO - Filling up the DagBag from /opt/airflow/dags/thriddag.py
[2024-06-26T14:13:41.572+0000] {processor.py:840} INFO - DAG(s) 'thirddag' retrieved from /opt/airflow/dags/thriddag.py
[2024-06-26T14:13:41.577+0000] {logging_mixin.py:188} INFO - [2024-06-26T14:13:41.577+0000] {dag.py:3096} INFO - Sync 1 DAGs
[2024-06-26T14:13:41.584+0000] {logging_mixin.py:188} INFO - [2024-06-26T14:13:41.584+0000] {dag.py:3954} INFO - Setting next_dagrun for thirddag to None, run_after=None
[2024-06-26T14:13:41.593+0000] {processor.py:183} INFO - Processing /opt/airflow/dags/thriddag.py took 0.030 seconds
[2024-06-26T14:13:47.373+0000] {processor.py:161} INFO - Started process (PID=146) to work on /opt/airflow/dags/thriddag.py
[2024-06-26T14:13:47.374+0000] {processor.py:830} INFO - Processing file /opt/airflow/dags/thriddag.py for tasks to queue
[2024-06-26T14:13:47.375+0000] {logging_mixin.py:188} INFO - [2024-06-26T14:13:47.375+0000] {dagbag.py:545} INFO - Filling up the DagBag from /opt/airflow/dags/thriddag.py
[2024-06-26T14:13:47.379+0000] {processor.py:840} INFO - DAG(s) 'thirddag' retrieved from /opt/airflow/dags/thriddag.py
[2024-06-26T14:13:47.387+0000] {logging_mixin.py:188} INFO - [2024-06-26T14:13:47.387+0000] {dag.py:3096} INFO - Sync 1 DAGs
[2024-06-26T14:13:47.394+0000] {logging_mixin.py:188} INFO - [2024-06-26T14:13:47.394+0000] {dag.py:3954} INFO - Setting next_dagrun for thirddag to None, run_after=None
[2024-06-26T14:13:47.404+0000] {processor.py:183} INFO - Processing /opt/airflow/dags/thriddag.py took 0.034 seconds
[2024-06-26T14:13:53.004+0000] {processor.py:161} INFO - Started process (PID=173) to work on /opt/airflow/dags/thriddag.py
[2024-06-26T14:13:53.005+0000] {processor.py:830} INFO - Processing file /opt/airflow/dags/thriddag.py for tasks to queue
[2024-06-26T14:13:53.006+0000] {logging_mixin.py:188} INFO - [2024-06-26T14:13:53.006+0000] {dagbag.py:545} INFO - Filling up the DagBag from /opt/airflow/dags/thriddag.py
[2024-06-26T14:13:53.012+0000] {processor.py:840} INFO - DAG(s) 'thirddag' retrieved from /opt/airflow/dags/thriddag.py
[2024-06-26T14:13:53.018+0000] {logging_mixin.py:188} INFO - [2024-06-26T14:13:53.017+0000] {dag.py:3096} INFO - Sync 1 DAGs
[2024-06-26T14:13:53.025+0000] {logging_mixin.py:188} INFO - [2024-06-26T14:13:53.025+0000] {dag.py:3954} INFO - Setting next_dagrun for thirddag to None, run_after=None
[2024-06-26T14:13:53.034+0000] {processor.py:183} INFO - Processing /opt/airflow/dags/thriddag.py took 0.033 seconds
[2024-06-26T14:13:59.049+0000] {processor.py:161} INFO - Started process (PID=213) to work on /opt/airflow/dags/thriddag.py
[2024-06-26T14:13:59.049+0000] {processor.py:830} INFO - Processing file /opt/airflow/dags/thriddag.py for tasks to queue
[2024-06-26T14:13:59.050+0000] {logging_mixin.py:188} INFO - [2024-06-26T14:13:59.050+0000] {dagbag.py:545} INFO - Filling up the DagBag from /opt/airflow/dags/thriddag.py
[2024-06-26T14:13:59.055+0000] {processor.py:840} INFO - DAG(s) 'thirddag' retrieved from /opt/airflow/dags/thriddag.py
[2024-06-26T14:13:59.062+0000] {logging_mixin.py:188} INFO - [2024-06-26T14:13:59.062+0000] {dag.py:3096} INFO - Sync 1 DAGs
[2024-06-26T14:13:59.069+0000] {logging_mixin.py:188} INFO - [2024-06-26T14:13:59.069+0000] {dag.py:3954} INFO - Setting next_dagrun for thirddag to None, run_after=None
[2024-06-26T14:13:59.079+0000] {processor.py:183} INFO - Processing /opt/airflow/dags/thriddag.py took 0.033 seconds
[2024-06-26T14:14:04.820+0000] {processor.py:161} INFO - Started process (PID=240) to work on /opt/airflow/dags/thriddag.py
[2024-06-26T14:14:04.821+0000] {processor.py:830} INFO - Processing file /opt/airflow/dags/thriddag.py for tasks to queue
[2024-06-26T14:14:04.822+0000] {logging_mixin.py:188} INFO - [2024-06-26T14:14:04.821+0000] {dagbag.py:545} INFO - Filling up the DagBag from /opt/airflow/dags/thriddag.py
[2024-06-26T14:14:04.826+0000] {processor.py:840} INFO - DAG(s) 'thirddag' retrieved from /opt/airflow/dags/thriddag.py
[2024-06-26T14:14:04.838+0000] {logging_mixin.py:188} INFO - [2024-06-26T14:14:04.838+0000] {dag.py:3096} INFO - Sync 1 DAGs
[2024-06-26T14:14:04.844+0000] {logging_mixin.py:188} INFO - [2024-06-26T14:14:04.844+0000] {dag.py:3954} INFO - Setting next_dagrun for thirddag to None, run_after=None
[2024-06-26T14:14:04.854+0000] {processor.py:183} INFO - Processing /opt/airflow/dags/thriddag.py took 0.038 seconds
[2024-06-26T14:14:10.778+0000] {processor.py:161} INFO - Started process (PID=267) to work on /opt/airflow/dags/thriddag.py
[2024-06-26T14:14:10.779+0000] {processor.py:830} INFO - Processing file /opt/airflow/dags/thriddag.py for tasks to queue
[2024-06-26T14:14:10.779+0000] {logging_mixin.py:188} INFO - [2024-06-26T14:14:10.779+0000] {dagbag.py:545} INFO - Filling up the DagBag from /opt/airflow/dags/thriddag.py
[2024-06-26T14:14:10.784+0000] {processor.py:840} INFO - DAG(s) 'thirddag' retrieved from /opt/airflow/dags/thriddag.py
[2024-06-26T14:14:10.796+0000] {logging_mixin.py:188} INFO - [2024-06-26T14:14:10.796+0000] {dag.py:3096} INFO - Sync 1 DAGs
[2024-06-26T14:14:10.802+0000] {logging_mixin.py:188} INFO - [2024-06-26T14:14:10.802+0000] {dag.py:3954} INFO - Setting next_dagrun for thirddag to None, run_after=None
[2024-06-26T14:14:10.812+0000] {processor.py:183} INFO - Processing /opt/airflow/dags/thriddag.py took 0.037 seconds
[2024-06-26T14:14:16.543+0000] {processor.py:161} INFO - Started process (PID=294) to work on /opt/airflow/dags/thriddag.py
[2024-06-26T14:14:16.544+0000] {processor.py:830} INFO - Processing file /opt/airflow/dags/thriddag.py for tasks to queue
[2024-06-26T14:14:16.545+0000] {logging_mixin.py:188} INFO - [2024-06-26T14:14:16.545+0000] {dagbag.py:545} INFO - Filling up the DagBag from /opt/airflow/dags/thriddag.py
[2024-06-26T14:14:16.550+0000] {processor.py:840} INFO - DAG(s) 'thirddag' retrieved from /opt/airflow/dags/thriddag.py
[2024-06-26T14:14:16.563+0000] {logging_mixin.py:188} INFO - [2024-06-26T14:14:16.563+0000] {dag.py:3096} INFO - Sync 1 DAGs
[2024-06-26T14:14:16.570+0000] {logging_mixin.py:188} INFO - [2024-06-26T14:14:16.570+0000] {dag.py:3954} INFO - Setting next_dagrun for thirddag to None, run_after=None
[2024-06-26T14:14:16.580+0000] {processor.py:183} INFO - Processing /opt/airflow/dags/thriddag.py took 0.040 seconds
[2024-06-26T14:14:22.311+0000] {processor.py:161} INFO - Started process (PID=327) to work on /opt/airflow/dags/thriddag.py
[2024-06-26T14:14:22.312+0000] {processor.py:830} INFO - Processing file /opt/airflow/dags/thriddag.py for tasks to queue
[2024-06-26T14:14:22.313+0000] {logging_mixin.py:188} INFO - [2024-06-26T14:14:22.312+0000] {dagbag.py:545} INFO - Filling up the DagBag from /opt/airflow/dags/thriddag.py
[2024-06-26T14:14:22.317+0000] {processor.py:840} INFO - DAG(s) 'thirddag' retrieved from /opt/airflow/dags/thriddag.py
[2024-06-26T14:14:22.329+0000] {logging_mixin.py:188} INFO - [2024-06-26T14:14:22.329+0000] {dag.py:3096} INFO - Sync 1 DAGs
[2024-06-26T14:14:22.336+0000] {logging_mixin.py:188} INFO - [2024-06-26T14:14:22.336+0000] {dag.py:3954} INFO - Setting next_dagrun for thirddag to None, run_after=None
[2024-06-26T14:14:22.346+0000] {processor.py:183} INFO - Processing /opt/airflow/dags/thriddag.py took 0.038 seconds
[2024-06-26T14:14:28.162+0000] {processor.py:161} INFO - Started process (PID=354) to work on /opt/airflow/dags/thriddag.py
[2024-06-26T14:14:28.162+0000] {processor.py:830} INFO - Processing file /opt/airflow/dags/thriddag.py for tasks to queue
[2024-06-26T14:14:28.163+0000] {logging_mixin.py:188} INFO - [2024-06-26T14:14:28.163+0000] {dagbag.py:545} INFO - Filling up the DagBag from /opt/airflow/dags/thriddag.py
[2024-06-26T14:14:28.168+0000] {processor.py:840} INFO - DAG(s) 'thirddag' retrieved from /opt/airflow/dags/thriddag.py
[2024-06-26T14:14:28.181+0000] {logging_mixin.py:188} INFO - [2024-06-26T14:14:28.181+0000] {dag.py:3096} INFO - Sync 1 DAGs
[2024-06-26T14:14:28.188+0000] {logging_mixin.py:188} INFO - [2024-06-26T14:14:28.188+0000] {dag.py:3954} INFO - Setting next_dagrun for thirddag to None, run_after=None
[2024-06-26T14:14:28.198+0000] {processor.py:183} INFO - Processing /opt/airflow/dags/thriddag.py took 0.039 seconds
[2024-06-26T14:14:33.969+0000] {processor.py:161} INFO - Started process (PID=381) to work on /opt/airflow/dags/thriddag.py
[2024-06-26T14:14:33.970+0000] {processor.py:830} INFO - Processing file /opt/airflow/dags/thriddag.py for tasks to queue
[2024-06-26T14:14:33.971+0000] {logging_mixin.py:188} INFO - [2024-06-26T14:14:33.971+0000] {dagbag.py:545} INFO - Filling up the DagBag from /opt/airflow/dags/thriddag.py
[2024-06-26T14:14:33.976+0000] {processor.py:840} INFO - DAG(s) 'thirddag' retrieved from /opt/airflow/dags/thriddag.py
[2024-06-26T14:14:33.991+0000] {logging_mixin.py:188} INFO - [2024-06-26T14:14:33.990+0000] {dag.py:3096} INFO - Sync 1 DAGs
[2024-06-26T14:14:34.000+0000] {logging_mixin.py:188} INFO - [2024-06-26T14:14:34.000+0000] {dag.py:3954} INFO - Setting next_dagrun for thirddag to None, run_after=None
[2024-06-26T14:14:34.010+0000] {processor.py:183} INFO - Processing /opt/airflow/dags/thriddag.py took 0.044 seconds
[2024-06-26T14:14:39.758+0000] {processor.py:161} INFO - Started process (PID=408) to work on /opt/airflow/dags/thriddag.py
[2024-06-26T14:14:39.758+0000] {processor.py:830} INFO - Processing file /opt/airflow/dags/thriddag.py for tasks to queue
[2024-06-26T14:14:39.759+0000] {logging_mixin.py:188} INFO - [2024-06-26T14:14:39.759+0000] {dagbag.py:545} INFO - Filling up the DagBag from /opt/airflow/dags/thriddag.py
[2024-06-26T14:14:39.764+0000] {processor.py:840} INFO - DAG(s) 'thirddag' retrieved from /opt/airflow/dags/thriddag.py
[2024-06-26T14:14:39.777+0000] {logging_mixin.py:188} INFO - [2024-06-26T14:14:39.777+0000] {dag.py:3096} INFO - Sync 1 DAGs
[2024-06-26T14:14:39.783+0000] {logging_mixin.py:188} INFO - [2024-06-26T14:14:39.783+0000] {dag.py:3954} INFO - Setting next_dagrun for thirddag to None, run_after=None
[2024-06-26T14:14:39.793+0000] {processor.py:183} INFO - Processing /opt/airflow/dags/thriddag.py took 0.038 seconds
[2024-06-26T14:14:45.507+0000] {processor.py:161} INFO - Started process (PID=435) to work on /opt/airflow/dags/thriddag.py
[2024-06-26T14:14:45.507+0000] {processor.py:830} INFO - Processing file /opt/airflow/dags/thriddag.py for tasks to queue
[2024-06-26T14:14:45.508+0000] {logging_mixin.py:188} INFO - [2024-06-26T14:14:45.508+0000] {dagbag.py:545} INFO - Filling up the DagBag from /opt/airflow/dags/thriddag.py
[2024-06-26T14:14:45.513+0000] {processor.py:840} INFO - DAG(s) 'thirddag' retrieved from /opt/airflow/dags/thriddag.py
[2024-06-26T14:14:45.525+0000] {logging_mixin.py:188} INFO - [2024-06-26T14:14:45.525+0000] {dag.py:3096} INFO - Sync 1 DAGs
[2024-06-26T14:14:45.531+0000] {logging_mixin.py:188} INFO - [2024-06-26T14:14:45.531+0000] {dag.py:3954} INFO - Setting next_dagrun for thirddag to None, run_after=None
[2024-06-26T14:14:45.541+0000] {processor.py:183} INFO - Processing /opt/airflow/dags/thriddag.py took 0.038 seconds
[2024-06-26T14:14:51.224+0000] {processor.py:161} INFO - Started process (PID=468) to work on /opt/airflow/dags/thriddag.py
[2024-06-26T14:14:51.225+0000] {processor.py:830} INFO - Processing file /opt/airflow/dags/thriddag.py for tasks to queue
[2024-06-26T14:14:51.226+0000] {logging_mixin.py:188} INFO - [2024-06-26T14:14:51.226+0000] {dagbag.py:545} INFO - Filling up the DagBag from /opt/airflow/dags/thriddag.py
[2024-06-26T14:14:51.232+0000] {processor.py:840} INFO - DAG(s) 'thirddag' retrieved from /opt/airflow/dags/thriddag.py
[2024-06-26T14:14:51.244+0000] {logging_mixin.py:188} INFO - [2024-06-26T14:14:51.244+0000] {dag.py:3096} INFO - Sync 1 DAGs
[2024-06-26T14:14:51.252+0000] {logging_mixin.py:188} INFO - [2024-06-26T14:14:51.252+0000] {dag.py:3954} INFO - Setting next_dagrun for thirddag to None, run_after=None
[2024-06-26T14:14:51.263+0000] {processor.py:183} INFO - Processing /opt/airflow/dags/thriddag.py took 0.042 seconds
[2024-06-26T14:14:57.066+0000] {processor.py:161} INFO - Started process (PID=495) to work on /opt/airflow/dags/thriddag.py
[2024-06-26T14:14:57.067+0000] {processor.py:830} INFO - Processing file /opt/airflow/dags/thriddag.py for tasks to queue
[2024-06-26T14:14:57.068+0000] {logging_mixin.py:188} INFO - [2024-06-26T14:14:57.068+0000] {dagbag.py:545} INFO - Filling up the DagBag from /opt/airflow/dags/thriddag.py
[2024-06-26T14:14:57.072+0000] {processor.py:840} INFO - DAG(s) 'thirddag' retrieved from /opt/airflow/dags/thriddag.py
[2024-06-26T14:14:57.085+0000] {logging_mixin.py:188} INFO - [2024-06-26T14:14:57.084+0000] {dag.py:3096} INFO - Sync 1 DAGs
[2024-06-26T14:14:57.092+0000] {logging_mixin.py:188} INFO - [2024-06-26T14:14:57.091+0000] {dag.py:3954} INFO - Setting next_dagrun for thirddag to None, run_after=None
[2024-06-26T14:14:57.101+0000] {processor.py:183} INFO - Processing /opt/airflow/dags/thriddag.py took 0.039 seconds
[2024-06-26T14:15:02.842+0000] {processor.py:161} INFO - Started process (PID=522) to work on /opt/airflow/dags/thriddag.py
[2024-06-26T14:15:02.842+0000] {processor.py:830} INFO - Processing file /opt/airflow/dags/thriddag.py for tasks to queue
[2024-06-26T14:15:02.843+0000] {logging_mixin.py:188} INFO - [2024-06-26T14:15:02.843+0000] {dagbag.py:545} INFO - Filling up the DagBag from /opt/airflow/dags/thriddag.py
[2024-06-26T14:15:02.848+0000] {processor.py:840} INFO - DAG(s) 'thirddag' retrieved from /opt/airflow/dags/thriddag.py
[2024-06-26T14:15:02.861+0000] {logging_mixin.py:188} INFO - [2024-06-26T14:15:02.861+0000] {dag.py:3096} INFO - Sync 1 DAGs
[2024-06-26T14:15:02.868+0000] {logging_mixin.py:188} INFO - [2024-06-26T14:15:02.867+0000] {dag.py:3954} INFO - Setting next_dagrun for thirddag to None, run_after=None
[2024-06-26T14:15:02.878+0000] {processor.py:183} INFO - Processing /opt/airflow/dags/thriddag.py took 0.041 seconds
[2024-06-26T14:15:08.673+0000] {processor.py:161} INFO - Started process (PID=549) to work on /opt/airflow/dags/thriddag.py
[2024-06-26T14:15:08.673+0000] {processor.py:830} INFO - Processing file /opt/airflow/dags/thriddag.py for tasks to queue
[2024-06-26T14:15:08.674+0000] {logging_mixin.py:188} INFO - [2024-06-26T14:15:08.674+0000] {dagbag.py:545} INFO - Filling up the DagBag from /opt/airflow/dags/thriddag.py
[2024-06-26T14:15:08.679+0000] {processor.py:840} INFO - DAG(s) 'thirddag' retrieved from /opt/airflow/dags/thriddag.py
[2024-06-26T14:15:08.691+0000] {logging_mixin.py:188} INFO - [2024-06-26T14:15:08.691+0000] {dag.py:3096} INFO - Sync 1 DAGs
[2024-06-26T14:15:08.698+0000] {logging_mixin.py:188} INFO - [2024-06-26T14:15:08.698+0000] {dag.py:3954} INFO - Setting next_dagrun for thirddag to None, run_after=None
[2024-06-26T14:15:08.707+0000] {processor.py:183} INFO - Processing /opt/airflow/dags/thriddag.py took 0.038 seconds
[2024-06-26T14:15:14.473+0000] {processor.py:161} INFO - Started process (PID=576) to work on /opt/airflow/dags/thriddag.py
[2024-06-26T14:15:14.473+0000] {processor.py:830} INFO - Processing file /opt/airflow/dags/thriddag.py for tasks to queue
[2024-06-26T14:15:14.474+0000] {logging_mixin.py:188} INFO - [2024-06-26T14:15:14.474+0000] {dagbag.py:545} INFO - Filling up the DagBag from /opt/airflow/dags/thriddag.py
[2024-06-26T14:15:14.479+0000] {processor.py:840} INFO - DAG(s) 'thirddag' retrieved from /opt/airflow/dags/thriddag.py
[2024-06-26T14:15:14.492+0000] {logging_mixin.py:188} INFO - [2024-06-26T14:15:14.492+0000] {dag.py:3096} INFO - Sync 1 DAGs
[2024-06-26T14:15:14.499+0000] {logging_mixin.py:188} INFO - [2024-06-26T14:15:14.499+0000] {dag.py:3954} INFO - Setting next_dagrun for thirddag to None, run_after=None
[2024-06-26T14:15:14.510+0000] {processor.py:183} INFO - Processing /opt/airflow/dags/thriddag.py took 0.040 seconds
[2024-06-26T14:15:20.279+0000] {processor.py:161} INFO - Started process (PID=609) to work on /opt/airflow/dags/thriddag.py
[2024-06-26T14:15:20.279+0000] {processor.py:830} INFO - Processing file /opt/airflow/dags/thriddag.py for tasks to queue
[2024-06-26T14:15:20.280+0000] {logging_mixin.py:188} INFO - [2024-06-26T14:15:20.280+0000] {dagbag.py:545} INFO - Filling up the DagBag from /opt/airflow/dags/thriddag.py
[2024-06-26T14:15:20.284+0000] {processor.py:840} INFO - DAG(s) 'thirddag' retrieved from /opt/airflow/dags/thriddag.py
[2024-06-26T14:15:20.296+0000] {logging_mixin.py:188} INFO - [2024-06-26T14:15:20.296+0000] {dag.py:3096} INFO - Sync 1 DAGs
[2024-06-26T14:15:20.303+0000] {logging_mixin.py:188} INFO - [2024-06-26T14:15:20.302+0000] {dag.py:3954} INFO - Setting next_dagrun for thirddag to None, run_after=None
[2024-06-26T14:15:20.312+0000] {processor.py:183} INFO - Processing /opt/airflow/dags/thriddag.py took 0.036 seconds
[2024-06-26T14:15:26.100+0000] {processor.py:161} INFO - Started process (PID=636) to work on /opt/airflow/dags/thriddag.py
[2024-06-26T14:15:26.101+0000] {processor.py:830} INFO - Processing file /opt/airflow/dags/thriddag.py for tasks to queue
[2024-06-26T14:15:26.102+0000] {logging_mixin.py:188} INFO - [2024-06-26T14:15:26.102+0000] {dagbag.py:545} INFO - Filling up the DagBag from /opt/airflow/dags/thriddag.py
[2024-06-26T14:15:26.107+0000] {processor.py:840} INFO - DAG(s) 'thirddag' retrieved from /opt/airflow/dags/thriddag.py
[2024-06-26T14:15:26.118+0000] {logging_mixin.py:188} INFO - [2024-06-26T14:15:26.118+0000] {dag.py:3096} INFO - Sync 1 DAGs
[2024-06-26T14:15:26.125+0000] {logging_mixin.py:188} INFO - [2024-06-26T14:15:26.124+0000] {dag.py:3954} INFO - Setting next_dagrun for thirddag to None, run_after=None
[2024-06-26T14:15:26.134+0000] {processor.py:183} INFO - Processing /opt/airflow/dags/thriddag.py took 0.037 seconds
[2024-06-26T14:15:31.914+0000] {processor.py:161} INFO - Started process (PID=663) to work on /opt/airflow/dags/thriddag.py
[2024-06-26T14:15:31.915+0000] {processor.py:830} INFO - Processing file /opt/airflow/dags/thriddag.py for tasks to queue
[2024-06-26T14:15:31.917+0000] {logging_mixin.py:188} INFO - [2024-06-26T14:15:31.917+0000] {dagbag.py:545} INFO - Filling up the DagBag from /opt/airflow/dags/thriddag.py
[2024-06-26T14:15:31.923+0000] {processor.py:840} INFO - DAG(s) 'thirddag' retrieved from /opt/airflow/dags/thriddag.py
[2024-06-26T14:15:31.936+0000] {logging_mixin.py:188} INFO - [2024-06-26T14:15:31.936+0000] {dag.py:3096} INFO - Sync 1 DAGs
[2024-06-26T14:15:31.942+0000] {logging_mixin.py:188} INFO - [2024-06-26T14:15:31.942+0000] {dag.py:3954} INFO - Setting next_dagrun for thirddag to None, run_after=None
[2024-06-26T14:15:31.952+0000] {processor.py:183} INFO - Processing /opt/airflow/dags/thriddag.py took 0.041 seconds
[2024-06-26T14:15:37.777+0000] {processor.py:161} INFO - Started process (PID=690) to work on /opt/airflow/dags/thriddag.py
[2024-06-26T14:15:37.777+0000] {processor.py:830} INFO - Processing file /opt/airflow/dags/thriddag.py for tasks to queue
[2024-06-26T14:15:37.778+0000] {logging_mixin.py:188} INFO - [2024-06-26T14:15:37.778+0000] {dagbag.py:545} INFO - Filling up the DagBag from /opt/airflow/dags/thriddag.py
[2024-06-26T14:15:37.782+0000] {processor.py:840} INFO - DAG(s) 'thirddag' retrieved from /opt/airflow/dags/thriddag.py
[2024-06-26T14:15:37.795+0000] {logging_mixin.py:188} INFO - [2024-06-26T14:15:37.795+0000] {dag.py:3096} INFO - Sync 1 DAGs
[2024-06-26T14:15:37.801+0000] {logging_mixin.py:188} INFO - [2024-06-26T14:15:37.801+0000] {dag.py:3954} INFO - Setting next_dagrun for thirddag to None, run_after=None
[2024-06-26T14:15:37.811+0000] {processor.py:183} INFO - Processing /opt/airflow/dags/thriddag.py took 0.037 seconds
[2024-06-26T14:15:43.580+0000] {processor.py:161} INFO - Started process (PID=717) to work on /opt/airflow/dags/thriddag.py
[2024-06-26T14:15:43.582+0000] {processor.py:830} INFO - Processing file /opt/airflow/dags/thriddag.py for tasks to queue
[2024-06-26T14:15:43.583+0000] {logging_mixin.py:188} INFO - [2024-06-26T14:15:43.582+0000] {dagbag.py:545} INFO - Filling up the DagBag from /opt/airflow/dags/thriddag.py
[2024-06-26T14:15:43.588+0000] {processor.py:840} INFO - DAG(s) 'thirddag' retrieved from /opt/airflow/dags/thriddag.py
[2024-06-26T14:15:43.602+0000] {logging_mixin.py:188} INFO - [2024-06-26T14:15:43.601+0000] {dag.py:3096} INFO - Sync 1 DAGs
[2024-06-26T14:15:43.609+0000] {logging_mixin.py:188} INFO - [2024-06-26T14:15:43.609+0000] {dag.py:3954} INFO - Setting next_dagrun for thirddag to None, run_after=None
[2024-06-26T14:15:43.622+0000] {processor.py:183} INFO - Processing /opt/airflow/dags/thriddag.py took 0.046 seconds
[2024-06-26T14:15:49.374+0000] {processor.py:161} INFO - Started process (PID=750) to work on /opt/airflow/dags/thriddag.py
[2024-06-26T14:15:49.374+0000] {processor.py:830} INFO - Processing file /opt/airflow/dags/thriddag.py for tasks to queue
[2024-06-26T14:15:49.375+0000] {logging_mixin.py:188} INFO - [2024-06-26T14:15:49.375+0000] {dagbag.py:545} INFO - Filling up the DagBag from /opt/airflow/dags/thriddag.py
[2024-06-26T14:15:49.380+0000] {processor.py:840} INFO - DAG(s) 'thirddag' retrieved from /opt/airflow/dags/thriddag.py
[2024-06-26T14:15:49.394+0000] {logging_mixin.py:188} INFO - [2024-06-26T14:15:49.393+0000] {dag.py:3096} INFO - Sync 1 DAGs
[2024-06-26T14:15:49.401+0000] {logging_mixin.py:188} INFO - [2024-06-26T14:15:49.401+0000] {dag.py:3954} INFO - Setting next_dagrun for thirddag to None, run_after=None
[2024-06-26T14:15:49.411+0000] {processor.py:183} INFO - Processing /opt/airflow/dags/thriddag.py took 0.040 seconds
[2024-06-26T14:15:55.250+0000] {processor.py:161} INFO - Started process (PID=777) to work on /opt/airflow/dags/thriddag.py
[2024-06-26T14:15:55.250+0000] {processor.py:830} INFO - Processing file /opt/airflow/dags/thriddag.py for tasks to queue
[2024-06-26T14:15:55.251+0000] {logging_mixin.py:188} INFO - [2024-06-26T14:15:55.251+0000] {dagbag.py:545} INFO - Filling up the DagBag from /opt/airflow/dags/thriddag.py
[2024-06-26T14:15:55.256+0000] {processor.py:840} INFO - DAG(s) 'thirddag' retrieved from /opt/airflow/dags/thriddag.py
[2024-06-26T14:15:55.269+0000] {logging_mixin.py:188} INFO - [2024-06-26T14:15:55.269+0000] {dag.py:3096} INFO - Sync 1 DAGs
[2024-06-26T14:15:55.276+0000] {logging_mixin.py:188} INFO - [2024-06-26T14:15:55.276+0000] {dag.py:3954} INFO - Setting next_dagrun for thirddag to None, run_after=None
[2024-06-26T14:15:55.286+0000] {processor.py:183} INFO - Processing /opt/airflow/dags/thriddag.py took 0.039 seconds
[2024-06-26T14:16:01.065+0000] {processor.py:161} INFO - Started process (PID=804) to work on /opt/airflow/dags/thriddag.py
[2024-06-26T14:16:01.066+0000] {processor.py:830} INFO - Processing file /opt/airflow/dags/thriddag.py for tasks to queue
[2024-06-26T14:16:01.067+0000] {logging_mixin.py:188} INFO - [2024-06-26T14:16:01.067+0000] {dagbag.py:545} INFO - Filling up the DagBag from /opt/airflow/dags/thriddag.py
[2024-06-26T14:16:01.071+0000] {processor.py:840} INFO - DAG(s) 'thirddag' retrieved from /opt/airflow/dags/thriddag.py
[2024-06-26T14:16:01.084+0000] {logging_mixin.py:188} INFO - [2024-06-26T14:16:01.084+0000] {dag.py:3096} INFO - Sync 1 DAGs
[2024-06-26T14:16:01.090+0000] {logging_mixin.py:188} INFO - [2024-06-26T14:16:01.090+0000] {dag.py:3954} INFO - Setting next_dagrun for thirddag to None, run_after=None
[2024-06-26T14:16:01.100+0000] {processor.py:183} INFO - Processing /opt/airflow/dags/thriddag.py took 0.038 seconds
[2024-06-26T14:16:06.848+0000] {processor.py:161} INFO - Started process (PID=831) to work on /opt/airflow/dags/thriddag.py
[2024-06-26T14:16:06.848+0000] {processor.py:830} INFO - Processing file /opt/airflow/dags/thriddag.py for tasks to queue
[2024-06-26T14:16:06.849+0000] {logging_mixin.py:188} INFO - [2024-06-26T14:16:06.849+0000] {dagbag.py:545} INFO - Filling up the DagBag from /opt/airflow/dags/thriddag.py
[2024-06-26T14:16:06.854+0000] {processor.py:840} INFO - DAG(s) 'thirddag' retrieved from /opt/airflow/dags/thriddag.py
[2024-06-26T14:16:06.867+0000] {logging_mixin.py:188} INFO - [2024-06-26T14:16:06.867+0000] {dag.py:3096} INFO - Sync 1 DAGs
[2024-06-26T14:16:06.874+0000] {logging_mixin.py:188} INFO - [2024-06-26T14:16:06.874+0000] {dag.py:3954} INFO - Setting next_dagrun for thirddag to None, run_after=None
[2024-06-26T14:16:06.884+0000] {processor.py:183} INFO - Processing /opt/airflow/dags/thriddag.py took 0.040 seconds
[2024-06-26T14:16:12.671+0000] {processor.py:161} INFO - Started process (PID=858) to work on /opt/airflow/dags/thriddag.py
[2024-06-26T14:16:12.672+0000] {processor.py:830} INFO - Processing file /opt/airflow/dags/thriddag.py for tasks to queue
[2024-06-26T14:16:12.673+0000] {logging_mixin.py:188} INFO - [2024-06-26T14:16:12.673+0000] {dagbag.py:545} INFO - Filling up the DagBag from /opt/airflow/dags/thriddag.py
[2024-06-26T14:16:12.678+0000] {processor.py:840} INFO - DAG(s) 'thirddag' retrieved from /opt/airflow/dags/thriddag.py
[2024-06-26T14:16:12.692+0000] {logging_mixin.py:188} INFO - [2024-06-26T14:16:12.692+0000] {dag.py:3096} INFO - Sync 1 DAGs
[2024-06-26T14:16:12.698+0000] {logging_mixin.py:188} INFO - [2024-06-26T14:16:12.698+0000] {dag.py:3954} INFO - Setting next_dagrun for thirddag to None, run_after=None
[2024-06-26T14:16:12.709+0000] {processor.py:183} INFO - Processing /opt/airflow/dags/thriddag.py took 0.042 seconds
[2024-06-26T14:16:18.468+0000] {processor.py:161} INFO - Started process (PID=891) to work on /opt/airflow/dags/thriddag.py
[2024-06-26T14:16:18.468+0000] {processor.py:830} INFO - Processing file /opt/airflow/dags/thriddag.py for tasks to queue
[2024-06-26T14:16:18.469+0000] {logging_mixin.py:188} INFO - [2024-06-26T14:16:18.469+0000] {dagbag.py:545} INFO - Filling up the DagBag from /opt/airflow/dags/thriddag.py
[2024-06-26T14:16:18.473+0000] {processor.py:840} INFO - DAG(s) 'thirddag' retrieved from /opt/airflow/dags/thriddag.py
[2024-06-26T14:16:18.486+0000] {logging_mixin.py:188} INFO - [2024-06-26T14:16:18.486+0000] {dag.py:3096} INFO - Sync 1 DAGs
[2024-06-26T14:16:18.494+0000] {logging_mixin.py:188} INFO - [2024-06-26T14:16:18.493+0000] {dag.py:3954} INFO - Setting next_dagrun for thirddag to None, run_after=None
[2024-06-26T14:16:18.504+0000] {processor.py:183} INFO - Processing /opt/airflow/dags/thriddag.py took 0.040 seconds
[2024-06-26T14:16:24.231+0000] {processor.py:161} INFO - Started process (PID=918) to work on /opt/airflow/dags/thriddag.py
[2024-06-26T14:16:24.231+0000] {processor.py:830} INFO - Processing file /opt/airflow/dags/thriddag.py for tasks to queue
[2024-06-26T14:16:24.233+0000] {logging_mixin.py:188} INFO - [2024-06-26T14:16:24.233+0000] {dagbag.py:545} INFO - Filling up the DagBag from /opt/airflow/dags/thriddag.py
[2024-06-26T14:16:24.238+0000] {processor.py:840} INFO - DAG(s) 'thirddag' retrieved from /opt/airflow/dags/thriddag.py
[2024-06-26T14:16:24.251+0000] {logging_mixin.py:188} INFO - [2024-06-26T14:16:24.251+0000] {dag.py:3096} INFO - Sync 1 DAGs
[2024-06-26T14:16:24.258+0000] {logging_mixin.py:188} INFO - [2024-06-26T14:16:24.258+0000] {dag.py:3954} INFO - Setting next_dagrun for thirddag to None, run_after=None
[2024-06-26T14:16:24.268+0000] {processor.py:183} INFO - Processing /opt/airflow/dags/thriddag.py took 0.040 seconds
[2024-06-26T14:16:30.063+0000] {processor.py:161} INFO - Started process (PID=945) to work on /opt/airflow/dags/thriddag.py
[2024-06-26T14:16:30.063+0000] {processor.py:830} INFO - Processing file /opt/airflow/dags/thriddag.py for tasks to queue
[2024-06-26T14:16:30.065+0000] {logging_mixin.py:188} INFO - [2024-06-26T14:16:30.064+0000] {dagbag.py:545} INFO - Filling up the DagBag from /opt/airflow/dags/thriddag.py
[2024-06-26T14:16:30.069+0000] {processor.py:840} INFO - DAG(s) 'thirddag' retrieved from /opt/airflow/dags/thriddag.py
[2024-06-26T14:16:30.083+0000] {logging_mixin.py:188} INFO - [2024-06-26T14:16:30.082+0000] {dag.py:3096} INFO - Sync 1 DAGs
[2024-06-26T14:16:30.089+0000] {logging_mixin.py:188} INFO - [2024-06-26T14:16:30.089+0000] {dag.py:3954} INFO - Setting next_dagrun for thirddag to None, run_after=None
[2024-06-26T14:16:30.098+0000] {processor.py:183} INFO - Processing /opt/airflow/dags/thriddag.py took 0.038 seconds
[2024-06-26T14:16:35.872+0000] {processor.py:161} INFO - Started process (PID=972) to work on /opt/airflow/dags/thriddag.py
[2024-06-26T14:16:35.872+0000] {processor.py:830} INFO - Processing file /opt/airflow/dags/thriddag.py for tasks to queue
[2024-06-26T14:16:35.873+0000] {logging_mixin.py:188} INFO - [2024-06-26T14:16:35.873+0000] {dagbag.py:545} INFO - Filling up the DagBag from /opt/airflow/dags/thriddag.py
[2024-06-26T14:16:35.878+0000] {processor.py:840} INFO - DAG(s) 'thirddag' retrieved from /opt/airflow/dags/thriddag.py
[2024-06-26T14:16:35.889+0000] {logging_mixin.py:188} INFO - [2024-06-26T14:16:35.889+0000] {dag.py:3096} INFO - Sync 1 DAGs
[2024-06-26T14:16:35.896+0000] {logging_mixin.py:188} INFO - [2024-06-26T14:16:35.896+0000] {dag.py:3954} INFO - Setting next_dagrun for thirddag to None, run_after=None
[2024-06-26T14:16:35.905+0000] {processor.py:183} INFO - Processing /opt/airflow/dags/thriddag.py took 0.036 seconds
[2024-06-26T14:16:41.652+0000] {processor.py:161} INFO - Started process (PID=999) to work on /opt/airflow/dags/thriddag.py
[2024-06-26T14:16:41.652+0000] {processor.py:830} INFO - Processing file /opt/airflow/dags/thriddag.py for tasks to queue
[2024-06-26T14:16:41.653+0000] {logging_mixin.py:188} INFO - [2024-06-26T14:16:41.653+0000] {dagbag.py:545} INFO - Filling up the DagBag from /opt/airflow/dags/thriddag.py
[2024-06-26T14:16:41.658+0000] {processor.py:840} INFO - DAG(s) 'thirddag' retrieved from /opt/airflow/dags/thriddag.py
[2024-06-26T14:16:41.670+0000] {logging_mixin.py:188} INFO - [2024-06-26T14:16:41.670+0000] {dag.py:3096} INFO - Sync 1 DAGs
[2024-06-26T14:16:41.677+0000] {logging_mixin.py:188} INFO - [2024-06-26T14:16:41.677+0000] {dag.py:3954} INFO - Setting next_dagrun for thirddag to None, run_after=None
[2024-06-26T14:16:41.686+0000] {processor.py:183} INFO - Processing /opt/airflow/dags/thriddag.py took 0.037 seconds
[2024-06-26T14:16:47.484+0000] {processor.py:161} INFO - Started process (PID=1026) to work on /opt/airflow/dags/thriddag.py
[2024-06-26T14:16:47.485+0000] {processor.py:830} INFO - Processing file /opt/airflow/dags/thriddag.py for tasks to queue
[2024-06-26T14:16:47.485+0000] {logging_mixin.py:188} INFO - [2024-06-26T14:16:47.485+0000] {dagbag.py:545} INFO - Filling up the DagBag from /opt/airflow/dags/thriddag.py
[2024-06-26T14:16:47.490+0000] {processor.py:840} INFO - DAG(s) 'thirddag' retrieved from /opt/airflow/dags/thriddag.py
[2024-06-26T14:16:47.502+0000] {logging_mixin.py:188} INFO - [2024-06-26T14:16:47.502+0000] {dag.py:3096} INFO - Sync 1 DAGs
[2024-06-26T14:16:47.508+0000] {logging_mixin.py:188} INFO - [2024-06-26T14:16:47.508+0000] {dag.py:3954} INFO - Setting next_dagrun for thirddag to None, run_after=None
[2024-06-26T14:16:47.517+0000] {processor.py:183} INFO - Processing /opt/airflow/dags/thriddag.py took 0.037 seconds
[2024-06-26T14:16:53.259+0000] {processor.py:161} INFO - Started process (PID=1059) to work on /opt/airflow/dags/thriddag.py
[2024-06-26T14:16:53.260+0000] {processor.py:830} INFO - Processing file /opt/airflow/dags/thriddag.py for tasks to queue
[2024-06-26T14:16:53.260+0000] {logging_mixin.py:188} INFO - [2024-06-26T14:16:53.260+0000] {dagbag.py:545} INFO - Filling up the DagBag from /opt/airflow/dags/thriddag.py
[2024-06-26T14:16:53.265+0000] {processor.py:840} INFO - DAG(s) 'thirddag' retrieved from /opt/airflow/dags/thriddag.py
[2024-06-26T14:16:53.276+0000] {logging_mixin.py:188} INFO - [2024-06-26T14:16:53.276+0000] {dag.py:3096} INFO - Sync 1 DAGs
[2024-06-26T14:16:53.282+0000] {logging_mixin.py:188} INFO - [2024-06-26T14:16:53.282+0000] {dag.py:3954} INFO - Setting next_dagrun for thirddag to None, run_after=None
[2024-06-26T14:16:53.292+0000] {processor.py:183} INFO - Processing /opt/airflow/dags/thriddag.py took 0.035 seconds
[2024-06-26T14:16:59.116+0000] {processor.py:161} INFO - Started process (PID=1086) to work on /opt/airflow/dags/thriddag.py
[2024-06-26T14:16:59.117+0000] {processor.py:830} INFO - Processing file /opt/airflow/dags/thriddag.py for tasks to queue
[2024-06-26T14:16:59.119+0000] {logging_mixin.py:188} INFO - [2024-06-26T14:16:59.119+0000] {dagbag.py:545} INFO - Filling up the DagBag from /opt/airflow/dags/thriddag.py
[2024-06-26T14:16:59.125+0000] {processor.py:840} INFO - DAG(s) 'thirddag' retrieved from /opt/airflow/dags/thriddag.py
[2024-06-26T14:16:59.140+0000] {logging_mixin.py:188} INFO - [2024-06-26T14:16:59.140+0000] {dag.py:3096} INFO - Sync 1 DAGs
[2024-06-26T14:16:59.150+0000] {logging_mixin.py:188} INFO - [2024-06-26T14:16:59.150+0000] {dag.py:3954} INFO - Setting next_dagrun for thirddag to None, run_after=None
[2024-06-26T14:16:59.164+0000] {processor.py:183} INFO - Processing /opt/airflow/dags/thriddag.py took 0.053 seconds
[2024-06-26T14:17:04.874+0000] {processor.py:161} INFO - Started process (PID=1113) to work on /opt/airflow/dags/thriddag.py
[2024-06-26T14:17:04.874+0000] {processor.py:830} INFO - Processing file /opt/airflow/dags/thriddag.py for tasks to queue
[2024-06-26T14:17:04.875+0000] {logging_mixin.py:188} INFO - [2024-06-26T14:17:04.875+0000] {dagbag.py:545} INFO - Filling up the DagBag from /opt/airflow/dags/thriddag.py
[2024-06-26T14:17:04.880+0000] {processor.py:840} INFO - DAG(s) 'thirddag' retrieved from /opt/airflow/dags/thriddag.py
[2024-06-26T14:17:04.891+0000] {logging_mixin.py:188} INFO - [2024-06-26T14:17:04.891+0000] {dag.py:3096} INFO - Sync 1 DAGs
[2024-06-26T14:17:04.898+0000] {logging_mixin.py:188} INFO - [2024-06-26T14:17:04.898+0000] {dag.py:3954} INFO - Setting next_dagrun for thirddag to None, run_after=None
[2024-06-26T14:17:04.907+0000] {processor.py:183} INFO - Processing /opt/airflow/dags/thriddag.py took 0.036 seconds
[2024-06-26T14:17:10.682+0000] {processor.py:161} INFO - Started process (PID=1140) to work on /opt/airflow/dags/thriddag.py
[2024-06-26T14:17:10.682+0000] {processor.py:830} INFO - Processing file /opt/airflow/dags/thriddag.py for tasks to queue
[2024-06-26T14:17:10.683+0000] {logging_mixin.py:188} INFO - [2024-06-26T14:17:10.683+0000] {dagbag.py:545} INFO - Filling up the DagBag from /opt/airflow/dags/thriddag.py
[2024-06-26T14:17:10.687+0000] {processor.py:840} INFO - DAG(s) 'thirddag' retrieved from /opt/airflow/dags/thriddag.py
[2024-06-26T14:17:10.699+0000] {logging_mixin.py:188} INFO - [2024-06-26T14:17:10.699+0000] {dag.py:3096} INFO - Sync 1 DAGs
[2024-06-26T14:17:10.705+0000] {logging_mixin.py:188} INFO - [2024-06-26T14:17:10.705+0000] {dag.py:3954} INFO - Setting next_dagrun for thirddag to None, run_after=None
[2024-06-26T14:17:10.713+0000] {processor.py:183} INFO - Processing /opt/airflow/dags/thriddag.py took 0.035 seconds
[2024-06-26T14:17:16.484+0000] {processor.py:161} INFO - Started process (PID=1167) to work on /opt/airflow/dags/thriddag.py
[2024-06-26T14:17:16.485+0000] {processor.py:830} INFO - Processing file /opt/airflow/dags/thriddag.py for tasks to queue
[2024-06-26T14:17:16.486+0000] {logging_mixin.py:188} INFO - [2024-06-26T14:17:16.486+0000] {dagbag.py:545} INFO - Filling up the DagBag from /opt/airflow/dags/thriddag.py
[2024-06-26T14:17:16.490+0000] {processor.py:840} INFO - DAG(s) 'thirddag' retrieved from /opt/airflow/dags/thriddag.py
[2024-06-26T14:17:16.502+0000] {logging_mixin.py:188} INFO - [2024-06-26T14:17:16.502+0000] {dag.py:3096} INFO - Sync 1 DAGs
[2024-06-26T14:17:16.508+0000] {logging_mixin.py:188} INFO - [2024-06-26T14:17:16.508+0000] {dag.py:3954} INFO - Setting next_dagrun for thirddag to None, run_after=None
[2024-06-26T14:17:16.516+0000] {processor.py:183} INFO - Processing /opt/airflow/dags/thriddag.py took 0.035 seconds
[2024-06-26T14:17:22.218+0000] {processor.py:161} INFO - Started process (PID=1200) to work on /opt/airflow/dags/thriddag.py
[2024-06-26T14:17:22.219+0000] {processor.py:830} INFO - Processing file /opt/airflow/dags/thriddag.py for tasks to queue
[2024-06-26T14:17:22.220+0000] {logging_mixin.py:188} INFO - [2024-06-26T14:17:22.220+0000] {dagbag.py:545} INFO - Filling up the DagBag from /opt/airflow/dags/thriddag.py
[2024-06-26T14:17:22.225+0000] {processor.py:840} INFO - DAG(s) 'thirddag' retrieved from /opt/airflow/dags/thriddag.py
[2024-06-26T14:17:22.238+0000] {logging_mixin.py:188} INFO - [2024-06-26T14:17:22.238+0000] {dag.py:3096} INFO - Sync 1 DAGs
[2024-06-26T14:17:22.247+0000] {logging_mixin.py:188} INFO - [2024-06-26T14:17:22.247+0000] {dag.py:3954} INFO - Setting next_dagrun for thirddag to None, run_after=None
[2024-06-26T14:17:22.256+0000] {processor.py:183} INFO - Processing /opt/airflow/dags/thriddag.py took 0.042 seconds
[2024-06-26T14:17:27.941+0000] {processor.py:161} INFO - Started process (PID=1227) to work on /opt/airflow/dags/thriddag.py
[2024-06-26T14:17:27.941+0000] {processor.py:830} INFO - Processing file /opt/airflow/dags/thriddag.py for tasks to queue
[2024-06-26T14:17:27.942+0000] {logging_mixin.py:188} INFO - [2024-06-26T14:17:27.942+0000] {dagbag.py:545} INFO - Filling up the DagBag from /opt/airflow/dags/thriddag.py
[2024-06-26T14:17:27.947+0000] {processor.py:840} INFO - DAG(s) 'thirddag' retrieved from /opt/airflow/dags/thriddag.py
[2024-06-26T14:17:27.959+0000] {logging_mixin.py:188} INFO - [2024-06-26T14:17:27.959+0000] {dag.py:3096} INFO - Sync 1 DAGs
[2024-06-26T14:17:27.965+0000] {logging_mixin.py:188} INFO - [2024-06-26T14:17:27.965+0000] {dag.py:3954} INFO - Setting next_dagrun for thirddag to None, run_after=None
[2024-06-26T14:17:27.975+0000] {processor.py:183} INFO - Processing /opt/airflow/dags/thriddag.py took 0.037 seconds
[2024-06-26T14:17:33.668+0000] {processor.py:161} INFO - Started process (PID=1254) to work on /opt/airflow/dags/thriddag.py
[2024-06-26T14:17:33.668+0000] {processor.py:830} INFO - Processing file /opt/airflow/dags/thriddag.py for tasks to queue
[2024-06-26T14:17:33.669+0000] {logging_mixin.py:188} INFO - [2024-06-26T14:17:33.669+0000] {dagbag.py:545} INFO - Filling up the DagBag from /opt/airflow/dags/thriddag.py
[2024-06-26T14:17:33.674+0000] {processor.py:840} INFO - DAG(s) 'thirddag' retrieved from /opt/airflow/dags/thriddag.py
[2024-06-26T14:17:33.686+0000] {logging_mixin.py:188} INFO - [2024-06-26T14:17:33.686+0000] {dag.py:3096} INFO - Sync 1 DAGs
[2024-06-26T14:17:33.692+0000] {logging_mixin.py:188} INFO - [2024-06-26T14:17:33.692+0000] {dag.py:3954} INFO - Setting next_dagrun for thirddag to None, run_after=None
[2024-06-26T14:17:33.701+0000] {processor.py:183} INFO - Processing /opt/airflow/dags/thriddag.py took 0.037 seconds
[2024-06-26T14:17:39.425+0000] {processor.py:161} INFO - Started process (PID=1281) to work on /opt/airflow/dags/thriddag.py
[2024-06-26T14:17:39.426+0000] {processor.py:830} INFO - Processing file /opt/airflow/dags/thriddag.py for tasks to queue
[2024-06-26T14:17:39.426+0000] {logging_mixin.py:188} INFO - [2024-06-26T14:17:39.426+0000] {dagbag.py:545} INFO - Filling up the DagBag from /opt/airflow/dags/thriddag.py
[2024-06-26T14:17:39.431+0000] {processor.py:840} INFO - DAG(s) 'thirddag' retrieved from /opt/airflow/dags/thriddag.py
[2024-06-26T14:17:39.443+0000] {logging_mixin.py:188} INFO - [2024-06-26T14:17:39.442+0000] {dag.py:3096} INFO - Sync 1 DAGs
[2024-06-26T14:17:39.449+0000] {logging_mixin.py:188} INFO - [2024-06-26T14:17:39.449+0000] {dag.py:3954} INFO - Setting next_dagrun for thirddag to None, run_after=None
[2024-06-26T14:17:39.458+0000] {processor.py:183} INFO - Processing /opt/airflow/dags/thriddag.py took 0.036 seconds
[2024-06-26T14:17:45.177+0000] {processor.py:161} INFO - Started process (PID=1308) to work on /opt/airflow/dags/thriddag.py
[2024-06-26T14:17:45.177+0000] {processor.py:830} INFO - Processing file /opt/airflow/dags/thriddag.py for tasks to queue
[2024-06-26T14:17:45.178+0000] {logging_mixin.py:188} INFO - [2024-06-26T14:17:45.178+0000] {dagbag.py:545} INFO - Filling up the DagBag from /opt/airflow/dags/thriddag.py
[2024-06-26T14:17:45.183+0000] {processor.py:840} INFO - DAG(s) 'thirddag' retrieved from /opt/airflow/dags/thriddag.py
[2024-06-26T14:17:45.194+0000] {logging_mixin.py:188} INFO - [2024-06-26T14:17:45.194+0000] {dag.py:3096} INFO - Sync 1 DAGs
[2024-06-26T14:17:45.200+0000] {logging_mixin.py:188} INFO - [2024-06-26T14:17:45.200+0000] {dag.py:3954} INFO - Setting next_dagrun for thirddag to None, run_after=None
[2024-06-26T14:17:45.209+0000] {processor.py:183} INFO - Processing /opt/airflow/dags/thriddag.py took 0.036 seconds
[2024-06-26T14:17:51.005+0000] {processor.py:161} INFO - Started process (PID=1341) to work on /opt/airflow/dags/thriddag.py
[2024-06-26T14:17:51.005+0000] {processor.py:830} INFO - Processing file /opt/airflow/dags/thriddag.py for tasks to queue
[2024-06-26T14:17:51.006+0000] {logging_mixin.py:188} INFO - [2024-06-26T14:17:51.006+0000] {dagbag.py:545} INFO - Filling up the DagBag from /opt/airflow/dags/thriddag.py
[2024-06-26T14:17:51.011+0000] {processor.py:840} INFO - DAG(s) 'thirddag' retrieved from /opt/airflow/dags/thriddag.py
[2024-06-26T14:17:51.023+0000] {logging_mixin.py:188} INFO - [2024-06-26T14:17:51.023+0000] {dag.py:3096} INFO - Sync 1 DAGs
[2024-06-26T14:17:51.029+0000] {logging_mixin.py:188} INFO - [2024-06-26T14:17:51.029+0000] {dag.py:3954} INFO - Setting next_dagrun for thirddag to None, run_after=None
[2024-06-26T14:17:51.038+0000] {processor.py:183} INFO - Processing /opt/airflow/dags/thriddag.py took 0.037 seconds
[2024-06-26T14:17:56.731+0000] {processor.py:161} INFO - Started process (PID=1368) to work on /opt/airflow/dags/thriddag.py
[2024-06-26T14:17:56.731+0000] {processor.py:830} INFO - Processing file /opt/airflow/dags/thriddag.py for tasks to queue
[2024-06-26T14:17:56.732+0000] {logging_mixin.py:188} INFO - [2024-06-26T14:17:56.732+0000] {dagbag.py:545} INFO - Filling up the DagBag from /opt/airflow/dags/thriddag.py
[2024-06-26T14:17:56.737+0000] {processor.py:840} INFO - DAG(s) 'thirddag' retrieved from /opt/airflow/dags/thriddag.py
[2024-06-26T14:17:56.750+0000] {logging_mixin.py:188} INFO - [2024-06-26T14:17:56.749+0000] {dag.py:3096} INFO - Sync 1 DAGs
[2024-06-26T14:17:56.756+0000] {logging_mixin.py:188} INFO - [2024-06-26T14:17:56.756+0000] {dag.py:3954} INFO - Setting next_dagrun for thirddag to None, run_after=None
[2024-06-26T14:17:56.766+0000] {processor.py:183} INFO - Processing /opt/airflow/dags/thriddag.py took 0.038 seconds
[2024-06-26T14:18:02.481+0000] {processor.py:161} INFO - Started process (PID=1395) to work on /opt/airflow/dags/thriddag.py
[2024-06-26T14:18:02.482+0000] {processor.py:830} INFO - Processing file /opt/airflow/dags/thriddag.py for tasks to queue
[2024-06-26T14:18:02.483+0000] {logging_mixin.py:188} INFO - [2024-06-26T14:18:02.482+0000] {dagbag.py:545} INFO - Filling up the DagBag from /opt/airflow/dags/thriddag.py
[2024-06-26T14:18:02.487+0000] {processor.py:840} INFO - DAG(s) 'thirddag' retrieved from /opt/airflow/dags/thriddag.py
[2024-06-26T14:18:02.499+0000] {logging_mixin.py:188} INFO - [2024-06-26T14:18:02.499+0000] {dag.py:3096} INFO - Sync 1 DAGs
[2024-06-26T14:18:02.505+0000] {logging_mixin.py:188} INFO - [2024-06-26T14:18:02.505+0000] {dag.py:3954} INFO - Setting next_dagrun for thirddag to None, run_after=None
[2024-06-26T14:18:02.514+0000] {processor.py:183} INFO - Processing /opt/airflow/dags/thriddag.py took 0.037 seconds
