[2024-06-26T14:13:29.841+0000] {processor.py:161} INFO - Started process (PID=57) to work on /opt/airflow/dags/triggerdag2.py
[2024-06-26T14:13:29.841+0000] {processor.py:830} INFO - Processing file /opt/airflow/dags/triggerdag2.py for tasks to queue
[2024-06-26T14:13:29.842+0000] {logging_mixin.py:188} INFO - [2024-06-26T14:13:29.842+0000] {dagbag.py:545} INFO - Filling up the DagBag from /opt/airflow/dags/triggerdag2.py
[2024-06-26T14:13:29.846+0000] {processor.py:840} INFO - DAG(s) 'second_trigger_dag' retrieved from /opt/airflow/dags/triggerdag2.py
[2024-06-26T14:13:29.902+0000] {logging_mixin.py:188} INFO - [2024-06-26T14:13:29.902+0000] {dag.py:3096} INFO - Sync 1 DAGs
[2024-06-26T14:13:29.908+0000] {logging_mixin.py:188} INFO - [2024-06-26T14:13:29.907+0000] {dag.py:3954} INFO - Setting next_dagrun for second_trigger_dag to None, run_after=None
[2024-06-26T14:13:29.917+0000] {processor.py:183} INFO - Processing /opt/airflow/dags/triggerdag2.py took 0.079 seconds
[2024-06-26T14:13:35.702+0000] {processor.py:161} INFO - Started process (PID=84) to work on /opt/airflow/dags/triggerdag2.py
[2024-06-26T14:13:35.703+0000] {processor.py:830} INFO - Processing file /opt/airflow/dags/triggerdag2.py for tasks to queue
[2024-06-26T14:13:35.704+0000] {logging_mixin.py:188} INFO - [2024-06-26T14:13:35.704+0000] {dagbag.py:545} INFO - Filling up the DagBag from /opt/airflow/dags/triggerdag2.py
[2024-06-26T14:13:35.711+0000] {processor.py:840} INFO - DAG(s) 'second_trigger_dag' retrieved from /opt/airflow/dags/triggerdag2.py
[2024-06-26T14:13:35.719+0000] {logging_mixin.py:188} INFO - [2024-06-26T14:13:35.718+0000] {dag.py:3096} INFO - Sync 1 DAGs
[2024-06-26T14:13:35.728+0000] {logging_mixin.py:188} INFO - [2024-06-26T14:13:35.728+0000] {dag.py:3954} INFO - Setting next_dagrun for second_trigger_dag to None, run_after=None
[2024-06-26T14:13:35.738+0000] {processor.py:183} INFO - Processing /opt/airflow/dags/triggerdag2.py took 0.040 seconds
[2024-06-26T14:13:41.524+0000] {processor.py:161} INFO - Started process (PID=111) to work on /opt/airflow/dags/triggerdag2.py
[2024-06-26T14:13:41.524+0000] {processor.py:830} INFO - Processing file /opt/airflow/dags/triggerdag2.py for tasks to queue
[2024-06-26T14:13:41.525+0000] {logging_mixin.py:188} INFO - [2024-06-26T14:13:41.525+0000] {dagbag.py:545} INFO - Filling up the DagBag from /opt/airflow/dags/triggerdag2.py
[2024-06-26T14:13:41.530+0000] {processor.py:840} INFO - DAG(s) 'second_trigger_dag' retrieved from /opt/airflow/dags/triggerdag2.py
[2024-06-26T14:13:41.536+0000] {logging_mixin.py:188} INFO - [2024-06-26T14:13:41.536+0000] {dag.py:3096} INFO - Sync 1 DAGs
[2024-06-26T14:13:41.543+0000] {logging_mixin.py:188} INFO - [2024-06-26T14:13:41.542+0000] {dag.py:3954} INFO - Setting next_dagrun for second_trigger_dag to None, run_after=None
[2024-06-26T14:13:41.551+0000] {processor.py:183} INFO - Processing /opt/airflow/dags/triggerdag2.py took 0.030 seconds
[2024-06-26T14:13:47.322+0000] {processor.py:161} INFO - Started process (PID=139) to work on /opt/airflow/dags/triggerdag2.py
[2024-06-26T14:13:47.322+0000] {processor.py:830} INFO - Processing file /opt/airflow/dags/triggerdag2.py for tasks to queue
[2024-06-26T14:13:47.324+0000] {logging_mixin.py:188} INFO - [2024-06-26T14:13:47.324+0000] {dagbag.py:545} INFO - Filling up the DagBag from /opt/airflow/dags/triggerdag2.py
[2024-06-26T14:13:47.329+0000] {processor.py:840} INFO - DAG(s) 'second_trigger_dag' retrieved from /opt/airflow/dags/triggerdag2.py
[2024-06-26T14:13:47.337+0000] {logging_mixin.py:188} INFO - [2024-06-26T14:13:47.337+0000] {dag.py:3096} INFO - Sync 1 DAGs
[2024-06-26T14:13:47.345+0000] {logging_mixin.py:188} INFO - [2024-06-26T14:13:47.344+0000] {dag.py:3954} INFO - Setting next_dagrun for second_trigger_dag to None, run_after=None
[2024-06-26T14:13:47.357+0000] {processor.py:183} INFO - Processing /opt/airflow/dags/triggerdag2.py took 0.041 seconds
[2024-06-26T14:13:52.961+0000] {processor.py:161} INFO - Started process (PID=171) to work on /opt/airflow/dags/triggerdag2.py
[2024-06-26T14:13:52.961+0000] {processor.py:830} INFO - Processing file /opt/airflow/dags/triggerdag2.py for tasks to queue
[2024-06-26T14:13:52.962+0000] {logging_mixin.py:188} INFO - [2024-06-26T14:13:52.962+0000] {dagbag.py:545} INFO - Filling up the DagBag from /opt/airflow/dags/triggerdag2.py
[2024-06-26T14:13:52.967+0000] {processor.py:840} INFO - DAG(s) 'second_trigger_dag' retrieved from /opt/airflow/dags/triggerdag2.py
[2024-06-26T14:13:52.973+0000] {logging_mixin.py:188} INFO - [2024-06-26T14:13:52.973+0000] {dag.py:3096} INFO - Sync 1 DAGs
[2024-06-26T14:13:52.980+0000] {logging_mixin.py:188} INFO - [2024-06-26T14:13:52.979+0000] {dag.py:3954} INFO - Setting next_dagrun for second_trigger_dag to None, run_after=None
[2024-06-26T14:13:52.989+0000] {processor.py:183} INFO - Processing /opt/airflow/dags/triggerdag2.py took 0.032 seconds
[2024-06-26T14:13:59.005+0000] {processor.py:161} INFO - Started process (PID=211) to work on /opt/airflow/dags/triggerdag2.py
[2024-06-26T14:13:59.005+0000] {processor.py:830} INFO - Processing file /opt/airflow/dags/triggerdag2.py for tasks to queue
[2024-06-26T14:13:59.006+0000] {logging_mixin.py:188} INFO - [2024-06-26T14:13:59.006+0000] {dagbag.py:545} INFO - Filling up the DagBag from /opt/airflow/dags/triggerdag2.py
[2024-06-26T14:13:59.012+0000] {processor.py:840} INFO - DAG(s) 'second_trigger_dag' retrieved from /opt/airflow/dags/triggerdag2.py
[2024-06-26T14:13:59.018+0000] {logging_mixin.py:188} INFO - [2024-06-26T14:13:59.018+0000] {dag.py:3096} INFO - Sync 1 DAGs
[2024-06-26T14:13:59.025+0000] {logging_mixin.py:188} INFO - [2024-06-26T14:13:59.025+0000] {dag.py:3954} INFO - Setting next_dagrun for second_trigger_dag to None, run_after=None
[2024-06-26T14:13:59.035+0000] {processor.py:183} INFO - Processing /opt/airflow/dags/triggerdag2.py took 0.033 seconds
[2024-06-26T14:14:04.771+0000] {processor.py:161} INFO - Started process (PID=238) to work on /opt/airflow/dags/triggerdag2.py
[2024-06-26T14:14:04.772+0000] {processor.py:830} INFO - Processing file /opt/airflow/dags/triggerdag2.py for tasks to queue
[2024-06-26T14:14:04.773+0000] {logging_mixin.py:188} INFO - [2024-06-26T14:14:04.772+0000] {dagbag.py:545} INFO - Filling up the DagBag from /opt/airflow/dags/triggerdag2.py
[2024-06-26T14:14:04.777+0000] {processor.py:840} INFO - DAG(s) 'second_trigger_dag' retrieved from /opt/airflow/dags/triggerdag2.py
[2024-06-26T14:14:04.790+0000] {logging_mixin.py:188} INFO - [2024-06-26T14:14:04.790+0000] {dag.py:3096} INFO - Sync 1 DAGs
[2024-06-26T14:14:04.796+0000] {logging_mixin.py:188} INFO - [2024-06-26T14:14:04.796+0000] {dag.py:3954} INFO - Setting next_dagrun for second_trigger_dag to None, run_after=None
[2024-06-26T14:14:04.806+0000] {processor.py:183} INFO - Processing /opt/airflow/dags/triggerdag2.py took 0.039 seconds
[2024-06-26T14:14:10.731+0000] {processor.py:161} INFO - Started process (PID=265) to work on /opt/airflow/dags/triggerdag2.py
[2024-06-26T14:14:10.731+0000] {processor.py:830} INFO - Processing file /opt/airflow/dags/triggerdag2.py for tasks to queue
[2024-06-26T14:14:10.732+0000] {logging_mixin.py:188} INFO - [2024-06-26T14:14:10.732+0000] {dagbag.py:545} INFO - Filling up the DagBag from /opt/airflow/dags/triggerdag2.py
[2024-06-26T14:14:10.737+0000] {processor.py:840} INFO - DAG(s) 'second_trigger_dag' retrieved from /opt/airflow/dags/triggerdag2.py
[2024-06-26T14:14:10.750+0000] {logging_mixin.py:188} INFO - [2024-06-26T14:14:10.749+0000] {dag.py:3096} INFO - Sync 1 DAGs
[2024-06-26T14:14:10.756+0000] {logging_mixin.py:188} INFO - [2024-06-26T14:14:10.756+0000] {dag.py:3954} INFO - Setting next_dagrun for second_trigger_dag to None, run_after=None
[2024-06-26T14:14:10.766+0000] {processor.py:183} INFO - Processing /opt/airflow/dags/triggerdag2.py took 0.038 seconds
[2024-06-26T14:14:16.494+0000] {processor.py:161} INFO - Started process (PID=292) to work on /opt/airflow/dags/triggerdag2.py
[2024-06-26T14:14:16.494+0000] {processor.py:830} INFO - Processing file /opt/airflow/dags/triggerdag2.py for tasks to queue
[2024-06-26T14:14:16.496+0000] {logging_mixin.py:188} INFO - [2024-06-26T14:14:16.496+0000] {dagbag.py:545} INFO - Filling up the DagBag from /opt/airflow/dags/triggerdag2.py
[2024-06-26T14:14:16.501+0000] {processor.py:840} INFO - DAG(s) 'second_trigger_dag' retrieved from /opt/airflow/dags/triggerdag2.py
[2024-06-26T14:14:16.514+0000] {logging_mixin.py:188} INFO - [2024-06-26T14:14:16.514+0000] {dag.py:3096} INFO - Sync 1 DAGs
[2024-06-26T14:14:16.520+0000] {logging_mixin.py:188} INFO - [2024-06-26T14:14:16.520+0000] {dag.py:3954} INFO - Setting next_dagrun for second_trigger_dag to None, run_after=None
[2024-06-26T14:14:16.530+0000] {processor.py:183} INFO - Processing /opt/airflow/dags/triggerdag2.py took 0.040 seconds
[2024-06-26T14:14:22.262+0000] {processor.py:161} INFO - Started process (PID=325) to work on /opt/airflow/dags/triggerdag2.py
[2024-06-26T14:14:22.263+0000] {processor.py:830} INFO - Processing file /opt/airflow/dags/triggerdag2.py for tasks to queue
[2024-06-26T14:14:22.264+0000] {logging_mixin.py:188} INFO - [2024-06-26T14:14:22.264+0000] {dagbag.py:545} INFO - Filling up the DagBag from /opt/airflow/dags/triggerdag2.py
[2024-06-26T14:14:22.270+0000] {processor.py:840} INFO - DAG(s) 'second_trigger_dag' retrieved from /opt/airflow/dags/triggerdag2.py
[2024-06-26T14:14:22.281+0000] {logging_mixin.py:188} INFO - [2024-06-26T14:14:22.281+0000] {dag.py:3096} INFO - Sync 1 DAGs
[2024-06-26T14:14:22.288+0000] {logging_mixin.py:188} INFO - [2024-06-26T14:14:22.288+0000] {dag.py:3954} INFO - Setting next_dagrun for second_trigger_dag to None, run_after=None
[2024-06-26T14:14:22.298+0000] {processor.py:183} INFO - Processing /opt/airflow/dags/triggerdag2.py took 0.039 seconds
[2024-06-26T14:14:28.107+0000] {processor.py:161} INFO - Started process (PID=352) to work on /opt/airflow/dags/triggerdag2.py
[2024-06-26T14:14:28.107+0000] {processor.py:830} INFO - Processing file /opt/airflow/dags/triggerdag2.py for tasks to queue
[2024-06-26T14:14:28.108+0000] {logging_mixin.py:188} INFO - [2024-06-26T14:14:28.108+0000] {dagbag.py:545} INFO - Filling up the DagBag from /opt/airflow/dags/triggerdag2.py
[2024-06-26T14:14:28.114+0000] {processor.py:840} INFO - DAG(s) 'second_trigger_dag' retrieved from /opt/airflow/dags/triggerdag2.py
[2024-06-26T14:14:28.130+0000] {logging_mixin.py:188} INFO - [2024-06-26T14:14:28.129+0000] {dag.py:3096} INFO - Sync 1 DAGs
[2024-06-26T14:14:28.139+0000] {logging_mixin.py:188} INFO - [2024-06-26T14:14:28.138+0000] {dag.py:3954} INFO - Setting next_dagrun for second_trigger_dag to None, run_after=None
[2024-06-26T14:14:28.150+0000] {processor.py:183} INFO - Processing /opt/airflow/dags/triggerdag2.py took 0.048 seconds
[2024-06-26T14:14:33.920+0000] {processor.py:161} INFO - Started process (PID=379) to work on /opt/airflow/dags/triggerdag2.py
[2024-06-26T14:14:33.921+0000] {processor.py:830} INFO - Processing file /opt/airflow/dags/triggerdag2.py for tasks to queue
[2024-06-26T14:14:33.922+0000] {logging_mixin.py:188} INFO - [2024-06-26T14:14:33.921+0000] {dagbag.py:545} INFO - Filling up the DagBag from /opt/airflow/dags/triggerdag2.py
[2024-06-26T14:14:33.926+0000] {processor.py:840} INFO - DAG(s) 'second_trigger_dag' retrieved from /opt/airflow/dags/triggerdag2.py
[2024-06-26T14:14:33.939+0000] {logging_mixin.py:188} INFO - [2024-06-26T14:14:33.939+0000] {dag.py:3096} INFO - Sync 1 DAGs
[2024-06-26T14:14:33.946+0000] {logging_mixin.py:188} INFO - [2024-06-26T14:14:33.946+0000] {dag.py:3954} INFO - Setting next_dagrun for second_trigger_dag to None, run_after=None
[2024-06-26T14:14:33.955+0000] {processor.py:183} INFO - Processing /opt/airflow/dags/triggerdag2.py took 0.038 seconds
[2024-06-26T14:14:39.708+0000] {processor.py:161} INFO - Started process (PID=406) to work on /opt/airflow/dags/triggerdag2.py
[2024-06-26T14:14:39.709+0000] {processor.py:830} INFO - Processing file /opt/airflow/dags/triggerdag2.py for tasks to queue
[2024-06-26T14:14:39.710+0000] {logging_mixin.py:188} INFO - [2024-06-26T14:14:39.710+0000] {dagbag.py:545} INFO - Filling up the DagBag from /opt/airflow/dags/triggerdag2.py
[2024-06-26T14:14:39.715+0000] {processor.py:840} INFO - DAG(s) 'second_trigger_dag' retrieved from /opt/airflow/dags/triggerdag2.py
[2024-06-26T14:14:39.727+0000] {logging_mixin.py:188} INFO - [2024-06-26T14:14:39.727+0000] {dag.py:3096} INFO - Sync 1 DAGs
[2024-06-26T14:14:39.734+0000] {logging_mixin.py:188} INFO - [2024-06-26T14:14:39.734+0000] {dag.py:3954} INFO - Setting next_dagrun for second_trigger_dag to None, run_after=None
[2024-06-26T14:14:39.743+0000] {processor.py:183} INFO - Processing /opt/airflow/dags/triggerdag2.py took 0.038 seconds
[2024-06-26T14:14:45.460+0000] {processor.py:161} INFO - Started process (PID=433) to work on /opt/airflow/dags/triggerdag2.py
[2024-06-26T14:14:45.460+0000] {processor.py:830} INFO - Processing file /opt/airflow/dags/triggerdag2.py for tasks to queue
[2024-06-26T14:14:45.461+0000] {logging_mixin.py:188} INFO - [2024-06-26T14:14:45.461+0000] {dagbag.py:545} INFO - Filling up the DagBag from /opt/airflow/dags/triggerdag2.py
[2024-06-26T14:14:45.466+0000] {processor.py:840} INFO - DAG(s) 'second_trigger_dag' retrieved from /opt/airflow/dags/triggerdag2.py
[2024-06-26T14:14:45.478+0000] {logging_mixin.py:188} INFO - [2024-06-26T14:14:45.478+0000] {dag.py:3096} INFO - Sync 1 DAGs
[2024-06-26T14:14:45.484+0000] {logging_mixin.py:188} INFO - [2024-06-26T14:14:45.484+0000] {dag.py:3954} INFO - Setting next_dagrun for second_trigger_dag to None, run_after=None
[2024-06-26T14:14:45.494+0000] {processor.py:183} INFO - Processing /opt/airflow/dags/triggerdag2.py took 0.037 seconds
[2024-06-26T14:14:51.172+0000] {processor.py:161} INFO - Started process (PID=466) to work on /opt/airflow/dags/triggerdag2.py
[2024-06-26T14:14:51.172+0000] {processor.py:830} INFO - Processing file /opt/airflow/dags/triggerdag2.py for tasks to queue
[2024-06-26T14:14:51.173+0000] {logging_mixin.py:188} INFO - [2024-06-26T14:14:51.173+0000] {dagbag.py:545} INFO - Filling up the DagBag from /opt/airflow/dags/triggerdag2.py
[2024-06-26T14:14:51.179+0000] {processor.py:840} INFO - DAG(s) 'second_trigger_dag' retrieved from /opt/airflow/dags/triggerdag2.py
[2024-06-26T14:14:51.191+0000] {logging_mixin.py:188} INFO - [2024-06-26T14:14:51.191+0000] {dag.py:3096} INFO - Sync 1 DAGs
[2024-06-26T14:14:51.199+0000] {logging_mixin.py:188} INFO - [2024-06-26T14:14:51.199+0000] {dag.py:3954} INFO - Setting next_dagrun for second_trigger_dag to None, run_after=None
[2024-06-26T14:14:51.210+0000] {processor.py:183} INFO - Processing /opt/airflow/dags/triggerdag2.py took 0.041 seconds
[2024-06-26T14:14:57.016+0000] {processor.py:161} INFO - Started process (PID=493) to work on /opt/airflow/dags/triggerdag2.py
[2024-06-26T14:14:57.017+0000] {processor.py:830} INFO - Processing file /opt/airflow/dags/triggerdag2.py for tasks to queue
[2024-06-26T14:14:57.018+0000] {logging_mixin.py:188} INFO - [2024-06-26T14:14:57.018+0000] {dagbag.py:545} INFO - Filling up the DagBag from /opt/airflow/dags/triggerdag2.py
[2024-06-26T14:14:57.023+0000] {processor.py:840} INFO - DAG(s) 'second_trigger_dag' retrieved from /opt/airflow/dags/triggerdag2.py
[2024-06-26T14:14:57.035+0000] {logging_mixin.py:188} INFO - [2024-06-26T14:14:57.035+0000] {dag.py:3096} INFO - Sync 1 DAGs
[2024-06-26T14:14:57.042+0000] {logging_mixin.py:188} INFO - [2024-06-26T14:14:57.042+0000] {dag.py:3954} INFO - Setting next_dagrun for second_trigger_dag to None, run_after=None
[2024-06-26T14:14:57.052+0000] {processor.py:183} INFO - Processing /opt/airflow/dags/triggerdag2.py took 0.041 seconds
[2024-06-26T14:15:02.789+0000] {processor.py:161} INFO - Started process (PID=520) to work on /opt/airflow/dags/triggerdag2.py
[2024-06-26T14:15:02.790+0000] {processor.py:830} INFO - Processing file /opt/airflow/dags/triggerdag2.py for tasks to queue
[2024-06-26T14:15:02.791+0000] {logging_mixin.py:188} INFO - [2024-06-26T14:15:02.791+0000] {dagbag.py:545} INFO - Filling up the DagBag from /opt/airflow/dags/triggerdag2.py
[2024-06-26T14:15:02.796+0000] {processor.py:840} INFO - DAG(s) 'second_trigger_dag' retrieved from /opt/airflow/dags/triggerdag2.py
[2024-06-26T14:15:02.809+0000] {logging_mixin.py:188} INFO - [2024-06-26T14:15:02.809+0000] {dag.py:3096} INFO - Sync 1 DAGs
[2024-06-26T14:15:02.817+0000] {logging_mixin.py:188} INFO - [2024-06-26T14:15:02.817+0000] {dag.py:3954} INFO - Setting next_dagrun for second_trigger_dag to None, run_after=None
[2024-06-26T14:15:02.828+0000] {processor.py:183} INFO - Processing /opt/airflow/dags/triggerdag2.py took 0.042 seconds
[2024-06-26T14:15:08.623+0000] {processor.py:161} INFO - Started process (PID=547) to work on /opt/airflow/dags/triggerdag2.py
[2024-06-26T14:15:08.623+0000] {processor.py:830} INFO - Processing file /opt/airflow/dags/triggerdag2.py for tasks to queue
[2024-06-26T14:15:08.624+0000] {logging_mixin.py:188} INFO - [2024-06-26T14:15:08.624+0000] {dagbag.py:545} INFO - Filling up the DagBag from /opt/airflow/dags/triggerdag2.py
[2024-06-26T14:15:08.630+0000] {processor.py:840} INFO - DAG(s) 'second_trigger_dag' retrieved from /opt/airflow/dags/triggerdag2.py
[2024-06-26T14:15:08.642+0000] {logging_mixin.py:188} INFO - [2024-06-26T14:15:08.642+0000] {dag.py:3096} INFO - Sync 1 DAGs
[2024-06-26T14:15:08.650+0000] {logging_mixin.py:188} INFO - [2024-06-26T14:15:08.649+0000] {dag.py:3954} INFO - Setting next_dagrun for second_trigger_dag to None, run_after=None
[2024-06-26T14:15:08.659+0000] {processor.py:183} INFO - Processing /opt/airflow/dags/triggerdag2.py took 0.039 seconds
[2024-06-26T14:15:14.424+0000] {processor.py:161} INFO - Started process (PID=574) to work on /opt/airflow/dags/triggerdag2.py
[2024-06-26T14:15:14.424+0000] {processor.py:830} INFO - Processing file /opt/airflow/dags/triggerdag2.py for tasks to queue
[2024-06-26T14:15:14.425+0000] {logging_mixin.py:188} INFO - [2024-06-26T14:15:14.425+0000] {dagbag.py:545} INFO - Filling up the DagBag from /opt/airflow/dags/triggerdag2.py
[2024-06-26T14:15:14.430+0000] {processor.py:840} INFO - DAG(s) 'second_trigger_dag' retrieved from /opt/airflow/dags/triggerdag2.py
[2024-06-26T14:15:14.442+0000] {logging_mixin.py:188} INFO - [2024-06-26T14:15:14.441+0000] {dag.py:3096} INFO - Sync 1 DAGs
[2024-06-26T14:15:14.448+0000] {logging_mixin.py:188} INFO - [2024-06-26T14:15:14.448+0000] {dag.py:3954} INFO - Setting next_dagrun for second_trigger_dag to None, run_after=None
[2024-06-26T14:15:14.459+0000] {processor.py:183} INFO - Processing /opt/airflow/dags/triggerdag2.py took 0.038 seconds
[2024-06-26T14:15:20.231+0000] {processor.py:161} INFO - Started process (PID=607) to work on /opt/airflow/dags/triggerdag2.py
[2024-06-26T14:15:20.232+0000] {processor.py:830} INFO - Processing file /opt/airflow/dags/triggerdag2.py for tasks to queue
[2024-06-26T14:15:20.233+0000] {logging_mixin.py:188} INFO - [2024-06-26T14:15:20.233+0000] {dagbag.py:545} INFO - Filling up the DagBag from /opt/airflow/dags/triggerdag2.py
[2024-06-26T14:15:20.238+0000] {processor.py:840} INFO - DAG(s) 'second_trigger_dag' retrieved from /opt/airflow/dags/triggerdag2.py
[2024-06-26T14:15:20.250+0000] {logging_mixin.py:188} INFO - [2024-06-26T14:15:20.250+0000] {dag.py:3096} INFO - Sync 1 DAGs
[2024-06-26T14:15:20.256+0000] {logging_mixin.py:188} INFO - [2024-06-26T14:15:20.256+0000] {dag.py:3954} INFO - Setting next_dagrun for second_trigger_dag to None, run_after=None
[2024-06-26T14:15:20.266+0000] {processor.py:183} INFO - Processing /opt/airflow/dags/triggerdag2.py took 0.037 seconds
[2024-06-26T14:15:26.050+0000] {processor.py:161} INFO - Started process (PID=634) to work on /opt/airflow/dags/triggerdag2.py
[2024-06-26T14:15:26.051+0000] {processor.py:830} INFO - Processing file /opt/airflow/dags/triggerdag2.py for tasks to queue
[2024-06-26T14:15:26.052+0000] {logging_mixin.py:188} INFO - [2024-06-26T14:15:26.052+0000] {dagbag.py:545} INFO - Filling up the DagBag from /opt/airflow/dags/triggerdag2.py
[2024-06-26T14:15:26.057+0000] {processor.py:840} INFO - DAG(s) 'second_trigger_dag' retrieved from /opt/airflow/dags/triggerdag2.py
[2024-06-26T14:15:26.071+0000] {logging_mixin.py:188} INFO - [2024-06-26T14:15:26.071+0000] {dag.py:3096} INFO - Sync 1 DAGs
[2024-06-26T14:15:26.078+0000] {logging_mixin.py:188} INFO - [2024-06-26T14:15:26.078+0000] {dag.py:3954} INFO - Setting next_dagrun for second_trigger_dag to None, run_after=None
[2024-06-26T14:15:26.087+0000] {processor.py:183} INFO - Processing /opt/airflow/dags/triggerdag2.py took 0.041 seconds
[2024-06-26T14:15:31.863+0000] {processor.py:161} INFO - Started process (PID=661) to work on /opt/airflow/dags/triggerdag2.py
[2024-06-26T14:15:31.863+0000] {processor.py:830} INFO - Processing file /opt/airflow/dags/triggerdag2.py for tasks to queue
[2024-06-26T14:15:31.865+0000] {logging_mixin.py:188} INFO - [2024-06-26T14:15:31.864+0000] {dagbag.py:545} INFO - Filling up the DagBag from /opt/airflow/dags/triggerdag2.py
[2024-06-26T14:15:31.870+0000] {processor.py:840} INFO - DAG(s) 'second_trigger_dag' retrieved from /opt/airflow/dags/triggerdag2.py
[2024-06-26T14:15:31.882+0000] {logging_mixin.py:188} INFO - [2024-06-26T14:15:31.882+0000] {dag.py:3096} INFO - Sync 1 DAGs
[2024-06-26T14:15:31.889+0000] {logging_mixin.py:188} INFO - [2024-06-26T14:15:31.889+0000] {dag.py:3954} INFO - Setting next_dagrun for second_trigger_dag to None, run_after=None
[2024-06-26T14:15:31.898+0000] {processor.py:183} INFO - Processing /opt/airflow/dags/triggerdag2.py took 0.038 seconds
[2024-06-26T14:15:37.729+0000] {processor.py:161} INFO - Started process (PID=688) to work on /opt/airflow/dags/triggerdag2.py
[2024-06-26T14:15:37.730+0000] {processor.py:830} INFO - Processing file /opt/airflow/dags/triggerdag2.py for tasks to queue
[2024-06-26T14:15:37.731+0000] {logging_mixin.py:188} INFO - [2024-06-26T14:15:37.730+0000] {dagbag.py:545} INFO - Filling up the DagBag from /opt/airflow/dags/triggerdag2.py
[2024-06-26T14:15:37.735+0000] {processor.py:840} INFO - DAG(s) 'second_trigger_dag' retrieved from /opt/airflow/dags/triggerdag2.py
[2024-06-26T14:15:37.748+0000] {logging_mixin.py:188} INFO - [2024-06-26T14:15:37.748+0000] {dag.py:3096} INFO - Sync 1 DAGs
[2024-06-26T14:15:37.755+0000] {logging_mixin.py:188} INFO - [2024-06-26T14:15:37.755+0000] {dag.py:3954} INFO - Setting next_dagrun for second_trigger_dag to None, run_after=None
[2024-06-26T14:15:37.764+0000] {processor.py:183} INFO - Processing /opt/airflow/dags/triggerdag2.py took 0.038 seconds
[2024-06-26T14:15:43.528+0000] {processor.py:161} INFO - Started process (PID=715) to work on /opt/airflow/dags/triggerdag2.py
[2024-06-26T14:15:43.529+0000] {processor.py:830} INFO - Processing file /opt/airflow/dags/triggerdag2.py for tasks to queue
[2024-06-26T14:15:43.531+0000] {logging_mixin.py:188} INFO - [2024-06-26T14:15:43.531+0000] {dagbag.py:545} INFO - Filling up the DagBag from /opt/airflow/dags/triggerdag2.py
[2024-06-26T14:15:43.535+0000] {processor.py:840} INFO - DAG(s) 'second_trigger_dag' retrieved from /opt/airflow/dags/triggerdag2.py
[2024-06-26T14:15:43.548+0000] {logging_mixin.py:188} INFO - [2024-06-26T14:15:43.548+0000] {dag.py:3096} INFO - Sync 1 DAGs
[2024-06-26T14:15:43.555+0000] {logging_mixin.py:188} INFO - [2024-06-26T14:15:43.554+0000] {dag.py:3954} INFO - Setting next_dagrun for second_trigger_dag to None, run_after=None
[2024-06-26T14:15:43.565+0000] {processor.py:183} INFO - Processing /opt/airflow/dags/triggerdag2.py took 0.040 seconds
[2024-06-26T14:15:49.323+0000] {processor.py:161} INFO - Started process (PID=748) to work on /opt/airflow/dags/triggerdag2.py
[2024-06-26T14:15:49.323+0000] {processor.py:830} INFO - Processing file /opt/airflow/dags/triggerdag2.py for tasks to queue
[2024-06-26T14:15:49.324+0000] {logging_mixin.py:188} INFO - [2024-06-26T14:15:49.324+0000] {dagbag.py:545} INFO - Filling up the DagBag from /opt/airflow/dags/triggerdag2.py
[2024-06-26T14:15:49.329+0000] {processor.py:840} INFO - DAG(s) 'second_trigger_dag' retrieved from /opt/airflow/dags/triggerdag2.py
[2024-06-26T14:15:49.342+0000] {logging_mixin.py:188} INFO - [2024-06-26T14:15:49.342+0000] {dag.py:3096} INFO - Sync 1 DAGs
[2024-06-26T14:15:49.349+0000] {logging_mixin.py:188} INFO - [2024-06-26T14:15:49.349+0000] {dag.py:3954} INFO - Setting next_dagrun for second_trigger_dag to None, run_after=None
[2024-06-26T14:15:49.359+0000] {processor.py:183} INFO - Processing /opt/airflow/dags/triggerdag2.py took 0.039 seconds
[2024-06-26T14:15:55.198+0000] {processor.py:161} INFO - Started process (PID=775) to work on /opt/airflow/dags/triggerdag2.py
[2024-06-26T14:15:55.198+0000] {processor.py:830} INFO - Processing file /opt/airflow/dags/triggerdag2.py for tasks to queue
[2024-06-26T14:15:55.199+0000] {logging_mixin.py:188} INFO - [2024-06-26T14:15:55.199+0000] {dagbag.py:545} INFO - Filling up the DagBag from /opt/airflow/dags/triggerdag2.py
[2024-06-26T14:15:55.204+0000] {processor.py:840} INFO - DAG(s) 'second_trigger_dag' retrieved from /opt/airflow/dags/triggerdag2.py
[2024-06-26T14:15:55.218+0000] {logging_mixin.py:188} INFO - [2024-06-26T14:15:55.218+0000] {dag.py:3096} INFO - Sync 1 DAGs
[2024-06-26T14:15:55.225+0000] {logging_mixin.py:188} INFO - [2024-06-26T14:15:55.225+0000] {dag.py:3954} INFO - Setting next_dagrun for second_trigger_dag to None, run_after=None
[2024-06-26T14:15:55.235+0000] {processor.py:183} INFO - Processing /opt/airflow/dags/triggerdag2.py took 0.041 seconds
[2024-06-26T14:16:01.016+0000] {processor.py:161} INFO - Started process (PID=802) to work on /opt/airflow/dags/triggerdag2.py
[2024-06-26T14:16:01.017+0000] {processor.py:830} INFO - Processing file /opt/airflow/dags/triggerdag2.py for tasks to queue
[2024-06-26T14:16:01.018+0000] {logging_mixin.py:188} INFO - [2024-06-26T14:16:01.018+0000] {dagbag.py:545} INFO - Filling up the DagBag from /opt/airflow/dags/triggerdag2.py
[2024-06-26T14:16:01.022+0000] {processor.py:840} INFO - DAG(s) 'second_trigger_dag' retrieved from /opt/airflow/dags/triggerdag2.py
[2024-06-26T14:16:01.035+0000] {logging_mixin.py:188} INFO - [2024-06-26T14:16:01.035+0000] {dag.py:3096} INFO - Sync 1 DAGs
[2024-06-26T14:16:01.042+0000] {logging_mixin.py:188} INFO - [2024-06-26T14:16:01.042+0000] {dag.py:3954} INFO - Setting next_dagrun for second_trigger_dag to None, run_after=None
[2024-06-26T14:16:01.052+0000] {processor.py:183} INFO - Processing /opt/airflow/dags/triggerdag2.py took 0.038 seconds
[2024-06-26T14:16:06.800+0000] {processor.py:161} INFO - Started process (PID=829) to work on /opt/airflow/dags/triggerdag2.py
[2024-06-26T14:16:06.800+0000] {processor.py:830} INFO - Processing file /opt/airflow/dags/triggerdag2.py for tasks to queue
[2024-06-26T14:16:06.801+0000] {logging_mixin.py:188} INFO - [2024-06-26T14:16:06.801+0000] {dagbag.py:545} INFO - Filling up the DagBag from /opt/airflow/dags/triggerdag2.py
[2024-06-26T14:16:06.806+0000] {processor.py:840} INFO - DAG(s) 'second_trigger_dag' retrieved from /opt/airflow/dags/triggerdag2.py
[2024-06-26T14:16:06.819+0000] {logging_mixin.py:188} INFO - [2024-06-26T14:16:06.818+0000] {dag.py:3096} INFO - Sync 1 DAGs
[2024-06-26T14:16:06.825+0000] {logging_mixin.py:188} INFO - [2024-06-26T14:16:06.825+0000] {dag.py:3954} INFO - Setting next_dagrun for second_trigger_dag to None, run_after=None
[2024-06-26T14:16:06.835+0000] {processor.py:183} INFO - Processing /opt/airflow/dags/triggerdag2.py took 0.038 seconds
[2024-06-26T14:16:12.573+0000] {processor.py:161} INFO - Started process (PID=856) to work on /opt/airflow/dags/triggerdag2.py
[2024-06-26T14:16:12.573+0000] {processor.py:830} INFO - Processing file /opt/airflow/dags/triggerdag2.py for tasks to queue
[2024-06-26T14:16:12.574+0000] {logging_mixin.py:188} INFO - [2024-06-26T14:16:12.574+0000] {dagbag.py:545} INFO - Filling up the DagBag from /opt/airflow/dags/triggerdag2.py
[2024-06-26T14:16:12.579+0000] {processor.py:840} INFO - DAG(s) 'second_trigger_dag' retrieved from /opt/airflow/dags/triggerdag2.py
[2024-06-26T14:16:12.591+0000] {logging_mixin.py:188} INFO - [2024-06-26T14:16:12.591+0000] {dag.py:3096} INFO - Sync 1 DAGs
[2024-06-26T14:16:12.598+0000] {logging_mixin.py:188} INFO - [2024-06-26T14:16:12.598+0000] {dag.py:3954} INFO - Setting next_dagrun for second_trigger_dag to None, run_after=None
[2024-06-26T14:16:12.608+0000] {processor.py:183} INFO - Processing /opt/airflow/dags/triggerdag2.py took 0.039 seconds
[2024-06-26T14:16:18.419+0000] {processor.py:161} INFO - Started process (PID=889) to work on /opt/airflow/dags/triggerdag2.py
[2024-06-26T14:16:18.419+0000] {processor.py:830} INFO - Processing file /opt/airflow/dags/triggerdag2.py for tasks to queue
[2024-06-26T14:16:18.420+0000] {logging_mixin.py:188} INFO - [2024-06-26T14:16:18.420+0000] {dagbag.py:545} INFO - Filling up the DagBag from /opt/airflow/dags/triggerdag2.py
[2024-06-26T14:16:18.425+0000] {processor.py:840} INFO - DAG(s) 'second_trigger_dag' retrieved from /opt/airflow/dags/triggerdag2.py
[2024-06-26T14:16:18.437+0000] {logging_mixin.py:188} INFO - [2024-06-26T14:16:18.437+0000] {dag.py:3096} INFO - Sync 1 DAGs
[2024-06-26T14:16:18.445+0000] {logging_mixin.py:188} INFO - [2024-06-26T14:16:18.445+0000] {dag.py:3954} INFO - Setting next_dagrun for second_trigger_dag to None, run_after=None
[2024-06-26T14:16:18.454+0000] {processor.py:183} INFO - Processing /opt/airflow/dags/triggerdag2.py took 0.038 seconds
[2024-06-26T14:16:24.181+0000] {processor.py:161} INFO - Started process (PID=916) to work on /opt/airflow/dags/triggerdag2.py
[2024-06-26T14:16:24.182+0000] {processor.py:830} INFO - Processing file /opt/airflow/dags/triggerdag2.py for tasks to queue
[2024-06-26T14:16:24.183+0000] {logging_mixin.py:188} INFO - [2024-06-26T14:16:24.183+0000] {dagbag.py:545} INFO - Filling up the DagBag from /opt/airflow/dags/triggerdag2.py
[2024-06-26T14:16:24.188+0000] {processor.py:840} INFO - DAG(s) 'second_trigger_dag' retrieved from /opt/airflow/dags/triggerdag2.py
[2024-06-26T14:16:24.201+0000] {logging_mixin.py:188} INFO - [2024-06-26T14:16:24.201+0000] {dag.py:3096} INFO - Sync 1 DAGs
[2024-06-26T14:16:24.208+0000] {logging_mixin.py:188} INFO - [2024-06-26T14:16:24.207+0000] {dag.py:3954} INFO - Setting next_dagrun for second_trigger_dag to None, run_after=None
[2024-06-26T14:16:24.218+0000] {processor.py:183} INFO - Processing /opt/airflow/dags/triggerdag2.py took 0.040 seconds
[2024-06-26T14:16:30.016+0000] {processor.py:161} INFO - Started process (PID=943) to work on /opt/airflow/dags/triggerdag2.py
[2024-06-26T14:16:30.016+0000] {processor.py:830} INFO - Processing file /opt/airflow/dags/triggerdag2.py for tasks to queue
[2024-06-26T14:16:30.018+0000] {logging_mixin.py:188} INFO - [2024-06-26T14:16:30.017+0000] {dagbag.py:545} INFO - Filling up the DagBag from /opt/airflow/dags/triggerdag2.py
[2024-06-26T14:16:30.023+0000] {processor.py:840} INFO - DAG(s) 'second_trigger_dag' retrieved from /opt/airflow/dags/triggerdag2.py
[2024-06-26T14:16:30.035+0000] {logging_mixin.py:188} INFO - [2024-06-26T14:16:30.034+0000] {dag.py:3096} INFO - Sync 1 DAGs
[2024-06-26T14:16:30.041+0000] {logging_mixin.py:188} INFO - [2024-06-26T14:16:30.041+0000] {dag.py:3954} INFO - Setting next_dagrun for second_trigger_dag to None, run_after=None
[2024-06-26T14:16:30.051+0000] {processor.py:183} INFO - Processing /opt/airflow/dags/triggerdag2.py took 0.038 seconds
[2024-06-26T14:16:35.825+0000] {processor.py:161} INFO - Started process (PID=970) to work on /opt/airflow/dags/triggerdag2.py
[2024-06-26T14:16:35.826+0000] {processor.py:830} INFO - Processing file /opt/airflow/dags/triggerdag2.py for tasks to queue
[2024-06-26T14:16:35.826+0000] {logging_mixin.py:188} INFO - [2024-06-26T14:16:35.826+0000] {dagbag.py:545} INFO - Filling up the DagBag from /opt/airflow/dags/triggerdag2.py
[2024-06-26T14:16:35.831+0000] {processor.py:840} INFO - DAG(s) 'second_trigger_dag' retrieved from /opt/airflow/dags/triggerdag2.py
[2024-06-26T14:16:35.843+0000] {logging_mixin.py:188} INFO - [2024-06-26T14:16:35.843+0000] {dag.py:3096} INFO - Sync 1 DAGs
[2024-06-26T14:16:35.850+0000] {logging_mixin.py:188} INFO - [2024-06-26T14:16:35.850+0000] {dag.py:3954} INFO - Setting next_dagrun for second_trigger_dag to None, run_after=None
[2024-06-26T14:16:35.859+0000] {processor.py:183} INFO - Processing /opt/airflow/dags/triggerdag2.py took 0.037 seconds
[2024-06-26T14:16:41.604+0000] {processor.py:161} INFO - Started process (PID=997) to work on /opt/airflow/dags/triggerdag2.py
[2024-06-26T14:16:41.604+0000] {processor.py:830} INFO - Processing file /opt/airflow/dags/triggerdag2.py for tasks to queue
[2024-06-26T14:16:41.606+0000] {logging_mixin.py:188} INFO - [2024-06-26T14:16:41.606+0000] {dagbag.py:545} INFO - Filling up the DagBag from /opt/airflow/dags/triggerdag2.py
[2024-06-26T14:16:41.610+0000] {processor.py:840} INFO - DAG(s) 'second_trigger_dag' retrieved from /opt/airflow/dags/triggerdag2.py
[2024-06-26T14:16:41.623+0000] {logging_mixin.py:188} INFO - [2024-06-26T14:16:41.622+0000] {dag.py:3096} INFO - Sync 1 DAGs
[2024-06-26T14:16:41.629+0000] {logging_mixin.py:188} INFO - [2024-06-26T14:16:41.629+0000] {dag.py:3954} INFO - Setting next_dagrun for second_trigger_dag to None, run_after=None
[2024-06-26T14:16:41.639+0000] {processor.py:183} INFO - Processing /opt/airflow/dags/triggerdag2.py took 0.038 seconds
[2024-06-26T14:16:47.436+0000] {processor.py:161} INFO - Started process (PID=1024) to work on /opt/airflow/dags/triggerdag2.py
[2024-06-26T14:16:47.437+0000] {processor.py:830} INFO - Processing file /opt/airflow/dags/triggerdag2.py for tasks to queue
[2024-06-26T14:16:47.438+0000] {logging_mixin.py:188} INFO - [2024-06-26T14:16:47.438+0000] {dagbag.py:545} INFO - Filling up the DagBag from /opt/airflow/dags/triggerdag2.py
[2024-06-26T14:16:47.443+0000] {processor.py:840} INFO - DAG(s) 'second_trigger_dag' retrieved from /opt/airflow/dags/triggerdag2.py
[2024-06-26T14:16:47.455+0000] {logging_mixin.py:188} INFO - [2024-06-26T14:16:47.454+0000] {dag.py:3096} INFO - Sync 1 DAGs
[2024-06-26T14:16:47.461+0000] {logging_mixin.py:188} INFO - [2024-06-26T14:16:47.461+0000] {dag.py:3954} INFO - Setting next_dagrun for second_trigger_dag to None, run_after=None
[2024-06-26T14:16:47.470+0000] {processor.py:183} INFO - Processing /opt/airflow/dags/triggerdag2.py took 0.037 seconds
[2024-06-26T14:16:53.209+0000] {processor.py:161} INFO - Started process (PID=1057) to work on /opt/airflow/dags/triggerdag2.py
[2024-06-26T14:16:53.209+0000] {processor.py:830} INFO - Processing file /opt/airflow/dags/triggerdag2.py for tasks to queue
[2024-06-26T14:16:53.210+0000] {logging_mixin.py:188} INFO - [2024-06-26T14:16:53.210+0000] {dagbag.py:545} INFO - Filling up the DagBag from /opt/airflow/dags/triggerdag2.py
[2024-06-26T14:16:53.216+0000] {processor.py:840} INFO - DAG(s) 'second_trigger_dag' retrieved from /opt/airflow/dags/triggerdag2.py
[2024-06-26T14:16:53.229+0000] {logging_mixin.py:188} INFO - [2024-06-26T14:16:53.229+0000] {dag.py:3096} INFO - Sync 1 DAGs
[2024-06-26T14:16:53.235+0000] {logging_mixin.py:188} INFO - [2024-06-26T14:16:53.235+0000] {dag.py:3954} INFO - Setting next_dagrun for second_trigger_dag to None, run_after=None
[2024-06-26T14:16:53.244+0000] {processor.py:183} INFO - Processing /opt/airflow/dags/triggerdag2.py took 0.038 seconds
[2024-06-26T14:16:59.055+0000] {processor.py:161} INFO - Started process (PID=1084) to work on /opt/airflow/dags/triggerdag2.py
[2024-06-26T14:16:59.055+0000] {processor.py:830} INFO - Processing file /opt/airflow/dags/triggerdag2.py for tasks to queue
[2024-06-26T14:16:59.057+0000] {logging_mixin.py:188} INFO - [2024-06-26T14:16:59.056+0000] {dagbag.py:545} INFO - Filling up the DagBag from /opt/airflow/dags/triggerdag2.py
[2024-06-26T14:16:59.062+0000] {processor.py:840} INFO - DAG(s) 'second_trigger_dag' retrieved from /opt/airflow/dags/triggerdag2.py
[2024-06-26T14:16:59.078+0000] {logging_mixin.py:188} INFO - [2024-06-26T14:16:59.078+0000] {dag.py:3096} INFO - Sync 1 DAGs
[2024-06-26T14:16:59.087+0000] {logging_mixin.py:188} INFO - [2024-06-26T14:16:59.087+0000] {dag.py:3954} INFO - Setting next_dagrun for second_trigger_dag to None, run_after=None
[2024-06-26T14:16:59.098+0000] {processor.py:183} INFO - Processing /opt/airflow/dags/triggerdag2.py took 0.048 seconds
[2024-06-26T14:17:04.829+0000] {processor.py:161} INFO - Started process (PID=1111) to work on /opt/airflow/dags/triggerdag2.py
[2024-06-26T14:17:04.829+0000] {processor.py:830} INFO - Processing file /opt/airflow/dags/triggerdag2.py for tasks to queue
[2024-06-26T14:17:04.830+0000] {logging_mixin.py:188} INFO - [2024-06-26T14:17:04.830+0000] {dagbag.py:545} INFO - Filling up the DagBag from /opt/airflow/dags/triggerdag2.py
[2024-06-26T14:17:04.834+0000] {processor.py:840} INFO - DAG(s) 'second_trigger_dag' retrieved from /opt/airflow/dags/triggerdag2.py
[2024-06-26T14:17:04.846+0000] {logging_mixin.py:188} INFO - [2024-06-26T14:17:04.846+0000] {dag.py:3096} INFO - Sync 1 DAGs
[2024-06-26T14:17:04.852+0000] {logging_mixin.py:188} INFO - [2024-06-26T14:17:04.852+0000] {dag.py:3954} INFO - Setting next_dagrun for second_trigger_dag to None, run_after=None
[2024-06-26T14:17:04.861+0000] {processor.py:183} INFO - Processing /opt/airflow/dags/triggerdag2.py took 0.036 seconds
[2024-06-26T14:17:10.635+0000] {processor.py:161} INFO - Started process (PID=1138) to work on /opt/airflow/dags/triggerdag2.py
[2024-06-26T14:17:10.635+0000] {processor.py:830} INFO - Processing file /opt/airflow/dags/triggerdag2.py for tasks to queue
[2024-06-26T14:17:10.637+0000] {logging_mixin.py:188} INFO - [2024-06-26T14:17:10.636+0000] {dagbag.py:545} INFO - Filling up the DagBag from /opt/airflow/dags/triggerdag2.py
[2024-06-26T14:17:10.641+0000] {processor.py:840} INFO - DAG(s) 'second_trigger_dag' retrieved from /opt/airflow/dags/triggerdag2.py
[2024-06-26T14:17:10.653+0000] {logging_mixin.py:188} INFO - [2024-06-26T14:17:10.653+0000] {dag.py:3096} INFO - Sync 1 DAGs
[2024-06-26T14:17:10.660+0000] {logging_mixin.py:188} INFO - [2024-06-26T14:17:10.660+0000] {dag.py:3954} INFO - Setting next_dagrun for second_trigger_dag to None, run_after=None
[2024-06-26T14:17:10.669+0000] {processor.py:183} INFO - Processing /opt/airflow/dags/triggerdag2.py took 0.037 seconds
[2024-06-26T14:17:16.438+0000] {processor.py:161} INFO - Started process (PID=1165) to work on /opt/airflow/dags/triggerdag2.py
[2024-06-26T14:17:16.439+0000] {processor.py:830} INFO - Processing file /opt/airflow/dags/triggerdag2.py for tasks to queue
[2024-06-26T14:17:16.440+0000] {logging_mixin.py:188} INFO - [2024-06-26T14:17:16.440+0000] {dagbag.py:545} INFO - Filling up the DagBag from /opt/airflow/dags/triggerdag2.py
[2024-06-26T14:17:16.444+0000] {processor.py:840} INFO - DAG(s) 'second_trigger_dag' retrieved from /opt/airflow/dags/triggerdag2.py
[2024-06-26T14:17:16.456+0000] {logging_mixin.py:188} INFO - [2024-06-26T14:17:16.456+0000] {dag.py:3096} INFO - Sync 1 DAGs
[2024-06-26T14:17:16.463+0000] {logging_mixin.py:188} INFO - [2024-06-26T14:17:16.463+0000] {dag.py:3954} INFO - Setting next_dagrun for second_trigger_dag to None, run_after=None
[2024-06-26T14:17:16.472+0000] {processor.py:183} INFO - Processing /opt/airflow/dags/triggerdag2.py took 0.037 seconds
[2024-06-26T14:17:22.169+0000] {processor.py:161} INFO - Started process (PID=1198) to work on /opt/airflow/dags/triggerdag2.py
[2024-06-26T14:17:22.170+0000] {processor.py:830} INFO - Processing file /opt/airflow/dags/triggerdag2.py for tasks to queue
[2024-06-26T14:17:22.171+0000] {logging_mixin.py:188} INFO - [2024-06-26T14:17:22.171+0000] {dagbag.py:545} INFO - Filling up the DagBag from /opt/airflow/dags/triggerdag2.py
[2024-06-26T14:17:22.176+0000] {processor.py:840} INFO - DAG(s) 'second_trigger_dag' retrieved from /opt/airflow/dags/triggerdag2.py
[2024-06-26T14:17:22.188+0000] {logging_mixin.py:188} INFO - [2024-06-26T14:17:22.188+0000] {dag.py:3096} INFO - Sync 1 DAGs
[2024-06-26T14:17:22.195+0000] {logging_mixin.py:188} INFO - [2024-06-26T14:17:22.194+0000] {dag.py:3954} INFO - Setting next_dagrun for second_trigger_dag to None, run_after=None
[2024-06-26T14:17:22.204+0000] {processor.py:183} INFO - Processing /opt/airflow/dags/triggerdag2.py took 0.038 seconds
[2024-06-26T14:17:27.893+0000] {processor.py:161} INFO - Started process (PID=1225) to work on /opt/airflow/dags/triggerdag2.py
[2024-06-26T14:17:27.893+0000] {processor.py:830} INFO - Processing file /opt/airflow/dags/triggerdag2.py for tasks to queue
[2024-06-26T14:17:27.895+0000] {logging_mixin.py:188} INFO - [2024-06-26T14:17:27.894+0000] {dagbag.py:545} INFO - Filling up the DagBag from /opt/airflow/dags/triggerdag2.py
[2024-06-26T14:17:27.899+0000] {processor.py:840} INFO - DAG(s) 'second_trigger_dag' retrieved from /opt/airflow/dags/triggerdag2.py
[2024-06-26T14:17:27.910+0000] {logging_mixin.py:188} INFO - [2024-06-26T14:17:27.910+0000] {dag.py:3096} INFO - Sync 1 DAGs
[2024-06-26T14:17:27.916+0000] {logging_mixin.py:188} INFO - [2024-06-26T14:17:27.916+0000] {dag.py:3954} INFO - Setting next_dagrun for second_trigger_dag to None, run_after=None
[2024-06-26T14:17:27.925+0000] {processor.py:183} INFO - Processing /opt/airflow/dags/triggerdag2.py took 0.035 seconds
[2024-06-26T14:17:33.618+0000] {processor.py:161} INFO - Started process (PID=1252) to work on /opt/airflow/dags/triggerdag2.py
[2024-06-26T14:17:33.618+0000] {processor.py:830} INFO - Processing file /opt/airflow/dags/triggerdag2.py for tasks to queue
[2024-06-26T14:17:33.619+0000] {logging_mixin.py:188} INFO - [2024-06-26T14:17:33.619+0000] {dagbag.py:545} INFO - Filling up the DagBag from /opt/airflow/dags/triggerdag2.py
[2024-06-26T14:17:33.624+0000] {processor.py:840} INFO - DAG(s) 'second_trigger_dag' retrieved from /opt/airflow/dags/triggerdag2.py
[2024-06-26T14:17:33.637+0000] {logging_mixin.py:188} INFO - [2024-06-26T14:17:33.637+0000] {dag.py:3096} INFO - Sync 1 DAGs
[2024-06-26T14:17:33.644+0000] {logging_mixin.py:188} INFO - [2024-06-26T14:17:33.644+0000] {dag.py:3954} INFO - Setting next_dagrun for second_trigger_dag to None, run_after=None
[2024-06-26T14:17:33.654+0000] {processor.py:183} INFO - Processing /opt/airflow/dags/triggerdag2.py took 0.039 seconds
[2024-06-26T14:17:39.378+0000] {processor.py:161} INFO - Started process (PID=1279) to work on /opt/airflow/dags/triggerdag2.py
[2024-06-26T14:17:39.379+0000] {processor.py:830} INFO - Processing file /opt/airflow/dags/triggerdag2.py for tasks to queue
[2024-06-26T14:17:39.380+0000] {logging_mixin.py:188} INFO - [2024-06-26T14:17:39.379+0000] {dagbag.py:545} INFO - Filling up the DagBag from /opt/airflow/dags/triggerdag2.py
[2024-06-26T14:17:39.384+0000] {processor.py:840} INFO - DAG(s) 'second_trigger_dag' retrieved from /opt/airflow/dags/triggerdag2.py
[2024-06-26T14:17:39.396+0000] {logging_mixin.py:188} INFO - [2024-06-26T14:17:39.396+0000] {dag.py:3096} INFO - Sync 1 DAGs
[2024-06-26T14:17:39.403+0000] {logging_mixin.py:188} INFO - [2024-06-26T14:17:39.403+0000] {dag.py:3954} INFO - Setting next_dagrun for second_trigger_dag to None, run_after=None
[2024-06-26T14:17:39.412+0000] {processor.py:183} INFO - Processing /opt/airflow/dags/triggerdag2.py took 0.037 seconds
[2024-06-26T14:17:45.129+0000] {processor.py:161} INFO - Started process (PID=1306) to work on /opt/airflow/dags/triggerdag2.py
[2024-06-26T14:17:45.129+0000] {processor.py:830} INFO - Processing file /opt/airflow/dags/triggerdag2.py for tasks to queue
[2024-06-26T14:17:45.130+0000] {logging_mixin.py:188} INFO - [2024-06-26T14:17:45.130+0000] {dagbag.py:545} INFO - Filling up the DagBag from /opt/airflow/dags/triggerdag2.py
[2024-06-26T14:17:45.135+0000] {processor.py:840} INFO - DAG(s) 'second_trigger_dag' retrieved from /opt/airflow/dags/triggerdag2.py
[2024-06-26T14:17:45.146+0000] {logging_mixin.py:188} INFO - [2024-06-26T14:17:45.146+0000] {dag.py:3096} INFO - Sync 1 DAGs
[2024-06-26T14:17:45.153+0000] {logging_mixin.py:188} INFO - [2024-06-26T14:17:45.153+0000] {dag.py:3954} INFO - Setting next_dagrun for second_trigger_dag to None, run_after=None
[2024-06-26T14:17:45.162+0000] {processor.py:183} INFO - Processing /opt/airflow/dags/triggerdag2.py took 0.036 seconds
[2024-06-26T14:17:50.958+0000] {processor.py:161} INFO - Started process (PID=1339) to work on /opt/airflow/dags/triggerdag2.py
[2024-06-26T14:17:50.959+0000] {processor.py:830} INFO - Processing file /opt/airflow/dags/triggerdag2.py for tasks to queue
[2024-06-26T14:17:50.960+0000] {logging_mixin.py:188} INFO - [2024-06-26T14:17:50.959+0000] {dagbag.py:545} INFO - Filling up the DagBag from /opt/airflow/dags/triggerdag2.py
[2024-06-26T14:17:50.964+0000] {processor.py:840} INFO - DAG(s) 'second_trigger_dag' retrieved from /opt/airflow/dags/triggerdag2.py
[2024-06-26T14:17:50.976+0000] {logging_mixin.py:188} INFO - [2024-06-26T14:17:50.976+0000] {dag.py:3096} INFO - Sync 1 DAGs
[2024-06-26T14:17:50.983+0000] {logging_mixin.py:188} INFO - [2024-06-26T14:17:50.982+0000] {dag.py:3954} INFO - Setting next_dagrun for second_trigger_dag to None, run_after=None
[2024-06-26T14:17:50.992+0000] {processor.py:183} INFO - Processing /opt/airflow/dags/triggerdag2.py took 0.037 seconds
[2024-06-26T14:17:56.685+0000] {processor.py:161} INFO - Started process (PID=1366) to work on /opt/airflow/dags/triggerdag2.py
[2024-06-26T14:17:56.685+0000] {processor.py:830} INFO - Processing file /opt/airflow/dags/triggerdag2.py for tasks to queue
[2024-06-26T14:17:56.686+0000] {logging_mixin.py:188} INFO - [2024-06-26T14:17:56.686+0000] {dagbag.py:545} INFO - Filling up the DagBag from /opt/airflow/dags/triggerdag2.py
[2024-06-26T14:17:56.691+0000] {processor.py:840} INFO - DAG(s) 'second_trigger_dag' retrieved from /opt/airflow/dags/triggerdag2.py
[2024-06-26T14:17:56.702+0000] {logging_mixin.py:188} INFO - [2024-06-26T14:17:56.702+0000] {dag.py:3096} INFO - Sync 1 DAGs
[2024-06-26T14:17:56.709+0000] {logging_mixin.py:188} INFO - [2024-06-26T14:17:56.708+0000] {dag.py:3954} INFO - Setting next_dagrun for second_trigger_dag to None, run_after=None
[2024-06-26T14:17:56.718+0000] {processor.py:183} INFO - Processing /opt/airflow/dags/triggerdag2.py took 0.036 seconds
[2024-06-26T14:18:02.433+0000] {processor.py:161} INFO - Started process (PID=1393) to work on /opt/airflow/dags/triggerdag2.py
[2024-06-26T14:18:02.434+0000] {processor.py:830} INFO - Processing file /opt/airflow/dags/triggerdag2.py for tasks to queue
[2024-06-26T14:18:02.435+0000] {logging_mixin.py:188} INFO - [2024-06-26T14:18:02.435+0000] {dagbag.py:545} INFO - Filling up the DagBag from /opt/airflow/dags/triggerdag2.py
[2024-06-26T14:18:02.440+0000] {processor.py:840} INFO - DAG(s) 'second_trigger_dag' retrieved from /opt/airflow/dags/triggerdag2.py
[2024-06-26T14:18:02.452+0000] {logging_mixin.py:188} INFO - [2024-06-26T14:18:02.451+0000] {dag.py:3096} INFO - Sync 1 DAGs
[2024-06-26T14:18:02.458+0000] {logging_mixin.py:188} INFO - [2024-06-26T14:18:02.458+0000] {dag.py:3954} INFO - Setting next_dagrun for second_trigger_dag to None, run_after=None
[2024-06-26T14:18:02.467+0000] {processor.py:183} INFO - Processing /opt/airflow/dags/triggerdag2.py took 0.037 seconds
