[2024-06-26T14:13:29.871+0000] {processor.py:161} INFO - Started process (PID=58) to work on /opt/airflow/dags/triggerdag1.py
[2024-06-26T14:13:29.871+0000] {processor.py:830} INFO - Processing file /opt/airflow/dags/triggerdag1.py for tasks to queue
[2024-06-26T14:13:29.872+0000] {logging_mixin.py:188} INFO - [2024-06-26T14:13:29.872+0000] {dagbag.py:545} INFO - Filling up the DagBag from /opt/airflow/dags/triggerdag1.py
[2024-06-26T14:13:29.877+0000] {processor.py:840} INFO - DAG(s) 'first_trigger_dag' retrieved from /opt/airflow/dags/triggerdag1.py
[2024-06-26T14:13:29.931+0000] {logging_mixin.py:188} INFO - [2024-06-26T14:13:29.931+0000] {dag.py:3096} INFO - Sync 1 DAGs
[2024-06-26T14:13:29.937+0000] {logging_mixin.py:188} INFO - [2024-06-26T14:13:29.936+0000] {dag.py:3954} INFO - Setting next_dagrun for first_trigger_dag to None, run_after=None
[2024-06-26T14:13:29.946+0000] {processor.py:183} INFO - Processing /opt/airflow/dags/triggerdag1.py took 0.078 seconds
[2024-06-26T14:13:35.752+0000] {processor.py:161} INFO - Started process (PID=85) to work on /opt/airflow/dags/triggerdag1.py
[2024-06-26T14:13:35.753+0000] {processor.py:830} INFO - Processing file /opt/airflow/dags/triggerdag1.py for tasks to queue
[2024-06-26T14:13:35.754+0000] {logging_mixin.py:188} INFO - [2024-06-26T14:13:35.754+0000] {dagbag.py:545} INFO - Filling up the DagBag from /opt/airflow/dags/triggerdag1.py
[2024-06-26T14:13:35.763+0000] {processor.py:840} INFO - DAG(s) 'first_trigger_dag' retrieved from /opt/airflow/dags/triggerdag1.py
[2024-06-26T14:13:35.770+0000] {logging_mixin.py:188} INFO - [2024-06-26T14:13:35.769+0000] {dag.py:3096} INFO - Sync 1 DAGs
[2024-06-26T14:13:35.778+0000] {logging_mixin.py:188} INFO - [2024-06-26T14:13:35.777+0000] {dag.py:3954} INFO - Setting next_dagrun for first_trigger_dag to None, run_after=None
[2024-06-26T14:13:35.789+0000] {processor.py:183} INFO - Processing /opt/airflow/dags/triggerdag1.py took 0.040 seconds
[2024-06-26T14:13:41.563+0000] {processor.py:161} INFO - Started process (PID=112) to work on /opt/airflow/dags/triggerdag1.py
[2024-06-26T14:13:41.563+0000] {processor.py:830} INFO - Processing file /opt/airflow/dags/triggerdag1.py for tasks to queue
[2024-06-26T14:13:41.564+0000] {logging_mixin.py:188} INFO - [2024-06-26T14:13:41.564+0000] {dagbag.py:545} INFO - Filling up the DagBag from /opt/airflow/dags/triggerdag1.py
[2024-06-26T14:13:41.569+0000] {processor.py:840} INFO - DAG(s) 'first_trigger_dag' retrieved from /opt/airflow/dags/triggerdag1.py
[2024-06-26T14:13:41.575+0000] {logging_mixin.py:188} INFO - [2024-06-26T14:13:41.575+0000] {dag.py:3096} INFO - Sync 1 DAGs
[2024-06-26T14:13:41.582+0000] {logging_mixin.py:188} INFO - [2024-06-26T14:13:41.582+0000] {dag.py:3954} INFO - Setting next_dagrun for first_trigger_dag to None, run_after=None
[2024-06-26T14:13:41.592+0000] {processor.py:183} INFO - Processing /opt/airflow/dags/triggerdag1.py took 0.032 seconds
[2024-06-26T14:13:47.351+0000] {processor.py:161} INFO - Started process (PID=145) to work on /opt/airflow/dags/triggerdag1.py
[2024-06-26T14:13:47.352+0000] {processor.py:830} INFO - Processing file /opt/airflow/dags/triggerdag1.py for tasks to queue
[2024-06-26T14:13:47.354+0000] {logging_mixin.py:188} INFO - [2024-06-26T14:13:47.353+0000] {dagbag.py:545} INFO - Filling up the DagBag from /opt/airflow/dags/triggerdag1.py
[2024-06-26T14:13:47.358+0000] {processor.py:840} INFO - DAG(s) 'first_trigger_dag' retrieved from /opt/airflow/dags/triggerdag1.py
[2024-06-26T14:13:47.365+0000] {logging_mixin.py:188} INFO - [2024-06-26T14:13:47.365+0000] {dag.py:3096} INFO - Sync 1 DAGs
[2024-06-26T14:13:47.373+0000] {logging_mixin.py:188} INFO - [2024-06-26T14:13:47.373+0000] {dag.py:3954} INFO - Setting next_dagrun for first_trigger_dag to None, run_after=None
[2024-06-26T14:13:47.383+0000] {processor.py:183} INFO - Processing /opt/airflow/dags/triggerdag1.py took 0.037 seconds
[2024-06-26T14:13:52.968+0000] {processor.py:161} INFO - Started process (PID=172) to work on /opt/airflow/dags/triggerdag1.py
[2024-06-26T14:13:52.968+0000] {processor.py:830} INFO - Processing file /opt/airflow/dags/triggerdag1.py for tasks to queue
[2024-06-26T14:13:52.969+0000] {logging_mixin.py:188} INFO - [2024-06-26T14:13:52.969+0000] {dagbag.py:545} INFO - Filling up the DagBag from /opt/airflow/dags/triggerdag1.py
[2024-06-26T14:13:52.974+0000] {processor.py:840} INFO - DAG(s) 'first_trigger_dag' retrieved from /opt/airflow/dags/triggerdag1.py
[2024-06-26T14:13:52.980+0000] {logging_mixin.py:188} INFO - [2024-06-26T14:13:52.980+0000] {dag.py:3096} INFO - Sync 1 DAGs
[2024-06-26T14:13:52.987+0000] {logging_mixin.py:188} INFO - [2024-06-26T14:13:52.986+0000] {dag.py:3954} INFO - Setting next_dagrun for first_trigger_dag to None, run_after=None
[2024-06-26T14:13:52.998+0000] {processor.py:183} INFO - Processing /opt/airflow/dags/triggerdag1.py took 0.033 seconds
[2024-06-26T14:13:59.009+0000] {processor.py:161} INFO - Started process (PID=212) to work on /opt/airflow/dags/triggerdag1.py
[2024-06-26T14:13:59.009+0000] {processor.py:830} INFO - Processing file /opt/airflow/dags/triggerdag1.py for tasks to queue
[2024-06-26T14:13:59.011+0000] {logging_mixin.py:188} INFO - [2024-06-26T14:13:59.011+0000] {dagbag.py:545} INFO - Filling up the DagBag from /opt/airflow/dags/triggerdag1.py
[2024-06-26T14:13:59.016+0000] {processor.py:840} INFO - DAG(s) 'first_trigger_dag' retrieved from /opt/airflow/dags/triggerdag1.py
[2024-06-26T14:13:59.022+0000] {logging_mixin.py:188} INFO - [2024-06-26T14:13:59.022+0000] {dag.py:3096} INFO - Sync 1 DAGs
[2024-06-26T14:13:59.030+0000] {logging_mixin.py:188} INFO - [2024-06-26T14:13:59.030+0000] {dag.py:3954} INFO - Setting next_dagrun for first_trigger_dag to None, run_after=None
[2024-06-26T14:13:59.039+0000] {processor.py:183} INFO - Processing /opt/airflow/dags/triggerdag1.py took 0.034 seconds
[2024-06-26T14:14:04.810+0000] {processor.py:161} INFO - Started process (PID=239) to work on /opt/airflow/dags/triggerdag1.py
[2024-06-26T14:14:04.811+0000] {processor.py:830} INFO - Processing file /opt/airflow/dags/triggerdag1.py for tasks to queue
[2024-06-26T14:14:04.812+0000] {logging_mixin.py:188} INFO - [2024-06-26T14:14:04.812+0000] {dagbag.py:545} INFO - Filling up the DagBag from /opt/airflow/dags/triggerdag1.py
[2024-06-26T14:14:04.817+0000] {processor.py:840} INFO - DAG(s) 'first_trigger_dag' retrieved from /opt/airflow/dags/triggerdag1.py
[2024-06-26T14:14:04.829+0000] {logging_mixin.py:188} INFO - [2024-06-26T14:14:04.829+0000] {dag.py:3096} INFO - Sync 1 DAGs
[2024-06-26T14:14:04.836+0000] {logging_mixin.py:188} INFO - [2024-06-26T14:14:04.836+0000] {dag.py:3954} INFO - Setting next_dagrun for first_trigger_dag to None, run_after=None
[2024-06-26T14:14:04.845+0000] {processor.py:183} INFO - Processing /opt/airflow/dags/triggerdag1.py took 0.038 seconds
[2024-06-26T14:14:10.734+0000] {processor.py:161} INFO - Started process (PID=266) to work on /opt/airflow/dags/triggerdag1.py
[2024-06-26T14:14:10.734+0000] {processor.py:830} INFO - Processing file /opt/airflow/dags/triggerdag1.py for tasks to queue
[2024-06-26T14:14:10.735+0000] {logging_mixin.py:188} INFO - [2024-06-26T14:14:10.735+0000] {dagbag.py:545} INFO - Filling up the DagBag from /opt/airflow/dags/triggerdag1.py
[2024-06-26T14:14:10.740+0000] {processor.py:840} INFO - DAG(s) 'first_trigger_dag' retrieved from /opt/airflow/dags/triggerdag1.py
[2024-06-26T14:14:10.752+0000] {logging_mixin.py:188} INFO - [2024-06-26T14:14:10.752+0000] {dag.py:3096} INFO - Sync 1 DAGs
[2024-06-26T14:14:10.758+0000] {logging_mixin.py:188} INFO - [2024-06-26T14:14:10.758+0000] {dag.py:3954} INFO - Setting next_dagrun for first_trigger_dag to None, run_after=None
[2024-06-26T14:14:10.767+0000] {processor.py:183} INFO - Processing /opt/airflow/dags/triggerdag1.py took 0.036 seconds
[2024-06-26T14:14:16.503+0000] {processor.py:161} INFO - Started process (PID=293) to work on /opt/airflow/dags/triggerdag1.py
[2024-06-26T14:14:16.504+0000] {processor.py:830} INFO - Processing file /opt/airflow/dags/triggerdag1.py for tasks to queue
[2024-06-26T14:14:16.505+0000] {logging_mixin.py:188} INFO - [2024-06-26T14:14:16.505+0000] {dagbag.py:545} INFO - Filling up the DagBag from /opt/airflow/dags/triggerdag1.py
[2024-06-26T14:14:16.510+0000] {processor.py:840} INFO - DAG(s) 'first_trigger_dag' retrieved from /opt/airflow/dags/triggerdag1.py
[2024-06-26T14:14:16.523+0000] {logging_mixin.py:188} INFO - [2024-06-26T14:14:16.523+0000] {dag.py:3096} INFO - Sync 1 DAGs
[2024-06-26T14:14:16.530+0000] {logging_mixin.py:188} INFO - [2024-06-26T14:14:16.529+0000] {dag.py:3954} INFO - Setting next_dagrun for first_trigger_dag to None, run_after=None
[2024-06-26T14:14:16.539+0000] {processor.py:183} INFO - Processing /opt/airflow/dags/triggerdag1.py took 0.039 seconds
[2024-06-26T14:14:22.271+0000] {processor.py:161} INFO - Started process (PID=326) to work on /opt/airflow/dags/triggerdag1.py
[2024-06-26T14:14:22.271+0000] {processor.py:830} INFO - Processing file /opt/airflow/dags/triggerdag1.py for tasks to queue
[2024-06-26T14:14:22.273+0000] {logging_mixin.py:188} INFO - [2024-06-26T14:14:22.273+0000] {dagbag.py:545} INFO - Filling up the DagBag from /opt/airflow/dags/triggerdag1.py
[2024-06-26T14:14:22.277+0000] {processor.py:840} INFO - DAG(s) 'first_trigger_dag' retrieved from /opt/airflow/dags/triggerdag1.py
[2024-06-26T14:14:22.290+0000] {logging_mixin.py:188} INFO - [2024-06-26T14:14:22.289+0000] {dag.py:3096} INFO - Sync 1 DAGs
[2024-06-26T14:14:22.296+0000] {logging_mixin.py:188} INFO - [2024-06-26T14:14:22.296+0000] {dag.py:3954} INFO - Setting next_dagrun for first_trigger_dag to None, run_after=None
[2024-06-26T14:14:22.305+0000] {processor.py:183} INFO - Processing /opt/airflow/dags/triggerdag1.py took 0.038 seconds
[2024-06-26T14:14:28.110+0000] {processor.py:161} INFO - Started process (PID=353) to work on /opt/airflow/dags/triggerdag1.py
[2024-06-26T14:14:28.110+0000] {processor.py:830} INFO - Processing file /opt/airflow/dags/triggerdag1.py for tasks to queue
[2024-06-26T14:14:28.111+0000] {logging_mixin.py:188} INFO - [2024-06-26T14:14:28.111+0000] {dagbag.py:545} INFO - Filling up the DagBag from /opt/airflow/dags/triggerdag1.py
[2024-06-26T14:14:28.116+0000] {processor.py:840} INFO - DAG(s) 'first_trigger_dag' retrieved from /opt/airflow/dags/triggerdag1.py
[2024-06-26T14:14:28.129+0000] {logging_mixin.py:188} INFO - [2024-06-26T14:14:28.128+0000] {dag.py:3096} INFO - Sync 1 DAGs
[2024-06-26T14:14:28.136+0000] {logging_mixin.py:188} INFO - [2024-06-26T14:14:28.136+0000] {dag.py:3954} INFO - Setting next_dagrun for first_trigger_dag to None, run_after=None
[2024-06-26T14:14:28.147+0000] {processor.py:183} INFO - Processing /opt/airflow/dags/triggerdag1.py took 0.040 seconds
[2024-06-26T14:14:33.925+0000] {processor.py:161} INFO - Started process (PID=380) to work on /opt/airflow/dags/triggerdag1.py
[2024-06-26T14:14:33.926+0000] {processor.py:830} INFO - Processing file /opt/airflow/dags/triggerdag1.py for tasks to queue
[2024-06-26T14:14:33.927+0000] {logging_mixin.py:188} INFO - [2024-06-26T14:14:33.927+0000] {dagbag.py:545} INFO - Filling up the DagBag from /opt/airflow/dags/triggerdag1.py
[2024-06-26T14:14:33.932+0000] {processor.py:840} INFO - DAG(s) 'first_trigger_dag' retrieved from /opt/airflow/dags/triggerdag1.py
[2024-06-26T14:14:33.944+0000] {logging_mixin.py:188} INFO - [2024-06-26T14:14:33.944+0000] {dag.py:3096} INFO - Sync 1 DAGs
[2024-06-26T14:14:33.950+0000] {logging_mixin.py:188} INFO - [2024-06-26T14:14:33.950+0000] {dag.py:3954} INFO - Setting next_dagrun for first_trigger_dag to None, run_after=None
[2024-06-26T14:14:33.961+0000] {processor.py:183} INFO - Processing /opt/airflow/dags/triggerdag1.py took 0.038 seconds
[2024-06-26T14:14:39.715+0000] {processor.py:161} INFO - Started process (PID=407) to work on /opt/airflow/dags/triggerdag1.py
[2024-06-26T14:14:39.716+0000] {processor.py:830} INFO - Processing file /opt/airflow/dags/triggerdag1.py for tasks to queue
[2024-06-26T14:14:39.717+0000] {logging_mixin.py:188} INFO - [2024-06-26T14:14:39.717+0000] {dagbag.py:545} INFO - Filling up the DagBag from /opt/airflow/dags/triggerdag1.py
[2024-06-26T14:14:39.722+0000] {processor.py:840} INFO - DAG(s) 'first_trigger_dag' retrieved from /opt/airflow/dags/triggerdag1.py
[2024-06-26T14:14:39.734+0000] {logging_mixin.py:188} INFO - [2024-06-26T14:14:39.734+0000] {dag.py:3096} INFO - Sync 1 DAGs
[2024-06-26T14:14:39.741+0000] {logging_mixin.py:188} INFO - [2024-06-26T14:14:39.741+0000] {dag.py:3954} INFO - Setting next_dagrun for first_trigger_dag to None, run_after=None
[2024-06-26T14:14:39.751+0000] {processor.py:183} INFO - Processing /opt/airflow/dags/triggerdag1.py took 0.039 seconds
[2024-06-26T14:14:45.467+0000] {processor.py:161} INFO - Started process (PID=434) to work on /opt/airflow/dags/triggerdag1.py
[2024-06-26T14:14:45.468+0000] {processor.py:830} INFO - Processing file /opt/airflow/dags/triggerdag1.py for tasks to queue
[2024-06-26T14:14:45.469+0000] {logging_mixin.py:188} INFO - [2024-06-26T14:14:45.469+0000] {dagbag.py:545} INFO - Filling up the DagBag from /opt/airflow/dags/triggerdag1.py
[2024-06-26T14:14:45.474+0000] {processor.py:840} INFO - DAG(s) 'first_trigger_dag' retrieved from /opt/airflow/dags/triggerdag1.py
[2024-06-26T14:14:45.486+0000] {logging_mixin.py:188} INFO - [2024-06-26T14:14:45.485+0000] {dag.py:3096} INFO - Sync 1 DAGs
[2024-06-26T14:14:45.492+0000] {logging_mixin.py:188} INFO - [2024-06-26T14:14:45.492+0000] {dag.py:3954} INFO - Setting next_dagrun for first_trigger_dag to None, run_after=None
[2024-06-26T14:14:45.502+0000] {processor.py:183} INFO - Processing /opt/airflow/dags/triggerdag1.py took 0.037 seconds
[2024-06-26T14:14:51.204+0000] {processor.py:161} INFO - Started process (PID=467) to work on /opt/airflow/dags/triggerdag1.py
[2024-06-26T14:14:51.205+0000] {processor.py:830} INFO - Processing file /opt/airflow/dags/triggerdag1.py for tasks to queue
[2024-06-26T14:14:51.206+0000] {logging_mixin.py:188} INFO - [2024-06-26T14:14:51.205+0000] {dagbag.py:545} INFO - Filling up the DagBag from /opt/airflow/dags/triggerdag1.py
[2024-06-26T14:14:51.211+0000] {processor.py:840} INFO - DAG(s) 'first_trigger_dag' retrieved from /opt/airflow/dags/triggerdag1.py
[2024-06-26T14:14:51.224+0000] {logging_mixin.py:188} INFO - [2024-06-26T14:14:51.224+0000] {dag.py:3096} INFO - Sync 1 DAGs
[2024-06-26T14:14:51.232+0000] {logging_mixin.py:188} INFO - [2024-06-26T14:14:51.232+0000] {dag.py:3954} INFO - Setting next_dagrun for first_trigger_dag to None, run_after=None
[2024-06-26T14:14:51.243+0000] {processor.py:183} INFO - Processing /opt/airflow/dags/triggerdag1.py took 0.042 seconds
[2024-06-26T14:14:57.025+0000] {processor.py:161} INFO - Started process (PID=494) to work on /opt/airflow/dags/triggerdag1.py
[2024-06-26T14:14:57.026+0000] {processor.py:830} INFO - Processing file /opt/airflow/dags/triggerdag1.py for tasks to queue
[2024-06-26T14:14:57.027+0000] {logging_mixin.py:188} INFO - [2024-06-26T14:14:57.027+0000] {dagbag.py:545} INFO - Filling up the DagBag from /opt/airflow/dags/triggerdag1.py
[2024-06-26T14:14:57.031+0000] {processor.py:840} INFO - DAG(s) 'first_trigger_dag' retrieved from /opt/airflow/dags/triggerdag1.py
[2024-06-26T14:14:57.044+0000] {logging_mixin.py:188} INFO - [2024-06-26T14:14:57.044+0000] {dag.py:3096} INFO - Sync 1 DAGs
[2024-06-26T14:14:57.052+0000] {logging_mixin.py:188} INFO - [2024-06-26T14:14:57.051+0000] {dag.py:3954} INFO - Setting next_dagrun for first_trigger_dag to None, run_after=None
[2024-06-26T14:14:57.061+0000] {processor.py:183} INFO - Processing /opt/airflow/dags/triggerdag1.py took 0.040 seconds
[2024-06-26T14:15:02.798+0000] {processor.py:161} INFO - Started process (PID=521) to work on /opt/airflow/dags/triggerdag1.py
[2024-06-26T14:15:02.798+0000] {processor.py:830} INFO - Processing file /opt/airflow/dags/triggerdag1.py for tasks to queue
[2024-06-26T14:15:02.799+0000] {logging_mixin.py:188} INFO - [2024-06-26T14:15:02.799+0000] {dagbag.py:545} INFO - Filling up the DagBag from /opt/airflow/dags/triggerdag1.py
[2024-06-26T14:15:02.804+0000] {processor.py:840} INFO - DAG(s) 'first_trigger_dag' retrieved from /opt/airflow/dags/triggerdag1.py
[2024-06-26T14:15:02.817+0000] {logging_mixin.py:188} INFO - [2024-06-26T14:15:02.817+0000] {dag.py:3096} INFO - Sync 1 DAGs
[2024-06-26T14:15:02.824+0000] {logging_mixin.py:188} INFO - [2024-06-26T14:15:02.823+0000] {dag.py:3954} INFO - Setting next_dagrun for first_trigger_dag to None, run_after=None
[2024-06-26T14:15:02.833+0000] {processor.py:183} INFO - Processing /opt/airflow/dags/triggerdag1.py took 0.038 seconds
[2024-06-26T14:15:08.632+0000] {processor.py:161} INFO - Started process (PID=548) to work on /opt/airflow/dags/triggerdag1.py
[2024-06-26T14:15:08.632+0000] {processor.py:830} INFO - Processing file /opt/airflow/dags/triggerdag1.py for tasks to queue
[2024-06-26T14:15:08.633+0000] {logging_mixin.py:188} INFO - [2024-06-26T14:15:08.633+0000] {dagbag.py:545} INFO - Filling up the DagBag from /opt/airflow/dags/triggerdag1.py
[2024-06-26T14:15:08.637+0000] {processor.py:840} INFO - DAG(s) 'first_trigger_dag' retrieved from /opt/airflow/dags/triggerdag1.py
[2024-06-26T14:15:08.650+0000] {logging_mixin.py:188} INFO - [2024-06-26T14:15:08.650+0000] {dag.py:3096} INFO - Sync 1 DAGs
[2024-06-26T14:15:08.656+0000] {logging_mixin.py:188} INFO - [2024-06-26T14:15:08.656+0000] {dag.py:3954} INFO - Setting next_dagrun for first_trigger_dag to None, run_after=None
[2024-06-26T14:15:08.666+0000] {processor.py:183} INFO - Processing /opt/airflow/dags/triggerdag1.py took 0.038 seconds
[2024-06-26T14:15:14.430+0000] {processor.py:161} INFO - Started process (PID=575) to work on /opt/airflow/dags/triggerdag1.py
[2024-06-26T14:15:14.430+0000] {processor.py:830} INFO - Processing file /opt/airflow/dags/triggerdag1.py for tasks to queue
[2024-06-26T14:15:14.431+0000] {logging_mixin.py:188} INFO - [2024-06-26T14:15:14.431+0000] {dagbag.py:545} INFO - Filling up the DagBag from /opt/airflow/dags/triggerdag1.py
[2024-06-26T14:15:14.436+0000] {processor.py:840} INFO - DAG(s) 'first_trigger_dag' retrieved from /opt/airflow/dags/triggerdag1.py
[2024-06-26T14:15:14.448+0000] {logging_mixin.py:188} INFO - [2024-06-26T14:15:14.448+0000] {dag.py:3096} INFO - Sync 1 DAGs
[2024-06-26T14:15:14.455+0000] {logging_mixin.py:188} INFO - [2024-06-26T14:15:14.455+0000] {dag.py:3954} INFO - Setting next_dagrun for first_trigger_dag to None, run_after=None
[2024-06-26T14:15:14.465+0000] {processor.py:183} INFO - Processing /opt/airflow/dags/triggerdag1.py took 0.038 seconds
[2024-06-26T14:15:20.243+0000] {processor.py:161} INFO - Started process (PID=608) to work on /opt/airflow/dags/triggerdag1.py
[2024-06-26T14:15:20.243+0000] {processor.py:830} INFO - Processing file /opt/airflow/dags/triggerdag1.py for tasks to queue
[2024-06-26T14:15:20.244+0000] {logging_mixin.py:188} INFO - [2024-06-26T14:15:20.244+0000] {dagbag.py:545} INFO - Filling up the DagBag from /opt/airflow/dags/triggerdag1.py
[2024-06-26T14:15:20.248+0000] {processor.py:840} INFO - DAG(s) 'first_trigger_dag' retrieved from /opt/airflow/dags/triggerdag1.py
[2024-06-26T14:15:20.260+0000] {logging_mixin.py:188} INFO - [2024-06-26T14:15:20.260+0000] {dag.py:3096} INFO - Sync 1 DAGs
[2024-06-26T14:15:20.267+0000] {logging_mixin.py:188} INFO - [2024-06-26T14:15:20.267+0000] {dag.py:3954} INFO - Setting next_dagrun for first_trigger_dag to None, run_after=None
[2024-06-26T14:15:20.276+0000] {processor.py:183} INFO - Processing /opt/airflow/dags/triggerdag1.py took 0.037 seconds
[2024-06-26T14:15:26.059+0000] {processor.py:161} INFO - Started process (PID=635) to work on /opt/airflow/dags/triggerdag1.py
[2024-06-26T14:15:26.059+0000] {processor.py:830} INFO - Processing file /opt/airflow/dags/triggerdag1.py for tasks to queue
[2024-06-26T14:15:26.061+0000] {logging_mixin.py:188} INFO - [2024-06-26T14:15:26.060+0000] {dagbag.py:545} INFO - Filling up the DagBag from /opt/airflow/dags/triggerdag1.py
[2024-06-26T14:15:26.066+0000] {processor.py:840} INFO - DAG(s) 'first_trigger_dag' retrieved from /opt/airflow/dags/triggerdag1.py
[2024-06-26T14:15:26.078+0000] {logging_mixin.py:188} INFO - [2024-06-26T14:15:26.078+0000] {dag.py:3096} INFO - Sync 1 DAGs
[2024-06-26T14:15:26.085+0000] {logging_mixin.py:188} INFO - [2024-06-26T14:15:26.084+0000] {dag.py:3954} INFO - Setting next_dagrun for first_trigger_dag to None, run_after=None
[2024-06-26T14:15:26.094+0000] {processor.py:183} INFO - Processing /opt/airflow/dags/triggerdag1.py took 0.039 seconds
[2024-06-26T14:15:31.911+0000] {processor.py:161} INFO - Started process (PID=662) to work on /opt/airflow/dags/triggerdag1.py
[2024-06-26T14:15:31.911+0000] {processor.py:830} INFO - Processing file /opt/airflow/dags/triggerdag1.py for tasks to queue
[2024-06-26T14:15:31.912+0000] {logging_mixin.py:188} INFO - [2024-06-26T14:15:31.912+0000] {dagbag.py:545} INFO - Filling up the DagBag from /opt/airflow/dags/triggerdag1.py
[2024-06-26T14:15:31.919+0000] {processor.py:840} INFO - DAG(s) 'first_trigger_dag' retrieved from /opt/airflow/dags/triggerdag1.py
[2024-06-26T14:15:31.932+0000] {logging_mixin.py:188} INFO - [2024-06-26T14:15:31.932+0000] {dag.py:3096} INFO - Sync 1 DAGs
[2024-06-26T14:15:31.939+0000] {logging_mixin.py:188} INFO - [2024-06-26T14:15:31.939+0000] {dag.py:3954} INFO - Setting next_dagrun for first_trigger_dag to None, run_after=None
[2024-06-26T14:15:31.948+0000] {processor.py:183} INFO - Processing /opt/airflow/dags/triggerdag1.py took 0.040 seconds
[2024-06-26T14:15:37.732+0000] {processor.py:161} INFO - Started process (PID=689) to work on /opt/airflow/dags/triggerdag1.py
[2024-06-26T14:15:37.733+0000] {processor.py:830} INFO - Processing file /opt/airflow/dags/triggerdag1.py for tasks to queue
[2024-06-26T14:15:37.734+0000] {logging_mixin.py:188} INFO - [2024-06-26T14:15:37.733+0000] {dagbag.py:545} INFO - Filling up the DagBag from /opt/airflow/dags/triggerdag1.py
[2024-06-26T14:15:37.739+0000] {processor.py:840} INFO - DAG(s) 'first_trigger_dag' retrieved from /opt/airflow/dags/triggerdag1.py
[2024-06-26T14:15:37.750+0000] {logging_mixin.py:188} INFO - [2024-06-26T14:15:37.750+0000] {dag.py:3096} INFO - Sync 1 DAGs
[2024-06-26T14:15:37.757+0000] {logging_mixin.py:188} INFO - [2024-06-26T14:15:37.757+0000] {dag.py:3954} INFO - Setting next_dagrun for first_trigger_dag to None, run_after=None
[2024-06-26T14:15:37.766+0000] {processor.py:183} INFO - Processing /opt/airflow/dags/triggerdag1.py took 0.037 seconds
[2024-06-26T14:15:43.538+0000] {processor.py:161} INFO - Started process (PID=716) to work on /opt/airflow/dags/triggerdag1.py
[2024-06-26T14:15:43.539+0000] {processor.py:830} INFO - Processing file /opt/airflow/dags/triggerdag1.py for tasks to queue
[2024-06-26T14:15:43.540+0000] {logging_mixin.py:188} INFO - [2024-06-26T14:15:43.540+0000] {dagbag.py:545} INFO - Filling up the DagBag from /opt/airflow/dags/triggerdag1.py
[2024-06-26T14:15:43.545+0000] {processor.py:840} INFO - DAG(s) 'first_trigger_dag' retrieved from /opt/airflow/dags/triggerdag1.py
[2024-06-26T14:15:43.558+0000] {logging_mixin.py:188} INFO - [2024-06-26T14:15:43.558+0000] {dag.py:3096} INFO - Sync 1 DAGs
[2024-06-26T14:15:43.565+0000] {logging_mixin.py:188} INFO - [2024-06-26T14:15:43.565+0000] {dag.py:3954} INFO - Setting next_dagrun for first_trigger_dag to None, run_after=None
[2024-06-26T14:15:43.576+0000] {processor.py:183} INFO - Processing /opt/airflow/dags/triggerdag1.py took 0.040 seconds
[2024-06-26T14:15:49.331+0000] {processor.py:161} INFO - Started process (PID=749) to work on /opt/airflow/dags/triggerdag1.py
[2024-06-26T14:15:49.332+0000] {processor.py:830} INFO - Processing file /opt/airflow/dags/triggerdag1.py for tasks to queue
[2024-06-26T14:15:49.333+0000] {logging_mixin.py:188} INFO - [2024-06-26T14:15:49.332+0000] {dagbag.py:545} INFO - Filling up the DagBag from /opt/airflow/dags/triggerdag1.py
[2024-06-26T14:15:49.338+0000] {processor.py:840} INFO - DAG(s) 'first_trigger_dag' retrieved from /opt/airflow/dags/triggerdag1.py
[2024-06-26T14:15:49.350+0000] {logging_mixin.py:188} INFO - [2024-06-26T14:15:49.350+0000] {dag.py:3096} INFO - Sync 1 DAGs
[2024-06-26T14:15:49.357+0000] {logging_mixin.py:188} INFO - [2024-06-26T14:15:49.357+0000] {dag.py:3954} INFO - Setting next_dagrun for first_trigger_dag to None, run_after=None
[2024-06-26T14:15:49.367+0000] {processor.py:183} INFO - Processing /opt/airflow/dags/triggerdag1.py took 0.040 seconds
[2024-06-26T14:15:55.201+0000] {processor.py:161} INFO - Started process (PID=776) to work on /opt/airflow/dags/triggerdag1.py
[2024-06-26T14:15:55.202+0000] {processor.py:830} INFO - Processing file /opt/airflow/dags/triggerdag1.py for tasks to queue
[2024-06-26T14:15:55.203+0000] {logging_mixin.py:188} INFO - [2024-06-26T14:15:55.203+0000] {dagbag.py:545} INFO - Filling up the DagBag from /opt/airflow/dags/triggerdag1.py
[2024-06-26T14:15:55.208+0000] {processor.py:840} INFO - DAG(s) 'first_trigger_dag' retrieved from /opt/airflow/dags/triggerdag1.py
[2024-06-26T14:15:55.222+0000] {logging_mixin.py:188} INFO - [2024-06-26T14:15:55.222+0000] {dag.py:3096} INFO - Sync 1 DAGs
[2024-06-26T14:15:55.229+0000] {logging_mixin.py:188} INFO - [2024-06-26T14:15:55.229+0000] {dag.py:3954} INFO - Setting next_dagrun for first_trigger_dag to None, run_after=None
[2024-06-26T14:15:55.239+0000] {processor.py:183} INFO - Processing /opt/airflow/dags/triggerdag1.py took 0.041 seconds
[2024-06-26T14:16:01.022+0000] {processor.py:161} INFO - Started process (PID=803) to work on /opt/airflow/dags/triggerdag1.py
[2024-06-26T14:16:01.022+0000] {processor.py:830} INFO - Processing file /opt/airflow/dags/triggerdag1.py for tasks to queue
[2024-06-26T14:16:01.023+0000] {logging_mixin.py:188} INFO - [2024-06-26T14:16:01.023+0000] {dagbag.py:545} INFO - Filling up the DagBag from /opt/airflow/dags/triggerdag1.py
[2024-06-26T14:16:01.028+0000] {processor.py:840} INFO - DAG(s) 'first_trigger_dag' retrieved from /opt/airflow/dags/triggerdag1.py
[2024-06-26T14:16:01.040+0000] {logging_mixin.py:188} INFO - [2024-06-26T14:16:01.040+0000] {dag.py:3096} INFO - Sync 1 DAGs
[2024-06-26T14:16:01.048+0000] {logging_mixin.py:188} INFO - [2024-06-26T14:16:01.048+0000] {dag.py:3954} INFO - Setting next_dagrun for first_trigger_dag to None, run_after=None
[2024-06-26T14:16:01.057+0000] {processor.py:183} INFO - Processing /opt/airflow/dags/triggerdag1.py took 0.038 seconds
[2024-06-26T14:16:06.807+0000] {processor.py:161} INFO - Started process (PID=830) to work on /opt/airflow/dags/triggerdag1.py
[2024-06-26T14:16:06.807+0000] {processor.py:830} INFO - Processing file /opt/airflow/dags/triggerdag1.py for tasks to queue
[2024-06-26T14:16:06.808+0000] {logging_mixin.py:188} INFO - [2024-06-26T14:16:06.808+0000] {dagbag.py:545} INFO - Filling up the DagBag from /opt/airflow/dags/triggerdag1.py
[2024-06-26T14:16:06.813+0000] {processor.py:840} INFO - DAG(s) 'first_trigger_dag' retrieved from /opt/airflow/dags/triggerdag1.py
[2024-06-26T14:16:06.826+0000] {logging_mixin.py:188} INFO - [2024-06-26T14:16:06.825+0000] {dag.py:3096} INFO - Sync 1 DAGs
[2024-06-26T14:16:06.833+0000] {logging_mixin.py:188} INFO - [2024-06-26T14:16:06.832+0000] {dag.py:3954} INFO - Setting next_dagrun for first_trigger_dag to None, run_after=None
[2024-06-26T14:16:06.842+0000] {processor.py:183} INFO - Processing /opt/airflow/dags/triggerdag1.py took 0.038 seconds
[2024-06-26T14:16:12.621+0000] {processor.py:161} INFO - Started process (PID=857) to work on /opt/airflow/dags/triggerdag1.py
[2024-06-26T14:16:12.622+0000] {processor.py:830} INFO - Processing file /opt/airflow/dags/triggerdag1.py for tasks to queue
[2024-06-26T14:16:12.623+0000] {logging_mixin.py:188} INFO - [2024-06-26T14:16:12.623+0000] {dagbag.py:545} INFO - Filling up the DagBag from /opt/airflow/dags/triggerdag1.py
[2024-06-26T14:16:12.628+0000] {processor.py:840} INFO - DAG(s) 'first_trigger_dag' retrieved from /opt/airflow/dags/triggerdag1.py
[2024-06-26T14:16:12.640+0000] {logging_mixin.py:188} INFO - [2024-06-26T14:16:12.640+0000] {dag.py:3096} INFO - Sync 1 DAGs
[2024-06-26T14:16:12.647+0000] {logging_mixin.py:188} INFO - [2024-06-26T14:16:12.647+0000] {dag.py:3954} INFO - Setting next_dagrun for first_trigger_dag to None, run_after=None
[2024-06-26T14:16:12.657+0000] {processor.py:183} INFO - Processing /opt/airflow/dags/triggerdag1.py took 0.040 seconds
[2024-06-26T14:16:18.447+0000] {processor.py:161} INFO - Started process (PID=890) to work on /opt/airflow/dags/triggerdag1.py
[2024-06-26T14:16:18.448+0000] {processor.py:830} INFO - Processing file /opt/airflow/dags/triggerdag1.py for tasks to queue
[2024-06-26T14:16:18.448+0000] {logging_mixin.py:188} INFO - [2024-06-26T14:16:18.448+0000] {dagbag.py:545} INFO - Filling up the DagBag from /opt/airflow/dags/triggerdag1.py
[2024-06-26T14:16:18.453+0000] {processor.py:840} INFO - DAG(s) 'first_trigger_dag' retrieved from /opt/airflow/dags/triggerdag1.py
[2024-06-26T14:16:18.466+0000] {logging_mixin.py:188} INFO - [2024-06-26T14:16:18.466+0000] {dag.py:3096} INFO - Sync 1 DAGs
[2024-06-26T14:16:18.472+0000] {logging_mixin.py:188} INFO - [2024-06-26T14:16:18.472+0000] {dag.py:3954} INFO - Setting next_dagrun for first_trigger_dag to None, run_after=None
[2024-06-26T14:16:18.482+0000] {processor.py:183} INFO - Processing /opt/airflow/dags/triggerdag1.py took 0.039 seconds
[2024-06-26T14:16:24.190+0000] {processor.py:161} INFO - Started process (PID=917) to work on /opt/airflow/dags/triggerdag1.py
[2024-06-26T14:16:24.190+0000] {processor.py:830} INFO - Processing file /opt/airflow/dags/triggerdag1.py for tasks to queue
[2024-06-26T14:16:24.191+0000] {logging_mixin.py:188} INFO - [2024-06-26T14:16:24.191+0000] {dagbag.py:545} INFO - Filling up the DagBag from /opt/airflow/dags/triggerdag1.py
[2024-06-26T14:16:24.196+0000] {processor.py:840} INFO - DAG(s) 'first_trigger_dag' retrieved from /opt/airflow/dags/triggerdag1.py
[2024-06-26T14:16:24.208+0000] {logging_mixin.py:188} INFO - [2024-06-26T14:16:24.208+0000] {dag.py:3096} INFO - Sync 1 DAGs
[2024-06-26T14:16:24.215+0000] {logging_mixin.py:188} INFO - [2024-06-26T14:16:24.215+0000] {dag.py:3954} INFO - Setting next_dagrun for first_trigger_dag to None, run_after=None
[2024-06-26T14:16:24.224+0000] {processor.py:183} INFO - Processing /opt/airflow/dags/triggerdag1.py took 0.038 seconds
[2024-06-26T14:16:30.022+0000] {processor.py:161} INFO - Started process (PID=944) to work on /opt/airflow/dags/triggerdag1.py
[2024-06-26T14:16:30.022+0000] {processor.py:830} INFO - Processing file /opt/airflow/dags/triggerdag1.py for tasks to queue
[2024-06-26T14:16:30.024+0000] {logging_mixin.py:188} INFO - [2024-06-26T14:16:30.023+0000] {dagbag.py:545} INFO - Filling up the DagBag from /opt/airflow/dags/triggerdag1.py
[2024-06-26T14:16:30.028+0000] {processor.py:840} INFO - DAG(s) 'first_trigger_dag' retrieved from /opt/airflow/dags/triggerdag1.py
[2024-06-26T14:16:30.040+0000] {logging_mixin.py:188} INFO - [2024-06-26T14:16:30.039+0000] {dag.py:3096} INFO - Sync 1 DAGs
[2024-06-26T14:16:30.046+0000] {logging_mixin.py:188} INFO - [2024-06-26T14:16:30.046+0000] {dag.py:3954} INFO - Setting next_dagrun for first_trigger_dag to None, run_after=None
[2024-06-26T14:16:30.055+0000] {processor.py:183} INFO - Processing /opt/airflow/dags/triggerdag1.py took 0.036 seconds
[2024-06-26T14:16:35.833+0000] {processor.py:161} INFO - Started process (PID=971) to work on /opt/airflow/dags/triggerdag1.py
[2024-06-26T14:16:35.834+0000] {processor.py:830} INFO - Processing file /opt/airflow/dags/triggerdag1.py for tasks to queue
[2024-06-26T14:16:35.835+0000] {logging_mixin.py:188} INFO - [2024-06-26T14:16:35.835+0000] {dagbag.py:545} INFO - Filling up the DagBag from /opt/airflow/dags/triggerdag1.py
[2024-06-26T14:16:35.839+0000] {processor.py:840} INFO - DAG(s) 'first_trigger_dag' retrieved from /opt/airflow/dags/triggerdag1.py
[2024-06-26T14:16:35.851+0000] {logging_mixin.py:188} INFO - [2024-06-26T14:16:35.851+0000] {dag.py:3096} INFO - Sync 1 DAGs
[2024-06-26T14:16:35.858+0000] {logging_mixin.py:188} INFO - [2024-06-26T14:16:35.857+0000] {dag.py:3954} INFO - Setting next_dagrun for first_trigger_dag to None, run_after=None
[2024-06-26T14:16:35.867+0000] {processor.py:183} INFO - Processing /opt/airflow/dags/triggerdag1.py took 0.036 seconds
[2024-06-26T14:16:41.607+0000] {processor.py:161} INFO - Started process (PID=998) to work on /opt/airflow/dags/triggerdag1.py
[2024-06-26T14:16:41.607+0000] {processor.py:830} INFO - Processing file /opt/airflow/dags/triggerdag1.py for tasks to queue
[2024-06-26T14:16:41.609+0000] {logging_mixin.py:188} INFO - [2024-06-26T14:16:41.608+0000] {dagbag.py:545} INFO - Filling up the DagBag from /opt/airflow/dags/triggerdag1.py
[2024-06-26T14:16:41.613+0000] {processor.py:840} INFO - DAG(s) 'first_trigger_dag' retrieved from /opt/airflow/dags/triggerdag1.py
[2024-06-26T14:16:41.625+0000] {logging_mixin.py:188} INFO - [2024-06-26T14:16:41.624+0000] {dag.py:3096} INFO - Sync 1 DAGs
[2024-06-26T14:16:41.631+0000] {logging_mixin.py:188} INFO - [2024-06-26T14:16:41.631+0000] {dag.py:3954} INFO - Setting next_dagrun for first_trigger_dag to None, run_after=None
[2024-06-26T14:16:41.640+0000] {processor.py:183} INFO - Processing /opt/airflow/dags/triggerdag1.py took 0.036 seconds
[2024-06-26T14:16:47.444+0000] {processor.py:161} INFO - Started process (PID=1025) to work on /opt/airflow/dags/triggerdag1.py
[2024-06-26T14:16:47.445+0000] {processor.py:830} INFO - Processing file /opt/airflow/dags/triggerdag1.py for tasks to queue
[2024-06-26T14:16:47.446+0000] {logging_mixin.py:188} INFO - [2024-06-26T14:16:47.446+0000] {dagbag.py:545} INFO - Filling up the DagBag from /opt/airflow/dags/triggerdag1.py
[2024-06-26T14:16:47.450+0000] {processor.py:840} INFO - DAG(s) 'first_trigger_dag' retrieved from /opt/airflow/dags/triggerdag1.py
[2024-06-26T14:16:47.462+0000] {logging_mixin.py:188} INFO - [2024-06-26T14:16:47.462+0000] {dag.py:3096} INFO - Sync 1 DAGs
[2024-06-26T14:16:47.469+0000] {logging_mixin.py:188} INFO - [2024-06-26T14:16:47.468+0000] {dag.py:3954} INFO - Setting next_dagrun for first_trigger_dag to None, run_after=None
[2024-06-26T14:16:47.478+0000] {processor.py:183} INFO - Processing /opt/airflow/dags/triggerdag1.py took 0.037 seconds
[2024-06-26T14:16:53.256+0000] {processor.py:161} INFO - Started process (PID=1058) to work on /opt/airflow/dags/triggerdag1.py
[2024-06-26T14:16:53.256+0000] {processor.py:830} INFO - Processing file /opt/airflow/dags/triggerdag1.py for tasks to queue
[2024-06-26T14:16:53.257+0000] {logging_mixin.py:188} INFO - [2024-06-26T14:16:53.257+0000] {dagbag.py:545} INFO - Filling up the DagBag from /opt/airflow/dags/triggerdag1.py
[2024-06-26T14:16:53.262+0000] {processor.py:840} INFO - DAG(s) 'first_trigger_dag' retrieved from /opt/airflow/dags/triggerdag1.py
[2024-06-26T14:16:53.274+0000] {logging_mixin.py:188} INFO - [2024-06-26T14:16:53.274+0000] {dag.py:3096} INFO - Sync 1 DAGs
[2024-06-26T14:16:53.280+0000] {logging_mixin.py:188} INFO - [2024-06-26T14:16:53.280+0000] {dag.py:3954} INFO - Setting next_dagrun for first_trigger_dag to None, run_after=None
[2024-06-26T14:16:53.289+0000] {processor.py:183} INFO - Processing /opt/airflow/dags/triggerdag1.py took 0.036 seconds
[2024-06-26T14:16:59.065+0000] {processor.py:161} INFO - Started process (PID=1085) to work on /opt/airflow/dags/triggerdag1.py
[2024-06-26T14:16:59.066+0000] {processor.py:830} INFO - Processing file /opt/airflow/dags/triggerdag1.py for tasks to queue
[2024-06-26T14:16:59.067+0000] {logging_mixin.py:188} INFO - [2024-06-26T14:16:59.067+0000] {dagbag.py:545} INFO - Filling up the DagBag from /opt/airflow/dags/triggerdag1.py
[2024-06-26T14:16:59.073+0000] {processor.py:840} INFO - DAG(s) 'first_trigger_dag' retrieved from /opt/airflow/dags/triggerdag1.py
[2024-06-26T14:16:59.090+0000] {logging_mixin.py:188} INFO - [2024-06-26T14:16:59.090+0000] {dag.py:3096} INFO - Sync 1 DAGs
[2024-06-26T14:16:59.098+0000] {logging_mixin.py:188} INFO - [2024-06-26T14:16:59.098+0000] {dag.py:3954} INFO - Setting next_dagrun for first_trigger_dag to None, run_after=None
[2024-06-26T14:16:59.110+0000] {processor.py:183} INFO - Processing /opt/airflow/dags/triggerdag1.py took 0.049 seconds
[2024-06-26T14:17:04.836+0000] {processor.py:161} INFO - Started process (PID=1112) to work on /opt/airflow/dags/triggerdag1.py
[2024-06-26T14:17:04.837+0000] {processor.py:830} INFO - Processing file /opt/airflow/dags/triggerdag1.py for tasks to queue
[2024-06-26T14:17:04.837+0000] {logging_mixin.py:188} INFO - [2024-06-26T14:17:04.837+0000] {dagbag.py:545} INFO - Filling up the DagBag from /opt/airflow/dags/triggerdag1.py
[2024-06-26T14:17:04.842+0000] {processor.py:840} INFO - DAG(s) 'first_trigger_dag' retrieved from /opt/airflow/dags/triggerdag1.py
[2024-06-26T14:17:04.854+0000] {logging_mixin.py:188} INFO - [2024-06-26T14:17:04.853+0000] {dag.py:3096} INFO - Sync 1 DAGs
[2024-06-26T14:17:04.860+0000] {logging_mixin.py:188} INFO - [2024-06-26T14:17:04.860+0000] {dag.py:3954} INFO - Setting next_dagrun for first_trigger_dag to None, run_after=None
[2024-06-26T14:17:04.869+0000] {processor.py:183} INFO - Processing /opt/airflow/dags/triggerdag1.py took 0.036 seconds
[2024-06-26T14:17:10.638+0000] {processor.py:161} INFO - Started process (PID=1139) to work on /opt/airflow/dags/triggerdag1.py
[2024-06-26T14:17:10.638+0000] {processor.py:830} INFO - Processing file /opt/airflow/dags/triggerdag1.py for tasks to queue
[2024-06-26T14:17:10.639+0000] {logging_mixin.py:188} INFO - [2024-06-26T14:17:10.639+0000] {dagbag.py:545} INFO - Filling up the DagBag from /opt/airflow/dags/triggerdag1.py
[2024-06-26T14:17:10.644+0000] {processor.py:840} INFO - DAG(s) 'first_trigger_dag' retrieved from /opt/airflow/dags/triggerdag1.py
[2024-06-26T14:17:10.656+0000] {logging_mixin.py:188} INFO - [2024-06-26T14:17:10.656+0000] {dag.py:3096} INFO - Sync 1 DAGs
[2024-06-26T14:17:10.663+0000] {logging_mixin.py:188} INFO - [2024-06-26T14:17:10.663+0000] {dag.py:3954} INFO - Setting next_dagrun for first_trigger_dag to None, run_after=None
[2024-06-26T14:17:10.672+0000] {processor.py:183} INFO - Processing /opt/airflow/dags/triggerdag1.py took 0.037 seconds
[2024-06-26T14:17:16.440+0000] {processor.py:161} INFO - Started process (PID=1166) to work on /opt/airflow/dags/triggerdag1.py
[2024-06-26T14:17:16.441+0000] {processor.py:830} INFO - Processing file /opt/airflow/dags/triggerdag1.py for tasks to queue
[2024-06-26T14:17:16.442+0000] {logging_mixin.py:188} INFO - [2024-06-26T14:17:16.442+0000] {dagbag.py:545} INFO - Filling up the DagBag from /opt/airflow/dags/triggerdag1.py
[2024-06-26T14:17:16.446+0000] {processor.py:840} INFO - DAG(s) 'first_trigger_dag' retrieved from /opt/airflow/dags/triggerdag1.py
[2024-06-26T14:17:16.458+0000] {logging_mixin.py:188} INFO - [2024-06-26T14:17:16.458+0000] {dag.py:3096} INFO - Sync 1 DAGs
[2024-06-26T14:17:16.464+0000] {logging_mixin.py:188} INFO - [2024-06-26T14:17:16.464+0000] {dag.py:3954} INFO - Setting next_dagrun for first_trigger_dag to None, run_after=None
[2024-06-26T14:17:16.473+0000] {processor.py:183} INFO - Processing /opt/airflow/dags/triggerdag1.py took 0.035 seconds
[2024-06-26T14:17:22.178+0000] {processor.py:161} INFO - Started process (PID=1199) to work on /opt/airflow/dags/triggerdag1.py
[2024-06-26T14:17:22.179+0000] {processor.py:830} INFO - Processing file /opt/airflow/dags/triggerdag1.py for tasks to queue
[2024-06-26T14:17:22.180+0000] {logging_mixin.py:188} INFO - [2024-06-26T14:17:22.180+0000] {dagbag.py:545} INFO - Filling up the DagBag from /opt/airflow/dags/triggerdag1.py
[2024-06-26T14:17:22.184+0000] {processor.py:840} INFO - DAG(s) 'first_trigger_dag' retrieved from /opt/airflow/dags/triggerdag1.py
[2024-06-26T14:17:22.196+0000] {logging_mixin.py:188} INFO - [2024-06-26T14:17:22.196+0000] {dag.py:3096} INFO - Sync 1 DAGs
[2024-06-26T14:17:22.203+0000] {logging_mixin.py:188} INFO - [2024-06-26T14:17:22.203+0000] {dag.py:3954} INFO - Setting next_dagrun for first_trigger_dag to None, run_after=None
[2024-06-26T14:17:22.213+0000] {processor.py:183} INFO - Processing /opt/airflow/dags/triggerdag1.py took 0.038 seconds
[2024-06-26T14:17:27.937+0000] {processor.py:161} INFO - Started process (PID=1226) to work on /opt/airflow/dags/triggerdag1.py
[2024-06-26T14:17:27.938+0000] {processor.py:830} INFO - Processing file /opt/airflow/dags/triggerdag1.py for tasks to queue
[2024-06-26T14:17:27.939+0000] {logging_mixin.py:188} INFO - [2024-06-26T14:17:27.939+0000] {dagbag.py:545} INFO - Filling up the DagBag from /opt/airflow/dags/triggerdag1.py
[2024-06-26T14:17:27.943+0000] {processor.py:840} INFO - DAG(s) 'first_trigger_dag' retrieved from /opt/airflow/dags/triggerdag1.py
[2024-06-26T14:17:27.956+0000] {logging_mixin.py:188} INFO - [2024-06-26T14:17:27.956+0000] {dag.py:3096} INFO - Sync 1 DAGs
[2024-06-26T14:17:27.962+0000] {logging_mixin.py:188} INFO - [2024-06-26T14:17:27.962+0000] {dag.py:3954} INFO - Setting next_dagrun for first_trigger_dag to None, run_after=None
[2024-06-26T14:17:27.971+0000] {processor.py:183} INFO - Processing /opt/airflow/dags/triggerdag1.py took 0.037 seconds
[2024-06-26T14:17:33.625+0000] {processor.py:161} INFO - Started process (PID=1253) to work on /opt/airflow/dags/triggerdag1.py
[2024-06-26T14:17:33.626+0000] {processor.py:830} INFO - Processing file /opt/airflow/dags/triggerdag1.py for tasks to queue
[2024-06-26T14:17:33.627+0000] {logging_mixin.py:188} INFO - [2024-06-26T14:17:33.627+0000] {dagbag.py:545} INFO - Filling up the DagBag from /opt/airflow/dags/triggerdag1.py
[2024-06-26T14:17:33.632+0000] {processor.py:840} INFO - DAG(s) 'first_trigger_dag' retrieved from /opt/airflow/dags/triggerdag1.py
[2024-06-26T14:17:33.644+0000] {logging_mixin.py:188} INFO - [2024-06-26T14:17:33.644+0000] {dag.py:3096} INFO - Sync 1 DAGs
[2024-06-26T14:17:33.650+0000] {logging_mixin.py:188} INFO - [2024-06-26T14:17:33.650+0000] {dag.py:3954} INFO - Setting next_dagrun for first_trigger_dag to None, run_after=None
[2024-06-26T14:17:33.659+0000] {processor.py:183} INFO - Processing /opt/airflow/dags/triggerdag1.py took 0.038 seconds
[2024-06-26T14:17:39.412+0000] {processor.py:161} INFO - Started process (PID=1280) to work on /opt/airflow/dags/triggerdag1.py
[2024-06-26T14:17:39.413+0000] {processor.py:830} INFO - Processing file /opt/airflow/dags/triggerdag1.py for tasks to queue
[2024-06-26T14:17:39.414+0000] {logging_mixin.py:188} INFO - [2024-06-26T14:17:39.413+0000] {dagbag.py:545} INFO - Filling up the DagBag from /opt/airflow/dags/triggerdag1.py
[2024-06-26T14:17:39.418+0000] {processor.py:840} INFO - DAG(s) 'first_trigger_dag' retrieved from /opt/airflow/dags/triggerdag1.py
[2024-06-26T14:17:39.430+0000] {logging_mixin.py:188} INFO - [2024-06-26T14:17:39.429+0000] {dag.py:3096} INFO - Sync 1 DAGs
[2024-06-26T14:17:39.436+0000] {logging_mixin.py:188} INFO - [2024-06-26T14:17:39.436+0000] {dag.py:3954} INFO - Setting next_dagrun for first_trigger_dag to None, run_after=None
[2024-06-26T14:17:39.445+0000] {processor.py:183} INFO - Processing /opt/airflow/dags/triggerdag1.py took 0.036 seconds
[2024-06-26T14:17:45.174+0000] {processor.py:161} INFO - Started process (PID=1307) to work on /opt/airflow/dags/triggerdag1.py
[2024-06-26T14:17:45.175+0000] {processor.py:830} INFO - Processing file /opt/airflow/dags/triggerdag1.py for tasks to queue
[2024-06-26T14:17:45.176+0000] {logging_mixin.py:188} INFO - [2024-06-26T14:17:45.175+0000] {dagbag.py:545} INFO - Filling up the DagBag from /opt/airflow/dags/triggerdag1.py
[2024-06-26T14:17:45.180+0000] {processor.py:840} INFO - DAG(s) 'first_trigger_dag' retrieved from /opt/airflow/dags/triggerdag1.py
[2024-06-26T14:17:45.192+0000] {logging_mixin.py:188} INFO - [2024-06-26T14:17:45.192+0000] {dag.py:3096} INFO - Sync 1 DAGs
[2024-06-26T14:17:45.199+0000] {logging_mixin.py:188} INFO - [2024-06-26T14:17:45.199+0000] {dag.py:3954} INFO - Setting next_dagrun for first_trigger_dag to None, run_after=None
[2024-06-26T14:17:45.208+0000] {processor.py:183} INFO - Processing /opt/airflow/dags/triggerdag1.py took 0.037 seconds
[2024-06-26T14:17:50.964+0000] {processor.py:161} INFO - Started process (PID=1340) to work on /opt/airflow/dags/triggerdag1.py
[2024-06-26T14:17:50.965+0000] {processor.py:830} INFO - Processing file /opt/airflow/dags/triggerdag1.py for tasks to queue
[2024-06-26T14:17:50.966+0000] {logging_mixin.py:188} INFO - [2024-06-26T14:17:50.966+0000] {dagbag.py:545} INFO - Filling up the DagBag from /opt/airflow/dags/triggerdag1.py
[2024-06-26T14:17:50.970+0000] {processor.py:840} INFO - DAG(s) 'first_trigger_dag' retrieved from /opt/airflow/dags/triggerdag1.py
[2024-06-26T14:17:50.982+0000] {logging_mixin.py:188} INFO - [2024-06-26T14:17:50.982+0000] {dag.py:3096} INFO - Sync 1 DAGs
[2024-06-26T14:17:50.988+0000] {logging_mixin.py:188} INFO - [2024-06-26T14:17:50.988+0000] {dag.py:3954} INFO - Setting next_dagrun for first_trigger_dag to None, run_after=None
[2024-06-26T14:17:50.997+0000] {processor.py:183} INFO - Processing /opt/airflow/dags/triggerdag1.py took 0.036 seconds
[2024-06-26T14:17:56.691+0000] {processor.py:161} INFO - Started process (PID=1367) to work on /opt/airflow/dags/triggerdag1.py
[2024-06-26T14:17:56.692+0000] {processor.py:830} INFO - Processing file /opt/airflow/dags/triggerdag1.py for tasks to queue
[2024-06-26T14:17:56.693+0000] {logging_mixin.py:188} INFO - [2024-06-26T14:17:56.692+0000] {dagbag.py:545} INFO - Filling up the DagBag from /opt/airflow/dags/triggerdag1.py
[2024-06-26T14:17:56.697+0000] {processor.py:840} INFO - DAG(s) 'first_trigger_dag' retrieved from /opt/airflow/dags/triggerdag1.py
[2024-06-26T14:17:56.709+0000] {logging_mixin.py:188} INFO - [2024-06-26T14:17:56.709+0000] {dag.py:3096} INFO - Sync 1 DAGs
[2024-06-26T14:17:56.715+0000] {logging_mixin.py:188} INFO - [2024-06-26T14:17:56.715+0000] {dag.py:3954} INFO - Setting next_dagrun for first_trigger_dag to None, run_after=None
[2024-06-26T14:17:56.724+0000] {processor.py:183} INFO - Processing /opt/airflow/dags/triggerdag1.py took 0.036 seconds
[2024-06-26T14:18:02.440+0000] {processor.py:161} INFO - Started process (PID=1394) to work on /opt/airflow/dags/triggerdag1.py
[2024-06-26T14:18:02.441+0000] {processor.py:830} INFO - Processing file /opt/airflow/dags/triggerdag1.py for tasks to queue
[2024-06-26T14:18:02.442+0000] {logging_mixin.py:188} INFO - [2024-06-26T14:18:02.442+0000] {dagbag.py:545} INFO - Filling up the DagBag from /opt/airflow/dags/triggerdag1.py
[2024-06-26T14:18:02.446+0000] {processor.py:840} INFO - DAG(s) 'first_trigger_dag' retrieved from /opt/airflow/dags/triggerdag1.py
[2024-06-26T14:18:02.458+0000] {logging_mixin.py:188} INFO - [2024-06-26T14:18:02.458+0000] {dag.py:3096} INFO - Sync 1 DAGs
[2024-06-26T14:18:02.464+0000] {logging_mixin.py:188} INFO - [2024-06-26T14:18:02.464+0000] {dag.py:3954} INFO - Setting next_dagrun for first_trigger_dag to None, run_after=None
[2024-06-26T14:18:02.473+0000] {processor.py:183} INFO - Processing /opt/airflow/dags/triggerdag1.py took 0.037 seconds
