[2024-06-26T14:13:29.776+0000] {processor.py:161} INFO - Started process (PID=56) to work on /opt/airflow/dags/triggerdag3.py
[2024-06-26T14:13:29.777+0000] {processor.py:830} INFO - Processing file /opt/airflow/dags/triggerdag3.py for tasks to queue
[2024-06-26T14:13:29.778+0000] {logging_mixin.py:188} INFO - [2024-06-26T14:13:29.778+0000] {dagbag.py:545} INFO - Filling up the DagBag from /opt/airflow/dags/triggerdag3.py
[2024-06-26T14:13:29.785+0000] {processor.py:840} INFO - DAG(s) 'thrid_trigger_dag' retrieved from /opt/airflow/dags/triggerdag3.py
[2024-06-26T14:13:29.843+0000] {logging_mixin.py:188} INFO - [2024-06-26T14:13:29.843+0000] {dag.py:3096} INFO - Sync 1 DAGs
[2024-06-26T14:13:29.849+0000] {logging_mixin.py:188} INFO - [2024-06-26T14:13:29.849+0000] {dag.py:3954} INFO - Setting next_dagrun for thrid_trigger_dag to None, run_after=None
[2024-06-26T14:13:29.858+0000] {processor.py:183} INFO - Processing /opt/airflow/dags/triggerdag3.py took 0.087 seconds
[2024-06-26T14:13:35.649+0000] {processor.py:161} INFO - Started process (PID=83) to work on /opt/airflow/dags/triggerdag3.py
[2024-06-26T14:13:35.649+0000] {processor.py:830} INFO - Processing file /opt/airflow/dags/triggerdag3.py for tasks to queue
[2024-06-26T14:13:35.650+0000] {logging_mixin.py:188} INFO - [2024-06-26T14:13:35.650+0000] {dagbag.py:545} INFO - Filling up the DagBag from /opt/airflow/dags/triggerdag3.py
[2024-06-26T14:13:35.658+0000] {processor.py:840} INFO - DAG(s) 'thrid_trigger_dag' retrieved from /opt/airflow/dags/triggerdag3.py
[2024-06-26T14:13:35.667+0000] {logging_mixin.py:188} INFO - [2024-06-26T14:13:35.667+0000] {dag.py:3096} INFO - Sync 1 DAGs
[2024-06-26T14:13:35.675+0000] {logging_mixin.py:188} INFO - [2024-06-26T14:13:35.675+0000] {dag.py:3954} INFO - Setting next_dagrun for thrid_trigger_dag to None, run_after=None
[2024-06-26T14:13:35.688+0000] {processor.py:183} INFO - Processing /opt/airflow/dags/triggerdag3.py took 0.043 seconds
[2024-06-26T14:13:41.484+0000] {processor.py:161} INFO - Started process (PID=110) to work on /opt/airflow/dags/triggerdag3.py
[2024-06-26T14:13:41.484+0000] {processor.py:830} INFO - Processing file /opt/airflow/dags/triggerdag3.py for tasks to queue
[2024-06-26T14:13:41.485+0000] {logging_mixin.py:188} INFO - [2024-06-26T14:13:41.485+0000] {dagbag.py:545} INFO - Filling up the DagBag from /opt/airflow/dags/triggerdag3.py
[2024-06-26T14:13:41.490+0000] {processor.py:840} INFO - DAG(s) 'thrid_trigger_dag' retrieved from /opt/airflow/dags/triggerdag3.py
[2024-06-26T14:13:41.495+0000] {logging_mixin.py:188} INFO - [2024-06-26T14:13:41.495+0000] {dag.py:3096} INFO - Sync 1 DAGs
[2024-06-26T14:13:41.502+0000] {logging_mixin.py:188} INFO - [2024-06-26T14:13:41.502+0000] {dag.py:3954} INFO - Setting next_dagrun for thrid_trigger_dag to None, run_after=None
[2024-06-26T14:13:41.514+0000] {processor.py:183} INFO - Processing /opt/airflow/dags/triggerdag3.py took 0.033 seconds
[2024-06-26T14:13:47.297+0000] {processor.py:161} INFO - Started process (PID=137) to work on /opt/airflow/dags/triggerdag3.py
[2024-06-26T14:13:47.298+0000] {processor.py:830} INFO - Processing file /opt/airflow/dags/triggerdag3.py for tasks to queue
[2024-06-26T14:13:47.300+0000] {logging_mixin.py:188} INFO - [2024-06-26T14:13:47.299+0000] {dagbag.py:545} INFO - Filling up the DagBag from /opt/airflow/dags/triggerdag3.py
[2024-06-26T14:13:47.305+0000] {processor.py:840} INFO - DAG(s) 'thrid_trigger_dag' retrieved from /opt/airflow/dags/triggerdag3.py
[2024-06-26T14:13:47.313+0000] {logging_mixin.py:188} INFO - [2024-06-26T14:13:47.312+0000] {dag.py:3096} INFO - Sync 1 DAGs
[2024-06-26T14:13:47.322+0000] {logging_mixin.py:188} INFO - [2024-06-26T14:13:47.322+0000] {dag.py:3954} INFO - Setting next_dagrun for thrid_trigger_dag to None, run_after=None
[2024-06-26T14:13:47.334+0000] {processor.py:183} INFO - Processing /opt/airflow/dags/triggerdag3.py took 0.040 seconds
[2024-06-26T14:13:52.926+0000] {processor.py:161} INFO - Started process (PID=170) to work on /opt/airflow/dags/triggerdag3.py
[2024-06-26T14:13:52.927+0000] {processor.py:830} INFO - Processing file /opt/airflow/dags/triggerdag3.py for tasks to queue
[2024-06-26T14:13:52.928+0000] {logging_mixin.py:188} INFO - [2024-06-26T14:13:52.928+0000] {dagbag.py:545} INFO - Filling up the DagBag from /opt/airflow/dags/triggerdag3.py
[2024-06-26T14:13:52.933+0000] {processor.py:840} INFO - DAG(s) 'thrid_trigger_dag' retrieved from /opt/airflow/dags/triggerdag3.py
[2024-06-26T14:13:52.939+0000] {logging_mixin.py:188} INFO - [2024-06-26T14:13:52.939+0000] {dag.py:3096} INFO - Sync 1 DAGs
[2024-06-26T14:13:52.945+0000] {logging_mixin.py:188} INFO - [2024-06-26T14:13:52.945+0000] {dag.py:3954} INFO - Setting next_dagrun for thrid_trigger_dag to None, run_after=None
[2024-06-26T14:13:52.955+0000] {processor.py:183} INFO - Processing /opt/airflow/dags/triggerdag3.py took 0.031 seconds
[2024-06-26T14:13:58.963+0000] {processor.py:161} INFO - Started process (PID=210) to work on /opt/airflow/dags/triggerdag3.py
[2024-06-26T14:13:58.963+0000] {processor.py:830} INFO - Processing file /opt/airflow/dags/triggerdag3.py for tasks to queue
[2024-06-26T14:13:58.964+0000] {logging_mixin.py:188} INFO - [2024-06-26T14:13:58.964+0000] {dagbag.py:545} INFO - Filling up the DagBag from /opt/airflow/dags/triggerdag3.py
[2024-06-26T14:13:58.970+0000] {processor.py:840} INFO - DAG(s) 'thrid_trigger_dag' retrieved from /opt/airflow/dags/triggerdag3.py
[2024-06-26T14:13:58.975+0000] {logging_mixin.py:188} INFO - [2024-06-26T14:13:58.975+0000] {dag.py:3096} INFO - Sync 1 DAGs
[2024-06-26T14:13:58.983+0000] {logging_mixin.py:188} INFO - [2024-06-26T14:13:58.983+0000] {dag.py:3954} INFO - Setting next_dagrun for thrid_trigger_dag to None, run_after=None
[2024-06-26T14:13:58.992+0000] {processor.py:183} INFO - Processing /opt/airflow/dags/triggerdag3.py took 0.032 seconds
[2024-06-26T14:14:04.761+0000] {processor.py:161} INFO - Started process (PID=237) to work on /opt/airflow/dags/triggerdag3.py
[2024-06-26T14:14:04.762+0000] {processor.py:830} INFO - Processing file /opt/airflow/dags/triggerdag3.py for tasks to queue
[2024-06-26T14:14:04.763+0000] {logging_mixin.py:188} INFO - [2024-06-26T14:14:04.763+0000] {dagbag.py:545} INFO - Filling up the DagBag from /opt/airflow/dags/triggerdag3.py
[2024-06-26T14:14:04.768+0000] {processor.py:840} INFO - DAG(s) 'thrid_trigger_dag' retrieved from /opt/airflow/dags/triggerdag3.py
[2024-06-26T14:14:04.780+0000] {logging_mixin.py:188} INFO - [2024-06-26T14:14:04.780+0000] {dag.py:3096} INFO - Sync 1 DAGs
[2024-06-26T14:14:04.787+0000] {logging_mixin.py:188} INFO - [2024-06-26T14:14:04.787+0000] {dag.py:3954} INFO - Setting next_dagrun for thrid_trigger_dag to None, run_after=None
[2024-06-26T14:14:04.796+0000] {processor.py:183} INFO - Processing /opt/airflow/dags/triggerdag3.py took 0.039 seconds
[2024-06-26T14:14:10.685+0000] {processor.py:161} INFO - Started process (PID=264) to work on /opt/airflow/dags/triggerdag3.py
[2024-06-26T14:14:10.685+0000] {processor.py:830} INFO - Processing file /opt/airflow/dags/triggerdag3.py for tasks to queue
[2024-06-26T14:14:10.686+0000] {logging_mixin.py:188} INFO - [2024-06-26T14:14:10.686+0000] {dagbag.py:545} INFO - Filling up the DagBag from /opt/airflow/dags/triggerdag3.py
[2024-06-26T14:14:10.691+0000] {processor.py:840} INFO - DAG(s) 'thrid_trigger_dag' retrieved from /opt/airflow/dags/triggerdag3.py
[2024-06-26T14:14:10.702+0000] {logging_mixin.py:188} INFO - [2024-06-26T14:14:10.702+0000] {dag.py:3096} INFO - Sync 1 DAGs
[2024-06-26T14:14:10.709+0000] {logging_mixin.py:188} INFO - [2024-06-26T14:14:10.709+0000] {dag.py:3954} INFO - Setting next_dagrun for thrid_trigger_dag to None, run_after=None
[2024-06-26T14:14:10.718+0000] {processor.py:183} INFO - Processing /opt/airflow/dags/triggerdag3.py took 0.037 seconds
[2024-06-26T14:14:16.451+0000] {processor.py:161} INFO - Started process (PID=291) to work on /opt/airflow/dags/triggerdag3.py
[2024-06-26T14:14:16.451+0000] {processor.py:830} INFO - Processing file /opt/airflow/dags/triggerdag3.py for tasks to queue
[2024-06-26T14:14:16.452+0000] {logging_mixin.py:188} INFO - [2024-06-26T14:14:16.452+0000] {dagbag.py:545} INFO - Filling up the DagBag from /opt/airflow/dags/triggerdag3.py
[2024-06-26T14:14:16.457+0000] {processor.py:840} INFO - DAG(s) 'thrid_trigger_dag' retrieved from /opt/airflow/dags/triggerdag3.py
[2024-06-26T14:14:16.471+0000] {logging_mixin.py:188} INFO - [2024-06-26T14:14:16.471+0000] {dag.py:3096} INFO - Sync 1 DAGs
[2024-06-26T14:14:16.478+0000] {logging_mixin.py:188} INFO - [2024-06-26T14:14:16.478+0000] {dag.py:3954} INFO - Setting next_dagrun for thrid_trigger_dag to None, run_after=None
[2024-06-26T14:14:16.489+0000] {processor.py:183} INFO - Processing /opt/airflow/dags/triggerdag3.py took 0.041 seconds
[2024-06-26T14:14:22.221+0000] {processor.py:161} INFO - Started process (PID=324) to work on /opt/airflow/dags/triggerdag3.py
[2024-06-26T14:14:22.222+0000] {processor.py:830} INFO - Processing file /opt/airflow/dags/triggerdag3.py for tasks to queue
[2024-06-26T14:14:22.223+0000] {logging_mixin.py:188} INFO - [2024-06-26T14:14:22.223+0000] {dagbag.py:545} INFO - Filling up the DagBag from /opt/airflow/dags/triggerdag3.py
[2024-06-26T14:14:22.228+0000] {processor.py:840} INFO - DAG(s) 'thrid_trigger_dag' retrieved from /opt/airflow/dags/triggerdag3.py
[2024-06-26T14:14:22.241+0000] {logging_mixin.py:188} INFO - [2024-06-26T14:14:22.240+0000] {dag.py:3096} INFO - Sync 1 DAGs
[2024-06-26T14:14:22.247+0000] {logging_mixin.py:188} INFO - [2024-06-26T14:14:22.247+0000] {dag.py:3954} INFO - Setting next_dagrun for thrid_trigger_dag to None, run_after=None
[2024-06-26T14:14:22.257+0000] {processor.py:183} INFO - Processing /opt/airflow/dags/triggerdag3.py took 0.039 seconds
[2024-06-26T14:14:28.059+0000] {processor.py:161} INFO - Started process (PID=351) to work on /opt/airflow/dags/triggerdag3.py
[2024-06-26T14:14:28.060+0000] {processor.py:830} INFO - Processing file /opt/airflow/dags/triggerdag3.py for tasks to queue
[2024-06-26T14:14:28.061+0000] {logging_mixin.py:188} INFO - [2024-06-26T14:14:28.060+0000] {dagbag.py:545} INFO - Filling up the DagBag from /opt/airflow/dags/triggerdag3.py
[2024-06-26T14:14:28.065+0000] {processor.py:840} INFO - DAG(s) 'thrid_trigger_dag' retrieved from /opt/airflow/dags/triggerdag3.py
[2024-06-26T14:14:28.077+0000] {logging_mixin.py:188} INFO - [2024-06-26T14:14:28.077+0000] {dag.py:3096} INFO - Sync 1 DAGs
[2024-06-26T14:14:28.084+0000] {logging_mixin.py:188} INFO - [2024-06-26T14:14:28.084+0000] {dag.py:3954} INFO - Setting next_dagrun for thrid_trigger_dag to None, run_after=None
[2024-06-26T14:14:28.094+0000] {processor.py:183} INFO - Processing /opt/airflow/dags/triggerdag3.py took 0.038 seconds
[2024-06-26T14:14:33.878+0000] {processor.py:161} INFO - Started process (PID=378) to work on /opt/airflow/dags/triggerdag3.py
[2024-06-26T14:14:33.878+0000] {processor.py:830} INFO - Processing file /opt/airflow/dags/triggerdag3.py for tasks to queue
[2024-06-26T14:14:33.880+0000] {logging_mixin.py:188} INFO - [2024-06-26T14:14:33.879+0000] {dagbag.py:545} INFO - Filling up the DagBag from /opt/airflow/dags/triggerdag3.py
[2024-06-26T14:14:33.884+0000] {processor.py:840} INFO - DAG(s) 'thrid_trigger_dag' retrieved from /opt/airflow/dags/triggerdag3.py
[2024-06-26T14:14:33.896+0000] {logging_mixin.py:188} INFO - [2024-06-26T14:14:33.896+0000] {dag.py:3096} INFO - Sync 1 DAGs
[2024-06-26T14:14:33.903+0000] {logging_mixin.py:188} INFO - [2024-06-26T14:14:33.903+0000] {dag.py:3954} INFO - Setting next_dagrun for thrid_trigger_dag to None, run_after=None
[2024-06-26T14:14:33.912+0000] {processor.py:183} INFO - Processing /opt/airflow/dags/triggerdag3.py took 0.038 seconds
[2024-06-26T14:14:39.666+0000] {processor.py:161} INFO - Started process (PID=405) to work on /opt/airflow/dags/triggerdag3.py
[2024-06-26T14:14:39.667+0000] {processor.py:830} INFO - Processing file /opt/airflow/dags/triggerdag3.py for tasks to queue
[2024-06-26T14:14:39.669+0000] {logging_mixin.py:188} INFO - [2024-06-26T14:14:39.668+0000] {dagbag.py:545} INFO - Filling up the DagBag from /opt/airflow/dags/triggerdag3.py
[2024-06-26T14:14:39.673+0000] {processor.py:840} INFO - DAG(s) 'thrid_trigger_dag' retrieved from /opt/airflow/dags/triggerdag3.py
[2024-06-26T14:14:39.686+0000] {logging_mixin.py:188} INFO - [2024-06-26T14:14:39.685+0000] {dag.py:3096} INFO - Sync 1 DAGs
[2024-06-26T14:14:39.692+0000] {logging_mixin.py:188} INFO - [2024-06-26T14:14:39.692+0000] {dag.py:3954} INFO - Setting next_dagrun for thrid_trigger_dag to None, run_after=None
[2024-06-26T14:14:39.702+0000] {processor.py:183} INFO - Processing /opt/airflow/dags/triggerdag3.py took 0.039 seconds
[2024-06-26T14:14:45.419+0000] {processor.py:161} INFO - Started process (PID=432) to work on /opt/airflow/dags/triggerdag3.py
[2024-06-26T14:14:45.419+0000] {processor.py:830} INFO - Processing file /opt/airflow/dags/triggerdag3.py for tasks to queue
[2024-06-26T14:14:45.421+0000] {logging_mixin.py:188} INFO - [2024-06-26T14:14:45.420+0000] {dagbag.py:545} INFO - Filling up the DagBag from /opt/airflow/dags/triggerdag3.py
[2024-06-26T14:14:45.426+0000] {processor.py:840} INFO - DAG(s) 'thrid_trigger_dag' retrieved from /opt/airflow/dags/triggerdag3.py
[2024-06-26T14:14:45.437+0000] {logging_mixin.py:188} INFO - [2024-06-26T14:14:45.437+0000] {dag.py:3096} INFO - Sync 1 DAGs
[2024-06-26T14:14:45.444+0000] {logging_mixin.py:188} INFO - [2024-06-26T14:14:45.444+0000] {dag.py:3954} INFO - Setting next_dagrun for thrid_trigger_dag to None, run_after=None
[2024-06-26T14:14:45.454+0000] {processor.py:183} INFO - Processing /opt/airflow/dags/triggerdag3.py took 0.038 seconds
[2024-06-26T14:14:51.153+0000] {processor.py:161} INFO - Started process (PID=465) to work on /opt/airflow/dags/triggerdag3.py
[2024-06-26T14:14:51.153+0000] {processor.py:830} INFO - Processing file /opt/airflow/dags/triggerdag3.py for tasks to queue
[2024-06-26T14:14:51.154+0000] {logging_mixin.py:188} INFO - [2024-06-26T14:14:51.154+0000] {dagbag.py:545} INFO - Filling up the DagBag from /opt/airflow/dags/triggerdag3.py
[2024-06-26T14:14:51.159+0000] {processor.py:840} INFO - DAG(s) 'thrid_trigger_dag' retrieved from /opt/airflow/dags/triggerdag3.py
[2024-06-26T14:14:51.172+0000] {logging_mixin.py:188} INFO - [2024-06-26T14:14:51.172+0000] {dag.py:3096} INFO - Sync 1 DAGs
[2024-06-26T14:14:51.180+0000] {logging_mixin.py:188} INFO - [2024-06-26T14:14:51.180+0000] {dag.py:3954} INFO - Setting next_dagrun for thrid_trigger_dag to None, run_after=None
[2024-06-26T14:14:51.190+0000] {processor.py:183} INFO - Processing /opt/airflow/dags/triggerdag3.py took 0.040 seconds
[2024-06-26T14:14:56.974+0000] {processor.py:161} INFO - Started process (PID=492) to work on /opt/airflow/dags/triggerdag3.py
[2024-06-26T14:14:56.974+0000] {processor.py:830} INFO - Processing file /opt/airflow/dags/triggerdag3.py for tasks to queue
[2024-06-26T14:14:56.976+0000] {logging_mixin.py:188} INFO - [2024-06-26T14:14:56.976+0000] {dagbag.py:545} INFO - Filling up the DagBag from /opt/airflow/dags/triggerdag3.py
[2024-06-26T14:14:56.980+0000] {processor.py:840} INFO - DAG(s) 'thrid_trigger_dag' retrieved from /opt/airflow/dags/triggerdag3.py
[2024-06-26T14:14:56.993+0000] {logging_mixin.py:188} INFO - [2024-06-26T14:14:56.993+0000] {dag.py:3096} INFO - Sync 1 DAGs
[2024-06-26T14:14:57.000+0000] {logging_mixin.py:188} INFO - [2024-06-26T14:14:57.000+0000] {dag.py:3954} INFO - Setting next_dagrun for thrid_trigger_dag to None, run_after=None
[2024-06-26T14:14:57.009+0000] {processor.py:183} INFO - Processing /opt/airflow/dags/triggerdag3.py took 0.039 seconds
[2024-06-26T14:15:02.748+0000] {processor.py:161} INFO - Started process (PID=519) to work on /opt/airflow/dags/triggerdag3.py
[2024-06-26T14:15:02.748+0000] {processor.py:830} INFO - Processing file /opt/airflow/dags/triggerdag3.py for tasks to queue
[2024-06-26T14:15:02.750+0000] {logging_mixin.py:188} INFO - [2024-06-26T14:15:02.749+0000] {dagbag.py:545} INFO - Filling up the DagBag from /opt/airflow/dags/triggerdag3.py
[2024-06-26T14:15:02.754+0000] {processor.py:840} INFO - DAG(s) 'thrid_trigger_dag' retrieved from /opt/airflow/dags/triggerdag3.py
[2024-06-26T14:15:02.767+0000] {logging_mixin.py:188} INFO - [2024-06-26T14:15:02.767+0000] {dag.py:3096} INFO - Sync 1 DAGs
[2024-06-26T14:15:02.774+0000] {logging_mixin.py:188} INFO - [2024-06-26T14:15:02.774+0000] {dag.py:3954} INFO - Setting next_dagrun for thrid_trigger_dag to None, run_after=None
[2024-06-26T14:15:02.783+0000] {processor.py:183} INFO - Processing /opt/airflow/dags/triggerdag3.py took 0.038 seconds
[2024-06-26T14:15:08.581+0000] {processor.py:161} INFO - Started process (PID=546) to work on /opt/airflow/dags/triggerdag3.py
[2024-06-26T14:15:08.581+0000] {processor.py:830} INFO - Processing file /opt/airflow/dags/triggerdag3.py for tasks to queue
[2024-06-26T14:15:08.583+0000] {logging_mixin.py:188} INFO - [2024-06-26T14:15:08.583+0000] {dagbag.py:545} INFO - Filling up the DagBag from /opt/airflow/dags/triggerdag3.py
[2024-06-26T14:15:08.587+0000] {processor.py:840} INFO - DAG(s) 'thrid_trigger_dag' retrieved from /opt/airflow/dags/triggerdag3.py
[2024-06-26T14:15:08.600+0000] {logging_mixin.py:188} INFO - [2024-06-26T14:15:08.600+0000] {dag.py:3096} INFO - Sync 1 DAGs
[2024-06-26T14:15:08.606+0000] {logging_mixin.py:188} INFO - [2024-06-26T14:15:08.606+0000] {dag.py:3954} INFO - Setting next_dagrun for thrid_trigger_dag to None, run_after=None
[2024-06-26T14:15:08.617+0000] {processor.py:183} INFO - Processing /opt/airflow/dags/triggerdag3.py took 0.039 seconds
[2024-06-26T14:15:14.381+0000] {processor.py:161} INFO - Started process (PID=573) to work on /opt/airflow/dags/triggerdag3.py
[2024-06-26T14:15:14.382+0000] {processor.py:830} INFO - Processing file /opt/airflow/dags/triggerdag3.py for tasks to queue
[2024-06-26T14:15:14.383+0000] {logging_mixin.py:188} INFO - [2024-06-26T14:15:14.383+0000] {dagbag.py:545} INFO - Filling up the DagBag from /opt/airflow/dags/triggerdag3.py
[2024-06-26T14:15:14.388+0000] {processor.py:840} INFO - DAG(s) 'thrid_trigger_dag' retrieved from /opt/airflow/dags/triggerdag3.py
[2024-06-26T14:15:14.400+0000] {logging_mixin.py:188} INFO - [2024-06-26T14:15:14.399+0000] {dag.py:3096} INFO - Sync 1 DAGs
[2024-06-26T14:15:14.406+0000] {logging_mixin.py:188} INFO - [2024-06-26T14:15:14.406+0000] {dag.py:3954} INFO - Setting next_dagrun for thrid_trigger_dag to None, run_after=None
[2024-06-26T14:15:14.417+0000] {processor.py:183} INFO - Processing /opt/airflow/dags/triggerdag3.py took 0.038 seconds
[2024-06-26T14:15:20.191+0000] {processor.py:161} INFO - Started process (PID=606) to work on /opt/airflow/dags/triggerdag3.py
[2024-06-26T14:15:20.191+0000] {processor.py:830} INFO - Processing file /opt/airflow/dags/triggerdag3.py for tasks to queue
[2024-06-26T14:15:20.193+0000] {logging_mixin.py:188} INFO - [2024-06-26T14:15:20.192+0000] {dagbag.py:545} INFO - Filling up the DagBag from /opt/airflow/dags/triggerdag3.py
[2024-06-26T14:15:20.197+0000] {processor.py:840} INFO - DAG(s) 'thrid_trigger_dag' retrieved from /opt/airflow/dags/triggerdag3.py
[2024-06-26T14:15:20.209+0000] {logging_mixin.py:188} INFO - [2024-06-26T14:15:20.209+0000] {dag.py:3096} INFO - Sync 1 DAGs
[2024-06-26T14:15:20.216+0000] {logging_mixin.py:188} INFO - [2024-06-26T14:15:20.216+0000] {dag.py:3954} INFO - Setting next_dagrun for thrid_trigger_dag to None, run_after=None
[2024-06-26T14:15:20.229+0000] {processor.py:183} INFO - Processing /opt/airflow/dags/triggerdag3.py took 0.041 seconds
[2024-06-26T14:15:26.005+0000] {processor.py:161} INFO - Started process (PID=633) to work on /opt/airflow/dags/triggerdag3.py
[2024-06-26T14:15:26.006+0000] {processor.py:830} INFO - Processing file /opt/airflow/dags/triggerdag3.py for tasks to queue
[2024-06-26T14:15:26.007+0000] {logging_mixin.py:188} INFO - [2024-06-26T14:15:26.007+0000] {dagbag.py:545} INFO - Filling up the DagBag from /opt/airflow/dags/triggerdag3.py
[2024-06-26T14:15:26.012+0000] {processor.py:840} INFO - DAG(s) 'thrid_trigger_dag' retrieved from /opt/airflow/dags/triggerdag3.py
[2024-06-26T14:15:26.025+0000] {logging_mixin.py:188} INFO - [2024-06-26T14:15:26.024+0000] {dag.py:3096} INFO - Sync 1 DAGs
[2024-06-26T14:15:26.031+0000] {logging_mixin.py:188} INFO - [2024-06-26T14:15:26.031+0000] {dag.py:3954} INFO - Setting next_dagrun for thrid_trigger_dag to None, run_after=None
[2024-06-26T14:15:26.043+0000] {processor.py:183} INFO - Processing /opt/airflow/dags/triggerdag3.py took 0.042 seconds
[2024-06-26T14:15:31.820+0000] {processor.py:161} INFO - Started process (PID=660) to work on /opt/airflow/dags/triggerdag3.py
[2024-06-26T14:15:31.820+0000] {processor.py:830} INFO - Processing file /opt/airflow/dags/triggerdag3.py for tasks to queue
[2024-06-26T14:15:31.821+0000] {logging_mixin.py:188} INFO - [2024-06-26T14:15:31.821+0000] {dagbag.py:545} INFO - Filling up the DagBag from /opt/airflow/dags/triggerdag3.py
[2024-06-26T14:15:31.826+0000] {processor.py:840} INFO - DAG(s) 'thrid_trigger_dag' retrieved from /opt/airflow/dags/triggerdag3.py
[2024-06-26T14:15:31.839+0000] {logging_mixin.py:188} INFO - [2024-06-26T14:15:31.838+0000] {dag.py:3096} INFO - Sync 1 DAGs
[2024-06-26T14:15:31.845+0000] {logging_mixin.py:188} INFO - [2024-06-26T14:15:31.845+0000] {dag.py:3954} INFO - Setting next_dagrun for thrid_trigger_dag to None, run_after=None
[2024-06-26T14:15:31.854+0000] {processor.py:183} INFO - Processing /opt/airflow/dags/triggerdag3.py took 0.038 seconds
[2024-06-26T14:15:37.682+0000] {processor.py:161} INFO - Started process (PID=687) to work on /opt/airflow/dags/triggerdag3.py
[2024-06-26T14:15:37.683+0000] {processor.py:830} INFO - Processing file /opt/airflow/dags/triggerdag3.py for tasks to queue
[2024-06-26T14:15:37.684+0000] {logging_mixin.py:188} INFO - [2024-06-26T14:15:37.684+0000] {dagbag.py:545} INFO - Filling up the DagBag from /opt/airflow/dags/triggerdag3.py
[2024-06-26T14:15:37.689+0000] {processor.py:840} INFO - DAG(s) 'thrid_trigger_dag' retrieved from /opt/airflow/dags/triggerdag3.py
[2024-06-26T14:15:37.701+0000] {logging_mixin.py:188} INFO - [2024-06-26T14:15:37.700+0000] {dag.py:3096} INFO - Sync 1 DAGs
[2024-06-26T14:15:37.707+0000] {logging_mixin.py:188} INFO - [2024-06-26T14:15:37.707+0000] {dag.py:3954} INFO - Setting next_dagrun for thrid_trigger_dag to None, run_after=None
[2024-06-26T14:15:37.716+0000] {processor.py:183} INFO - Processing /opt/airflow/dags/triggerdag3.py took 0.037 seconds
[2024-06-26T14:15:43.489+0000] {processor.py:161} INFO - Started process (PID=714) to work on /opt/airflow/dags/triggerdag3.py
[2024-06-26T14:15:43.489+0000] {processor.py:830} INFO - Processing file /opt/airflow/dags/triggerdag3.py for tasks to queue
[2024-06-26T14:15:43.491+0000] {logging_mixin.py:188} INFO - [2024-06-26T14:15:43.490+0000] {dagbag.py:545} INFO - Filling up the DagBag from /opt/airflow/dags/triggerdag3.py
[2024-06-26T14:15:43.496+0000] {processor.py:840} INFO - DAG(s) 'thrid_trigger_dag' retrieved from /opt/airflow/dags/triggerdag3.py
[2024-06-26T14:15:43.508+0000] {logging_mixin.py:188} INFO - [2024-06-26T14:15:43.507+0000] {dag.py:3096} INFO - Sync 1 DAGs
[2024-06-26T14:15:43.515+0000] {logging_mixin.py:188} INFO - [2024-06-26T14:15:43.515+0000] {dag.py:3954} INFO - Setting next_dagrun for thrid_trigger_dag to None, run_after=None
[2024-06-26T14:15:43.524+0000] {processor.py:183} INFO - Processing /opt/airflow/dags/triggerdag3.py took 0.039 seconds
[2024-06-26T14:15:49.280+0000] {processor.py:161} INFO - Started process (PID=747) to work on /opt/airflow/dags/triggerdag3.py
[2024-06-26T14:15:49.280+0000] {processor.py:830} INFO - Processing file /opt/airflow/dags/triggerdag3.py for tasks to queue
[2024-06-26T14:15:49.282+0000] {logging_mixin.py:188} INFO - [2024-06-26T14:15:49.282+0000] {dagbag.py:545} INFO - Filling up the DagBag from /opt/airflow/dags/triggerdag3.py
[2024-06-26T14:15:49.288+0000] {processor.py:840} INFO - DAG(s) 'thrid_trigger_dag' retrieved from /opt/airflow/dags/triggerdag3.py
[2024-06-26T14:15:49.300+0000] {logging_mixin.py:188} INFO - [2024-06-26T14:15:49.300+0000] {dag.py:3096} INFO - Sync 1 DAGs
[2024-06-26T14:15:49.307+0000] {logging_mixin.py:188} INFO - [2024-06-26T14:15:49.307+0000] {dag.py:3954} INFO - Setting next_dagrun for thrid_trigger_dag to None, run_after=None
[2024-06-26T14:15:49.317+0000] {processor.py:183} INFO - Processing /opt/airflow/dags/triggerdag3.py took 0.040 seconds
[2024-06-26T14:15:55.147+0000] {processor.py:161} INFO - Started process (PID=774) to work on /opt/airflow/dags/triggerdag3.py
[2024-06-26T14:15:55.147+0000] {processor.py:830} INFO - Processing file /opt/airflow/dags/triggerdag3.py for tasks to queue
[2024-06-26T14:15:55.149+0000] {logging_mixin.py:188} INFO - [2024-06-26T14:15:55.149+0000] {dagbag.py:545} INFO - Filling up the DagBag from /opt/airflow/dags/triggerdag3.py
[2024-06-26T14:15:55.153+0000] {processor.py:840} INFO - DAG(s) 'thrid_trigger_dag' retrieved from /opt/airflow/dags/triggerdag3.py
[2024-06-26T14:15:55.167+0000] {logging_mixin.py:188} INFO - [2024-06-26T14:15:55.167+0000] {dag.py:3096} INFO - Sync 1 DAGs
[2024-06-26T14:15:55.174+0000] {logging_mixin.py:188} INFO - [2024-06-26T14:15:55.174+0000] {dag.py:3954} INFO - Setting next_dagrun for thrid_trigger_dag to None, run_after=None
[2024-06-26T14:15:55.184+0000] {processor.py:183} INFO - Processing /opt/airflow/dags/triggerdag3.py took 0.040 seconds
[2024-06-26T14:16:00.973+0000] {processor.py:161} INFO - Started process (PID=801) to work on /opt/airflow/dags/triggerdag3.py
[2024-06-26T14:16:00.973+0000] {processor.py:830} INFO - Processing file /opt/airflow/dags/triggerdag3.py for tasks to queue
[2024-06-26T14:16:00.975+0000] {logging_mixin.py:188} INFO - [2024-06-26T14:16:00.974+0000] {dagbag.py:545} INFO - Filling up the DagBag from /opt/airflow/dags/triggerdag3.py
[2024-06-26T14:16:00.980+0000] {processor.py:840} INFO - DAG(s) 'thrid_trigger_dag' retrieved from /opt/airflow/dags/triggerdag3.py
[2024-06-26T14:16:00.992+0000] {logging_mixin.py:188} INFO - [2024-06-26T14:16:00.991+0000] {dag.py:3096} INFO - Sync 1 DAGs
[2024-06-26T14:16:00.999+0000] {logging_mixin.py:188} INFO - [2024-06-26T14:16:00.999+0000] {dag.py:3954} INFO - Setting next_dagrun for thrid_trigger_dag to None, run_after=None
[2024-06-26T14:16:01.008+0000] {processor.py:183} INFO - Processing /opt/airflow/dags/triggerdag3.py took 0.038 seconds
[2024-06-26T14:16:06.758+0000] {processor.py:161} INFO - Started process (PID=828) to work on /opt/airflow/dags/triggerdag3.py
[2024-06-26T14:16:06.758+0000] {processor.py:830} INFO - Processing file /opt/airflow/dags/triggerdag3.py for tasks to queue
[2024-06-26T14:16:06.759+0000] {logging_mixin.py:188} INFO - [2024-06-26T14:16:06.759+0000] {dagbag.py:545} INFO - Filling up the DagBag from /opt/airflow/dags/triggerdag3.py
[2024-06-26T14:16:06.764+0000] {processor.py:840} INFO - DAG(s) 'thrid_trigger_dag' retrieved from /opt/airflow/dags/triggerdag3.py
[2024-06-26T14:16:06.777+0000] {logging_mixin.py:188} INFO - [2024-06-26T14:16:06.776+0000] {dag.py:3096} INFO - Sync 1 DAGs
[2024-06-26T14:16:06.783+0000] {logging_mixin.py:188} INFO - [2024-06-26T14:16:06.783+0000] {dag.py:3954} INFO - Setting next_dagrun for thrid_trigger_dag to None, run_after=None
[2024-06-26T14:16:06.793+0000] {processor.py:183} INFO - Processing /opt/airflow/dags/triggerdag3.py took 0.038 seconds
[2024-06-26T14:16:12.569+0000] {processor.py:161} INFO - Started process (PID=855) to work on /opt/airflow/dags/triggerdag3.py
[2024-06-26T14:16:12.570+0000] {processor.py:830} INFO - Processing file /opt/airflow/dags/triggerdag3.py for tasks to queue
[2024-06-26T14:16:12.572+0000] {logging_mixin.py:188} INFO - [2024-06-26T14:16:12.571+0000] {dagbag.py:545} INFO - Filling up the DagBag from /opt/airflow/dags/triggerdag3.py
[2024-06-26T14:16:12.576+0000] {processor.py:840} INFO - DAG(s) 'thrid_trigger_dag' retrieved from /opt/airflow/dags/triggerdag3.py
[2024-06-26T14:16:12.590+0000] {logging_mixin.py:188} INFO - [2024-06-26T14:16:12.589+0000] {dag.py:3096} INFO - Sync 1 DAGs
[2024-06-26T14:16:12.596+0000] {logging_mixin.py:188} INFO - [2024-06-26T14:16:12.596+0000] {dag.py:3954} INFO - Setting next_dagrun for thrid_trigger_dag to None, run_after=None
[2024-06-26T14:16:12.607+0000] {processor.py:183} INFO - Processing /opt/airflow/dags/triggerdag3.py took 0.041 seconds
[2024-06-26T14:16:18.398+0000] {processor.py:161} INFO - Started process (PID=888) to work on /opt/airflow/dags/triggerdag3.py
[2024-06-26T14:16:18.399+0000] {processor.py:830} INFO - Processing file /opt/airflow/dags/triggerdag3.py for tasks to queue
[2024-06-26T14:16:18.400+0000] {logging_mixin.py:188} INFO - [2024-06-26T14:16:18.400+0000] {dagbag.py:545} INFO - Filling up the DagBag from /opt/airflow/dags/triggerdag3.py
[2024-06-26T14:16:18.404+0000] {processor.py:840} INFO - DAG(s) 'thrid_trigger_dag' retrieved from /opt/airflow/dags/triggerdag3.py
[2024-06-26T14:16:18.417+0000] {logging_mixin.py:188} INFO - [2024-06-26T14:16:18.417+0000] {dag.py:3096} INFO - Sync 1 DAGs
[2024-06-26T14:16:18.424+0000] {logging_mixin.py:188} INFO - [2024-06-26T14:16:18.423+0000] {dag.py:3954} INFO - Setting next_dagrun for thrid_trigger_dag to None, run_after=None
[2024-06-26T14:16:18.433+0000] {processor.py:183} INFO - Processing /opt/airflow/dags/triggerdag3.py took 0.038 seconds
[2024-06-26T14:16:24.140+0000] {processor.py:161} INFO - Started process (PID=915) to work on /opt/airflow/dags/triggerdag3.py
[2024-06-26T14:16:24.140+0000] {processor.py:830} INFO - Processing file /opt/airflow/dags/triggerdag3.py for tasks to queue
[2024-06-26T14:16:24.141+0000] {logging_mixin.py:188} INFO - [2024-06-26T14:16:24.141+0000] {dagbag.py:545} INFO - Filling up the DagBag from /opt/airflow/dags/triggerdag3.py
[2024-06-26T14:16:24.146+0000] {processor.py:840} INFO - DAG(s) 'thrid_trigger_dag' retrieved from /opt/airflow/dags/triggerdag3.py
[2024-06-26T14:16:24.158+0000] {logging_mixin.py:188} INFO - [2024-06-26T14:16:24.158+0000] {dag.py:3096} INFO - Sync 1 DAGs
[2024-06-26T14:16:24.165+0000] {logging_mixin.py:188} INFO - [2024-06-26T14:16:24.165+0000] {dag.py:3954} INFO - Setting next_dagrun for thrid_trigger_dag to None, run_after=None
[2024-06-26T14:16:24.175+0000] {processor.py:183} INFO - Processing /opt/airflow/dags/triggerdag3.py took 0.038 seconds
[2024-06-26T14:16:29.973+0000] {processor.py:161} INFO - Started process (PID=942) to work on /opt/airflow/dags/triggerdag3.py
[2024-06-26T14:16:29.973+0000] {processor.py:830} INFO - Processing file /opt/airflow/dags/triggerdag3.py for tasks to queue
[2024-06-26T14:16:29.975+0000] {logging_mixin.py:188} INFO - [2024-06-26T14:16:29.975+0000] {dagbag.py:545} INFO - Filling up the DagBag from /opt/airflow/dags/triggerdag3.py
[2024-06-26T14:16:29.980+0000] {processor.py:840} INFO - DAG(s) 'thrid_trigger_dag' retrieved from /opt/airflow/dags/triggerdag3.py
[2024-06-26T14:16:29.992+0000] {logging_mixin.py:188} INFO - [2024-06-26T14:16:29.992+0000] {dag.py:3096} INFO - Sync 1 DAGs
[2024-06-26T14:16:29.998+0000] {logging_mixin.py:188} INFO - [2024-06-26T14:16:29.998+0000] {dag.py:3954} INFO - Setting next_dagrun for thrid_trigger_dag to None, run_after=None
[2024-06-26T14:16:30.009+0000] {processor.py:183} INFO - Processing /opt/airflow/dags/triggerdag3.py took 0.040 seconds
[2024-06-26T14:16:35.784+0000] {processor.py:161} INFO - Started process (PID=969) to work on /opt/airflow/dags/triggerdag3.py
[2024-06-26T14:16:35.784+0000] {processor.py:830} INFO - Processing file /opt/airflow/dags/triggerdag3.py for tasks to queue
[2024-06-26T14:16:35.785+0000] {logging_mixin.py:188} INFO - [2024-06-26T14:16:35.785+0000] {dagbag.py:545} INFO - Filling up the DagBag from /opt/airflow/dags/triggerdag3.py
[2024-06-26T14:16:35.790+0000] {processor.py:840} INFO - DAG(s) 'thrid_trigger_dag' retrieved from /opt/airflow/dags/triggerdag3.py
[2024-06-26T14:16:35.803+0000] {logging_mixin.py:188} INFO - [2024-06-26T14:16:35.803+0000] {dag.py:3096} INFO - Sync 1 DAGs
[2024-06-26T14:16:35.810+0000] {logging_mixin.py:188} INFO - [2024-06-26T14:16:35.810+0000] {dag.py:3954} INFO - Setting next_dagrun for thrid_trigger_dag to None, run_after=None
[2024-06-26T14:16:35.820+0000] {processor.py:183} INFO - Processing /opt/airflow/dags/triggerdag3.py took 0.040 seconds
[2024-06-26T14:16:41.559+0000] {processor.py:161} INFO - Started process (PID=996) to work on /opt/airflow/dags/triggerdag3.py
[2024-06-26T14:16:41.559+0000] {processor.py:830} INFO - Processing file /opt/airflow/dags/triggerdag3.py for tasks to queue
[2024-06-26T14:16:41.560+0000] {logging_mixin.py:188} INFO - [2024-06-26T14:16:41.560+0000] {dagbag.py:545} INFO - Filling up the DagBag from /opt/airflow/dags/triggerdag3.py
[2024-06-26T14:16:41.565+0000] {processor.py:840} INFO - DAG(s) 'thrid_trigger_dag' retrieved from /opt/airflow/dags/triggerdag3.py
[2024-06-26T14:16:41.576+0000] {logging_mixin.py:188} INFO - [2024-06-26T14:16:41.576+0000] {dag.py:3096} INFO - Sync 1 DAGs
[2024-06-26T14:16:41.583+0000] {logging_mixin.py:188} INFO - [2024-06-26T14:16:41.583+0000] {dag.py:3954} INFO - Setting next_dagrun for thrid_trigger_dag to None, run_after=None
[2024-06-26T14:16:41.592+0000] {processor.py:183} INFO - Processing /opt/airflow/dags/triggerdag3.py took 0.036 seconds
[2024-06-26T14:16:47.396+0000] {processor.py:161} INFO - Started process (PID=1023) to work on /opt/airflow/dags/triggerdag3.py
[2024-06-26T14:16:47.397+0000] {processor.py:830} INFO - Processing file /opt/airflow/dags/triggerdag3.py for tasks to queue
[2024-06-26T14:16:47.398+0000] {logging_mixin.py:188} INFO - [2024-06-26T14:16:47.398+0000] {dagbag.py:545} INFO - Filling up the DagBag from /opt/airflow/dags/triggerdag3.py
[2024-06-26T14:16:47.402+0000] {processor.py:840} INFO - DAG(s) 'thrid_trigger_dag' retrieved from /opt/airflow/dags/triggerdag3.py
[2024-06-26T14:16:47.415+0000] {logging_mixin.py:188} INFO - [2024-06-26T14:16:47.414+0000] {dag.py:3096} INFO - Sync 1 DAGs
[2024-06-26T14:16:47.421+0000] {logging_mixin.py:188} INFO - [2024-06-26T14:16:47.421+0000] {dag.py:3954} INFO - Setting next_dagrun for thrid_trigger_dag to None, run_after=None
[2024-06-26T14:16:47.431+0000] {processor.py:183} INFO - Processing /opt/airflow/dags/triggerdag3.py took 0.038 seconds
[2024-06-26T14:16:53.161+0000] {processor.py:161} INFO - Started process (PID=1056) to work on /opt/airflow/dags/triggerdag3.py
[2024-06-26T14:16:53.161+0000] {processor.py:830} INFO - Processing file /opt/airflow/dags/triggerdag3.py for tasks to queue
[2024-06-26T14:16:53.163+0000] {logging_mixin.py:188} INFO - [2024-06-26T14:16:53.162+0000] {dagbag.py:545} INFO - Filling up the DagBag from /opt/airflow/dags/triggerdag3.py
[2024-06-26T14:16:53.167+0000] {processor.py:840} INFO - DAG(s) 'thrid_trigger_dag' retrieved from /opt/airflow/dags/triggerdag3.py
[2024-06-26T14:16:53.179+0000] {logging_mixin.py:188} INFO - [2024-06-26T14:16:53.179+0000] {dag.py:3096} INFO - Sync 1 DAGs
[2024-06-26T14:16:53.185+0000] {logging_mixin.py:188} INFO - [2024-06-26T14:16:53.185+0000] {dag.py:3954} INFO - Setting next_dagrun for thrid_trigger_dag to None, run_after=None
[2024-06-26T14:16:53.195+0000] {processor.py:183} INFO - Processing /opt/airflow/dags/triggerdag3.py took 0.037 seconds
[2024-06-26T14:16:59.007+0000] {processor.py:161} INFO - Started process (PID=1083) to work on /opt/airflow/dags/triggerdag3.py
[2024-06-26T14:16:59.008+0000] {processor.py:830} INFO - Processing file /opt/airflow/dags/triggerdag3.py for tasks to queue
[2024-06-26T14:16:59.009+0000] {logging_mixin.py:188} INFO - [2024-06-26T14:16:59.009+0000] {dagbag.py:545} INFO - Filling up the DagBag from /opt/airflow/dags/triggerdag3.py
[2024-06-26T14:16:59.016+0000] {processor.py:840} INFO - DAG(s) 'thrid_trigger_dag' retrieved from /opt/airflow/dags/triggerdag3.py
[2024-06-26T14:16:59.030+0000] {logging_mixin.py:188} INFO - [2024-06-26T14:16:59.030+0000] {dag.py:3096} INFO - Sync 1 DAGs
[2024-06-26T14:16:59.038+0000] {logging_mixin.py:188} INFO - [2024-06-26T14:16:59.037+0000] {dag.py:3954} INFO - Setting next_dagrun for thrid_trigger_dag to None, run_after=None
[2024-06-26T14:16:59.049+0000] {processor.py:183} INFO - Processing /opt/airflow/dags/triggerdag3.py took 0.045 seconds
[2024-06-26T14:17:04.789+0000] {processor.py:161} INFO - Started process (PID=1110) to work on /opt/airflow/dags/triggerdag3.py
[2024-06-26T14:17:04.789+0000] {processor.py:830} INFO - Processing file /opt/airflow/dags/triggerdag3.py for tasks to queue
[2024-06-26T14:17:04.791+0000] {logging_mixin.py:188} INFO - [2024-06-26T14:17:04.791+0000] {dagbag.py:545} INFO - Filling up the DagBag from /opt/airflow/dags/triggerdag3.py
[2024-06-26T14:17:04.795+0000] {processor.py:840} INFO - DAG(s) 'thrid_trigger_dag' retrieved from /opt/airflow/dags/triggerdag3.py
[2024-06-26T14:17:04.807+0000] {logging_mixin.py:188} INFO - [2024-06-26T14:17:04.807+0000] {dag.py:3096} INFO - Sync 1 DAGs
[2024-06-26T14:17:04.813+0000] {logging_mixin.py:188} INFO - [2024-06-26T14:17:04.813+0000] {dag.py:3954} INFO - Setting next_dagrun for thrid_trigger_dag to None, run_after=None
[2024-06-26T14:17:04.823+0000] {processor.py:183} INFO - Processing /opt/airflow/dags/triggerdag3.py took 0.036 seconds
[2024-06-26T14:17:10.590+0000] {processor.py:161} INFO - Started process (PID=1137) to work on /opt/airflow/dags/triggerdag3.py
[2024-06-26T14:17:10.591+0000] {processor.py:830} INFO - Processing file /opt/airflow/dags/triggerdag3.py for tasks to queue
[2024-06-26T14:17:10.592+0000] {logging_mixin.py:188} INFO - [2024-06-26T14:17:10.592+0000] {dagbag.py:545} INFO - Filling up the DagBag from /opt/airflow/dags/triggerdag3.py
[2024-06-26T14:17:10.596+0000] {processor.py:840} INFO - DAG(s) 'thrid_trigger_dag' retrieved from /opt/airflow/dags/triggerdag3.py
[2024-06-26T14:17:10.608+0000] {logging_mixin.py:188} INFO - [2024-06-26T14:17:10.608+0000] {dag.py:3096} INFO - Sync 1 DAGs
[2024-06-26T14:17:10.614+0000] {logging_mixin.py:188} INFO - [2024-06-26T14:17:10.614+0000] {dag.py:3954} INFO - Setting next_dagrun for thrid_trigger_dag to None, run_after=None
[2024-06-26T14:17:10.623+0000] {processor.py:183} INFO - Processing /opt/airflow/dags/triggerdag3.py took 0.036 seconds
[2024-06-26T14:17:16.393+0000] {processor.py:161} INFO - Started process (PID=1164) to work on /opt/airflow/dags/triggerdag3.py
[2024-06-26T14:17:16.394+0000] {processor.py:830} INFO - Processing file /opt/airflow/dags/triggerdag3.py for tasks to queue
[2024-06-26T14:17:16.395+0000] {logging_mixin.py:188} INFO - [2024-06-26T14:17:16.395+0000] {dagbag.py:545} INFO - Filling up the DagBag from /opt/airflow/dags/triggerdag3.py
[2024-06-26T14:17:16.399+0000] {processor.py:840} INFO - DAG(s) 'thrid_trigger_dag' retrieved from /opt/airflow/dags/triggerdag3.py
[2024-06-26T14:17:16.411+0000] {logging_mixin.py:188} INFO - [2024-06-26T14:17:16.411+0000] {dag.py:3096} INFO - Sync 1 DAGs
[2024-06-26T14:17:16.417+0000] {logging_mixin.py:188} INFO - [2024-06-26T14:17:16.417+0000] {dag.py:3954} INFO - Setting next_dagrun for thrid_trigger_dag to None, run_after=None
[2024-06-26T14:17:16.426+0000] {processor.py:183} INFO - Processing /opt/airflow/dags/triggerdag3.py took 0.036 seconds
[2024-06-26T14:17:22.129+0000] {processor.py:161} INFO - Started process (PID=1197) to work on /opt/airflow/dags/triggerdag3.py
[2024-06-26T14:17:22.129+0000] {processor.py:830} INFO - Processing file /opt/airflow/dags/triggerdag3.py for tasks to queue
[2024-06-26T14:17:22.131+0000] {logging_mixin.py:188} INFO - [2024-06-26T14:17:22.130+0000] {dagbag.py:545} INFO - Filling up the DagBag from /opt/airflow/dags/triggerdag3.py
[2024-06-26T14:17:22.135+0000] {processor.py:840} INFO - DAG(s) 'thrid_trigger_dag' retrieved from /opt/airflow/dags/triggerdag3.py
[2024-06-26T14:17:22.147+0000] {logging_mixin.py:188} INFO - [2024-06-26T14:17:22.147+0000] {dag.py:3096} INFO - Sync 1 DAGs
[2024-06-26T14:17:22.154+0000] {logging_mixin.py:188} INFO - [2024-06-26T14:17:22.154+0000] {dag.py:3954} INFO - Setting next_dagrun for thrid_trigger_dag to None, run_after=None
[2024-06-26T14:17:22.164+0000] {processor.py:183} INFO - Processing /opt/airflow/dags/triggerdag3.py took 0.038 seconds
[2024-06-26T14:17:27.853+0000] {processor.py:161} INFO - Started process (PID=1224) to work on /opt/airflow/dags/triggerdag3.py
[2024-06-26T14:17:27.853+0000] {processor.py:830} INFO - Processing file /opt/airflow/dags/triggerdag3.py for tasks to queue
[2024-06-26T14:17:27.854+0000] {logging_mixin.py:188} INFO - [2024-06-26T14:17:27.854+0000] {dagbag.py:545} INFO - Filling up the DagBag from /opt/airflow/dags/triggerdag3.py
[2024-06-26T14:17:27.859+0000] {processor.py:840} INFO - DAG(s) 'thrid_trigger_dag' retrieved from /opt/airflow/dags/triggerdag3.py
[2024-06-26T14:17:27.870+0000] {logging_mixin.py:188} INFO - [2024-06-26T14:17:27.870+0000] {dag.py:3096} INFO - Sync 1 DAGs
[2024-06-26T14:17:27.876+0000] {logging_mixin.py:188} INFO - [2024-06-26T14:17:27.876+0000] {dag.py:3954} INFO - Setting next_dagrun for thrid_trigger_dag to None, run_after=None
[2024-06-26T14:17:27.885+0000] {processor.py:183} INFO - Processing /opt/airflow/dags/triggerdag3.py took 0.035 seconds
[2024-06-26T14:17:33.578+0000] {processor.py:161} INFO - Started process (PID=1251) to work on /opt/airflow/dags/triggerdag3.py
[2024-06-26T14:17:33.579+0000] {processor.py:830} INFO - Processing file /opt/airflow/dags/triggerdag3.py for tasks to queue
[2024-06-26T14:17:33.580+0000] {logging_mixin.py:188} INFO - [2024-06-26T14:17:33.580+0000] {dagbag.py:545} INFO - Filling up the DagBag from /opt/airflow/dags/triggerdag3.py
[2024-06-26T14:17:33.584+0000] {processor.py:840} INFO - DAG(s) 'thrid_trigger_dag' retrieved from /opt/airflow/dags/triggerdag3.py
[2024-06-26T14:17:33.596+0000] {logging_mixin.py:188} INFO - [2024-06-26T14:17:33.596+0000] {dag.py:3096} INFO - Sync 1 DAGs
[2024-06-26T14:17:33.602+0000] {logging_mixin.py:188} INFO - [2024-06-26T14:17:33.602+0000] {dag.py:3954} INFO - Setting next_dagrun for thrid_trigger_dag to None, run_after=None
[2024-06-26T14:17:33.611+0000] {processor.py:183} INFO - Processing /opt/airflow/dags/triggerdag3.py took 0.035 seconds
[2024-06-26T14:17:39.365+0000] {processor.py:161} INFO - Started process (PID=1278) to work on /opt/airflow/dags/triggerdag3.py
[2024-06-26T14:17:39.365+0000] {processor.py:830} INFO - Processing file /opt/airflow/dags/triggerdag3.py for tasks to queue
[2024-06-26T14:17:39.366+0000] {logging_mixin.py:188} INFO - [2024-06-26T14:17:39.366+0000] {dagbag.py:545} INFO - Filling up the DagBag from /opt/airflow/dags/triggerdag3.py
[2024-06-26T14:17:39.371+0000] {processor.py:840} INFO - DAG(s) 'thrid_trigger_dag' retrieved from /opt/airflow/dags/triggerdag3.py
[2024-06-26T14:17:39.382+0000] {logging_mixin.py:188} INFO - [2024-06-26T14:17:39.382+0000] {dag.py:3096} INFO - Sync 1 DAGs
[2024-06-26T14:17:39.389+0000] {logging_mixin.py:188} INFO - [2024-06-26T14:17:39.389+0000] {dag.py:3954} INFO - Setting next_dagrun for thrid_trigger_dag to None, run_after=None
[2024-06-26T14:17:39.399+0000] {processor.py:183} INFO - Processing /opt/airflow/dags/triggerdag3.py took 0.038 seconds
[2024-06-26T14:17:45.087+0000] {processor.py:161} INFO - Started process (PID=1305) to work on /opt/airflow/dags/triggerdag3.py
[2024-06-26T14:17:45.087+0000] {processor.py:830} INFO - Processing file /opt/airflow/dags/triggerdag3.py for tasks to queue
[2024-06-26T14:17:45.089+0000] {logging_mixin.py:188} INFO - [2024-06-26T14:17:45.088+0000] {dagbag.py:545} INFO - Filling up the DagBag from /opt/airflow/dags/triggerdag3.py
[2024-06-26T14:17:45.093+0000] {processor.py:840} INFO - DAG(s) 'thrid_trigger_dag' retrieved from /opt/airflow/dags/triggerdag3.py
[2024-06-26T14:17:45.105+0000] {logging_mixin.py:188} INFO - [2024-06-26T14:17:45.104+0000] {dag.py:3096} INFO - Sync 1 DAGs
[2024-06-26T14:17:45.111+0000] {logging_mixin.py:188} INFO - [2024-06-26T14:17:45.111+0000] {dag.py:3954} INFO - Setting next_dagrun for thrid_trigger_dag to None, run_after=None
[2024-06-26T14:17:45.121+0000] {processor.py:183} INFO - Processing /opt/airflow/dags/triggerdag3.py took 0.037 seconds
[2024-06-26T14:17:50.917+0000] {processor.py:161} INFO - Started process (PID=1338) to work on /opt/airflow/dags/triggerdag3.py
[2024-06-26T14:17:50.918+0000] {processor.py:830} INFO - Processing file /opt/airflow/dags/triggerdag3.py for tasks to queue
[2024-06-26T14:17:50.919+0000] {logging_mixin.py:188} INFO - [2024-06-26T14:17:50.919+0000] {dagbag.py:545} INFO - Filling up the DagBag from /opt/airflow/dags/triggerdag3.py
[2024-06-26T14:17:50.924+0000] {processor.py:840} INFO - DAG(s) 'thrid_trigger_dag' retrieved from /opt/airflow/dags/triggerdag3.py
[2024-06-26T14:17:50.936+0000] {logging_mixin.py:188} INFO - [2024-06-26T14:17:50.935+0000] {dag.py:3096} INFO - Sync 1 DAGs
[2024-06-26T14:17:50.942+0000] {logging_mixin.py:188} INFO - [2024-06-26T14:17:50.941+0000] {dag.py:3954} INFO - Setting next_dagrun for thrid_trigger_dag to None, run_after=None
[2024-06-26T14:17:50.951+0000] {processor.py:183} INFO - Processing /opt/airflow/dags/triggerdag3.py took 0.036 seconds
[2024-06-26T14:17:56.646+0000] {processor.py:161} INFO - Started process (PID=1365) to work on /opt/airflow/dags/triggerdag3.py
[2024-06-26T14:17:56.646+0000] {processor.py:830} INFO - Processing file /opt/airflow/dags/triggerdag3.py for tasks to queue
[2024-06-26T14:17:56.647+0000] {logging_mixin.py:188} INFO - [2024-06-26T14:17:56.647+0000] {dagbag.py:545} INFO - Filling up the DagBag from /opt/airflow/dags/triggerdag3.py
[2024-06-26T14:17:56.652+0000] {processor.py:840} INFO - DAG(s) 'thrid_trigger_dag' retrieved from /opt/airflow/dags/triggerdag3.py
[2024-06-26T14:17:56.663+0000] {logging_mixin.py:188} INFO - [2024-06-26T14:17:56.663+0000] {dag.py:3096} INFO - Sync 1 DAGs
[2024-06-26T14:17:56.669+0000] {logging_mixin.py:188} INFO - [2024-06-26T14:17:56.669+0000] {dag.py:3954} INFO - Setting next_dagrun for thrid_trigger_dag to None, run_after=None
[2024-06-26T14:17:56.678+0000] {processor.py:183} INFO - Processing /opt/airflow/dags/triggerdag3.py took 0.036 seconds
[2024-06-26T14:18:02.393+0000] {processor.py:161} INFO - Started process (PID=1392) to work on /opt/airflow/dags/triggerdag3.py
[2024-06-26T14:18:02.394+0000] {processor.py:830} INFO - Processing file /opt/airflow/dags/triggerdag3.py for tasks to queue
[2024-06-26T14:18:02.395+0000] {logging_mixin.py:188} INFO - [2024-06-26T14:18:02.395+0000] {dagbag.py:545} INFO - Filling up the DagBag from /opt/airflow/dags/triggerdag3.py
[2024-06-26T14:18:02.400+0000] {processor.py:840} INFO - DAG(s) 'thrid_trigger_dag' retrieved from /opt/airflow/dags/triggerdag3.py
[2024-06-26T14:18:02.411+0000] {logging_mixin.py:188} INFO - [2024-06-26T14:18:02.411+0000] {dag.py:3096} INFO - Sync 1 DAGs
[2024-06-26T14:18:02.418+0000] {logging_mixin.py:188} INFO - [2024-06-26T14:18:02.417+0000] {dag.py:3954} INFO - Setting next_dagrun for thrid_trigger_dag to None, run_after=None
[2024-06-26T14:18:02.427+0000] {processor.py:183} INFO - Processing /opt/airflow/dags/triggerdag3.py took 0.037 seconds
