[2024-06-26T14:13:29.284+0000] {processor.py:161} INFO - Started process (PID=46) to work on /opt/airflow/dags/variable.py
[2024-06-26T14:13:29.285+0000] {processor.py:830} INFO - Processing file /opt/airflow/dags/variable.py for tasks to queue
[2024-06-26T14:13:29.286+0000] {logging_mixin.py:188} INFO - [2024-06-26T14:13:29.285+0000] {dagbag.py:545} INFO - Filling up the DagBag from /opt/airflow/dags/variable.py
[2024-06-26T14:13:29.293+0000] {processor.py:840} INFO - DAG(s) 'variable' retrieved from /opt/airflow/dags/variable.py
[2024-06-26T14:13:29.359+0000] {logging_mixin.py:188} INFO - [2024-06-26T14:13:29.359+0000] {dag.py:3096} INFO - Sync 1 DAGs
[2024-06-26T14:13:29.365+0000] {logging_mixin.py:188} INFO - [2024-06-26T14:13:29.365+0000] {dag.py:3954} INFO - Setting next_dagrun for variable to None, run_after=None
[2024-06-26T14:13:29.376+0000] {processor.py:183} INFO - Processing /opt/airflow/dags/variable.py took 0.095 seconds
[2024-06-26T14:13:35.380+0000] {processor.py:161} INFO - Started process (PID=73) to work on /opt/airflow/dags/variable.py
[2024-06-26T14:13:35.381+0000] {processor.py:830} INFO - Processing file /opt/airflow/dags/variable.py for tasks to queue
[2024-06-26T14:13:35.382+0000] {logging_mixin.py:188} INFO - [2024-06-26T14:13:35.382+0000] {dagbag.py:545} INFO - Filling up the DagBag from /opt/airflow/dags/variable.py
[2024-06-26T14:13:35.389+0000] {processor.py:840} INFO - DAG(s) 'variable' retrieved from /opt/airflow/dags/variable.py
[2024-06-26T14:13:35.395+0000] {logging_mixin.py:188} INFO - [2024-06-26T14:13:35.395+0000] {dag.py:3096} INFO - Sync 1 DAGs
[2024-06-26T14:13:35.402+0000] {logging_mixin.py:188} INFO - [2024-06-26T14:13:35.402+0000] {dag.py:3954} INFO - Setting next_dagrun for variable to None, run_after=None
[2024-06-26T14:13:35.412+0000] {processor.py:183} INFO - Processing /opt/airflow/dags/variable.py took 0.034 seconds
[2024-06-26T14:13:40.940+0000] {processor.py:161} INFO - Started process (PID=100) to work on /opt/airflow/dags/variable.py
[2024-06-26T14:13:40.940+0000] {processor.py:830} INFO - Processing file /opt/airflow/dags/variable.py for tasks to queue
[2024-06-26T14:13:40.941+0000] {logging_mixin.py:188} INFO - [2024-06-26T14:13:40.941+0000] {dagbag.py:545} INFO - Filling up the DagBag from /opt/airflow/dags/variable.py
[2024-06-26T14:13:40.947+0000] {processor.py:840} INFO - DAG(s) 'variable' retrieved from /opt/airflow/dags/variable.py
[2024-06-26T14:13:40.953+0000] {logging_mixin.py:188} INFO - [2024-06-26T14:13:40.953+0000] {dag.py:3096} INFO - Sync 1 DAGs
[2024-06-26T14:13:40.960+0000] {logging_mixin.py:188} INFO - [2024-06-26T14:13:40.960+0000] {dag.py:3954} INFO - Setting next_dagrun for variable to None, run_after=None
[2024-06-26T14:13:40.970+0000] {processor.py:183} INFO - Processing /opt/airflow/dags/variable.py took 0.033 seconds
[2024-06-26T14:13:46.028+0000] {processor.py:161} INFO - Started process (PID=127) to work on /opt/airflow/dags/variable.py
[2024-06-26T14:13:46.037+0000] {processor.py:830} INFO - Processing file /opt/airflow/dags/variable.py for tasks to queue
[2024-06-26T14:13:46.038+0000] {logging_mixin.py:188} INFO - [2024-06-26T14:13:46.038+0000] {dagbag.py:545} INFO - Filling up the DagBag from /opt/airflow/dags/variable.py
[2024-06-26T14:13:46.044+0000] {processor.py:840} INFO - DAG(s) 'variable' retrieved from /opt/airflow/dags/variable.py
[2024-06-26T14:13:46.051+0000] {logging_mixin.py:188} INFO - [2024-06-26T14:13:46.050+0000] {dag.py:3096} INFO - Sync 1 DAGs
[2024-06-26T14:13:46.057+0000] {logging_mixin.py:188} INFO - [2024-06-26T14:13:46.057+0000] {dag.py:3954} INFO - Setting next_dagrun for variable to None, run_after=None
[2024-06-26T14:13:46.067+0000] {processor.py:183} INFO - Processing /opt/airflow/dags/variable.py took 0.042 seconds
[2024-06-26T14:13:51.728+0000] {processor.py:161} INFO - Started process (PID=160) to work on /opt/airflow/dags/variable.py
[2024-06-26T14:13:51.729+0000] {processor.py:830} INFO - Processing file /opt/airflow/dags/variable.py for tasks to queue
[2024-06-26T14:13:51.730+0000] {logging_mixin.py:188} INFO - [2024-06-26T14:13:51.730+0000] {dagbag.py:545} INFO - Filling up the DagBag from /opt/airflow/dags/variable.py
[2024-06-26T14:13:51.735+0000] {processor.py:840} INFO - DAG(s) 'variable' retrieved from /opt/airflow/dags/variable.py
[2024-06-26T14:13:51.742+0000] {logging_mixin.py:188} INFO - [2024-06-26T14:13:51.742+0000] {dag.py:3096} INFO - Sync 1 DAGs
[2024-06-26T14:13:51.749+0000] {logging_mixin.py:188} INFO - [2024-06-26T14:13:51.749+0000] {dag.py:3954} INFO - Setting next_dagrun for variable to None, run_after=None
[2024-06-26T14:13:51.758+0000] {processor.py:183} INFO - Processing /opt/airflow/dags/variable.py took 0.033 seconds
[2024-06-26T14:13:57.717+0000] {processor.py:161} INFO - Started process (PID=200) to work on /opt/airflow/dags/variable.py
[2024-06-26T14:13:57.718+0000] {processor.py:830} INFO - Processing file /opt/airflow/dags/variable.py for tasks to queue
[2024-06-26T14:13:57.719+0000] {logging_mixin.py:188} INFO - [2024-06-26T14:13:57.719+0000] {dagbag.py:545} INFO - Filling up the DagBag from /opt/airflow/dags/variable.py
[2024-06-26T14:13:57.725+0000] {processor.py:840} INFO - DAG(s) 'variable' retrieved from /opt/airflow/dags/variable.py
[2024-06-26T14:13:57.732+0000] {logging_mixin.py:188} INFO - [2024-06-26T14:13:57.731+0000] {dag.py:3096} INFO - Sync 1 DAGs
[2024-06-26T14:13:57.739+0000] {logging_mixin.py:188} INFO - [2024-06-26T14:13:57.739+0000] {dag.py:3954} INFO - Setting next_dagrun for variable to None, run_after=None
[2024-06-26T14:13:57.749+0000] {processor.py:183} INFO - Processing /opt/airflow/dags/variable.py took 0.034 seconds
[2024-06-26T14:14:03.464+0000] {processor.py:161} INFO - Started process (PID=227) to work on /opt/airflow/dags/variable.py
[2024-06-26T14:14:03.465+0000] {processor.py:830} INFO - Processing file /opt/airflow/dags/variable.py for tasks to queue
[2024-06-26T14:14:03.468+0000] {logging_mixin.py:188} INFO - [2024-06-26T14:14:03.468+0000] {dagbag.py:545} INFO - Filling up the DagBag from /opt/airflow/dags/variable.py
[2024-06-26T14:14:03.476+0000] {processor.py:840} INFO - DAG(s) 'variable' retrieved from /opt/airflow/dags/variable.py
[2024-06-26T14:14:03.489+0000] {logging_mixin.py:188} INFO - [2024-06-26T14:14:03.489+0000] {dag.py:3096} INFO - Sync 1 DAGs
[2024-06-26T14:14:03.496+0000] {logging_mixin.py:188} INFO - [2024-06-26T14:14:03.496+0000] {dag.py:3954} INFO - Setting next_dagrun for variable to None, run_after=None
[2024-06-26T14:14:03.506+0000] {processor.py:183} INFO - Processing /opt/airflow/dags/variable.py took 0.048 seconds
[2024-06-26T14:14:09.353+0000] {processor.py:161} INFO - Started process (PID=254) to work on /opt/airflow/dags/variable.py
[2024-06-26T14:14:09.354+0000] {processor.py:830} INFO - Processing file /opt/airflow/dags/variable.py for tasks to queue
[2024-06-26T14:14:09.355+0000] {logging_mixin.py:188} INFO - [2024-06-26T14:14:09.355+0000] {dagbag.py:545} INFO - Filling up the DagBag from /opt/airflow/dags/variable.py
[2024-06-26T14:14:09.362+0000] {processor.py:840} INFO - DAG(s) 'variable' retrieved from /opt/airflow/dags/variable.py
[2024-06-26T14:14:09.376+0000] {logging_mixin.py:188} INFO - [2024-06-26T14:14:09.375+0000] {dag.py:3096} INFO - Sync 1 DAGs
[2024-06-26T14:14:09.383+0000] {logging_mixin.py:188} INFO - [2024-06-26T14:14:09.383+0000] {dag.py:3954} INFO - Setting next_dagrun for variable to None, run_after=None
[2024-06-26T14:14:09.403+0000] {processor.py:183} INFO - Processing /opt/airflow/dags/variable.py took 0.054 seconds
[2024-06-26T14:14:15.192+0000] {processor.py:161} INFO - Started process (PID=281) to work on /opt/airflow/dags/variable.py
[2024-06-26T14:14:15.193+0000] {processor.py:830} INFO - Processing file /opt/airflow/dags/variable.py for tasks to queue
[2024-06-26T14:14:15.197+0000] {logging_mixin.py:188} INFO - [2024-06-26T14:14:15.196+0000] {dagbag.py:545} INFO - Filling up the DagBag from /opt/airflow/dags/variable.py
[2024-06-26T14:14:15.207+0000] {processor.py:840} INFO - DAG(s) 'variable' retrieved from /opt/airflow/dags/variable.py
[2024-06-26T14:14:15.220+0000] {logging_mixin.py:188} INFO - [2024-06-26T14:14:15.220+0000] {dag.py:3096} INFO - Sync 1 DAGs
[2024-06-26T14:14:15.227+0000] {logging_mixin.py:188} INFO - [2024-06-26T14:14:15.227+0000] {dag.py:3954} INFO - Setting next_dagrun for variable to None, run_after=None
[2024-06-26T14:14:15.237+0000] {processor.py:183} INFO - Processing /opt/airflow/dags/variable.py took 0.053 seconds
[2024-06-26T14:14:20.971+0000] {processor.py:161} INFO - Started process (PID=314) to work on /opt/airflow/dags/variable.py
[2024-06-26T14:14:20.981+0000] {processor.py:830} INFO - Processing file /opt/airflow/dags/variable.py for tasks to queue
[2024-06-26T14:14:20.983+0000] {logging_mixin.py:188} INFO - [2024-06-26T14:14:20.982+0000] {dagbag.py:545} INFO - Filling up the DagBag from /opt/airflow/dags/variable.py
[2024-06-26T14:14:20.993+0000] {processor.py:840} INFO - DAG(s) 'variable' retrieved from /opt/airflow/dags/variable.py
[2024-06-26T14:14:21.006+0000] {logging_mixin.py:188} INFO - [2024-06-26T14:14:21.005+0000] {dag.py:3096} INFO - Sync 1 DAGs
[2024-06-26T14:14:21.012+0000] {logging_mixin.py:188} INFO - [2024-06-26T14:14:21.012+0000] {dag.py:3954} INFO - Setting next_dagrun for variable to None, run_after=None
[2024-06-26T14:14:21.022+0000] {processor.py:183} INFO - Processing /opt/airflow/dags/variable.py took 0.054 seconds
[2024-06-26T14:14:26.724+0000] {processor.py:161} INFO - Started process (PID=341) to work on /opt/airflow/dags/variable.py
[2024-06-26T14:14:26.725+0000] {processor.py:830} INFO - Processing file /opt/airflow/dags/variable.py for tasks to queue
[2024-06-26T14:14:26.727+0000] {logging_mixin.py:188} INFO - [2024-06-26T14:14:26.726+0000] {dagbag.py:545} INFO - Filling up the DagBag from /opt/airflow/dags/variable.py
[2024-06-26T14:14:26.740+0000] {processor.py:840} INFO - DAG(s) 'variable' retrieved from /opt/airflow/dags/variable.py
[2024-06-26T14:14:26.752+0000] {logging_mixin.py:188} INFO - [2024-06-26T14:14:26.752+0000] {dag.py:3096} INFO - Sync 1 DAGs
[2024-06-26T14:14:26.760+0000] {logging_mixin.py:188} INFO - [2024-06-26T14:14:26.760+0000] {dag.py:3954} INFO - Setting next_dagrun for variable to None, run_after=None
[2024-06-26T14:14:26.769+0000] {processor.py:183} INFO - Processing /opt/airflow/dags/variable.py took 0.053 seconds
[2024-06-26T14:14:32.603+0000] {processor.py:161} INFO - Started process (PID=368) to work on /opt/airflow/dags/variable.py
[2024-06-26T14:14:32.604+0000] {processor.py:830} INFO - Processing file /opt/airflow/dags/variable.py for tasks to queue
[2024-06-26T14:14:32.605+0000] {logging_mixin.py:188} INFO - [2024-06-26T14:14:32.605+0000] {dagbag.py:545} INFO - Filling up the DagBag from /opt/airflow/dags/variable.py
[2024-06-26T14:14:32.611+0000] {processor.py:840} INFO - DAG(s) 'variable' retrieved from /opt/airflow/dags/variable.py
[2024-06-26T14:14:32.623+0000] {logging_mixin.py:188} INFO - [2024-06-26T14:14:32.623+0000] {dag.py:3096} INFO - Sync 1 DAGs
[2024-06-26T14:14:32.631+0000] {logging_mixin.py:188} INFO - [2024-06-26T14:14:32.631+0000] {dag.py:3954} INFO - Setting next_dagrun for variable to None, run_after=None
[2024-06-26T14:14:32.640+0000] {processor.py:183} INFO - Processing /opt/airflow/dags/variable.py took 0.039 seconds
[2024-06-26T14:14:38.396+0000] {processor.py:161} INFO - Started process (PID=395) to work on /opt/airflow/dags/variable.py
[2024-06-26T14:14:38.405+0000] {processor.py:830} INFO - Processing file /opt/airflow/dags/variable.py for tasks to queue
[2024-06-26T14:14:38.407+0000] {logging_mixin.py:188} INFO - [2024-06-26T14:14:38.406+0000] {dagbag.py:545} INFO - Filling up the DagBag from /opt/airflow/dags/variable.py
[2024-06-26T14:14:38.417+0000] {processor.py:840} INFO - DAG(s) 'variable' retrieved from /opt/airflow/dags/variable.py
[2024-06-26T14:14:38.429+0000] {logging_mixin.py:188} INFO - [2024-06-26T14:14:38.428+0000] {dag.py:3096} INFO - Sync 1 DAGs
[2024-06-26T14:14:38.436+0000] {logging_mixin.py:188} INFO - [2024-06-26T14:14:38.436+0000] {dag.py:3954} INFO - Setting next_dagrun for variable to None, run_after=None
[2024-06-26T14:14:38.447+0000] {processor.py:183} INFO - Processing /opt/airflow/dags/variable.py took 0.057 seconds
[2024-06-26T14:14:44.176+0000] {processor.py:161} INFO - Started process (PID=422) to work on /opt/airflow/dags/variable.py
[2024-06-26T14:14:44.176+0000] {processor.py:830} INFO - Processing file /opt/airflow/dags/variable.py for tasks to queue
[2024-06-26T14:14:44.177+0000] {logging_mixin.py:188} INFO - [2024-06-26T14:14:44.177+0000] {dagbag.py:545} INFO - Filling up the DagBag from /opt/airflow/dags/variable.py
[2024-06-26T14:14:44.183+0000] {processor.py:840} INFO - DAG(s) 'variable' retrieved from /opt/airflow/dags/variable.py
[2024-06-26T14:14:44.197+0000] {logging_mixin.py:188} INFO - [2024-06-26T14:14:44.197+0000] {dag.py:3096} INFO - Sync 1 DAGs
[2024-06-26T14:14:44.204+0000] {logging_mixin.py:188} INFO - [2024-06-26T14:14:44.204+0000] {dag.py:3954} INFO - Setting next_dagrun for variable to None, run_after=None
[2024-06-26T14:14:44.214+0000] {processor.py:183} INFO - Processing /opt/airflow/dags/variable.py took 0.041 seconds
[2024-06-26T14:14:49.920+0000] {processor.py:161} INFO - Started process (PID=455) to work on /opt/airflow/dags/variable.py
[2024-06-26T14:14:49.920+0000] {processor.py:830} INFO - Processing file /opt/airflow/dags/variable.py for tasks to queue
[2024-06-26T14:14:49.921+0000] {logging_mixin.py:188} INFO - [2024-06-26T14:14:49.921+0000] {dagbag.py:545} INFO - Filling up the DagBag from /opt/airflow/dags/variable.py
[2024-06-26T14:14:49.929+0000] {processor.py:840} INFO - DAG(s) 'variable' retrieved from /opt/airflow/dags/variable.py
[2024-06-26T14:14:49.940+0000] {logging_mixin.py:188} INFO - [2024-06-26T14:14:49.940+0000] {dag.py:3096} INFO - Sync 1 DAGs
[2024-06-26T14:14:49.948+0000] {logging_mixin.py:188} INFO - [2024-06-26T14:14:49.948+0000] {dag.py:3954} INFO - Setting next_dagrun for variable to None, run_after=None
[2024-06-26T14:14:49.958+0000] {processor.py:183} INFO - Processing /opt/airflow/dags/variable.py took 0.041 seconds
[2024-06-26T14:14:55.666+0000] {processor.py:161} INFO - Started process (PID=482) to work on /opt/airflow/dags/variable.py
[2024-06-26T14:14:55.676+0000] {processor.py:830} INFO - Processing file /opt/airflow/dags/variable.py for tasks to queue
[2024-06-26T14:14:55.679+0000] {logging_mixin.py:188} INFO - [2024-06-26T14:14:55.678+0000] {dagbag.py:545} INFO - Filling up the DagBag from /opt/airflow/dags/variable.py
[2024-06-26T14:14:55.690+0000] {processor.py:840} INFO - DAG(s) 'variable' retrieved from /opt/airflow/dags/variable.py
[2024-06-26T14:14:55.702+0000] {logging_mixin.py:188} INFO - [2024-06-26T14:14:55.702+0000] {dag.py:3096} INFO - Sync 1 DAGs
[2024-06-26T14:14:55.709+0000] {logging_mixin.py:188} INFO - [2024-06-26T14:14:55.708+0000] {dag.py:3954} INFO - Setting next_dagrun for variable to None, run_after=None
[2024-06-26T14:14:55.720+0000] {processor.py:183} INFO - Processing /opt/airflow/dags/variable.py took 0.060 seconds
[2024-06-26T14:15:01.477+0000] {processor.py:161} INFO - Started process (PID=509) to work on /opt/airflow/dags/variable.py
[2024-06-26T14:15:01.478+0000] {processor.py:830} INFO - Processing file /opt/airflow/dags/variable.py for tasks to queue
[2024-06-26T14:15:01.480+0000] {logging_mixin.py:188} INFO - [2024-06-26T14:15:01.480+0000] {dagbag.py:545} INFO - Filling up the DagBag from /opt/airflow/dags/variable.py
[2024-06-26T14:15:01.491+0000] {processor.py:840} INFO - DAG(s) 'variable' retrieved from /opt/airflow/dags/variable.py
[2024-06-26T14:15:01.504+0000] {logging_mixin.py:188} INFO - [2024-06-26T14:15:01.503+0000] {dag.py:3096} INFO - Sync 1 DAGs
[2024-06-26T14:15:01.511+0000] {logging_mixin.py:188} INFO - [2024-06-26T14:15:01.511+0000] {dag.py:3954} INFO - Setting next_dagrun for variable to None, run_after=None
[2024-06-26T14:15:01.521+0000] {processor.py:183} INFO - Processing /opt/airflow/dags/variable.py took 0.052 seconds
[2024-06-26T14:15:07.271+0000] {processor.py:161} INFO - Started process (PID=536) to work on /opt/airflow/dags/variable.py
[2024-06-26T14:15:07.271+0000] {processor.py:830} INFO - Processing file /opt/airflow/dags/variable.py for tasks to queue
[2024-06-26T14:15:07.274+0000] {logging_mixin.py:188} INFO - [2024-06-26T14:15:07.273+0000] {dagbag.py:545} INFO - Filling up the DagBag from /opt/airflow/dags/variable.py
[2024-06-26T14:15:07.301+0000] {processor.py:840} INFO - DAG(s) 'variable' retrieved from /opt/airflow/dags/variable.py
[2024-06-26T14:15:07.317+0000] {logging_mixin.py:188} INFO - [2024-06-26T14:15:07.317+0000] {dag.py:3096} INFO - Sync 1 DAGs
[2024-06-26T14:15:07.324+0000] {logging_mixin.py:188} INFO - [2024-06-26T14:15:07.324+0000] {dag.py:3954} INFO - Setting next_dagrun for variable to None, run_after=None
[2024-06-26T14:15:07.334+0000] {processor.py:183} INFO - Processing /opt/airflow/dags/variable.py took 0.070 seconds
[2024-06-26T14:15:13.090+0000] {processor.py:161} INFO - Started process (PID=563) to work on /opt/airflow/dags/variable.py
[2024-06-26T14:15:13.090+0000] {processor.py:830} INFO - Processing file /opt/airflow/dags/variable.py for tasks to queue
[2024-06-26T14:15:13.091+0000] {logging_mixin.py:188} INFO - [2024-06-26T14:15:13.091+0000] {dagbag.py:545} INFO - Filling up the DagBag from /opt/airflow/dags/variable.py
[2024-06-26T14:15:13.098+0000] {processor.py:840} INFO - DAG(s) 'variable' retrieved from /opt/airflow/dags/variable.py
[2024-06-26T14:15:13.113+0000] {logging_mixin.py:188} INFO - [2024-06-26T14:15:13.112+0000] {dag.py:3096} INFO - Sync 1 DAGs
[2024-06-26T14:15:13.122+0000] {logging_mixin.py:188} INFO - [2024-06-26T14:15:13.122+0000] {dag.py:3954} INFO - Setting next_dagrun for variable to None, run_after=None
[2024-06-26T14:15:13.133+0000] {processor.py:183} INFO - Processing /opt/airflow/dags/variable.py took 0.046 seconds
[2024-06-26T14:15:18.903+0000] {processor.py:161} INFO - Started process (PID=596) to work on /opt/airflow/dags/variable.py
[2024-06-26T14:15:18.904+0000] {processor.py:830} INFO - Processing file /opt/airflow/dags/variable.py for tasks to queue
[2024-06-26T14:15:18.905+0000] {logging_mixin.py:188} INFO - [2024-06-26T14:15:18.905+0000] {dagbag.py:545} INFO - Filling up the DagBag from /opt/airflow/dags/variable.py
[2024-06-26T14:15:18.911+0000] {processor.py:840} INFO - DAG(s) 'variable' retrieved from /opt/airflow/dags/variable.py
[2024-06-26T14:15:18.941+0000] {logging_mixin.py:188} INFO - [2024-06-26T14:15:18.940+0000] {dag.py:3096} INFO - Sync 1 DAGs
[2024-06-26T14:15:18.950+0000] {logging_mixin.py:188} INFO - [2024-06-26T14:15:18.949+0000] {dag.py:3954} INFO - Setting next_dagrun for variable to None, run_after=None
[2024-06-26T14:15:18.960+0000] {processor.py:183} INFO - Processing /opt/airflow/dags/variable.py took 0.060 seconds
[2024-06-26T14:15:24.710+0000] {processor.py:161} INFO - Started process (PID=623) to work on /opt/airflow/dags/variable.py
[2024-06-26T14:15:24.711+0000] {processor.py:830} INFO - Processing file /opt/airflow/dags/variable.py for tasks to queue
[2024-06-26T14:15:24.714+0000] {logging_mixin.py:188} INFO - [2024-06-26T14:15:24.714+0000] {dagbag.py:545} INFO - Filling up the DagBag from /opt/airflow/dags/variable.py
[2024-06-26T14:15:24.723+0000] {processor.py:840} INFO - DAG(s) 'variable' retrieved from /opt/airflow/dags/variable.py
[2024-06-26T14:15:24.738+0000] {logging_mixin.py:188} INFO - [2024-06-26T14:15:24.737+0000] {dag.py:3096} INFO - Sync 1 DAGs
[2024-06-26T14:15:24.745+0000] {logging_mixin.py:188} INFO - [2024-06-26T14:15:24.745+0000] {dag.py:3954} INFO - Setting next_dagrun for variable to None, run_after=None
[2024-06-26T14:15:24.755+0000] {processor.py:183} INFO - Processing /opt/airflow/dags/variable.py took 0.054 seconds
[2024-06-26T14:15:30.528+0000] {processor.py:161} INFO - Started process (PID=650) to work on /opt/airflow/dags/variable.py
[2024-06-26T14:15:30.528+0000] {processor.py:830} INFO - Processing file /opt/airflow/dags/variable.py for tasks to queue
[2024-06-26T14:15:30.529+0000] {logging_mixin.py:188} INFO - [2024-06-26T14:15:30.529+0000] {dagbag.py:545} INFO - Filling up the DagBag from /opt/airflow/dags/variable.py
[2024-06-26T14:15:30.536+0000] {processor.py:840} INFO - DAG(s) 'variable' retrieved from /opt/airflow/dags/variable.py
[2024-06-26T14:15:30.553+0000] {logging_mixin.py:188} INFO - [2024-06-26T14:15:30.553+0000] {dag.py:3096} INFO - Sync 1 DAGs
[2024-06-26T14:15:30.561+0000] {logging_mixin.py:188} INFO - [2024-06-26T14:15:30.561+0000] {dag.py:3954} INFO - Setting next_dagrun for variable to None, run_after=None
[2024-06-26T14:15:30.572+0000] {processor.py:183} INFO - Processing /opt/airflow/dags/variable.py took 0.047 seconds
[2024-06-26T14:15:36.333+0000] {processor.py:161} INFO - Started process (PID=677) to work on /opt/airflow/dags/variable.py
[2024-06-26T14:15:36.333+0000] {processor.py:830} INFO - Processing file /opt/airflow/dags/variable.py for tasks to queue
[2024-06-26T14:15:36.335+0000] {logging_mixin.py:188} INFO - [2024-06-26T14:15:36.334+0000] {dagbag.py:545} INFO - Filling up the DagBag from /opt/airflow/dags/variable.py
[2024-06-26T14:15:36.341+0000] {processor.py:840} INFO - DAG(s) 'variable' retrieved from /opt/airflow/dags/variable.py
[2024-06-26T14:15:36.354+0000] {logging_mixin.py:188} INFO - [2024-06-26T14:15:36.354+0000] {dag.py:3096} INFO - Sync 1 DAGs
[2024-06-26T14:15:36.361+0000] {logging_mixin.py:188} INFO - [2024-06-26T14:15:36.361+0000] {dag.py:3954} INFO - Setting next_dagrun for variable to None, run_after=None
[2024-06-26T14:15:36.372+0000] {processor.py:183} INFO - Processing /opt/airflow/dags/variable.py took 0.042 seconds
[2024-06-26T14:15:42.222+0000] {processor.py:161} INFO - Started process (PID=704) to work on /opt/airflow/dags/variable.py
[2024-06-26T14:15:42.231+0000] {processor.py:830} INFO - Processing file /opt/airflow/dags/variable.py for tasks to queue
[2024-06-26T14:15:42.234+0000] {logging_mixin.py:188} INFO - [2024-06-26T14:15:42.234+0000] {dagbag.py:545} INFO - Filling up the DagBag from /opt/airflow/dags/variable.py
[2024-06-26T14:15:42.244+0000] {processor.py:840} INFO - DAG(s) 'variable' retrieved from /opt/airflow/dags/variable.py
[2024-06-26T14:15:42.256+0000] {logging_mixin.py:188} INFO - [2024-06-26T14:15:42.256+0000] {dag.py:3096} INFO - Sync 1 DAGs
[2024-06-26T14:15:42.263+0000] {logging_mixin.py:188} INFO - [2024-06-26T14:15:42.263+0000] {dag.py:3954} INFO - Setting next_dagrun for variable to None, run_after=None
[2024-06-26T14:15:42.272+0000] {processor.py:183} INFO - Processing /opt/airflow/dags/variable.py took 0.055 seconds
[2024-06-26T14:15:47.996+0000] {processor.py:161} INFO - Started process (PID=737) to work on /opt/airflow/dags/variable.py
[2024-06-26T14:15:47.997+0000] {processor.py:830} INFO - Processing file /opt/airflow/dags/variable.py for tasks to queue
[2024-06-26T14:15:47.999+0000] {logging_mixin.py:188} INFO - [2024-06-26T14:15:47.999+0000] {dagbag.py:545} INFO - Filling up the DagBag from /opt/airflow/dags/variable.py
[2024-06-26T14:15:48.005+0000] {processor.py:840} INFO - DAG(s) 'variable' retrieved from /opt/airflow/dags/variable.py
[2024-06-26T14:15:48.017+0000] {logging_mixin.py:188} INFO - [2024-06-26T14:15:48.017+0000] {dag.py:3096} INFO - Sync 1 DAGs
[2024-06-26T14:15:48.024+0000] {logging_mixin.py:188} INFO - [2024-06-26T14:15:48.024+0000] {dag.py:3954} INFO - Setting next_dagrun for variable to None, run_after=None
[2024-06-26T14:15:48.034+0000] {processor.py:183} INFO - Processing /opt/airflow/dags/variable.py took 0.042 seconds
[2024-06-26T14:15:53.813+0000] {processor.py:161} INFO - Started process (PID=764) to work on /opt/airflow/dags/variable.py
[2024-06-26T14:15:53.813+0000] {processor.py:830} INFO - Processing file /opt/airflow/dags/variable.py for tasks to queue
[2024-06-26T14:15:53.814+0000] {logging_mixin.py:188} INFO - [2024-06-26T14:15:53.814+0000] {dagbag.py:545} INFO - Filling up the DagBag from /opt/airflow/dags/variable.py
[2024-06-26T14:15:53.821+0000] {processor.py:840} INFO - DAG(s) 'variable' retrieved from /opt/airflow/dags/variable.py
[2024-06-26T14:15:53.835+0000] {logging_mixin.py:188} INFO - [2024-06-26T14:15:53.835+0000] {dag.py:3096} INFO - Sync 1 DAGs
[2024-06-26T14:15:53.845+0000] {logging_mixin.py:188} INFO - [2024-06-26T14:15:53.844+0000] {dag.py:3954} INFO - Setting next_dagrun for variable to None, run_after=None
[2024-06-26T14:15:53.856+0000] {processor.py:183} INFO - Processing /opt/airflow/dags/variable.py took 0.047 seconds
[2024-06-26T14:15:59.693+0000] {processor.py:161} INFO - Started process (PID=791) to work on /opt/airflow/dags/variable.py
[2024-06-26T14:15:59.693+0000] {processor.py:830} INFO - Processing file /opt/airflow/dags/variable.py for tasks to queue
[2024-06-26T14:15:59.694+0000] {logging_mixin.py:188} INFO - [2024-06-26T14:15:59.694+0000] {dagbag.py:545} INFO - Filling up the DagBag from /opt/airflow/dags/variable.py
[2024-06-26T14:15:59.701+0000] {processor.py:840} INFO - DAG(s) 'variable' retrieved from /opt/airflow/dags/variable.py
[2024-06-26T14:15:59.715+0000] {logging_mixin.py:188} INFO - [2024-06-26T14:15:59.715+0000] {dag.py:3096} INFO - Sync 1 DAGs
[2024-06-26T14:15:59.723+0000] {logging_mixin.py:188} INFO - [2024-06-26T14:15:59.723+0000] {dag.py:3954} INFO - Setting next_dagrun for variable to None, run_after=None
[2024-06-26T14:15:59.734+0000] {processor.py:183} INFO - Processing /opt/airflow/dags/variable.py took 0.045 seconds
[2024-06-26T14:16:05.467+0000] {processor.py:161} INFO - Started process (PID=818) to work on /opt/airflow/dags/variable.py
[2024-06-26T14:16:05.468+0000] {processor.py:830} INFO - Processing file /opt/airflow/dags/variable.py for tasks to queue
[2024-06-26T14:16:05.469+0000] {logging_mixin.py:188} INFO - [2024-06-26T14:16:05.469+0000] {dagbag.py:545} INFO - Filling up the DagBag from /opt/airflow/dags/variable.py
[2024-06-26T14:16:05.474+0000] {processor.py:840} INFO - DAG(s) 'variable' retrieved from /opt/airflow/dags/variable.py
[2024-06-26T14:16:05.487+0000] {logging_mixin.py:188} INFO - [2024-06-26T14:16:05.487+0000] {dag.py:3096} INFO - Sync 1 DAGs
[2024-06-26T14:16:05.494+0000] {logging_mixin.py:188} INFO - [2024-06-26T14:16:05.494+0000] {dag.py:3954} INFO - Setting next_dagrun for variable to None, run_after=None
[2024-06-26T14:16:05.504+0000] {processor.py:183} INFO - Processing /opt/airflow/dags/variable.py took 0.040 seconds
[2024-06-26T14:16:11.260+0000] {processor.py:161} INFO - Started process (PID=845) to work on /opt/airflow/dags/variable.py
[2024-06-26T14:16:11.269+0000] {processor.py:830} INFO - Processing file /opt/airflow/dags/variable.py for tasks to queue
[2024-06-26T14:16:11.273+0000] {logging_mixin.py:188} INFO - [2024-06-26T14:16:11.272+0000] {dagbag.py:545} INFO - Filling up the DagBag from /opt/airflow/dags/variable.py
[2024-06-26T14:16:11.280+0000] {processor.py:840} INFO - DAG(s) 'variable' retrieved from /opt/airflow/dags/variable.py
[2024-06-26T14:16:11.293+0000] {logging_mixin.py:188} INFO - [2024-06-26T14:16:11.293+0000] {dag.py:3096} INFO - Sync 1 DAGs
[2024-06-26T14:16:11.299+0000] {logging_mixin.py:188} INFO - [2024-06-26T14:16:11.299+0000] {dag.py:3954} INFO - Setting next_dagrun for variable to None, run_after=None
[2024-06-26T14:16:11.310+0000] {processor.py:183} INFO - Processing /opt/airflow/dags/variable.py took 0.056 seconds
[2024-06-26T14:16:17.100+0000] {processor.py:161} INFO - Started process (PID=872) to work on /opt/airflow/dags/variable.py
[2024-06-26T14:16:17.101+0000] {processor.py:830} INFO - Processing file /opt/airflow/dags/variable.py for tasks to queue
[2024-06-26T14:16:17.102+0000] {logging_mixin.py:188} INFO - [2024-06-26T14:16:17.102+0000] {dagbag.py:545} INFO - Filling up the DagBag from /opt/airflow/dags/variable.py
[2024-06-26T14:16:17.108+0000] {processor.py:840} INFO - DAG(s) 'variable' retrieved from /opt/airflow/dags/variable.py
[2024-06-26T14:16:17.128+0000] {logging_mixin.py:188} INFO - [2024-06-26T14:16:17.128+0000] {dag.py:3096} INFO - Sync 1 DAGs
[2024-06-26T14:16:17.137+0000] {logging_mixin.py:188} INFO - [2024-06-26T14:16:17.137+0000] {dag.py:3954} INFO - Setting next_dagrun for variable to None, run_after=None
[2024-06-26T14:16:17.151+0000] {processor.py:183} INFO - Processing /opt/airflow/dags/variable.py took 0.054 seconds
[2024-06-26T14:16:22.892+0000] {processor.py:161} INFO - Started process (PID=905) to work on /opt/airflow/dags/variable.py
[2024-06-26T14:16:22.892+0000] {processor.py:830} INFO - Processing file /opt/airflow/dags/variable.py for tasks to queue
[2024-06-26T14:16:22.893+0000] {logging_mixin.py:188} INFO - [2024-06-26T14:16:22.893+0000] {dagbag.py:545} INFO - Filling up the DagBag from /opt/airflow/dags/variable.py
[2024-06-26T14:16:22.902+0000] {processor.py:840} INFO - DAG(s) 'variable' retrieved from /opt/airflow/dags/variable.py
[2024-06-26T14:16:22.915+0000] {logging_mixin.py:188} INFO - [2024-06-26T14:16:22.915+0000] {dag.py:3096} INFO - Sync 1 DAGs
[2024-06-26T14:16:22.921+0000] {logging_mixin.py:188} INFO - [2024-06-26T14:16:22.921+0000] {dag.py:3954} INFO - Setting next_dagrun for variable to None, run_after=None
[2024-06-26T14:16:22.931+0000] {processor.py:183} INFO - Processing /opt/airflow/dags/variable.py took 0.043 seconds
[2024-06-26T14:16:28.726+0000] {processor.py:161} INFO - Started process (PID=932) to work on /opt/airflow/dags/variable.py
[2024-06-26T14:16:28.736+0000] {processor.py:830} INFO - Processing file /opt/airflow/dags/variable.py for tasks to queue
[2024-06-26T14:16:28.738+0000] {logging_mixin.py:188} INFO - [2024-06-26T14:16:28.738+0000] {dagbag.py:545} INFO - Filling up the DagBag from /opt/airflow/dags/variable.py
[2024-06-26T14:16:28.745+0000] {processor.py:840} INFO - DAG(s) 'variable' retrieved from /opt/airflow/dags/variable.py
[2024-06-26T14:16:28.757+0000] {logging_mixin.py:188} INFO - [2024-06-26T14:16:28.757+0000] {dag.py:3096} INFO - Sync 1 DAGs
[2024-06-26T14:16:28.764+0000] {logging_mixin.py:188} INFO - [2024-06-26T14:16:28.764+0000] {dag.py:3954} INFO - Setting next_dagrun for variable to None, run_after=None
[2024-06-26T14:16:28.775+0000] {processor.py:183} INFO - Processing /opt/airflow/dags/variable.py took 0.055 seconds
[2024-06-26T14:16:34.498+0000] {processor.py:161} INFO - Started process (PID=959) to work on /opt/airflow/dags/variable.py
[2024-06-26T14:16:34.499+0000] {processor.py:830} INFO - Processing file /opt/airflow/dags/variable.py for tasks to queue
[2024-06-26T14:16:34.501+0000] {logging_mixin.py:188} INFO - [2024-06-26T14:16:34.500+0000] {dagbag.py:545} INFO - Filling up the DagBag from /opt/airflow/dags/variable.py
[2024-06-26T14:16:34.507+0000] {processor.py:840} INFO - DAG(s) 'variable' retrieved from /opt/airflow/dags/variable.py
[2024-06-26T14:16:34.519+0000] {logging_mixin.py:188} INFO - [2024-06-26T14:16:34.519+0000] {dag.py:3096} INFO - Sync 1 DAGs
[2024-06-26T14:16:34.526+0000] {logging_mixin.py:188} INFO - [2024-06-26T14:16:34.526+0000] {dag.py:3954} INFO - Setting next_dagrun for variable to None, run_after=None
[2024-06-26T14:16:34.535+0000] {processor.py:183} INFO - Processing /opt/airflow/dags/variable.py took 0.042 seconds
[2024-06-26T14:16:40.281+0000] {processor.py:161} INFO - Started process (PID=986) to work on /opt/airflow/dags/variable.py
[2024-06-26T14:16:40.282+0000] {processor.py:830} INFO - Processing file /opt/airflow/dags/variable.py for tasks to queue
[2024-06-26T14:16:40.283+0000] {logging_mixin.py:188} INFO - [2024-06-26T14:16:40.282+0000] {dagbag.py:545} INFO - Filling up the DagBag from /opt/airflow/dags/variable.py
[2024-06-26T14:16:40.288+0000] {processor.py:840} INFO - DAG(s) 'variable' retrieved from /opt/airflow/dags/variable.py
[2024-06-26T14:16:40.301+0000] {logging_mixin.py:188} INFO - [2024-06-26T14:16:40.301+0000] {dag.py:3096} INFO - Sync 1 DAGs
[2024-06-26T14:16:40.307+0000] {logging_mixin.py:188} INFO - [2024-06-26T14:16:40.307+0000] {dag.py:3954} INFO - Setting next_dagrun for variable to None, run_after=None
[2024-06-26T14:16:40.317+0000] {processor.py:183} INFO - Processing /opt/airflow/dags/variable.py took 0.038 seconds
[2024-06-26T14:16:46.071+0000] {processor.py:161} INFO - Started process (PID=1013) to work on /opt/airflow/dags/variable.py
[2024-06-26T14:16:46.080+0000] {processor.py:830} INFO - Processing file /opt/airflow/dags/variable.py for tasks to queue
[2024-06-26T14:16:46.082+0000] {logging_mixin.py:188} INFO - [2024-06-26T14:16:46.082+0000] {dagbag.py:545} INFO - Filling up the DagBag from /opt/airflow/dags/variable.py
[2024-06-26T14:16:46.094+0000] {processor.py:840} INFO - DAG(s) 'variable' retrieved from /opt/airflow/dags/variable.py
[2024-06-26T14:16:46.108+0000] {logging_mixin.py:188} INFO - [2024-06-26T14:16:46.108+0000] {dag.py:3096} INFO - Sync 1 DAGs
[2024-06-26T14:16:46.115+0000] {logging_mixin.py:188} INFO - [2024-06-26T14:16:46.114+0000] {dag.py:3954} INFO - Setting next_dagrun for variable to None, run_after=None
[2024-06-26T14:16:46.125+0000] {processor.py:183} INFO - Processing /opt/airflow/dags/variable.py took 0.058 seconds
[2024-06-26T14:16:51.904+0000] {processor.py:161} INFO - Started process (PID=1046) to work on /opt/airflow/dags/variable.py
[2024-06-26T14:16:51.905+0000] {processor.py:830} INFO - Processing file /opt/airflow/dags/variable.py for tasks to queue
[2024-06-26T14:16:51.906+0000] {logging_mixin.py:188} INFO - [2024-06-26T14:16:51.906+0000] {dagbag.py:545} INFO - Filling up the DagBag from /opt/airflow/dags/variable.py
[2024-06-26T14:16:51.911+0000] {processor.py:840} INFO - DAG(s) 'variable' retrieved from /opt/airflow/dags/variable.py
[2024-06-26T14:16:51.924+0000] {logging_mixin.py:188} INFO - [2024-06-26T14:16:51.924+0000] {dag.py:3096} INFO - Sync 1 DAGs
[2024-06-26T14:16:51.930+0000] {logging_mixin.py:188} INFO - [2024-06-26T14:16:51.930+0000] {dag.py:3954} INFO - Setting next_dagrun for variable to None, run_after=None
[2024-06-26T14:16:51.940+0000] {processor.py:183} INFO - Processing /opt/airflow/dags/variable.py took 0.038 seconds
[2024-06-26T14:16:57.735+0000] {processor.py:161} INFO - Started process (PID=1073) to work on /opt/airflow/dags/variable.py
[2024-06-26T14:16:57.736+0000] {processor.py:830} INFO - Processing file /opt/airflow/dags/variable.py for tasks to queue
[2024-06-26T14:16:57.737+0000] {logging_mixin.py:188} INFO - [2024-06-26T14:16:57.736+0000] {dagbag.py:545} INFO - Filling up the DagBag from /opt/airflow/dags/variable.py
[2024-06-26T14:16:57.743+0000] {processor.py:840} INFO - DAG(s) 'variable' retrieved from /opt/airflow/dags/variable.py
[2024-06-26T14:16:57.755+0000] {logging_mixin.py:188} INFO - [2024-06-26T14:16:57.755+0000] {dag.py:3096} INFO - Sync 1 DAGs
[2024-06-26T14:16:57.761+0000] {logging_mixin.py:188} INFO - [2024-06-26T14:16:57.761+0000] {dag.py:3954} INFO - Setting next_dagrun for variable to None, run_after=None
[2024-06-26T14:16:57.783+0000] {processor.py:183} INFO - Processing /opt/airflow/dags/variable.py took 0.051 seconds
[2024-06-26T14:17:03.557+0000] {processor.py:161} INFO - Started process (PID=1100) to work on /opt/airflow/dags/variable.py
[2024-06-26T14:17:03.557+0000] {processor.py:830} INFO - Processing file /opt/airflow/dags/variable.py for tasks to queue
[2024-06-26T14:17:03.558+0000] {logging_mixin.py:188} INFO - [2024-06-26T14:17:03.558+0000] {dagbag.py:545} INFO - Filling up the DagBag from /opt/airflow/dags/variable.py
[2024-06-26T14:17:03.567+0000] {processor.py:840} INFO - DAG(s) 'variable' retrieved from /opt/airflow/dags/variable.py
[2024-06-26T14:17:03.589+0000] {logging_mixin.py:188} INFO - [2024-06-26T14:17:03.589+0000] {dag.py:3096} INFO - Sync 1 DAGs
[2024-06-26T14:17:03.595+0000] {logging_mixin.py:188} INFO - [2024-06-26T14:17:03.595+0000] {dag.py:3954} INFO - Setting next_dagrun for variable to None, run_after=None
[2024-06-26T14:17:03.605+0000] {processor.py:183} INFO - Processing /opt/airflow/dags/variable.py took 0.051 seconds
[2024-06-26T14:17:09.275+0000] {processor.py:161} INFO - Started process (PID=1127) to work on /opt/airflow/dags/variable.py
[2024-06-26T14:17:09.276+0000] {processor.py:830} INFO - Processing file /opt/airflow/dags/variable.py for tasks to queue
[2024-06-26T14:17:09.277+0000] {logging_mixin.py:188} INFO - [2024-06-26T14:17:09.276+0000] {dagbag.py:545} INFO - Filling up the DagBag from /opt/airflow/dags/variable.py
[2024-06-26T14:17:09.282+0000] {processor.py:840} INFO - DAG(s) 'variable' retrieved from /opt/airflow/dags/variable.py
[2024-06-26T14:17:09.295+0000] {logging_mixin.py:188} INFO - [2024-06-26T14:17:09.295+0000] {dag.py:3096} INFO - Sync 1 DAGs
[2024-06-26T14:17:09.302+0000] {logging_mixin.py:188} INFO - [2024-06-26T14:17:09.302+0000] {dag.py:3954} INFO - Setting next_dagrun for variable to None, run_after=None
[2024-06-26T14:17:09.312+0000] {processor.py:183} INFO - Processing /opt/airflow/dags/variable.py took 0.041 seconds
[2024-06-26T14:17:15.101+0000] {processor.py:161} INFO - Started process (PID=1154) to work on /opt/airflow/dags/variable.py
[2024-06-26T14:17:15.101+0000] {processor.py:830} INFO - Processing file /opt/airflow/dags/variable.py for tasks to queue
[2024-06-26T14:17:15.102+0000] {logging_mixin.py:188} INFO - [2024-06-26T14:17:15.102+0000] {dagbag.py:545} INFO - Filling up the DagBag from /opt/airflow/dags/variable.py
[2024-06-26T14:17:15.108+0000] {processor.py:840} INFO - DAG(s) 'variable' retrieved from /opt/airflow/dags/variable.py
[2024-06-26T14:17:15.121+0000] {logging_mixin.py:188} INFO - [2024-06-26T14:17:15.120+0000] {dag.py:3096} INFO - Sync 1 DAGs
[2024-06-26T14:17:15.127+0000] {logging_mixin.py:188} INFO - [2024-06-26T14:17:15.127+0000] {dag.py:3954} INFO - Setting next_dagrun for variable to None, run_after=None
[2024-06-26T14:17:15.136+0000] {processor.py:183} INFO - Processing /opt/airflow/dags/variable.py took 0.039 seconds
[2024-06-26T14:17:20.886+0000] {processor.py:161} INFO - Started process (PID=1187) to work on /opt/airflow/dags/variable.py
[2024-06-26T14:17:20.887+0000] {processor.py:830} INFO - Processing file /opt/airflow/dags/variable.py for tasks to queue
[2024-06-26T14:17:20.888+0000] {logging_mixin.py:188} INFO - [2024-06-26T14:17:20.887+0000] {dagbag.py:545} INFO - Filling up the DagBag from /opt/airflow/dags/variable.py
[2024-06-26T14:17:20.898+0000] {processor.py:840} INFO - DAG(s) 'variable' retrieved from /opt/airflow/dags/variable.py
[2024-06-26T14:17:20.911+0000] {logging_mixin.py:188} INFO - [2024-06-26T14:17:20.911+0000] {dag.py:3096} INFO - Sync 1 DAGs
[2024-06-26T14:17:20.918+0000] {logging_mixin.py:188} INFO - [2024-06-26T14:17:20.918+0000] {dag.py:3954} INFO - Setting next_dagrun for variable to None, run_after=None
[2024-06-26T14:17:20.927+0000] {processor.py:183} INFO - Processing /opt/airflow/dags/variable.py took 0.045 seconds
[2024-06-26T14:17:26.618+0000] {processor.py:161} INFO - Started process (PID=1214) to work on /opt/airflow/dags/variable.py
[2024-06-26T14:17:26.619+0000] {processor.py:830} INFO - Processing file /opt/airflow/dags/variable.py for tasks to queue
[2024-06-26T14:17:26.621+0000] {logging_mixin.py:188} INFO - [2024-06-26T14:17:26.620+0000] {dagbag.py:545} INFO - Filling up the DagBag from /opt/airflow/dags/variable.py
[2024-06-26T14:17:26.637+0000] {processor.py:840} INFO - DAG(s) 'variable' retrieved from /opt/airflow/dags/variable.py
[2024-06-26T14:17:26.652+0000] {logging_mixin.py:188} INFO - [2024-06-26T14:17:26.651+0000] {dag.py:3096} INFO - Sync 1 DAGs
[2024-06-26T14:17:26.659+0000] {logging_mixin.py:188} INFO - [2024-06-26T14:17:26.659+0000] {dag.py:3954} INFO - Setting next_dagrun for variable to None, run_after=None
[2024-06-26T14:17:26.669+0000] {processor.py:183} INFO - Processing /opt/airflow/dags/variable.py took 0.060 seconds
[2024-06-26T14:17:32.313+0000] {processor.py:161} INFO - Started process (PID=1241) to work on /opt/airflow/dags/variable.py
[2024-06-26T14:17:32.313+0000] {processor.py:830} INFO - Processing file /opt/airflow/dags/variable.py for tasks to queue
[2024-06-26T14:17:32.314+0000] {logging_mixin.py:188} INFO - [2024-06-26T14:17:32.314+0000] {dagbag.py:545} INFO - Filling up the DagBag from /opt/airflow/dags/variable.py
[2024-06-26T14:17:32.320+0000] {processor.py:840} INFO - DAG(s) 'variable' retrieved from /opt/airflow/dags/variable.py
[2024-06-26T14:17:32.332+0000] {logging_mixin.py:188} INFO - [2024-06-26T14:17:32.331+0000] {dag.py:3096} INFO - Sync 1 DAGs
[2024-06-26T14:17:32.339+0000] {logging_mixin.py:188} INFO - [2024-06-26T14:17:32.339+0000] {dag.py:3954} INFO - Setting next_dagrun for variable to None, run_after=None
[2024-06-26T14:17:32.349+0000] {processor.py:183} INFO - Processing /opt/airflow/dags/variable.py took 0.039 seconds
[2024-06-26T14:17:38.087+0000] {processor.py:161} INFO - Started process (PID=1268) to work on /opt/airflow/dags/variable.py
[2024-06-26T14:17:38.088+0000] {processor.py:830} INFO - Processing file /opt/airflow/dags/variable.py for tasks to queue
[2024-06-26T14:17:38.089+0000] {logging_mixin.py:188} INFO - [2024-06-26T14:17:38.088+0000] {dagbag.py:545} INFO - Filling up the DagBag from /opt/airflow/dags/variable.py
[2024-06-26T14:17:38.094+0000] {processor.py:840} INFO - DAG(s) 'variable' retrieved from /opt/airflow/dags/variable.py
[2024-06-26T14:17:38.107+0000] {logging_mixin.py:188} INFO - [2024-06-26T14:17:38.107+0000] {dag.py:3096} INFO - Sync 1 DAGs
[2024-06-26T14:17:38.113+0000] {logging_mixin.py:188} INFO - [2024-06-26T14:17:38.113+0000] {dag.py:3954} INFO - Setting next_dagrun for variable to None, run_after=None
[2024-06-26T14:17:38.122+0000] {processor.py:183} INFO - Processing /opt/airflow/dags/variable.py took 0.038 seconds
[2024-06-26T14:17:43.818+0000] {processor.py:161} INFO - Started process (PID=1295) to work on /opt/airflow/dags/variable.py
[2024-06-26T14:17:43.819+0000] {processor.py:830} INFO - Processing file /opt/airflow/dags/variable.py for tasks to queue
[2024-06-26T14:17:43.820+0000] {logging_mixin.py:188} INFO - [2024-06-26T14:17:43.819+0000] {dagbag.py:545} INFO - Filling up the DagBag from /opt/airflow/dags/variable.py
[2024-06-26T14:17:43.825+0000] {processor.py:840} INFO - DAG(s) 'variable' retrieved from /opt/airflow/dags/variable.py
[2024-06-26T14:17:43.837+0000] {logging_mixin.py:188} INFO - [2024-06-26T14:17:43.837+0000] {dag.py:3096} INFO - Sync 1 DAGs
[2024-06-26T14:17:43.844+0000] {logging_mixin.py:188} INFO - [2024-06-26T14:17:43.844+0000] {dag.py:3954} INFO - Setting next_dagrun for variable to None, run_after=None
[2024-06-26T14:17:43.854+0000] {processor.py:183} INFO - Processing /opt/airflow/dags/variable.py took 0.039 seconds
[2024-06-26T14:17:49.639+0000] {processor.py:161} INFO - Started process (PID=1328) to work on /opt/airflow/dags/variable.py
[2024-06-26T14:17:49.640+0000] {processor.py:830} INFO - Processing file /opt/airflow/dags/variable.py for tasks to queue
[2024-06-26T14:17:49.642+0000] {logging_mixin.py:188} INFO - [2024-06-26T14:17:49.642+0000] {dagbag.py:545} INFO - Filling up the DagBag from /opt/airflow/dags/variable.py
[2024-06-26T14:17:49.648+0000] {processor.py:840} INFO - DAG(s) 'variable' retrieved from /opt/airflow/dags/variable.py
[2024-06-26T14:17:49.660+0000] {logging_mixin.py:188} INFO - [2024-06-26T14:17:49.660+0000] {dag.py:3096} INFO - Sync 1 DAGs
[2024-06-26T14:17:49.666+0000] {logging_mixin.py:188} INFO - [2024-06-26T14:17:49.666+0000] {dag.py:3954} INFO - Setting next_dagrun for variable to None, run_after=None
[2024-06-26T14:17:49.675+0000] {processor.py:183} INFO - Processing /opt/airflow/dags/variable.py took 0.041 seconds
[2024-06-26T14:17:55.429+0000] {processor.py:161} INFO - Started process (PID=1355) to work on /opt/airflow/dags/variable.py
[2024-06-26T14:17:55.429+0000] {processor.py:830} INFO - Processing file /opt/airflow/dags/variable.py for tasks to queue
[2024-06-26T14:17:55.430+0000] {logging_mixin.py:188} INFO - [2024-06-26T14:17:55.430+0000] {dagbag.py:545} INFO - Filling up the DagBag from /opt/airflow/dags/variable.py
[2024-06-26T14:17:55.436+0000] {processor.py:840} INFO - DAG(s) 'variable' retrieved from /opt/airflow/dags/variable.py
[2024-06-26T14:17:55.448+0000] {logging_mixin.py:188} INFO - [2024-06-26T14:17:55.448+0000] {dag.py:3096} INFO - Sync 1 DAGs
[2024-06-26T14:17:55.455+0000] {logging_mixin.py:188} INFO - [2024-06-26T14:17:55.455+0000] {dag.py:3954} INFO - Setting next_dagrun for variable to None, run_after=None
[2024-06-26T14:17:55.464+0000] {processor.py:183} INFO - Processing /opt/airflow/dags/variable.py took 0.038 seconds
[2024-06-26T14:18:01.130+0000] {processor.py:161} INFO - Started process (PID=1382) to work on /opt/airflow/dags/variable.py
[2024-06-26T14:18:01.139+0000] {processor.py:830} INFO - Processing file /opt/airflow/dags/variable.py for tasks to queue
[2024-06-26T14:18:01.140+0000] {logging_mixin.py:188} INFO - [2024-06-26T14:18:01.140+0000] {dagbag.py:545} INFO - Filling up the DagBag from /opt/airflow/dags/variable.py
[2024-06-26T14:18:01.146+0000] {processor.py:840} INFO - DAG(s) 'variable' retrieved from /opt/airflow/dags/variable.py
[2024-06-26T14:18:01.157+0000] {logging_mixin.py:188} INFO - [2024-06-26T14:18:01.157+0000] {dag.py:3096} INFO - Sync 1 DAGs
[2024-06-26T14:18:01.164+0000] {logging_mixin.py:188} INFO - [2024-06-26T14:18:01.164+0000] {dag.py:3954} INFO - Setting next_dagrun for variable to None, run_after=None
[2024-06-26T14:18:01.174+0000] {processor.py:183} INFO - Processing /opt/airflow/dags/variable.py took 0.047 seconds
