[2024-06-26T14:13:28.563+0000] {processor.py:161} INFO - Started process (PID=36) to work on /opt/airflow/dags/windturbine.py
[2024-06-26T14:13:28.563+0000] {processor.py:830} INFO - Processing file /opt/airflow/dags/windturbine.py for tasks to queue
[2024-06-26T14:13:28.565+0000] {logging_mixin.py:188} INFO - [2024-06-26T14:13:28.564+0000] {dagbag.py:545} INFO - Filling up the DagBag from /opt/airflow/dags/windturbine.py
[2024-06-26T14:13:28.596+0000] {logging_mixin.py:188} WARNING - /home/airflow/.local/lib/python3.12/site-packages/airflow/models/baseoperator.py:485 RemovedInAirflow3Warning: provide_context is deprecated as of 2.0 and is no longer required
[2024-06-26T14:13:28.599+0000] {processor.py:840} INFO - DAG(s) 'windturbine' retrieved from /opt/airflow/dags/windturbine.py
[2024-06-26T14:13:28.711+0000] {logging_mixin.py:188} INFO - [2024-06-26T14:13:28.711+0000] {dag.py:3096} INFO - Sync 1 DAGs
[2024-06-26T14:13:28.734+0000] {processor.py:183} INFO - Processing /opt/airflow/dags/windturbine.py took 0.174 seconds
[2024-06-26T14:13:34.138+0000] {processor.py:161} INFO - Started process (PID=63) to work on /opt/airflow/dags/windturbine.py
[2024-06-26T14:13:34.138+0000] {processor.py:830} INFO - Processing file /opt/airflow/dags/windturbine.py for tasks to queue
[2024-06-26T14:13:34.139+0000] {logging_mixin.py:188} INFO - [2024-06-26T14:13:34.139+0000] {dagbag.py:545} INFO - Filling up the DagBag from /opt/airflow/dags/windturbine.py
[2024-06-26T14:13:34.157+0000] {logging_mixin.py:188} WARNING - /home/airflow/.local/lib/python3.12/site-packages/airflow/models/baseoperator.py:485 RemovedInAirflow3Warning: provide_context is deprecated as of 2.0 and is no longer required
[2024-06-26T14:13:34.159+0000] {processor.py:840} INFO - DAG(s) 'windturbine' retrieved from /opt/airflow/dags/windturbine.py
[2024-06-26T14:13:34.161+0000] {logging_mixin.py:188} INFO - [2024-06-26T14:13:34.161+0000] {dag.py:3096} INFO - Sync 1 DAGs
[2024-06-26T14:13:34.180+0000] {processor.py:183} INFO - Processing /opt/airflow/dags/windturbine.py took 0.046 seconds
[2024-06-26T14:13:38.704+0000] {processor.py:161} INFO - Started process (PID=90) to work on /opt/airflow/dags/windturbine.py
[2024-06-26T14:13:38.705+0000] {processor.py:830} INFO - Processing file /opt/airflow/dags/windturbine.py for tasks to queue
[2024-06-26T14:13:38.705+0000] {logging_mixin.py:188} INFO - [2024-06-26T14:13:38.705+0000] {dagbag.py:545} INFO - Filling up the DagBag from /opt/airflow/dags/windturbine.py
[2024-06-26T14:13:38.722+0000] {logging_mixin.py:188} WARNING - /home/airflow/.local/lib/python3.12/site-packages/airflow/models/baseoperator.py:485 RemovedInAirflow3Warning: provide_context is deprecated as of 2.0 and is no longer required
[2024-06-26T14:13:38.724+0000] {processor.py:840} INFO - DAG(s) 'windturbine' retrieved from /opt/airflow/dags/windturbine.py
[2024-06-26T14:13:38.731+0000] {logging_mixin.py:188} INFO - [2024-06-26T14:13:38.731+0000] {taskinstance.py:2907} ERROR - {'DAG Id': 'windturbine', 'Task Id': 'file_sensor_task', 'Run Id': 'scheduled__2024-06-25T12:45:00+00:00', 'Hostname': '8f35bebe2893', 'External Executor Id': 'c6ee4d89-80d1-4e0b-8c04-090ee7f2d906'}
[2024-06-26T14:13:38.742+0000] {logging_mixin.py:188} INFO - [2024-06-26T14:13:38.742+0000] {taskinstance.py:1206} INFO - Marking task as UP_FOR_RETRY. dag_id=windturbine, task_id=file_sensor_task, run_id=scheduled__2024-06-25T12:45:00+00:00, execution_date=20240625T124500, start_date=20240625T124801, end_date=20240626T141338
[2024-06-26T14:13:38.747+0000] {processor.py:791} INFO - Executed failure callback for <TaskInstance: windturbine.file_sensor_task scheduled__2024-06-25T12:45:00+00:00 [up_for_retry]> in state up_for_retry
[2024-06-26T14:13:38.750+0000] {logging_mixin.py:188} INFO - [2024-06-26T14:13:38.750+0000] {dag.py:3096} INFO - Sync 1 DAGs
[2024-06-26T14:13:38.766+0000] {processor.py:183} INFO - Processing /opt/airflow/dags/windturbine.py took 0.065 seconds
[2024-06-26T14:13:44.688+0000] {processor.py:161} INFO - Started process (PID=117) to work on /opt/airflow/dags/windturbine.py
[2024-06-26T14:13:44.688+0000] {processor.py:830} INFO - Processing file /opt/airflow/dags/windturbine.py for tasks to queue
[2024-06-26T14:13:44.689+0000] {logging_mixin.py:188} INFO - [2024-06-26T14:13:44.689+0000] {dagbag.py:545} INFO - Filling up the DagBag from /opt/airflow/dags/windturbine.py
[2024-06-26T14:13:44.705+0000] {logging_mixin.py:188} WARNING - /home/airflow/.local/lib/python3.12/site-packages/airflow/models/baseoperator.py:485 RemovedInAirflow3Warning: provide_context is deprecated as of 2.0 and is no longer required
[2024-06-26T14:13:44.707+0000] {processor.py:840} INFO - DAG(s) 'windturbine' retrieved from /opt/airflow/dags/windturbine.py
[2024-06-26T14:13:44.714+0000] {logging_mixin.py:188} INFO - [2024-06-26T14:13:44.714+0000] {taskinstance.py:2907} ERROR - {'DAG Id': 'windturbine', 'Task Id': 'file_sensor_task', 'Run Id': 'scheduled__2024-06-25T12:48:00+00:00', 'Hostname': '8f35bebe2893', 'External Executor Id': 'f459686f-bc17-4515-83f0-da67c71a0054'}
[2024-06-26T14:13:44.723+0000] {logging_mixin.py:188} INFO - [2024-06-26T14:13:44.723+0000] {taskinstance.py:1206} INFO - Marking task as UP_FOR_RETRY. dag_id=windturbine, task_id=file_sensor_task, run_id=scheduled__2024-06-25T12:48:00+00:00, execution_date=20240625T124800, start_date=20240625T125100, end_date=20240626T141344
[2024-06-26T14:13:44.728+0000] {processor.py:791} INFO - Executed failure callback for <TaskInstance: windturbine.file_sensor_task scheduled__2024-06-25T12:48:00+00:00 [up_for_retry]> in state up_for_retry
[2024-06-26T14:13:44.729+0000] {logging_mixin.py:188} INFO - [2024-06-26T14:13:44.729+0000] {taskinstance.py:2907} ERROR - {'DAG Id': 'windturbine', 'Task Id': 'file_sensor_task', 'Run Id': 'scheduled__2024-06-25T12:51:00+00:00', 'Hostname': '8f35bebe2893', 'External Executor Id': '093c7fd4-2317-4c88-8b1c-542e926837c8'}
[2024-06-26T14:13:44.733+0000] {logging_mixin.py:188} INFO - [2024-06-26T14:13:44.733+0000] {taskinstance.py:1206} INFO - Marking task as UP_FOR_RETRY. dag_id=windturbine, task_id=file_sensor_task, run_id=scheduled__2024-06-25T12:51:00+00:00, execution_date=20240625T125100, start_date=20240625T125400, end_date=20240626T141344
[2024-06-26T14:13:44.734+0000] {processor.py:791} INFO - Executed failure callback for <TaskInstance: windturbine.file_sensor_task scheduled__2024-06-25T12:51:00+00:00 [up_for_retry]> in state up_for_retry
[2024-06-26T14:13:44.735+0000] {logging_mixin.py:188} INFO - [2024-06-26T14:13:44.735+0000] {taskinstance.py:2907} ERROR - {'DAG Id': 'windturbine', 'Task Id': 'file_sensor_task', 'Run Id': 'scheduled__2024-06-25T12:54:00+00:00', 'Hostname': '8f35bebe2893', 'External Executor Id': '6b0e1a74-3b80-460f-8059-953b9be38180'}
[2024-06-26T14:13:44.739+0000] {logging_mixin.py:188} INFO - [2024-06-26T14:13:44.738+0000] {taskinstance.py:1206} INFO - Marking task as UP_FOR_RETRY. dag_id=windturbine, task_id=file_sensor_task, run_id=scheduled__2024-06-25T12:54:00+00:00, execution_date=20240625T125400, start_date=20240625T125701, end_date=20240626T141344
[2024-06-26T14:13:44.740+0000] {processor.py:791} INFO - Executed failure callback for <TaskInstance: windturbine.file_sensor_task scheduled__2024-06-25T12:54:00+00:00 [up_for_retry]> in state up_for_retry
[2024-06-26T14:13:44.740+0000] {logging_mixin.py:188} INFO - [2024-06-26T14:13:44.740+0000] {taskinstance.py:2907} ERROR - {'DAG Id': 'windturbine', 'Task Id': 'file_sensor_task', 'Run Id': 'scheduled__2024-06-25T12:57:00+00:00', 'Hostname': '8f35bebe2893', 'External Executor Id': '8d737aa5-cb97-44d9-859a-9bf224f3ef4a'}
[2024-06-26T14:13:44.744+0000] {logging_mixin.py:188} INFO - [2024-06-26T14:13:44.744+0000] {taskinstance.py:1206} INFO - Marking task as UP_FOR_RETRY. dag_id=windturbine, task_id=file_sensor_task, run_id=scheduled__2024-06-25T12:57:00+00:00, execution_date=20240625T125700, start_date=20240625T130001, end_date=20240626T141344
[2024-06-26T14:13:44.745+0000] {processor.py:791} INFO - Executed failure callback for <TaskInstance: windturbine.file_sensor_task scheduled__2024-06-25T12:57:00+00:00 [up_for_retry]> in state up_for_retry
[2024-06-26T14:13:44.746+0000] {logging_mixin.py:188} INFO - [2024-06-26T14:13:44.746+0000] {taskinstance.py:2907} ERROR - {'DAG Id': 'windturbine', 'Task Id': 'file_sensor_task', 'Run Id': 'scheduled__2024-06-25T13:00:00+00:00', 'Hostname': '8f35bebe2893', 'External Executor Id': 'fc12ffef-07cb-4b8a-a7cd-f45689252ae1'}
[2024-06-26T14:13:44.749+0000] {logging_mixin.py:188} INFO - [2024-06-26T14:13:44.749+0000] {taskinstance.py:1206} INFO - Marking task as UP_FOR_RETRY. dag_id=windturbine, task_id=file_sensor_task, run_id=scheduled__2024-06-25T13:00:00+00:00, execution_date=20240625T130000, start_date=20240625T130301, end_date=20240626T141344
[2024-06-26T14:13:44.750+0000] {processor.py:791} INFO - Executed failure callback for <TaskInstance: windturbine.file_sensor_task scheduled__2024-06-25T13:00:00+00:00 [up_for_retry]> in state up_for_retry
[2024-06-26T14:13:44.751+0000] {logging_mixin.py:188} INFO - [2024-06-26T14:13:44.751+0000] {taskinstance.py:2907} ERROR - {'DAG Id': 'windturbine', 'Task Id': 'file_sensor_task', 'Run Id': 'scheduled__2024-06-25T13:03:00+00:00', 'Hostname': '8f35bebe2893', 'External Executor Id': '89eaa8c0-1697-4d3c-9b57-e8c60370ff7e'}
[2024-06-26T14:13:44.754+0000] {logging_mixin.py:188} INFO - [2024-06-26T14:13:44.754+0000] {taskinstance.py:1206} INFO - Marking task as UP_FOR_RETRY. dag_id=windturbine, task_id=file_sensor_task, run_id=scheduled__2024-06-25T13:03:00+00:00, execution_date=20240625T130300, start_date=20240625T130601, end_date=20240626T141344
[2024-06-26T14:13:44.756+0000] {processor.py:791} INFO - Executed failure callback for <TaskInstance: windturbine.file_sensor_task scheduled__2024-06-25T13:03:00+00:00 [up_for_retry]> in state up_for_retry
[2024-06-26T14:13:44.757+0000] {logging_mixin.py:188} INFO - [2024-06-26T14:13:44.757+0000] {taskinstance.py:2907} ERROR - {'DAG Id': 'windturbine', 'Task Id': 'file_sensor_task', 'Run Id': 'scheduled__2024-06-25T13:06:00+00:00', 'Hostname': '8f35bebe2893', 'External Executor Id': '9ceb458a-7f06-4350-be5b-40064f328893'}
[2024-06-26T14:13:44.761+0000] {logging_mixin.py:188} INFO - [2024-06-26T14:13:44.761+0000] {taskinstance.py:1206} INFO - Marking task as UP_FOR_RETRY. dag_id=windturbine, task_id=file_sensor_task, run_id=scheduled__2024-06-25T13:06:00+00:00, execution_date=20240625T130600, start_date=20240625T130900, end_date=20240626T141344
[2024-06-26T14:13:44.762+0000] {processor.py:791} INFO - Executed failure callback for <TaskInstance: windturbine.file_sensor_task scheduled__2024-06-25T13:06:00+00:00 [up_for_retry]> in state up_for_retry
[2024-06-26T14:13:44.763+0000] {logging_mixin.py:188} INFO - [2024-06-26T14:13:44.762+0000] {taskinstance.py:2907} ERROR - {'DAG Id': 'windturbine', 'Task Id': 'file_sensor_task', 'Run Id': 'scheduled__2024-06-25T13:09:00+00:00', 'Hostname': '8f35bebe2893', 'External Executor Id': 'a71bf6ee-ecc9-467d-86a0-f4e4ed9956b2'}
[2024-06-26T14:13:44.766+0000] {logging_mixin.py:188} INFO - [2024-06-26T14:13:44.766+0000] {taskinstance.py:1206} INFO - Marking task as UP_FOR_RETRY. dag_id=windturbine, task_id=file_sensor_task, run_id=scheduled__2024-06-25T13:09:00+00:00, execution_date=20240625T130900, start_date=20240625T131200, end_date=20240626T141344
[2024-06-26T14:13:44.768+0000] {processor.py:791} INFO - Executed failure callback for <TaskInstance: windturbine.file_sensor_task scheduled__2024-06-25T13:09:00+00:00 [up_for_retry]> in state up_for_retry
[2024-06-26T14:13:44.768+0000] {logging_mixin.py:188} INFO - [2024-06-26T14:13:44.768+0000] {taskinstance.py:2907} ERROR - {'DAG Id': 'windturbine', 'Task Id': 'file_sensor_task', 'Run Id': 'scheduled__2024-06-25T13:12:00+00:00', 'Hostname': '8f35bebe2893', 'External Executor Id': 'ead3804e-3412-40d9-846c-cf929a00f8e5'}
[2024-06-26T14:13:44.772+0000] {logging_mixin.py:188} INFO - [2024-06-26T14:13:44.772+0000] {taskinstance.py:1206} INFO - Marking task as UP_FOR_RETRY. dag_id=windturbine, task_id=file_sensor_task, run_id=scheduled__2024-06-25T13:12:00+00:00, execution_date=20240625T131200, start_date=20240625T131500, end_date=20240626T141344
[2024-06-26T14:13:44.773+0000] {processor.py:791} INFO - Executed failure callback for <TaskInstance: windturbine.file_sensor_task scheduled__2024-06-25T13:12:00+00:00 [up_for_retry]> in state up_for_retry
[2024-06-26T14:13:44.774+0000] {logging_mixin.py:188} INFO - [2024-06-26T14:13:44.774+0000] {taskinstance.py:2907} ERROR - {'DAG Id': 'windturbine', 'Task Id': 'file_sensor_task', 'Run Id': 'scheduled__2024-06-25T13:15:00+00:00', 'Hostname': '8f35bebe2893', 'External Executor Id': '7b382539-29f1-41ac-9703-27e37787d502'}
[2024-06-26T14:13:44.778+0000] {logging_mixin.py:188} INFO - [2024-06-26T14:13:44.778+0000] {taskinstance.py:1206} INFO - Marking task as UP_FOR_RETRY. dag_id=windturbine, task_id=file_sensor_task, run_id=scheduled__2024-06-25T13:15:00+00:00, execution_date=20240625T131500, start_date=20240625T131801, end_date=20240626T141344
[2024-06-26T14:13:44.779+0000] {processor.py:791} INFO - Executed failure callback for <TaskInstance: windturbine.file_sensor_task scheduled__2024-06-25T13:15:00+00:00 [up_for_retry]> in state up_for_retry
[2024-06-26T14:13:44.780+0000] {logging_mixin.py:188} INFO - [2024-06-26T14:13:44.780+0000] {taskinstance.py:2907} ERROR - {'DAG Id': 'windturbine', 'Task Id': 'file_sensor_task', 'Run Id': 'scheduled__2024-06-25T13:18:00+00:00', 'Hostname': '8f35bebe2893', 'External Executor Id': '63cab23d-851a-4f9b-b9f0-870616227789'}
[2024-06-26T14:13:44.783+0000] {logging_mixin.py:188} INFO - [2024-06-26T14:13:44.783+0000] {taskinstance.py:1206} INFO - Marking task as UP_FOR_RETRY. dag_id=windturbine, task_id=file_sensor_task, run_id=scheduled__2024-06-25T13:18:00+00:00, execution_date=20240625T131800, start_date=20240625T132100, end_date=20240626T141344
[2024-06-26T14:13:44.784+0000] {processor.py:791} INFO - Executed failure callback for <TaskInstance: windturbine.file_sensor_task scheduled__2024-06-25T13:18:00+00:00 [up_for_retry]> in state up_for_retry
[2024-06-26T14:13:44.785+0000] {logging_mixin.py:188} INFO - [2024-06-26T14:13:44.785+0000] {taskinstance.py:2907} ERROR - {'DAG Id': 'windturbine', 'Task Id': 'file_sensor_task', 'Run Id': 'scheduled__2024-06-25T13:21:00+00:00', 'Hostname': '8f35bebe2893', 'External Executor Id': '6c4fadcc-c0a8-4a71-9abe-59336c5e3d65'}
[2024-06-26T14:13:44.789+0000] {logging_mixin.py:188} INFO - [2024-06-26T14:13:44.789+0000] {taskinstance.py:1206} INFO - Marking task as UP_FOR_RETRY. dag_id=windturbine, task_id=file_sensor_task, run_id=scheduled__2024-06-25T13:21:00+00:00, execution_date=20240625T132100, start_date=20240625T132400, end_date=20240626T141344
[2024-06-26T14:13:44.790+0000] {processor.py:791} INFO - Executed failure callback for <TaskInstance: windturbine.file_sensor_task scheduled__2024-06-25T13:21:00+00:00 [up_for_retry]> in state up_for_retry
[2024-06-26T14:13:44.791+0000] {logging_mixin.py:188} INFO - [2024-06-26T14:13:44.791+0000] {taskinstance.py:2907} ERROR - {'DAG Id': 'windturbine', 'Task Id': 'file_sensor_task', 'Run Id': 'scheduled__2024-06-25T13:24:00+00:00', 'Hostname': '8f35bebe2893', 'External Executor Id': '647d4d4f-1186-4946-9cbd-f2c9d7991198'}
[2024-06-26T14:13:44.795+0000] {logging_mixin.py:188} INFO - [2024-06-26T14:13:44.795+0000] {taskinstance.py:1206} INFO - Marking task as UP_FOR_RETRY. dag_id=windturbine, task_id=file_sensor_task, run_id=scheduled__2024-06-25T13:24:00+00:00, execution_date=20240625T132400, start_date=20240625T132701, end_date=20240626T141344
[2024-06-26T14:13:44.796+0000] {processor.py:791} INFO - Executed failure callback for <TaskInstance: windturbine.file_sensor_task scheduled__2024-06-25T13:24:00+00:00 [up_for_retry]> in state up_for_retry
[2024-06-26T14:13:44.797+0000] {logging_mixin.py:188} INFO - [2024-06-26T14:13:44.797+0000] {taskinstance.py:2907} ERROR - {'DAG Id': 'windturbine', 'Task Id': 'file_sensor_task', 'Run Id': 'scheduled__2024-06-25T13:27:00+00:00', 'Hostname': '8f35bebe2893', 'External Executor Id': 'b69e7f29-b6fa-4197-8407-d8e9c703cdcb'}
[2024-06-26T14:13:44.801+0000] {logging_mixin.py:188} INFO - [2024-06-26T14:13:44.801+0000] {taskinstance.py:1206} INFO - Marking task as UP_FOR_RETRY. dag_id=windturbine, task_id=file_sensor_task, run_id=scheduled__2024-06-25T13:27:00+00:00, execution_date=20240625T132700, start_date=20240625T133001, end_date=20240626T141344
[2024-06-26T14:13:44.802+0000] {processor.py:791} INFO - Executed failure callback for <TaskInstance: windturbine.file_sensor_task scheduled__2024-06-25T13:27:00+00:00 [up_for_retry]> in state up_for_retry
[2024-06-26T14:13:44.803+0000] {logging_mixin.py:188} INFO - [2024-06-26T14:13:44.803+0000] {taskinstance.py:2907} ERROR - {'DAG Id': 'windturbine', 'Task Id': 'file_sensor_task', 'Run Id': 'scheduled__2024-06-25T13:30:00+00:00', 'Hostname': '8f35bebe2893', 'External Executor Id': '9504563c-76be-4298-9fad-22e13be2a4f5'}
[2024-06-26T14:13:44.807+0000] {logging_mixin.py:188} INFO - [2024-06-26T14:13:44.807+0000] {taskinstance.py:1206} INFO - Marking task as UP_FOR_RETRY. dag_id=windturbine, task_id=file_sensor_task, run_id=scheduled__2024-06-25T13:30:00+00:00, execution_date=20240625T133000, start_date=20240625T133300, end_date=20240626T141344
[2024-06-26T14:13:44.808+0000] {processor.py:791} INFO - Executed failure callback for <TaskInstance: windturbine.file_sensor_task scheduled__2024-06-25T13:30:00+00:00 [up_for_retry]> in state up_for_retry
[2024-06-26T14:13:44.811+0000] {logging_mixin.py:188} INFO - [2024-06-26T14:13:44.810+0000] {dag.py:3096} INFO - Sync 1 DAGs
[2024-06-26T14:13:44.827+0000] {processor.py:183} INFO - Processing /opt/airflow/dags/windturbine.py took 0.142 seconds
[2024-06-26T14:13:50.498+0000] {processor.py:161} INFO - Started process (PID=150) to work on /opt/airflow/dags/windturbine.py
[2024-06-26T14:13:50.499+0000] {processor.py:830} INFO - Processing file /opt/airflow/dags/windturbine.py for tasks to queue
[2024-06-26T14:13:50.500+0000] {logging_mixin.py:188} INFO - [2024-06-26T14:13:50.499+0000] {dagbag.py:545} INFO - Filling up the DagBag from /opt/airflow/dags/windturbine.py
[2024-06-26T14:13:50.516+0000] {logging_mixin.py:188} WARNING - /home/airflow/.local/lib/python3.12/site-packages/airflow/models/baseoperator.py:485 RemovedInAirflow3Warning: provide_context is deprecated as of 2.0 and is no longer required
[2024-06-26T14:13:50.518+0000] {processor.py:840} INFO - DAG(s) 'windturbine' retrieved from /opt/airflow/dags/windturbine.py
[2024-06-26T14:13:50.520+0000] {logging_mixin.py:188} INFO - [2024-06-26T14:13:50.520+0000] {dag.py:3096} INFO - Sync 1 DAGs
[2024-06-26T14:13:50.540+0000] {processor.py:183} INFO - Processing /opt/airflow/dags/windturbine.py took 0.045 seconds
[2024-06-26T14:13:56.099+0000] {processor.py:161} INFO - Started process (PID=190) to work on /opt/airflow/dags/windturbine.py
[2024-06-26T14:13:56.100+0000] {processor.py:830} INFO - Processing file /opt/airflow/dags/windturbine.py for tasks to queue
[2024-06-26T14:13:56.101+0000] {logging_mixin.py:188} INFO - [2024-06-26T14:13:56.101+0000] {dagbag.py:545} INFO - Filling up the DagBag from /opt/airflow/dags/windturbine.py
[2024-06-26T14:13:56.151+0000] {logging_mixin.py:188} WARNING - /home/airflow/.local/lib/python3.12/site-packages/airflow/models/baseoperator.py:485 RemovedInAirflow3Warning: provide_context is deprecated as of 2.0 and is no longer required
[2024-06-26T14:13:56.155+0000] {processor.py:840} INFO - DAG(s) 'windturbine' retrieved from /opt/airflow/dags/windturbine.py
[2024-06-26T14:13:56.159+0000] {logging_mixin.py:188} INFO - [2024-06-26T14:13:56.159+0000] {dag.py:3096} INFO - Sync 1 DAGs
[2024-06-26T14:13:56.211+0000] {processor.py:183} INFO - Processing /opt/airflow/dags/windturbine.py took 0.123 seconds
[2024-06-26T14:14:02.169+0000] {processor.py:161} INFO - Started process (PID=217) to work on /opt/airflow/dags/windturbine.py
[2024-06-26T14:14:02.170+0000] {processor.py:830} INFO - Processing file /opt/airflow/dags/windturbine.py for tasks to queue
[2024-06-26T14:14:02.171+0000] {logging_mixin.py:188} INFO - [2024-06-26T14:14:02.171+0000] {dagbag.py:545} INFO - Filling up the DagBag from /opt/airflow/dags/windturbine.py
[2024-06-26T14:14:02.194+0000] {logging_mixin.py:188} WARNING - /home/airflow/.local/lib/python3.12/site-packages/airflow/models/baseoperator.py:485 RemovedInAirflow3Warning: provide_context is deprecated as of 2.0 and is no longer required
[2024-06-26T14:14:02.196+0000] {processor.py:840} INFO - DAG(s) 'windturbine' retrieved from /opt/airflow/dags/windturbine.py
[2024-06-26T14:14:02.206+0000] {logging_mixin.py:188} INFO - [2024-06-26T14:14:02.206+0000] {dag.py:3096} INFO - Sync 1 DAGs
[2024-06-26T14:14:02.227+0000] {processor.py:183} INFO - Processing /opt/airflow/dags/windturbine.py took 0.061 seconds
[2024-06-26T14:14:07.949+0000] {processor.py:161} INFO - Started process (PID=244) to work on /opt/airflow/dags/windturbine.py
[2024-06-26T14:14:07.950+0000] {processor.py:830} INFO - Processing file /opt/airflow/dags/windturbine.py for tasks to queue
[2024-06-26T14:14:07.951+0000] {logging_mixin.py:188} INFO - [2024-06-26T14:14:07.950+0000] {dagbag.py:545} INFO - Filling up the DagBag from /opt/airflow/dags/windturbine.py
[2024-06-26T14:14:07.968+0000] {logging_mixin.py:188} WARNING - /home/airflow/.local/lib/python3.12/site-packages/airflow/models/baseoperator.py:485 RemovedInAirflow3Warning: provide_context is deprecated as of 2.0 and is no longer required
[2024-06-26T14:14:07.971+0000] {processor.py:840} INFO - DAG(s) 'windturbine' retrieved from /opt/airflow/dags/windturbine.py
[2024-06-26T14:14:07.980+0000] {logging_mixin.py:188} INFO - [2024-06-26T14:14:07.980+0000] {dag.py:3096} INFO - Sync 1 DAGs
[2024-06-26T14:14:08.000+0000] {processor.py:183} INFO - Processing /opt/airflow/dags/windturbine.py took 0.054 seconds
[2024-06-26T14:14:13.899+0000] {processor.py:161} INFO - Started process (PID=271) to work on /opt/airflow/dags/windturbine.py
[2024-06-26T14:14:13.900+0000] {processor.py:830} INFO - Processing file /opt/airflow/dags/windturbine.py for tasks to queue
[2024-06-26T14:14:13.901+0000] {logging_mixin.py:188} INFO - [2024-06-26T14:14:13.901+0000] {dagbag.py:545} INFO - Filling up the DagBag from /opt/airflow/dags/windturbine.py
[2024-06-26T14:14:13.922+0000] {logging_mixin.py:188} WARNING - /home/airflow/.local/lib/python3.12/site-packages/airflow/models/baseoperator.py:485 RemovedInAirflow3Warning: provide_context is deprecated as of 2.0 and is no longer required
[2024-06-26T14:14:13.924+0000] {processor.py:840} INFO - DAG(s) 'windturbine' retrieved from /opt/airflow/dags/windturbine.py
[2024-06-26T14:14:13.934+0000] {logging_mixin.py:188} INFO - [2024-06-26T14:14:13.934+0000] {dag.py:3096} INFO - Sync 1 DAGs
[2024-06-26T14:14:13.956+0000] {processor.py:183} INFO - Processing /opt/airflow/dags/windturbine.py took 0.060 seconds
[2024-06-26T14:14:19.670+0000] {processor.py:161} INFO - Started process (PID=304) to work on /opt/airflow/dags/windturbine.py
[2024-06-26T14:14:19.670+0000] {processor.py:830} INFO - Processing file /opt/airflow/dags/windturbine.py for tasks to queue
[2024-06-26T14:14:19.671+0000] {logging_mixin.py:188} INFO - [2024-06-26T14:14:19.671+0000] {dagbag.py:545} INFO - Filling up the DagBag from /opt/airflow/dags/windturbine.py
[2024-06-26T14:14:19.690+0000] {logging_mixin.py:188} WARNING - /home/airflow/.local/lib/python3.12/site-packages/airflow/models/baseoperator.py:485 RemovedInAirflow3Warning: provide_context is deprecated as of 2.0 and is no longer required
[2024-06-26T14:14:19.692+0000] {processor.py:840} INFO - DAG(s) 'windturbine' retrieved from /opt/airflow/dags/windturbine.py
[2024-06-26T14:14:19.702+0000] {logging_mixin.py:188} INFO - [2024-06-26T14:14:19.702+0000] {dag.py:3096} INFO - Sync 1 DAGs
[2024-06-26T14:14:19.726+0000] {processor.py:183} INFO - Processing /opt/airflow/dags/windturbine.py took 0.059 seconds
[2024-06-26T14:14:25.441+0000] {processor.py:161} INFO - Started process (PID=331) to work on /opt/airflow/dags/windturbine.py
[2024-06-26T14:14:25.441+0000] {processor.py:830} INFO - Processing file /opt/airflow/dags/windturbine.py for tasks to queue
[2024-06-26T14:14:25.443+0000] {logging_mixin.py:188} INFO - [2024-06-26T14:14:25.442+0000] {dagbag.py:545} INFO - Filling up the DagBag from /opt/airflow/dags/windturbine.py
[2024-06-26T14:14:25.461+0000] {logging_mixin.py:188} WARNING - /home/airflow/.local/lib/python3.12/site-packages/airflow/models/baseoperator.py:485 RemovedInAirflow3Warning: provide_context is deprecated as of 2.0 and is no longer required
[2024-06-26T14:14:25.463+0000] {processor.py:840} INFO - DAG(s) 'windturbine' retrieved from /opt/airflow/dags/windturbine.py
[2024-06-26T14:14:25.473+0000] {logging_mixin.py:188} INFO - [2024-06-26T14:14:25.473+0000] {dag.py:3096} INFO - Sync 1 DAGs
[2024-06-26T14:14:25.495+0000] {processor.py:183} INFO - Processing /opt/airflow/dags/windturbine.py took 0.060 seconds
[2024-06-26T14:14:31.319+0000] {processor.py:161} INFO - Started process (PID=358) to work on /opt/airflow/dags/windturbine.py
[2024-06-26T14:14:31.319+0000] {processor.py:830} INFO - Processing file /opt/airflow/dags/windturbine.py for tasks to queue
[2024-06-26T14:14:31.320+0000] {logging_mixin.py:188} INFO - [2024-06-26T14:14:31.320+0000] {dagbag.py:545} INFO - Filling up the DagBag from /opt/airflow/dags/windturbine.py
[2024-06-26T14:14:31.338+0000] {logging_mixin.py:188} WARNING - /home/airflow/.local/lib/python3.12/site-packages/airflow/models/baseoperator.py:485 RemovedInAirflow3Warning: provide_context is deprecated as of 2.0 and is no longer required
[2024-06-26T14:14:31.340+0000] {processor.py:840} INFO - DAG(s) 'windturbine' retrieved from /opt/airflow/dags/windturbine.py
[2024-06-26T14:14:31.351+0000] {logging_mixin.py:188} INFO - [2024-06-26T14:14:31.350+0000] {dag.py:3096} INFO - Sync 1 DAGs
[2024-06-26T14:14:31.371+0000] {processor.py:183} INFO - Processing /opt/airflow/dags/windturbine.py took 0.055 seconds
[2024-06-26T14:14:37.106+0000] {processor.py:161} INFO - Started process (PID=385) to work on /opt/airflow/dags/windturbine.py
[2024-06-26T14:14:37.108+0000] {processor.py:830} INFO - Processing file /opt/airflow/dags/windturbine.py for tasks to queue
[2024-06-26T14:14:37.109+0000] {logging_mixin.py:188} INFO - [2024-06-26T14:14:37.109+0000] {dagbag.py:545} INFO - Filling up the DagBag from /opt/airflow/dags/windturbine.py
[2024-06-26T14:14:37.133+0000] {logging_mixin.py:188} WARNING - /home/airflow/.local/lib/python3.12/site-packages/airflow/models/baseoperator.py:485 RemovedInAirflow3Warning: provide_context is deprecated as of 2.0 and is no longer required
[2024-06-26T14:14:37.136+0000] {processor.py:840} INFO - DAG(s) 'windturbine' retrieved from /opt/airflow/dags/windturbine.py
[2024-06-26T14:14:37.145+0000] {logging_mixin.py:188} INFO - [2024-06-26T14:14:37.145+0000] {dag.py:3096} INFO - Sync 1 DAGs
[2024-06-26T14:14:37.166+0000] {processor.py:183} INFO - Processing /opt/airflow/dags/windturbine.py took 0.067 seconds
[2024-06-26T14:14:42.893+0000] {processor.py:161} INFO - Started process (PID=412) to work on /opt/airflow/dags/windturbine.py
[2024-06-26T14:14:42.893+0000] {processor.py:830} INFO - Processing file /opt/airflow/dags/windturbine.py for tasks to queue
[2024-06-26T14:14:42.894+0000] {logging_mixin.py:188} INFO - [2024-06-26T14:14:42.894+0000] {dagbag.py:545} INFO - Filling up the DagBag from /opt/airflow/dags/windturbine.py
[2024-06-26T14:14:42.911+0000] {logging_mixin.py:188} WARNING - /home/airflow/.local/lib/python3.12/site-packages/airflow/models/baseoperator.py:485 RemovedInAirflow3Warning: provide_context is deprecated as of 2.0 and is no longer required
[2024-06-26T14:14:42.913+0000] {processor.py:840} INFO - DAG(s) 'windturbine' retrieved from /opt/airflow/dags/windturbine.py
[2024-06-26T14:14:42.922+0000] {logging_mixin.py:188} INFO - [2024-06-26T14:14:42.922+0000] {dag.py:3096} INFO - Sync 1 DAGs
[2024-06-26T14:14:42.943+0000] {processor.py:183} INFO - Processing /opt/airflow/dags/windturbine.py took 0.053 seconds
[2024-06-26T14:14:48.622+0000] {processor.py:161} INFO - Started process (PID=445) to work on /opt/airflow/dags/windturbine.py
[2024-06-26T14:14:48.623+0000] {processor.py:830} INFO - Processing file /opt/airflow/dags/windturbine.py for tasks to queue
[2024-06-26T14:14:48.625+0000] {logging_mixin.py:188} INFO - [2024-06-26T14:14:48.624+0000] {dagbag.py:545} INFO - Filling up the DagBag from /opt/airflow/dags/windturbine.py
[2024-06-26T14:14:48.644+0000] {logging_mixin.py:188} WARNING - /home/airflow/.local/lib/python3.12/site-packages/airflow/models/baseoperator.py:485 RemovedInAirflow3Warning: provide_context is deprecated as of 2.0 and is no longer required
[2024-06-26T14:14:48.645+0000] {processor.py:840} INFO - DAG(s) 'windturbine' retrieved from /opt/airflow/dags/windturbine.py
[2024-06-26T14:14:48.654+0000] {logging_mixin.py:188} INFO - [2024-06-26T14:14:48.654+0000] {dag.py:3096} INFO - Sync 1 DAGs
[2024-06-26T14:14:48.676+0000] {processor.py:183} INFO - Processing /opt/airflow/dags/windturbine.py took 0.059 seconds
[2024-06-26T14:14:54.366+0000] {processor.py:161} INFO - Started process (PID=472) to work on /opt/airflow/dags/windturbine.py
[2024-06-26T14:14:54.375+0000] {processor.py:830} INFO - Processing file /opt/airflow/dags/windturbine.py for tasks to queue
[2024-06-26T14:14:54.377+0000] {logging_mixin.py:188} INFO - [2024-06-26T14:14:54.377+0000] {dagbag.py:545} INFO - Filling up the DagBag from /opt/airflow/dags/windturbine.py
[2024-06-26T14:14:54.401+0000] {logging_mixin.py:188} WARNING - /home/airflow/.local/lib/python3.12/site-packages/airflow/models/baseoperator.py:485 RemovedInAirflow3Warning: provide_context is deprecated as of 2.0 and is no longer required
[2024-06-26T14:14:54.403+0000] {processor.py:840} INFO - DAG(s) 'windturbine' retrieved from /opt/airflow/dags/windturbine.py
[2024-06-26T14:14:54.411+0000] {logging_mixin.py:188} INFO - [2024-06-26T14:14:54.411+0000] {dag.py:3096} INFO - Sync 1 DAGs
[2024-06-26T14:14:54.433+0000] {processor.py:183} INFO - Processing /opt/airflow/dags/windturbine.py took 0.070 seconds
[2024-06-26T14:15:00.196+0000] {processor.py:161} INFO - Started process (PID=499) to work on /opt/airflow/dags/windturbine.py
[2024-06-26T14:15:00.196+0000] {processor.py:830} INFO - Processing file /opt/airflow/dags/windturbine.py for tasks to queue
[2024-06-26T14:15:00.197+0000] {logging_mixin.py:188} INFO - [2024-06-26T14:15:00.197+0000] {dagbag.py:545} INFO - Filling up the DagBag from /opt/airflow/dags/windturbine.py
[2024-06-26T14:15:00.214+0000] {logging_mixin.py:188} WARNING - /home/airflow/.local/lib/python3.12/site-packages/airflow/models/baseoperator.py:485 RemovedInAirflow3Warning: provide_context is deprecated as of 2.0 and is no longer required
[2024-06-26T14:15:00.216+0000] {processor.py:840} INFO - DAG(s) 'windturbine' retrieved from /opt/airflow/dags/windturbine.py
[2024-06-26T14:15:00.226+0000] {logging_mixin.py:188} INFO - [2024-06-26T14:15:00.226+0000] {dag.py:3096} INFO - Sync 1 DAGs
[2024-06-26T14:15:00.246+0000] {processor.py:183} INFO - Processing /opt/airflow/dags/windturbine.py took 0.054 seconds
[2024-06-26T14:15:05.981+0000] {processor.py:161} INFO - Started process (PID=526) to work on /opt/airflow/dags/windturbine.py
[2024-06-26T14:15:05.981+0000] {processor.py:830} INFO - Processing file /opt/airflow/dags/windturbine.py for tasks to queue
[2024-06-26T14:15:05.982+0000] {logging_mixin.py:188} INFO - [2024-06-26T14:15:05.982+0000] {dagbag.py:545} INFO - Filling up the DagBag from /opt/airflow/dags/windturbine.py
[2024-06-26T14:15:06.004+0000] {logging_mixin.py:188} WARNING - /home/airflow/.local/lib/python3.12/site-packages/airflow/models/baseoperator.py:485 RemovedInAirflow3Warning: provide_context is deprecated as of 2.0 and is no longer required
[2024-06-26T14:15:06.005+0000] {processor.py:840} INFO - DAG(s) 'windturbine' retrieved from /opt/airflow/dags/windturbine.py
[2024-06-26T14:15:06.014+0000] {logging_mixin.py:188} INFO - [2024-06-26T14:15:06.014+0000] {dag.py:3096} INFO - Sync 1 DAGs
[2024-06-26T14:15:06.035+0000] {processor.py:183} INFO - Processing /opt/airflow/dags/windturbine.py took 0.058 seconds
[2024-06-26T14:15:11.814+0000] {processor.py:161} INFO - Started process (PID=553) to work on /opt/airflow/dags/windturbine.py
[2024-06-26T14:15:11.815+0000] {processor.py:830} INFO - Processing file /opt/airflow/dags/windturbine.py for tasks to queue
[2024-06-26T14:15:11.816+0000] {logging_mixin.py:188} INFO - [2024-06-26T14:15:11.816+0000] {dagbag.py:545} INFO - Filling up the DagBag from /opt/airflow/dags/windturbine.py
[2024-06-26T14:15:11.833+0000] {logging_mixin.py:188} WARNING - /home/airflow/.local/lib/python3.12/site-packages/airflow/models/baseoperator.py:485 RemovedInAirflow3Warning: provide_context is deprecated as of 2.0 and is no longer required
[2024-06-26T14:15:11.835+0000] {processor.py:840} INFO - DAG(s) 'windturbine' retrieved from /opt/airflow/dags/windturbine.py
[2024-06-26T14:15:11.843+0000] {logging_mixin.py:188} INFO - [2024-06-26T14:15:11.843+0000] {dag.py:3096} INFO - Sync 1 DAGs
[2024-06-26T14:15:11.864+0000] {processor.py:183} INFO - Processing /opt/airflow/dags/windturbine.py took 0.054 seconds
[2024-06-26T14:15:17.607+0000] {processor.py:161} INFO - Started process (PID=586) to work on /opt/airflow/dags/windturbine.py
[2024-06-26T14:15:17.609+0000] {processor.py:830} INFO - Processing file /opt/airflow/dags/windturbine.py for tasks to queue
[2024-06-26T14:15:17.612+0000] {logging_mixin.py:188} INFO - [2024-06-26T14:15:17.611+0000] {dagbag.py:545} INFO - Filling up the DagBag from /opt/airflow/dags/windturbine.py
[2024-06-26T14:15:17.645+0000] {logging_mixin.py:188} WARNING - /home/airflow/.local/lib/python3.12/site-packages/airflow/models/baseoperator.py:485 RemovedInAirflow3Warning: provide_context is deprecated as of 2.0 and is no longer required
[2024-06-26T14:15:17.647+0000] {processor.py:840} INFO - DAG(s) 'windturbine' retrieved from /opt/airflow/dags/windturbine.py
[2024-06-26T14:15:17.657+0000] {logging_mixin.py:188} INFO - [2024-06-26T14:15:17.657+0000] {dag.py:3096} INFO - Sync 1 DAGs
[2024-06-26T14:15:17.678+0000] {processor.py:183} INFO - Processing /opt/airflow/dags/windturbine.py took 0.078 seconds
[2024-06-26T14:15:23.395+0000] {processor.py:161} INFO - Started process (PID=613) to work on /opt/airflow/dags/windturbine.py
[2024-06-26T14:15:23.395+0000] {processor.py:830} INFO - Processing file /opt/airflow/dags/windturbine.py for tasks to queue
[2024-06-26T14:15:23.396+0000] {logging_mixin.py:188} INFO - [2024-06-26T14:15:23.396+0000] {dagbag.py:545} INFO - Filling up the DagBag from /opt/airflow/dags/windturbine.py
[2024-06-26T14:15:23.417+0000] {logging_mixin.py:188} WARNING - /home/airflow/.local/lib/python3.12/site-packages/airflow/models/baseoperator.py:485 RemovedInAirflow3Warning: provide_context is deprecated as of 2.0 and is no longer required
[2024-06-26T14:15:23.419+0000] {processor.py:840} INFO - DAG(s) 'windturbine' retrieved from /opt/airflow/dags/windturbine.py
[2024-06-26T14:15:23.429+0000] {logging_mixin.py:188} INFO - [2024-06-26T14:15:23.429+0000] {dag.py:3096} INFO - Sync 1 DAGs
[2024-06-26T14:15:23.452+0000] {processor.py:183} INFO - Processing /opt/airflow/dags/windturbine.py took 0.061 seconds
[2024-06-26T14:15:29.235+0000] {processor.py:161} INFO - Started process (PID=640) to work on /opt/airflow/dags/windturbine.py
[2024-06-26T14:15:29.245+0000] {processor.py:830} INFO - Processing file /opt/airflow/dags/windturbine.py for tasks to queue
[2024-06-26T14:15:29.247+0000] {logging_mixin.py:188} INFO - [2024-06-26T14:15:29.246+0000] {dagbag.py:545} INFO - Filling up the DagBag from /opt/airflow/dags/windturbine.py
[2024-06-26T14:15:29.271+0000] {logging_mixin.py:188} WARNING - /home/airflow/.local/lib/python3.12/site-packages/airflow/models/baseoperator.py:485 RemovedInAirflow3Warning: provide_context is deprecated as of 2.0 and is no longer required
[2024-06-26T14:15:29.272+0000] {processor.py:840} INFO - DAG(s) 'windturbine' retrieved from /opt/airflow/dags/windturbine.py
[2024-06-26T14:15:29.281+0000] {logging_mixin.py:188} INFO - [2024-06-26T14:15:29.281+0000] {dag.py:3096} INFO - Sync 1 DAGs
[2024-06-26T14:15:29.301+0000] {processor.py:183} INFO - Processing /opt/airflow/dags/windturbine.py took 0.069 seconds
[2024-06-26T14:15:35.052+0000] {processor.py:161} INFO - Started process (PID=667) to work on /opt/airflow/dags/windturbine.py
[2024-06-26T14:15:35.053+0000] {processor.py:830} INFO - Processing file /opt/airflow/dags/windturbine.py for tasks to queue
[2024-06-26T14:15:35.056+0000] {logging_mixin.py:188} INFO - [2024-06-26T14:15:35.055+0000] {dagbag.py:545} INFO - Filling up the DagBag from /opt/airflow/dags/windturbine.py
[2024-06-26T14:15:35.076+0000] {logging_mixin.py:188} WARNING - /home/airflow/.local/lib/python3.12/site-packages/airflow/models/baseoperator.py:485 RemovedInAirflow3Warning: provide_context is deprecated as of 2.0 and is no longer required
[2024-06-26T14:15:35.078+0000] {processor.py:840} INFO - DAG(s) 'windturbine' retrieved from /opt/airflow/dags/windturbine.py
[2024-06-26T14:15:35.087+0000] {logging_mixin.py:188} INFO - [2024-06-26T14:15:35.087+0000] {dag.py:3096} INFO - Sync 1 DAGs
[2024-06-26T14:15:35.108+0000] {processor.py:183} INFO - Processing /opt/airflow/dags/windturbine.py took 0.061 seconds
[2024-06-26T14:15:40.917+0000] {processor.py:161} INFO - Started process (PID=694) to work on /opt/airflow/dags/windturbine.py
[2024-06-26T14:15:40.927+0000] {processor.py:830} INFO - Processing file /opt/airflow/dags/windturbine.py for tasks to queue
[2024-06-26T14:15:40.929+0000] {logging_mixin.py:188} INFO - [2024-06-26T14:15:40.929+0000] {dagbag.py:545} INFO - Filling up the DagBag from /opt/airflow/dags/windturbine.py
[2024-06-26T14:15:40.954+0000] {logging_mixin.py:188} WARNING - /home/airflow/.local/lib/python3.12/site-packages/airflow/models/baseoperator.py:485 RemovedInAirflow3Warning: provide_context is deprecated as of 2.0 and is no longer required
[2024-06-26T14:15:40.956+0000] {processor.py:840} INFO - DAG(s) 'windturbine' retrieved from /opt/airflow/dags/windturbine.py
[2024-06-26T14:15:40.969+0000] {logging_mixin.py:188} INFO - [2024-06-26T14:15:40.969+0000] {dag.py:3096} INFO - Sync 1 DAGs
[2024-06-26T14:15:40.993+0000] {processor.py:183} INFO - Processing /opt/airflow/dags/windturbine.py took 0.081 seconds
[2024-06-26T14:15:46.720+0000] {processor.py:161} INFO - Started process (PID=721) to work on /opt/airflow/dags/windturbine.py
[2024-06-26T14:15:46.720+0000] {processor.py:830} INFO - Processing file /opt/airflow/dags/windturbine.py for tasks to queue
[2024-06-26T14:15:46.721+0000] {logging_mixin.py:188} INFO - [2024-06-26T14:15:46.721+0000] {dagbag.py:545} INFO - Filling up the DagBag from /opt/airflow/dags/windturbine.py
[2024-06-26T14:15:46.738+0000] {logging_mixin.py:188} WARNING - /home/airflow/.local/lib/python3.12/site-packages/airflow/models/baseoperator.py:485 RemovedInAirflow3Warning: provide_context is deprecated as of 2.0 and is no longer required
[2024-06-26T14:15:46.740+0000] {processor.py:840} INFO - DAG(s) 'windturbine' retrieved from /opt/airflow/dags/windturbine.py
[2024-06-26T14:15:46.749+0000] {logging_mixin.py:188} INFO - [2024-06-26T14:15:46.749+0000] {dag.py:3096} INFO - Sync 1 DAGs
[2024-06-26T14:15:46.771+0000] {processor.py:183} INFO - Processing /opt/airflow/dags/windturbine.py took 0.054 seconds
[2024-06-26T14:15:52.518+0000] {processor.py:161} INFO - Started process (PID=754) to work on /opt/airflow/dags/windturbine.py
[2024-06-26T14:15:52.519+0000] {processor.py:830} INFO - Processing file /opt/airflow/dags/windturbine.py for tasks to queue
[2024-06-26T14:15:52.520+0000] {logging_mixin.py:188} INFO - [2024-06-26T14:15:52.520+0000] {dagbag.py:545} INFO - Filling up the DagBag from /opt/airflow/dags/windturbine.py
[2024-06-26T14:15:52.538+0000] {logging_mixin.py:188} WARNING - /home/airflow/.local/lib/python3.12/site-packages/airflow/models/baseoperator.py:485 RemovedInAirflow3Warning: provide_context is deprecated as of 2.0 and is no longer required
[2024-06-26T14:15:52.540+0000] {processor.py:840} INFO - DAG(s) 'windturbine' retrieved from /opt/airflow/dags/windturbine.py
[2024-06-26T14:15:52.549+0000] {logging_mixin.py:188} INFO - [2024-06-26T14:15:52.548+0000] {dag.py:3096} INFO - Sync 1 DAGs
[2024-06-26T14:15:52.572+0000] {processor.py:183} INFO - Processing /opt/airflow/dags/windturbine.py took 0.057 seconds
[2024-06-26T14:15:58.397+0000] {processor.py:161} INFO - Started process (PID=781) to work on /opt/airflow/dags/windturbine.py
[2024-06-26T14:15:58.408+0000] {processor.py:830} INFO - Processing file /opt/airflow/dags/windturbine.py for tasks to queue
[2024-06-26T14:15:58.411+0000] {logging_mixin.py:188} INFO - [2024-06-26T14:15:58.411+0000] {dagbag.py:545} INFO - Filling up the DagBag from /opt/airflow/dags/windturbine.py
[2024-06-26T14:15:58.434+0000] {logging_mixin.py:188} WARNING - /home/airflow/.local/lib/python3.12/site-packages/airflow/models/baseoperator.py:485 RemovedInAirflow3Warning: provide_context is deprecated as of 2.0 and is no longer required
[2024-06-26T14:15:58.436+0000] {processor.py:840} INFO - DAG(s) 'windturbine' retrieved from /opt/airflow/dags/windturbine.py
[2024-06-26T14:15:58.447+0000] {logging_mixin.py:188} INFO - [2024-06-26T14:15:58.447+0000] {dag.py:3096} INFO - Sync 1 DAGs
[2024-06-26T14:15:58.470+0000] {processor.py:183} INFO - Processing /opt/airflow/dags/windturbine.py took 0.084 seconds
[2024-06-26T14:16:04.188+0000] {processor.py:161} INFO - Started process (PID=808) to work on /opt/airflow/dags/windturbine.py
[2024-06-26T14:16:04.189+0000] {processor.py:830} INFO - Processing file /opt/airflow/dags/windturbine.py for tasks to queue
[2024-06-26T14:16:04.190+0000] {logging_mixin.py:188} INFO - [2024-06-26T14:16:04.190+0000] {dagbag.py:545} INFO - Filling up the DagBag from /opt/airflow/dags/windturbine.py
[2024-06-26T14:16:04.207+0000] {logging_mixin.py:188} WARNING - /home/airflow/.local/lib/python3.12/site-packages/airflow/models/baseoperator.py:485 RemovedInAirflow3Warning: provide_context is deprecated as of 2.0 and is no longer required
[2024-06-26T14:16:04.209+0000] {processor.py:840} INFO - DAG(s) 'windturbine' retrieved from /opt/airflow/dags/windturbine.py
[2024-06-26T14:16:04.219+0000] {logging_mixin.py:188} INFO - [2024-06-26T14:16:04.218+0000] {dag.py:3096} INFO - Sync 1 DAGs
[2024-06-26T14:16:04.239+0000] {processor.py:183} INFO - Processing /opt/airflow/dags/windturbine.py took 0.053 seconds
[2024-06-26T14:16:09.978+0000] {processor.py:161} INFO - Started process (PID=835) to work on /opt/airflow/dags/windturbine.py
[2024-06-26T14:16:09.978+0000] {processor.py:830} INFO - Processing file /opt/airflow/dags/windturbine.py for tasks to queue
[2024-06-26T14:16:09.979+0000] {logging_mixin.py:188} INFO - [2024-06-26T14:16:09.979+0000] {dagbag.py:545} INFO - Filling up the DagBag from /opt/airflow/dags/windturbine.py
[2024-06-26T14:16:09.997+0000] {logging_mixin.py:188} WARNING - /home/airflow/.local/lib/python3.12/site-packages/airflow/models/baseoperator.py:485 RemovedInAirflow3Warning: provide_context is deprecated as of 2.0 and is no longer required
[2024-06-26T14:16:09.999+0000] {processor.py:840} INFO - DAG(s) 'windturbine' retrieved from /opt/airflow/dags/windturbine.py
[2024-06-26T14:16:10.008+0000] {logging_mixin.py:188} INFO - [2024-06-26T14:16:10.008+0000] {dag.py:3096} INFO - Sync 1 DAGs
[2024-06-26T14:16:10.030+0000] {processor.py:183} INFO - Processing /opt/airflow/dags/windturbine.py took 0.055 seconds
[2024-06-26T14:16:15.807+0000] {processor.py:161} INFO - Started process (PID=862) to work on /opt/airflow/dags/windturbine.py
[2024-06-26T14:16:15.817+0000] {processor.py:830} INFO - Processing file /opt/airflow/dags/windturbine.py for tasks to queue
[2024-06-26T14:16:15.819+0000] {logging_mixin.py:188} INFO - [2024-06-26T14:16:15.819+0000] {dagbag.py:545} INFO - Filling up the DagBag from /opt/airflow/dags/windturbine.py
[2024-06-26T14:16:15.846+0000] {logging_mixin.py:188} WARNING - /home/airflow/.local/lib/python3.12/site-packages/airflow/models/baseoperator.py:485 RemovedInAirflow3Warning: provide_context is deprecated as of 2.0 and is no longer required
[2024-06-26T14:16:15.848+0000] {processor.py:840} INFO - DAG(s) 'windturbine' retrieved from /opt/airflow/dags/windturbine.py
[2024-06-26T14:16:15.856+0000] {logging_mixin.py:188} INFO - [2024-06-26T14:16:15.856+0000] {dag.py:3096} INFO - Sync 1 DAGs
[2024-06-26T14:16:15.877+0000] {processor.py:183} INFO - Processing /opt/airflow/dags/windturbine.py took 0.074 seconds
[2024-06-26T14:16:21.607+0000] {processor.py:161} INFO - Started process (PID=895) to work on /opt/airflow/dags/windturbine.py
[2024-06-26T14:16:21.607+0000] {processor.py:830} INFO - Processing file /opt/airflow/dags/windturbine.py for tasks to queue
[2024-06-26T14:16:21.608+0000] {logging_mixin.py:188} INFO - [2024-06-26T14:16:21.608+0000] {dagbag.py:545} INFO - Filling up the DagBag from /opt/airflow/dags/windturbine.py
[2024-06-26T14:16:21.625+0000] {logging_mixin.py:188} WARNING - /home/airflow/.local/lib/python3.12/site-packages/airflow/models/baseoperator.py:485 RemovedInAirflow3Warning: provide_context is deprecated as of 2.0 and is no longer required
[2024-06-26T14:16:21.627+0000] {processor.py:840} INFO - DAG(s) 'windturbine' retrieved from /opt/airflow/dags/windturbine.py
[2024-06-26T14:16:21.636+0000] {logging_mixin.py:188} INFO - [2024-06-26T14:16:21.636+0000] {dag.py:3096} INFO - Sync 1 DAGs
[2024-06-26T14:16:21.657+0000] {processor.py:183} INFO - Processing /opt/airflow/dags/windturbine.py took 0.054 seconds
[2024-06-26T14:16:27.352+0000] {processor.py:161} INFO - Started process (PID=922) to work on /opt/airflow/dags/windturbine.py
[2024-06-26T14:16:27.352+0000] {processor.py:830} INFO - Processing file /opt/airflow/dags/windturbine.py for tasks to queue
[2024-06-26T14:16:27.353+0000] {logging_mixin.py:188} INFO - [2024-06-26T14:16:27.353+0000] {dagbag.py:545} INFO - Filling up the DagBag from /opt/airflow/dags/windturbine.py
[2024-06-26T14:16:27.372+0000] {logging_mixin.py:188} WARNING - /home/airflow/.local/lib/python3.12/site-packages/airflow/models/baseoperator.py:485 RemovedInAirflow3Warning: provide_context is deprecated as of 2.0 and is no longer required
[2024-06-26T14:16:27.375+0000] {processor.py:840} INFO - DAG(s) 'windturbine' retrieved from /opt/airflow/dags/windturbine.py
[2024-06-26T14:16:27.385+0000] {logging_mixin.py:188} INFO - [2024-06-26T14:16:27.385+0000] {dag.py:3096} INFO - Sync 1 DAGs
[2024-06-26T14:16:27.406+0000] {processor.py:183} INFO - Processing /opt/airflow/dags/windturbine.py took 0.058 seconds
[2024-06-26T14:16:33.203+0000] {processor.py:161} INFO - Started process (PID=949) to work on /opt/airflow/dags/windturbine.py
[2024-06-26T14:16:33.204+0000] {processor.py:830} INFO - Processing file /opt/airflow/dags/windturbine.py for tasks to queue
[2024-06-26T14:16:33.205+0000] {logging_mixin.py:188} INFO - [2024-06-26T14:16:33.205+0000] {dagbag.py:545} INFO - Filling up the DagBag from /opt/airflow/dags/windturbine.py
[2024-06-26T14:16:33.225+0000] {logging_mixin.py:188} WARNING - /home/airflow/.local/lib/python3.12/site-packages/airflow/models/baseoperator.py:485 RemovedInAirflow3Warning: provide_context is deprecated as of 2.0 and is no longer required
[2024-06-26T14:16:33.227+0000] {processor.py:840} INFO - DAG(s) 'windturbine' retrieved from /opt/airflow/dags/windturbine.py
[2024-06-26T14:16:33.238+0000] {logging_mixin.py:188} INFO - [2024-06-26T14:16:33.238+0000] {dag.py:3096} INFO - Sync 1 DAGs
[2024-06-26T14:16:33.264+0000] {processor.py:183} INFO - Processing /opt/airflow/dags/windturbine.py took 0.063 seconds
[2024-06-26T14:16:39.002+0000] {processor.py:161} INFO - Started process (PID=976) to work on /opt/airflow/dags/windturbine.py
[2024-06-26T14:16:39.003+0000] {processor.py:830} INFO - Processing file /opt/airflow/dags/windturbine.py for tasks to queue
[2024-06-26T14:16:39.004+0000] {logging_mixin.py:188} INFO - [2024-06-26T14:16:39.004+0000] {dagbag.py:545} INFO - Filling up the DagBag from /opt/airflow/dags/windturbine.py
[2024-06-26T14:16:39.023+0000] {logging_mixin.py:188} WARNING - /home/airflow/.local/lib/python3.12/site-packages/airflow/models/baseoperator.py:485 RemovedInAirflow3Warning: provide_context is deprecated as of 2.0 and is no longer required
[2024-06-26T14:16:39.025+0000] {processor.py:840} INFO - DAG(s) 'windturbine' retrieved from /opt/airflow/dags/windturbine.py
[2024-06-26T14:16:39.034+0000] {logging_mixin.py:188} INFO - [2024-06-26T14:16:39.034+0000] {dag.py:3096} INFO - Sync 1 DAGs
[2024-06-26T14:16:39.056+0000] {processor.py:183} INFO - Processing /opt/airflow/dags/windturbine.py took 0.058 seconds
[2024-06-26T14:16:44.772+0000] {processor.py:161} INFO - Started process (PID=1003) to work on /opt/airflow/dags/windturbine.py
[2024-06-26T14:16:44.782+0000] {processor.py:830} INFO - Processing file /opt/airflow/dags/windturbine.py for tasks to queue
[2024-06-26T14:16:44.785+0000] {logging_mixin.py:188} INFO - [2024-06-26T14:16:44.785+0000] {dagbag.py:545} INFO - Filling up the DagBag from /opt/airflow/dags/windturbine.py
[2024-06-26T14:16:44.809+0000] {logging_mixin.py:188} WARNING - /home/airflow/.local/lib/python3.12/site-packages/airflow/models/baseoperator.py:485 RemovedInAirflow3Warning: provide_context is deprecated as of 2.0 and is no longer required
[2024-06-26T14:16:44.811+0000] {processor.py:840} INFO - DAG(s) 'windturbine' retrieved from /opt/airflow/dags/windturbine.py
[2024-06-26T14:16:44.820+0000] {logging_mixin.py:188} INFO - [2024-06-26T14:16:44.820+0000] {dag.py:3096} INFO - Sync 1 DAGs
[2024-06-26T14:16:44.841+0000] {processor.py:183} INFO - Processing /opt/airflow/dags/windturbine.py took 0.072 seconds
[2024-06-26T14:16:50.626+0000] {processor.py:161} INFO - Started process (PID=1036) to work on /opt/airflow/dags/windturbine.py
[2024-06-26T14:16:50.626+0000] {processor.py:830} INFO - Processing file /opt/airflow/dags/windturbine.py for tasks to queue
[2024-06-26T14:16:50.627+0000] {logging_mixin.py:188} INFO - [2024-06-26T14:16:50.627+0000] {dagbag.py:545} INFO - Filling up the DagBag from /opt/airflow/dags/windturbine.py
[2024-06-26T14:16:50.645+0000] {logging_mixin.py:188} WARNING - /home/airflow/.local/lib/python3.12/site-packages/airflow/models/baseoperator.py:485 RemovedInAirflow3Warning: provide_context is deprecated as of 2.0 and is no longer required
[2024-06-26T14:16:50.647+0000] {processor.py:840} INFO - DAG(s) 'windturbine' retrieved from /opt/airflow/dags/windturbine.py
[2024-06-26T14:16:50.656+0000] {logging_mixin.py:188} INFO - [2024-06-26T14:16:50.656+0000] {dag.py:3096} INFO - Sync 1 DAGs
[2024-06-26T14:16:50.677+0000] {processor.py:183} INFO - Processing /opt/airflow/dags/windturbine.py took 0.058 seconds
[2024-06-26T14:16:56.388+0000] {processor.py:161} INFO - Started process (PID=1063) to work on /opt/airflow/dags/windturbine.py
[2024-06-26T14:16:56.389+0000] {processor.py:830} INFO - Processing file /opt/airflow/dags/windturbine.py for tasks to queue
[2024-06-26T14:16:56.389+0000] {logging_mixin.py:188} INFO - [2024-06-26T14:16:56.389+0000] {dagbag.py:545} INFO - Filling up the DagBag from /opt/airflow/dags/windturbine.py
[2024-06-26T14:16:56.406+0000] {logging_mixin.py:188} WARNING - /home/airflow/.local/lib/python3.12/site-packages/airflow/models/baseoperator.py:485 RemovedInAirflow3Warning: provide_context is deprecated as of 2.0 and is no longer required
[2024-06-26T14:16:56.408+0000] {processor.py:840} INFO - DAG(s) 'windturbine' retrieved from /opt/airflow/dags/windturbine.py
[2024-06-26T14:16:56.417+0000] {logging_mixin.py:188} INFO - [2024-06-26T14:16:56.417+0000] {dag.py:3096} INFO - Sync 1 DAGs
[2024-06-26T14:16:56.488+0000] {processor.py:183} INFO - Processing /opt/airflow/dags/windturbine.py took 0.103 seconds
[2024-06-26T14:17:02.261+0000] {processor.py:161} INFO - Started process (PID=1090) to work on /opt/airflow/dags/windturbine.py
[2024-06-26T14:17:02.270+0000] {processor.py:830} INFO - Processing file /opt/airflow/dags/windturbine.py for tasks to queue
[2024-06-26T14:17:02.272+0000] {logging_mixin.py:188} INFO - [2024-06-26T14:17:02.271+0000] {dagbag.py:545} INFO - Filling up the DagBag from /opt/airflow/dags/windturbine.py
[2024-06-26T14:17:02.290+0000] {logging_mixin.py:188} WARNING - /home/airflow/.local/lib/python3.12/site-packages/airflow/models/baseoperator.py:485 RemovedInAirflow3Warning: provide_context is deprecated as of 2.0 and is no longer required
[2024-06-26T14:17:02.292+0000] {processor.py:840} INFO - DAG(s) 'windturbine' retrieved from /opt/airflow/dags/windturbine.py
[2024-06-26T14:17:02.301+0000] {logging_mixin.py:188} INFO - [2024-06-26T14:17:02.301+0000] {dag.py:3096} INFO - Sync 1 DAGs
[2024-06-26T14:17:02.323+0000] {processor.py:183} INFO - Processing /opt/airflow/dags/windturbine.py took 0.065 seconds
[2024-06-26T14:17:07.989+0000] {processor.py:161} INFO - Started process (PID=1117) to work on /opt/airflow/dags/windturbine.py
[2024-06-26T14:17:07.989+0000] {processor.py:830} INFO - Processing file /opt/airflow/dags/windturbine.py for tasks to queue
[2024-06-26T14:17:07.990+0000] {logging_mixin.py:188} INFO - [2024-06-26T14:17:07.990+0000] {dagbag.py:545} INFO - Filling up the DagBag from /opt/airflow/dags/windturbine.py
[2024-06-26T14:17:08.008+0000] {logging_mixin.py:188} WARNING - /home/airflow/.local/lib/python3.12/site-packages/airflow/models/baseoperator.py:485 RemovedInAirflow3Warning: provide_context is deprecated as of 2.0 and is no longer required
[2024-06-26T14:17:08.010+0000] {processor.py:840} INFO - DAG(s) 'windturbine' retrieved from /opt/airflow/dags/windturbine.py
[2024-06-26T14:17:08.019+0000] {logging_mixin.py:188} INFO - [2024-06-26T14:17:08.019+0000] {dag.py:3096} INFO - Sync 1 DAGs
[2024-06-26T14:17:08.041+0000] {processor.py:183} INFO - Processing /opt/airflow/dags/windturbine.py took 0.056 seconds
[2024-06-26T14:17:13.827+0000] {processor.py:161} INFO - Started process (PID=1144) to work on /opt/airflow/dags/windturbine.py
[2024-06-26T14:17:13.827+0000] {processor.py:830} INFO - Processing file /opt/airflow/dags/windturbine.py for tasks to queue
[2024-06-26T14:17:13.828+0000] {logging_mixin.py:188} INFO - [2024-06-26T14:17:13.828+0000] {dagbag.py:545} INFO - Filling up the DagBag from /opt/airflow/dags/windturbine.py
[2024-06-26T14:17:13.845+0000] {logging_mixin.py:188} WARNING - /home/airflow/.local/lib/python3.12/site-packages/airflow/models/baseoperator.py:485 RemovedInAirflow3Warning: provide_context is deprecated as of 2.0 and is no longer required
[2024-06-26T14:17:13.847+0000] {processor.py:840} INFO - DAG(s) 'windturbine' retrieved from /opt/airflow/dags/windturbine.py
[2024-06-26T14:17:13.856+0000] {logging_mixin.py:188} INFO - [2024-06-26T14:17:13.855+0000] {dag.py:3096} INFO - Sync 1 DAGs
[2024-06-26T14:17:13.876+0000] {processor.py:183} INFO - Processing /opt/airflow/dags/windturbine.py took 0.052 seconds
[2024-06-26T14:17:19.604+0000] {processor.py:161} INFO - Started process (PID=1177) to work on /opt/airflow/dags/windturbine.py
[2024-06-26T14:17:19.614+0000] {processor.py:830} INFO - Processing file /opt/airflow/dags/windturbine.py for tasks to queue
[2024-06-26T14:17:19.615+0000] {logging_mixin.py:188} INFO - [2024-06-26T14:17:19.615+0000] {dagbag.py:545} INFO - Filling up the DagBag from /opt/airflow/dags/windturbine.py
[2024-06-26T14:17:19.633+0000] {logging_mixin.py:188} WARNING - /home/airflow/.local/lib/python3.12/site-packages/airflow/models/baseoperator.py:485 RemovedInAirflow3Warning: provide_context is deprecated as of 2.0 and is no longer required
[2024-06-26T14:17:19.635+0000] {processor.py:840} INFO - DAG(s) 'windturbine' retrieved from /opt/airflow/dags/windturbine.py
[2024-06-26T14:17:19.644+0000] {logging_mixin.py:188} INFO - [2024-06-26T14:17:19.644+0000] {dag.py:3096} INFO - Sync 1 DAGs
[2024-06-26T14:17:19.663+0000] {processor.py:183} INFO - Processing /opt/airflow/dags/windturbine.py took 0.062 seconds
[2024-06-26T14:17:25.349+0000] {processor.py:161} INFO - Started process (PID=1204) to work on /opt/airflow/dags/windturbine.py
[2024-06-26T14:17:25.350+0000] {processor.py:830} INFO - Processing file /opt/airflow/dags/windturbine.py for tasks to queue
[2024-06-26T14:17:25.351+0000] {logging_mixin.py:188} INFO - [2024-06-26T14:17:25.351+0000] {dagbag.py:545} INFO - Filling up the DagBag from /opt/airflow/dags/windturbine.py
[2024-06-26T14:17:25.368+0000] {logging_mixin.py:188} WARNING - /home/airflow/.local/lib/python3.12/site-packages/airflow/models/baseoperator.py:485 RemovedInAirflow3Warning: provide_context is deprecated as of 2.0 and is no longer required
[2024-06-26T14:17:25.370+0000] {processor.py:840} INFO - DAG(s) 'windturbine' retrieved from /opt/airflow/dags/windturbine.py
[2024-06-26T14:17:25.378+0000] {logging_mixin.py:188} INFO - [2024-06-26T14:17:25.378+0000] {dag.py:3096} INFO - Sync 1 DAGs
[2024-06-26T14:17:25.398+0000] {processor.py:183} INFO - Processing /opt/airflow/dags/windturbine.py took 0.053 seconds
[2024-06-26T14:17:31.053+0000] {processor.py:161} INFO - Started process (PID=1231) to work on /opt/airflow/dags/windturbine.py
[2024-06-26T14:17:31.054+0000] {processor.py:830} INFO - Processing file /opt/airflow/dags/windturbine.py for tasks to queue
[2024-06-26T14:17:31.055+0000] {logging_mixin.py:188} INFO - [2024-06-26T14:17:31.055+0000] {dagbag.py:545} INFO - Filling up the DagBag from /opt/airflow/dags/windturbine.py
[2024-06-26T14:17:31.073+0000] {logging_mixin.py:188} WARNING - /home/airflow/.local/lib/python3.12/site-packages/airflow/models/baseoperator.py:485 RemovedInAirflow3Warning: provide_context is deprecated as of 2.0 and is no longer required
[2024-06-26T14:17:31.075+0000] {processor.py:840} INFO - DAG(s) 'windturbine' retrieved from /opt/airflow/dags/windturbine.py
[2024-06-26T14:17:31.084+0000] {logging_mixin.py:188} INFO - [2024-06-26T14:17:31.084+0000] {dag.py:3096} INFO - Sync 1 DAGs
[2024-06-26T14:17:31.104+0000] {processor.py:183} INFO - Processing /opt/airflow/dags/windturbine.py took 0.054 seconds
[2024-06-26T14:17:36.816+0000] {processor.py:161} INFO - Started process (PID=1258) to work on /opt/airflow/dags/windturbine.py
[2024-06-26T14:17:36.817+0000] {processor.py:830} INFO - Processing file /opt/airflow/dags/windturbine.py for tasks to queue
[2024-06-26T14:17:36.818+0000] {logging_mixin.py:188} INFO - [2024-06-26T14:17:36.818+0000] {dagbag.py:545} INFO - Filling up the DagBag from /opt/airflow/dags/windturbine.py
[2024-06-26T14:17:36.834+0000] {logging_mixin.py:188} WARNING - /home/airflow/.local/lib/python3.12/site-packages/airflow/models/baseoperator.py:485 RemovedInAirflow3Warning: provide_context is deprecated as of 2.0 and is no longer required
[2024-06-26T14:17:36.836+0000] {processor.py:840} INFO - DAG(s) 'windturbine' retrieved from /opt/airflow/dags/windturbine.py
[2024-06-26T14:17:36.844+0000] {logging_mixin.py:188} INFO - [2024-06-26T14:17:36.844+0000] {dag.py:3096} INFO - Sync 1 DAGs
[2024-06-26T14:17:36.865+0000] {processor.py:183} INFO - Processing /opt/airflow/dags/windturbine.py took 0.052 seconds
[2024-06-26T14:17:42.554+0000] {processor.py:161} INFO - Started process (PID=1285) to work on /opt/airflow/dags/windturbine.py
[2024-06-26T14:17:42.554+0000] {processor.py:830} INFO - Processing file /opt/airflow/dags/windturbine.py for tasks to queue
[2024-06-26T14:17:42.555+0000] {logging_mixin.py:188} INFO - [2024-06-26T14:17:42.555+0000] {dagbag.py:545} INFO - Filling up the DagBag from /opt/airflow/dags/windturbine.py
[2024-06-26T14:17:42.572+0000] {logging_mixin.py:188} WARNING - /home/airflow/.local/lib/python3.12/site-packages/airflow/models/baseoperator.py:485 RemovedInAirflow3Warning: provide_context is deprecated as of 2.0 and is no longer required
[2024-06-26T14:17:42.574+0000] {processor.py:840} INFO - DAG(s) 'windturbine' retrieved from /opt/airflow/dags/windturbine.py
[2024-06-26T14:17:42.582+0000] {logging_mixin.py:188} INFO - [2024-06-26T14:17:42.582+0000] {dag.py:3096} INFO - Sync 1 DAGs
[2024-06-26T14:17:42.602+0000] {processor.py:183} INFO - Processing /opt/airflow/dags/windturbine.py took 0.051 seconds
[2024-06-26T14:17:48.356+0000] {processor.py:161} INFO - Started process (PID=1318) to work on /opt/airflow/dags/windturbine.py
[2024-06-26T14:17:48.366+0000] {processor.py:830} INFO - Processing file /opt/airflow/dags/windturbine.py for tasks to queue
[2024-06-26T14:17:48.368+0000] {logging_mixin.py:188} INFO - [2024-06-26T14:17:48.368+0000] {dagbag.py:545} INFO - Filling up the DagBag from /opt/airflow/dags/windturbine.py
[2024-06-26T14:17:48.390+0000] {logging_mixin.py:188} WARNING - /home/airflow/.local/lib/python3.12/site-packages/airflow/models/baseoperator.py:485 RemovedInAirflow3Warning: provide_context is deprecated as of 2.0 and is no longer required
[2024-06-26T14:17:48.392+0000] {processor.py:840} INFO - DAG(s) 'windturbine' retrieved from /opt/airflow/dags/windturbine.py
[2024-06-26T14:17:48.401+0000] {logging_mixin.py:188} INFO - [2024-06-26T14:17:48.401+0000] {dag.py:3096} INFO - Sync 1 DAGs
[2024-06-26T14:17:48.420+0000] {processor.py:183} INFO - Processing /opt/airflow/dags/windturbine.py took 0.067 seconds
[2024-06-26T14:17:54.131+0000] {processor.py:161} INFO - Started process (PID=1345) to work on /opt/airflow/dags/windturbine.py
[2024-06-26T14:17:54.132+0000] {processor.py:830} INFO - Processing file /opt/airflow/dags/windturbine.py for tasks to queue
[2024-06-26T14:17:54.133+0000] {logging_mixin.py:188} INFO - [2024-06-26T14:17:54.133+0000] {dagbag.py:545} INFO - Filling up the DagBag from /opt/airflow/dags/windturbine.py
[2024-06-26T14:17:54.160+0000] {logging_mixin.py:188} WARNING - /home/airflow/.local/lib/python3.12/site-packages/airflow/models/baseoperator.py:485 RemovedInAirflow3Warning: provide_context is deprecated as of 2.0 and is no longer required
[2024-06-26T14:17:54.164+0000] {processor.py:840} INFO - DAG(s) 'windturbine' retrieved from /opt/airflow/dags/windturbine.py
[2024-06-26T14:17:54.174+0000] {logging_mixin.py:188} INFO - [2024-06-26T14:17:54.174+0000] {dag.py:3096} INFO - Sync 1 DAGs
[2024-06-26T14:17:54.193+0000] {processor.py:183} INFO - Processing /opt/airflow/dags/windturbine.py took 0.065 seconds
[2024-06-26T14:17:59.865+0000] {processor.py:161} INFO - Started process (PID=1372) to work on /opt/airflow/dags/windturbine.py
[2024-06-26T14:17:59.865+0000] {processor.py:830} INFO - Processing file /opt/airflow/dags/windturbine.py for tasks to queue
[2024-06-26T14:17:59.866+0000] {logging_mixin.py:188} INFO - [2024-06-26T14:17:59.866+0000] {dagbag.py:545} INFO - Filling up the DagBag from /opt/airflow/dags/windturbine.py
[2024-06-26T14:17:59.883+0000] {logging_mixin.py:188} WARNING - /home/airflow/.local/lib/python3.12/site-packages/airflow/models/baseoperator.py:485 RemovedInAirflow3Warning: provide_context is deprecated as of 2.0 and is no longer required
[2024-06-26T14:17:59.885+0000] {processor.py:840} INFO - DAG(s) 'windturbine' retrieved from /opt/airflow/dags/windturbine.py
[2024-06-26T14:17:59.894+0000] {logging_mixin.py:188} INFO - [2024-06-26T14:17:59.893+0000] {dag.py:3096} INFO - Sync 1 DAGs
[2024-06-26T14:17:59.913+0000] {processor.py:183} INFO - Processing /opt/airflow/dags/windturbine.py took 0.051 seconds
[2024-06-26T14:18:05.604+0000] {processor.py:161} INFO - Started process (PID=1399) to work on /opt/airflow/dags/windturbine.py
[2024-06-26T14:18:05.605+0000] {processor.py:830} INFO - Processing file /opt/airflow/dags/windturbine.py for tasks to queue
[2024-06-26T14:18:05.606+0000] {logging_mixin.py:188} INFO - [2024-06-26T14:18:05.606+0000] {dagbag.py:545} INFO - Filling up the DagBag from /opt/airflow/dags/windturbine.py
[2024-06-26T14:18:05.625+0000] {logging_mixin.py:188} WARNING - /home/airflow/.local/lib/python3.12/site-packages/airflow/models/baseoperator.py:485 RemovedInAirflow3Warning: provide_context is deprecated as of 2.0 and is no longer required
[2024-06-26T14:18:05.627+0000] {processor.py:840} INFO - DAG(s) 'windturbine' retrieved from /opt/airflow/dags/windturbine.py
[2024-06-26T14:18:05.635+0000] {logging_mixin.py:188} INFO - [2024-06-26T14:18:05.635+0000] {dag.py:3096} INFO - Sync 1 DAGs
[2024-06-26T14:18:05.656+0000] {processor.py:183} INFO - Processing /opt/airflow/dags/windturbine.py took 0.055 seconds
