[2024-06-26T14:13:29.489+0000] {processor.py:161} INFO - Started process (PID=50) to work on /opt/airflow/dags/xcom.py
[2024-06-26T14:13:29.490+0000] {processor.py:830} INFO - Processing file /opt/airflow/dags/xcom.py for tasks to queue
[2024-06-26T14:13:29.491+0000] {logging_mixin.py:188} INFO - [2024-06-26T14:13:29.491+0000] {dagbag.py:545} INFO - Filling up the DagBag from /opt/airflow/dags/xcom.py
[2024-06-26T14:13:29.497+0000] {processor.py:840} INFO - DAG(s) 'xcom_example' retrieved from /opt/airflow/dags/xcom.py
[2024-06-26T14:13:29.557+0000] {logging_mixin.py:188} INFO - [2024-06-26T14:13:29.557+0000] {dag.py:3096} INFO - Sync 1 DAGs
[2024-06-26T14:13:29.565+0000] {logging_mixin.py:188} INFO - [2024-06-26T14:13:29.565+0000] {dag.py:3954} INFO - Setting next_dagrun for xcom_example to None, run_after=None
[2024-06-26T14:13:29.578+0000] {processor.py:183} INFO - Processing /opt/airflow/dags/xcom.py took 0.092 seconds
[2024-06-26T14:13:35.468+0000] {processor.py:161} INFO - Started process (PID=77) to work on /opt/airflow/dags/xcom.py
[2024-06-26T14:13:35.468+0000] {processor.py:830} INFO - Processing file /opt/airflow/dags/xcom.py for tasks to queue
[2024-06-26T14:13:35.469+0000] {logging_mixin.py:188} INFO - [2024-06-26T14:13:35.469+0000] {dagbag.py:545} INFO - Filling up the DagBag from /opt/airflow/dags/xcom.py
[2024-06-26T14:13:35.476+0000] {processor.py:840} INFO - DAG(s) 'xcom_example' retrieved from /opt/airflow/dags/xcom.py
[2024-06-26T14:13:35.482+0000] {logging_mixin.py:188} INFO - [2024-06-26T14:13:35.482+0000] {dag.py:3096} INFO - Sync 1 DAGs
[2024-06-26T14:13:35.489+0000] {logging_mixin.py:188} INFO - [2024-06-26T14:13:35.489+0000] {dag.py:3954} INFO - Setting next_dagrun for xcom_example to None, run_after=None
[2024-06-26T14:13:35.499+0000] {processor.py:183} INFO - Processing /opt/airflow/dags/xcom.py took 0.034 seconds
[2024-06-26T14:13:41.101+0000] {processor.py:161} INFO - Started process (PID=104) to work on /opt/airflow/dags/xcom.py
[2024-06-26T14:13:41.102+0000] {processor.py:830} INFO - Processing file /opt/airflow/dags/xcom.py for tasks to queue
[2024-06-26T14:13:41.103+0000] {logging_mixin.py:188} INFO - [2024-06-26T14:13:41.103+0000] {dagbag.py:545} INFO - Filling up the DagBag from /opt/airflow/dags/xcom.py
[2024-06-26T14:13:41.109+0000] {processor.py:840} INFO - DAG(s) 'xcom_example' retrieved from /opt/airflow/dags/xcom.py
[2024-06-26T14:13:41.115+0000] {logging_mixin.py:188} INFO - [2024-06-26T14:13:41.115+0000] {dag.py:3096} INFO - Sync 1 DAGs
[2024-06-26T14:13:41.122+0000] {logging_mixin.py:188} INFO - [2024-06-26T14:13:41.122+0000] {dag.py:3954} INFO - Setting next_dagrun for xcom_example to None, run_after=None
[2024-06-26T14:13:41.191+0000] {processor.py:183} INFO - Processing /opt/airflow/dags/xcom.py took 0.097 seconds
[2024-06-26T14:13:47.156+0000] {processor.py:161} INFO - Started process (PID=131) to work on /opt/airflow/dags/xcom.py
[2024-06-26T14:13:47.157+0000] {processor.py:830} INFO - Processing file /opt/airflow/dags/xcom.py for tasks to queue
[2024-06-26T14:13:47.158+0000] {logging_mixin.py:188} INFO - [2024-06-26T14:13:47.158+0000] {dagbag.py:545} INFO - Filling up the DagBag from /opt/airflow/dags/xcom.py
[2024-06-26T14:13:47.164+0000] {processor.py:840} INFO - DAG(s) 'xcom_example' retrieved from /opt/airflow/dags/xcom.py
[2024-06-26T14:13:47.170+0000] {logging_mixin.py:188} INFO - [2024-06-26T14:13:47.170+0000] {dag.py:3096} INFO - Sync 1 DAGs
[2024-06-26T14:13:47.177+0000] {logging_mixin.py:188} INFO - [2024-06-26T14:13:47.177+0000] {dag.py:3954} INFO - Setting next_dagrun for xcom_example to None, run_after=None
[2024-06-26T14:13:47.189+0000] {processor.py:183} INFO - Processing /opt/airflow/dags/xcom.py took 0.036 seconds
[2024-06-26T14:13:52.792+0000] {processor.py:161} INFO - Started process (PID=164) to work on /opt/airflow/dags/xcom.py
[2024-06-26T14:13:52.792+0000] {processor.py:830} INFO - Processing file /opt/airflow/dags/xcom.py for tasks to queue
[2024-06-26T14:13:52.793+0000] {logging_mixin.py:188} INFO - [2024-06-26T14:13:52.793+0000] {dagbag.py:545} INFO - Filling up the DagBag from /opt/airflow/dags/xcom.py
[2024-06-26T14:13:52.799+0000] {processor.py:840} INFO - DAG(s) 'xcom_example' retrieved from /opt/airflow/dags/xcom.py
[2024-06-26T14:13:52.805+0000] {logging_mixin.py:188} INFO - [2024-06-26T14:13:52.805+0000] {dag.py:3096} INFO - Sync 1 DAGs
[2024-06-26T14:13:52.812+0000] {logging_mixin.py:188} INFO - [2024-06-26T14:13:52.811+0000] {dag.py:3954} INFO - Setting next_dagrun for xcom_example to None, run_after=None
[2024-06-26T14:13:52.822+0000] {processor.py:183} INFO - Processing /opt/airflow/dags/xcom.py took 0.033 seconds
[2024-06-26T14:13:58.786+0000] {processor.py:161} INFO - Started process (PID=204) to work on /opt/airflow/dags/xcom.py
[2024-06-26T14:13:58.787+0000] {processor.py:830} INFO - Processing file /opt/airflow/dags/xcom.py for tasks to queue
[2024-06-26T14:13:58.787+0000] {logging_mixin.py:188} INFO - [2024-06-26T14:13:58.787+0000] {dagbag.py:545} INFO - Filling up the DagBag from /opt/airflow/dags/xcom.py
[2024-06-26T14:13:58.794+0000] {processor.py:840} INFO - DAG(s) 'xcom_example' retrieved from /opt/airflow/dags/xcom.py
[2024-06-26T14:13:58.801+0000] {logging_mixin.py:188} INFO - [2024-06-26T14:13:58.800+0000] {dag.py:3096} INFO - Sync 1 DAGs
[2024-06-26T14:13:58.807+0000] {logging_mixin.py:188} INFO - [2024-06-26T14:13:58.807+0000] {dag.py:3954} INFO - Setting next_dagrun for xcom_example to None, run_after=None
[2024-06-26T14:13:58.817+0000] {processor.py:183} INFO - Processing /opt/airflow/dags/xcom.py took 0.033 seconds
[2024-06-26T14:14:04.604+0000] {processor.py:161} INFO - Started process (PID=231) to work on /opt/airflow/dags/xcom.py
[2024-06-26T14:14:04.604+0000] {processor.py:830} INFO - Processing file /opt/airflow/dags/xcom.py for tasks to queue
[2024-06-26T14:14:04.606+0000] {logging_mixin.py:188} INFO - [2024-06-26T14:14:04.605+0000] {dagbag.py:545} INFO - Filling up the DagBag from /opt/airflow/dags/xcom.py
[2024-06-26T14:14:04.612+0000] {processor.py:840} INFO - DAG(s) 'xcom_example' retrieved from /opt/airflow/dags/xcom.py
[2024-06-26T14:14:04.625+0000] {logging_mixin.py:188} INFO - [2024-06-26T14:14:04.625+0000] {dag.py:3096} INFO - Sync 1 DAGs
[2024-06-26T14:14:04.632+0000] {logging_mixin.py:188} INFO - [2024-06-26T14:14:04.632+0000] {dag.py:3954} INFO - Setting next_dagrun for xcom_example to None, run_after=None
[2024-06-26T14:14:04.642+0000] {processor.py:183} INFO - Processing /opt/airflow/dags/xcom.py took 0.042 seconds
[2024-06-26T14:14:10.482+0000] {processor.py:161} INFO - Started process (PID=258) to work on /opt/airflow/dags/xcom.py
[2024-06-26T14:14:10.483+0000] {processor.py:830} INFO - Processing file /opt/airflow/dags/xcom.py for tasks to queue
[2024-06-26T14:14:10.484+0000] {logging_mixin.py:188} INFO - [2024-06-26T14:14:10.483+0000] {dagbag.py:545} INFO - Filling up the DagBag from /opt/airflow/dags/xcom.py
[2024-06-26T14:14:10.490+0000] {processor.py:840} INFO - DAG(s) 'xcom_example' retrieved from /opt/airflow/dags/xcom.py
[2024-06-26T14:14:10.502+0000] {logging_mixin.py:188} INFO - [2024-06-26T14:14:10.501+0000] {dag.py:3096} INFO - Sync 1 DAGs
[2024-06-26T14:14:10.508+0000] {logging_mixin.py:188} INFO - [2024-06-26T14:14:10.508+0000] {dag.py:3954} INFO - Setting next_dagrun for xcom_example to None, run_after=None
[2024-06-26T14:14:10.517+0000] {processor.py:183} INFO - Processing /opt/airflow/dags/xcom.py took 0.037 seconds
[2024-06-26T14:14:16.284+0000] {processor.py:161} INFO - Started process (PID=285) to work on /opt/airflow/dags/xcom.py
[2024-06-26T14:14:16.285+0000] {processor.py:830} INFO - Processing file /opt/airflow/dags/xcom.py for tasks to queue
[2024-06-26T14:14:16.286+0000] {logging_mixin.py:188} INFO - [2024-06-26T14:14:16.286+0000] {dagbag.py:545} INFO - Filling up the DagBag from /opt/airflow/dags/xcom.py
[2024-06-26T14:14:16.292+0000] {processor.py:840} INFO - DAG(s) 'xcom_example' retrieved from /opt/airflow/dags/xcom.py
[2024-06-26T14:14:16.305+0000] {logging_mixin.py:188} INFO - [2024-06-26T14:14:16.305+0000] {dag.py:3096} INFO - Sync 1 DAGs
[2024-06-26T14:14:16.314+0000] {logging_mixin.py:188} INFO - [2024-06-26T14:14:16.313+0000] {dag.py:3954} INFO - Setting next_dagrun for xcom_example to None, run_after=None
[2024-06-26T14:14:16.323+0000] {processor.py:183} INFO - Processing /opt/airflow/dags/xcom.py took 0.042 seconds
[2024-06-26T14:14:22.063+0000] {processor.py:161} INFO - Started process (PID=318) to work on /opt/airflow/dags/xcom.py
[2024-06-26T14:14:22.064+0000] {processor.py:830} INFO - Processing file /opt/airflow/dags/xcom.py for tasks to queue
[2024-06-26T14:14:22.065+0000] {logging_mixin.py:188} INFO - [2024-06-26T14:14:22.064+0000] {dagbag.py:545} INFO - Filling up the DagBag from /opt/airflow/dags/xcom.py
[2024-06-26T14:14:22.072+0000] {processor.py:840} INFO - DAG(s) 'xcom_example' retrieved from /opt/airflow/dags/xcom.py
[2024-06-26T14:14:22.083+0000] {logging_mixin.py:188} INFO - [2024-06-26T14:14:22.083+0000] {dag.py:3096} INFO - Sync 1 DAGs
[2024-06-26T14:14:22.090+0000] {logging_mixin.py:188} INFO - [2024-06-26T14:14:22.090+0000] {dag.py:3954} INFO - Setting next_dagrun for xcom_example to None, run_after=None
[2024-06-26T14:14:22.100+0000] {processor.py:183} INFO - Processing /opt/airflow/dags/xcom.py took 0.040 seconds
[2024-06-26T14:14:27.855+0000] {processor.py:161} INFO - Started process (PID=345) to work on /opt/airflow/dags/xcom.py
[2024-06-26T14:14:27.855+0000] {processor.py:830} INFO - Processing file /opt/airflow/dags/xcom.py for tasks to queue
[2024-06-26T14:14:27.856+0000] {logging_mixin.py:188} INFO - [2024-06-26T14:14:27.856+0000] {dagbag.py:545} INFO - Filling up the DagBag from /opt/airflow/dags/xcom.py
[2024-06-26T14:14:27.863+0000] {processor.py:840} INFO - DAG(s) 'xcom_example' retrieved from /opt/airflow/dags/xcom.py
[2024-06-26T14:14:27.874+0000] {logging_mixin.py:188} INFO - [2024-06-26T14:14:27.874+0000] {dag.py:3096} INFO - Sync 1 DAGs
[2024-06-26T14:14:27.881+0000] {logging_mixin.py:188} INFO - [2024-06-26T14:14:27.881+0000] {dag.py:3954} INFO - Setting next_dagrun for xcom_example to None, run_after=None
[2024-06-26T14:14:27.893+0000] {processor.py:183} INFO - Processing /opt/airflow/dags/xcom.py took 0.041 seconds
[2024-06-26T14:14:33.724+0000] {processor.py:161} INFO - Started process (PID=372) to work on /opt/airflow/dags/xcom.py
[2024-06-26T14:14:33.724+0000] {processor.py:830} INFO - Processing file /opt/airflow/dags/xcom.py for tasks to queue
[2024-06-26T14:14:33.725+0000] {logging_mixin.py:188} INFO - [2024-06-26T14:14:33.725+0000] {dagbag.py:545} INFO - Filling up the DagBag from /opt/airflow/dags/xcom.py
[2024-06-26T14:14:33.732+0000] {processor.py:840} INFO - DAG(s) 'xcom_example' retrieved from /opt/airflow/dags/xcom.py
[2024-06-26T14:14:33.744+0000] {logging_mixin.py:188} INFO - [2024-06-26T14:14:33.744+0000] {dag.py:3096} INFO - Sync 1 DAGs
[2024-06-26T14:14:33.751+0000] {logging_mixin.py:188} INFO - [2024-06-26T14:14:33.750+0000] {dag.py:3954} INFO - Setting next_dagrun for xcom_example to None, run_after=None
[2024-06-26T14:14:33.760+0000] {processor.py:183} INFO - Processing /opt/airflow/dags/xcom.py took 0.039 seconds
[2024-06-26T14:14:39.505+0000] {processor.py:161} INFO - Started process (PID=399) to work on /opt/airflow/dags/xcom.py
[2024-06-26T14:14:39.505+0000] {processor.py:830} INFO - Processing file /opt/airflow/dags/xcom.py for tasks to queue
[2024-06-26T14:14:39.506+0000] {logging_mixin.py:188} INFO - [2024-06-26T14:14:39.506+0000] {dagbag.py:545} INFO - Filling up the DagBag from /opt/airflow/dags/xcom.py
[2024-06-26T14:14:39.513+0000] {processor.py:840} INFO - DAG(s) 'xcom_example' retrieved from /opt/airflow/dags/xcom.py
[2024-06-26T14:14:39.526+0000] {logging_mixin.py:188} INFO - [2024-06-26T14:14:39.526+0000] {dag.py:3096} INFO - Sync 1 DAGs
[2024-06-26T14:14:39.533+0000] {logging_mixin.py:188} INFO - [2024-06-26T14:14:39.533+0000] {dag.py:3954} INFO - Setting next_dagrun for xcom_example to None, run_after=None
[2024-06-26T14:14:39.542+0000] {processor.py:183} INFO - Processing /opt/airflow/dags/xcom.py took 0.041 seconds
[2024-06-26T14:14:45.264+0000] {processor.py:161} INFO - Started process (PID=426) to work on /opt/airflow/dags/xcom.py
[2024-06-26T14:14:45.265+0000] {processor.py:830} INFO - Processing file /opt/airflow/dags/xcom.py for tasks to queue
[2024-06-26T14:14:45.265+0000] {logging_mixin.py:188} INFO - [2024-06-26T14:14:45.265+0000] {dagbag.py:545} INFO - Filling up the DagBag from /opt/airflow/dags/xcom.py
[2024-06-26T14:14:45.272+0000] {processor.py:840} INFO - DAG(s) 'xcom_example' retrieved from /opt/airflow/dags/xcom.py
[2024-06-26T14:14:45.283+0000] {logging_mixin.py:188} INFO - [2024-06-26T14:14:45.283+0000] {dag.py:3096} INFO - Sync 1 DAGs
[2024-06-26T14:14:45.290+0000] {logging_mixin.py:188} INFO - [2024-06-26T14:14:45.290+0000] {dag.py:3954} INFO - Setting next_dagrun for xcom_example to None, run_after=None
[2024-06-26T14:14:45.299+0000] {processor.py:183} INFO - Processing /opt/airflow/dags/xcom.py took 0.038 seconds
[2024-06-26T14:14:50.990+0000] {processor.py:161} INFO - Started process (PID=459) to work on /opt/airflow/dags/xcom.py
[2024-06-26T14:14:50.990+0000] {processor.py:830} INFO - Processing file /opt/airflow/dags/xcom.py for tasks to queue
[2024-06-26T14:14:50.991+0000] {logging_mixin.py:188} INFO - [2024-06-26T14:14:50.991+0000] {dagbag.py:545} INFO - Filling up the DagBag from /opt/airflow/dags/xcom.py
[2024-06-26T14:14:50.999+0000] {processor.py:840} INFO - DAG(s) 'xcom_example' retrieved from /opt/airflow/dags/xcom.py
[2024-06-26T14:14:51.012+0000] {logging_mixin.py:188} INFO - [2024-06-26T14:14:51.012+0000] {dag.py:3096} INFO - Sync 1 DAGs
[2024-06-26T14:14:51.019+0000] {logging_mixin.py:188} INFO - [2024-06-26T14:14:51.019+0000] {dag.py:3954} INFO - Setting next_dagrun for xcom_example to None, run_after=None
[2024-06-26T14:14:51.030+0000] {processor.py:183} INFO - Processing /opt/airflow/dags/xcom.py took 0.044 seconds
[2024-06-26T14:14:56.814+0000] {processor.py:161} INFO - Started process (PID=486) to work on /opt/airflow/dags/xcom.py
[2024-06-26T14:14:56.814+0000] {processor.py:830} INFO - Processing file /opt/airflow/dags/xcom.py for tasks to queue
[2024-06-26T14:14:56.816+0000] {logging_mixin.py:188} INFO - [2024-06-26T14:14:56.815+0000] {dagbag.py:545} INFO - Filling up the DagBag from /opt/airflow/dags/xcom.py
[2024-06-26T14:14:56.822+0000] {processor.py:840} INFO - DAG(s) 'xcom_example' retrieved from /opt/airflow/dags/xcom.py
[2024-06-26T14:14:56.837+0000] {logging_mixin.py:188} INFO - [2024-06-26T14:14:56.836+0000] {dag.py:3096} INFO - Sync 1 DAGs
[2024-06-26T14:14:56.843+0000] {logging_mixin.py:188} INFO - [2024-06-26T14:14:56.843+0000] {dag.py:3954} INFO - Setting next_dagrun for xcom_example to None, run_after=None
[2024-06-26T14:14:56.853+0000] {processor.py:183} INFO - Processing /opt/airflow/dags/xcom.py took 0.042 seconds
[2024-06-26T14:15:02.584+0000] {processor.py:161} INFO - Started process (PID=513) to work on /opt/airflow/dags/xcom.py
[2024-06-26T14:15:02.584+0000] {processor.py:830} INFO - Processing file /opt/airflow/dags/xcom.py for tasks to queue
[2024-06-26T14:15:02.585+0000] {logging_mixin.py:188} INFO - [2024-06-26T14:15:02.585+0000] {dagbag.py:545} INFO - Filling up the DagBag from /opt/airflow/dags/xcom.py
[2024-06-26T14:15:02.593+0000] {processor.py:840} INFO - DAG(s) 'xcom_example' retrieved from /opt/airflow/dags/xcom.py
[2024-06-26T14:15:02.605+0000] {logging_mixin.py:188} INFO - [2024-06-26T14:15:02.605+0000] {dag.py:3096} INFO - Sync 1 DAGs
[2024-06-26T14:15:02.612+0000] {logging_mixin.py:188} INFO - [2024-06-26T14:15:02.612+0000] {dag.py:3954} INFO - Setting next_dagrun for xcom_example to None, run_after=None
[2024-06-26T14:15:02.621+0000] {processor.py:183} INFO - Processing /opt/airflow/dags/xcom.py took 0.041 seconds
[2024-06-26T14:15:08.419+0000] {processor.py:161} INFO - Started process (PID=540) to work on /opt/airflow/dags/xcom.py
[2024-06-26T14:15:08.420+0000] {processor.py:830} INFO - Processing file /opt/airflow/dags/xcom.py for tasks to queue
[2024-06-26T14:15:08.421+0000] {logging_mixin.py:188} INFO - [2024-06-26T14:15:08.420+0000] {dagbag.py:545} INFO - Filling up the DagBag from /opt/airflow/dags/xcom.py
[2024-06-26T14:15:08.428+0000] {processor.py:840} INFO - DAG(s) 'xcom_example' retrieved from /opt/airflow/dags/xcom.py
[2024-06-26T14:15:08.440+0000] {logging_mixin.py:188} INFO - [2024-06-26T14:15:08.440+0000] {dag.py:3096} INFO - Sync 1 DAGs
[2024-06-26T14:15:08.449+0000] {logging_mixin.py:188} INFO - [2024-06-26T14:15:08.448+0000] {dag.py:3954} INFO - Setting next_dagrun for xcom_example to None, run_after=None
[2024-06-26T14:15:08.457+0000] {processor.py:183} INFO - Processing /opt/airflow/dags/xcom.py took 0.041 seconds
[2024-06-26T14:15:14.211+0000] {processor.py:161} INFO - Started process (PID=567) to work on /opt/airflow/dags/xcom.py
[2024-06-26T14:15:14.211+0000] {processor.py:830} INFO - Processing file /opt/airflow/dags/xcom.py for tasks to queue
[2024-06-26T14:15:14.213+0000] {logging_mixin.py:188} INFO - [2024-06-26T14:15:14.212+0000] {dagbag.py:545} INFO - Filling up the DagBag from /opt/airflow/dags/xcom.py
[2024-06-26T14:15:14.221+0000] {processor.py:840} INFO - DAG(s) 'xcom_example' retrieved from /opt/airflow/dags/xcom.py
[2024-06-26T14:15:14.233+0000] {logging_mixin.py:188} INFO - [2024-06-26T14:15:14.233+0000] {dag.py:3096} INFO - Sync 1 DAGs
[2024-06-26T14:15:14.240+0000] {logging_mixin.py:188} INFO - [2024-06-26T14:15:14.240+0000] {dag.py:3954} INFO - Setting next_dagrun for xcom_example to None, run_after=None
[2024-06-26T14:15:14.249+0000] {processor.py:183} INFO - Processing /opt/airflow/dags/xcom.py took 0.041 seconds
[2024-06-26T14:15:20.034+0000] {processor.py:161} INFO - Started process (PID=600) to work on /opt/airflow/dags/xcom.py
[2024-06-26T14:15:20.034+0000] {processor.py:830} INFO - Processing file /opt/airflow/dags/xcom.py for tasks to queue
[2024-06-26T14:15:20.035+0000] {logging_mixin.py:188} INFO - [2024-06-26T14:15:20.035+0000] {dagbag.py:545} INFO - Filling up the DagBag from /opt/airflow/dags/xcom.py
[2024-06-26T14:15:20.041+0000] {processor.py:840} INFO - DAG(s) 'xcom_example' retrieved from /opt/airflow/dags/xcom.py
[2024-06-26T14:15:20.053+0000] {logging_mixin.py:188} INFO - [2024-06-26T14:15:20.053+0000] {dag.py:3096} INFO - Sync 1 DAGs
[2024-06-26T14:15:20.059+0000] {logging_mixin.py:188} INFO - [2024-06-26T14:15:20.059+0000] {dag.py:3954} INFO - Setting next_dagrun for xcom_example to None, run_after=None
[2024-06-26T14:15:20.069+0000] {processor.py:183} INFO - Processing /opt/airflow/dags/xcom.py took 0.038 seconds
[2024-06-26T14:15:25.836+0000] {processor.py:161} INFO - Started process (PID=627) to work on /opt/airflow/dags/xcom.py
[2024-06-26T14:15:25.836+0000] {processor.py:830} INFO - Processing file /opt/airflow/dags/xcom.py for tasks to queue
[2024-06-26T14:15:25.837+0000] {logging_mixin.py:188} INFO - [2024-06-26T14:15:25.837+0000] {dagbag.py:545} INFO - Filling up the DagBag from /opt/airflow/dags/xcom.py
[2024-06-26T14:15:25.844+0000] {processor.py:840} INFO - DAG(s) 'xcom_example' retrieved from /opt/airflow/dags/xcom.py
[2024-06-26T14:15:25.856+0000] {logging_mixin.py:188} INFO - [2024-06-26T14:15:25.856+0000] {dag.py:3096} INFO - Sync 1 DAGs
[2024-06-26T14:15:25.863+0000] {logging_mixin.py:188} INFO - [2024-06-26T14:15:25.863+0000] {dag.py:3954} INFO - Setting next_dagrun for xcom_example to None, run_after=None
[2024-06-26T14:15:25.872+0000] {processor.py:183} INFO - Processing /opt/airflow/dags/xcom.py took 0.039 seconds
[2024-06-26T14:15:31.661+0000] {processor.py:161} INFO - Started process (PID=654) to work on /opt/airflow/dags/xcom.py
[2024-06-26T14:15:31.662+0000] {processor.py:830} INFO - Processing file /opt/airflow/dags/xcom.py for tasks to queue
[2024-06-26T14:15:31.662+0000] {logging_mixin.py:188} INFO - [2024-06-26T14:15:31.662+0000] {dagbag.py:545} INFO - Filling up the DagBag from /opt/airflow/dags/xcom.py
[2024-06-26T14:15:31.670+0000] {processor.py:840} INFO - DAG(s) 'xcom_example' retrieved from /opt/airflow/dags/xcom.py
[2024-06-26T14:15:31.682+0000] {logging_mixin.py:188} INFO - [2024-06-26T14:15:31.682+0000] {dag.py:3096} INFO - Sync 1 DAGs
[2024-06-26T14:15:31.689+0000] {logging_mixin.py:188} INFO - [2024-06-26T14:15:31.689+0000] {dag.py:3954} INFO - Setting next_dagrun for xcom_example to None, run_after=None
[2024-06-26T14:15:31.699+0000] {processor.py:183} INFO - Processing /opt/airflow/dags/xcom.py took 0.041 seconds
[2024-06-26T14:15:37.470+0000] {processor.py:161} INFO - Started process (PID=681) to work on /opt/airflow/dags/xcom.py
[2024-06-26T14:15:37.471+0000] {processor.py:830} INFO - Processing file /opt/airflow/dags/xcom.py for tasks to queue
[2024-06-26T14:15:37.472+0000] {logging_mixin.py:188} INFO - [2024-06-26T14:15:37.472+0000] {dagbag.py:545} INFO - Filling up the DagBag from /opt/airflow/dags/xcom.py
[2024-06-26T14:15:37.479+0000] {processor.py:840} INFO - DAG(s) 'xcom_example' retrieved from /opt/airflow/dags/xcom.py
[2024-06-26T14:15:37.492+0000] {logging_mixin.py:188} INFO - [2024-06-26T14:15:37.492+0000] {dag.py:3096} INFO - Sync 1 DAGs
[2024-06-26T14:15:37.499+0000] {logging_mixin.py:188} INFO - [2024-06-26T14:15:37.499+0000] {dag.py:3954} INFO - Setting next_dagrun for xcom_example to None, run_after=None
[2024-06-26T14:15:37.510+0000] {processor.py:183} INFO - Processing /opt/airflow/dags/xcom.py took 0.043 seconds
[2024-06-26T14:15:43.329+0000] {processor.py:161} INFO - Started process (PID=708) to work on /opt/airflow/dags/xcom.py
[2024-06-26T14:15:43.330+0000] {processor.py:830} INFO - Processing file /opt/airflow/dags/xcom.py for tasks to queue
[2024-06-26T14:15:43.330+0000] {logging_mixin.py:188} INFO - [2024-06-26T14:15:43.330+0000] {dagbag.py:545} INFO - Filling up the DagBag from /opt/airflow/dags/xcom.py
[2024-06-26T14:15:43.337+0000] {processor.py:840} INFO - DAG(s) 'xcom_example' retrieved from /opt/airflow/dags/xcom.py
[2024-06-26T14:15:43.349+0000] {logging_mixin.py:188} INFO - [2024-06-26T14:15:43.349+0000] {dag.py:3096} INFO - Sync 1 DAGs
[2024-06-26T14:15:43.355+0000] {logging_mixin.py:188} INFO - [2024-06-26T14:15:43.355+0000] {dag.py:3954} INFO - Setting next_dagrun for xcom_example to None, run_after=None
[2024-06-26T14:15:43.365+0000] {processor.py:183} INFO - Processing /opt/airflow/dags/xcom.py took 0.039 seconds
[2024-06-26T14:15:49.122+0000] {processor.py:161} INFO - Started process (PID=741) to work on /opt/airflow/dags/xcom.py
[2024-06-26T14:15:49.123+0000] {processor.py:830} INFO - Processing file /opt/airflow/dags/xcom.py for tasks to queue
[2024-06-26T14:15:49.123+0000] {logging_mixin.py:188} INFO - [2024-06-26T14:15:49.123+0000] {dagbag.py:545} INFO - Filling up the DagBag from /opt/airflow/dags/xcom.py
[2024-06-26T14:15:49.130+0000] {processor.py:840} INFO - DAG(s) 'xcom_example' retrieved from /opt/airflow/dags/xcom.py
[2024-06-26T14:15:49.142+0000] {logging_mixin.py:188} INFO - [2024-06-26T14:15:49.142+0000] {dag.py:3096} INFO - Sync 1 DAGs
[2024-06-26T14:15:49.148+0000] {logging_mixin.py:188} INFO - [2024-06-26T14:15:49.148+0000] {dag.py:3954} INFO - Setting next_dagrun for xcom_example to None, run_after=None
[2024-06-26T14:15:49.158+0000] {processor.py:183} INFO - Processing /opt/airflow/dags/xcom.py took 0.039 seconds
[2024-06-26T14:15:54.932+0000] {processor.py:161} INFO - Started process (PID=768) to work on /opt/airflow/dags/xcom.py
[2024-06-26T14:15:54.933+0000] {processor.py:830} INFO - Processing file /opt/airflow/dags/xcom.py for tasks to queue
[2024-06-26T14:15:54.934+0000] {logging_mixin.py:188} INFO - [2024-06-26T14:15:54.934+0000] {dagbag.py:545} INFO - Filling up the DagBag from /opt/airflow/dags/xcom.py
[2024-06-26T14:15:54.941+0000] {processor.py:840} INFO - DAG(s) 'xcom_example' retrieved from /opt/airflow/dags/xcom.py
[2024-06-26T14:15:54.953+0000] {logging_mixin.py:188} INFO - [2024-06-26T14:15:54.953+0000] {dag.py:3096} INFO - Sync 1 DAGs
[2024-06-26T14:15:54.962+0000] {logging_mixin.py:188} INFO - [2024-06-26T14:15:54.962+0000] {dag.py:3954} INFO - Setting next_dagrun for xcom_example to None, run_after=None
[2024-06-26T14:15:54.974+0000] {processor.py:183} INFO - Processing /opt/airflow/dags/xcom.py took 0.045 seconds
[2024-06-26T14:16:00.818+0000] {processor.py:161} INFO - Started process (PID=795) to work on /opt/airflow/dags/xcom.py
[2024-06-26T14:16:00.818+0000] {processor.py:830} INFO - Processing file /opt/airflow/dags/xcom.py for tasks to queue
[2024-06-26T14:16:00.819+0000] {logging_mixin.py:188} INFO - [2024-06-26T14:16:00.819+0000] {dagbag.py:545} INFO - Filling up the DagBag from /opt/airflow/dags/xcom.py
[2024-06-26T14:16:00.826+0000] {processor.py:840} INFO - DAG(s) 'xcom_example' retrieved from /opt/airflow/dags/xcom.py
[2024-06-26T14:16:00.837+0000] {logging_mixin.py:188} INFO - [2024-06-26T14:16:00.837+0000] {dag.py:3096} INFO - Sync 1 DAGs
[2024-06-26T14:16:00.844+0000] {logging_mixin.py:188} INFO - [2024-06-26T14:16:00.844+0000] {dag.py:3954} INFO - Setting next_dagrun for xcom_example to None, run_after=None
[2024-06-26T14:16:00.853+0000] {processor.py:183} INFO - Processing /opt/airflow/dags/xcom.py took 0.038 seconds
[2024-06-26T14:16:06.602+0000] {processor.py:161} INFO - Started process (PID=822) to work on /opt/airflow/dags/xcom.py
[2024-06-26T14:16:06.602+0000] {processor.py:830} INFO - Processing file /opt/airflow/dags/xcom.py for tasks to queue
[2024-06-26T14:16:06.603+0000] {logging_mixin.py:188} INFO - [2024-06-26T14:16:06.603+0000] {dagbag.py:545} INFO - Filling up the DagBag from /opt/airflow/dags/xcom.py
[2024-06-26T14:16:06.609+0000] {processor.py:840} INFO - DAG(s) 'xcom_example' retrieved from /opt/airflow/dags/xcom.py
[2024-06-26T14:16:06.622+0000] {logging_mixin.py:188} INFO - [2024-06-26T14:16:06.622+0000] {dag.py:3096} INFO - Sync 1 DAGs
[2024-06-26T14:16:06.628+0000] {logging_mixin.py:188} INFO - [2024-06-26T14:16:06.628+0000] {dag.py:3954} INFO - Setting next_dagrun for xcom_example to None, run_after=None
[2024-06-26T14:16:06.638+0000] {processor.py:183} INFO - Processing /opt/airflow/dags/xcom.py took 0.039 seconds
[2024-06-26T14:16:12.355+0000] {processor.py:161} INFO - Started process (PID=849) to work on /opt/airflow/dags/xcom.py
[2024-06-26T14:16:12.356+0000] {processor.py:830} INFO - Processing file /opt/airflow/dags/xcom.py for tasks to queue
[2024-06-26T14:16:12.357+0000] {logging_mixin.py:188} INFO - [2024-06-26T14:16:12.357+0000] {dagbag.py:545} INFO - Filling up the DagBag from /opt/airflow/dags/xcom.py
[2024-06-26T14:16:12.363+0000] {processor.py:840} INFO - DAG(s) 'xcom_example' retrieved from /opt/airflow/dags/xcom.py
[2024-06-26T14:16:12.376+0000] {logging_mixin.py:188} INFO - [2024-06-26T14:16:12.376+0000] {dag.py:3096} INFO - Sync 1 DAGs
[2024-06-26T14:16:12.382+0000] {logging_mixin.py:188} INFO - [2024-06-26T14:16:12.382+0000] {dag.py:3954} INFO - Setting next_dagrun for xcom_example to None, run_after=None
[2024-06-26T14:16:12.392+0000] {processor.py:183} INFO - Processing /opt/airflow/dags/xcom.py took 0.040 seconds
[2024-06-26T14:16:18.242+0000] {processor.py:161} INFO - Started process (PID=882) to work on /opt/airflow/dags/xcom.py
[2024-06-26T14:16:18.243+0000] {processor.py:830} INFO - Processing file /opt/airflow/dags/xcom.py for tasks to queue
[2024-06-26T14:16:18.244+0000] {logging_mixin.py:188} INFO - [2024-06-26T14:16:18.244+0000] {dagbag.py:545} INFO - Filling up the DagBag from /opt/airflow/dags/xcom.py
[2024-06-26T14:16:18.251+0000] {processor.py:840} INFO - DAG(s) 'xcom_example' retrieved from /opt/airflow/dags/xcom.py
[2024-06-26T14:16:18.266+0000] {logging_mixin.py:188} INFO - [2024-06-26T14:16:18.266+0000] {dag.py:3096} INFO - Sync 1 DAGs
[2024-06-26T14:16:18.273+0000] {logging_mixin.py:188} INFO - [2024-06-26T14:16:18.273+0000] {dag.py:3954} INFO - Setting next_dagrun for xcom_example to None, run_after=None
[2024-06-26T14:16:18.283+0000] {processor.py:183} INFO - Processing /opt/airflow/dags/xcom.py took 0.045 seconds
[2024-06-26T14:16:23.978+0000] {processor.py:161} INFO - Started process (PID=909) to work on /opt/airflow/dags/xcom.py
[2024-06-26T14:16:23.979+0000] {processor.py:830} INFO - Processing file /opt/airflow/dags/xcom.py for tasks to queue
[2024-06-26T14:16:23.980+0000] {logging_mixin.py:188} INFO - [2024-06-26T14:16:23.980+0000] {dagbag.py:545} INFO - Filling up the DagBag from /opt/airflow/dags/xcom.py
[2024-06-26T14:16:23.986+0000] {processor.py:840} INFO - DAG(s) 'xcom_example' retrieved from /opt/airflow/dags/xcom.py
[2024-06-26T14:16:24.000+0000] {logging_mixin.py:188} INFO - [2024-06-26T14:16:23.999+0000] {dag.py:3096} INFO - Sync 1 DAGs
[2024-06-26T14:16:24.006+0000] {logging_mixin.py:188} INFO - [2024-06-26T14:16:24.006+0000] {dag.py:3954} INFO - Setting next_dagrun for xcom_example to None, run_after=None
[2024-06-26T14:16:24.016+0000] {processor.py:183} INFO - Processing /opt/airflow/dags/xcom.py took 0.041 seconds
[2024-06-26T14:16:29.810+0000] {processor.py:161} INFO - Started process (PID=936) to work on /opt/airflow/dags/xcom.py
[2024-06-26T14:16:29.810+0000] {processor.py:830} INFO - Processing file /opt/airflow/dags/xcom.py for tasks to queue
[2024-06-26T14:16:29.811+0000] {logging_mixin.py:188} INFO - [2024-06-26T14:16:29.811+0000] {dagbag.py:545} INFO - Filling up the DagBag from /opt/airflow/dags/xcom.py
[2024-06-26T14:16:29.817+0000] {processor.py:840} INFO - DAG(s) 'xcom_example' retrieved from /opt/airflow/dags/xcom.py
[2024-06-26T14:16:29.829+0000] {logging_mixin.py:188} INFO - [2024-06-26T14:16:29.829+0000] {dag.py:3096} INFO - Sync 1 DAGs
[2024-06-26T14:16:29.835+0000] {logging_mixin.py:188} INFO - [2024-06-26T14:16:29.835+0000] {dag.py:3954} INFO - Setting next_dagrun for xcom_example to None, run_after=None
[2024-06-26T14:16:29.845+0000] {processor.py:183} INFO - Processing /opt/airflow/dags/xcom.py took 0.038 seconds
[2024-06-26T14:16:35.623+0000] {processor.py:161} INFO - Started process (PID=963) to work on /opt/airflow/dags/xcom.py
[2024-06-26T14:16:35.623+0000] {processor.py:830} INFO - Processing file /opt/airflow/dags/xcom.py for tasks to queue
[2024-06-26T14:16:35.625+0000] {logging_mixin.py:188} INFO - [2024-06-26T14:16:35.624+0000] {dagbag.py:545} INFO - Filling up the DagBag from /opt/airflow/dags/xcom.py
[2024-06-26T14:16:35.631+0000] {processor.py:840} INFO - DAG(s) 'xcom_example' retrieved from /opt/airflow/dags/xcom.py
[2024-06-26T14:16:35.643+0000] {logging_mixin.py:188} INFO - [2024-06-26T14:16:35.643+0000] {dag.py:3096} INFO - Sync 1 DAGs
[2024-06-26T14:16:35.650+0000] {logging_mixin.py:188} INFO - [2024-06-26T14:16:35.650+0000] {dag.py:3954} INFO - Setting next_dagrun for xcom_example to None, run_after=None
[2024-06-26T14:16:35.660+0000] {processor.py:183} INFO - Processing /opt/airflow/dags/xcom.py took 0.040 seconds
[2024-06-26T14:16:41.363+0000] {processor.py:161} INFO - Started process (PID=990) to work on /opt/airflow/dags/xcom.py
[2024-06-26T14:16:41.363+0000] {processor.py:830} INFO - Processing file /opt/airflow/dags/xcom.py for tasks to queue
[2024-06-26T14:16:41.365+0000] {logging_mixin.py:188} INFO - [2024-06-26T14:16:41.364+0000] {dagbag.py:545} INFO - Filling up the DagBag from /opt/airflow/dags/xcom.py
[2024-06-26T14:16:41.371+0000] {processor.py:840} INFO - DAG(s) 'xcom_example' retrieved from /opt/airflow/dags/xcom.py
[2024-06-26T14:16:41.383+0000] {logging_mixin.py:188} INFO - [2024-06-26T14:16:41.383+0000] {dag.py:3096} INFO - Sync 1 DAGs
[2024-06-26T14:16:41.389+0000] {logging_mixin.py:188} INFO - [2024-06-26T14:16:41.389+0000] {dag.py:3954} INFO - Setting next_dagrun for xcom_example to None, run_after=None
[2024-06-26T14:16:41.399+0000] {processor.py:183} INFO - Processing /opt/airflow/dags/xcom.py took 0.039 seconds
[2024-06-26T14:16:47.233+0000] {processor.py:161} INFO - Started process (PID=1017) to work on /opt/airflow/dags/xcom.py
[2024-06-26T14:16:47.234+0000] {processor.py:830} INFO - Processing file /opt/airflow/dags/xcom.py for tasks to queue
[2024-06-26T14:16:47.236+0000] {logging_mixin.py:188} INFO - [2024-06-26T14:16:47.236+0000] {dagbag.py:545} INFO - Filling up the DagBag from /opt/airflow/dags/xcom.py
[2024-06-26T14:16:47.243+0000] {processor.py:840} INFO - DAG(s) 'xcom_example' retrieved from /opt/airflow/dags/xcom.py
[2024-06-26T14:16:47.255+0000] {logging_mixin.py:188} INFO - [2024-06-26T14:16:47.255+0000] {dag.py:3096} INFO - Sync 1 DAGs
[2024-06-26T14:16:47.262+0000] {logging_mixin.py:188} INFO - [2024-06-26T14:16:47.261+0000] {dag.py:3954} INFO - Setting next_dagrun for xcom_example to None, run_after=None
[2024-06-26T14:16:47.271+0000] {processor.py:183} INFO - Processing /opt/airflow/dags/xcom.py took 0.040 seconds
[2024-06-26T14:16:53.011+0000] {processor.py:161} INFO - Started process (PID=1050) to work on /opt/airflow/dags/xcom.py
[2024-06-26T14:16:53.012+0000] {processor.py:830} INFO - Processing file /opt/airflow/dags/xcom.py for tasks to queue
[2024-06-26T14:16:53.013+0000] {logging_mixin.py:188} INFO - [2024-06-26T14:16:53.013+0000] {dagbag.py:545} INFO - Filling up the DagBag from /opt/airflow/dags/xcom.py
[2024-06-26T14:16:53.019+0000] {processor.py:840} INFO - DAG(s) 'xcom_example' retrieved from /opt/airflow/dags/xcom.py
[2024-06-26T14:16:53.030+0000] {logging_mixin.py:188} INFO - [2024-06-26T14:16:53.030+0000] {dag.py:3096} INFO - Sync 1 DAGs
[2024-06-26T14:16:53.037+0000] {logging_mixin.py:188} INFO - [2024-06-26T14:16:53.036+0000] {dag.py:3954} INFO - Setting next_dagrun for xcom_example to None, run_after=None
[2024-06-26T14:16:53.046+0000] {processor.py:183} INFO - Processing /opt/airflow/dags/xcom.py took 0.037 seconds
[2024-06-26T14:16:58.848+0000] {processor.py:161} INFO - Started process (PID=1077) to work on /opt/airflow/dags/xcom.py
[2024-06-26T14:16:58.848+0000] {processor.py:830} INFO - Processing file /opt/airflow/dags/xcom.py for tasks to queue
[2024-06-26T14:16:58.849+0000] {logging_mixin.py:188} INFO - [2024-06-26T14:16:58.849+0000] {dagbag.py:545} INFO - Filling up the DagBag from /opt/airflow/dags/xcom.py
[2024-06-26T14:16:58.855+0000] {processor.py:840} INFO - DAG(s) 'xcom_example' retrieved from /opt/airflow/dags/xcom.py
[2024-06-26T14:16:58.868+0000] {logging_mixin.py:188} INFO - [2024-06-26T14:16:58.868+0000] {dag.py:3096} INFO - Sync 1 DAGs
[2024-06-26T14:16:58.875+0000] {logging_mixin.py:188} INFO - [2024-06-26T14:16:58.875+0000] {dag.py:3954} INFO - Setting next_dagrun for xcom_example to None, run_after=None
[2024-06-26T14:16:58.886+0000] {processor.py:183} INFO - Processing /opt/airflow/dags/xcom.py took 0.042 seconds
[2024-06-26T14:17:04.638+0000] {processor.py:161} INFO - Started process (PID=1104) to work on /opt/airflow/dags/xcom.py
[2024-06-26T14:17:04.639+0000] {processor.py:830} INFO - Processing file /opt/airflow/dags/xcom.py for tasks to queue
[2024-06-26T14:17:04.640+0000] {logging_mixin.py:188} INFO - [2024-06-26T14:17:04.640+0000] {dagbag.py:545} INFO - Filling up the DagBag from /opt/airflow/dags/xcom.py
[2024-06-26T14:17:04.646+0000] {processor.py:840} INFO - DAG(s) 'xcom_example' retrieved from /opt/airflow/dags/xcom.py
[2024-06-26T14:17:04.658+0000] {logging_mixin.py:188} INFO - [2024-06-26T14:17:04.657+0000] {dag.py:3096} INFO - Sync 1 DAGs
[2024-06-26T14:17:04.664+0000] {logging_mixin.py:188} INFO - [2024-06-26T14:17:04.664+0000] {dag.py:3954} INFO - Setting next_dagrun for xcom_example to None, run_after=None
[2024-06-26T14:17:04.674+0000] {processor.py:183} INFO - Processing /opt/airflow/dags/xcom.py took 0.038 seconds
[2024-06-26T14:17:10.399+0000] {processor.py:161} INFO - Started process (PID=1131) to work on /opt/airflow/dags/xcom.py
[2024-06-26T14:17:10.399+0000] {processor.py:830} INFO - Processing file /opt/airflow/dags/xcom.py for tasks to queue
[2024-06-26T14:17:10.400+0000] {logging_mixin.py:188} INFO - [2024-06-26T14:17:10.400+0000] {dagbag.py:545} INFO - Filling up the DagBag from /opt/airflow/dags/xcom.py
[2024-06-26T14:17:10.407+0000] {processor.py:840} INFO - DAG(s) 'xcom_example' retrieved from /opt/airflow/dags/xcom.py
[2024-06-26T14:17:10.419+0000] {logging_mixin.py:188} INFO - [2024-06-26T14:17:10.419+0000] {dag.py:3096} INFO - Sync 1 DAGs
[2024-06-26T14:17:10.426+0000] {logging_mixin.py:188} INFO - [2024-06-26T14:17:10.426+0000] {dag.py:3954} INFO - Setting next_dagrun for xcom_example to None, run_after=None
[2024-06-26T14:17:10.435+0000] {processor.py:183} INFO - Processing /opt/airflow/dags/xcom.py took 0.040 seconds
[2024-06-26T14:17:16.199+0000] {processor.py:161} INFO - Started process (PID=1158) to work on /opt/airflow/dags/xcom.py
[2024-06-26T14:17:16.200+0000] {processor.py:830} INFO - Processing file /opt/airflow/dags/xcom.py for tasks to queue
[2024-06-26T14:17:16.201+0000] {logging_mixin.py:188} INFO - [2024-06-26T14:17:16.200+0000] {dagbag.py:545} INFO - Filling up the DagBag from /opt/airflow/dags/xcom.py
[2024-06-26T14:17:16.206+0000] {processor.py:840} INFO - DAG(s) 'xcom_example' retrieved from /opt/airflow/dags/xcom.py
[2024-06-26T14:17:16.218+0000] {logging_mixin.py:188} INFO - [2024-06-26T14:17:16.218+0000] {dag.py:3096} INFO - Sync 1 DAGs
[2024-06-26T14:17:16.224+0000] {logging_mixin.py:188} INFO - [2024-06-26T14:17:16.224+0000] {dag.py:3954} INFO - Setting next_dagrun for xcom_example to None, run_after=None
[2024-06-26T14:17:16.233+0000] {processor.py:183} INFO - Processing /opt/airflow/dags/xcom.py took 0.037 seconds
[2024-06-26T14:17:21.974+0000] {processor.py:161} INFO - Started process (PID=1191) to work on /opt/airflow/dags/xcom.py
[2024-06-26T14:17:21.974+0000] {processor.py:830} INFO - Processing file /opt/airflow/dags/xcom.py for tasks to queue
[2024-06-26T14:17:21.975+0000] {logging_mixin.py:188} INFO - [2024-06-26T14:17:21.975+0000] {dagbag.py:545} INFO - Filling up the DagBag from /opt/airflow/dags/xcom.py
[2024-06-26T14:17:21.981+0000] {processor.py:840} INFO - DAG(s) 'xcom_example' retrieved from /opt/airflow/dags/xcom.py
[2024-06-26T14:17:21.993+0000] {logging_mixin.py:188} INFO - [2024-06-26T14:17:21.993+0000] {dag.py:3096} INFO - Sync 1 DAGs
[2024-06-26T14:17:21.999+0000] {logging_mixin.py:188} INFO - [2024-06-26T14:17:21.999+0000] {dag.py:3954} INFO - Setting next_dagrun for xcom_example to None, run_after=None
[2024-06-26T14:17:22.009+0000] {processor.py:183} INFO - Processing /opt/airflow/dags/xcom.py took 0.038 seconds
[2024-06-26T14:17:27.706+0000] {processor.py:161} INFO - Started process (PID=1218) to work on /opt/airflow/dags/xcom.py
[2024-06-26T14:17:27.707+0000] {processor.py:830} INFO - Processing file /opt/airflow/dags/xcom.py for tasks to queue
[2024-06-26T14:17:27.708+0000] {logging_mixin.py:188} INFO - [2024-06-26T14:17:27.707+0000] {dagbag.py:545} INFO - Filling up the DagBag from /opt/airflow/dags/xcom.py
[2024-06-26T14:17:27.714+0000] {processor.py:840} INFO - DAG(s) 'xcom_example' retrieved from /opt/airflow/dags/xcom.py
[2024-06-26T14:17:27.725+0000] {logging_mixin.py:188} INFO - [2024-06-26T14:17:27.725+0000] {dag.py:3096} INFO - Sync 1 DAGs
[2024-06-26T14:17:27.731+0000] {logging_mixin.py:188} INFO - [2024-06-26T14:17:27.731+0000] {dag.py:3954} INFO - Setting next_dagrun for xcom_example to None, run_after=None
[2024-06-26T14:17:27.740+0000] {processor.py:183} INFO - Processing /opt/airflow/dags/xcom.py took 0.036 seconds
[2024-06-26T14:17:33.431+0000] {processor.py:161} INFO - Started process (PID=1245) to work on /opt/airflow/dags/xcom.py
[2024-06-26T14:17:33.432+0000] {processor.py:830} INFO - Processing file /opt/airflow/dags/xcom.py for tasks to queue
[2024-06-26T14:17:33.433+0000] {logging_mixin.py:188} INFO - [2024-06-26T14:17:33.433+0000] {dagbag.py:545} INFO - Filling up the DagBag from /opt/airflow/dags/xcom.py
[2024-06-26T14:17:33.439+0000] {processor.py:840} INFO - DAG(s) 'xcom_example' retrieved from /opt/airflow/dags/xcom.py
[2024-06-26T14:17:33.450+0000] {logging_mixin.py:188} INFO - [2024-06-26T14:17:33.450+0000] {dag.py:3096} INFO - Sync 1 DAGs
[2024-06-26T14:17:33.456+0000] {logging_mixin.py:188} INFO - [2024-06-26T14:17:33.456+0000] {dag.py:3954} INFO - Setting next_dagrun for xcom_example to None, run_after=None
[2024-06-26T14:17:33.465+0000] {processor.py:183} INFO - Processing /opt/airflow/dags/xcom.py took 0.037 seconds
[2024-06-26T14:17:39.220+0000] {processor.py:161} INFO - Started process (PID=1272) to work on /opt/airflow/dags/xcom.py
[2024-06-26T14:17:39.220+0000] {processor.py:830} INFO - Processing file /opt/airflow/dags/xcom.py for tasks to queue
[2024-06-26T14:17:39.221+0000] {logging_mixin.py:188} INFO - [2024-06-26T14:17:39.221+0000] {dagbag.py:545} INFO - Filling up the DagBag from /opt/airflow/dags/xcom.py
[2024-06-26T14:17:39.228+0000] {processor.py:840} INFO - DAG(s) 'xcom_example' retrieved from /opt/airflow/dags/xcom.py
[2024-06-26T14:17:39.240+0000] {logging_mixin.py:188} INFO - [2024-06-26T14:17:39.239+0000] {dag.py:3096} INFO - Sync 1 DAGs
[2024-06-26T14:17:39.246+0000] {logging_mixin.py:188} INFO - [2024-06-26T14:17:39.246+0000] {dag.py:3954} INFO - Setting next_dagrun for xcom_example to None, run_after=None
[2024-06-26T14:17:39.256+0000] {processor.py:183} INFO - Processing /opt/airflow/dags/xcom.py took 0.039 seconds
[2024-06-26T14:17:44.937+0000] {processor.py:161} INFO - Started process (PID=1299) to work on /opt/airflow/dags/xcom.py
[2024-06-26T14:17:44.937+0000] {processor.py:830} INFO - Processing file /opt/airflow/dags/xcom.py for tasks to queue
[2024-06-26T14:17:44.938+0000] {logging_mixin.py:188} INFO - [2024-06-26T14:17:44.938+0000] {dagbag.py:545} INFO - Filling up the DagBag from /opt/airflow/dags/xcom.py
[2024-06-26T14:17:44.944+0000] {processor.py:840} INFO - DAG(s) 'xcom_example' retrieved from /opt/airflow/dags/xcom.py
[2024-06-26T14:17:44.956+0000] {logging_mixin.py:188} INFO - [2024-06-26T14:17:44.955+0000] {dag.py:3096} INFO - Sync 1 DAGs
[2024-06-26T14:17:44.962+0000] {logging_mixin.py:188} INFO - [2024-06-26T14:17:44.962+0000] {dag.py:3954} INFO - Setting next_dagrun for xcom_example to None, run_after=None
[2024-06-26T14:17:44.971+0000] {processor.py:183} INFO - Processing /opt/airflow/dags/xcom.py took 0.037 seconds
[2024-06-26T14:17:50.764+0000] {processor.py:161} INFO - Started process (PID=1332) to work on /opt/airflow/dags/xcom.py
[2024-06-26T14:17:50.765+0000] {processor.py:830} INFO - Processing file /opt/airflow/dags/xcom.py for tasks to queue
[2024-06-26T14:17:50.767+0000] {logging_mixin.py:188} INFO - [2024-06-26T14:17:50.766+0000] {dagbag.py:545} INFO - Filling up the DagBag from /opt/airflow/dags/xcom.py
[2024-06-26T14:17:50.773+0000] {processor.py:840} INFO - DAG(s) 'xcom_example' retrieved from /opt/airflow/dags/xcom.py
[2024-06-26T14:17:50.784+0000] {logging_mixin.py:188} INFO - [2024-06-26T14:17:50.784+0000] {dag.py:3096} INFO - Sync 1 DAGs
[2024-06-26T14:17:50.790+0000] {logging_mixin.py:188} INFO - [2024-06-26T14:17:50.790+0000] {dag.py:3954} INFO - Setting next_dagrun for xcom_example to None, run_after=None
[2024-06-26T14:17:50.800+0000] {processor.py:183} INFO - Processing /opt/airflow/dags/xcom.py took 0.038 seconds
[2024-06-26T14:17:56.497+0000] {processor.py:161} INFO - Started process (PID=1359) to work on /opt/airflow/dags/xcom.py
[2024-06-26T14:17:56.498+0000] {processor.py:830} INFO - Processing file /opt/airflow/dags/xcom.py for tasks to queue
[2024-06-26T14:17:56.499+0000] {logging_mixin.py:188} INFO - [2024-06-26T14:17:56.499+0000] {dagbag.py:545} INFO - Filling up the DagBag from /opt/airflow/dags/xcom.py
[2024-06-26T14:17:56.505+0000] {processor.py:840} INFO - DAG(s) 'xcom_example' retrieved from /opt/airflow/dags/xcom.py
[2024-06-26T14:17:56.516+0000] {logging_mixin.py:188} INFO - [2024-06-26T14:17:56.516+0000] {dag.py:3096} INFO - Sync 1 DAGs
[2024-06-26T14:17:56.523+0000] {logging_mixin.py:188} INFO - [2024-06-26T14:17:56.523+0000] {dag.py:3954} INFO - Setting next_dagrun for xcom_example to None, run_after=None
[2024-06-26T14:17:56.532+0000] {processor.py:183} INFO - Processing /opt/airflow/dags/xcom.py took 0.037 seconds
[2024-06-26T14:18:02.227+0000] {processor.py:161} INFO - Started process (PID=1386) to work on /opt/airflow/dags/xcom.py
[2024-06-26T14:18:02.228+0000] {processor.py:830} INFO - Processing file /opt/airflow/dags/xcom.py for tasks to queue
[2024-06-26T14:18:02.229+0000] {logging_mixin.py:188} INFO - [2024-06-26T14:18:02.229+0000] {dagbag.py:545} INFO - Filling up the DagBag from /opt/airflow/dags/xcom.py
[2024-06-26T14:18:02.236+0000] {processor.py:840} INFO - DAG(s) 'xcom_example' retrieved from /opt/airflow/dags/xcom.py
[2024-06-26T14:18:02.248+0000] {logging_mixin.py:188} INFO - [2024-06-26T14:18:02.248+0000] {dag.py:3096} INFO - Sync 1 DAGs
[2024-06-26T14:18:02.255+0000] {logging_mixin.py:188} INFO - [2024-06-26T14:18:02.254+0000] {dag.py:3954} INFO - Setting next_dagrun for xcom_example to None, run_after=None
[2024-06-26T14:18:02.264+0000] {processor.py:183} INFO - Processing /opt/airflow/dags/xcom.py took 0.040 seconds
