[2024-06-26T14:30:00.976+0000] {local_task_job_runner.py:120} INFO - ::group::Pre task execution logs
[2024-06-26T14:30:00.988+0000] {taskinstance.py:2076} INFO - Dependencies all met for dep_context=non-requeueable deps ti=<TaskInstance: windturbine.file_sensor_task scheduled__2024-06-26T14:27:00+00:00 [queued]>
[2024-06-26T14:30:00.993+0000] {taskinstance.py:2076} INFO - Dependencies all met for dep_context=requeueable deps ti=<TaskInstance: windturbine.file_sensor_task scheduled__2024-06-26T14:27:00+00:00 [queued]>
[2024-06-26T14:30:00.993+0000] {taskinstance.py:2306} INFO - Starting attempt 1 of 2
[2024-06-26T14:30:01.000+0000] {taskinstance.py:2330} INFO - Executing <Task(FileSensor): file_sensor_task> on 2024-06-26 14:27:00+00:00
[2024-06-26T14:30:01.004+0000] {warnings.py:112} WARNING - /home/***/.local/lib/python3.12/site-packages/***/task/task_runner/standard_task_runner.py:61: DeprecationWarning: This process (pid=70) is multi-threaded, use of fork() may lead to deadlocks in the child.
  pid = os.fork()

[2024-06-26T14:30:01.005+0000] {standard_task_runner.py:63} INFO - Started process 72 to run task
[2024-06-26T14:30:01.005+0000] {standard_task_runner.py:90} INFO - Running: ['***', 'tasks', 'run', 'windturbine', 'file_sensor_task', 'scheduled__2024-06-26T14:27:00+00:00', '--job-id', '570', '--raw', '--subdir', 'DAGS_FOLDER/windturbine.py', '--cfg-path', '/tmp/tmp57klduop']
[2024-06-26T14:30:01.006+0000] {standard_task_runner.py:91} INFO - Job 570: Subtask file_sensor_task
[2024-06-26T14:30:01.030+0000] {task_command.py:426} INFO - Running <TaskInstance: windturbine.file_sensor_task scheduled__2024-06-26T14:27:00+00:00 [running]> on host 98350b7a6ca8
[2024-06-26T14:30:01.078+0000] {taskinstance.py:2648} INFO - Exporting env vars: AIRFLOW_CTX_DAG_EMAIL='liviataina.ltab@gmail.com' AIRFLOW_CTX_DAG_OWNER='***' AIRFLOW_CTX_DAG_ID='windturbine' AIRFLOW_CTX_TASK_ID='file_sensor_task' AIRFLOW_CTX_EXECUTION_DATE='2024-06-26T14:27:00+00:00' AIRFLOW_CTX_TRY_NUMBER='1' AIRFLOW_CTX_DAG_RUN_ID='scheduled__2024-06-26T14:27:00+00:00'
[2024-06-26T14:30:01.079+0000] {taskinstance.py:430} INFO - ::endgroup::
[2024-06-26T14:30:01.086+0000] {baseoperator.py:400} WARNING - FileSensor.execute cannot be called outside TaskInstance!
[2024-06-26T14:30:01.091+0000] {base.py:84} INFO - Using connection ID 'fs_default' for task execution.
[2024-06-26T14:30:01.091+0000] {filesystem.py:85} INFO - Poking for file /opt/***/data/data.json
[2024-06-26T14:30:11.091+0000] {filesystem.py:85} INFO - Poking for file /opt/***/data/data.json
[2024-06-26T14:30:21.092+0000] {filesystem.py:85} INFO - Poking for file /opt/***/data/data.json
[2024-06-26T14:30:31.093+0000] {filesystem.py:85} INFO - Poking for file /opt/***/data/data.json
[2024-06-26T14:30:41.093+0000] {filesystem.py:85} INFO - Poking for file /opt/***/data/data.json
[2024-06-26T14:30:51.094+0000] {filesystem.py:85} INFO - Poking for file /opt/***/data/data.json
[2024-06-26T14:30:51.095+0000] {filesystem.py:89} INFO - Found File /opt/***/data/data.json last modified: 20240626143043
[2024-06-26T14:30:51.095+0000] {base.py:294} INFO - Success criteria met. Exiting.
[2024-06-26T14:30:51.096+0000] {filesystem.py:85} INFO - Poking for file /opt/***/data/data.json
[2024-06-26T14:30:51.096+0000] {filesystem.py:89} INFO - Found File /opt/***/data/data.json last modified: 20240626143043
[2024-06-26T14:30:51.096+0000] {taskinstance.py:441} INFO - ::group::Post task execution logs
[2024-06-26T14:30:51.113+0000] {taskinstance.py:1206} INFO - Marking task as SUCCESS. dag_id=windturbine, task_id=file_sensor_task, run_id=scheduled__2024-06-26T14:27:00+00:00, execution_date=20240626T142700, start_date=20240626T143000, end_date=20240626T143051
[2024-06-26T14:30:51.175+0000] {local_task_job_runner.py:240} INFO - Task exited with return code 0
[2024-06-26T14:30:51.189+0000] {warnings.py:112} WARNING - /home/***/.local/lib/python3.12/site-packages/***/models/baseoperator.py:1297: AirflowProviderDeprecationWarning: Call to deprecated class PostgresOperator. (Please use `***.providers.common.sql.operators.sql.SQLExecuteQueryOperator`.Also, you can provide `hook_params={'schema': <database>}`.)
  result = cls.__new__(cls)

[2024-06-26T14:30:51.212+0000] {taskinstance.py:3503} INFO - 1 downstream tasks scheduled from follow-on schedule check
[2024-06-26T14:30:51.214+0000] {local_task_job_runner.py:222} INFO - ::endgroup::
